[2025-05-09T13:28:10.612+0000] {local_task_job_runner.py:123} INFO - ::group::Pre task execution logs
[2025-05-09T13:28:10.663+0000] {taskinstance.py:2614} INFO - Dependencies all met for dep_context=non-requeueable deps ti=<TaskInstance: google_maps_reviews.generate_dbt_docs scheduled__2025-05-08T00:00:00+00:00 [queued]>
[2025-05-09T13:28:10.689+0000] {taskinstance.py:2614} INFO - Dependencies all met for dep_context=requeueable deps ti=<TaskInstance: google_maps_reviews.generate_dbt_docs scheduled__2025-05-08T00:00:00+00:00 [queued]>
[2025-05-09T13:28:10.707+0000] {taskinstance.py:2867} INFO - Starting attempt 1 of 2
[2025-05-09T13:28:10.741+0000] {taskinstance.py:2890} INFO - Executing <Task(BashOperator): generate_dbt_docs> on 2025-05-08 00:00:00+00:00
[2025-05-09T13:28:10.763+0000] {warnings.py:112} WARNING - /home/***/.local/lib/python3.12/site-packages/***/task/task_runner/standard_task_runner.py:70: DeprecationWarning: This process (pid=574) is multi-threaded, use of fork() may lead to deadlocks in the child.
  pid = os.fork()

[2025-05-09T13:28:10.766+0000] {standard_task_runner.py:104} INFO - Running: ['***', 'tasks', 'run', 'google_maps_reviews', 'generate_dbt_docs', 'scheduled__2025-05-08T00:00:00+00:00', '--job-id', '985', '--raw', '--subdir', 'DAGS_FOLDER/***dag.py', '--cfg-path', '/tmp/tmpi8lujq6p']
[2025-05-09T13:28:10.767+0000] {standard_task_runner.py:72} INFO - Started process 589 to run task
[2025-05-09T13:28:10.768+0000] {standard_task_runner.py:105} INFO - Job 985: Subtask generate_dbt_docs
[2025-05-09T13:28:10.857+0000] {task_command.py:467} INFO - Running <TaskInstance: google_maps_reviews.generate_dbt_docs scheduled__2025-05-08T00:00:00+00:00 [running]> on host ff2d23694728
[2025-05-09T13:28:11.049+0000] {taskinstance.py:3134} INFO - Exporting env vars: AIRFLOW_CTX_DAG_EMAIL='elkhalfimaryame@gmail.com' AIRFLOW_CTX_DAG_OWNER='***' AIRFLOW_CTX_DAG_ID='google_maps_reviews' AIRFLOW_CTX_TASK_ID='generate_dbt_docs' AIRFLOW_CTX_EXECUTION_DATE='2025-05-08T00:00:00+00:00' AIRFLOW_CTX_TRY_NUMBER='1' AIRFLOW_CTX_DAG_RUN_ID='scheduled__2025-05-08T00:00:00+00:00'
[2025-05-09T13:28:11.052+0000] {logging_mixin.py:190} INFO - Task instance is in running state
[2025-05-09T13:28:11.053+0000] {logging_mixin.py:190} INFO -  Previous state of the Task instance: queued
[2025-05-09T13:28:11.054+0000] {logging_mixin.py:190} INFO - Current task name:generate_dbt_docs state:running start_date:2025-05-09 13:28:10.664301+00:00
[2025-05-09T13:28:11.055+0000] {logging_mixin.py:190} INFO - Dag name:google_maps_reviews and current dag run status:running
[2025-05-09T13:28:11.056+0000] {taskinstance.py:732} INFO - ::endgroup::
[2025-05-09T13:28:11.058+0000] {subprocess.py:78} INFO - Tmp dir root location: /tmp
[2025-05-09T13:28:11.061+0000] {subprocess.py:88} INFO - Running command: ['/usr/bin/bash', '-c', 'cd /opt/***/dbt_project/bank_reviews_dbt && dbt docs generate']
[2025-05-09T13:28:11.089+0000] {subprocess.py:99} INFO - Output:
[2025-05-09T13:28:16.308+0000] {subprocess.py:106} INFO - [0m13:28:16  Running with dbt=1.9.4
[2025-05-09T13:28:17.054+0000] {subprocess.py:106} INFO - [0m13:28:17  Registered adapter: postgres=1.9.0
[2025-05-09T13:28:18.013+0000] {subprocess.py:106} INFO - [0m13:28:18  Found 5 models, 12 data tests, 433 macros
[2025-05-09T13:28:18.023+0000] {subprocess.py:106} INFO - [0m13:28:18
[2025-05-09T13:28:18.026+0000] {subprocess.py:106} INFO - [0m13:28:18  Concurrency: 1 threads (target='dev')
[2025-05-09T13:28:18.027+0000] {subprocess.py:106} INFO - [0m13:28:18
[2025-05-09T13:28:19.318+0000] {subprocess.py:106} INFO - [0m13:28:19  Building catalog
[2025-05-09T13:28:19.574+0000] {subprocess.py:106} INFO - [0m13:28:19  Catalog written to /opt/***/dbt_project/bank_reviews_dbt/target/catalog.json
[2025-05-09T13:28:21.110+0000] {subprocess.py:110} INFO - Command exited with return code 0
[2025-05-09T13:28:21.181+0000] {taskinstance.py:341} INFO - ::group::Post task execution logs
[2025-05-09T13:28:21.184+0000] {taskinstance.py:353} INFO - Marking task as SUCCESS. dag_id=google_maps_reviews, task_id=generate_dbt_docs, run_id=scheduled__2025-05-08T00:00:00+00:00, execution_date=20250508T000000, start_date=20250509T132810, end_date=20250509T132821
[2025-05-09T13:28:21.229+0000] {logging_mixin.py:190} INFO - Task instance in success state
[2025-05-09T13:28:21.230+0000] {logging_mixin.py:190} INFO -  Previous state of the Task instance: running
[2025-05-09T13:28:21.232+0000] {logging_mixin.py:190} INFO - Dag name:google_maps_reviews queued_at:2025-05-09 00:00:00.708575+00:00
[2025-05-09T13:28:21.233+0000] {logging_mixin.py:190} INFO - Task hostname:ff2d23694728 operator:BashOperator
[2025-05-09T13:28:21.262+0000] {local_task_job_runner.py:266} INFO - Task exited with return code 0
[2025-05-09T13:28:21.311+0000] {taskinstance.py:3901} INFO - 1 downstream tasks scheduled from follow-on schedule check
[2025-05-09T13:28:21.320+0000] {local_task_job_runner.py:245} INFO - ::endgroup::
