[2025-05-06T15:44:11.898+0000] {local_task_job_runner.py:123} INFO - ::group::Pre task execution logs
[2025-05-06T15:44:11.934+0000] {taskinstance.py:2614} INFO - Dependencies all met for dep_context=non-requeueable deps ti=<TaskInstance: google_maps_reviews.fetch_google_reviews scheduled__2025-05-05T00:00:00+00:00 [queued]>
[2025-05-06T15:44:11.953+0000] {taskinstance.py:2614} INFO - Dependencies all met for dep_context=requeueable deps ti=<TaskInstance: google_maps_reviews.fetch_google_reviews scheduled__2025-05-05T00:00:00+00:00 [queued]>
[2025-05-06T15:44:11.955+0000] {taskinstance.py:2867} INFO - Starting attempt 4 of 5
[2025-05-06T15:44:11.987+0000] {taskinstance.py:2890} INFO - Executing <Task(PythonOperator): fetch_google_reviews> on 2025-05-05 00:00:00+00:00
[2025-05-06T15:44:12.005+0000] {warnings.py:112} WARNING - /home/***/.local/lib/python3.12/site-packages/***/task/task_runner/standard_task_runner.py:70: DeprecationWarning: This process (pid=3020) is multi-threaded, use of fork() may lead to deadlocks in the child.
  pid = os.fork()

[2025-05-06T15:44:12.009+0000] {standard_task_runner.py:72} INFO - Started process 3035 to run task
[2025-05-06T15:44:12.009+0000] {standard_task_runner.py:104} INFO - Running: ['***', 'tasks', 'run', 'google_maps_reviews', 'fetch_google_reviews', 'scheduled__2025-05-05T00:00:00+00:00', '--job-id', '540', '--raw', '--subdir', 'DAGS_FOLDER/***dag.py', '--cfg-path', '/tmp/tmpnw82f6xu']
[2025-05-06T15:44:12.012+0000] {standard_task_runner.py:105} INFO - Job 540: Subtask fetch_google_reviews
[2025-05-06T15:44:12.107+0000] {task_command.py:467} INFO - Running <TaskInstance: google_maps_reviews.fetch_google_reviews scheduled__2025-05-05T00:00:00+00:00 [running]> on host 8280c28b7f0f
[2025-05-06T15:44:12.301+0000] {taskinstance.py:3134} INFO - Exporting env vars: AIRFLOW_CTX_DAG_OWNER='***' AIRFLOW_CTX_DAG_ID='google_maps_reviews' AIRFLOW_CTX_TASK_ID='fetch_google_reviews' AIRFLOW_CTX_EXECUTION_DATE='2025-05-05T00:00:00+00:00' AIRFLOW_CTX_TRY_NUMBER='4' AIRFLOW_CTX_DAG_RUN_ID='scheduled__2025-05-05T00:00:00+00:00'
[2025-05-06T15:44:12.304+0000] {logging_mixin.py:190} INFO - Task instance is in running state
[2025-05-06T15:44:12.305+0000] {logging_mixin.py:190} INFO -  Previous state of the Task instance: queued
[2025-05-06T15:44:12.306+0000] {logging_mixin.py:190} INFO - Current task name:fetch_google_reviews state:running start_date:2025-05-06 15:44:11.935525+00:00
[2025-05-06T15:44:12.308+0000] {logging_mixin.py:190} INFO - Dag name:google_maps_reviews and current dag run status:running
[2025-05-06T15:44:12.309+0000] {taskinstance.py:732} INFO - ::endgroup::
[2025-05-06T15:46:19.609+0000] {logging_mixin.py:190} INFO - 1662 reviews collected from 437 bank branches.
[2025-05-06T15:46:19.614+0000] {python.py:240} INFO - Done. Returned value was: None
[2025-05-06T15:46:19.645+0000] {taskinstance.py:341} INFO - ::group::Post task execution logs
[2025-05-06T15:46:19.647+0000] {taskinstance.py:353} INFO - Marking task as SUCCESS. dag_id=google_maps_reviews, task_id=fetch_google_reviews, run_id=scheduled__2025-05-05T00:00:00+00:00, execution_date=20250505T000000, start_date=20250506T154411, end_date=20250506T154619
[2025-05-06T15:46:19.693+0000] {logging_mixin.py:190} INFO - Task instance in success state
[2025-05-06T15:46:19.698+0000] {logging_mixin.py:190} INFO -  Previous state of the Task instance: running
[2025-05-06T15:46:19.699+0000] {logging_mixin.py:190} INFO - Dag name:google_maps_reviews queued_at:2025-05-06 15:44:05.204850+00:00
[2025-05-06T15:46:19.700+0000] {logging_mixin.py:190} INFO - Task hostname:8280c28b7f0f operator:PythonOperator
[2025-05-06T15:46:19.752+0000] {local_task_job_runner.py:266} INFO - Task exited with return code 0
[2025-05-06T15:46:19.838+0000] {taskinstance.py:3901} INFO - 1 downstream tasks scheduled from follow-on schedule check
[2025-05-06T15:46:19.861+0000] {local_task_job_runner.py:245} INFO - ::endgroup::
