[2025-05-06T15:25:01.076+0000] {local_task_job_runner.py:123} INFO - ::group::Pre task execution logs
[2025-05-06T15:25:01.109+0000] {taskinstance.py:2614} INFO - Dependencies all met for dep_context=non-requeueable deps ti=<TaskInstance: google_maps_reviews.fetch_google_reviews scheduled__2025-05-05T00:00:00+00:00 [queued]>
[2025-05-06T15:25:01.126+0000] {taskinstance.py:2614} INFO - Dependencies all met for dep_context=requeueable deps ti=<TaskInstance: google_maps_reviews.fetch_google_reviews scheduled__2025-05-05T00:00:00+00:00 [queued]>
[2025-05-06T15:25:01.129+0000] {taskinstance.py:2867} INFO - Starting attempt 3 of 4
[2025-05-06T15:25:01.155+0000] {taskinstance.py:2890} INFO - Executing <Task(PythonOperator): fetch_google_reviews> on 2025-05-05 00:00:00+00:00
[2025-05-06T15:25:01.173+0000] {warnings.py:112} WARNING - /home/***/.local/lib/python3.12/site-packages/***/task/task_runner/standard_task_runner.py:70: DeprecationWarning: This process (pid=2634) is multi-threaded, use of fork() may lead to deadlocks in the child.
  pid = os.fork()

[2025-05-06T15:25:01.177+0000] {standard_task_runner.py:72} INFO - Started process 2656 to run task
[2025-05-06T15:25:01.178+0000] {standard_task_runner.py:104} INFO - Running: ['***', 'tasks', 'run', 'google_maps_reviews', 'fetch_google_reviews', 'scheduled__2025-05-05T00:00:00+00:00', '--job-id', '531', '--raw', '--subdir', 'DAGS_FOLDER/***dag.py', '--cfg-path', '/tmp/tmpkgd8zal9']
[2025-05-06T15:25:01.181+0000] {standard_task_runner.py:105} INFO - Job 531: Subtask fetch_google_reviews
[2025-05-06T15:25:01.278+0000] {task_command.py:467} INFO - Running <TaskInstance: google_maps_reviews.fetch_google_reviews scheduled__2025-05-05T00:00:00+00:00 [running]> on host 8280c28b7f0f
[2025-05-06T15:25:01.449+0000] {taskinstance.py:3134} INFO - Exporting env vars: AIRFLOW_CTX_DAG_OWNER='***' AIRFLOW_CTX_DAG_ID='google_maps_reviews' AIRFLOW_CTX_TASK_ID='fetch_google_reviews' AIRFLOW_CTX_EXECUTION_DATE='2025-05-05T00:00:00+00:00' AIRFLOW_CTX_TRY_NUMBER='3' AIRFLOW_CTX_DAG_RUN_ID='scheduled__2025-05-05T00:00:00+00:00'
[2025-05-06T15:25:01.452+0000] {logging_mixin.py:190} INFO - Task instance is in running state
[2025-05-06T15:25:01.454+0000] {logging_mixin.py:190} INFO -  Previous state of the Task instance: queued
[2025-05-06T15:25:01.455+0000] {logging_mixin.py:190} INFO - Current task name:fetch_google_reviews state:running start_date:2025-05-06 15:25:01.110775+00:00
[2025-05-06T15:25:01.455+0000] {logging_mixin.py:190} INFO - Dag name:google_maps_reviews and current dag run status:running
[2025-05-06T15:25:01.456+0000] {taskinstance.py:732} INFO - ::endgroup::
[2025-05-06T15:27:01.272+0000] {logging_mixin.py:190} INFO - 1650 reviews collected from 445 bank branches.
[2025-05-06T15:27:01.275+0000] {python.py:240} INFO - Done. Returned value was: None
[2025-05-06T15:27:01.296+0000] {taskinstance.py:341} INFO - ::group::Post task execution logs
[2025-05-06T15:27:01.298+0000] {taskinstance.py:353} INFO - Marking task as SUCCESS. dag_id=google_maps_reviews, task_id=fetch_google_reviews, run_id=scheduled__2025-05-05T00:00:00+00:00, execution_date=20250505T000000, start_date=20250506T152501, end_date=20250506T152701
[2025-05-06T15:27:01.355+0000] {logging_mixin.py:190} INFO - Task instance in success state
[2025-05-06T15:27:01.356+0000] {logging_mixin.py:190} INFO -  Previous state of the Task instance: running
[2025-05-06T15:27:01.357+0000] {logging_mixin.py:190} INFO - Dag name:google_maps_reviews queued_at:2025-05-06 15:23:58.015341+00:00
[2025-05-06T15:27:01.358+0000] {logging_mixin.py:190} INFO - Task hostname:8280c28b7f0f operator:PythonOperator
[2025-05-06T15:27:01.390+0000] {local_task_job_runner.py:266} INFO - Task exited with return code 0
[2025-05-06T15:27:01.473+0000] {taskinstance.py:3901} INFO - 1 downstream tasks scheduled from follow-on schedule check
[2025-05-06T15:27:01.478+0000] {local_task_job_runner.py:245} INFO - ::endgroup::
