[2025-05-04T15:48:02.166+0000] {local_task_job_runner.py:123} INFO - ::group::Pre task execution logs
[2025-05-04T15:48:02.209+0000] {taskinstance.py:2614} INFO - Dependencies all met for dep_context=non-requeueable deps ti=<TaskInstance: google_maps_reviews.fetch_google_reviews manual__2025-05-04T15:47:55.314508+00:00 [queued]>
[2025-05-04T15:48:02.235+0000] {taskinstance.py:2614} INFO - Dependencies all met for dep_context=requeueable deps ti=<TaskInstance: google_maps_reviews.fetch_google_reviews manual__2025-05-04T15:47:55.314508+00:00 [queued]>
[2025-05-04T15:48:02.253+0000] {taskinstance.py:2867} INFO - Starting attempt 1 of 2
[2025-05-04T15:48:02.278+0000] {taskinstance.py:2890} INFO - Executing <Task(PythonOperator): fetch_google_reviews> on 2025-05-04 15:47:55.314508+00:00
[2025-05-04T15:48:02.296+0000] {warnings.py:112} WARNING - /home/***/.local/lib/python3.12/site-packages/***/task/task_runner/standard_task_runner.py:70: DeprecationWarning: This process (pid=143) is multi-threaded, use of fork() may lead to deadlocks in the child.
  pid = os.fork()

[2025-05-04T15:48:02.299+0000] {standard_task_runner.py:104} INFO - Running: ['***', 'tasks', 'run', 'google_maps_reviews', 'fetch_google_reviews', 'manual__2025-05-04T15:47:55.314508+00:00', '--job-id', '426', '--raw', '--subdir', 'DAGS_FOLDER/***dag.py', '--cfg-path', '/tmp/tmpgfwa6rli']
[2025-05-04T15:48:02.302+0000] {standard_task_runner.py:72} INFO - Started process 158 to run task
[2025-05-04T15:48:02.302+0000] {standard_task_runner.py:105} INFO - Job 426: Subtask fetch_google_reviews
[2025-05-04T15:48:02.399+0000] {task_command.py:467} INFO - Running <TaskInstance: google_maps_reviews.fetch_google_reviews manual__2025-05-04T15:47:55.314508+00:00 [running]> on host 8280c28b7f0f
[2025-05-04T15:48:02.562+0000] {taskinstance.py:3134} INFO - Exporting env vars: AIRFLOW_CTX_DAG_OWNER='***' AIRFLOW_CTX_DAG_ID='google_maps_reviews' AIRFLOW_CTX_TASK_ID='fetch_google_reviews' AIRFLOW_CTX_EXECUTION_DATE='2025-05-04T15:47:55.314508+00:00' AIRFLOW_CTX_TRY_NUMBER='1' AIRFLOW_CTX_DAG_RUN_ID='manual__2025-05-04T15:47:55.314508+00:00'
[2025-05-04T15:48:02.566+0000] {logging_mixin.py:190} INFO - Task instance is in running state
[2025-05-04T15:48:02.567+0000] {logging_mixin.py:190} INFO -  Previous state of the Task instance: queued
[2025-05-04T15:48:02.568+0000] {logging_mixin.py:190} INFO - Current task name:fetch_google_reviews state:running start_date:2025-05-04 15:48:02.211467+00:00
[2025-05-04T15:48:02.569+0000] {logging_mixin.py:190} INFO - Dag name:google_maps_reviews and current dag run status:running
[2025-05-04T15:48:02.570+0000] {taskinstance.py:732} INFO - ::endgroup::
[2025-05-04T15:48:02.573+0000] {client.py:194} INFO - API queries_quota: 60
[2025-05-04T15:48:06.510+0000] {logging_mixin.py:190} INFO - Data successfully saved to /opt/***/dags/input/reviews.csv
[2025-05-04T15:48:06.513+0000] {python.py:240} INFO - Done. Returned value was: None
[2025-05-04T15:48:06.536+0000] {taskinstance.py:341} INFO - ::group::Post task execution logs
[2025-05-04T15:48:06.538+0000] {taskinstance.py:353} INFO - Marking task as SUCCESS. dag_id=google_maps_reviews, task_id=fetch_google_reviews, run_id=manual__2025-05-04T15:47:55.314508+00:00, execution_date=20250504T154755, start_date=20250504T154802, end_date=20250504T154806
[2025-05-04T15:48:06.582+0000] {logging_mixin.py:190} INFO - Task instance in success state
[2025-05-04T15:48:06.585+0000] {logging_mixin.py:190} INFO -  Previous state of the Task instance: running
[2025-05-04T15:48:06.586+0000] {logging_mixin.py:190} INFO - Dag name:google_maps_reviews queued_at:2025-05-04 15:47:55.335323+00:00
[2025-05-04T15:48:06.587+0000] {logging_mixin.py:190} INFO - Task hostname:8280c28b7f0f operator:PythonOperator
[2025-05-04T15:48:06.639+0000] {local_task_job_runner.py:266} INFO - Task exited with return code 0
[2025-05-04T15:48:06.714+0000] {taskinstance.py:3901} INFO - 1 downstream tasks scheduled from follow-on schedule check
[2025-05-04T15:48:06.734+0000] {local_task_job_runner.py:245} INFO - ::endgroup::
