[2025-05-03T06:47:21.536+0000] {local_task_job_runner.py:123} INFO - ::group::Pre task execution logs
[2025-05-03T06:47:21.582+0000] {taskinstance.py:2614} INFO - Dependencies all met for dep_context=non-requeueable deps ti=<TaskInstance: google_maps_reviews.run_dbt_models manual__2025-05-03T06:46:02.055627+00:00 [queued]>
[2025-05-03T06:47:21.602+0000] {taskinstance.py:2614} INFO - Dependencies all met for dep_context=requeueable deps ti=<TaskInstance: google_maps_reviews.run_dbt_models manual__2025-05-03T06:46:02.055627+00:00 [queued]>
[2025-05-03T06:47:21.604+0000] {taskinstance.py:2867} INFO - Starting attempt 1 of 2
[2025-05-03T06:47:21.628+0000] {taskinstance.py:2890} INFO - Executing <Task(BashOperator): run_dbt_models> on 2025-05-03 06:46:02.055627+00:00
[2025-05-03T06:47:21.645+0000] {warnings.py:112} WARNING - /home/***/.local/lib/python3.12/site-packages/***/task/task_runner/standard_task_runner.py:70: DeprecationWarning: This process (pid=769) is multi-threaded, use of fork() may lead to deadlocks in the child.
  pid = os.fork()

[2025-05-03T06:47:21.649+0000] {standard_task_runner.py:72} INFO - Started process 791 to run task
[2025-05-03T06:47:21.651+0000] {standard_task_runner.py:104} INFO - Running: ['***', 'tasks', 'run', 'google_maps_reviews', 'run_dbt_models', 'manual__2025-05-03T06:46:02.055627+00:00', '--job-id', '210', '--raw', '--subdir', 'DAGS_FOLDER/***dag.py', '--cfg-path', '/tmp/tmp4tp_g70a']
[2025-05-03T06:47:21.654+0000] {standard_task_runner.py:105} INFO - Job 210: Subtask run_dbt_models
[2025-05-03T06:47:21.742+0000] {task_command.py:467} INFO - Running <TaskInstance: google_maps_reviews.run_dbt_models manual__2025-05-03T06:46:02.055627+00:00 [running]> on host 8280c28b7f0f
[2025-05-03T06:47:21.911+0000] {taskinstance.py:3134} INFO - Exporting env vars: AIRFLOW_CTX_DAG_OWNER='***' AIRFLOW_CTX_DAG_ID='google_maps_reviews' AIRFLOW_CTX_TASK_ID='run_dbt_models' AIRFLOW_CTX_EXECUTION_DATE='2025-05-03T06:46:02.055627+00:00' AIRFLOW_CTX_TRY_NUMBER='1' AIRFLOW_CTX_DAG_RUN_ID='manual__2025-05-03T06:46:02.055627+00:00'
[2025-05-03T06:47:21.914+0000] {logging_mixin.py:190} INFO - Task instance is in running state
[2025-05-03T06:47:21.915+0000] {logging_mixin.py:190} INFO -  Previous state of the Task instance: queued
[2025-05-03T06:47:21.916+0000] {logging_mixin.py:190} INFO - Current task name:run_dbt_models state:running start_date:2025-05-03 06:47:21.583593+00:00
[2025-05-03T06:47:21.917+0000] {logging_mixin.py:190} INFO - Dag name:google_maps_reviews and current dag run status:running
[2025-05-03T06:47:21.918+0000] {taskinstance.py:732} INFO - ::endgroup::
[2025-05-03T06:47:21.920+0000] {subprocess.py:78} INFO - Tmp dir root location: /tmp
[2025-05-03T06:47:21.922+0000] {subprocess.py:88} INFO - Running command: ['/usr/bin/bash', '-c', 'cd /opt/***/dbt_project/bank_reviews_dbt && dbt run --profiles-dir .']
[2025-05-03T06:47:21.953+0000] {subprocess.py:99} INFO - Output:
[2025-05-03T06:47:27.651+0000] {subprocess.py:106} INFO - [0m06:47:27  Running with dbt=1.9.4
[2025-05-03T06:47:28.318+0000] {subprocess.py:106} INFO - [0m06:47:28  Registered adapter: postgres=1.9.0
[2025-05-03T06:47:29.727+0000] {subprocess.py:106} INFO - [0m06:47:29  Found 5 models, 12 data tests, 433 macros
[2025-05-03T06:47:29.740+0000] {subprocess.py:106} INFO - [0m06:47:29
[2025-05-03T06:47:29.743+0000] {subprocess.py:106} INFO - [0m06:47:29  Concurrency: 1 threads (target='dev')
[2025-05-03T06:47:29.745+0000] {subprocess.py:106} INFO - [0m06:47:29
[2025-05-03T06:47:30.039+0000] {subprocess.py:106} INFO - [0m06:47:30  1 of 5 START sql table model review.dim_bank ................................... [RUN]
[2025-05-03T06:47:30.418+0000] {subprocess.py:106} INFO - [0m06:47:30  1 of 5 OK created sql table model review.dim_bank .............................. [[32mSELECT 42[0m in 0.37s]
[2025-05-03T06:47:30.424+0000] {subprocess.py:106} INFO - [0m06:47:30  2 of 5 START sql table model review.dim_branch ................................. [RUN]
[2025-05-03T06:47:30.601+0000] {subprocess.py:106} INFO - [0m06:47:30  2 of 5 OK created sql table model review.dim_branch ............................ [[32mSELECT 42[0m in 0.17s]
[2025-05-03T06:47:30.608+0000] {subprocess.py:106} INFO - [0m06:47:30  3 of 5 START sql table model review.dim_location ............................... [RUN]
[2025-05-03T06:47:30.775+0000] {subprocess.py:106} INFO - [0m06:47:30  3 of 5 OK created sql table model review.dim_location .......................... [[32mSELECT 43[0m in 0.16s]
[2025-05-03T06:47:30.783+0000] {subprocess.py:106} INFO - [0m06:47:30  4 of 5 START sql table model review.dim_sentiment .............................. [RUN]
[2025-05-03T06:47:30.955+0000] {subprocess.py:106} INFO - [0m06:47:30  4 of 5 OK created sql table model review.dim_sentiment ......................... [[32mSELECT 1[0m in 0.17s]
[2025-05-03T06:47:30.964+0000] {subprocess.py:106} INFO - [0m06:47:30  5 of 5 START sql table model review.fact_reviews ............................... [RUN]
[2025-05-03T06:47:31.153+0000] {subprocess.py:106} INFO - [0m06:47:31  5 of 5 OK created sql table model review.fact_reviews .......................... [[32mSELECT 397[0m in 0.18s]
[2025-05-03T06:47:31.188+0000] {subprocess.py:106} INFO - [0m06:47:31
[2025-05-03T06:47:31.189+0000] {subprocess.py:106} INFO - [0m06:47:31  Finished running 5 table models in 0 hours 0 minutes and 1.44 seconds (1.44s).
[2025-05-03T06:47:31.325+0000] {subprocess.py:106} INFO - [0m06:47:31
[2025-05-03T06:47:31.327+0000] {subprocess.py:106} INFO - [0m06:47:31  [32mCompleted successfully[0m
[2025-05-03T06:47:31.330+0000] {subprocess.py:106} INFO - [0m06:47:31
[2025-05-03T06:47:31.331+0000] {subprocess.py:106} INFO - [0m06:47:31  Done. PASS=5 WARN=0 ERROR=0 SKIP=0 TOTAL=5
[2025-05-03T06:47:33.434+0000] {subprocess.py:110} INFO - Command exited with return code 0
[2025-05-03T06:47:33.487+0000] {taskinstance.py:341} INFO - ::group::Post task execution logs
[2025-05-03T06:47:33.490+0000] {taskinstance.py:353} INFO - Marking task as SUCCESS. dag_id=google_maps_reviews, task_id=run_dbt_models, run_id=manual__2025-05-03T06:46:02.055627+00:00, execution_date=20250503T064602, start_date=20250503T064721, end_date=20250503T064733
[2025-05-03T06:47:33.539+0000] {logging_mixin.py:190} INFO - Task instance in success state
[2025-05-03T06:47:33.540+0000] {logging_mixin.py:190} INFO -  Previous state of the Task instance: running
[2025-05-03T06:47:33.541+0000] {logging_mixin.py:190} INFO - Dag name:google_maps_reviews queued_at:2025-05-03 06:46:02.080392+00:00
[2025-05-03T06:47:33.542+0000] {logging_mixin.py:190} INFO - Task hostname:8280c28b7f0f operator:BashOperator
[2025-05-03T06:47:33.600+0000] {local_task_job_runner.py:266} INFO - Task exited with return code 0
[2025-05-03T06:47:33.642+0000] {taskinstance.py:3901} INFO - 1 downstream tasks scheduled from follow-on schedule check
[2025-05-03T06:47:33.647+0000] {local_task_job_runner.py:245} INFO - ::endgroup::
