[2025-05-07T01:01:00.918+0000] {local_task_job_runner.py:123} INFO - ::group::Pre task execution logs
[2025-05-07T01:01:00.967+0000] {taskinstance.py:2614} INFO - Dependencies all met for dep_context=non-requeueable deps ti=<TaskInstance: google_maps_reviews.export_to_csv manual__2025-05-06T20:00:25.137792+00:00 [queued]>
[2025-05-07T01:01:00.989+0000] {taskinstance.py:2614} INFO - Dependencies all met for dep_context=requeueable deps ti=<TaskInstance: google_maps_reviews.export_to_csv manual__2025-05-06T20:00:25.137792+00:00 [queued]>
[2025-05-07T01:01:01.008+0000] {taskinstance.py:2867} INFO - Starting attempt 10 of 11
[2025-05-07T01:01:01.039+0000] {taskinstance.py:2890} INFO - Executing <Task(PythonOperator): export_to_csv> on 2025-05-06 20:00:25.137792+00:00
[2025-05-07T01:01:01.057+0000] {warnings.py:112} WARNING - /home/***/.local/lib/python3.12/site-packages/***/task/task_runner/standard_task_runner.py:70: DeprecationWarning: This process (pid=11816) is multi-threaded, use of fork() may lead to deadlocks in the child.
  pid = os.fork()

[2025-05-07T01:01:01.062+0000] {standard_task_runner.py:72} INFO - Started process 11831 to run task
[2025-05-07T01:01:01.064+0000] {standard_task_runner.py:104} INFO - Running: ['***', 'tasks', 'run', 'google_maps_reviews', 'export_to_csv', 'manual__2025-05-06T20:00:25.137792+00:00', '--job-id', '715', '--raw', '--subdir', 'DAGS_FOLDER/***dag.py', '--cfg-path', '/tmp/tmpj_ln3uj7']
[2025-05-07T01:01:01.067+0000] {standard_task_runner.py:105} INFO - Job 715: Subtask export_to_csv
[2025-05-07T01:01:01.170+0000] {task_command.py:467} INFO - Running <TaskInstance: google_maps_reviews.export_to_csv manual__2025-05-06T20:00:25.137792+00:00 [running]> on host 8280c28b7f0f
[2025-05-07T01:01:01.365+0000] {taskinstance.py:3134} INFO - Exporting env vars: AIRFLOW_CTX_DAG_OWNER='***' AIRFLOW_CTX_DAG_ID='google_maps_reviews' AIRFLOW_CTX_TASK_ID='export_to_csv' AIRFLOW_CTX_EXECUTION_DATE='2025-05-06T20:00:25.137792+00:00' AIRFLOW_CTX_TRY_NUMBER='10' AIRFLOW_CTX_DAG_RUN_ID='manual__2025-05-06T20:00:25.137792+00:00'
[2025-05-07T01:01:01.369+0000] {logging_mixin.py:190} INFO - Task instance is in running state
[2025-05-07T01:01:01.370+0000] {logging_mixin.py:190} INFO -  Previous state of the Task instance: queued
[2025-05-07T01:01:01.372+0000] {logging_mixin.py:190} INFO - Current task name:export_to_csv state:running start_date:2025-05-07 01:01:00.968992+00:00
[2025-05-07T01:01:01.373+0000] {logging_mixin.py:190} INFO - Dag name:google_maps_reviews and current dag run status:running
[2025-05-07T01:01:01.374+0000] {taskinstance.py:732} INFO - ::endgroup::
[2025-05-07T01:01:01.398+0000] {base.py:84} INFO - Retrieving connection 'postgres_defaut'
[2025-05-07T01:01:01.447+0000] {warnings.py:112} WARNING - /opt/***/dags/storeData.py:98: UserWarning: pandas only supports SQLAlchemy connectable (engine/connection) or database string URI or sqlite3 DBAPI2 connection. Other DBAPI2 objects are not tested. Please consider using SQLAlchemy.
  df = pd.read_sql_query(query, conn)

[2025-05-07T01:01:01.576+0000] {logging_mixin.py:190} INFO - ✅ Données exportées avec succès vers reviews_export.csv
[2025-05-07T01:01:01.578+0000] {python.py:240} INFO - Done. Returned value was: None
[2025-05-07T01:01:01.599+0000] {taskinstance.py:341} INFO - ::group::Post task execution logs
[2025-05-07T01:01:01.601+0000] {taskinstance.py:353} INFO - Marking task as SUCCESS. dag_id=google_maps_reviews, task_id=export_to_csv, run_id=manual__2025-05-06T20:00:25.137792+00:00, execution_date=20250506T200025, start_date=20250507T010100, end_date=20250507T010101
[2025-05-07T01:01:01.673+0000] {logging_mixin.py:190} INFO - Task instance in success state
[2025-05-07T01:01:01.675+0000] {logging_mixin.py:190} INFO -  Previous state of the Task instance: running
[2025-05-07T01:01:01.677+0000] {logging_mixin.py:190} INFO - Dag name:google_maps_reviews queued_at:2025-05-07 00:53:28.168200+00:00
[2025-05-07T01:01:01.678+0000] {logging_mixin.py:190} INFO - Task hostname:8280c28b7f0f operator:PythonOperator
[2025-05-07T01:01:01.726+0000] {local_task_job_runner.py:266} INFO - Task exited with return code 0
[2025-05-07T01:01:01.769+0000] {taskinstance.py:3901} INFO - 0 downstream tasks scheduled from follow-on schedule check
[2025-05-07T01:01:01.773+0000] {local_task_job_runner.py:245} INFO - ::endgroup::
