[2025-05-02T11:03:12.154+0000] {local_task_job_runner.py:123} INFO - ::group::Pre task execution logs
[2025-05-02T11:03:12.199+0000] {taskinstance.py:2614} INFO - Dependencies all met for dep_context=non-requeueable deps ti=<TaskInstance: google_maps_reviews_pipeline.normalize_and_clean_data scheduled__2025-05-01T00:00:00+00:00 [queued]>
[2025-05-02T11:03:12.220+0000] {taskinstance.py:2614} INFO - Dependencies all met for dep_context=requeueable deps ti=<TaskInstance: google_maps_reviews_pipeline.normalize_and_clean_data scheduled__2025-05-01T00:00:00+00:00 [queued]>
[2025-05-02T11:03:12.221+0000] {taskinstance.py:2867} INFO - Starting attempt 1 of 2
[2025-05-02T11:03:12.250+0000] {taskinstance.py:2890} INFO - Executing <Task(PythonOperator): normalize_and_clean_data> on 2025-05-01 00:00:00+00:00
[2025-05-02T11:03:12.273+0000] {warnings.py:112} WARNING - /home/***/.local/lib/python3.12/site-packages/***/task/task_runner/standard_task_runner.py:70: DeprecationWarning: This process (pid=156) is multi-threaded, use of fork() may lead to deadlocks in the child.
  pid = os.fork()

[2025-05-02T11:03:12.277+0000] {standard_task_runner.py:72} INFO - Started process 171 to run task
[2025-05-02T11:03:12.277+0000] {standard_task_runner.py:104} INFO - Running: ['***', 'tasks', 'run', 'google_maps_reviews_pipeline', 'normalize_and_clean_data', 'scheduled__2025-05-01T00:00:00+00:00', '--job-id', '70', '--raw', '--subdir', 'DAGS_FOLDER/***dag.py', '--cfg-path', '/tmp/tmptzq33isg']
[2025-05-02T11:03:12.279+0000] {standard_task_runner.py:105} INFO - Job 70: Subtask normalize_and_clean_data
[2025-05-02T11:03:12.367+0000] {task_command.py:467} INFO - Running <TaskInstance: google_maps_reviews_pipeline.normalize_and_clean_data scheduled__2025-05-01T00:00:00+00:00 [running]> on host 95fe2406fe61
[2025-05-02T11:03:12.525+0000] {taskinstance.py:3134} INFO - Exporting env vars: AIRFLOW_CTX_DAG_OWNER='***' AIRFLOW_CTX_DAG_ID='google_maps_reviews_pipeline' AIRFLOW_CTX_TASK_ID='normalize_and_clean_data' AIRFLOW_CTX_EXECUTION_DATE='2025-05-01T00:00:00+00:00' AIRFLOW_CTX_TRY_NUMBER='1' AIRFLOW_CTX_DAG_RUN_ID='scheduled__2025-05-01T00:00:00+00:00'
[2025-05-02T11:03:12.527+0000] {logging_mixin.py:190} INFO - Task instance is in running state
[2025-05-02T11:03:12.528+0000] {logging_mixin.py:190} INFO -  Previous state of the Task instance: queued
[2025-05-02T11:03:12.529+0000] {logging_mixin.py:190} INFO - Current task name:normalize_and_clean_data state:running start_date:2025-05-02 11:03:12.200633+00:00
[2025-05-02T11:03:12.530+0000] {logging_mixin.py:190} INFO - Dag name:google_maps_reviews_pipeline and current dag run status:running
[2025-05-02T11:03:12.531+0000] {taskinstance.py:732} INFO - ::endgroup::
[2025-05-02T11:03:12.546+0000] {base.py:84} INFO - Retrieving connection 'postgres_defaut'
[2025-05-02T11:03:12.560+0000] {warnings.py:112} WARNING - /opt/***/dags/storeData.py:197: UserWarning: pandas only supports SQLAlchemy connectable (engine/connection) or database string URI or sqlite3 DBAPI2 connection. Other DBAPI2 objects are not tested. Please consider using SQLAlchemy.
  df = pd.read_sql("SELECT * FROM review.raw_reviews", conn)

[2025-05-02T11:03:12.902+0000] {logging_mixin.py:190} INFO - Data normalized and cleaned successfully.
[2025-05-02T11:03:12.904+0000] {python.py:240} INFO - Done. Returned value was: None
[2025-05-02T11:03:12.922+0000] {taskinstance.py:341} INFO - ::group::Post task execution logs
[2025-05-02T11:03:12.924+0000] {taskinstance.py:353} INFO - Marking task as SUCCESS. dag_id=google_maps_reviews_pipeline, task_id=normalize_and_clean_data, run_id=scheduled__2025-05-01T00:00:00+00:00, execution_date=20250501T000000, start_date=20250502T110312, end_date=20250502T110312
[2025-05-02T11:03:12.963+0000] {logging_mixin.py:190} INFO - Task instance in success state
[2025-05-02T11:03:12.964+0000] {logging_mixin.py:190} INFO -  Previous state of the Task instance: running
[2025-05-02T11:03:12.966+0000] {logging_mixin.py:190} INFO - Dag name:google_maps_reviews_pipeline queued_at:2025-05-02 11:01:50.571069+00:00
[2025-05-02T11:03:12.967+0000] {logging_mixin.py:190} INFO - Task hostname:95fe2406fe61 operator:PythonOperator
[2025-05-02T11:03:13.019+0000] {local_task_job_runner.py:266} INFO - Task exited with return code 0
[2025-05-02T11:03:13.089+0000] {taskinstance.py:3901} INFO - 1 downstream tasks scheduled from follow-on schedule check
[2025-05-02T11:03:13.094+0000] {local_task_job_runner.py:245} INFO - ::endgroup::
