[2025-05-07T00:19:12.972+0000] {local_task_job_runner.py:123} INFO - ::group::Pre task execution logs
[2025-05-07T00:19:13.018+0000] {taskinstance.py:2614} INFO - Dependencies all met for dep_context=non-requeueable deps ti=<TaskInstance: google_maps_reviews.run_dbt_models manual__2025-05-06T20:00:25.137792+00:00 [queued]>
[2025-05-07T00:19:13.046+0000] {taskinstance.py:2614} INFO - Dependencies all met for dep_context=requeueable deps ti=<TaskInstance: google_maps_reviews.run_dbt_models manual__2025-05-06T20:00:25.137792+00:00 [queued]>
[2025-05-07T00:19:13.048+0000] {taskinstance.py:2867} INFO - Starting attempt 4 of 5
[2025-05-07T00:19:13.081+0000] {taskinstance.py:2890} INFO - Executing <Task(BashOperator): run_dbt_models> on 2025-05-06 20:00:25.137792+00:00
[2025-05-07T00:19:13.103+0000] {warnings.py:112} WARNING - /home/***/.local/lib/python3.12/site-packages/***/task/task_runner/standard_task_runner.py:70: DeprecationWarning: This process (pid=10745) is multi-threaded, use of fork() may lead to deadlocks in the child.
  pid = os.fork()

[2025-05-07T00:19:13.108+0000] {standard_task_runner.py:72} INFO - Started process 10767 to run task
[2025-05-07T00:19:13.115+0000] {standard_task_runner.py:104} INFO - Running: ['***', 'tasks', 'run', 'google_maps_reviews', 'run_dbt_models', 'manual__2025-05-06T20:00:25.137792+00:00', '--job-id', '686', '--raw', '--subdir', 'DAGS_FOLDER/***dag.py', '--cfg-path', '/tmp/tmp37eh8p0q']
[2025-05-07T00:19:13.118+0000] {standard_task_runner.py:105} INFO - Job 686: Subtask run_dbt_models
[2025-05-07T00:19:13.221+0000] {task_command.py:467} INFO - Running <TaskInstance: google_maps_reviews.run_dbt_models manual__2025-05-06T20:00:25.137792+00:00 [running]> on host 8280c28b7f0f
[2025-05-07T00:19:13.418+0000] {taskinstance.py:3134} INFO - Exporting env vars: AIRFLOW_CTX_DAG_OWNER='***' AIRFLOW_CTX_DAG_ID='google_maps_reviews' AIRFLOW_CTX_TASK_ID='run_dbt_models' AIRFLOW_CTX_EXECUTION_DATE='2025-05-06T20:00:25.137792+00:00' AIRFLOW_CTX_TRY_NUMBER='4' AIRFLOW_CTX_DAG_RUN_ID='manual__2025-05-06T20:00:25.137792+00:00'
[2025-05-07T00:19:13.421+0000] {logging_mixin.py:190} INFO - Task instance is in running state
[2025-05-07T00:19:13.422+0000] {logging_mixin.py:190} INFO -  Previous state of the Task instance: queued
[2025-05-07T00:19:13.424+0000] {logging_mixin.py:190} INFO - Current task name:run_dbt_models state:running start_date:2025-05-07 00:19:13.021393+00:00
[2025-05-07T00:19:13.427+0000] {logging_mixin.py:190} INFO - Dag name:google_maps_reviews and current dag run status:running
[2025-05-07T00:19:13.429+0000] {taskinstance.py:732} INFO - ::endgroup::
[2025-05-07T00:19:13.431+0000] {subprocess.py:78} INFO - Tmp dir root location: /tmp
[2025-05-07T00:19:13.434+0000] {subprocess.py:88} INFO - Running command: ['/usr/bin/bash', '-c', 'cd /opt/***/dbt_project/bank_reviews_dbt && dbt run --profiles-dir .']
[2025-05-07T00:19:13.471+0000] {subprocess.py:99} INFO - Output:
[2025-05-07T00:19:17.257+0000] {subprocess.py:106} INFO - [0m00:19:17  Running with dbt=1.9.4
[2025-05-07T00:19:17.937+0000] {subprocess.py:106} INFO - [0m00:19:17  Registered adapter: postgres=1.9.0
[2025-05-07T00:19:19.238+0000] {subprocess.py:106} INFO - [0m00:19:19  Found 5 models, 12 data tests, 433 macros
[2025-05-07T00:19:19.246+0000] {subprocess.py:106} INFO - [0m00:19:19
[2025-05-07T00:19:19.249+0000] {subprocess.py:106} INFO - [0m00:19:19  Concurrency: 1 threads (target='dev')
[2025-05-07T00:19:19.250+0000] {subprocess.py:106} INFO - [0m00:19:19
[2025-05-07T00:19:19.500+0000] {subprocess.py:106} INFO - [0m00:19:19  1 of 5 START sql table model review.dim_bank ................................... [RUN]
[2025-05-07T00:19:19.859+0000] {subprocess.py:106} INFO - [0m00:19:19  1 of 5 OK created sql table model review.dim_bank .............................. [[32mSELECT 177[0m in 0.35s]
[2025-05-07T00:19:19.864+0000] {subprocess.py:106} INFO - [0m00:19:19  2 of 5 START sql table model review.dim_branch ................................. [RUN]
[2025-05-07T00:19:20.036+0000] {subprocess.py:106} INFO - [0m00:19:20  2 of 5 OK created sql table model review.dim_branch ............................ [[32mSELECT 177[0m in 0.17s]
[2025-05-07T00:19:20.045+0000] {subprocess.py:106} INFO - [0m00:19:20  3 of 5 START sql table model review.dim_location ............................... [RUN]
[2025-05-07T00:19:20.211+0000] {subprocess.py:106} INFO - [0m00:19:20  3 of 5 OK created sql table model review.dim_location .......................... [[32mSELECT 491[0m in 0.16s]
[2025-05-07T00:19:20.218+0000] {subprocess.py:106} INFO - [0m00:19:20  4 of 5 START sql table model review.dim_sentiment .............................. [RUN]
[2025-05-07T00:19:20.394+0000] {subprocess.py:106} INFO - [0m00:19:20  4 of 5 OK created sql table model review.dim_sentiment ......................... [[32mSELECT 3[0m in 0.17s]
[2025-05-07T00:19:20.399+0000] {subprocess.py:106} INFO - [0m00:19:20  5 of 5 START sql table model review.fact_reviews ............................... [RUN]
[2025-05-07T00:19:20.662+0000] {subprocess.py:106} INFO - [0m00:19:20  5 of 5 OK created sql table model review.fact_reviews .......................... [[32mSELECT 3467[0m in 0.25s]
[2025-05-07T00:19:20.699+0000] {subprocess.py:106} INFO - [0m00:19:20
[2025-05-07T00:19:20.701+0000] {subprocess.py:106} INFO - [0m00:19:20  Finished running 5 table models in 0 hours 0 minutes and 1.44 seconds (1.44s).
[2025-05-07T00:19:20.863+0000] {subprocess.py:106} INFO - [0m00:19:20
[2025-05-07T00:19:20.866+0000] {subprocess.py:106} INFO - [0m00:19:20  [32mCompleted successfully[0m
[2025-05-07T00:19:20.869+0000] {subprocess.py:106} INFO - [0m00:19:20
[2025-05-07T00:19:20.871+0000] {subprocess.py:106} INFO - [0m00:19:20  Done. PASS=5 WARN=0 ERROR=0 SKIP=0 TOTAL=5
[2025-05-07T00:19:23.156+0000] {subprocess.py:110} INFO - Command exited with return code 0
[2025-05-07T00:19:23.208+0000] {taskinstance.py:341} INFO - ::group::Post task execution logs
[2025-05-07T00:19:23.211+0000] {taskinstance.py:353} INFO - Marking task as SUCCESS. dag_id=google_maps_reviews, task_id=run_dbt_models, run_id=manual__2025-05-06T20:00:25.137792+00:00, execution_date=20250506T200025, start_date=20250507T001913, end_date=20250507T001923
[2025-05-07T00:19:23.249+0000] {logging_mixin.py:190} INFO - Task instance in success state
[2025-05-07T00:19:23.251+0000] {logging_mixin.py:190} INFO -  Previous state of the Task instance: running
[2025-05-07T00:19:23.252+0000] {logging_mixin.py:190} INFO - Dag name:google_maps_reviews queued_at:2025-05-07 00:18:59.036528+00:00
[2025-05-07T00:19:23.252+0000] {logging_mixin.py:190} INFO - Task hostname:8280c28b7f0f operator:BashOperator
[2025-05-07T00:19:23.304+0000] {local_task_job_runner.py:266} INFO - Task exited with return code 0
[2025-05-07T00:19:23.374+0000] {taskinstance.py:3901} INFO - 1 downstream tasks scheduled from follow-on schedule check
[2025-05-07T00:19:23.379+0000] {local_task_job_runner.py:245} INFO - ::endgroup::
