[2025-05-07T00:43:18.299+0000] {local_task_job_runner.py:123} INFO - ::group::Pre task execution logs
[2025-05-07T00:43:18.347+0000] {taskinstance.py:2614} INFO - Dependencies all met for dep_context=non-requeueable deps ti=<TaskInstance: google_maps_reviews.run_dbt_models manual__2025-05-06T20:00:25.137792+00:00 [queued]>
[2025-05-07T00:43:18.394+0000] {taskinstance.py:2614} INFO - Dependencies all met for dep_context=requeueable deps ti=<TaskInstance: google_maps_reviews.run_dbt_models manual__2025-05-06T20:00:25.137792+00:00 [queued]>
[2025-05-07T00:43:18.396+0000] {taskinstance.py:2867} INFO - Starting attempt 5 of 6
[2025-05-07T00:43:18.426+0000] {taskinstance.py:2890} INFO - Executing <Task(BashOperator): run_dbt_models> on 2025-05-06 20:00:25.137792+00:00
[2025-05-07T00:43:18.445+0000] {warnings.py:112} WARNING - /home/***/.local/lib/python3.12/site-packages/***/task/task_runner/standard_task_runner.py:70: DeprecationWarning: This process (pid=11281) is multi-threaded, use of fork() may lead to deadlocks in the child.
  pid = os.fork()

[2025-05-07T00:43:18.450+0000] {standard_task_runner.py:72} INFO - Started process 11296 to run task
[2025-05-07T00:43:18.451+0000] {standard_task_runner.py:104} INFO - Running: ['***', 'tasks', 'run', 'google_maps_reviews', 'run_dbt_models', 'manual__2025-05-06T20:00:25.137792+00:00', '--job-id', '699', '--raw', '--subdir', 'DAGS_FOLDER/***dag.py', '--cfg-path', '/tmp/tmpnb82v6w6']
[2025-05-07T00:43:18.455+0000] {standard_task_runner.py:105} INFO - Job 699: Subtask run_dbt_models
[2025-05-07T00:43:18.551+0000] {task_command.py:467} INFO - Running <TaskInstance: google_maps_reviews.run_dbt_models manual__2025-05-06T20:00:25.137792+00:00 [running]> on host 8280c28b7f0f
[2025-05-07T00:43:18.717+0000] {taskinstance.py:3134} INFO - Exporting env vars: AIRFLOW_CTX_DAG_OWNER='***' AIRFLOW_CTX_DAG_ID='google_maps_reviews' AIRFLOW_CTX_TASK_ID='run_dbt_models' AIRFLOW_CTX_EXECUTION_DATE='2025-05-06T20:00:25.137792+00:00' AIRFLOW_CTX_TRY_NUMBER='5' AIRFLOW_CTX_DAG_RUN_ID='manual__2025-05-06T20:00:25.137792+00:00'
[2025-05-07T00:43:18.723+0000] {logging_mixin.py:190} INFO - Task instance is in running state
[2025-05-07T00:43:18.724+0000] {logging_mixin.py:190} INFO -  Previous state of the Task instance: queued
[2025-05-07T00:43:18.725+0000] {logging_mixin.py:190} INFO - Current task name:run_dbt_models state:running start_date:2025-05-07 00:43:18.367013+00:00
[2025-05-07T00:43:18.726+0000] {logging_mixin.py:190} INFO - Dag name:google_maps_reviews and current dag run status:running
[2025-05-07T00:43:18.726+0000] {taskinstance.py:732} INFO - ::endgroup::
[2025-05-07T00:43:18.728+0000] {subprocess.py:78} INFO - Tmp dir root location: /tmp
[2025-05-07T00:43:18.731+0000] {subprocess.py:88} INFO - Running command: ['/usr/bin/bash', '-c', 'cd /opt/***/dbt_project/bank_reviews_dbt && dbt run --profiles-dir .']
[2025-05-07T00:43:18.760+0000] {subprocess.py:99} INFO - Output:
[2025-05-07T00:43:23.843+0000] {subprocess.py:106} INFO - [0m00:43:23  Running with dbt=1.9.4
[2025-05-07T00:43:24.535+0000] {subprocess.py:106} INFO - [0m00:43:24  Registered adapter: postgres=1.9.0
[2025-05-07T00:43:25.669+0000] {subprocess.py:106} INFO - [0m00:43:25  Found 5 models, 12 data tests, 433 macros
[2025-05-07T00:43:25.677+0000] {subprocess.py:106} INFO - [0m00:43:25
[2025-05-07T00:43:25.679+0000] {subprocess.py:106} INFO - [0m00:43:25  Concurrency: 1 threads (target='dev')
[2025-05-07T00:43:25.681+0000] {subprocess.py:106} INFO - [0m00:43:25
[2025-05-07T00:43:25.931+0000] {subprocess.py:106} INFO - [0m00:43:25  1 of 5 START sql table model review.dim_bank ................................... [RUN]
[2025-05-07T00:43:26.289+0000] {subprocess.py:106} INFO - [0m00:43:26  1 of 5 OK created sql table model review.dim_bank .............................. [[32mSELECT 153[0m in 0.34s]
[2025-05-07T00:43:26.293+0000] {subprocess.py:106} INFO - [0m00:43:26  2 of 5 START sql table model review.dim_branch ................................. [RUN]
[2025-05-07T00:43:26.437+0000] {subprocess.py:106} INFO - [0m00:43:26  2 of 5 OK created sql table model review.dim_branch ............................ [[32mSELECT 153[0m in 0.14s]
[2025-05-07T00:43:26.442+0000] {subprocess.py:106} INFO - [0m00:43:26  3 of 5 START sql table model review.dim_location ............................... [RUN]
[2025-05-07T00:43:26.577+0000] {subprocess.py:106} INFO - [0m00:43:26  3 of 5 OK created sql table model review.dim_location .......................... [[32mSELECT 396[0m in 0.13s]
[2025-05-07T00:43:26.583+0000] {subprocess.py:106} INFO - [0m00:43:26  4 of 5 START sql table model review.dim_sentiment .............................. [RUN]
[2025-05-07T00:43:26.712+0000] {subprocess.py:106} INFO - [0m00:43:26  4 of 5 OK created sql table model review.dim_sentiment ......................... [[32mSELECT 3[0m in 0.13s]
[2025-05-07T00:43:26.718+0000] {subprocess.py:106} INFO - [0m00:43:26  5 of 5 START sql table model review.fact_reviews ............................... [RUN]
[2025-05-07T00:43:26.878+0000] {subprocess.py:106} INFO - [0m00:43:26  5 of 5 OK created sql table model review.fact_reviews .......................... [[32mSELECT 1680[0m in 0.16s]
[2025-05-07T00:43:26.903+0000] {subprocess.py:106} INFO - [0m00:43:26
[2025-05-07T00:43:26.904+0000] {subprocess.py:106} INFO - [0m00:43:26  Finished running 5 table models in 0 hours 0 minutes and 1.22 seconds (1.22s).
[2025-05-07T00:43:27.027+0000] {subprocess.py:106} INFO - [0m00:43:27
[2025-05-07T00:43:27.029+0000] {subprocess.py:106} INFO - [0m00:43:27  [32mCompleted successfully[0m
[2025-05-07T00:43:27.030+0000] {subprocess.py:106} INFO - [0m00:43:27
[2025-05-07T00:43:27.032+0000] {subprocess.py:106} INFO - [0m00:43:27  Done. PASS=5 WARN=0 ERROR=0 SKIP=0 TOTAL=5
[2025-05-07T00:43:29.022+0000] {subprocess.py:110} INFO - Command exited with return code 0
[2025-05-07T00:43:29.072+0000] {taskinstance.py:341} INFO - ::group::Post task execution logs
[2025-05-07T00:43:29.074+0000] {taskinstance.py:353} INFO - Marking task as SUCCESS. dag_id=google_maps_reviews, task_id=run_dbt_models, run_id=manual__2025-05-06T20:00:25.137792+00:00, execution_date=20250506T200025, start_date=20250507T004318, end_date=20250507T004329
[2025-05-07T00:43:29.122+0000] {logging_mixin.py:190} INFO - Task instance in success state
[2025-05-07T00:43:29.123+0000] {logging_mixin.py:190} INFO -  Previous state of the Task instance: running
[2025-05-07T00:43:29.124+0000] {logging_mixin.py:190} INFO - Dag name:google_maps_reviews queued_at:2025-05-07 00:37:43.303466+00:00
[2025-05-07T00:43:29.125+0000] {logging_mixin.py:190} INFO - Task hostname:8280c28b7f0f operator:BashOperator
[2025-05-07T00:43:29.168+0000] {local_task_job_runner.py:266} INFO - Task exited with return code 0
[2025-05-07T00:43:29.230+0000] {taskinstance.py:3901} INFO - 1 downstream tasks scheduled from follow-on schedule check
[2025-05-07T00:43:29.233+0000] {local_task_job_runner.py:245} INFO - ::endgroup::
