[2025-05-08T22:14:06.526+0000] {local_task_job_runner.py:123} INFO - ::group::Pre task execution logs
[2025-05-08T22:14:06.570+0000] {taskinstance.py:2614} INFO - Dependencies all met for dep_context=non-requeueable deps ti=<TaskInstance: google_maps_reviews.remove_duplicates manual__2025-05-08T22:12:11.230444+00:00 [queued]>
[2025-05-08T22:14:06.587+0000] {taskinstance.py:2614} INFO - Dependencies all met for dep_context=requeueable deps ti=<TaskInstance: google_maps_reviews.remove_duplicates manual__2025-05-08T22:12:11.230444+00:00 [queued]>
[2025-05-08T22:14:06.588+0000] {taskinstance.py:2867} INFO - Starting attempt 1 of 2
[2025-05-08T22:14:06.616+0000] {taskinstance.py:2890} INFO - Executing <Task(PythonOperator): remove_duplicates> on 2025-05-08 22:12:11.230444+00:00
[2025-05-08T22:14:06.635+0000] {warnings.py:112} WARNING - /home/***/.local/lib/python3.12/site-packages/***/task/task_runner/standard_task_runner.py:70: DeprecationWarning: This process (pid=334) is multi-threaded, use of fork() may lead to deadlocks in the child.
  pid = os.fork()

[2025-05-08T22:14:06.639+0000] {standard_task_runner.py:72} INFO - Started process 349 to run task
[2025-05-08T22:14:06.639+0000] {standard_task_runner.py:104} INFO - Running: ['***', 'tasks', 'run', 'google_maps_reviews', 'remove_duplicates', 'manual__2025-05-08T22:12:11.230444+00:00', '--job-id', '908', '--raw', '--subdir', 'DAGS_FOLDER/***dag.py', '--cfg-path', '/tmp/tmpsnrqg2jo']
[2025-05-08T22:14:06.642+0000] {standard_task_runner.py:105} INFO - Job 908: Subtask remove_duplicates
[2025-05-08T22:14:06.728+0000] {task_command.py:467} INFO - Running <TaskInstance: google_maps_reviews.remove_duplicates manual__2025-05-08T22:12:11.230444+00:00 [running]> on host ff2d23694728
[2025-05-08T22:14:06.884+0000] {taskinstance.py:3134} INFO - Exporting env vars: AIRFLOW_CTX_DAG_EMAIL='elkhalfimaryame@gmail.com' AIRFLOW_CTX_DAG_OWNER='***' AIRFLOW_CTX_DAG_ID='google_maps_reviews' AIRFLOW_CTX_TASK_ID='remove_duplicates' AIRFLOW_CTX_EXECUTION_DATE='2025-05-08T22:12:11.230444+00:00' AIRFLOW_CTX_TRY_NUMBER='1' AIRFLOW_CTX_DAG_RUN_ID='manual__2025-05-08T22:12:11.230444+00:00'
[2025-05-08T22:14:06.886+0000] {logging_mixin.py:190} INFO - Task instance is in running state
[2025-05-08T22:14:06.887+0000] {logging_mixin.py:190} INFO -  Previous state of the Task instance: queued
[2025-05-08T22:14:06.888+0000] {logging_mixin.py:190} INFO - Current task name:remove_duplicates state:running start_date:2025-05-08 22:14:06.571109+00:00
[2025-05-08T22:14:06.888+0000] {logging_mixin.py:190} INFO - Dag name:google_maps_reviews and current dag run status:running
[2025-05-08T22:14:06.889+0000] {taskinstance.py:732} INFO - ::endgroup::
[2025-05-08T22:14:06.903+0000] {base.py:84} INFO - Retrieving connection 'postgres_defaut'
[2025-05-08T22:14:06.962+0000] {warnings.py:112} WARNING - /opt/***/dags/storeData.py:464: UserWarning: pandas only supports SQLAlchemy connectable (engine/connection) or database string URI or sqlite3 DBAPI2 connection. Other DBAPI2 objects are not tested. Please consider using SQLAlchemy.
  df = pd.read_sql_query(query, conn)

[2025-05-08T22:14:07.134+0000] {logging_mixin.py:190} INFO - Duplicate reviews removed.
[2025-05-08T22:14:07.137+0000] {python.py:240} INFO - Done. Returned value was: None
[2025-05-08T22:14:07.154+0000] {taskinstance.py:341} INFO - ::group::Post task execution logs
[2025-05-08T22:14:07.155+0000] {taskinstance.py:353} INFO - Marking task as SUCCESS. dag_id=google_maps_reviews, task_id=remove_duplicates, run_id=manual__2025-05-08T22:12:11.230444+00:00, execution_date=20250508T221211, start_date=20250508T221406, end_date=20250508T221407
[2025-05-08T22:14:07.209+0000] {logging_mixin.py:190} INFO - Task instance in success state
[2025-05-08T22:14:07.210+0000] {logging_mixin.py:190} INFO -  Previous state of the Task instance: running
[2025-05-08T22:14:07.211+0000] {logging_mixin.py:190} INFO - Dag name:google_maps_reviews queued_at:2025-05-08 22:12:11.268715+00:00
[2025-05-08T22:14:07.212+0000] {logging_mixin.py:190} INFO - Task hostname:ff2d23694728 operator:PythonOperator
[2025-05-08T22:14:07.259+0000] {local_task_job_runner.py:266} INFO - Task exited with return code 0
[2025-05-08T22:14:07.316+0000] {taskinstance.py:3901} INFO - 1 downstream tasks scheduled from follow-on schedule check
[2025-05-08T22:14:07.325+0000] {local_task_job_runner.py:245} INFO - ::endgroup::
