[2025-05-02T19:02:16.216+0000] {local_task_job_runner.py:123} INFO - ::group::Pre task execution logs
[2025-05-02T19:02:16.259+0000] {taskinstance.py:2614} INFO - Dependencies all met for dep_context=non-requeueable deps ti=<TaskInstance: google_maps_reviews.analyze_sentiment scheduled__2025-05-01T00:00:00+00:00 [queued]>
[2025-05-02T19:02:16.278+0000] {taskinstance.py:2614} INFO - Dependencies all met for dep_context=requeueable deps ti=<TaskInstance: google_maps_reviews.analyze_sentiment scheduled__2025-05-01T00:00:00+00:00 [queued]>
[2025-05-02T19:02:16.280+0000] {taskinstance.py:2867} INFO - Starting attempt 1 of 2
[2025-05-02T19:02:16.306+0000] {taskinstance.py:2890} INFO - Executing <Task(PythonOperator): analyze_sentiment> on 2025-05-01 00:00:00+00:00
[2025-05-02T19:02:16.323+0000] {warnings.py:112} WARNING - /home/***/.local/lib/python3.12/site-packages/***/task/task_runner/standard_task_runner.py:70: DeprecationWarning: This process (pid=334) is multi-threaded, use of fork() may lead to deadlocks in the child.
  pid = os.fork()

[2025-05-02T19:02:16.328+0000] {standard_task_runner.py:72} INFO - Started process 351 to run task
[2025-05-02T19:02:16.328+0000] {standard_task_runner.py:104} INFO - Running: ['***', 'tasks', 'run', 'google_maps_reviews', 'analyze_sentiment', 'scheduled__2025-05-01T00:00:00+00:00', '--job-id', '125', '--raw', '--subdir', 'DAGS_FOLDER/***dag.py', '--cfg-path', '/tmp/tmpv72rx72h']
[2025-05-02T19:02:16.331+0000] {standard_task_runner.py:105} INFO - Job 125: Subtask analyze_sentiment
[2025-05-02T19:02:16.430+0000] {task_command.py:467} INFO - Running <TaskInstance: google_maps_reviews.analyze_sentiment scheduled__2025-05-01T00:00:00+00:00 [running]> on host 6ca499d7a39a
[2025-05-02T19:02:16.602+0000] {taskinstance.py:3134} INFO - Exporting env vars: AIRFLOW_CTX_DAG_OWNER='***' AIRFLOW_CTX_DAG_ID='google_maps_reviews' AIRFLOW_CTX_TASK_ID='analyze_sentiment' AIRFLOW_CTX_EXECUTION_DATE='2025-05-01T00:00:00+00:00' AIRFLOW_CTX_TRY_NUMBER='1' AIRFLOW_CTX_DAG_RUN_ID='scheduled__2025-05-01T00:00:00+00:00'
[2025-05-02T19:02:16.608+0000] {logging_mixin.py:190} INFO - Task instance is in running state
[2025-05-02T19:02:16.609+0000] {logging_mixin.py:190} INFO -  Previous state of the Task instance: queued
[2025-05-02T19:02:16.611+0000] {logging_mixin.py:190} INFO - Current task name:analyze_sentiment state:running start_date:2025-05-02 19:02:16.261067+00:00
[2025-05-02T19:02:16.613+0000] {logging_mixin.py:190} INFO - Dag name:google_maps_reviews and current dag run status:running
[2025-05-02T19:02:16.615+0000] {taskinstance.py:732} INFO - ::endgroup::
[2025-05-02T19:02:16.638+0000] {base.py:84} INFO - Retrieving connection 'postgres_defaut'
[2025-05-02T19:02:16.650+0000] {logging_mixin.py:190} INFO - Sentiment analysis completed.
[2025-05-02T19:02:16.652+0000] {python.py:240} INFO - Done. Returned value was: None
[2025-05-02T19:02:16.680+0000] {taskinstance.py:341} INFO - ::group::Post task execution logs
[2025-05-02T19:02:16.681+0000] {taskinstance.py:353} INFO - Marking task as SUCCESS. dag_id=google_maps_reviews, task_id=analyze_sentiment, run_id=scheduled__2025-05-01T00:00:00+00:00, execution_date=20250501T000000, start_date=20250502T190216, end_date=20250502T190216
[2025-05-02T19:02:16.730+0000] {logging_mixin.py:190} INFO - Task instance in success state
[2025-05-02T19:02:16.731+0000] {logging_mixin.py:190} INFO -  Previous state of the Task instance: running
[2025-05-02T19:02:16.732+0000] {logging_mixin.py:190} INFO - Dag name:google_maps_reviews queued_at:2025-05-02 18:59:47.044991+00:00
[2025-05-02T19:02:16.733+0000] {logging_mixin.py:190} INFO - Task hostname:6ca499d7a39a operator:PythonOperator
[2025-05-02T19:02:16.793+0000] {local_task_job_runner.py:266} INFO - Task exited with return code 0
[2025-05-02T19:02:16.844+0000] {taskinstance.py:3901} INFO - 0 downstream tasks scheduled from follow-on schedule check
[2025-05-02T19:02:16.849+0000] {local_task_job_runner.py:245} INFO - ::endgroup::
