[2025-05-05T20:59:56.527+0000] {local_task_job_runner.py:123} INFO - ::group::Pre task execution logs
[2025-05-05T20:59:56.590+0000] {taskinstance.py:2614} INFO - Dependencies all met for dep_context=non-requeueable deps ti=<TaskInstance: google_maps_reviews.remove_duplicates scheduled__2025-05-04T00:00:00+00:00 [queued]>
[2025-05-05T20:59:56.620+0000] {taskinstance.py:2614} INFO - Dependencies all met for dep_context=requeueable deps ti=<TaskInstance: google_maps_reviews.remove_duplicates scheduled__2025-05-04T00:00:00+00:00 [queued]>
[2025-05-05T20:59:56.622+0000] {taskinstance.py:2867} INFO - Starting attempt 1 of 2
[2025-05-05T20:59:56.664+0000] {taskinstance.py:2890} INFO - Executing <Task(PythonOperator): remove_duplicates> on 2025-05-04 00:00:00+00:00
[2025-05-05T20:59:56.686+0000] {warnings.py:112} WARNING - /home/***/.local/lib/python3.12/site-packages/***/task/task_runner/standard_task_runner.py:70: DeprecationWarning: This process (pid=109) is multi-threaded, use of fork() may lead to deadlocks in the child.
  pid = os.fork()

[2025-05-05T20:59:56.689+0000] {standard_task_runner.py:72} INFO - Started process 130 to run task
[2025-05-05T20:59:56.688+0000] {standard_task_runner.py:104} INFO - Running: ['***', 'tasks', 'run', 'google_maps_reviews', 'remove_duplicates', 'scheduled__2025-05-04T00:00:00+00:00', '--job-id', '472', '--raw', '--subdir', 'DAGS_FOLDER/***dag.py', '--cfg-path', '/tmp/tmp56ny9czq']
[2025-05-05T20:59:56.692+0000] {standard_task_runner.py:105} INFO - Job 472: Subtask remove_duplicates
[2025-05-05T20:59:56.798+0000] {task_command.py:467} INFO - Running <TaskInstance: google_maps_reviews.remove_duplicates scheduled__2025-05-04T00:00:00+00:00 [running]> on host 8280c28b7f0f
[2025-05-05T20:59:56.973+0000] {taskinstance.py:3134} INFO - Exporting env vars: AIRFLOW_CTX_DAG_OWNER='***' AIRFLOW_CTX_DAG_ID='google_maps_reviews' AIRFLOW_CTX_TASK_ID='remove_duplicates' AIRFLOW_CTX_EXECUTION_DATE='2025-05-04T00:00:00+00:00' AIRFLOW_CTX_TRY_NUMBER='1' AIRFLOW_CTX_DAG_RUN_ID='scheduled__2025-05-04T00:00:00+00:00'
[2025-05-05T20:59:56.976+0000] {logging_mixin.py:190} INFO - Task instance is in running state
[2025-05-05T20:59:56.977+0000] {logging_mixin.py:190} INFO -  Previous state of the Task instance: queued
[2025-05-05T20:59:56.978+0000] {logging_mixin.py:190} INFO - Current task name:remove_duplicates state:running start_date:2025-05-05 20:59:56.592279+00:00
[2025-05-05T20:59:56.979+0000] {logging_mixin.py:190} INFO - Dag name:google_maps_reviews and current dag run status:running
[2025-05-05T20:59:56.980+0000] {taskinstance.py:732} INFO - ::endgroup::
[2025-05-05T20:59:56.997+0000] {base.py:84} INFO - Retrieving connection 'postgres_defaut'
[2025-05-05T20:59:57.010+0000] {logging_mixin.py:190} INFO - Duplicate reviews removed.
[2025-05-05T20:59:57.011+0000] {python.py:240} INFO - Done. Returned value was: None
[2025-05-05T20:59:57.029+0000] {taskinstance.py:341} INFO - ::group::Post task execution logs
[2025-05-05T20:59:57.031+0000] {taskinstance.py:353} INFO - Marking task as SUCCESS. dag_id=google_maps_reviews, task_id=remove_duplicates, run_id=scheduled__2025-05-04T00:00:00+00:00, execution_date=20250504T000000, start_date=20250505T205956, end_date=20250505T205957
[2025-05-05T20:59:57.076+0000] {logging_mixin.py:190} INFO - Task instance in success state
[2025-05-05T20:59:57.077+0000] {logging_mixin.py:190} INFO -  Previous state of the Task instance: running
[2025-05-05T20:59:57.079+0000] {logging_mixin.py:190} INFO - Dag name:google_maps_reviews queued_at:2025-05-05 20:59:22.747335+00:00
[2025-05-05T20:59:57.080+0000] {logging_mixin.py:190} INFO - Task hostname:8280c28b7f0f operator:PythonOperator
[2025-05-05T20:59:57.113+0000] {local_task_job_runner.py:266} INFO - Task exited with return code 0
[2025-05-05T20:59:57.175+0000] {taskinstance.py:3901} INFO - 1 downstream tasks scheduled from follow-on schedule check
[2025-05-05T20:59:57.180+0000] {local_task_job_runner.py:245} INFO - ::endgroup::
