[2025-05-04T01:08:01.011+0000] {local_task_job_runner.py:123} INFO - ::group::Pre task execution logs
[2025-05-04T01:08:01.060+0000] {taskinstance.py:2614} INFO - Dependencies all met for dep_context=non-requeueable deps ti=<TaskInstance: google_maps_reviews.detect_language scheduled__2025-05-03T00:00:00+00:00 [queued]>
[2025-05-04T01:08:01.098+0000] {taskinstance.py:2614} INFO - Dependencies all met for dep_context=requeueable deps ti=<TaskInstance: google_maps_reviews.detect_language scheduled__2025-05-03T00:00:00+00:00 [queued]>
[2025-05-04T01:08:01.101+0000] {taskinstance.py:2867} INFO - Starting attempt 1 of 2
[2025-05-04T01:08:01.143+0000] {taskinstance.py:2890} INFO - Executing <Task(PythonOperator): detect_language> on 2025-05-03 00:00:00+00:00
[2025-05-04T01:08:01.160+0000] {warnings.py:112} WARNING - /home/***/.local/lib/python3.12/site-packages/***/task/task_runner/standard_task_runner.py:70: DeprecationWarning: This process (pid=150) is multi-threaded, use of fork() may lead to deadlocks in the child.
  pid = os.fork()

[2025-05-04T01:08:01.166+0000] {standard_task_runner.py:72} INFO - Started process 165 to run task
[2025-05-04T01:08:01.166+0000] {standard_task_runner.py:104} INFO - Running: ['***', 'tasks', 'run', 'google_maps_reviews', 'detect_language', 'scheduled__2025-05-03T00:00:00+00:00', '--job-id', '412', '--raw', '--subdir', 'DAGS_FOLDER/***dag.py', '--cfg-path', '/tmp/tmpd6w6zmec']
[2025-05-04T01:08:01.168+0000] {standard_task_runner.py:105} INFO - Job 412: Subtask detect_language
[2025-05-04T01:08:01.264+0000] {task_command.py:467} INFO - Running <TaskInstance: google_maps_reviews.detect_language scheduled__2025-05-03T00:00:00+00:00 [running]> on host 8280c28b7f0f
[2025-05-04T01:08:01.430+0000] {taskinstance.py:3134} INFO - Exporting env vars: AIRFLOW_CTX_DAG_OWNER='***' AIRFLOW_CTX_DAG_ID='google_maps_reviews' AIRFLOW_CTX_TASK_ID='detect_language' AIRFLOW_CTX_EXECUTION_DATE='2025-05-03T00:00:00+00:00' AIRFLOW_CTX_TRY_NUMBER='1' AIRFLOW_CTX_DAG_RUN_ID='scheduled__2025-05-03T00:00:00+00:00'
[2025-05-04T01:08:01.433+0000] {logging_mixin.py:190} INFO - Task instance is in running state
[2025-05-04T01:08:01.434+0000] {logging_mixin.py:190} INFO -  Previous state of the Task instance: queued
[2025-05-04T01:08:01.435+0000] {logging_mixin.py:190} INFO - Current task name:detect_language state:running start_date:2025-05-04 01:08:01.062360+00:00
[2025-05-04T01:08:01.436+0000] {logging_mixin.py:190} INFO - Dag name:google_maps_reviews and current dag run status:running
[2025-05-04T01:08:01.437+0000] {taskinstance.py:732} INFO - ::endgroup::
[2025-05-04T01:08:01.454+0000] {base.py:84} INFO - Retrieving connection 'postgres_defaut'
[2025-05-04T01:08:03.210+0000] {logging_mixin.py:190} INFO - Language detection completed.
[2025-05-04T01:08:03.214+0000] {python.py:240} INFO - Done. Returned value was: None
[2025-05-04T01:08:03.235+0000] {taskinstance.py:341} INFO - ::group::Post task execution logs
[2025-05-04T01:08:03.237+0000] {taskinstance.py:353} INFO - Marking task as SUCCESS. dag_id=google_maps_reviews, task_id=detect_language, run_id=scheduled__2025-05-03T00:00:00+00:00, execution_date=20250503T000000, start_date=20250504T010801, end_date=20250504T010803
[2025-05-04T01:08:03.273+0000] {logging_mixin.py:190} INFO - Task instance in success state
[2025-05-04T01:08:03.278+0000] {logging_mixin.py:190} INFO -  Previous state of the Task instance: running
[2025-05-04T01:08:03.279+0000] {logging_mixin.py:190} INFO - Dag name:google_maps_reviews queued_at:2025-05-04 01:07:00.790536+00:00
[2025-05-04T01:08:03.280+0000] {logging_mixin.py:190} INFO - Task hostname:8280c28b7f0f operator:PythonOperator
[2025-05-04T01:08:03.318+0000] {local_task_job_runner.py:266} INFO - Task exited with return code 0
[2025-05-04T01:08:03.372+0000] {taskinstance.py:3901} INFO - 1 downstream tasks scheduled from follow-on schedule check
[2025-05-04T01:08:03.385+0000] {local_task_job_runner.py:245} INFO - ::endgroup::
