[2025-05-02T11:19:20.450+0000] {local_task_job_runner.py:123} INFO - ::group::Pre task execution logs
[2025-05-02T11:19:20.494+0000] {taskinstance.py:2614} INFO - Dependencies all met for dep_context=non-requeueable deps ti=<TaskInstance: google_maps_reviews_pipeline.analyze_sentiment manual__2025-05-02T11:18:28.506452+00:00 [queued]>
[2025-05-02T11:19:20.516+0000] {taskinstance.py:2614} INFO - Dependencies all met for dep_context=requeueable deps ti=<TaskInstance: google_maps_reviews_pipeline.analyze_sentiment manual__2025-05-02T11:18:28.506452+00:00 [queued]>
[2025-05-02T11:19:20.535+0000] {taskinstance.py:2867} INFO - Starting attempt 1 of 2
[2025-05-02T11:19:20.567+0000] {taskinstance.py:2890} INFO - Executing <Task(PythonOperator): analyze_sentiment> on 2025-05-02 11:18:28.506452+00:00
[2025-05-02T11:19:20.586+0000] {warnings.py:112} WARNING - /home/***/.local/lib/python3.12/site-packages/***/task/task_runner/standard_task_runner.py:70: DeprecationWarning: This process (pid=634) is multi-threaded, use of fork() may lead to deadlocks in the child.
  pid = os.fork()

[2025-05-02T11:19:20.590+0000] {standard_task_runner.py:72} INFO - Started process 649 to run task
[2025-05-02T11:19:20.591+0000] {standard_task_runner.py:104} INFO - Running: ['***', 'tasks', 'run', 'google_maps_reviews_pipeline', 'analyze_sentiment', 'manual__2025-05-02T11:18:28.506452+00:00', '--job-id', '87', '--raw', '--subdir', 'DAGS_FOLDER/***dag.py', '--cfg-path', '/tmp/tmpvkuycq59']
[2025-05-02T11:19:20.593+0000] {standard_task_runner.py:105} INFO - Job 87: Subtask analyze_sentiment
[2025-05-02T11:19:20.687+0000] {task_command.py:467} INFO - Running <TaskInstance: google_maps_reviews_pipeline.analyze_sentiment manual__2025-05-02T11:18:28.506452+00:00 [running]> on host 95fe2406fe61
[2025-05-02T11:19:20.860+0000] {taskinstance.py:3134} INFO - Exporting env vars: AIRFLOW_CTX_DAG_OWNER='***' AIRFLOW_CTX_DAG_ID='google_maps_reviews_pipeline' AIRFLOW_CTX_TASK_ID='analyze_sentiment' AIRFLOW_CTX_EXECUTION_DATE='2025-05-02T11:18:28.506452+00:00' AIRFLOW_CTX_TRY_NUMBER='1' AIRFLOW_CTX_DAG_RUN_ID='manual__2025-05-02T11:18:28.506452+00:00'
[2025-05-02T11:19:20.863+0000] {logging_mixin.py:190} INFO - Task instance is in running state
[2025-05-02T11:19:20.865+0000] {logging_mixin.py:190} INFO -  Previous state of the Task instance: queued
[2025-05-02T11:19:20.866+0000] {logging_mixin.py:190} INFO - Current task name:analyze_sentiment state:running start_date:2025-05-02 11:19:20.496455+00:00
[2025-05-02T11:19:20.866+0000] {logging_mixin.py:190} INFO - Dag name:google_maps_reviews_pipeline and current dag run status:running
[2025-05-02T11:19:20.867+0000] {taskinstance.py:732} INFO - ::endgroup::
[2025-05-02T11:19:20.886+0000] {base.py:84} INFO - Retrieving connection 'postgres_defaut'
[2025-05-02T11:19:20.894+0000] {logging_mixin.py:190} INFO - Sentiment analysis completed.
[2025-05-02T11:19:20.896+0000] {python.py:240} INFO - Done. Returned value was: None
[2025-05-02T11:19:20.917+0000] {taskinstance.py:341} INFO - ::group::Post task execution logs
[2025-05-02T11:19:20.918+0000] {taskinstance.py:353} INFO - Marking task as SUCCESS. dag_id=google_maps_reviews_pipeline, task_id=analyze_sentiment, run_id=manual__2025-05-02T11:18:28.506452+00:00, execution_date=20250502T111828, start_date=20250502T111920, end_date=20250502T111920
[2025-05-02T11:19:20.957+0000] {logging_mixin.py:190} INFO - Task instance in success state
[2025-05-02T11:19:20.959+0000] {logging_mixin.py:190} INFO -  Previous state of the Task instance: running
[2025-05-02T11:19:20.960+0000] {logging_mixin.py:190} INFO - Dag name:google_maps_reviews_pipeline queued_at:2025-05-02 11:18:28.572452+00:00
[2025-05-02T11:19:20.961+0000] {logging_mixin.py:190} INFO - Task hostname:95fe2406fe61 operator:PythonOperator
[2025-05-02T11:19:21.010+0000] {local_task_job_runner.py:266} INFO - Task exited with return code 0
[2025-05-02T11:19:21.086+0000] {taskinstance.py:3901} INFO - 1 downstream tasks scheduled from follow-on schedule check
[2025-05-02T11:19:21.107+0000] {local_task_job_runner.py:245} INFO - ::endgroup::
