[2025-05-03T12:28:53.046+0000] {local_task_job_runner.py:123} INFO - ::group::Pre task execution logs
[2025-05-03T12:28:53.087+0000] {taskinstance.py:2614} INFO - Dependencies all met for dep_context=non-requeueable deps ti=<TaskInstance: google_maps_reviews.run_dbt_models manual__2025-05-03T12:27:26.480506+00:00 [queued]>
[2025-05-03T12:28:53.111+0000] {taskinstance.py:2614} INFO - Dependencies all met for dep_context=requeueable deps ti=<TaskInstance: google_maps_reviews.run_dbt_models manual__2025-05-03T12:27:26.480506+00:00 [queued]>
[2025-05-03T12:28:53.112+0000] {taskinstance.py:2867} INFO - Starting attempt 1 of 2
[2025-05-03T12:28:53.135+0000] {taskinstance.py:2890} INFO - Executing <Task(BashOperator): run_dbt_models> on 2025-05-03 12:27:26.480506+00:00
[2025-05-03T12:28:53.157+0000] {warnings.py:112} WARNING - /home/***/.local/lib/python3.12/site-packages/***/task/task_runner/standard_task_runner.py:70: DeprecationWarning: This process (pid=2236) is multi-threaded, use of fork() may lead to deadlocks in the child.
  pid = os.fork()

[2025-05-03T12:28:53.162+0000] {standard_task_runner.py:72} INFO - Started process 2258 to run task
[2025-05-03T12:28:53.161+0000] {standard_task_runner.py:104} INFO - Running: ['***', 'tasks', 'run', 'google_maps_reviews', 'run_dbt_models', 'manual__2025-05-03T12:27:26.480506+00:00', '--job-id', '254', '--raw', '--subdir', 'DAGS_FOLDER/***dag.py', '--cfg-path', '/tmp/tmphqvsjokq']
[2025-05-03T12:28:53.163+0000] {standard_task_runner.py:105} INFO - Job 254: Subtask run_dbt_models
[2025-05-03T12:28:53.248+0000] {task_command.py:467} INFO - Running <TaskInstance: google_maps_reviews.run_dbt_models manual__2025-05-03T12:27:26.480506+00:00 [running]> on host 8280c28b7f0f
[2025-05-03T12:28:53.415+0000] {taskinstance.py:3134} INFO - Exporting env vars: AIRFLOW_CTX_DAG_OWNER='***' AIRFLOW_CTX_DAG_ID='google_maps_reviews' AIRFLOW_CTX_TASK_ID='run_dbt_models' AIRFLOW_CTX_EXECUTION_DATE='2025-05-03T12:27:26.480506+00:00' AIRFLOW_CTX_TRY_NUMBER='1' AIRFLOW_CTX_DAG_RUN_ID='manual__2025-05-03T12:27:26.480506+00:00'
[2025-05-03T12:28:53.418+0000] {logging_mixin.py:190} INFO - Task instance is in running state
[2025-05-03T12:28:53.419+0000] {logging_mixin.py:190} INFO -  Previous state of the Task instance: queued
[2025-05-03T12:28:53.420+0000] {logging_mixin.py:190} INFO - Current task name:run_dbt_models state:running start_date:2025-05-03 12:28:53.088892+00:00
[2025-05-03T12:28:53.420+0000] {logging_mixin.py:190} INFO - Dag name:google_maps_reviews and current dag run status:running
[2025-05-03T12:28:53.421+0000] {taskinstance.py:732} INFO - ::endgroup::
[2025-05-03T12:28:53.423+0000] {subprocess.py:78} INFO - Tmp dir root location: /tmp
[2025-05-03T12:28:53.424+0000] {subprocess.py:88} INFO - Running command: ['/usr/bin/bash', '-c', 'cd /opt/***/dbt_project/bank_reviews_dbt && dbt run --profiles-dir .']
[2025-05-03T12:28:53.455+0000] {subprocess.py:99} INFO - Output:
[2025-05-03T12:28:58.184+0000] {subprocess.py:106} INFO - [0m12:28:58  Running with dbt=1.9.4
[2025-05-03T12:28:58.874+0000] {subprocess.py:106} INFO - [0m12:28:58  Registered adapter: postgres=1.9.0
[2025-05-03T12:28:59.910+0000] {subprocess.py:106} INFO - [0m12:28:59  Found 5 models, 12 data tests, 433 macros
[2025-05-03T12:28:59.918+0000] {subprocess.py:106} INFO - [0m12:28:59
[2025-05-03T12:28:59.919+0000] {subprocess.py:106} INFO - [0m12:28:59  Concurrency: 1 threads (target='dev')
[2025-05-03T12:28:59.921+0000] {subprocess.py:106} INFO - [0m12:28:59
[2025-05-03T12:29:00.153+0000] {subprocess.py:106} INFO - [0m12:29:00  1 of 5 START sql table model review.dim_bank ................................... [RUN]
[2025-05-03T12:29:00.505+0000] {subprocess.py:106} INFO - [0m12:29:00  1 of 5 OK created sql table model review.dim_bank .............................. [[32mSELECT 44[0m in 0.35s]
[2025-05-03T12:29:00.511+0000] {subprocess.py:106} INFO - [0m12:29:00  2 of 5 START sql table model review.dim_branch ................................. [RUN]
[2025-05-03T12:29:00.670+0000] {subprocess.py:106} INFO - [0m12:29:00  2 of 5 OK created sql table model review.dim_branch ............................ [[32mSELECT 44[0m in 0.15s]
[2025-05-03T12:29:00.677+0000] {subprocess.py:106} INFO - [0m12:29:00  3 of 5 START sql table model review.dim_location ............................... [RUN]
[2025-05-03T12:29:00.835+0000] {subprocess.py:106} INFO - [0m12:29:00  3 of 5 OK created sql table model review.dim_location .......................... [[32mSELECT 46[0m in 0.15s]
[2025-05-03T12:29:00.840+0000] {subprocess.py:106} INFO - [0m12:29:00  4 of 5 START sql table model review.dim_sentiment .............................. [RUN]
[2025-05-03T12:29:00.977+0000] {subprocess.py:106} INFO - [0m12:29:00  4 of 5 OK created sql table model review.dim_sentiment ......................... [[32mSELECT 1[0m in 0.13s]
[2025-05-03T12:29:00.982+0000] {subprocess.py:106} INFO - [0m12:29:00  5 of 5 START sql table model review.fact_reviews ............................... [RUN]
[2025-05-03T12:29:01.124+0000] {subprocess.py:106} INFO - [0m12:29:01  5 of 5 OK created sql table model review.fact_reviews .......................... [[32mSELECT 418[0m in 0.14s]
[2025-05-03T12:29:01.156+0000] {subprocess.py:106} INFO - [0m12:29:01
[2025-05-03T12:29:01.158+0000] {subprocess.py:106} INFO - [0m12:29:01  Finished running 5 table models in 0 hours 0 minutes and 1.23 seconds (1.23s).
[2025-05-03T12:29:01.291+0000] {subprocess.py:106} INFO - [0m12:29:01
[2025-05-03T12:29:01.293+0000] {subprocess.py:106} INFO - [0m12:29:01  [32mCompleted successfully[0m
[2025-05-03T12:29:01.295+0000] {subprocess.py:106} INFO - [0m12:29:01
[2025-05-03T12:29:01.297+0000] {subprocess.py:106} INFO - [0m12:29:01  Done. PASS=5 WARN=0 ERROR=0 SKIP=0 TOTAL=5
[2025-05-03T12:29:03.077+0000] {subprocess.py:110} INFO - Command exited with return code 0
[2025-05-03T12:29:03.137+0000] {taskinstance.py:341} INFO - ::group::Post task execution logs
[2025-05-03T12:29:03.138+0000] {taskinstance.py:353} INFO - Marking task as SUCCESS. dag_id=google_maps_reviews, task_id=run_dbt_models, run_id=manual__2025-05-03T12:27:26.480506+00:00, execution_date=20250503T122726, start_date=20250503T122853, end_date=20250503T122903
[2025-05-03T12:29:03.189+0000] {logging_mixin.py:190} INFO - Task instance in success state
[2025-05-03T12:29:03.191+0000] {logging_mixin.py:190} INFO -  Previous state of the Task instance: running
[2025-05-03T12:29:03.192+0000] {logging_mixin.py:190} INFO - Dag name:google_maps_reviews queued_at:2025-05-03 12:27:26.506108+00:00
[2025-05-03T12:29:03.193+0000] {logging_mixin.py:190} INFO - Task hostname:8280c28b7f0f operator:BashOperator
[2025-05-03T12:29:03.240+0000] {local_task_job_runner.py:266} INFO - Task exited with return code 0
[2025-05-03T12:29:03.292+0000] {taskinstance.py:3901} INFO - 1 downstream tasks scheduled from follow-on schedule check
[2025-05-03T12:29:03.301+0000] {local_task_job_runner.py:245} INFO - ::endgroup::
