[2025-05-03T06:54:30.912+0000] {local_task_job_runner.py:123} INFO - ::group::Pre task execution logs
[2025-05-03T06:54:30.952+0000] {taskinstance.py:2614} INFO - Dependencies all met for dep_context=non-requeueable deps ti=<TaskInstance: google_maps_reviews.extract_topics manual__2025-05-03T06:53:22.169245+00:00 [queued]>
[2025-05-03T06:54:30.970+0000] {taskinstance.py:2614} INFO - Dependencies all met for dep_context=requeueable deps ti=<TaskInstance: google_maps_reviews.extract_topics manual__2025-05-03T06:53:22.169245+00:00 [queued]>
[2025-05-03T06:54:30.973+0000] {taskinstance.py:2867} INFO - Starting attempt 1 of 2
[2025-05-03T06:54:30.997+0000] {taskinstance.py:2890} INFO - Executing <Task(PythonOperator): extract_topics> on 2025-05-03 06:53:22.169245+00:00
[2025-05-03T06:54:31.020+0000] {warnings.py:112} WARNING - /home/***/.local/lib/python3.12/site-packages/***/task/task_runner/standard_task_runner.py:70: DeprecationWarning: This process (pid=1013) is multi-threaded, use of fork() may lead to deadlocks in the child.
  pid = os.fork()

[2025-05-03T06:54:31.022+0000] {standard_task_runner.py:104} INFO - Running: ['***', 'tasks', 'run', 'google_maps_reviews', 'extract_topics', 'manual__2025-05-03T06:53:22.169245+00:00', '--job-id', '218', '--raw', '--subdir', 'DAGS_FOLDER/***dag.py', '--cfg-path', '/tmp/tmpxdvx3mub']
[2025-05-03T06:54:31.026+0000] {standard_task_runner.py:72} INFO - Started process 1028 to run task
[2025-05-03T06:54:31.026+0000] {standard_task_runner.py:105} INFO - Job 218: Subtask extract_topics
[2025-05-03T06:54:31.114+0000] {task_command.py:467} INFO - Running <TaskInstance: google_maps_reviews.extract_topics manual__2025-05-03T06:53:22.169245+00:00 [running]> on host 8280c28b7f0f
[2025-05-03T06:54:31.298+0000] {taskinstance.py:3134} INFO - Exporting env vars: AIRFLOW_CTX_DAG_OWNER='***' AIRFLOW_CTX_DAG_ID='google_maps_reviews' AIRFLOW_CTX_TASK_ID='extract_topics' AIRFLOW_CTX_EXECUTION_DATE='2025-05-03T06:53:22.169245+00:00' AIRFLOW_CTX_TRY_NUMBER='1' AIRFLOW_CTX_DAG_RUN_ID='manual__2025-05-03T06:53:22.169245+00:00'
[2025-05-03T06:54:31.301+0000] {logging_mixin.py:190} INFO - Task instance is in running state
[2025-05-03T06:54:31.302+0000] {logging_mixin.py:190} INFO -  Previous state of the Task instance: queued
[2025-05-03T06:54:31.303+0000] {logging_mixin.py:190} INFO - Current task name:extract_topics state:running start_date:2025-05-03 06:54:30.953819+00:00
[2025-05-03T06:54:31.305+0000] {logging_mixin.py:190} INFO - Dag name:google_maps_reviews and current dag run status:running
[2025-05-03T06:54:31.306+0000] {taskinstance.py:732} INFO - ::endgroup::
[2025-05-03T06:54:31.324+0000] {base.py:84} INFO - Retrieving connection 'postgres_defaut'
[2025-05-03T06:54:31.431+0000] {dictionary.py:201} INFO - adding document #0 to Dictionary<0 unique tokens: []>
[2025-05-03T06:54:31.448+0000] {dictionary.py:206} INFO - built Dictionary<339 unique tokens: ['aus', 'cooperation', 'der', 'diplomatically', 'grüezi']...> from 397 documents (total 7312 corpus positions)
[2025-05-03T06:54:31.450+0000] {utils.py:447} INFO - Dictionary lifecycle event {'msg': "built Dictionary<339 unique tokens: ['aus', 'cooperation', 'der', 'diplomatically', 'grüezi']...> from 397 documents (total 7312 corpus positions)", 'datetime': '2025-05-03T06:54:31.450182', 'gensim': '4.3.3', 'python': '3.12.9 (main, Feb  6 2025, 22:37:05) [GCC 12.2.0]', 'platform': 'Linux-5.15.167.4-microsoft-standard-WSL2-x86_64-with-glibc2.36', 'event': 'created'}
[2025-05-03T06:54:31.462+0000] {ldamodel.py:577} INFO - using symmetric alpha at 0.3333333333333333
[2025-05-03T06:54:31.464+0000] {ldamodel.py:577} INFO - using symmetric eta at 0.3333333333333333
[2025-05-03T06:54:31.465+0000] {ldamodel.py:482} INFO - using serial LDA version on this node
[2025-05-03T06:54:31.467+0000] {ldamodel.py:948} INFO - running online (multi-pass) LDA training, 3 topics, 10 passes over the supplied corpus of 397 documents, updating model once every 397 documents, evaluating perplexity every 397 documents, iterating 50x with a convergence threshold of 0.001000
[2025-05-03T06:54:31.807+0000] {ldamodel.py:848} INFO - -6.424 per-word bound, 85.9 perplexity estimate based on a held-out corpus of 397 documents with 7312 words
[2025-05-03T06:54:31.809+0000] {ldamodel.py:1002} INFO - PROGRESS: pass 0, at document #397/397
[2025-05-03T06:54:32.098+0000] {ldamodel.py:1197} INFO - topic #0 (0.333): 0.040*"to" + 0.034*"the" + 0.027*"and" + 0.020*"a" + 0.019*"is" + 0.017*"service" + 0.016*"for" + 0.016*"one" + 0.016*"person" + 0.015*"agency"
[2025-05-03T06:54:32.100+0000] {ldamodel.py:1197} INFO - topic #1 (0.333): 0.062*"the" + 0.054*"to" + 0.027*"i" + 0.023*"agency" + 0.020*"and" + 0.018*"you" + 0.017*"of" + 0.016*"with" + 0.015*"a" + 0.014*"is"
[2025-05-03T06:54:32.101+0000] {ldamodel.py:1197} INFO - topic #2 (0.333): 0.049*"a" + 0.035*"nan" + 0.031*"the" + 0.030*"to" + 0.023*"and" + 0.018*"i" + 0.015*"is" + 0.015*"they" + 0.013*"with" + 0.013*"of"
[2025-05-03T06:54:32.101+0000] {ldamodel.py:1075} INFO - topic diff=1.549529, rho=1.000000
[2025-05-03T06:54:32.286+0000] {ldamodel.py:848} INFO - -5.215 per-word bound, 37.1 perplexity estimate based on a held-out corpus of 397 documents with 7312 words
[2025-05-03T06:54:32.288+0000] {ldamodel.py:1002} INFO - PROGRESS: pass 1, at document #397/397
[2025-05-03T06:54:32.423+0000] {ldamodel.py:1197} INFO - topic #0 (0.333): 0.038*"the" + 0.038*"to" + 0.027*"is" + 0.023*"and" + 0.022*"one" + 0.022*"a" + 0.020*"person" + 0.018*"treatment" + 0.017*"service" + 0.017*"professional"
[2025-05-03T06:54:32.424+0000] {ldamodel.py:1197} INFO - topic #1 (0.333): 0.060*"the" + 0.057*"to" + 0.030*"i" + 0.025*"agency" + 0.022*"and" + 0.018*"you" + 0.017*"with" + 0.017*"of" + 0.014*"this" + 0.014*"a"
[2025-05-03T06:54:32.425+0000] {ldamodel.py:1197} INFO - topic #2 (0.333): 0.054*"a" + 0.043*"nan" + 0.031*"the" + 0.024*"to" + 0.021*"and" + 0.016*"i" + 0.015*"they" + 0.015*"is" + 0.013*"you" + 0.013*"with"
[2025-05-03T06:54:32.426+0000] {ldamodel.py:1075} INFO - topic diff=0.451124, rho=0.577350
[2025-05-03T06:54:32.611+0000] {ldamodel.py:848} INFO - -5.093 per-word bound, 34.1 perplexity estimate based on a held-out corpus of 397 documents with 7312 words
[2025-05-03T06:54:32.612+0000] {ldamodel.py:1002} INFO - PROGRESS: pass 2, at document #397/397
[2025-05-03T06:54:32.718+0000] {ldamodel.py:1197} INFO - topic #0 (0.333): 0.040*"the" + 0.037*"to" + 0.029*"is" + 0.025*"one" + 0.024*"a" + 0.022*"person" + 0.021*"and" + 0.019*"treatment" + 0.018*"professional" + 0.018*"phone"
[2025-05-03T06:54:32.720+0000] {ldamodel.py:1197} INFO - topic #1 (0.333): 0.059*"the" + 0.058*"to" + 0.031*"i" + 0.026*"agency" + 0.023*"and" + 0.018*"you" + 0.017*"with" + 0.017*"of" + 0.015*"this" + 0.014*"for"
[2025-05-03T06:54:32.722+0000] {ldamodel.py:1197} INFO - topic #2 (0.333): 0.054*"a" + 0.047*"nan" + 0.031*"the" + 0.022*"to" + 0.020*"and" + 0.016*"they" + 0.016*"i" + 0.015*"is" + 0.013*"you" + 0.013*"with"
[2025-05-03T06:54:32.723+0000] {ldamodel.py:1075} INFO - topic diff=0.316147, rho=0.500000
[2025-05-03T06:54:32.911+0000] {ldamodel.py:848} INFO - -5.050 per-word bound, 33.1 perplexity estimate based on a held-out corpus of 397 documents with 7312 words
[2025-05-03T06:54:32.913+0000] {ldamodel.py:1002} INFO - PROGRESS: pass 3, at document #397/397
[2025-05-03T06:54:33.001+0000] {ldamodel.py:1197} INFO - topic #0 (0.333): 0.040*"the" + 0.036*"to" + 0.029*"is" + 0.026*"a" + 0.026*"one" + 0.022*"person" + 0.020*"and" + 0.019*"phone" + 0.019*"professional" + 0.019*"treatment"
[2025-05-03T06:54:33.003+0000] {ldamodel.py:1197} INFO - topic #1 (0.333): 0.059*"the" + 0.058*"to" + 0.031*"i" + 0.026*"agency" + 0.024*"and" + 0.018*"you" + 0.017*"with" + 0.017*"of" + 0.015*"this" + 0.015*"for"
[2025-05-03T06:54:33.004+0000] {ldamodel.py:1197} INFO - topic #2 (0.333): 0.054*"a" + 0.050*"nan" + 0.032*"the" + 0.021*"to" + 0.020*"and" + 0.016*"they" + 0.016*"i" + 0.015*"is" + 0.013*"with" + 0.013*"in"
[2025-05-03T06:54:33.005+0000] {ldamodel.py:1075} INFO - topic diff=0.238244, rho=0.447214
[2025-05-03T06:54:33.132+0000] {ldamodel.py:848} INFO - -5.030 per-word bound, 32.7 perplexity estimate based on a held-out corpus of 397 documents with 7312 words
[2025-05-03T06:54:33.133+0000] {ldamodel.py:1002} INFO - PROGRESS: pass 4, at document #397/397
[2025-05-03T06:54:33.204+0000] {ldamodel.py:1197} INFO - topic #0 (0.333): 0.040*"the" + 0.036*"to" + 0.029*"is" + 0.027*"a" + 0.026*"one" + 0.022*"person" + 0.019*"and" + 0.019*"phone" + 0.019*"professional" + 0.019*"treatment"
[2025-05-03T06:54:33.206+0000] {ldamodel.py:1197} INFO - topic #1 (0.333): 0.059*"to" + 0.058*"the" + 0.031*"i" + 0.026*"agency" + 0.024*"and" + 0.018*"you" + 0.018*"with" + 0.017*"of" + 0.016*"this" + 0.015*"for"
[2025-05-03T06:54:33.207+0000] {ldamodel.py:1197} INFO - topic #2 (0.333): 0.053*"a" + 0.051*"nan" + 0.032*"the" + 0.020*"to" + 0.019*"and" + 0.016*"they" + 0.016*"i" + 0.015*"is" + 0.014*"with" + 0.013*"in"
[2025-05-03T06:54:33.207+0000] {ldamodel.py:1075} INFO - topic diff=0.178818, rho=0.408248
[2025-05-03T06:54:33.320+0000] {ldamodel.py:848} INFO - -5.021 per-word bound, 32.5 perplexity estimate based on a held-out corpus of 397 documents with 7312 words
[2025-05-03T06:54:33.321+0000] {ldamodel.py:1002} INFO - PROGRESS: pass 5, at document #397/397
[2025-05-03T06:54:33.397+0000] {ldamodel.py:1197} INFO - topic #0 (0.333): 0.040*"the" + 0.036*"to" + 0.029*"is" + 0.028*"a" + 0.026*"one" + 0.022*"person" + 0.019*"phone" + 0.019*"professional" + 0.019*"and" + 0.019*"treatment"
[2025-05-03T06:54:33.399+0000] {ldamodel.py:1197} INFO - topic #1 (0.333): 0.059*"to" + 0.058*"the" + 0.031*"i" + 0.026*"agency" + 0.024*"and" + 0.018*"you" + 0.018*"with" + 0.017*"of" + 0.016*"this" + 0.015*"for"
[2025-05-03T06:54:33.401+0000] {ldamodel.py:1197} INFO - topic #2 (0.333): 0.053*"a" + 0.052*"nan" + 0.032*"the" + 0.020*"to" + 0.019*"and" + 0.017*"they" + 0.016*"i" + 0.015*"is" + 0.014*"with" + 0.014*"in"
[2025-05-03T06:54:33.402+0000] {ldamodel.py:1075} INFO - topic diff=0.133650, rho=0.377964
[2025-05-03T06:54:33.535+0000] {ldamodel.py:848} INFO - -5.017 per-word bound, 32.4 perplexity estimate based on a held-out corpus of 397 documents with 7312 words
[2025-05-03T06:54:33.536+0000] {ldamodel.py:1002} INFO - PROGRESS: pass 6, at document #397/397
[2025-05-03T06:54:33.605+0000] {ldamodel.py:1197} INFO - topic #0 (0.333): 0.041*"the" + 0.036*"to" + 0.029*"is" + 0.028*"a" + 0.026*"one" + 0.022*"person" + 0.019*"phone" + 0.019*"professional" + 0.019*"and" + 0.019*"treatment"
[2025-05-03T06:54:33.606+0000] {ldamodel.py:1197} INFO - topic #1 (0.333): 0.059*"to" + 0.058*"the" + 0.031*"i" + 0.026*"agency" + 0.024*"and" + 0.018*"you" + 0.017*"with" + 0.017*"of" + 0.016*"this" + 0.015*"for"
[2025-05-03T06:54:33.607+0000] {ldamodel.py:1197} INFO - topic #2 (0.333): 0.053*"a" + 0.052*"nan" + 0.033*"the" + 0.019*"to" + 0.019*"and" + 0.017*"they" + 0.016*"i" + 0.015*"is" + 0.014*"with" + 0.014*"in"
[2025-05-03T06:54:33.609+0000] {ldamodel.py:1075} INFO - topic diff=0.098832, rho=0.353553
[2025-05-03T06:54:33.727+0000] {ldamodel.py:848} INFO - -5.015 per-word bound, 32.3 perplexity estimate based on a held-out corpus of 397 documents with 7312 words
[2025-05-03T06:54:33.728+0000] {ldamodel.py:1002} INFO - PROGRESS: pass 7, at document #397/397
[2025-05-03T06:54:33.811+0000] {ldamodel.py:1197} INFO - topic #0 (0.333): 0.041*"the" + 0.036*"to" + 0.029*"is" + 0.029*"a" + 0.026*"one" + 0.022*"person" + 0.020*"phone" + 0.019*"professional" + 0.019*"and" + 0.019*"treatment"
[2025-05-03T06:54:33.813+0000] {ldamodel.py:1197} INFO - topic #1 (0.333): 0.059*"to" + 0.058*"the" + 0.032*"i" + 0.027*"agency" + 0.024*"and" + 0.018*"you" + 0.017*"with" + 0.017*"of" + 0.016*"this" + 0.015*"for"
[2025-05-03T06:54:33.814+0000] {ldamodel.py:1197} INFO - topic #2 (0.333): 0.053*"a" + 0.052*"nan" + 0.033*"the" + 0.019*"to" + 0.019*"and" + 0.017*"they" + 0.016*"i" + 0.015*"is" + 0.014*"with" + 0.014*"in"
[2025-05-03T06:54:33.815+0000] {ldamodel.py:1075} INFO - topic diff=0.072061, rho=0.333333
[2025-05-03T06:54:33.962+0000] {ldamodel.py:848} INFO - -5.013 per-word bound, 32.3 perplexity estimate based on a held-out corpus of 397 documents with 7312 words
[2025-05-03T06:54:33.965+0000] {ldamodel.py:1002} INFO - PROGRESS: pass 8, at document #397/397
[2025-05-03T06:54:34.048+0000] {ldamodel.py:1197} INFO - topic #0 (0.333): 0.041*"the" + 0.036*"to" + 0.029*"is" + 0.029*"a" + 0.026*"one" + 0.022*"person" + 0.020*"phone" + 0.020*"professional" + 0.019*"and" + 0.019*"treatment"
[2025-05-03T06:54:34.050+0000] {ldamodel.py:1197} INFO - topic #1 (0.333): 0.059*"to" + 0.058*"the" + 0.032*"i" + 0.027*"agency" + 0.024*"and" + 0.018*"you" + 0.017*"with" + 0.017*"of" + 0.016*"this" + 0.015*"for"
[2025-05-03T06:54:34.051+0000] {ldamodel.py:1197} INFO - topic #2 (0.333): 0.052*"a" + 0.052*"nan" + 0.033*"the" + 0.019*"to" + 0.019*"and" + 0.017*"they" + 0.016*"i" + 0.015*"is" + 0.014*"with" + 0.014*"in"
[2025-05-03T06:54:34.052+0000] {ldamodel.py:1075} INFO - topic diff=0.051967, rho=0.316228
[2025-05-03T06:54:34.163+0000] {ldamodel.py:848} INFO - -5.013 per-word bound, 32.3 perplexity estimate based on a held-out corpus of 397 documents with 7312 words
[2025-05-03T06:54:34.164+0000] {ldamodel.py:1002} INFO - PROGRESS: pass 9, at document #397/397
[2025-05-03T06:54:34.231+0000] {ldamodel.py:1197} INFO - topic #0 (0.333): 0.041*"the" + 0.036*"to" + 0.029*"is" + 0.029*"a" + 0.026*"one" + 0.022*"person" + 0.020*"professional" + 0.020*"phone" + 0.019*"and" + 0.019*"treatment"
[2025-05-03T06:54:34.233+0000] {ldamodel.py:1197} INFO - topic #1 (0.333): 0.059*"to" + 0.058*"the" + 0.032*"i" + 0.027*"agency" + 0.024*"and" + 0.018*"you" + 0.017*"with" + 0.017*"of" + 0.016*"this" + 0.015*"for"
[2025-05-03T06:54:34.235+0000] {ldamodel.py:1197} INFO - topic #2 (0.333): 0.052*"nan" + 0.052*"a" + 0.033*"the" + 0.019*"and" + 0.019*"to" + 0.017*"they" + 0.016*"i" + 0.015*"is" + 0.014*"with" + 0.014*"in"
[2025-05-03T06:54:34.236+0000] {ldamodel.py:1075} INFO - topic diff=0.037386, rho=0.301511
[2025-05-03T06:54:34.236+0000] {utils.py:447} INFO - LdaModel lifecycle event {'msg': 'trained LdaModel<num_terms=339, num_topics=3, decay=0.5, chunksize=2000> in 2.77s', 'datetime': '2025-05-03T06:54:34.236901', 'gensim': '4.3.3', 'python': '3.12.9 (main, Feb  6 2025, 22:37:05) [GCC 12.2.0]', 'platform': 'Linux-5.15.167.4-microsoft-standard-WSL2-x86_64-with-glibc2.36', 'event': 'created'}
[2025-05-03T06:54:34.238+0000] {ldamodel.py:1197} INFO - topic #0 (0.333): 0.041*"the" + 0.036*"to" + 0.029*"is" + 0.029*"a" + 0.026*"one" + 0.022*"person" + 0.020*"professional" + 0.020*"phone" + 0.019*"and" + 0.019*"treatment"
[2025-05-03T06:54:34.238+0000] {ldamodel.py:1197} INFO - topic #1 (0.333): 0.059*"to" + 0.058*"the" + 0.032*"i" + 0.027*"agency" + 0.024*"and" + 0.018*"you" + 0.017*"with" + 0.017*"of" + 0.016*"this" + 0.015*"for"
[2025-05-03T06:54:34.239+0000] {ldamodel.py:1197} INFO - topic #2 (0.333): 0.052*"nan" + 0.052*"a" + 0.033*"the" + 0.019*"and" + 0.019*"to" + 0.017*"they" + 0.016*"i" + 0.015*"is" + 0.014*"with" + 0.014*"in"
[2025-05-03T06:54:34.240+0000] {logging_mixin.py:190} INFO - Extracted topics: [(0, '0.041*"the" + 0.036*"to" + 0.029*"is" + 0.029*"a" + 0.026*"one" + 0.022*"person" + 0.020*"professional" + 0.020*"phone" + 0.019*"and" + 0.019*"treatment"'), (1, '0.059*"to" + 0.058*"the" + 0.032*"i" + 0.027*"agency" + 0.024*"and" + 0.018*"you" + 0.017*"with" + 0.017*"of" + 0.016*"this" + 0.015*"for"'), (2, '0.052*"nan" + 0.052*"a" + 0.033*"the" + 0.019*"and" + 0.019*"to" + 0.017*"they" + 0.016*"i" + 0.015*"is" + 0.014*"with" + 0.014*"in"')]
[2025-05-03T06:54:34.242+0000] {python.py:240} INFO - Done. Returned value was: None
[2025-05-03T06:54:34.258+0000] {taskinstance.py:341} INFO - ::group::Post task execution logs
[2025-05-03T06:54:34.259+0000] {taskinstance.py:353} INFO - Marking task as SUCCESS. dag_id=google_maps_reviews, task_id=extract_topics, run_id=manual__2025-05-03T06:53:22.169245+00:00, execution_date=20250503T065322, start_date=20250503T065430, end_date=20250503T065434
[2025-05-03T06:54:34.322+0000] {logging_mixin.py:190} INFO - Task instance in success state
[2025-05-03T06:54:34.324+0000] {logging_mixin.py:190} INFO -  Previous state of the Task instance: running
[2025-05-03T06:54:34.324+0000] {logging_mixin.py:190} INFO - Dag name:google_maps_reviews queued_at:2025-05-03 06:53:22.213155+00:00
[2025-05-03T06:54:34.325+0000] {logging_mixin.py:190} INFO - Task hostname:8280c28b7f0f operator:PythonOperator
[2025-05-03T06:54:34.344+0000] {local_task_job_runner.py:266} INFO - Task exited with return code 0
[2025-05-03T06:54:34.411+0000] {taskinstance.py:3901} INFO - 1 downstream tasks scheduled from follow-on schedule check
[2025-05-03T06:54:34.415+0000] {local_task_job_runner.py:245} INFO - ::endgroup::
