[2025-05-06T15:47:32.758+0000] {local_task_job_runner.py:123} INFO - ::group::Pre task execution logs
[2025-05-06T15:47:32.811+0000] {taskinstance.py:2614} INFO - Dependencies all met for dep_context=non-requeueable deps ti=<TaskInstance: google_maps_reviews.extract_topics scheduled__2025-05-05T00:00:00+00:00 [queued]>
[2025-05-06T15:47:32.847+0000] {taskinstance.py:2614} INFO - Dependencies all met for dep_context=requeueable deps ti=<TaskInstance: google_maps_reviews.extract_topics scheduled__2025-05-05T00:00:00+00:00 [queued]>
[2025-05-06T15:47:32.866+0000] {taskinstance.py:2867} INFO - Starting attempt 2 of 3
[2025-05-06T15:47:32.891+0000] {taskinstance.py:2890} INFO - Executing <Task(PythonOperator): extract_topics> on 2025-05-05 00:00:00+00:00
[2025-05-06T15:47:32.912+0000] {warnings.py:112} WARNING - /home/***/.local/lib/python3.12/site-packages/***/task/task_runner/standard_task_runner.py:70: DeprecationWarning: This process (pid=3157) is multi-threaded, use of fork() may lead to deadlocks in the child.
  pid = os.fork()

[2025-05-06T15:47:32.916+0000] {standard_task_runner.py:104} INFO - Running: ['***', 'tasks', 'run', 'google_maps_reviews', 'extract_topics', 'scheduled__2025-05-05T00:00:00+00:00', '--job-id', '546', '--raw', '--subdir', 'DAGS_FOLDER/***dag.py', '--cfg-path', '/tmp/tmp62kh0ls4']
[2025-05-06T15:47:32.921+0000] {standard_task_runner.py:105} INFO - Job 546: Subtask extract_topics
[2025-05-06T15:47:32.920+0000] {standard_task_runner.py:72} INFO - Started process 3179 to run task
[2025-05-06T15:47:33.023+0000] {task_command.py:467} INFO - Running <TaskInstance: google_maps_reviews.extract_topics scheduled__2025-05-05T00:00:00+00:00 [running]> on host 8280c28b7f0f
[2025-05-06T15:47:33.180+0000] {taskinstance.py:3134} INFO - Exporting env vars: AIRFLOW_CTX_DAG_OWNER='***' AIRFLOW_CTX_DAG_ID='google_maps_reviews' AIRFLOW_CTX_TASK_ID='extract_topics' AIRFLOW_CTX_EXECUTION_DATE='2025-05-05T00:00:00+00:00' AIRFLOW_CTX_TRY_NUMBER='2' AIRFLOW_CTX_DAG_RUN_ID='scheduled__2025-05-05T00:00:00+00:00'
[2025-05-06T15:47:33.184+0000] {logging_mixin.py:190} INFO - Task instance is in running state
[2025-05-06T15:47:33.186+0000] {logging_mixin.py:190} INFO -  Previous state of the Task instance: queued
[2025-05-06T15:47:33.188+0000] {logging_mixin.py:190} INFO - Current task name:extract_topics state:running start_date:2025-05-06 15:47:32.817717+00:00
[2025-05-06T15:47:33.189+0000] {logging_mixin.py:190} INFO - Dag name:google_maps_reviews and current dag run status:running
[2025-05-06T15:47:33.190+0000] {taskinstance.py:732} INFO - ::endgroup::
[2025-05-06T15:47:33.206+0000] {base.py:84} INFO - Retrieving connection 'postgres_defaut'
[2025-05-06T15:47:33.569+0000] {dictionary.py:201} INFO - adding document #0 to Dictionary<0 unique tokens: []>
[2025-05-06T15:47:33.656+0000] {dictionary.py:206} INFO - built Dictionary<1204 unique tokens: ['15', 'a', 'about', 'adviser', 'advisor']...> from 3472 documents (total 30026 corpus positions)
[2025-05-06T15:47:33.658+0000] {utils.py:447} INFO - Dictionary lifecycle event {'msg': "built Dictionary<1204 unique tokens: ['15', 'a', 'about', 'adviser', 'advisor']...> from 3472 documents (total 30026 corpus positions)", 'datetime': '2025-05-06T15:47:33.658443', 'gensim': '4.3.3', 'python': '3.12.9 (main, Feb  6 2025, 22:37:05) [GCC 12.2.0]', 'platform': 'Linux-5.15.167.4-microsoft-standard-WSL2-x86_64-with-glibc2.36', 'event': 'created'}
[2025-05-06T15:47:33.724+0000] {ldamodel.py:577} INFO - using symmetric alpha at 0.3333333333333333
[2025-05-06T15:47:33.726+0000] {ldamodel.py:577} INFO - using symmetric eta at 0.3333333333333333
[2025-05-06T15:47:33.727+0000] {ldamodel.py:482} INFO - using serial LDA version on this node
[2025-05-06T15:47:33.730+0000] {ldamodel.py:948} INFO - running online (multi-pass) LDA training, 3 topics, 10 passes over the supplied corpus of 3472 documents, updating model once every 2000 documents, evaluating perplexity every 3472 documents, iterating 50x with a convergence threshold of 0.001000
[2025-05-06T15:47:33.731+0000] {ldamodel.py:1002} INFO - PROGRESS: pass 0, at document #2000/3472
[2025-05-06T15:47:35.106+0000] {ldamodel.py:233} INFO - merging changes from 2000 documents into a model of 3472 documents
[2025-05-06T15:47:35.109+0000] {ldamodel.py:1197} INFO - topic #0 (0.333): 0.274*"nan" + 0.022*"the" + 0.020*"and" + 0.019*"a" + 0.016*"to" + 0.013*"of" + 0.012*"good" + 0.010*"service" + 0.008*"no" + 0.008*"professional"
[2025-05-06T15:47:35.112+0000] {ldamodel.py:1197} INFO - topic #1 (0.333): 0.038*"nan" + 0.038*"the" + 0.025*"and" + 0.024*"service" + 0.022*"a" + 0.019*"to" + 0.013*"bank" + 0.013*"are" + 0.012*"agency" + 0.012*"of"
[2025-05-06T15:47:35.113+0000] {ldamodel.py:1197} INFO - topic #2 (0.333): 0.059*"the" + 0.037*"to" + 0.023*"a" + 0.021*"and" + 0.020*"i" + 0.019*"service" + 0.016*"not" + 0.016*"is" + 0.016*"agency" + 0.015*"this"
[2025-05-06T15:47:35.114+0000] {ldamodel.py:1075} INFO - topic diff=2.159899, rho=1.000000
[2025-05-06T15:47:35.824+0000] {ldamodel.py:848} INFO - -6.791 per-word bound, 110.7 perplexity estimate based on a held-out corpus of 1472 documents with 13759 words
[2025-05-06T15:47:35.826+0000] {ldamodel.py:1002} INFO - PROGRESS: pass 0, at document #3472/3472
[2025-05-06T15:47:36.405+0000] {ldamodel.py:233} INFO - merging changes from 1472 documents into a model of 3472 documents
[2025-05-06T15:47:36.407+0000] {ldamodel.py:1197} INFO - topic #0 (0.333): 0.422*"nan" + 0.019*"no" + 0.015*"good" + 0.013*"of" + 0.013*"the" + 0.010*"a" + 0.010*"lack" + 0.010*"professional" + 0.010*"to" + 0.010*"and"
[2025-05-06T15:47:36.408+0000] {ldamodel.py:1197} INFO - topic #1 (0.333): 0.042*"the" + 0.026*"service" + 0.026*"and" + 0.021*"to" + 0.017*"good" + 0.017*"a" + 0.015*"of" + 0.013*"wow" + 0.012*"bad" + 0.011*"bank"
[2025-05-06T15:47:36.411+0000] {ldamodel.py:1197} INFO - topic #2 (0.333): 0.066*"the" + 0.044*"to" + 0.023*"i" + 0.022*"a" + 0.022*"and" + 0.020*"is" + 0.017*"this" + 0.017*"of" + 0.017*"not" + 0.016*"in"
[2025-05-06T15:47:36.412+0000] {ldamodel.py:1075} INFO - topic diff=1.452754, rho=0.707107
[2025-05-06T15:47:36.414+0000] {ldamodel.py:1002} INFO - PROGRESS: pass 1, at document #2000/3472
[2025-05-06T15:47:36.879+0000] {ldamodel.py:233} INFO - merging changes from 2000 documents into a model of 3472 documents
[2025-05-06T15:47:36.880+0000] {ldamodel.py:1197} INFO - topic #0 (0.333): 0.398*"nan" + 0.015*"no" + 0.013*"and" + 0.011*"of" + 0.011*"professional" + 0.010*"good" + 0.009*"a" + 0.009*"the" + 0.008*"phone" + 0.007*"null"
[2025-05-06T15:47:36.882+0000] {ldamodel.py:1197} INFO - topic #1 (0.333): 0.041*"the" + 0.031*"service" + 0.027*"and" + 0.022*"good" + 0.019*"a" + 0.018*"to" + 0.014*"of" + 0.014*"bad" + 0.012*"very" + 0.011*"bank"
[2025-05-06T15:47:36.883+0000] {ldamodel.py:1197} INFO - topic #2 (0.333): 0.063*"the" + 0.042*"to" + 0.024*"a" + 0.022*"i" + 0.022*"and" + 0.018*"is" + 0.016*"this" + 0.016*"not" + 0.016*"service" + 0.016*"of"
[2025-05-06T15:47:36.884+0000] {ldamodel.py:1075} INFO - topic diff=0.524140, rho=0.517364
[2025-05-06T15:47:37.408+0000] {ldamodel.py:848} INFO - -5.774 per-word bound, 54.7 perplexity estimate based on a held-out corpus of 1472 documents with 13759 words
[2025-05-06T15:47:37.411+0000] {ldamodel.py:1002} INFO - PROGRESS: pass 1, at document #3472/3472
[2025-05-06T15:47:37.769+0000] {ldamodel.py:233} INFO - merging changes from 1472 documents into a model of 3472 documents
[2025-05-06T15:47:37.771+0000] {ldamodel.py:1197} INFO - topic #0 (0.333): 0.468*"nan" + 0.019*"no" + 0.013*"of" + 0.011*"professional" + 0.010*"lack" + 0.009*"good" + 0.008*"and" + 0.008*"null" + 0.007*"phone" + 0.007*"the"
[2025-05-06T15:47:37.773+0000] {ldamodel.py:1197} INFO - topic #1 (0.333): 0.045*"the" + 0.030*"service" + 0.027*"and" + 0.022*"good" + 0.020*"to" + 0.016*"of" + 0.015*"a" + 0.013*"bad" + 0.012*"wow" + 0.011*"no"
[2025-05-06T15:47:37.774+0000] {ldamodel.py:1197} INFO - topic #2 (0.333): 0.065*"the" + 0.045*"to" + 0.024*"i" + 0.024*"a" + 0.021*"and" + 0.020*"is" + 0.017*"this" + 0.017*"in" + 0.016*"of" + 0.016*"not"
[2025-05-06T15:47:37.775+0000] {ldamodel.py:1075} INFO - topic diff=0.466882, rho=0.517364
[2025-05-06T15:47:37.777+0000] {ldamodel.py:1002} INFO - PROGRESS: pass 2, at document #2000/3472
[2025-05-06T15:47:38.170+0000] {ldamodel.py:233} INFO - merging changes from 2000 documents into a model of 3472 documents
[2025-05-06T15:47:38.172+0000] {ldamodel.py:1197} INFO - topic #0 (0.333): 0.426*"nan" + 0.015*"no" + 0.012*"and" + 0.011*"professional" + 0.011*"of" + 0.008*"null" + 0.008*"phone" + 0.007*"number" + 0.007*"has" + 0.007*"problem"
[2025-05-06T15:47:38.175+0000] {ldamodel.py:1197} INFO - topic #1 (0.333): 0.044*"the" + 0.035*"service" + 0.027*"and" + 0.027*"good" + 0.018*"to" + 0.018*"a" + 0.015*"bad" + 0.014*"of" + 0.014*"very" + 0.011*"agency"
[2025-05-06T15:47:38.177+0000] {ldamodel.py:1197} INFO - topic #2 (0.333): 0.063*"the" + 0.043*"to" + 0.025*"a" + 0.023*"i" + 0.022*"and" + 0.018*"is" + 0.017*"this" + 0.016*"in" + 0.016*"of" + 0.016*"not"
[2025-05-06T15:47:38.179+0000] {ldamodel.py:1075} INFO - topic diff=0.369634, rho=0.459509
[2025-05-06T15:47:38.755+0000] {ldamodel.py:848} INFO - -5.717 per-word bound, 52.6 perplexity estimate based on a held-out corpus of 1472 documents with 13759 words
[2025-05-06T15:47:38.757+0000] {ldamodel.py:1002} INFO - PROGRESS: pass 2, at document #3472/3472
[2025-05-06T15:47:39.075+0000] {ldamodel.py:233} INFO - merging changes from 1472 documents into a model of 3472 documents
[2025-05-06T15:47:39.077+0000] {ldamodel.py:1197} INFO - topic #0 (0.333): 0.481*"nan" + 0.018*"no" + 0.013*"of" + 0.011*"professional" + 0.010*"lack" + 0.008*"null" + 0.008*"phone" + 0.008*"and" + 0.007*"number" + 0.007*"welcoming"
[2025-05-06T15:47:39.079+0000] {ldamodel.py:1197} INFO - topic #1 (0.333): 0.049*"the" + 0.032*"service" + 0.028*"and" + 0.024*"good" + 0.020*"to" + 0.016*"of" + 0.014*"a" + 0.013*"bad" + 0.012*"no" + 0.012*"wow"
[2025-05-06T15:47:39.080+0000] {ldamodel.py:1197} INFO - topic #2 (0.333): 0.063*"the" + 0.045*"to" + 0.025*"a" + 0.024*"i" + 0.021*"and" + 0.020*"is" + 0.018*"this" + 0.018*"in" + 0.016*"of" + 0.016*"not"
[2025-05-06T15:47:39.081+0000] {ldamodel.py:1075} INFO - topic diff=0.339608, rho=0.459509
[2025-05-06T15:47:39.083+0000] {ldamodel.py:1002} INFO - PROGRESS: pass 3, at document #2000/3472
[2025-05-06T15:47:39.421+0000] {ldamodel.py:233} INFO - merging changes from 2000 documents into a model of 3472 documents
[2025-05-06T15:47:39.424+0000] {ldamodel.py:1197} INFO - topic #0 (0.333): 0.439*"nan" + 0.015*"no" + 0.012*"professional" + 0.011*"and" + 0.011*"of" + 0.009*"null" + 0.008*"phone" + 0.008*"number" + 0.007*"has" + 0.007*"lack"
[2025-05-06T15:47:39.425+0000] {ldamodel.py:1197} INFO - topic #1 (0.333): 0.048*"the" + 0.036*"service" + 0.028*"good" + 0.027*"and" + 0.019*"to" + 0.016*"a" + 0.015*"bad" + 0.014*"of" + 0.014*"very" + 0.011*"agency"
[2025-05-06T15:47:39.426+0000] {ldamodel.py:1197} INFO - topic #2 (0.333): 0.062*"the" + 0.043*"to" + 0.025*"a" + 0.023*"i" + 0.021*"and" + 0.018*"is" + 0.017*"this" + 0.017*"in" + 0.016*"of" + 0.015*"not"
[2025-05-06T15:47:39.427+0000] {ldamodel.py:1075} INFO - topic diff=0.294869, rho=0.417537
[2025-05-06T15:47:39.832+0000] {ldamodel.py:848} INFO - -5.690 per-word bound, 51.6 perplexity estimate based on a held-out corpus of 1472 documents with 13759 words
[2025-05-06T15:47:39.834+0000] {ldamodel.py:1002} INFO - PROGRESS: pass 3, at document #3472/3472
[2025-05-06T15:47:40.122+0000] {ldamodel.py:233} INFO - merging changes from 1472 documents into a model of 3472 documents
[2025-05-06T15:47:40.124+0000] {ldamodel.py:1197} INFO - topic #0 (0.333): 0.487*"nan" + 0.018*"no" + 0.012*"of" + 0.012*"professional" + 0.010*"lack" + 0.009*"null" + 0.008*"phone" + 0.008*"and" + 0.007*"number" + 0.007*"even"
[2025-05-06T15:47:40.127+0000] {ldamodel.py:1197} INFO - topic #1 (0.333): 0.052*"the" + 0.032*"service" + 0.028*"and" + 0.025*"good" + 0.021*"to" + 0.016*"of" + 0.014*"a" + 0.013*"bad" + 0.012*"no" + 0.012*"very"
[2025-05-06T15:47:40.128+0000] {ldamodel.py:1197} INFO - topic #2 (0.333): 0.062*"the" + 0.045*"to" + 0.026*"a" + 0.025*"i" + 0.021*"and" + 0.019*"is" + 0.018*"this" + 0.018*"in" + 0.016*"of" + 0.015*"not"
[2025-05-06T15:47:40.130+0000] {ldamodel.py:1075} INFO - topic diff=0.279787, rho=0.417537
[2025-05-06T15:47:40.132+0000] {ldamodel.py:1002} INFO - PROGRESS: pass 4, at document #2000/3472
[2025-05-06T15:47:40.546+0000] {ldamodel.py:233} INFO - merging changes from 2000 documents into a model of 3472 documents
[2025-05-06T15:47:40.548+0000] {ldamodel.py:1197} INFO - topic #0 (0.333): 0.447*"nan" + 0.014*"no" + 0.012*"professional" + 0.011*"and" + 0.011*"of" + 0.009*"null" + 0.008*"phone" + 0.008*"number" + 0.007*"lack" + 0.007*"has"
[2025-05-06T15:47:40.549+0000] {ldamodel.py:1197} INFO - topic #1 (0.333): 0.050*"the" + 0.036*"service" + 0.029*"good" + 0.028*"and" + 0.020*"to" + 0.015*"a" + 0.015*"of" + 0.015*"bad" + 0.014*"very" + 0.011*"agency"
[2025-05-06T15:47:40.550+0000] {ldamodel.py:1197} INFO - topic #2 (0.333): 0.061*"the" + 0.043*"to" + 0.026*"a" + 0.024*"i" + 0.021*"and" + 0.018*"is" + 0.017*"this" + 0.017*"in" + 0.016*"of" + 0.015*"not"
[2025-05-06T15:47:40.551+0000] {ldamodel.py:1075} INFO - topic diff=0.252895, rho=0.385300
[2025-05-06T15:47:40.979+0000] {ldamodel.py:848} INFO - -5.675 per-word bound, 51.1 perplexity estimate based on a held-out corpus of 1472 documents with 13759 words
[2025-05-06T15:47:40.981+0000] {ldamodel.py:1002} INFO - PROGRESS: pass 4, at document #3472/3472
[2025-05-06T15:47:41.265+0000] {ldamodel.py:233} INFO - merging changes from 1472 documents into a model of 3472 documents
[2025-05-06T15:47:41.267+0000] {ldamodel.py:1197} INFO - topic #0 (0.333): 0.490*"nan" + 0.017*"no" + 0.012*"of" + 0.012*"professional" + 0.010*"lack" + 0.009*"null" + 0.008*"phone" + 0.008*"and" + 0.007*"number" + 0.007*"even"
[2025-05-06T15:47:41.269+0000] {ldamodel.py:1197} INFO - topic #1 (0.333): 0.054*"the" + 0.032*"service" + 0.028*"and" + 0.026*"good" + 0.022*"to" + 0.017*"of" + 0.013*"a" + 0.013*"bad" + 0.012*"no" + 0.012*"very"
[2025-05-06T15:47:41.271+0000] {ldamodel.py:1197} INFO - topic #2 (0.333): 0.061*"the" + 0.045*"to" + 0.026*"a" + 0.025*"i" + 0.021*"and" + 0.019*"is" + 0.018*"in" + 0.018*"this" + 0.016*"of" + 0.015*"not"
[2025-05-06T15:47:41.272+0000] {ldamodel.py:1075} INFO - topic diff=0.245762, rho=0.385300
[2025-05-06T15:47:41.273+0000] {ldamodel.py:1002} INFO - PROGRESS: pass 5, at document #2000/3472
[2025-05-06T15:47:41.675+0000] {ldamodel.py:233} INFO - merging changes from 2000 documents into a model of 3472 documents
[2025-05-06T15:47:41.678+0000] {ldamodel.py:1197} INFO - topic #0 (0.333): 0.452*"nan" + 0.014*"no" + 0.012*"professional" + 0.011*"and" + 0.010*"of" + 0.009*"null" + 0.008*"phone" + 0.008*"number" + 0.008*"lack" + 0.007*"has"
[2025-05-06T15:47:41.679+0000] {ldamodel.py:1197} INFO - topic #1 (0.333): 0.052*"the" + 0.036*"service" + 0.029*"good" + 0.028*"and" + 0.021*"to" + 0.015*"of" + 0.015*"bad" + 0.015*"a" + 0.015*"very" + 0.011*"no"
[2025-05-06T15:47:41.681+0000] {ldamodel.py:1197} INFO - topic #2 (0.333): 0.061*"the" + 0.043*"to" + 0.026*"a" + 0.024*"i" + 0.021*"and" + 0.018*"is" + 0.017*"this" + 0.017*"in" + 0.015*"of" + 0.015*"not"
[2025-05-06T15:47:41.682+0000] {ldamodel.py:1075} INFO - topic diff=0.225077, rho=0.359535
[2025-05-06T15:47:42.060+0000] {ldamodel.py:848} INFO - -5.662 per-word bound, 50.6 perplexity estimate based on a held-out corpus of 1472 documents with 13759 words
[2025-05-06T15:47:42.062+0000] {ldamodel.py:1002} INFO - PROGRESS: pass 5, at document #3472/3472
[2025-05-06T15:47:42.280+0000] {ldamodel.py:233} INFO - merging changes from 1472 documents into a model of 3472 documents
[2025-05-06T15:47:42.283+0000] {ldamodel.py:1197} INFO - topic #0 (0.333): 0.492*"nan" + 0.016*"no" + 0.012*"professional" + 0.011*"of" + 0.010*"lack" + 0.009*"null" + 0.008*"phone" + 0.008*"and" + 0.007*"number" + 0.007*"even"
[2025-05-06T15:47:42.285+0000] {ldamodel.py:1197} INFO - topic #1 (0.333): 0.056*"the" + 0.032*"service" + 0.028*"and" + 0.026*"good" + 0.023*"to" + 0.017*"of" + 0.013*"bad" + 0.013*"a" + 0.012*"no" + 0.012*"very"
[2025-05-06T15:47:42.286+0000] {ldamodel.py:1197} INFO - topic #2 (0.333): 0.060*"the" + 0.045*"to" + 0.027*"a" + 0.025*"i" + 0.021*"and" + 0.019*"is" + 0.018*"in" + 0.018*"this" + 0.016*"of" + 0.015*"not"
[2025-05-06T15:47:42.287+0000] {ldamodel.py:1075} INFO - topic diff=0.220635, rho=0.359535
[2025-05-06T15:47:42.288+0000] {ldamodel.py:1002} INFO - PROGRESS: pass 6, at document #2000/3472
[2025-05-06T15:47:42.584+0000] {ldamodel.py:233} INFO - merging changes from 2000 documents into a model of 3472 documents
[2025-05-06T15:47:42.587+0000] {ldamodel.py:1197} INFO - topic #0 (0.333): 0.456*"nan" + 0.014*"no" + 0.012*"professional" + 0.011*"and" + 0.010*"of" + 0.009*"null" + 0.008*"phone" + 0.008*"lack" + 0.008*"number" + 0.007*"even"
[2025-05-06T15:47:42.589+0000] {ldamodel.py:1197} INFO - topic #1 (0.333): 0.054*"the" + 0.036*"service" + 0.029*"good" + 0.028*"and" + 0.021*"to" + 0.016*"of" + 0.015*"bad" + 0.015*"very" + 0.014*"a" + 0.011*"no"
[2025-05-06T15:47:42.591+0000] {ldamodel.py:1197} INFO - topic #2 (0.333): 0.060*"the" + 0.043*"to" + 0.027*"a" + 0.024*"i" + 0.021*"and" + 0.018*"is" + 0.017*"this" + 0.017*"in" + 0.015*"of" + 0.015*"not"
[2025-05-06T15:47:42.592+0000] {ldamodel.py:1075} INFO - topic diff=0.203911, rho=0.338332
[2025-05-06T15:47:42.942+0000] {ldamodel.py:848} INFO - -5.654 per-word bound, 50.3 perplexity estimate based on a held-out corpus of 1472 documents with 13759 words
[2025-05-06T15:47:42.946+0000] {ldamodel.py:1002} INFO - PROGRESS: pass 6, at document #3472/3472
[2025-05-06T15:47:43.176+0000] {ldamodel.py:233} INFO - merging changes from 1472 documents into a model of 3472 documents
[2025-05-06T15:47:43.179+0000] {ldamodel.py:1197} INFO - topic #0 (0.333): 0.493*"nan" + 0.016*"no" + 0.012*"professional" + 0.011*"of" + 0.010*"lack" + 0.009*"null" + 0.008*"phone" + 0.008*"and" + 0.007*"number" + 0.007*"even"
[2025-05-06T15:47:43.180+0000] {ldamodel.py:1197} INFO - topic #1 (0.333): 0.057*"the" + 0.032*"service" + 0.028*"and" + 0.026*"good" + 0.023*"to" + 0.017*"of" + 0.013*"bad" + 0.012*"no" + 0.012*"very" + 0.012*"a"
[2025-05-06T15:47:43.182+0000] {ldamodel.py:1197} INFO - topic #2 (0.333): 0.059*"the" + 0.044*"to" + 0.027*"a" + 0.025*"i" + 0.020*"and" + 0.019*"is" + 0.018*"this" + 0.018*"in" + 0.016*"of" + 0.015*"not"
[2025-05-06T15:47:43.183+0000] {ldamodel.py:1075} INFO - topic diff=0.202352, rho=0.338332
[2025-05-06T15:47:43.184+0000] {ldamodel.py:1002} INFO - PROGRESS: pass 7, at document #2000/3472
[2025-05-06T15:47:43.499+0000] {ldamodel.py:233} INFO - merging changes from 2000 documents into a model of 3472 documents
[2025-05-06T15:47:43.501+0000] {ldamodel.py:1197} INFO - topic #0 (0.333): 0.459*"nan" + 0.014*"no" + 0.012*"professional" + 0.011*"and" + 0.010*"of" + 0.009*"null" + 0.008*"phone" + 0.008*"lack" + 0.008*"number" + 0.007*"even"
[2025-05-06T15:47:43.503+0000] {ldamodel.py:1197} INFO - topic #1 (0.333): 0.055*"the" + 0.035*"service" + 0.029*"good" + 0.028*"and" + 0.022*"to" + 0.016*"of" + 0.015*"very" + 0.014*"bad" + 0.014*"a" + 0.011*"no"
[2025-05-06T15:47:43.504+0000] {ldamodel.py:1197} INFO - topic #2 (0.333): 0.059*"the" + 0.043*"to" + 0.027*"a" + 0.024*"i" + 0.021*"and" + 0.018*"is" + 0.017*"this" + 0.017*"in" + 0.015*"of" + 0.015*"not"
[2025-05-06T15:47:43.505+0000] {ldamodel.py:1075} INFO - topic diff=0.187505, rho=0.320486
[2025-05-06T15:47:43.950+0000] {ldamodel.py:848} INFO - -5.647 per-word bound, 50.1 perplexity estimate based on a held-out corpus of 1472 documents with 13759 words
[2025-05-06T15:47:43.952+0000] {ldamodel.py:1002} INFO - PROGRESS: pass 7, at document #3472/3472
[2025-05-06T15:47:44.256+0000] {ldamodel.py:233} INFO - merging changes from 1472 documents into a model of 3472 documents
[2025-05-06T15:47:44.257+0000] {ldamodel.py:1197} INFO - topic #0 (0.333): 0.493*"nan" + 0.016*"no" + 0.012*"professional" + 0.011*"of" + 0.010*"lack" + 0.009*"null" + 0.008*"phone" + 0.008*"and" + 0.007*"even" + 0.007*"number"
[2025-05-06T15:47:44.259+0000] {ldamodel.py:1197} INFO - topic #1 (0.333): 0.059*"the" + 0.032*"service" + 0.029*"and" + 0.026*"good" + 0.024*"to" + 0.017*"of" + 0.013*"bad" + 0.012*"very" + 0.012*"no" + 0.012*"a"
[2025-05-06T15:47:44.260+0000] {ldamodel.py:1197} INFO - topic #2 (0.333): 0.059*"the" + 0.044*"to" + 0.027*"a" + 0.025*"i" + 0.020*"and" + 0.019*"is" + 0.018*"this" + 0.018*"in" + 0.016*"of" + 0.015*"not"
[2025-05-06T15:47:44.261+0000] {ldamodel.py:1075} INFO - topic diff=0.187272, rho=0.320486
[2025-05-06T15:47:44.262+0000] {ldamodel.py:1002} INFO - PROGRESS: pass 8, at document #2000/3472
[2025-05-06T15:47:44.622+0000] {ldamodel.py:233} INFO - merging changes from 2000 documents into a model of 3472 documents
[2025-05-06T15:47:44.623+0000] {ldamodel.py:1197} INFO - topic #0 (0.333): 0.461*"nan" + 0.014*"no" + 0.012*"professional" + 0.011*"and" + 0.010*"of" + 0.009*"null" + 0.008*"phone" + 0.008*"lack" + 0.008*"number" + 0.008*"even"
[2025-05-06T15:47:44.625+0000] {ldamodel.py:1197} INFO - topic #1 (0.333): 0.057*"the" + 0.035*"service" + 0.028*"good" + 0.028*"and" + 0.022*"to" + 0.016*"of" + 0.015*"very" + 0.014*"bad" + 0.014*"a" + 0.012*"agency"
[2025-05-06T15:47:44.627+0000] {ldamodel.py:1197} INFO - topic #2 (0.333): 0.059*"the" + 0.043*"to" + 0.027*"a" + 0.024*"i" + 0.021*"and" + 0.018*"is" + 0.017*"this" + 0.017*"in" + 0.015*"of" + 0.015*"not"
[2025-05-06T15:47:44.628+0000] {ldamodel.py:1075} INFO - topic diff=0.174977, rho=0.305196
[2025-05-06T15:47:45.008+0000] {ldamodel.py:848} INFO - -5.642 per-word bound, 49.9 perplexity estimate based on a held-out corpus of 1472 documents with 13759 words
[2025-05-06T15:47:45.010+0000] {ldamodel.py:1002} INFO - PROGRESS: pass 8, at document #3472/3472
[2025-05-06T15:47:45.221+0000] {ldamodel.py:233} INFO - merging changes from 1472 documents into a model of 3472 documents
[2025-05-06T15:47:45.222+0000] {ldamodel.py:1197} INFO - topic #0 (0.333): 0.493*"nan" + 0.016*"no" + 0.012*"professional" + 0.011*"of" + 0.010*"lack" + 0.009*"null" + 0.008*"and" + 0.008*"phone" + 0.007*"even" + 0.007*"number"
[2025-05-06T15:47:45.223+0000] {ldamodel.py:1197} INFO - topic #1 (0.333): 0.059*"the" + 0.032*"service" + 0.029*"and" + 0.026*"good" + 0.024*"to" + 0.017*"of" + 0.013*"bad" + 0.013*"very" + 0.012*"no" + 0.012*"a"
[2025-05-06T15:47:45.225+0000] {ldamodel.py:1197} INFO - topic #2 (0.333): 0.058*"the" + 0.044*"to" + 0.027*"a" + 0.025*"i" + 0.020*"and" + 0.019*"is" + 0.018*"this" + 0.018*"in" + 0.015*"of" + 0.015*"not"
[2025-05-06T15:47:45.226+0000] {ldamodel.py:1075} INFO - topic diff=0.174835, rho=0.305196
[2025-05-06T15:47:45.227+0000] {ldamodel.py:1002} INFO - PROGRESS: pass 9, at document #2000/3472
[2025-05-06T15:47:45.641+0000] {ldamodel.py:233} INFO - merging changes from 2000 documents into a model of 3472 documents
[2025-05-06T15:47:45.643+0000] {ldamodel.py:1197} INFO - topic #0 (0.333): 0.463*"nan" + 0.014*"no" + 0.012*"professional" + 0.011*"and" + 0.010*"of" + 0.009*"null" + 0.008*"phone" + 0.008*"lack" + 0.008*"even" + 0.007*"number"
[2025-05-06T15:47:45.644+0000] {ldamodel.py:1197} INFO - topic #1 (0.333): 0.057*"the" + 0.035*"service" + 0.028*"and" + 0.028*"good" + 0.023*"to" + 0.017*"of" + 0.015*"very" + 0.014*"bad" + 0.013*"a" + 0.012*"agency"
[2025-05-06T15:47:45.645+0000] {ldamodel.py:1197} INFO - topic #2 (0.333): 0.059*"the" + 0.043*"to" + 0.027*"a" + 0.024*"i" + 0.020*"and" + 0.018*"is" + 0.017*"this" + 0.017*"in" + 0.015*"of" + 0.015*"not"
[2025-05-06T15:47:45.646+0000] {ldamodel.py:1075} INFO - topic diff=0.164408, rho=0.291904
[2025-05-06T15:47:46.039+0000] {ldamodel.py:848} INFO - -5.637 per-word bound, 49.8 perplexity estimate based on a held-out corpus of 1472 documents with 13759 words
[2025-05-06T15:47:46.040+0000] {ldamodel.py:1002} INFO - PROGRESS: pass 9, at document #3472/3472
[2025-05-06T15:47:46.254+0000] {ldamodel.py:233} INFO - merging changes from 1472 documents into a model of 3472 documents
[2025-05-06T15:47:46.256+0000] {ldamodel.py:1197} INFO - topic #0 (0.333): 0.493*"nan" + 0.016*"no" + 0.011*"professional" + 0.011*"of" + 0.010*"lack" + 0.009*"null" + 0.008*"and" + 0.008*"phone" + 0.007*"even" + 0.007*"number"
[2025-05-06T15:47:46.258+0000] {ldamodel.py:1197} INFO - topic #1 (0.333): 0.060*"the" + 0.032*"service" + 0.029*"and" + 0.026*"good" + 0.025*"to" + 0.017*"of" + 0.013*"bad" + 0.013*"very" + 0.012*"no" + 0.012*"a"
[2025-05-06T15:47:46.259+0000] {ldamodel.py:1197} INFO - topic #2 (0.333): 0.058*"the" + 0.044*"to" + 0.028*"a" + 0.025*"i" + 0.020*"and" + 0.019*"is" + 0.018*"in" + 0.018*"this" + 0.015*"of" + 0.015*"not"
[2025-05-06T15:47:46.260+0000] {ldamodel.py:1075} INFO - topic diff=0.164495, rho=0.291904
[2025-05-06T15:47:46.261+0000] {utils.py:447} INFO - LdaModel lifecycle event {'msg': 'trained LdaModel<num_terms=1204, num_topics=3, decay=0.5, chunksize=2000> in 12.53s', 'datetime': '2025-05-06T15:47:46.261423', 'gensim': '4.3.3', 'python': '3.12.9 (main, Feb  6 2025, 22:37:05) [GCC 12.2.0]', 'platform': 'Linux-5.15.167.4-microsoft-standard-WSL2-x86_64-with-glibc2.36', 'event': 'created'}
[2025-05-06T15:47:48.219+0000] {python.py:240} INFO - Done. Returned value was: None
[2025-05-06T15:47:48.243+0000] {taskinstance.py:341} INFO - ::group::Post task execution logs
[2025-05-06T15:47:48.245+0000] {taskinstance.py:353} INFO - Marking task as SUCCESS. dag_id=google_maps_reviews, task_id=extract_topics, run_id=scheduled__2025-05-05T00:00:00+00:00, execution_date=20250505T000000, start_date=20250506T154732, end_date=20250506T154748
[2025-05-06T15:47:48.294+0000] {logging_mixin.py:190} INFO - Task instance in success state
[2025-05-06T15:47:48.295+0000] {logging_mixin.py:190} INFO -  Previous state of the Task instance: running
[2025-05-06T15:47:48.297+0000] {logging_mixin.py:190} INFO - Dag name:google_maps_reviews queued_at:2025-05-06 15:44:05.204850+00:00
[2025-05-06T15:47:48.298+0000] {logging_mixin.py:190} INFO - Task hostname:8280c28b7f0f operator:PythonOperator
[2025-05-06T15:47:48.319+0000] {local_task_job_runner.py:266} INFO - Task exited with return code 0
[2025-05-06T15:47:48.378+0000] {taskinstance.py:3901} INFO - 1 downstream tasks scheduled from follow-on schedule check
[2025-05-06T15:47:48.384+0000] {local_task_job_runner.py:245} INFO - ::endgroup::
