[2025-05-04T15:50:35.724+0000] {local_task_job_runner.py:123} INFO - ::group::Pre task execution logs
[2025-05-04T15:50:35.771+0000] {taskinstance.py:2614} INFO - Dependencies all met for dep_context=non-requeueable deps ti=<TaskInstance: google_maps_reviews.detect_language manual__2025-05-04T15:47:55.314508+00:00 [queued]>
[2025-05-04T15:50:35.793+0000] {taskinstance.py:2614} INFO - Dependencies all met for dep_context=requeueable deps ti=<TaskInstance: google_maps_reviews.detect_language manual__2025-05-04T15:47:55.314508+00:00 [queued]>
[2025-05-04T15:50:35.794+0000] {taskinstance.py:2867} INFO - Starting attempt 1 of 2
[2025-05-04T15:50:35.820+0000] {taskinstance.py:2890} INFO - Executing <Task(PythonOperator): detect_language> on 2025-05-04 15:47:55.314508+00:00
[2025-05-04T15:50:35.840+0000] {warnings.py:112} WARNING - /home/***/.local/lib/python3.12/site-packages/***/task/task_runner/standard_task_runner.py:70: DeprecationWarning: This process (pid=256) is multi-threaded, use of fork() may lead to deadlocks in the child.
  pid = os.fork()

[2025-05-04T15:50:35.844+0000] {standard_task_runner.py:104} INFO - Running: ['***', 'tasks', 'run', 'google_maps_reviews', 'detect_language', 'manual__2025-05-04T15:47:55.314508+00:00', '--job-id', '431', '--raw', '--subdir', 'DAGS_FOLDER/***dag.py', '--cfg-path', '/tmp/tmpliynps_3']
[2025-05-04T15:50:35.846+0000] {standard_task_runner.py:72} INFO - Started process 271 to run task
[2025-05-04T15:50:35.847+0000] {standard_task_runner.py:105} INFO - Job 431: Subtask detect_language
[2025-05-04T15:50:35.937+0000] {task_command.py:467} INFO - Running <TaskInstance: google_maps_reviews.detect_language manual__2025-05-04T15:47:55.314508+00:00 [running]> on host 8280c28b7f0f
[2025-05-04T15:50:36.107+0000] {taskinstance.py:3134} INFO - Exporting env vars: AIRFLOW_CTX_DAG_OWNER='***' AIRFLOW_CTX_DAG_ID='google_maps_reviews' AIRFLOW_CTX_TASK_ID='detect_language' AIRFLOW_CTX_EXECUTION_DATE='2025-05-04T15:47:55.314508+00:00' AIRFLOW_CTX_TRY_NUMBER='1' AIRFLOW_CTX_DAG_RUN_ID='manual__2025-05-04T15:47:55.314508+00:00'
[2025-05-04T15:50:36.111+0000] {logging_mixin.py:190} INFO - Task instance is in running state
[2025-05-04T15:50:36.112+0000] {logging_mixin.py:190} INFO -  Previous state of the Task instance: queued
[2025-05-04T15:50:36.113+0000] {logging_mixin.py:190} INFO - Current task name:detect_language state:running start_date:2025-05-04 15:50:35.773253+00:00
[2025-05-04T15:50:36.114+0000] {logging_mixin.py:190} INFO - Dag name:google_maps_reviews and current dag run status:running
[2025-05-04T15:50:36.115+0000] {taskinstance.py:732} INFO - ::endgroup::
[2025-05-04T15:50:36.132+0000] {base.py:84} INFO - Retrieving connection 'postgres_defaut'
[2025-05-04T15:50:38.271+0000] {logging_mixin.py:190} INFO - Language detection completed.
[2025-05-04T15:50:38.274+0000] {python.py:240} INFO - Done. Returned value was: None
[2025-05-04T15:50:38.298+0000] {taskinstance.py:341} INFO - ::group::Post task execution logs
[2025-05-04T15:50:38.299+0000] {taskinstance.py:353} INFO - Marking task as SUCCESS. dag_id=google_maps_reviews, task_id=detect_language, run_id=manual__2025-05-04T15:47:55.314508+00:00, execution_date=20250504T154755, start_date=20250504T155035, end_date=20250504T155038
[2025-05-04T15:50:38.350+0000] {logging_mixin.py:190} INFO - Task instance in success state
[2025-05-04T15:50:38.352+0000] {logging_mixin.py:190} INFO -  Previous state of the Task instance: running
[2025-05-04T15:50:38.353+0000] {logging_mixin.py:190} INFO - Dag name:google_maps_reviews queued_at:2025-05-04 15:47:55.335323+00:00
[2025-05-04T15:50:38.354+0000] {logging_mixin.py:190} INFO - Task hostname:8280c28b7f0f operator:PythonOperator
[2025-05-04T15:50:38.399+0000] {local_task_job_runner.py:266} INFO - Task exited with return code 0
[2025-05-04T15:50:38.470+0000] {taskinstance.py:3901} INFO - 1 downstream tasks scheduled from follow-on schedule check
[2025-05-04T15:50:38.491+0000] {local_task_job_runner.py:245} INFO - ::endgroup::
