[2025-05-07T01:04:51.944+0000] {local_task_job_runner.py:123} INFO - ::group::Pre task execution logs
[2025-05-07T01:04:51.990+0000] {taskinstance.py:2614} INFO - Dependencies all met for dep_context=non-requeueable deps ti=<TaskInstance: google_maps_reviews.Load_reviews1 manual__2025-05-07T01:02:20.058495+00:00 [queued]>
[2025-05-07T01:04:52.009+0000] {taskinstance.py:2614} INFO - Dependencies all met for dep_context=requeueable deps ti=<TaskInstance: google_maps_reviews.Load_reviews1 manual__2025-05-07T01:02:20.058495+00:00 [queued]>
[2025-05-07T01:04:52.017+0000] {taskinstance.py:2867} INFO - Starting attempt 1 of 2
[2025-05-07T01:04:52.050+0000] {taskinstance.py:2890} INFO - Executing <Task(PythonOperator): Load_reviews1> on 2025-05-07 01:02:20.058495+00:00
[2025-05-07T01:04:52.071+0000] {warnings.py:112} WARNING - /home/***/.local/lib/python3.12/site-packages/***/task/task_runner/standard_task_runner.py:70: DeprecationWarning: This process (pid=11892) is multi-threaded, use of fork() may lead to deadlocks in the child.
  pid = os.fork()

[2025-05-07T01:04:52.076+0000] {standard_task_runner.py:72} INFO - Started process 11907 to run task
[2025-05-07T01:04:52.078+0000] {standard_task_runner.py:104} INFO - Running: ['***', 'tasks', 'run', 'google_maps_reviews', 'Load_reviews1', 'manual__2025-05-07T01:02:20.058495+00:00', '--job-id', '717', '--raw', '--subdir', 'DAGS_FOLDER/***dag.py', '--cfg-path', '/tmp/tmpxnechuh8']
[2025-05-07T01:04:52.083+0000] {standard_task_runner.py:105} INFO - Job 717: Subtask Load_reviews1
[2025-05-07T01:04:52.174+0000] {task_command.py:467} INFO - Running <TaskInstance: google_maps_reviews.Load_reviews1 manual__2025-05-07T01:02:20.058495+00:00 [running]> on host 8280c28b7f0f
[2025-05-07T01:04:52.349+0000] {taskinstance.py:3134} INFO - Exporting env vars: AIRFLOW_CTX_DAG_OWNER='***' AIRFLOW_CTX_DAG_ID='google_maps_reviews' AIRFLOW_CTX_TASK_ID='Load_reviews1' AIRFLOW_CTX_EXECUTION_DATE='2025-05-07T01:02:20.058495+00:00' AIRFLOW_CTX_TRY_NUMBER='1' AIRFLOW_CTX_DAG_RUN_ID='manual__2025-05-07T01:02:20.058495+00:00'
[2025-05-07T01:04:52.352+0000] {logging_mixin.py:190} INFO - Task instance is in running state
[2025-05-07T01:04:52.353+0000] {logging_mixin.py:190} INFO -  Previous state of the Task instance: queued
[2025-05-07T01:04:52.354+0000] {logging_mixin.py:190} INFO - Current task name:Load_reviews1 state:running start_date:2025-05-07 01:04:51.991450+00:00
[2025-05-07T01:04:52.356+0000] {logging_mixin.py:190} INFO - Dag name:google_maps_reviews and current dag run status:running
[2025-05-07T01:04:52.357+0000] {taskinstance.py:732} INFO - ::endgroup::
[2025-05-07T01:04:52.418+0000] {logging_mixin.py:190} INFO - Current directory: /opt/***/dags
[2025-05-07T01:04:52.419+0000] {logging_mixin.py:190} INFO - Data path: /opt/***/dags/input/reviews.csv
[2025-05-07T01:04:52.455+0000] {base.py:84} INFO - Retrieving connection 'postgres_defaut'
[2025-05-07T01:04:52.681+0000] {warnings.py:112} WARNING - /opt/***/dags/storeData.py:540: UserWarning: pandas only supports SQLAlchemy connectable (engine/connection) or database string URI or sqlite3 DBAPI2 connection. Other DBAPI2 objects are not tested. Please consider using SQLAlchemy.
  df = pd.read_sql_query(query, conn)

[2025-05-07T01:04:52.867+0000] {logging_mixin.py:190} INFO - Data stored in PostgreSQL.
[2025-05-07T01:04:52.871+0000] {python.py:240} INFO - Done. Returned value was: None
[2025-05-07T01:04:52.891+0000] {taskinstance.py:341} INFO - ::group::Post task execution logs
[2025-05-07T01:04:52.892+0000] {taskinstance.py:353} INFO - Marking task as SUCCESS. dag_id=google_maps_reviews, task_id=Load_reviews1, run_id=manual__2025-05-07T01:02:20.058495+00:00, execution_date=20250507T010220, start_date=20250507T010451, end_date=20250507T010452
[2025-05-07T01:04:52.940+0000] {logging_mixin.py:190} INFO - Task instance in success state
[2025-05-07T01:04:52.942+0000] {logging_mixin.py:190} INFO -  Previous state of the Task instance: running
[2025-05-07T01:04:52.943+0000] {logging_mixin.py:190} INFO - Dag name:google_maps_reviews queued_at:2025-05-07 01:02:20.137662+00:00
[2025-05-07T01:04:52.944+0000] {logging_mixin.py:190} INFO - Task hostname:8280c28b7f0f operator:PythonOperator
[2025-05-07T01:04:52.985+0000] {local_task_job_runner.py:266} INFO - Task exited with return code 0
[2025-05-07T01:04:53.045+0000] {taskinstance.py:3901} INFO - 1 downstream tasks scheduled from follow-on schedule check
[2025-05-07T01:04:53.051+0000] {local_task_job_runner.py:245} INFO - ::endgroup::
