[2025-05-03T13:21:41.228+0000] {local_task_job_runner.py:123} INFO - ::group::Pre task execution logs
[2025-05-03T13:21:41.270+0000] {taskinstance.py:2614} INFO - Dependencies all met for dep_context=non-requeueable deps ti=<TaskInstance: google_maps_reviews.remove_duplicates manual__2025-05-03T13:20:54.258715+00:00 [queued]>
[2025-05-03T13:21:41.289+0000] {taskinstance.py:2614} INFO - Dependencies all met for dep_context=requeueable deps ti=<TaskInstance: google_maps_reviews.remove_duplicates manual__2025-05-03T13:20:54.258715+00:00 [queued]>
[2025-05-03T13:21:41.307+0000] {taskinstance.py:2867} INFO - Starting attempt 1 of 2
[2025-05-03T13:21:41.341+0000] {taskinstance.py:2890} INFO - Executing <Task(PythonOperator): remove_duplicates> on 2025-05-03 13:20:54.258715+00:00
[2025-05-03T13:21:41.361+0000] {warnings.py:112} WARNING - /home/***/.local/lib/python3.12/site-packages/***/task/task_runner/standard_task_runner.py:70: DeprecationWarning: This process (pid=3453) is multi-threaded, use of fork() may lead to deadlocks in the child.
  pid = os.fork()

[2025-05-03T13:21:41.366+0000] {standard_task_runner.py:72} INFO - Started process 3468 to run task
[2025-05-03T13:21:41.367+0000] {standard_task_runner.py:104} INFO - Running: ['***', 'tasks', 'run', 'google_maps_reviews', 'remove_duplicates', 'manual__2025-05-03T13:20:54.258715+00:00', '--job-id', '284', '--raw', '--subdir', 'DAGS_FOLDER/***dag.py', '--cfg-path', '/tmp/tmp5xdfual8']
[2025-05-03T13:21:41.369+0000] {standard_task_runner.py:105} INFO - Job 284: Subtask remove_duplicates
[2025-05-03T13:21:41.483+0000] {task_command.py:467} INFO - Running <TaskInstance: google_maps_reviews.remove_duplicates manual__2025-05-03T13:20:54.258715+00:00 [running]> on host 8280c28b7f0f
[2025-05-03T13:21:41.683+0000] {taskinstance.py:3134} INFO - Exporting env vars: AIRFLOW_CTX_DAG_OWNER='***' AIRFLOW_CTX_DAG_ID='google_maps_reviews' AIRFLOW_CTX_TASK_ID='remove_duplicates' AIRFLOW_CTX_EXECUTION_DATE='2025-05-03T13:20:54.258715+00:00' AIRFLOW_CTX_TRY_NUMBER='1' AIRFLOW_CTX_DAG_RUN_ID='manual__2025-05-03T13:20:54.258715+00:00'
[2025-05-03T13:21:41.687+0000] {logging_mixin.py:190} INFO - Task instance is in running state
[2025-05-03T13:21:41.688+0000] {logging_mixin.py:190} INFO -  Previous state of the Task instance: queued
[2025-05-03T13:21:41.690+0000] {logging_mixin.py:190} INFO - Current task name:remove_duplicates state:running start_date:2025-05-03 13:21:41.271541+00:00
[2025-05-03T13:21:41.691+0000] {logging_mixin.py:190} INFO - Dag name:google_maps_reviews and current dag run status:running
[2025-05-03T13:21:41.692+0000] {taskinstance.py:732} INFO - ::endgroup::
[2025-05-03T13:21:41.713+0000] {base.py:84} INFO - Retrieving connection 'postgres_defaut'
[2025-05-03T13:21:41.732+0000] {logging_mixin.py:190} INFO - Duplicate reviews removed.
[2025-05-03T13:21:41.733+0000] {python.py:240} INFO - Done. Returned value was: None
[2025-05-03T13:21:41.751+0000] {taskinstance.py:341} INFO - ::group::Post task execution logs
[2025-05-03T13:21:41.753+0000] {taskinstance.py:353} INFO - Marking task as SUCCESS. dag_id=google_maps_reviews, task_id=remove_duplicates, run_id=manual__2025-05-03T13:20:54.258715+00:00, execution_date=20250503T132054, start_date=20250503T132141, end_date=20250503T132141
[2025-05-03T13:21:41.812+0000] {logging_mixin.py:190} INFO - Task instance in success state
[2025-05-03T13:21:41.813+0000] {logging_mixin.py:190} INFO -  Previous state of the Task instance: running
[2025-05-03T13:21:41.815+0000] {logging_mixin.py:190} INFO - Dag name:google_maps_reviews queued_at:2025-05-03 13:20:54.308778+00:00
[2025-05-03T13:21:41.816+0000] {logging_mixin.py:190} INFO - Task hostname:8280c28b7f0f operator:PythonOperator
[2025-05-03T13:21:41.870+0000] {local_task_job_runner.py:266} INFO - Task exited with return code 0
[2025-05-03T13:21:41.932+0000] {taskinstance.py:3901} INFO - 1 downstream tasks scheduled from follow-on schedule check
[2025-05-03T13:21:41.937+0000] {local_task_job_runner.py:245} INFO - ::endgroup::
