[2025-05-03T20:59:41.578+0000] {local_task_job_runner.py:123} INFO - ::group::Pre task execution logs
[2025-05-03T20:59:41.626+0000] {taskinstance.py:2614} INFO - Dependencies all met for dep_context=non-requeueable deps ti=<TaskInstance: google_maps_reviews.model_data manual__2025-05-03T20:58:31.737076+00:00 [queued]>
[2025-05-03T20:59:41.655+0000] {taskinstance.py:2614} INFO - Dependencies all met for dep_context=requeueable deps ti=<TaskInstance: google_maps_reviews.model_data manual__2025-05-03T20:58:31.737076+00:00 [queued]>
[2025-05-03T20:59:41.657+0000] {taskinstance.py:2867} INFO - Starting attempt 1 of 2
[2025-05-03T20:59:41.691+0000] {taskinstance.py:2890} INFO - Executing <Task(PythonOperator): model_data> on 2025-05-03 20:58:31.737076+00:00
[2025-05-03T20:59:41.718+0000] {warnings.py:112} WARNING - /home/***/.local/lib/python3.12/site-packages/***/task/task_runner/standard_task_runner.py:70: DeprecationWarning: This process (pid=7189) is multi-threaded, use of fork() may lead to deadlocks in the child.
  pid = os.fork()

[2025-05-03T20:59:41.723+0000] {standard_task_runner.py:72} INFO - Started process 7204 to run task
[2025-05-03T20:59:41.724+0000] {standard_task_runner.py:104} INFO - Running: ['***', 'tasks', 'run', 'google_maps_reviews', 'model_data', 'manual__2025-05-03T20:58:31.737076+00:00', '--job-id', '377', '--raw', '--subdir', 'DAGS_FOLDER/***dag.py', '--cfg-path', '/tmp/tmpipp0rf5m']
[2025-05-03T20:59:41.731+0000] {standard_task_runner.py:105} INFO - Job 377: Subtask model_data
[2025-05-03T20:59:41.817+0000] {task_command.py:467} INFO - Running <TaskInstance: google_maps_reviews.model_data manual__2025-05-03T20:58:31.737076+00:00 [running]> on host 8280c28b7f0f
[2025-05-03T20:59:41.999+0000] {taskinstance.py:3134} INFO - Exporting env vars: AIRFLOW_CTX_DAG_OWNER='***' AIRFLOW_CTX_DAG_ID='google_maps_reviews' AIRFLOW_CTX_TASK_ID='model_data' AIRFLOW_CTX_EXECUTION_DATE='2025-05-03T20:58:31.737076+00:00' AIRFLOW_CTX_TRY_NUMBER='1' AIRFLOW_CTX_DAG_RUN_ID='manual__2025-05-03T20:58:31.737076+00:00'
[2025-05-03T20:59:42.002+0000] {logging_mixin.py:190} INFO - Task instance is in running state
[2025-05-03T20:59:42.003+0000] {logging_mixin.py:190} INFO -  Previous state of the Task instance: queued
[2025-05-03T20:59:42.004+0000] {logging_mixin.py:190} INFO - Current task name:model_data state:running start_date:2025-05-03 20:59:41.628864+00:00
[2025-05-03T20:59:42.005+0000] {logging_mixin.py:190} INFO - Dag name:google_maps_reviews and current dag run status:running
[2025-05-03T20:59:42.005+0000] {taskinstance.py:732} INFO - ::endgroup::
[2025-05-03T20:59:42.021+0000] {base.py:84} INFO - Retrieving connection 'postgres_defaut'
[2025-05-03T20:59:42.137+0000] {python.py:240} INFO - Done. Returned value was: None
[2025-05-03T20:59:42.159+0000] {taskinstance.py:341} INFO - ::group::Post task execution logs
[2025-05-03T20:59:42.161+0000] {taskinstance.py:353} INFO - Marking task as SUCCESS. dag_id=google_maps_reviews, task_id=model_data, run_id=manual__2025-05-03T20:58:31.737076+00:00, execution_date=20250503T205831, start_date=20250503T205941, end_date=20250503T205942
[2025-05-03T20:59:42.203+0000] {logging_mixin.py:190} INFO - Task instance in success state
[2025-05-03T20:59:42.204+0000] {logging_mixin.py:190} INFO -  Previous state of the Task instance: running
[2025-05-03T20:59:42.205+0000] {logging_mixin.py:190} INFO - Dag name:google_maps_reviews queued_at:2025-05-03 20:58:31.904489+00:00
[2025-05-03T20:59:42.207+0000] {logging_mixin.py:190} INFO - Task hostname:8280c28b7f0f operator:PythonOperator
[2025-05-03T20:59:42.236+0000] {local_task_job_runner.py:266} INFO - Task exited with return code 0
[2025-05-03T20:59:42.296+0000] {taskinstance.py:3901} INFO - 1 downstream tasks scheduled from follow-on schedule check
[2025-05-03T20:59:42.301+0000] {local_task_job_runner.py:245} INFO - ::endgroup::
