[2025-05-03T15:43:22.514+0000] {local_task_job_runner.py:123} INFO - ::group::Pre task execution logs
[2025-05-03T15:43:22.548+0000] {taskinstance.py:2614} INFO - Dependencies all met for dep_context=non-requeueable deps ti=<TaskInstance: google_maps_reviews.fetch_google_reviews manual__2025-05-03T15:43:14.960585+00:00 [queued]>
[2025-05-03T15:43:22.567+0000] {taskinstance.py:2614} INFO - Dependencies all met for dep_context=requeueable deps ti=<TaskInstance: google_maps_reviews.fetch_google_reviews manual__2025-05-03T15:43:14.960585+00:00 [queued]>
[2025-05-03T15:43:22.570+0000] {taskinstance.py:2867} INFO - Starting attempt 1 of 2
[2025-05-03T15:43:22.599+0000] {taskinstance.py:2890} INFO - Executing <Task(PythonOperator): fetch_google_reviews> on 2025-05-03 15:43:14.960585+00:00
[2025-05-03T15:43:22.621+0000] {warnings.py:112} WARNING - /home/***/.local/lib/python3.12/site-packages/***/task/task_runner/standard_task_runner.py:70: DeprecationWarning: This process (pid=5900) is multi-threaded, use of fork() may lead to deadlocks in the child.
  pid = os.fork()

[2025-05-03T15:43:22.626+0000] {standard_task_runner.py:72} INFO - Started process 5915 to run task
[2025-05-03T15:43:22.626+0000] {standard_task_runner.py:104} INFO - Running: ['***', 'tasks', 'run', 'google_maps_reviews', 'fetch_google_reviews', 'manual__2025-05-03T15:43:14.960585+00:00', '--job-id', '343', '--raw', '--subdir', 'DAGS_FOLDER/***dag.py', '--cfg-path', '/tmp/tmp75mtsgnb']
[2025-05-03T15:43:22.629+0000] {standard_task_runner.py:105} INFO - Job 343: Subtask fetch_google_reviews
[2025-05-03T15:43:22.724+0000] {task_command.py:467} INFO - Running <TaskInstance: google_maps_reviews.fetch_google_reviews manual__2025-05-03T15:43:14.960585+00:00 [running]> on host 8280c28b7f0f
[2025-05-03T15:43:22.875+0000] {taskinstance.py:3134} INFO - Exporting env vars: AIRFLOW_CTX_DAG_OWNER='***' AIRFLOW_CTX_DAG_ID='google_maps_reviews' AIRFLOW_CTX_TASK_ID='fetch_google_reviews' AIRFLOW_CTX_EXECUTION_DATE='2025-05-03T15:43:14.960585+00:00' AIRFLOW_CTX_TRY_NUMBER='1' AIRFLOW_CTX_DAG_RUN_ID='manual__2025-05-03T15:43:14.960585+00:00'
[2025-05-03T15:43:22.879+0000] {logging_mixin.py:190} INFO - Task instance is in running state
[2025-05-03T15:43:22.880+0000] {logging_mixin.py:190} INFO -  Previous state of the Task instance: queued
[2025-05-03T15:43:22.881+0000] {logging_mixin.py:190} INFO - Current task name:fetch_google_reviews state:running start_date:2025-05-03 15:43:22.550437+00:00
[2025-05-03T15:43:22.882+0000] {logging_mixin.py:190} INFO - Dag name:google_maps_reviews and current dag run status:running
[2025-05-03T15:43:22.883+0000] {taskinstance.py:732} INFO - ::endgroup::
[2025-05-03T15:43:22.886+0000] {client.py:194} INFO - API queries_quota: 60
[2025-05-03T15:43:28.194+0000] {logging_mixin.py:190} INFO - Data successfully saved to /opt/***/dags/input/reviews.csv
[2025-05-03T15:43:28.196+0000] {python.py:240} INFO - Done. Returned value was: None
[2025-05-03T15:43:28.218+0000] {taskinstance.py:341} INFO - ::group::Post task execution logs
[2025-05-03T15:43:28.220+0000] {taskinstance.py:353} INFO - Marking task as SUCCESS. dag_id=google_maps_reviews, task_id=fetch_google_reviews, run_id=manual__2025-05-03T15:43:14.960585+00:00, execution_date=20250503T154314, start_date=20250503T154322, end_date=20250503T154328
[2025-05-03T15:43:28.270+0000] {logging_mixin.py:190} INFO - Task instance in success state
[2025-05-03T15:43:28.274+0000] {logging_mixin.py:190} INFO -  Previous state of the Task instance: running
[2025-05-03T15:43:28.275+0000] {logging_mixin.py:190} INFO - Dag name:google_maps_reviews queued_at:2025-05-03 15:43:15.053289+00:00
[2025-05-03T15:43:28.276+0000] {logging_mixin.py:190} INFO - Task hostname:8280c28b7f0f operator:PythonOperator
[2025-05-03T15:43:28.298+0000] {local_task_job_runner.py:266} INFO - Task exited with return code 0
[2025-05-03T15:43:28.361+0000] {taskinstance.py:3901} INFO - 1 downstream tasks scheduled from follow-on schedule check
[2025-05-03T15:43:28.373+0000] {local_task_job_runner.py:245} INFO - ::endgroup::
