[2025-05-07T01:31:25.640+0000] {local_task_job_runner.py:123} INFO - ::group::Pre task execution logs
[2025-05-07T01:31:25.657+0000] {taskinstance.py:2614} INFO - Dependencies all met for dep_context=non-requeueable deps ti=<TaskInstance: google_maps_reviews.fetch_google_reviews manual__2025-05-07T01:02:20.058495+00:00 [queued]>
[2025-05-07T01:31:25.667+0000] {taskinstance.py:2614} INFO - Dependencies all met for dep_context=requeueable deps ti=<TaskInstance: google_maps_reviews.fetch_google_reviews manual__2025-05-07T01:02:20.058495+00:00 [queued]>
[2025-05-07T01:31:25.668+0000] {taskinstance.py:2867} INFO - Starting attempt 5 of 6
[2025-05-07T01:31:25.681+0000] {taskinstance.py:2890} INFO - Executing <Task(PythonOperator): fetch_google_reviews> on 2025-05-07 01:02:20.058495+00:00
[2025-05-07T01:31:25.692+0000] {warnings.py:112} WARNING - /home/***/.local/lib/python3.12/site-packages/***/task/task_runner/standard_task_runner.py:70: DeprecationWarning: This process (pid=12784) is multi-threaded, use of fork() may lead to deadlocks in the child.
  pid = os.fork()

[2025-05-07T01:31:25.694+0000] {standard_task_runner.py:104} INFO - Running: ['***', 'tasks', 'run', 'google_maps_reviews', 'fetch_google_reviews', 'manual__2025-05-07T01:02:20.058495+00:00', '--job-id', '749', '--raw', '--subdir', 'DAGS_FOLDER/***dag.py', '--cfg-path', '/tmp/tmpd3bat8ag']
[2025-05-07T01:31:25.695+0000] {standard_task_runner.py:72} INFO - Started process 12799 to run task
[2025-05-07T01:31:25.696+0000] {standard_task_runner.py:105} INFO - Job 749: Subtask fetch_google_reviews
[2025-05-07T01:31:25.738+0000] {task_command.py:467} INFO - Running <TaskInstance: google_maps_reviews.fetch_google_reviews manual__2025-05-07T01:02:20.058495+00:00 [running]> on host 8280c28b7f0f
[2025-05-07T01:31:25.820+0000] {taskinstance.py:3134} INFO - Exporting env vars: AIRFLOW_CTX_DAG_OWNER='***' AIRFLOW_CTX_DAG_ID='google_maps_reviews' AIRFLOW_CTX_TASK_ID='fetch_google_reviews' AIRFLOW_CTX_EXECUTION_DATE='2025-05-07T01:02:20.058495+00:00' AIRFLOW_CTX_TRY_NUMBER='5' AIRFLOW_CTX_DAG_RUN_ID='manual__2025-05-07T01:02:20.058495+00:00'
[2025-05-07T01:31:25.822+0000] {logging_mixin.py:190} INFO - Task instance is in running state
[2025-05-07T01:31:25.823+0000] {logging_mixin.py:190} INFO -  Previous state of the Task instance: queued
[2025-05-07T01:31:25.823+0000] {logging_mixin.py:190} INFO - Current task name:fetch_google_reviews state:running start_date:2025-05-07 01:31:25.658791+00:00
[2025-05-07T01:31:25.824+0000] {logging_mixin.py:190} INFO - Dag name:google_maps_reviews and current dag run status:running
[2025-05-07T01:31:25.824+0000] {taskinstance.py:732} INFO - ::endgroup::
[2025-05-07T01:33:10.332+0000] {logging_mixin.py:190} INFO - 1677 reviews collected from 420 bank branches.
[2025-05-07T01:33:10.334+0000] {python.py:240} INFO - Done. Returned value was: None
[2025-05-07T01:33:10.343+0000] {taskinstance.py:341} INFO - ::group::Post task execution logs
[2025-05-07T01:33:10.344+0000] {taskinstance.py:353} INFO - Marking task as SUCCESS. dag_id=google_maps_reviews, task_id=fetch_google_reviews, run_id=manual__2025-05-07T01:02:20.058495+00:00, execution_date=20250507T010220, start_date=20250507T013125, end_date=20250507T013310
[2025-05-07T01:33:10.370+0000] {logging_mixin.py:190} INFO - Task instance in success state
[2025-05-07T01:33:10.371+0000] {logging_mixin.py:190} INFO -  Previous state of the Task instance: running
[2025-05-07T01:33:10.371+0000] {logging_mixin.py:190} INFO - Dag name:google_maps_reviews queued_at:2025-05-07 01:31:20.613033+00:00
[2025-05-07T01:33:10.372+0000] {logging_mixin.py:190} INFO - Task hostname:8280c28b7f0f operator:PythonOperator
[2025-05-07T01:33:10.420+0000] {local_task_job_runner.py:266} INFO - Task exited with return code 0
[2025-05-07T01:33:10.453+0000] {taskinstance.py:3901} INFO - 1 downstream tasks scheduled from follow-on schedule check
[2025-05-07T01:33:10.455+0000] {local_task_job_runner.py:245} INFO - ::endgroup::
