[2025-05-09T13:14:54.612+0000] {processor.py:186} INFO - Started process (PID=174) to work on /home/airflow/.local/lib/python3.12/site-packages/airflow/example_dags/example_latest_only_with_trigger.py
[2025-05-09T13:14:54.614+0000] {processor.py:914} INFO - Processing file /home/airflow/.local/lib/python3.12/site-packages/airflow/example_dags/example_latest_only_with_trigger.py for tasks to queue
[2025-05-09T13:14:54.619+0000] {logging_mixin.py:190} INFO - [2025-05-09T13:14:54.618+0000] {dagbag.py:588} INFO - Filling up the DagBag from /home/airflow/.local/lib/python3.12/site-packages/airflow/example_dags/example_latest_only_with_trigger.py
[2025-05-09T13:14:54.649+0000] {processor.py:925} INFO - DAG(s) 'latest_only_with_trigger' retrieved from /home/airflow/.local/lib/python3.12/site-packages/airflow/example_dags/example_latest_only_with_trigger.py
[2025-05-09T13:14:54.693+0000] {logging_mixin.py:190} INFO - [2025-05-09T13:14:54.693+0000] {dag.py:3239} INFO - Sync 1 DAGs
[2025-05-09T13:14:54.736+0000] {logging_mixin.py:190} INFO - [2025-05-09T13:14:54.736+0000] {dag.py:4180} INFO - Setting next_dagrun for latest_only_with_trigger to 2025-05-09 08:00:00+00:00, run_after=2025-05-09 12:00:00+00:00
[2025-05-09T13:14:54.780+0000] {processor.py:208} INFO - Processing /home/airflow/.local/lib/python3.12/site-packages/airflow/example_dags/example_latest_only_with_trigger.py took 0.180 seconds
[2025-05-09T13:15:28.343+0000] {processor.py:186} INFO - Started process (PID=265) to work on /home/airflow/.local/lib/python3.12/site-packages/airflow/example_dags/example_latest_only_with_trigger.py
[2025-05-09T13:15:28.345+0000] {processor.py:914} INFO - Processing file /home/airflow/.local/lib/python3.12/site-packages/airflow/example_dags/example_latest_only_with_trigger.py for tasks to queue
[2025-05-09T13:15:28.349+0000] {logging_mixin.py:190} INFO - [2025-05-09T13:15:28.349+0000] {dagbag.py:588} INFO - Filling up the DagBag from /home/airflow/.local/lib/python3.12/site-packages/airflow/example_dags/example_latest_only_with_trigger.py
[2025-05-09T13:15:28.364+0000] {processor.py:925} INFO - DAG(s) 'latest_only_with_trigger' retrieved from /home/airflow/.local/lib/python3.12/site-packages/airflow/example_dags/example_latest_only_with_trigger.py
[2025-05-09T13:15:28.409+0000] {logging_mixin.py:190} INFO - [2025-05-09T13:15:28.408+0000] {dag.py:3239} INFO - Sync 1 DAGs
[2025-05-09T13:15:28.465+0000] {logging_mixin.py:190} INFO - [2025-05-09T13:15:28.465+0000] {dag.py:4180} INFO - Setting next_dagrun for latest_only_with_trigger to 2025-05-09 08:00:00+00:00, run_after=2025-05-09 12:00:00+00:00
[2025-05-09T13:15:28.524+0000] {processor.py:208} INFO - Processing /home/airflow/.local/lib/python3.12/site-packages/airflow/example_dags/example_latest_only_with_trigger.py took 0.193 seconds
[2025-05-09T13:15:59.101+0000] {processor.py:186} INFO - Started process (PID=342) to work on /home/airflow/.local/lib/python3.12/site-packages/airflow/example_dags/example_latest_only_with_trigger.py
[2025-05-09T13:15:59.104+0000] {processor.py:914} INFO - Processing file /home/airflow/.local/lib/python3.12/site-packages/airflow/example_dags/example_latest_only_with_trigger.py for tasks to queue
[2025-05-09T13:15:59.109+0000] {logging_mixin.py:190} INFO - [2025-05-09T13:15:59.109+0000] {dagbag.py:588} INFO - Filling up the DagBag from /home/airflow/.local/lib/python3.12/site-packages/airflow/example_dags/example_latest_only_with_trigger.py
[2025-05-09T13:15:59.125+0000] {processor.py:925} INFO - DAG(s) 'latest_only_with_trigger' retrieved from /home/airflow/.local/lib/python3.12/site-packages/airflow/example_dags/example_latest_only_with_trigger.py
[2025-05-09T13:15:59.174+0000] {logging_mixin.py:190} INFO - [2025-05-09T13:15:59.174+0000] {dag.py:3239} INFO - Sync 1 DAGs
[2025-05-09T13:15:59.233+0000] {logging_mixin.py:190} INFO - [2025-05-09T13:15:59.233+0000] {dag.py:4180} INFO - Setting next_dagrun for latest_only_with_trigger to 2025-05-09 08:00:00+00:00, run_after=2025-05-09 12:00:00+00:00
[2025-05-09T13:15:59.291+0000] {processor.py:208} INFO - Processing /home/airflow/.local/lib/python3.12/site-packages/airflow/example_dags/example_latest_only_with_trigger.py took 0.201 seconds
[2025-05-09T13:16:29.967+0000] {processor.py:186} INFO - Started process (PID=433) to work on /home/airflow/.local/lib/python3.12/site-packages/airflow/example_dags/example_latest_only_with_trigger.py
[2025-05-09T13:16:29.969+0000] {processor.py:914} INFO - Processing file /home/airflow/.local/lib/python3.12/site-packages/airflow/example_dags/example_latest_only_with_trigger.py for tasks to queue
[2025-05-09T13:16:29.974+0000] {logging_mixin.py:190} INFO - [2025-05-09T13:16:29.973+0000] {dagbag.py:588} INFO - Filling up the DagBag from /home/airflow/.local/lib/python3.12/site-packages/airflow/example_dags/example_latest_only_with_trigger.py
[2025-05-09T13:16:29.993+0000] {processor.py:925} INFO - DAG(s) 'latest_only_with_trigger' retrieved from /home/airflow/.local/lib/python3.12/site-packages/airflow/example_dags/example_latest_only_with_trigger.py
[2025-05-09T13:16:30.040+0000] {logging_mixin.py:190} INFO - [2025-05-09T13:16:30.040+0000] {dag.py:3239} INFO - Sync 1 DAGs
[2025-05-09T13:16:30.106+0000] {logging_mixin.py:190} INFO - [2025-05-09T13:16:30.105+0000] {dag.py:4180} INFO - Setting next_dagrun for latest_only_with_trigger to 2025-05-09 08:00:00+00:00, run_after=2025-05-09 12:00:00+00:00
[2025-05-09T13:16:30.159+0000] {processor.py:208} INFO - Processing /home/airflow/.local/lib/python3.12/site-packages/airflow/example_dags/example_latest_only_with_trigger.py took 0.205 seconds
[2025-05-09T13:17:00.430+0000] {processor.py:186} INFO - Started process (PID=524) to work on /home/airflow/.local/lib/python3.12/site-packages/airflow/example_dags/example_latest_only_with_trigger.py
[2025-05-09T13:17:00.432+0000] {processor.py:914} INFO - Processing file /home/airflow/.local/lib/python3.12/site-packages/airflow/example_dags/example_latest_only_with_trigger.py for tasks to queue
[2025-05-09T13:17:00.436+0000] {logging_mixin.py:190} INFO - [2025-05-09T13:17:00.436+0000] {dagbag.py:588} INFO - Filling up the DagBag from /home/airflow/.local/lib/python3.12/site-packages/airflow/example_dags/example_latest_only_with_trigger.py
[2025-05-09T13:17:00.453+0000] {processor.py:925} INFO - DAG(s) 'latest_only_with_trigger' retrieved from /home/airflow/.local/lib/python3.12/site-packages/airflow/example_dags/example_latest_only_with_trigger.py
[2025-05-09T13:17:00.502+0000] {logging_mixin.py:190} INFO - [2025-05-09T13:17:00.501+0000] {dag.py:3239} INFO - Sync 1 DAGs
[2025-05-09T13:17:00.547+0000] {logging_mixin.py:190} INFO - [2025-05-09T13:17:00.547+0000] {dag.py:4180} INFO - Setting next_dagrun for latest_only_with_trigger to 2025-05-09 08:00:00+00:00, run_after=2025-05-09 12:00:00+00:00
[2025-05-09T13:17:00.598+0000] {processor.py:208} INFO - Processing /home/airflow/.local/lib/python3.12/site-packages/airflow/example_dags/example_latest_only_with_trigger.py took 0.180 seconds
[2025-05-09T13:17:31.551+0000] {processor.py:186} INFO - Started process (PID=615) to work on /home/airflow/.local/lib/python3.12/site-packages/airflow/example_dags/example_latest_only_with_trigger.py
[2025-05-09T13:17:31.553+0000] {processor.py:914} INFO - Processing file /home/airflow/.local/lib/python3.12/site-packages/airflow/example_dags/example_latest_only_with_trigger.py for tasks to queue
[2025-05-09T13:17:31.558+0000] {logging_mixin.py:190} INFO - [2025-05-09T13:17:31.558+0000] {dagbag.py:588} INFO - Filling up the DagBag from /home/airflow/.local/lib/python3.12/site-packages/airflow/example_dags/example_latest_only_with_trigger.py
[2025-05-09T13:17:31.574+0000] {processor.py:925} INFO - DAG(s) 'latest_only_with_trigger' retrieved from /home/airflow/.local/lib/python3.12/site-packages/airflow/example_dags/example_latest_only_with_trigger.py
[2025-05-09T13:17:31.611+0000] {logging_mixin.py:190} INFO - [2025-05-09T13:17:31.610+0000] {dag.py:3239} INFO - Sync 1 DAGs
[2025-05-09T13:17:31.665+0000] {logging_mixin.py:190} INFO - [2025-05-09T13:17:31.664+0000] {dag.py:4180} INFO - Setting next_dagrun for latest_only_with_trigger to 2025-05-09 08:00:00+00:00, run_after=2025-05-09 12:00:00+00:00
[2025-05-09T13:17:31.719+0000] {processor.py:208} INFO - Processing /home/airflow/.local/lib/python3.12/site-packages/airflow/example_dags/example_latest_only_with_trigger.py took 0.179 seconds
[2025-05-09T13:18:02.616+0000] {processor.py:186} INFO - Started process (PID=706) to work on /home/airflow/.local/lib/python3.12/site-packages/airflow/example_dags/example_latest_only_with_trigger.py
[2025-05-09T13:18:02.617+0000] {processor.py:914} INFO - Processing file /home/airflow/.local/lib/python3.12/site-packages/airflow/example_dags/example_latest_only_with_trigger.py for tasks to queue
[2025-05-09T13:18:02.621+0000] {logging_mixin.py:190} INFO - [2025-05-09T13:18:02.621+0000] {dagbag.py:588} INFO - Filling up the DagBag from /home/airflow/.local/lib/python3.12/site-packages/airflow/example_dags/example_latest_only_with_trigger.py
[2025-05-09T13:18:02.639+0000] {processor.py:925} INFO - DAG(s) 'latest_only_with_trigger' retrieved from /home/airflow/.local/lib/python3.12/site-packages/airflow/example_dags/example_latest_only_with_trigger.py
[2025-05-09T13:18:02.683+0000] {logging_mixin.py:190} INFO - [2025-05-09T13:18:02.683+0000] {dag.py:3239} INFO - Sync 1 DAGs
[2025-05-09T13:18:02.730+0000] {logging_mixin.py:190} INFO - [2025-05-09T13:18:02.729+0000] {dag.py:4180} INFO - Setting next_dagrun for latest_only_with_trigger to 2025-05-09 08:00:00+00:00, run_after=2025-05-09 12:00:00+00:00
[2025-05-09T13:18:02.769+0000] {processor.py:208} INFO - Processing /home/airflow/.local/lib/python3.12/site-packages/airflow/example_dags/example_latest_only_with_trigger.py took 0.164 seconds
[2025-05-09T13:18:33.895+0000] {processor.py:186} INFO - Started process (PID=798) to work on /home/airflow/.local/lib/python3.12/site-packages/airflow/example_dags/example_latest_only_with_trigger.py
[2025-05-09T13:18:33.898+0000] {processor.py:914} INFO - Processing file /home/airflow/.local/lib/python3.12/site-packages/airflow/example_dags/example_latest_only_with_trigger.py for tasks to queue
[2025-05-09T13:18:33.904+0000] {logging_mixin.py:190} INFO - [2025-05-09T13:18:33.903+0000] {dagbag.py:588} INFO - Filling up the DagBag from /home/airflow/.local/lib/python3.12/site-packages/airflow/example_dags/example_latest_only_with_trigger.py
[2025-05-09T13:18:33.920+0000] {processor.py:925} INFO - DAG(s) 'latest_only_with_trigger' retrieved from /home/airflow/.local/lib/python3.12/site-packages/airflow/example_dags/example_latest_only_with_trigger.py
[2025-05-09T13:18:33.964+0000] {logging_mixin.py:190} INFO - [2025-05-09T13:18:33.963+0000] {dag.py:3239} INFO - Sync 1 DAGs
[2025-05-09T13:18:34.016+0000] {logging_mixin.py:190} INFO - [2025-05-09T13:18:34.015+0000] {dag.py:4180} INFO - Setting next_dagrun for latest_only_with_trigger to 2025-05-09 08:00:00+00:00, run_after=2025-05-09 12:00:00+00:00
[2025-05-09T13:18:34.049+0000] {processor.py:208} INFO - Processing /home/airflow/.local/lib/python3.12/site-packages/airflow/example_dags/example_latest_only_with_trigger.py took 0.167 seconds
[2025-05-09T13:19:05.610+0000] {processor.py:186} INFO - Started process (PID=889) to work on /home/airflow/.local/lib/python3.12/site-packages/airflow/example_dags/example_latest_only_with_trigger.py
[2025-05-09T13:19:05.612+0000] {processor.py:914} INFO - Processing file /home/airflow/.local/lib/python3.12/site-packages/airflow/example_dags/example_latest_only_with_trigger.py for tasks to queue
[2025-05-09T13:19:05.618+0000] {logging_mixin.py:190} INFO - [2025-05-09T13:19:05.617+0000] {dagbag.py:588} INFO - Filling up the DagBag from /home/airflow/.local/lib/python3.12/site-packages/airflow/example_dags/example_latest_only_with_trigger.py
[2025-05-09T13:19:05.634+0000] {processor.py:925} INFO - DAG(s) 'latest_only_with_trigger' retrieved from /home/airflow/.local/lib/python3.12/site-packages/airflow/example_dags/example_latest_only_with_trigger.py
[2025-05-09T13:19:05.679+0000] {logging_mixin.py:190} INFO - [2025-05-09T13:19:05.678+0000] {dag.py:3239} INFO - Sync 1 DAGs
[2025-05-09T13:19:05.728+0000] {logging_mixin.py:190} INFO - [2025-05-09T13:19:05.728+0000] {dag.py:4180} INFO - Setting next_dagrun for latest_only_with_trigger to 2025-05-09 08:00:00+00:00, run_after=2025-05-09 12:00:00+00:00
[2025-05-09T13:19:05.767+0000] {processor.py:208} INFO - Processing /home/airflow/.local/lib/python3.12/site-packages/airflow/example_dags/example_latest_only_with_trigger.py took 0.172 seconds
[2025-05-09T13:19:37.172+0000] {processor.py:186} INFO - Started process (PID=980) to work on /home/airflow/.local/lib/python3.12/site-packages/airflow/example_dags/example_latest_only_with_trigger.py
[2025-05-09T13:19:37.174+0000] {processor.py:914} INFO - Processing file /home/airflow/.local/lib/python3.12/site-packages/airflow/example_dags/example_latest_only_with_trigger.py for tasks to queue
[2025-05-09T13:19:37.179+0000] {logging_mixin.py:190} INFO - [2025-05-09T13:19:37.178+0000] {dagbag.py:588} INFO - Filling up the DagBag from /home/airflow/.local/lib/python3.12/site-packages/airflow/example_dags/example_latest_only_with_trigger.py
[2025-05-09T13:19:37.192+0000] {processor.py:925} INFO - DAG(s) 'latest_only_with_trigger' retrieved from /home/airflow/.local/lib/python3.12/site-packages/airflow/example_dags/example_latest_only_with_trigger.py
[2025-05-09T13:19:37.227+0000] {logging_mixin.py:190} INFO - [2025-05-09T13:19:37.226+0000] {dag.py:3239} INFO - Sync 1 DAGs
[2025-05-09T13:19:37.273+0000] {logging_mixin.py:190} INFO - [2025-05-09T13:19:37.273+0000] {dag.py:4180} INFO - Setting next_dagrun for latest_only_with_trigger to 2025-05-09 08:00:00+00:00, run_after=2025-05-09 12:00:00+00:00
[2025-05-09T13:19:37.318+0000] {processor.py:208} INFO - Processing /home/airflow/.local/lib/python3.12/site-packages/airflow/example_dags/example_latest_only_with_trigger.py took 0.156 seconds
[2025-05-09T13:20:08.389+0000] {processor.py:186} INFO - Started process (PID=1071) to work on /home/airflow/.local/lib/python3.12/site-packages/airflow/example_dags/example_latest_only_with_trigger.py
[2025-05-09T13:20:08.391+0000] {processor.py:914} INFO - Processing file /home/airflow/.local/lib/python3.12/site-packages/airflow/example_dags/example_latest_only_with_trigger.py for tasks to queue
[2025-05-09T13:20:08.397+0000] {logging_mixin.py:190} INFO - [2025-05-09T13:20:08.396+0000] {dagbag.py:588} INFO - Filling up the DagBag from /home/airflow/.local/lib/python3.12/site-packages/airflow/example_dags/example_latest_only_with_trigger.py
[2025-05-09T13:20:08.411+0000] {processor.py:925} INFO - DAG(s) 'latest_only_with_trigger' retrieved from /home/airflow/.local/lib/python3.12/site-packages/airflow/example_dags/example_latest_only_with_trigger.py
[2025-05-09T13:20:08.464+0000] {logging_mixin.py:190} INFO - [2025-05-09T13:20:08.463+0000] {dag.py:3239} INFO - Sync 1 DAGs
[2025-05-09T13:20:08.512+0000] {logging_mixin.py:190} INFO - [2025-05-09T13:20:08.511+0000] {dag.py:4180} INFO - Setting next_dagrun for latest_only_with_trigger to 2025-05-09 08:00:00+00:00, run_after=2025-05-09 12:00:00+00:00
[2025-05-09T13:20:08.555+0000] {processor.py:208} INFO - Processing /home/airflow/.local/lib/python3.12/site-packages/airflow/example_dags/example_latest_only_with_trigger.py took 0.177 seconds
[2025-05-09T13:20:39.321+0000] {processor.py:186} INFO - Started process (PID=1166) to work on /home/airflow/.local/lib/python3.12/site-packages/airflow/example_dags/example_latest_only_with_trigger.py
[2025-05-09T13:20:39.323+0000] {processor.py:914} INFO - Processing file /home/airflow/.local/lib/python3.12/site-packages/airflow/example_dags/example_latest_only_with_trigger.py for tasks to queue
[2025-05-09T13:20:39.332+0000] {logging_mixin.py:190} INFO - [2025-05-09T13:20:39.331+0000] {dagbag.py:588} INFO - Filling up the DagBag from /home/airflow/.local/lib/python3.12/site-packages/airflow/example_dags/example_latest_only_with_trigger.py
[2025-05-09T13:20:39.347+0000] {processor.py:925} INFO - DAG(s) 'latest_only_with_trigger' retrieved from /home/airflow/.local/lib/python3.12/site-packages/airflow/example_dags/example_latest_only_with_trigger.py
[2025-05-09T13:20:39.383+0000] {logging_mixin.py:190} INFO - [2025-05-09T13:20:39.383+0000] {dag.py:3239} INFO - Sync 1 DAGs
[2025-05-09T13:20:39.422+0000] {logging_mixin.py:190} INFO - [2025-05-09T13:20:39.422+0000] {dag.py:4180} INFO - Setting next_dagrun for latest_only_with_trigger to 2025-05-09 08:00:00+00:00, run_after=2025-05-09 12:00:00+00:00
[2025-05-09T13:20:39.473+0000] {processor.py:208} INFO - Processing /home/airflow/.local/lib/python3.12/site-packages/airflow/example_dags/example_latest_only_with_trigger.py took 0.164 seconds
[2025-05-09T13:21:09.644+0000] {processor.py:186} INFO - Started process (PID=1256) to work on /home/airflow/.local/lib/python3.12/site-packages/airflow/example_dags/example_latest_only_with_trigger.py
[2025-05-09T13:21:09.646+0000] {processor.py:914} INFO - Processing file /home/airflow/.local/lib/python3.12/site-packages/airflow/example_dags/example_latest_only_with_trigger.py for tasks to queue
[2025-05-09T13:21:09.651+0000] {logging_mixin.py:190} INFO - [2025-05-09T13:21:09.650+0000] {dagbag.py:588} INFO - Filling up the DagBag from /home/airflow/.local/lib/python3.12/site-packages/airflow/example_dags/example_latest_only_with_trigger.py
[2025-05-09T13:21:09.668+0000] {processor.py:925} INFO - DAG(s) 'latest_only_with_trigger' retrieved from /home/airflow/.local/lib/python3.12/site-packages/airflow/example_dags/example_latest_only_with_trigger.py
[2025-05-09T13:21:09.713+0000] {logging_mixin.py:190} INFO - [2025-05-09T13:21:09.712+0000] {dag.py:3239} INFO - Sync 1 DAGs
[2025-05-09T13:21:09.757+0000] {logging_mixin.py:190} INFO - [2025-05-09T13:21:09.756+0000] {dag.py:4180} INFO - Setting next_dagrun for latest_only_with_trigger to 2025-05-09 08:00:00+00:00, run_after=2025-05-09 12:00:00+00:00
[2025-05-09T13:21:09.789+0000] {processor.py:208} INFO - Processing /home/airflow/.local/lib/python3.12/site-packages/airflow/example_dags/example_latest_only_with_trigger.py took 0.159 seconds
[2025-05-09T13:21:40.998+0000] {processor.py:186} INFO - Started process (PID=1347) to work on /home/airflow/.local/lib/python3.12/site-packages/airflow/example_dags/example_latest_only_with_trigger.py
[2025-05-09T13:21:41.000+0000] {processor.py:914} INFO - Processing file /home/airflow/.local/lib/python3.12/site-packages/airflow/example_dags/example_latest_only_with_trigger.py for tasks to queue
[2025-05-09T13:21:41.004+0000] {logging_mixin.py:190} INFO - [2025-05-09T13:21:41.004+0000] {dagbag.py:588} INFO - Filling up the DagBag from /home/airflow/.local/lib/python3.12/site-packages/airflow/example_dags/example_latest_only_with_trigger.py
[2025-05-09T13:21:41.019+0000] {processor.py:925} INFO - DAG(s) 'latest_only_with_trigger' retrieved from /home/airflow/.local/lib/python3.12/site-packages/airflow/example_dags/example_latest_only_with_trigger.py
[2025-05-09T13:21:41.059+0000] {logging_mixin.py:190} INFO - [2025-05-09T13:21:41.058+0000] {dag.py:3239} INFO - Sync 1 DAGs
[2025-05-09T13:21:41.108+0000] {logging_mixin.py:190} INFO - [2025-05-09T13:21:41.108+0000] {dag.py:4180} INFO - Setting next_dagrun for latest_only_with_trigger to 2025-05-09 08:00:00+00:00, run_after=2025-05-09 12:00:00+00:00
[2025-05-09T13:21:41.155+0000] {processor.py:208} INFO - Processing /home/airflow/.local/lib/python3.12/site-packages/airflow/example_dags/example_latest_only_with_trigger.py took 0.168 seconds
[2025-05-09T13:22:18.016+0000] {processor.py:186} INFO - Started process (PID=1437) to work on /home/airflow/.local/lib/python3.12/site-packages/airflow/example_dags/example_latest_only_with_trigger.py
[2025-05-09T13:22:18.018+0000] {processor.py:914} INFO - Processing file /home/airflow/.local/lib/python3.12/site-packages/airflow/example_dags/example_latest_only_with_trigger.py for tasks to queue
[2025-05-09T13:22:18.022+0000] {logging_mixin.py:190} INFO - [2025-05-09T13:22:18.021+0000] {dagbag.py:588} INFO - Filling up the DagBag from /home/airflow/.local/lib/python3.12/site-packages/airflow/example_dags/example_latest_only_with_trigger.py
[2025-05-09T13:22:18.037+0000] {processor.py:925} INFO - DAG(s) 'latest_only_with_trigger' retrieved from /home/airflow/.local/lib/python3.12/site-packages/airflow/example_dags/example_latest_only_with_trigger.py
[2025-05-09T13:22:18.075+0000] {logging_mixin.py:190} INFO - [2025-05-09T13:22:18.074+0000] {dag.py:3239} INFO - Sync 1 DAGs
[2025-05-09T13:22:18.125+0000] {logging_mixin.py:190} INFO - [2025-05-09T13:22:18.124+0000] {dag.py:4180} INFO - Setting next_dagrun for latest_only_with_trigger to 2025-05-09 08:00:00+00:00, run_after=2025-05-09 12:00:00+00:00
[2025-05-09T13:22:18.184+0000] {processor.py:208} INFO - Processing /home/airflow/.local/lib/python3.12/site-packages/airflow/example_dags/example_latest_only_with_trigger.py took 0.180 seconds
[2025-05-09T13:22:49.065+0000] {processor.py:186} INFO - Started process (PID=1514) to work on /home/airflow/.local/lib/python3.12/site-packages/airflow/example_dags/example_latest_only_with_trigger.py
[2025-05-09T13:22:49.068+0000] {processor.py:914} INFO - Processing file /home/airflow/.local/lib/python3.12/site-packages/airflow/example_dags/example_latest_only_with_trigger.py for tasks to queue
[2025-05-09T13:22:49.073+0000] {logging_mixin.py:190} INFO - [2025-05-09T13:22:49.072+0000] {dagbag.py:588} INFO - Filling up the DagBag from /home/airflow/.local/lib/python3.12/site-packages/airflow/example_dags/example_latest_only_with_trigger.py
[2025-05-09T13:22:49.088+0000] {processor.py:925} INFO - DAG(s) 'latest_only_with_trigger' retrieved from /home/airflow/.local/lib/python3.12/site-packages/airflow/example_dags/example_latest_only_with_trigger.py
[2025-05-09T13:22:49.125+0000] {logging_mixin.py:190} INFO - [2025-05-09T13:22:49.124+0000] {dag.py:3239} INFO - Sync 1 DAGs
[2025-05-09T13:22:49.168+0000] {logging_mixin.py:190} INFO - [2025-05-09T13:22:49.168+0000] {dag.py:4180} INFO - Setting next_dagrun for latest_only_with_trigger to 2025-05-09 08:00:00+00:00, run_after=2025-05-09 12:00:00+00:00
[2025-05-09T13:22:49.221+0000] {processor.py:208} INFO - Processing /home/airflow/.local/lib/python3.12/site-packages/airflow/example_dags/example_latest_only_with_trigger.py took 0.166 seconds
[2025-05-09T13:23:19.307+0000] {processor.py:186} INFO - Started process (PID=1591) to work on /home/airflow/.local/lib/python3.12/site-packages/airflow/example_dags/example_latest_only_with_trigger.py
[2025-05-09T13:23:19.309+0000] {processor.py:914} INFO - Processing file /home/airflow/.local/lib/python3.12/site-packages/airflow/example_dags/example_latest_only_with_trigger.py for tasks to queue
[2025-05-09T13:23:19.315+0000] {logging_mixin.py:190} INFO - [2025-05-09T13:23:19.314+0000] {dagbag.py:588} INFO - Filling up the DagBag from /home/airflow/.local/lib/python3.12/site-packages/airflow/example_dags/example_latest_only_with_trigger.py
[2025-05-09T13:23:19.331+0000] {processor.py:925} INFO - DAG(s) 'latest_only_with_trigger' retrieved from /home/airflow/.local/lib/python3.12/site-packages/airflow/example_dags/example_latest_only_with_trigger.py
[2025-05-09T13:23:19.376+0000] {logging_mixin.py:190} INFO - [2025-05-09T13:23:19.375+0000] {dag.py:3239} INFO - Sync 1 DAGs
[2025-05-09T13:23:19.424+0000] {logging_mixin.py:190} INFO - [2025-05-09T13:23:19.423+0000] {dag.py:4180} INFO - Setting next_dagrun for latest_only_with_trigger to 2025-05-09 08:00:00+00:00, run_after=2025-05-09 12:00:00+00:00
[2025-05-09T13:23:19.469+0000] {processor.py:208} INFO - Processing /home/airflow/.local/lib/python3.12/site-packages/airflow/example_dags/example_latest_only_with_trigger.py took 0.173 seconds
[2025-05-09T13:23:49.957+0000] {processor.py:186} INFO - Started process (PID=1682) to work on /home/airflow/.local/lib/python3.12/site-packages/airflow/example_dags/example_latest_only_with_trigger.py
[2025-05-09T13:23:49.959+0000] {processor.py:914} INFO - Processing file /home/airflow/.local/lib/python3.12/site-packages/airflow/example_dags/example_latest_only_with_trigger.py for tasks to queue
[2025-05-09T13:23:49.964+0000] {logging_mixin.py:190} INFO - [2025-05-09T13:23:49.963+0000] {dagbag.py:588} INFO - Filling up the DagBag from /home/airflow/.local/lib/python3.12/site-packages/airflow/example_dags/example_latest_only_with_trigger.py
[2025-05-09T13:23:49.979+0000] {processor.py:925} INFO - DAG(s) 'latest_only_with_trigger' retrieved from /home/airflow/.local/lib/python3.12/site-packages/airflow/example_dags/example_latest_only_with_trigger.py
[2025-05-09T13:23:50.025+0000] {logging_mixin.py:190} INFO - [2025-05-09T13:23:50.025+0000] {dag.py:3239} INFO - Sync 1 DAGs
[2025-05-09T13:23:50.081+0000] {logging_mixin.py:190} INFO - [2025-05-09T13:23:50.081+0000] {dag.py:4180} INFO - Setting next_dagrun for latest_only_with_trigger to 2025-05-09 08:00:00+00:00, run_after=2025-05-09 12:00:00+00:00
[2025-05-09T13:23:50.125+0000] {processor.py:208} INFO - Processing /home/airflow/.local/lib/python3.12/site-packages/airflow/example_dags/example_latest_only_with_trigger.py took 0.182 seconds
[2025-05-09T13:24:20.189+0000] {processor.py:186} INFO - Started process (PID=1773) to work on /home/airflow/.local/lib/python3.12/site-packages/airflow/example_dags/example_latest_only_with_trigger.py
[2025-05-09T13:24:20.192+0000] {processor.py:914} INFO - Processing file /home/airflow/.local/lib/python3.12/site-packages/airflow/example_dags/example_latest_only_with_trigger.py for tasks to queue
[2025-05-09T13:24:20.198+0000] {logging_mixin.py:190} INFO - [2025-05-09T13:24:20.196+0000] {dagbag.py:588} INFO - Filling up the DagBag from /home/airflow/.local/lib/python3.12/site-packages/airflow/example_dags/example_latest_only_with_trigger.py
[2025-05-09T13:24:20.212+0000] {processor.py:925} INFO - DAG(s) 'latest_only_with_trigger' retrieved from /home/airflow/.local/lib/python3.12/site-packages/airflow/example_dags/example_latest_only_with_trigger.py
[2025-05-09T13:24:20.247+0000] {logging_mixin.py:190} INFO - [2025-05-09T13:24:20.246+0000] {dag.py:3239} INFO - Sync 1 DAGs
[2025-05-09T13:24:20.290+0000] {logging_mixin.py:190} INFO - [2025-05-09T13:24:20.289+0000] {dag.py:4180} INFO - Setting next_dagrun for latest_only_with_trigger to 2025-05-09 08:00:00+00:00, run_after=2025-05-09 12:00:00+00:00
[2025-05-09T13:24:20.328+0000] {processor.py:208} INFO - Processing /home/airflow/.local/lib/python3.12/site-packages/airflow/example_dags/example_latest_only_with_trigger.py took 0.149 seconds
[2025-05-09T13:24:50.584+0000] {processor.py:186} INFO - Started process (PID=1864) to work on /home/airflow/.local/lib/python3.12/site-packages/airflow/example_dags/example_latest_only_with_trigger.py
[2025-05-09T13:24:50.586+0000] {processor.py:914} INFO - Processing file /home/airflow/.local/lib/python3.12/site-packages/airflow/example_dags/example_latest_only_with_trigger.py for tasks to queue
[2025-05-09T13:24:50.590+0000] {logging_mixin.py:190} INFO - [2025-05-09T13:24:50.590+0000] {dagbag.py:588} INFO - Filling up the DagBag from /home/airflow/.local/lib/python3.12/site-packages/airflow/example_dags/example_latest_only_with_trigger.py
[2025-05-09T13:24:50.606+0000] {processor.py:925} INFO - DAG(s) 'latest_only_with_trigger' retrieved from /home/airflow/.local/lib/python3.12/site-packages/airflow/example_dags/example_latest_only_with_trigger.py
[2025-05-09T13:24:50.646+0000] {logging_mixin.py:190} INFO - [2025-05-09T13:24:50.645+0000] {dag.py:3239} INFO - Sync 1 DAGs
[2025-05-09T13:24:50.694+0000] {logging_mixin.py:190} INFO - [2025-05-09T13:24:50.693+0000] {dag.py:4180} INFO - Setting next_dagrun for latest_only_with_trigger to 2025-05-09 08:00:00+00:00, run_after=2025-05-09 12:00:00+00:00
[2025-05-09T13:24:50.735+0000] {processor.py:208} INFO - Processing /home/airflow/.local/lib/python3.12/site-packages/airflow/example_dags/example_latest_only_with_trigger.py took 0.164 seconds
[2025-05-09T13:25:21.421+0000] {processor.py:186} INFO - Started process (PID=1969) to work on /home/airflow/.local/lib/python3.12/site-packages/airflow/example_dags/example_latest_only_with_trigger.py
[2025-05-09T13:25:21.423+0000] {processor.py:914} INFO - Processing file /home/airflow/.local/lib/python3.12/site-packages/airflow/example_dags/example_latest_only_with_trigger.py for tasks to queue
[2025-05-09T13:25:21.429+0000] {logging_mixin.py:190} INFO - [2025-05-09T13:25:21.428+0000] {dagbag.py:588} INFO - Filling up the DagBag from /home/airflow/.local/lib/python3.12/site-packages/airflow/example_dags/example_latest_only_with_trigger.py
[2025-05-09T13:25:21.445+0000] {processor.py:925} INFO - DAG(s) 'latest_only_with_trigger' retrieved from /home/airflow/.local/lib/python3.12/site-packages/airflow/example_dags/example_latest_only_with_trigger.py
[2025-05-09T13:25:21.481+0000] {logging_mixin.py:190} INFO - [2025-05-09T13:25:21.481+0000] {dag.py:3239} INFO - Sync 1 DAGs
[2025-05-09T13:25:21.525+0000] {logging_mixin.py:190} INFO - [2025-05-09T13:25:21.525+0000] {dag.py:4180} INFO - Setting next_dagrun for latest_only_with_trigger to 2025-05-09 08:00:00+00:00, run_after=2025-05-09 12:00:00+00:00
[2025-05-09T13:25:21.580+0000] {processor.py:208} INFO - Processing /home/airflow/.local/lib/python3.12/site-packages/airflow/example_dags/example_latest_only_with_trigger.py took 0.170 seconds
[2025-05-09T13:25:53.015+0000] {processor.py:186} INFO - Started process (PID=2060) to work on /home/airflow/.local/lib/python3.12/site-packages/airflow/example_dags/example_latest_only_with_trigger.py
[2025-05-09T13:25:53.020+0000] {processor.py:914} INFO - Processing file /home/airflow/.local/lib/python3.12/site-packages/airflow/example_dags/example_latest_only_with_trigger.py for tasks to queue
[2025-05-09T13:25:53.024+0000] {logging_mixin.py:190} INFO - [2025-05-09T13:25:53.023+0000] {dagbag.py:588} INFO - Filling up the DagBag from /home/airflow/.local/lib/python3.12/site-packages/airflow/example_dags/example_latest_only_with_trigger.py
[2025-05-09T13:25:53.040+0000] {processor.py:925} INFO - DAG(s) 'latest_only_with_trigger' retrieved from /home/airflow/.local/lib/python3.12/site-packages/airflow/example_dags/example_latest_only_with_trigger.py
[2025-05-09T13:25:53.089+0000] {logging_mixin.py:190} INFO - [2025-05-09T13:25:53.088+0000] {dag.py:3239} INFO - Sync 1 DAGs
[2025-05-09T13:25:53.133+0000] {logging_mixin.py:190} INFO - [2025-05-09T13:25:53.133+0000] {dag.py:4180} INFO - Setting next_dagrun for latest_only_with_trigger to 2025-05-09 08:00:00+00:00, run_after=2025-05-09 12:00:00+00:00
[2025-05-09T13:25:53.164+0000] {processor.py:208} INFO - Processing /home/airflow/.local/lib/python3.12/site-packages/airflow/example_dags/example_latest_only_with_trigger.py took 0.160 seconds
[2025-05-09T13:26:23.609+0000] {processor.py:186} INFO - Started process (PID=2151) to work on /home/airflow/.local/lib/python3.12/site-packages/airflow/example_dags/example_latest_only_with_trigger.py
[2025-05-09T13:26:23.612+0000] {processor.py:914} INFO - Processing file /home/airflow/.local/lib/python3.12/site-packages/airflow/example_dags/example_latest_only_with_trigger.py for tasks to queue
[2025-05-09T13:26:23.617+0000] {logging_mixin.py:190} INFO - [2025-05-09T13:26:23.616+0000] {dagbag.py:588} INFO - Filling up the DagBag from /home/airflow/.local/lib/python3.12/site-packages/airflow/example_dags/example_latest_only_with_trigger.py
[2025-05-09T13:26:23.633+0000] {processor.py:925} INFO - DAG(s) 'latest_only_with_trigger' retrieved from /home/airflow/.local/lib/python3.12/site-packages/airflow/example_dags/example_latest_only_with_trigger.py
[2025-05-09T13:26:23.678+0000] {logging_mixin.py:190} INFO - [2025-05-09T13:26:23.677+0000] {dag.py:3239} INFO - Sync 1 DAGs
[2025-05-09T13:26:23.729+0000] {logging_mixin.py:190} INFO - [2025-05-09T13:26:23.729+0000] {dag.py:4180} INFO - Setting next_dagrun for latest_only_with_trigger to 2025-05-09 08:00:00+00:00, run_after=2025-05-09 12:00:00+00:00
[2025-05-09T13:26:23.768+0000] {processor.py:208} INFO - Processing /home/airflow/.local/lib/python3.12/site-packages/airflow/example_dags/example_latest_only_with_trigger.py took 0.171 seconds
[2025-05-09T13:26:53.868+0000] {processor.py:186} INFO - Started process (PID=2228) to work on /home/airflow/.local/lib/python3.12/site-packages/airflow/example_dags/example_latest_only_with_trigger.py
[2025-05-09T13:26:53.870+0000] {processor.py:914} INFO - Processing file /home/airflow/.local/lib/python3.12/site-packages/airflow/example_dags/example_latest_only_with_trigger.py for tasks to queue
[2025-05-09T13:26:53.876+0000] {logging_mixin.py:190} INFO - [2025-05-09T13:26:53.875+0000] {dagbag.py:588} INFO - Filling up the DagBag from /home/airflow/.local/lib/python3.12/site-packages/airflow/example_dags/example_latest_only_with_trigger.py
[2025-05-09T13:26:53.889+0000] {processor.py:925} INFO - DAG(s) 'latest_only_with_trigger' retrieved from /home/airflow/.local/lib/python3.12/site-packages/airflow/example_dags/example_latest_only_with_trigger.py
[2025-05-09T13:26:53.930+0000] {logging_mixin.py:190} INFO - [2025-05-09T13:26:53.929+0000] {dag.py:3239} INFO - Sync 1 DAGs
[2025-05-09T13:26:53.981+0000] {logging_mixin.py:190} INFO - [2025-05-09T13:26:53.981+0000] {dag.py:4180} INFO - Setting next_dagrun for latest_only_with_trigger to 2025-05-09 08:00:00+00:00, run_after=2025-05-09 12:00:00+00:00
[2025-05-09T13:26:54.024+0000] {processor.py:208} INFO - Processing /home/airflow/.local/lib/python3.12/site-packages/airflow/example_dags/example_latest_only_with_trigger.py took 0.167 seconds
[2025-05-09T13:27:25.946+0000] {processor.py:186} INFO - Started process (PID=2319) to work on /home/airflow/.local/lib/python3.12/site-packages/airflow/example_dags/example_latest_only_with_trigger.py
[2025-05-09T13:27:25.948+0000] {processor.py:914} INFO - Processing file /home/airflow/.local/lib/python3.12/site-packages/airflow/example_dags/example_latest_only_with_trigger.py for tasks to queue
[2025-05-09T13:27:25.952+0000] {logging_mixin.py:190} INFO - [2025-05-09T13:27:25.951+0000] {dagbag.py:588} INFO - Filling up the DagBag from /home/airflow/.local/lib/python3.12/site-packages/airflow/example_dags/example_latest_only_with_trigger.py
[2025-05-09T13:27:25.965+0000] {processor.py:925} INFO - DAG(s) 'latest_only_with_trigger' retrieved from /home/airflow/.local/lib/python3.12/site-packages/airflow/example_dags/example_latest_only_with_trigger.py
[2025-05-09T13:27:25.999+0000] {logging_mixin.py:190} INFO - [2025-05-09T13:27:25.998+0000] {dag.py:3239} INFO - Sync 1 DAGs
[2025-05-09T13:27:26.045+0000] {logging_mixin.py:190} INFO - [2025-05-09T13:27:26.044+0000] {dag.py:4180} INFO - Setting next_dagrun for latest_only_with_trigger to 2025-05-09 08:00:00+00:00, run_after=2025-05-09 12:00:00+00:00
[2025-05-09T13:27:26.078+0000] {processor.py:208} INFO - Processing /home/airflow/.local/lib/python3.12/site-packages/airflow/example_dags/example_latest_only_with_trigger.py took 0.142 seconds
[2025-05-09T13:27:56.284+0000] {processor.py:186} INFO - Started process (PID=2402) to work on /home/airflow/.local/lib/python3.12/site-packages/airflow/example_dags/example_latest_only_with_trigger.py
[2025-05-09T13:27:56.286+0000] {processor.py:914} INFO - Processing file /home/airflow/.local/lib/python3.12/site-packages/airflow/example_dags/example_latest_only_with_trigger.py for tasks to queue
[2025-05-09T13:27:56.291+0000] {logging_mixin.py:190} INFO - [2025-05-09T13:27:56.291+0000] {dagbag.py:588} INFO - Filling up the DagBag from /home/airflow/.local/lib/python3.12/site-packages/airflow/example_dags/example_latest_only_with_trigger.py
[2025-05-09T13:27:56.308+0000] {processor.py:925} INFO - DAG(s) 'latest_only_with_trigger' retrieved from /home/airflow/.local/lib/python3.12/site-packages/airflow/example_dags/example_latest_only_with_trigger.py
[2025-05-09T13:27:56.349+0000] {logging_mixin.py:190} INFO - [2025-05-09T13:27:56.348+0000] {dag.py:3239} INFO - Sync 1 DAGs
[2025-05-09T13:27:56.400+0000] {logging_mixin.py:190} INFO - [2025-05-09T13:27:56.400+0000] {dag.py:4180} INFO - Setting next_dagrun for latest_only_with_trigger to 2025-05-09 08:00:00+00:00, run_after=2025-05-09 12:00:00+00:00
[2025-05-09T13:27:56.462+0000] {processor.py:208} INFO - Processing /home/airflow/.local/lib/python3.12/site-packages/airflow/example_dags/example_latest_only_with_trigger.py took 0.191 seconds
[2025-05-09T13:28:26.641+0000] {processor.py:186} INFO - Started process (PID=2492) to work on /home/airflow/.local/lib/python3.12/site-packages/airflow/example_dags/example_latest_only_with_trigger.py
[2025-05-09T13:28:26.645+0000] {processor.py:914} INFO - Processing file /home/airflow/.local/lib/python3.12/site-packages/airflow/example_dags/example_latest_only_with_trigger.py for tasks to queue
[2025-05-09T13:28:26.650+0000] {logging_mixin.py:190} INFO - [2025-05-09T13:28:26.650+0000] {dagbag.py:588} INFO - Filling up the DagBag from /home/airflow/.local/lib/python3.12/site-packages/airflow/example_dags/example_latest_only_with_trigger.py
[2025-05-09T13:28:26.666+0000] {processor.py:925} INFO - DAG(s) 'latest_only_with_trigger' retrieved from /home/airflow/.local/lib/python3.12/site-packages/airflow/example_dags/example_latest_only_with_trigger.py
[2025-05-09T13:28:26.716+0000] {logging_mixin.py:190} INFO - [2025-05-09T13:28:26.715+0000] {dag.py:3239} INFO - Sync 1 DAGs
[2025-05-09T13:28:26.767+0000] {logging_mixin.py:190} INFO - [2025-05-09T13:28:26.767+0000] {dag.py:4180} INFO - Setting next_dagrun for latest_only_with_trigger to 2025-05-09 08:00:00+00:00, run_after=2025-05-09 12:00:00+00:00
[2025-05-09T13:28:26.808+0000] {processor.py:208} INFO - Processing /home/airflow/.local/lib/python3.12/site-packages/airflow/example_dags/example_latest_only_with_trigger.py took 0.181 seconds
[2025-05-09T13:28:57.124+0000] {processor.py:186} INFO - Started process (PID=2583) to work on /home/airflow/.local/lib/python3.12/site-packages/airflow/example_dags/example_latest_only_with_trigger.py
[2025-05-09T13:28:57.126+0000] {processor.py:914} INFO - Processing file /home/airflow/.local/lib/python3.12/site-packages/airflow/example_dags/example_latest_only_with_trigger.py for tasks to queue
[2025-05-09T13:28:57.131+0000] {logging_mixin.py:190} INFO - [2025-05-09T13:28:57.131+0000] {dagbag.py:588} INFO - Filling up the DagBag from /home/airflow/.local/lib/python3.12/site-packages/airflow/example_dags/example_latest_only_with_trigger.py
[2025-05-09T13:28:57.147+0000] {processor.py:925} INFO - DAG(s) 'latest_only_with_trigger' retrieved from /home/airflow/.local/lib/python3.12/site-packages/airflow/example_dags/example_latest_only_with_trigger.py
[2025-05-09T13:28:57.185+0000] {logging_mixin.py:190} INFO - [2025-05-09T13:28:57.184+0000] {dag.py:3239} INFO - Sync 1 DAGs
[2025-05-09T13:28:57.236+0000] {logging_mixin.py:190} INFO - [2025-05-09T13:28:57.235+0000] {dag.py:4180} INFO - Setting next_dagrun for latest_only_with_trigger to 2025-05-09 08:00:00+00:00, run_after=2025-05-09 12:00:00+00:00
[2025-05-09T13:28:57.302+0000] {processor.py:208} INFO - Processing /home/airflow/.local/lib/python3.12/site-packages/airflow/example_dags/example_latest_only_with_trigger.py took 0.190 seconds
[2025-05-09T13:29:28.802+0000] {processor.py:186} INFO - Started process (PID=2674) to work on /home/airflow/.local/lib/python3.12/site-packages/airflow/example_dags/example_latest_only_with_trigger.py
[2025-05-09T13:29:28.804+0000] {processor.py:914} INFO - Processing file /home/airflow/.local/lib/python3.12/site-packages/airflow/example_dags/example_latest_only_with_trigger.py for tasks to queue
[2025-05-09T13:29:28.809+0000] {logging_mixin.py:190} INFO - [2025-05-09T13:29:28.808+0000] {dagbag.py:588} INFO - Filling up the DagBag from /home/airflow/.local/lib/python3.12/site-packages/airflow/example_dags/example_latest_only_with_trigger.py
[2025-05-09T13:29:28.827+0000] {processor.py:925} INFO - DAG(s) 'latest_only_with_trigger' retrieved from /home/airflow/.local/lib/python3.12/site-packages/airflow/example_dags/example_latest_only_with_trigger.py
[2025-05-09T13:29:28.873+0000] {logging_mixin.py:190} INFO - [2025-05-09T13:29:28.873+0000] {dag.py:3239} INFO - Sync 1 DAGs
[2025-05-09T13:29:28.917+0000] {logging_mixin.py:190} INFO - [2025-05-09T13:29:28.916+0000] {dag.py:4180} INFO - Setting next_dagrun for latest_only_with_trigger to 2025-05-09 08:00:00+00:00, run_after=2025-05-09 12:00:00+00:00
[2025-05-09T13:29:28.957+0000] {processor.py:208} INFO - Processing /home/airflow/.local/lib/python3.12/site-packages/airflow/example_dags/example_latest_only_with_trigger.py took 0.166 seconds
[2025-05-09T13:29:59.834+0000] {processor.py:186} INFO - Started process (PID=2764) to work on /home/airflow/.local/lib/python3.12/site-packages/airflow/example_dags/example_latest_only_with_trigger.py
[2025-05-09T13:29:59.838+0000] {processor.py:914} INFO - Processing file /home/airflow/.local/lib/python3.12/site-packages/airflow/example_dags/example_latest_only_with_trigger.py for tasks to queue
[2025-05-09T13:29:59.843+0000] {logging_mixin.py:190} INFO - [2025-05-09T13:29:59.842+0000] {dagbag.py:588} INFO - Filling up the DagBag from /home/airflow/.local/lib/python3.12/site-packages/airflow/example_dags/example_latest_only_with_trigger.py
[2025-05-09T13:29:59.867+0000] {processor.py:925} INFO - DAG(s) 'latest_only_with_trigger' retrieved from /home/airflow/.local/lib/python3.12/site-packages/airflow/example_dags/example_latest_only_with_trigger.py
[2025-05-09T13:29:59.922+0000] {logging_mixin.py:190} INFO - [2025-05-09T13:29:59.922+0000] {dag.py:3239} INFO - Sync 1 DAGs
[2025-05-09T13:29:59.981+0000] {logging_mixin.py:190} INFO - [2025-05-09T13:29:59.980+0000] {dag.py:4180} INFO - Setting next_dagrun for latest_only_with_trigger to 2025-05-09 08:00:00+00:00, run_after=2025-05-09 12:00:00+00:00
[2025-05-09T13:30:00.024+0000] {processor.py:208} INFO - Processing /home/airflow/.local/lib/python3.12/site-packages/airflow/example_dags/example_latest_only_with_trigger.py took 0.206 seconds
[2025-05-09T13:30:30.240+0000] {processor.py:186} INFO - Started process (PID=2854) to work on /home/airflow/.local/lib/python3.12/site-packages/airflow/example_dags/example_latest_only_with_trigger.py
[2025-05-09T13:30:30.242+0000] {processor.py:914} INFO - Processing file /home/airflow/.local/lib/python3.12/site-packages/airflow/example_dags/example_latest_only_with_trigger.py for tasks to queue
[2025-05-09T13:30:30.247+0000] {logging_mixin.py:190} INFO - [2025-05-09T13:30:30.246+0000] {dagbag.py:588} INFO - Filling up the DagBag from /home/airflow/.local/lib/python3.12/site-packages/airflow/example_dags/example_latest_only_with_trigger.py
[2025-05-09T13:30:30.261+0000] {processor.py:925} INFO - DAG(s) 'latest_only_with_trigger' retrieved from /home/airflow/.local/lib/python3.12/site-packages/airflow/example_dags/example_latest_only_with_trigger.py
[2025-05-09T13:30:30.299+0000] {logging_mixin.py:190} INFO - [2025-05-09T13:30:30.299+0000] {dag.py:3239} INFO - Sync 1 DAGs
[2025-05-09T13:30:30.343+0000] {logging_mixin.py:190} INFO - [2025-05-09T13:30:30.343+0000] {dag.py:4180} INFO - Setting next_dagrun for latest_only_with_trigger to 2025-05-09 08:00:00+00:00, run_after=2025-05-09 12:00:00+00:00
[2025-05-09T13:30:30.400+0000] {processor.py:208} INFO - Processing /home/airflow/.local/lib/python3.12/site-packages/airflow/example_dags/example_latest_only_with_trigger.py took 0.172 seconds
[2025-05-09T13:31:00.746+0000] {processor.py:186} INFO - Started process (PID=2945) to work on /home/airflow/.local/lib/python3.12/site-packages/airflow/example_dags/example_latest_only_with_trigger.py
[2025-05-09T13:31:00.749+0000] {processor.py:914} INFO - Processing file /home/airflow/.local/lib/python3.12/site-packages/airflow/example_dags/example_latest_only_with_trigger.py for tasks to queue
[2025-05-09T13:31:00.755+0000] {logging_mixin.py:190} INFO - [2025-05-09T13:31:00.754+0000] {dagbag.py:588} INFO - Filling up the DagBag from /home/airflow/.local/lib/python3.12/site-packages/airflow/example_dags/example_latest_only_with_trigger.py
[2025-05-09T13:31:00.768+0000] {processor.py:925} INFO - DAG(s) 'latest_only_with_trigger' retrieved from /home/airflow/.local/lib/python3.12/site-packages/airflow/example_dags/example_latest_only_with_trigger.py
[2025-05-09T13:31:00.811+0000] {logging_mixin.py:190} INFO - [2025-05-09T13:31:00.811+0000] {dag.py:3239} INFO - Sync 1 DAGs
[2025-05-09T13:31:00.873+0000] {logging_mixin.py:190} INFO - [2025-05-09T13:31:00.873+0000] {dag.py:4180} INFO - Setting next_dagrun for latest_only_with_trigger to 2025-05-09 08:00:00+00:00, run_after=2025-05-09 12:00:00+00:00
[2025-05-09T13:31:00.936+0000] {processor.py:208} INFO - Processing /home/airflow/.local/lib/python3.12/site-packages/airflow/example_dags/example_latest_only_with_trigger.py took 0.202 seconds
[2025-05-09T13:31:31.172+0000] {processor.py:186} INFO - Started process (PID=3036) to work on /home/airflow/.local/lib/python3.12/site-packages/airflow/example_dags/example_latest_only_with_trigger.py
[2025-05-09T13:31:31.174+0000] {processor.py:914} INFO - Processing file /home/airflow/.local/lib/python3.12/site-packages/airflow/example_dags/example_latest_only_with_trigger.py for tasks to queue
[2025-05-09T13:31:31.179+0000] {logging_mixin.py:190} INFO - [2025-05-09T13:31:31.178+0000] {dagbag.py:588} INFO - Filling up the DagBag from /home/airflow/.local/lib/python3.12/site-packages/airflow/example_dags/example_latest_only_with_trigger.py
[2025-05-09T13:31:31.197+0000] {processor.py:925} INFO - DAG(s) 'latest_only_with_trigger' retrieved from /home/airflow/.local/lib/python3.12/site-packages/airflow/example_dags/example_latest_only_with_trigger.py
[2025-05-09T13:31:31.242+0000] {logging_mixin.py:190} INFO - [2025-05-09T13:31:31.242+0000] {dag.py:3239} INFO - Sync 1 DAGs
[2025-05-09T13:31:31.294+0000] {logging_mixin.py:190} INFO - [2025-05-09T13:31:31.293+0000] {dag.py:4180} INFO - Setting next_dagrun for latest_only_with_trigger to 2025-05-09 08:00:00+00:00, run_after=2025-05-09 12:00:00+00:00
[2025-05-09T13:31:31.328+0000] {processor.py:208} INFO - Processing /home/airflow/.local/lib/python3.12/site-packages/airflow/example_dags/example_latest_only_with_trigger.py took 0.169 seconds
[2025-05-09T13:32:03.358+0000] {processor.py:186} INFO - Started process (PID=3127) to work on /home/airflow/.local/lib/python3.12/site-packages/airflow/example_dags/example_latest_only_with_trigger.py
[2025-05-09T13:32:03.360+0000] {processor.py:914} INFO - Processing file /home/airflow/.local/lib/python3.12/site-packages/airflow/example_dags/example_latest_only_with_trigger.py for tasks to queue
[2025-05-09T13:32:03.370+0000] {logging_mixin.py:190} INFO - [2025-05-09T13:32:03.369+0000] {dagbag.py:588} INFO - Filling up the DagBag from /home/airflow/.local/lib/python3.12/site-packages/airflow/example_dags/example_latest_only_with_trigger.py
[2025-05-09T13:32:03.386+0000] {processor.py:925} INFO - DAG(s) 'latest_only_with_trigger' retrieved from /home/airflow/.local/lib/python3.12/site-packages/airflow/example_dags/example_latest_only_with_trigger.py
[2025-05-09T13:32:03.442+0000] {logging_mixin.py:190} INFO - [2025-05-09T13:32:03.442+0000] {dag.py:3239} INFO - Sync 1 DAGs
[2025-05-09T13:32:03.488+0000] {logging_mixin.py:190} INFO - [2025-05-09T13:32:03.488+0000] {dag.py:4180} INFO - Setting next_dagrun for latest_only_with_trigger to 2025-05-09 08:00:00+00:00, run_after=2025-05-09 12:00:00+00:00
[2025-05-09T13:32:03.527+0000] {processor.py:208} INFO - Processing /home/airflow/.local/lib/python3.12/site-packages/airflow/example_dags/example_latest_only_with_trigger.py took 0.182 seconds
[2025-05-09T13:32:35.573+0000] {processor.py:186} INFO - Started process (PID=3218) to work on /home/airflow/.local/lib/python3.12/site-packages/airflow/example_dags/example_latest_only_with_trigger.py
[2025-05-09T13:32:35.575+0000] {processor.py:914} INFO - Processing file /home/airflow/.local/lib/python3.12/site-packages/airflow/example_dags/example_latest_only_with_trigger.py for tasks to queue
[2025-05-09T13:32:35.579+0000] {logging_mixin.py:190} INFO - [2025-05-09T13:32:35.579+0000] {dagbag.py:588} INFO - Filling up the DagBag from /home/airflow/.local/lib/python3.12/site-packages/airflow/example_dags/example_latest_only_with_trigger.py
[2025-05-09T13:32:35.595+0000] {processor.py:925} INFO - DAG(s) 'latest_only_with_trigger' retrieved from /home/airflow/.local/lib/python3.12/site-packages/airflow/example_dags/example_latest_only_with_trigger.py
[2025-05-09T13:32:35.636+0000] {logging_mixin.py:190} INFO - [2025-05-09T13:32:35.635+0000] {dag.py:3239} INFO - Sync 1 DAGs
[2025-05-09T13:32:35.688+0000] {logging_mixin.py:190} INFO - [2025-05-09T13:32:35.687+0000] {dag.py:4180} INFO - Setting next_dagrun for latest_only_with_trigger to 2025-05-09 08:00:00+00:00, run_after=2025-05-09 12:00:00+00:00
[2025-05-09T13:32:35.726+0000] {processor.py:208} INFO - Processing /home/airflow/.local/lib/python3.12/site-packages/airflow/example_dags/example_latest_only_with_trigger.py took 0.165 seconds
[2025-05-09T13:33:06.376+0000] {processor.py:186} INFO - Started process (PID=3296) to work on /home/airflow/.local/lib/python3.12/site-packages/airflow/example_dags/example_latest_only_with_trigger.py
[2025-05-09T13:33:06.378+0000] {processor.py:914} INFO - Processing file /home/airflow/.local/lib/python3.12/site-packages/airflow/example_dags/example_latest_only_with_trigger.py for tasks to queue
[2025-05-09T13:33:06.383+0000] {logging_mixin.py:190} INFO - [2025-05-09T13:33:06.383+0000] {dagbag.py:588} INFO - Filling up the DagBag from /home/airflow/.local/lib/python3.12/site-packages/airflow/example_dags/example_latest_only_with_trigger.py
[2025-05-09T13:33:06.400+0000] {processor.py:925} INFO - DAG(s) 'latest_only_with_trigger' retrieved from /home/airflow/.local/lib/python3.12/site-packages/airflow/example_dags/example_latest_only_with_trigger.py
[2025-05-09T13:33:06.445+0000] {logging_mixin.py:190} INFO - [2025-05-09T13:33:06.444+0000] {dag.py:3239} INFO - Sync 1 DAGs
[2025-05-09T13:33:06.501+0000] {logging_mixin.py:190} INFO - [2025-05-09T13:33:06.501+0000] {dag.py:4180} INFO - Setting next_dagrun for latest_only_with_trigger to 2025-05-09 08:00:00+00:00, run_after=2025-05-09 12:00:00+00:00
[2025-05-09T13:33:06.565+0000] {processor.py:208} INFO - Processing /home/airflow/.local/lib/python3.12/site-packages/airflow/example_dags/example_latest_only_with_trigger.py took 0.200 seconds
[2025-05-09T13:33:36.687+0000] {processor.py:186} INFO - Started process (PID=3386) to work on /home/airflow/.local/lib/python3.12/site-packages/airflow/example_dags/example_latest_only_with_trigger.py
[2025-05-09T13:33:36.689+0000] {processor.py:914} INFO - Processing file /home/airflow/.local/lib/python3.12/site-packages/airflow/example_dags/example_latest_only_with_trigger.py for tasks to queue
[2025-05-09T13:33:36.696+0000] {logging_mixin.py:190} INFO - [2025-05-09T13:33:36.696+0000] {dagbag.py:588} INFO - Filling up the DagBag from /home/airflow/.local/lib/python3.12/site-packages/airflow/example_dags/example_latest_only_with_trigger.py
[2025-05-09T13:33:36.709+0000] {processor.py:925} INFO - DAG(s) 'latest_only_with_trigger' retrieved from /home/airflow/.local/lib/python3.12/site-packages/airflow/example_dags/example_latest_only_with_trigger.py
[2025-05-09T13:33:36.759+0000] {logging_mixin.py:190} INFO - [2025-05-09T13:33:36.759+0000] {dag.py:3239} INFO - Sync 1 DAGs
[2025-05-09T13:33:36.819+0000] {logging_mixin.py:190} INFO - [2025-05-09T13:33:36.818+0000] {dag.py:4180} INFO - Setting next_dagrun for latest_only_with_trigger to 2025-05-09 08:00:00+00:00, run_after=2025-05-09 12:00:00+00:00
[2025-05-09T13:33:36.866+0000] {processor.py:208} INFO - Processing /home/airflow/.local/lib/python3.12/site-packages/airflow/example_dags/example_latest_only_with_trigger.py took 0.192 seconds
[2025-05-09T13:34:07.016+0000] {processor.py:186} INFO - Started process (PID=3463) to work on /home/airflow/.local/lib/python3.12/site-packages/airflow/example_dags/example_latest_only_with_trigger.py
[2025-05-09T13:34:07.020+0000] {processor.py:914} INFO - Processing file /home/airflow/.local/lib/python3.12/site-packages/airflow/example_dags/example_latest_only_with_trigger.py for tasks to queue
[2025-05-09T13:34:07.027+0000] {logging_mixin.py:190} INFO - [2025-05-09T13:34:07.026+0000] {dagbag.py:588} INFO - Filling up the DagBag from /home/airflow/.local/lib/python3.12/site-packages/airflow/example_dags/example_latest_only_with_trigger.py
[2025-05-09T13:34:07.043+0000] {processor.py:925} INFO - DAG(s) 'latest_only_with_trigger' retrieved from /home/airflow/.local/lib/python3.12/site-packages/airflow/example_dags/example_latest_only_with_trigger.py
[2025-05-09T13:34:07.084+0000] {logging_mixin.py:190} INFO - [2025-05-09T13:34:07.084+0000] {dag.py:3239} INFO - Sync 1 DAGs
[2025-05-09T13:34:07.131+0000] {logging_mixin.py:190} INFO - [2025-05-09T13:34:07.130+0000] {dag.py:4180} INFO - Setting next_dagrun for latest_only_with_trigger to 2025-05-09 08:00:00+00:00, run_after=2025-05-09 12:00:00+00:00
[2025-05-09T13:34:07.190+0000] {processor.py:208} INFO - Processing /home/airflow/.local/lib/python3.12/site-packages/airflow/example_dags/example_latest_only_with_trigger.py took 0.186 seconds
[2025-05-09T13:34:37.856+0000] {processor.py:186} INFO - Started process (PID=3555) to work on /home/airflow/.local/lib/python3.12/site-packages/airflow/example_dags/example_latest_only_with_trigger.py
[2025-05-09T13:34:37.859+0000] {processor.py:914} INFO - Processing file /home/airflow/.local/lib/python3.12/site-packages/airflow/example_dags/example_latest_only_with_trigger.py for tasks to queue
[2025-05-09T13:34:37.865+0000] {logging_mixin.py:190} INFO - [2025-05-09T13:34:37.864+0000] {dagbag.py:588} INFO - Filling up the DagBag from /home/airflow/.local/lib/python3.12/site-packages/airflow/example_dags/example_latest_only_with_trigger.py
[2025-05-09T13:34:37.878+0000] {processor.py:925} INFO - DAG(s) 'latest_only_with_trigger' retrieved from /home/airflow/.local/lib/python3.12/site-packages/airflow/example_dags/example_latest_only_with_trigger.py
[2025-05-09T13:34:37.915+0000] {logging_mixin.py:190} INFO - [2025-05-09T13:34:37.915+0000] {dag.py:3239} INFO - Sync 1 DAGs
[2025-05-09T13:34:37.963+0000] {logging_mixin.py:190} INFO - [2025-05-09T13:34:37.963+0000] {dag.py:4180} INFO - Setting next_dagrun for latest_only_with_trigger to 2025-05-09 08:00:00+00:00, run_after=2025-05-09 12:00:00+00:00
[2025-05-09T13:34:38.002+0000] {processor.py:208} INFO - Processing /home/airflow/.local/lib/python3.12/site-packages/airflow/example_dags/example_latest_only_with_trigger.py took 0.157 seconds
[2025-05-09T13:35:08.161+0000] {processor.py:186} INFO - Started process (PID=3646) to work on /home/airflow/.local/lib/python3.12/site-packages/airflow/example_dags/example_latest_only_with_trigger.py
[2025-05-09T13:35:08.164+0000] {processor.py:914} INFO - Processing file /home/airflow/.local/lib/python3.12/site-packages/airflow/example_dags/example_latest_only_with_trigger.py for tasks to queue
[2025-05-09T13:35:08.170+0000] {logging_mixin.py:190} INFO - [2025-05-09T13:35:08.169+0000] {dagbag.py:588} INFO - Filling up the DagBag from /home/airflow/.local/lib/python3.12/site-packages/airflow/example_dags/example_latest_only_with_trigger.py
[2025-05-09T13:35:08.186+0000] {processor.py:925} INFO - DAG(s) 'latest_only_with_trigger' retrieved from /home/airflow/.local/lib/python3.12/site-packages/airflow/example_dags/example_latest_only_with_trigger.py
[2025-05-09T13:35:08.233+0000] {logging_mixin.py:190} INFO - [2025-05-09T13:35:08.232+0000] {dag.py:3239} INFO - Sync 1 DAGs
[2025-05-09T13:35:08.287+0000] {logging_mixin.py:190} INFO - [2025-05-09T13:35:08.287+0000] {dag.py:4180} INFO - Setting next_dagrun for latest_only_with_trigger to 2025-05-09 08:00:00+00:00, run_after=2025-05-09 12:00:00+00:00
[2025-05-09T13:35:08.353+0000] {processor.py:208} INFO - Processing /home/airflow/.local/lib/python3.12/site-packages/airflow/example_dags/example_latest_only_with_trigger.py took 0.204 seconds
[2025-05-09T13:35:38.922+0000] {processor.py:186} INFO - Started process (PID=3738) to work on /home/airflow/.local/lib/python3.12/site-packages/airflow/example_dags/example_latest_only_with_trigger.py
[2025-05-09T13:35:38.925+0000] {processor.py:914} INFO - Processing file /home/airflow/.local/lib/python3.12/site-packages/airflow/example_dags/example_latest_only_with_trigger.py for tasks to queue
[2025-05-09T13:35:38.931+0000] {logging_mixin.py:190} INFO - [2025-05-09T13:35:38.930+0000] {dagbag.py:588} INFO - Filling up the DagBag from /home/airflow/.local/lib/python3.12/site-packages/airflow/example_dags/example_latest_only_with_trigger.py
[2025-05-09T13:35:38.948+0000] {processor.py:925} INFO - DAG(s) 'latest_only_with_trigger' retrieved from /home/airflow/.local/lib/python3.12/site-packages/airflow/example_dags/example_latest_only_with_trigger.py
[2025-05-09T13:35:38.993+0000] {logging_mixin.py:190} INFO - [2025-05-09T13:35:38.992+0000] {dag.py:3239} INFO - Sync 1 DAGs
[2025-05-09T13:35:39.326+0000] {logging_mixin.py:190} INFO - [2025-05-09T13:35:39.325+0000] {dag.py:4180} INFO - Setting next_dagrun for latest_only_with_trigger to 2025-05-09 08:00:00+00:00, run_after=2025-05-09 12:00:00+00:00
[2025-05-09T13:35:39.382+0000] {processor.py:208} INFO - Processing /home/airflow/.local/lib/python3.12/site-packages/airflow/example_dags/example_latest_only_with_trigger.py took 0.474 seconds
[2025-05-09T13:36:10.682+0000] {processor.py:186} INFO - Started process (PID=3829) to work on /home/airflow/.local/lib/python3.12/site-packages/airflow/example_dags/example_latest_only_with_trigger.py
[2025-05-09T13:36:10.684+0000] {processor.py:914} INFO - Processing file /home/airflow/.local/lib/python3.12/site-packages/airflow/example_dags/example_latest_only_with_trigger.py for tasks to queue
[2025-05-09T13:36:10.691+0000] {logging_mixin.py:190} INFO - [2025-05-09T13:36:10.690+0000] {dagbag.py:588} INFO - Filling up the DagBag from /home/airflow/.local/lib/python3.12/site-packages/airflow/example_dags/example_latest_only_with_trigger.py
[2025-05-09T13:36:10.705+0000] {processor.py:925} INFO - DAG(s) 'latest_only_with_trigger' retrieved from /home/airflow/.local/lib/python3.12/site-packages/airflow/example_dags/example_latest_only_with_trigger.py
[2025-05-09T13:36:10.746+0000] {logging_mixin.py:190} INFO - [2025-05-09T13:36:10.745+0000] {dag.py:3239} INFO - Sync 1 DAGs
[2025-05-09T13:36:10.798+0000] {logging_mixin.py:190} INFO - [2025-05-09T13:36:10.797+0000] {dag.py:4180} INFO - Setting next_dagrun for latest_only_with_trigger to 2025-05-09 08:00:00+00:00, run_after=2025-05-09 12:00:00+00:00
[2025-05-09T13:36:10.850+0000] {processor.py:208} INFO - Processing /home/airflow/.local/lib/python3.12/site-packages/airflow/example_dags/example_latest_only_with_trigger.py took 0.179 seconds
[2025-05-09T13:36:41.585+0000] {processor.py:186} INFO - Started process (PID=3921) to work on /home/airflow/.local/lib/python3.12/site-packages/airflow/example_dags/example_latest_only_with_trigger.py
[2025-05-09T13:36:41.587+0000] {processor.py:914} INFO - Processing file /home/airflow/.local/lib/python3.12/site-packages/airflow/example_dags/example_latest_only_with_trigger.py for tasks to queue
[2025-05-09T13:36:41.593+0000] {logging_mixin.py:190} INFO - [2025-05-09T13:36:41.592+0000] {dagbag.py:588} INFO - Filling up the DagBag from /home/airflow/.local/lib/python3.12/site-packages/airflow/example_dags/example_latest_only_with_trigger.py
[2025-05-09T13:36:41.606+0000] {processor.py:925} INFO - DAG(s) 'latest_only_with_trigger' retrieved from /home/airflow/.local/lib/python3.12/site-packages/airflow/example_dags/example_latest_only_with_trigger.py
[2025-05-09T13:36:41.654+0000] {logging_mixin.py:190} INFO - [2025-05-09T13:36:41.653+0000] {dag.py:3239} INFO - Sync 1 DAGs
[2025-05-09T13:36:41.717+0000] {logging_mixin.py:190} INFO - [2025-05-09T13:36:41.717+0000] {dag.py:4180} INFO - Setting next_dagrun for latest_only_with_trigger to 2025-05-09 08:00:00+00:00, run_after=2025-05-09 12:00:00+00:00
[2025-05-09T13:36:41.760+0000] {processor.py:208} INFO - Processing /home/airflow/.local/lib/python3.12/site-packages/airflow/example_dags/example_latest_only_with_trigger.py took 0.187 seconds
[2025-05-09T13:37:12.033+0000] {processor.py:186} INFO - Started process (PID=4013) to work on /home/airflow/.local/lib/python3.12/site-packages/airflow/example_dags/example_latest_only_with_trigger.py
[2025-05-09T13:37:12.035+0000] {processor.py:914} INFO - Processing file /home/airflow/.local/lib/python3.12/site-packages/airflow/example_dags/example_latest_only_with_trigger.py for tasks to queue
[2025-05-09T13:37:12.039+0000] {logging_mixin.py:190} INFO - [2025-05-09T13:37:12.039+0000] {dagbag.py:588} INFO - Filling up the DagBag from /home/airflow/.local/lib/python3.12/site-packages/airflow/example_dags/example_latest_only_with_trigger.py
[2025-05-09T13:37:12.053+0000] {processor.py:925} INFO - DAG(s) 'latest_only_with_trigger' retrieved from /home/airflow/.local/lib/python3.12/site-packages/airflow/example_dags/example_latest_only_with_trigger.py
[2025-05-09T13:37:12.091+0000] {logging_mixin.py:190} INFO - [2025-05-09T13:37:12.090+0000] {dag.py:3239} INFO - Sync 1 DAGs
[2025-05-09T13:37:12.137+0000] {logging_mixin.py:190} INFO - [2025-05-09T13:37:12.137+0000] {dag.py:4180} INFO - Setting next_dagrun for latest_only_with_trigger to 2025-05-09 08:00:00+00:00, run_after=2025-05-09 12:00:00+00:00
[2025-05-09T13:37:12.196+0000] {processor.py:208} INFO - Processing /home/airflow/.local/lib/python3.12/site-packages/airflow/example_dags/example_latest_only_with_trigger.py took 0.175 seconds
[2025-05-09T13:37:42.708+0000] {processor.py:186} INFO - Started process (PID=4103) to work on /home/airflow/.local/lib/python3.12/site-packages/airflow/example_dags/example_latest_only_with_trigger.py
[2025-05-09T13:37:42.711+0000] {processor.py:914} INFO - Processing file /home/airflow/.local/lib/python3.12/site-packages/airflow/example_dags/example_latest_only_with_trigger.py for tasks to queue
[2025-05-09T13:37:42.717+0000] {logging_mixin.py:190} INFO - [2025-05-09T13:37:42.716+0000] {dagbag.py:588} INFO - Filling up the DagBag from /home/airflow/.local/lib/python3.12/site-packages/airflow/example_dags/example_latest_only_with_trigger.py
[2025-05-09T13:37:42.734+0000] {processor.py:925} INFO - DAG(s) 'latest_only_with_trigger' retrieved from /home/airflow/.local/lib/python3.12/site-packages/airflow/example_dags/example_latest_only_with_trigger.py
[2025-05-09T13:37:42.775+0000] {logging_mixin.py:190} INFO - [2025-05-09T13:37:42.774+0000] {dag.py:3239} INFO - Sync 1 DAGs
[2025-05-09T13:37:42.828+0000] {logging_mixin.py:190} INFO - [2025-05-09T13:37:42.828+0000] {dag.py:4180} INFO - Setting next_dagrun for latest_only_with_trigger to 2025-05-09 08:00:00+00:00, run_after=2025-05-09 12:00:00+00:00
[2025-05-09T13:37:42.866+0000] {processor.py:208} INFO - Processing /home/airflow/.local/lib/python3.12/site-packages/airflow/example_dags/example_latest_only_with_trigger.py took 0.168 seconds
[2025-05-09T13:38:14.420+0000] {processor.py:186} INFO - Started process (PID=4194) to work on /home/airflow/.local/lib/python3.12/site-packages/airflow/example_dags/example_latest_only_with_trigger.py
[2025-05-09T13:38:14.423+0000] {processor.py:914} INFO - Processing file /home/airflow/.local/lib/python3.12/site-packages/airflow/example_dags/example_latest_only_with_trigger.py for tasks to queue
[2025-05-09T13:38:14.429+0000] {logging_mixin.py:190} INFO - [2025-05-09T13:38:14.428+0000] {dagbag.py:588} INFO - Filling up the DagBag from /home/airflow/.local/lib/python3.12/site-packages/airflow/example_dags/example_latest_only_with_trigger.py
[2025-05-09T13:38:14.446+0000] {processor.py:925} INFO - DAG(s) 'latest_only_with_trigger' retrieved from /home/airflow/.local/lib/python3.12/site-packages/airflow/example_dags/example_latest_only_with_trigger.py
[2025-05-09T13:38:14.488+0000] {logging_mixin.py:190} INFO - [2025-05-09T13:38:14.487+0000] {dag.py:3239} INFO - Sync 1 DAGs
[2025-05-09T13:38:14.547+0000] {logging_mixin.py:190} INFO - [2025-05-09T13:38:14.546+0000] {dag.py:4180} INFO - Setting next_dagrun for latest_only_with_trigger to 2025-05-09 08:00:00+00:00, run_after=2025-05-09 12:00:00+00:00
[2025-05-09T13:38:14.603+0000] {processor.py:208} INFO - Processing /home/airflow/.local/lib/python3.12/site-packages/airflow/example_dags/example_latest_only_with_trigger.py took 0.199 seconds
[2025-05-09T13:38:46.278+0000] {processor.py:186} INFO - Started process (PID=4287) to work on /home/airflow/.local/lib/python3.12/site-packages/airflow/example_dags/example_latest_only_with_trigger.py
[2025-05-09T13:38:46.280+0000] {processor.py:914} INFO - Processing file /home/airflow/.local/lib/python3.12/site-packages/airflow/example_dags/example_latest_only_with_trigger.py for tasks to queue
[2025-05-09T13:38:46.285+0000] {logging_mixin.py:190} INFO - [2025-05-09T13:38:46.284+0000] {dagbag.py:588} INFO - Filling up the DagBag from /home/airflow/.local/lib/python3.12/site-packages/airflow/example_dags/example_latest_only_with_trigger.py
[2025-05-09T13:38:46.300+0000] {processor.py:925} INFO - DAG(s) 'latest_only_with_trigger' retrieved from /home/airflow/.local/lib/python3.12/site-packages/airflow/example_dags/example_latest_only_with_trigger.py
[2025-05-09T13:38:46.339+0000] {logging_mixin.py:190} INFO - [2025-05-09T13:38:46.339+0000] {dag.py:3239} INFO - Sync 1 DAGs
[2025-05-09T13:38:46.388+0000] {logging_mixin.py:190} INFO - [2025-05-09T13:38:46.387+0000] {dag.py:4180} INFO - Setting next_dagrun for latest_only_with_trigger to 2025-05-09 08:00:00+00:00, run_after=2025-05-09 12:00:00+00:00
[2025-05-09T13:38:46.446+0000] {processor.py:208} INFO - Processing /home/airflow/.local/lib/python3.12/site-packages/airflow/example_dags/example_latest_only_with_trigger.py took 0.181 seconds
[2025-05-09T13:39:17.065+0000] {processor.py:186} INFO - Started process (PID=4378) to work on /home/airflow/.local/lib/python3.12/site-packages/airflow/example_dags/example_latest_only_with_trigger.py
[2025-05-09T13:39:17.067+0000] {processor.py:914} INFO - Processing file /home/airflow/.local/lib/python3.12/site-packages/airflow/example_dags/example_latest_only_with_trigger.py for tasks to queue
[2025-05-09T13:39:17.072+0000] {logging_mixin.py:190} INFO - [2025-05-09T13:39:17.071+0000] {dagbag.py:588} INFO - Filling up the DagBag from /home/airflow/.local/lib/python3.12/site-packages/airflow/example_dags/example_latest_only_with_trigger.py
[2025-05-09T13:39:17.086+0000] {processor.py:925} INFO - DAG(s) 'latest_only_with_trigger' retrieved from /home/airflow/.local/lib/python3.12/site-packages/airflow/example_dags/example_latest_only_with_trigger.py
[2025-05-09T13:39:17.133+0000] {logging_mixin.py:190} INFO - [2025-05-09T13:39:17.132+0000] {dag.py:3239} INFO - Sync 1 DAGs
[2025-05-09T13:39:17.184+0000] {logging_mixin.py:190} INFO - [2025-05-09T13:39:17.184+0000] {dag.py:4180} INFO - Setting next_dagrun for latest_only_with_trigger to 2025-05-09 08:00:00+00:00, run_after=2025-05-09 12:00:00+00:00
[2025-05-09T13:39:17.222+0000] {processor.py:208} INFO - Processing /home/airflow/.local/lib/python3.12/site-packages/airflow/example_dags/example_latest_only_with_trigger.py took 0.167 seconds
[2025-05-09T13:58:09.221+0000] {processor.py:186} INFO - Started process (PID=4472) to work on /home/airflow/.local/lib/python3.12/site-packages/airflow/example_dags/example_latest_only_with_trigger.py
[2025-05-09T13:58:09.224+0000] {processor.py:914} INFO - Processing file /home/airflow/.local/lib/python3.12/site-packages/airflow/example_dags/example_latest_only_with_trigger.py for tasks to queue
[2025-05-09T13:58:09.230+0000] {logging_mixin.py:190} INFO - [2025-05-09T13:58:09.229+0000] {dagbag.py:588} INFO - Filling up the DagBag from /home/airflow/.local/lib/python3.12/site-packages/airflow/example_dags/example_latest_only_with_trigger.py
[2025-05-09T13:58:09.249+0000] {processor.py:925} INFO - DAG(s) 'latest_only_with_trigger' retrieved from /home/airflow/.local/lib/python3.12/site-packages/airflow/example_dags/example_latest_only_with_trigger.py
[2025-05-09T13:58:09.295+0000] {logging_mixin.py:190} INFO - [2025-05-09T13:58:09.295+0000] {dag.py:3239} INFO - Sync 1 DAGs
[2025-05-09T13:58:09.350+0000] {logging_mixin.py:190} INFO - [2025-05-09T13:58:09.350+0000] {dag.py:4180} INFO - Setting next_dagrun for latest_only_with_trigger to 2025-05-09 08:00:00+00:00, run_after=2025-05-09 12:00:00+00:00
[2025-05-09T13:58:09.436+0000] {processor.py:208} INFO - Processing /home/airflow/.local/lib/python3.12/site-packages/airflow/example_dags/example_latest_only_with_trigger.py took 0.229 seconds
[2025-05-09T13:58:44.605+0000] {processor.py:186} INFO - Started process (PID=4582) to work on /home/airflow/.local/lib/python3.12/site-packages/airflow/example_dags/example_latest_only_with_trigger.py
[2025-05-09T13:58:44.607+0000] {processor.py:914} INFO - Processing file /home/airflow/.local/lib/python3.12/site-packages/airflow/example_dags/example_latest_only_with_trigger.py for tasks to queue
[2025-05-09T13:58:44.612+0000] {logging_mixin.py:190} INFO - [2025-05-09T13:58:44.612+0000] {dagbag.py:588} INFO - Filling up the DagBag from /home/airflow/.local/lib/python3.12/site-packages/airflow/example_dags/example_latest_only_with_trigger.py
[2025-05-09T13:58:44.627+0000] {processor.py:925} INFO - DAG(s) 'latest_only_with_trigger' retrieved from /home/airflow/.local/lib/python3.12/site-packages/airflow/example_dags/example_latest_only_with_trigger.py
[2025-05-09T13:58:44.667+0000] {logging_mixin.py:190} INFO - [2025-05-09T13:58:44.666+0000] {dag.py:3239} INFO - Sync 1 DAGs
[2025-05-09T13:58:44.712+0000] {logging_mixin.py:190} INFO - [2025-05-09T13:58:44.712+0000] {dag.py:4180} INFO - Setting next_dagrun for latest_only_with_trigger to 2025-05-09 08:00:00+00:00, run_after=2025-05-09 12:00:00+00:00
[2025-05-09T13:58:44.762+0000] {processor.py:208} INFO - Processing /home/airflow/.local/lib/python3.12/site-packages/airflow/example_dags/example_latest_only_with_trigger.py took 0.169 seconds
[2025-05-09T13:59:21.737+0000] {processor.py:186} INFO - Started process (PID=4692) to work on /home/airflow/.local/lib/python3.12/site-packages/airflow/example_dags/example_latest_only_with_trigger.py
[2025-05-09T13:59:21.742+0000] {processor.py:914} INFO - Processing file /home/airflow/.local/lib/python3.12/site-packages/airflow/example_dags/example_latest_only_with_trigger.py for tasks to queue
[2025-05-09T13:59:21.747+0000] {logging_mixin.py:190} INFO - [2025-05-09T13:59:21.746+0000] {dagbag.py:588} INFO - Filling up the DagBag from /home/airflow/.local/lib/python3.12/site-packages/airflow/example_dags/example_latest_only_with_trigger.py
[2025-05-09T13:59:21.760+0000] {processor.py:925} INFO - DAG(s) 'latest_only_with_trigger' retrieved from /home/airflow/.local/lib/python3.12/site-packages/airflow/example_dags/example_latest_only_with_trigger.py
[2025-05-09T13:59:21.795+0000] {logging_mixin.py:190} INFO - [2025-05-09T13:59:21.795+0000] {dag.py:3239} INFO - Sync 1 DAGs
[2025-05-09T13:59:21.837+0000] {logging_mixin.py:190} INFO - [2025-05-09T13:59:21.837+0000] {dag.py:4180} INFO - Setting next_dagrun for latest_only_with_trigger to 2025-05-09 08:00:00+00:00, run_after=2025-05-09 12:00:00+00:00
[2025-05-09T13:59:21.871+0000] {processor.py:208} INFO - Processing /home/airflow/.local/lib/python3.12/site-packages/airflow/example_dags/example_latest_only_with_trigger.py took 0.145 seconds
[2025-05-09T13:59:58.819+0000] {processor.py:186} INFO - Started process (PID=4787) to work on /home/airflow/.local/lib/python3.12/site-packages/airflow/example_dags/example_latest_only_with_trigger.py
[2025-05-09T13:59:58.821+0000] {processor.py:914} INFO - Processing file /home/airflow/.local/lib/python3.12/site-packages/airflow/example_dags/example_latest_only_with_trigger.py for tasks to queue
[2025-05-09T13:59:58.826+0000] {logging_mixin.py:190} INFO - [2025-05-09T13:59:58.826+0000] {dagbag.py:588} INFO - Filling up the DagBag from /home/airflow/.local/lib/python3.12/site-packages/airflow/example_dags/example_latest_only_with_trigger.py
[2025-05-09T13:59:58.842+0000] {processor.py:925} INFO - DAG(s) 'latest_only_with_trigger' retrieved from /home/airflow/.local/lib/python3.12/site-packages/airflow/example_dags/example_latest_only_with_trigger.py
[2025-05-09T13:59:58.887+0000] {logging_mixin.py:190} INFO - [2025-05-09T13:59:58.887+0000] {dag.py:3239} INFO - Sync 1 DAGs
[2025-05-09T13:59:58.943+0000] {logging_mixin.py:190} INFO - [2025-05-09T13:59:58.943+0000] {dag.py:4180} INFO - Setting next_dagrun for latest_only_with_trigger to 2025-05-09 08:00:00+00:00, run_after=2025-05-09 12:00:00+00:00
[2025-05-09T13:59:58.995+0000] {processor.py:208} INFO - Processing /home/airflow/.local/lib/python3.12/site-packages/airflow/example_dags/example_latest_only_with_trigger.py took 0.190 seconds
[2025-05-09T14:00:32.780+0000] {processor.py:186} INFO - Started process (PID=4877) to work on /home/airflow/.local/lib/python3.12/site-packages/airflow/example_dags/example_latest_only_with_trigger.py
[2025-05-09T14:00:32.784+0000] {processor.py:914} INFO - Processing file /home/airflow/.local/lib/python3.12/site-packages/airflow/example_dags/example_latest_only_with_trigger.py for tasks to queue
[2025-05-09T14:00:32.789+0000] {logging_mixin.py:190} INFO - [2025-05-09T14:00:32.788+0000] {dagbag.py:588} INFO - Filling up the DagBag from /home/airflow/.local/lib/python3.12/site-packages/airflow/example_dags/example_latest_only_with_trigger.py
[2025-05-09T14:00:32.804+0000] {processor.py:925} INFO - DAG(s) 'latest_only_with_trigger' retrieved from /home/airflow/.local/lib/python3.12/site-packages/airflow/example_dags/example_latest_only_with_trigger.py
[2025-05-09T14:00:32.851+0000] {logging_mixin.py:190} INFO - [2025-05-09T14:00:32.850+0000] {dag.py:3239} INFO - Sync 1 DAGs
[2025-05-09T14:00:32.900+0000] {logging_mixin.py:190} INFO - [2025-05-09T14:00:32.900+0000] {dag.py:4180} INFO - Setting next_dagrun for latest_only_with_trigger to 2025-05-09 08:00:00+00:00, run_after=2025-05-09 12:00:00+00:00
[2025-05-09T14:00:32.952+0000] {processor.py:208} INFO - Processing /home/airflow/.local/lib/python3.12/site-packages/airflow/example_dags/example_latest_only_with_trigger.py took 0.184 seconds
[2025-05-09T14:01:06.833+0000] {processor.py:186} INFO - Started process (PID=4968) to work on /home/airflow/.local/lib/python3.12/site-packages/airflow/example_dags/example_latest_only_with_trigger.py
[2025-05-09T14:01:06.835+0000] {processor.py:914} INFO - Processing file /home/airflow/.local/lib/python3.12/site-packages/airflow/example_dags/example_latest_only_with_trigger.py for tasks to queue
[2025-05-09T14:01:06.840+0000] {logging_mixin.py:190} INFO - [2025-05-09T14:01:06.839+0000] {dagbag.py:588} INFO - Filling up the DagBag from /home/airflow/.local/lib/python3.12/site-packages/airflow/example_dags/example_latest_only_with_trigger.py
[2025-05-09T14:01:06.855+0000] {processor.py:925} INFO - DAG(s) 'latest_only_with_trigger' retrieved from /home/airflow/.local/lib/python3.12/site-packages/airflow/example_dags/example_latest_only_with_trigger.py
[2025-05-09T14:01:06.891+0000] {logging_mixin.py:190} INFO - [2025-05-09T14:01:06.891+0000] {dag.py:3239} INFO - Sync 1 DAGs
[2025-05-09T14:01:06.941+0000] {logging_mixin.py:190} INFO - [2025-05-09T14:01:06.940+0000] {dag.py:4180} INFO - Setting next_dagrun for latest_only_with_trigger to 2025-05-09 08:00:00+00:00, run_after=2025-05-09 12:00:00+00:00
[2025-05-09T14:01:06.977+0000] {processor.py:208} INFO - Processing /home/airflow/.local/lib/python3.12/site-packages/airflow/example_dags/example_latest_only_with_trigger.py took 0.154 seconds
[2025-05-09T14:01:44.678+0000] {processor.py:186} INFO - Started process (PID=5060) to work on /home/airflow/.local/lib/python3.12/site-packages/airflow/example_dags/example_latest_only_with_trigger.py
[2025-05-09T14:01:44.680+0000] {processor.py:914} INFO - Processing file /home/airflow/.local/lib/python3.12/site-packages/airflow/example_dags/example_latest_only_with_trigger.py for tasks to queue
[2025-05-09T14:01:44.685+0000] {logging_mixin.py:190} INFO - [2025-05-09T14:01:44.684+0000] {dagbag.py:588} INFO - Filling up the DagBag from /home/airflow/.local/lib/python3.12/site-packages/airflow/example_dags/example_latest_only_with_trigger.py
[2025-05-09T14:01:44.702+0000] {processor.py:925} INFO - DAG(s) 'latest_only_with_trigger' retrieved from /home/airflow/.local/lib/python3.12/site-packages/airflow/example_dags/example_latest_only_with_trigger.py
[2025-05-09T14:01:44.750+0000] {logging_mixin.py:190} INFO - [2025-05-09T14:01:44.748+0000] {dag.py:3239} INFO - Sync 1 DAGs
[2025-05-09T14:01:44.800+0000] {logging_mixin.py:190} INFO - [2025-05-09T14:01:44.800+0000] {dag.py:4180} INFO - Setting next_dagrun for latest_only_with_trigger to 2025-05-09 08:00:00+00:00, run_after=2025-05-09 12:00:00+00:00
[2025-05-09T14:01:44.852+0000] {processor.py:208} INFO - Processing /home/airflow/.local/lib/python3.12/site-packages/airflow/example_dags/example_latest_only_with_trigger.py took 0.186 seconds
[2025-05-09T14:02:21.122+0000] {processor.py:186} INFO - Started process (PID=5158) to work on /home/airflow/.local/lib/python3.12/site-packages/airflow/example_dags/example_latest_only_with_trigger.py
[2025-05-09T14:02:21.124+0000] {processor.py:914} INFO - Processing file /home/airflow/.local/lib/python3.12/site-packages/airflow/example_dags/example_latest_only_with_trigger.py for tasks to queue
[2025-05-09T14:02:21.130+0000] {logging_mixin.py:190} INFO - [2025-05-09T14:02:21.129+0000] {dagbag.py:588} INFO - Filling up the DagBag from /home/airflow/.local/lib/python3.12/site-packages/airflow/example_dags/example_latest_only_with_trigger.py
[2025-05-09T14:02:21.145+0000] {processor.py:925} INFO - DAG(s) 'latest_only_with_trigger' retrieved from /home/airflow/.local/lib/python3.12/site-packages/airflow/example_dags/example_latest_only_with_trigger.py
[2025-05-09T14:02:21.191+0000] {logging_mixin.py:190} INFO - [2025-05-09T14:02:21.190+0000] {dag.py:3239} INFO - Sync 1 DAGs
[2025-05-09T14:02:21.238+0000] {logging_mixin.py:190} INFO - [2025-05-09T14:02:21.237+0000] {dag.py:4180} INFO - Setting next_dagrun for latest_only_with_trigger to 2025-05-09 08:00:00+00:00, run_after=2025-05-09 12:00:00+00:00
[2025-05-09T14:02:21.276+0000] {processor.py:208} INFO - Processing /home/airflow/.local/lib/python3.12/site-packages/airflow/example_dags/example_latest_only_with_trigger.py took 0.168 seconds
