[2025-05-09T13:14:47.265+0000] {processor.py:186} INFO - Started process (PID=143) to work on /home/airflow/.local/lib/python3.12/site-packages/airflow/example_dags/example_dataset_alias_with_no_taskflow.py
[2025-05-09T13:14:47.270+0000] {processor.py:914} INFO - Processing file /home/airflow/.local/lib/python3.12/site-packages/airflow/example_dags/example_dataset_alias_with_no_taskflow.py for tasks to queue
[2025-05-09T13:14:47.275+0000] {logging_mixin.py:190} INFO - [2025-05-09T13:14:47.275+0000] {dagbag.py:588} INFO - Filling up the DagBag from /home/airflow/.local/lib/python3.12/site-packages/airflow/example_dags/example_dataset_alias_with_no_taskflow.py
[2025-05-09T13:14:48.431+0000] {processor.py:925} INFO - DAG(s) 'dataset_alias_example_alias_consumer_with_no_taskflow', 'dataset_s3_bucket_consumer_with_no_taskflow', 'dataset_alias_example_alias_producer_with_no_taskflow', 'dataset_s3_bucket_producer_with_no_taskflow' retrieved from /home/airflow/.local/lib/python3.12/site-packages/airflow/example_dags/example_dataset_alias_with_no_taskflow.py
[2025-05-09T13:14:48.495+0000] {logging_mixin.py:190} INFO - [2025-05-09T13:14:48.493+0000] {dag.py:3239} INFO - Sync 4 DAGs
[2025-05-09T13:14:48.548+0000] {logging_mixin.py:190} INFO - [2025-05-09T13:14:48.546+0000] {dag.py:4180} INFO - Setting next_dagrun for dataset_alias_example_alias_consumer_with_no_taskflow to None, run_after=None
[2025-05-09T13:14:48.557+0000] {logging_mixin.py:190} INFO - [2025-05-09T13:14:48.557+0000] {dag.py:4180} INFO - Setting next_dagrun for dataset_alias_example_alias_producer_with_no_taskflow to None, run_after=None
[2025-05-09T13:14:48.563+0000] {logging_mixin.py:190} INFO - [2025-05-09T13:14:48.563+0000] {dag.py:4180} INFO - Setting next_dagrun for dataset_s3_bucket_consumer_with_no_taskflow to None, run_after=None
[2025-05-09T13:14:48.566+0000] {logging_mixin.py:190} INFO - [2025-05-09T13:14:48.566+0000] {dag.py:4180} INFO - Setting next_dagrun for dataset_s3_bucket_producer_with_no_taskflow to None, run_after=None
[2025-05-09T13:14:48.612+0000] {processor.py:208} INFO - Processing /home/airflow/.local/lib/python3.12/site-packages/airflow/example_dags/example_dataset_alias_with_no_taskflow.py took 1.359 seconds
[2025-05-09T13:15:19.218+0000] {processor.py:186} INFO - Started process (PID=220) to work on /home/airflow/.local/lib/python3.12/site-packages/airflow/example_dags/example_dataset_alias_with_no_taskflow.py
[2025-05-09T13:15:19.220+0000] {processor.py:914} INFO - Processing file /home/airflow/.local/lib/python3.12/site-packages/airflow/example_dags/example_dataset_alias_with_no_taskflow.py for tasks to queue
[2025-05-09T13:15:19.224+0000] {logging_mixin.py:190} INFO - [2025-05-09T13:15:19.223+0000] {dagbag.py:588} INFO - Filling up the DagBag from /home/airflow/.local/lib/python3.12/site-packages/airflow/example_dags/example_dataset_alias_with_no_taskflow.py
[2025-05-09T13:15:20.399+0000] {processor.py:925} INFO - DAG(s) 'dataset_s3_bucket_producer_with_no_taskflow', 'dataset_alias_example_alias_consumer_with_no_taskflow', 'dataset_s3_bucket_consumer_with_no_taskflow', 'dataset_alias_example_alias_producer_with_no_taskflow' retrieved from /home/airflow/.local/lib/python3.12/site-packages/airflow/example_dags/example_dataset_alias_with_no_taskflow.py
[2025-05-09T13:15:20.449+0000] {logging_mixin.py:190} INFO - [2025-05-09T13:15:20.448+0000] {dag.py:3239} INFO - Sync 4 DAGs
[2025-05-09T13:15:20.492+0000] {logging_mixin.py:190} INFO - [2025-05-09T13:15:20.491+0000] {dag.py:4180} INFO - Setting next_dagrun for dataset_alias_example_alias_consumer_with_no_taskflow to None, run_after=None
[2025-05-09T13:15:20.498+0000] {logging_mixin.py:190} INFO - [2025-05-09T13:15:20.497+0000] {dag.py:4180} INFO - Setting next_dagrun for dataset_alias_example_alias_producer_with_no_taskflow to None, run_after=None
[2025-05-09T13:15:20.501+0000] {logging_mixin.py:190} INFO - [2025-05-09T13:15:20.500+0000] {dag.py:4180} INFO - Setting next_dagrun for dataset_s3_bucket_consumer_with_no_taskflow to None, run_after=None
[2025-05-09T13:15:20.504+0000] {logging_mixin.py:190} INFO - [2025-05-09T13:15:20.504+0000] {dag.py:4180} INFO - Setting next_dagrun for dataset_s3_bucket_producer_with_no_taskflow to None, run_after=None
[2025-05-09T13:15:20.560+0000] {processor.py:208} INFO - Processing /home/airflow/.local/lib/python3.12/site-packages/airflow/example_dags/example_dataset_alias_with_no_taskflow.py took 1.359 seconds
[2025-05-09T13:15:51.154+0000] {processor.py:186} INFO - Started process (PID=313) to work on /home/airflow/.local/lib/python3.12/site-packages/airflow/example_dags/example_dataset_alias_with_no_taskflow.py
[2025-05-09T13:15:51.156+0000] {processor.py:914} INFO - Processing file /home/airflow/.local/lib/python3.12/site-packages/airflow/example_dags/example_dataset_alias_with_no_taskflow.py for tasks to queue
[2025-05-09T13:15:51.161+0000] {logging_mixin.py:190} INFO - [2025-05-09T13:15:51.160+0000] {dagbag.py:588} INFO - Filling up the DagBag from /home/airflow/.local/lib/python3.12/site-packages/airflow/example_dags/example_dataset_alias_with_no_taskflow.py
[2025-05-09T13:15:52.289+0000] {processor.py:925} INFO - DAG(s) 'dataset_alias_example_alias_producer_with_no_taskflow', 'dataset_alias_example_alias_consumer_with_no_taskflow', 'dataset_s3_bucket_producer_with_no_taskflow', 'dataset_s3_bucket_consumer_with_no_taskflow' retrieved from /home/airflow/.local/lib/python3.12/site-packages/airflow/example_dags/example_dataset_alias_with_no_taskflow.py
[2025-05-09T13:15:52.334+0000] {logging_mixin.py:190} INFO - [2025-05-09T13:15:52.333+0000] {dag.py:3239} INFO - Sync 4 DAGs
[2025-05-09T13:15:52.380+0000] {logging_mixin.py:190} INFO - [2025-05-09T13:15:52.379+0000] {dag.py:4180} INFO - Setting next_dagrun for dataset_alias_example_alias_consumer_with_no_taskflow to None, run_after=None
[2025-05-09T13:15:52.386+0000] {logging_mixin.py:190} INFO - [2025-05-09T13:15:52.386+0000] {dag.py:4180} INFO - Setting next_dagrun for dataset_alias_example_alias_producer_with_no_taskflow to None, run_after=None
[2025-05-09T13:15:52.390+0000] {logging_mixin.py:190} INFO - [2025-05-09T13:15:52.390+0000] {dag.py:4180} INFO - Setting next_dagrun for dataset_s3_bucket_consumer_with_no_taskflow to None, run_after=None
[2025-05-09T13:15:52.394+0000] {logging_mixin.py:190} INFO - [2025-05-09T13:15:52.394+0000] {dag.py:4180} INFO - Setting next_dagrun for dataset_s3_bucket_producer_with_no_taskflow to None, run_after=None
[2025-05-09T13:15:52.433+0000] {processor.py:208} INFO - Processing /home/airflow/.local/lib/python3.12/site-packages/airflow/example_dags/example_dataset_alias_with_no_taskflow.py took 1.290 seconds
[2025-05-09T13:16:22.633+0000] {processor.py:186} INFO - Started process (PID=404) to work on /home/airflow/.local/lib/python3.12/site-packages/airflow/example_dags/example_dataset_alias_with_no_taskflow.py
[2025-05-09T13:16:22.636+0000] {processor.py:914} INFO - Processing file /home/airflow/.local/lib/python3.12/site-packages/airflow/example_dags/example_dataset_alias_with_no_taskflow.py for tasks to queue
[2025-05-09T13:16:22.642+0000] {logging_mixin.py:190} INFO - [2025-05-09T13:16:22.641+0000] {dagbag.py:588} INFO - Filling up the DagBag from /home/airflow/.local/lib/python3.12/site-packages/airflow/example_dags/example_dataset_alias_with_no_taskflow.py
[2025-05-09T13:16:23.697+0000] {processor.py:925} INFO - DAG(s) 'dataset_s3_bucket_producer_with_no_taskflow', 'dataset_alias_example_alias_consumer_with_no_taskflow', 'dataset_s3_bucket_consumer_with_no_taskflow', 'dataset_alias_example_alias_producer_with_no_taskflow' retrieved from /home/airflow/.local/lib/python3.12/site-packages/airflow/example_dags/example_dataset_alias_with_no_taskflow.py
[2025-05-09T13:16:23.742+0000] {logging_mixin.py:190} INFO - [2025-05-09T13:16:23.741+0000] {dag.py:3239} INFO - Sync 4 DAGs
[2025-05-09T13:16:23.784+0000] {logging_mixin.py:190} INFO - [2025-05-09T13:16:23.784+0000] {dag.py:4180} INFO - Setting next_dagrun for dataset_alias_example_alias_consumer_with_no_taskflow to None, run_after=None
[2025-05-09T13:16:23.789+0000] {logging_mixin.py:190} INFO - [2025-05-09T13:16:23.789+0000] {dag.py:4180} INFO - Setting next_dagrun for dataset_alias_example_alias_producer_with_no_taskflow to None, run_after=None
[2025-05-09T13:16:23.794+0000] {logging_mixin.py:190} INFO - [2025-05-09T13:16:23.793+0000] {dag.py:4180} INFO - Setting next_dagrun for dataset_s3_bucket_consumer_with_no_taskflow to None, run_after=None
[2025-05-09T13:16:23.797+0000] {logging_mixin.py:190} INFO - [2025-05-09T13:16:23.797+0000] {dag.py:4180} INFO - Setting next_dagrun for dataset_s3_bucket_producer_with_no_taskflow to None, run_after=None
[2025-05-09T13:16:23.855+0000] {processor.py:208} INFO - Processing /home/airflow/.local/lib/python3.12/site-packages/airflow/example_dags/example_dataset_alias_with_no_taskflow.py took 1.237 seconds
[2025-05-09T13:16:53.976+0000] {processor.py:186} INFO - Started process (PID=500) to work on /home/airflow/.local/lib/python3.12/site-packages/airflow/example_dags/example_dataset_alias_with_no_taskflow.py
[2025-05-09T13:16:53.978+0000] {processor.py:914} INFO - Processing file /home/airflow/.local/lib/python3.12/site-packages/airflow/example_dags/example_dataset_alias_with_no_taskflow.py for tasks to queue
[2025-05-09T13:16:53.983+0000] {logging_mixin.py:190} INFO - [2025-05-09T13:16:53.982+0000] {dagbag.py:588} INFO - Filling up the DagBag from /home/airflow/.local/lib/python3.12/site-packages/airflow/example_dags/example_dataset_alias_with_no_taskflow.py
[2025-05-09T13:16:55.111+0000] {processor.py:925} INFO - DAG(s) 'dataset_alias_example_alias_producer_with_no_taskflow', 'dataset_s3_bucket_producer_with_no_taskflow', 'dataset_s3_bucket_consumer_with_no_taskflow', 'dataset_alias_example_alias_consumer_with_no_taskflow' retrieved from /home/airflow/.local/lib/python3.12/site-packages/airflow/example_dags/example_dataset_alias_with_no_taskflow.py
[2025-05-09T13:16:55.164+0000] {logging_mixin.py:190} INFO - [2025-05-09T13:16:55.164+0000] {dag.py:3239} INFO - Sync 4 DAGs
[2025-05-09T13:16:55.212+0000] {logging_mixin.py:190} INFO - [2025-05-09T13:16:55.211+0000] {dag.py:4180} INFO - Setting next_dagrun for dataset_alias_example_alias_consumer_with_no_taskflow to None, run_after=None
[2025-05-09T13:16:55.217+0000] {logging_mixin.py:190} INFO - [2025-05-09T13:16:55.217+0000] {dag.py:4180} INFO - Setting next_dagrun for dataset_alias_example_alias_producer_with_no_taskflow to None, run_after=None
[2025-05-09T13:16:55.221+0000] {logging_mixin.py:190} INFO - [2025-05-09T13:16:55.221+0000] {dag.py:4180} INFO - Setting next_dagrun for dataset_s3_bucket_consumer_with_no_taskflow to None, run_after=None
[2025-05-09T13:16:55.224+0000] {logging_mixin.py:190} INFO - [2025-05-09T13:16:55.224+0000] {dag.py:4180} INFO - Setting next_dagrun for dataset_s3_bucket_producer_with_no_taskflow to None, run_after=None
[2025-05-09T13:16:55.266+0000] {processor.py:208} INFO - Processing /home/airflow/.local/lib/python3.12/site-packages/airflow/example_dags/example_dataset_alias_with_no_taskflow.py took 1.301 seconds
[2025-05-09T13:17:25.551+0000] {processor.py:186} INFO - Started process (PID=595) to work on /home/airflow/.local/lib/python3.12/site-packages/airflow/example_dags/example_dataset_alias_with_no_taskflow.py
[2025-05-09T13:17:25.553+0000] {processor.py:914} INFO - Processing file /home/airflow/.local/lib/python3.12/site-packages/airflow/example_dags/example_dataset_alias_with_no_taskflow.py for tasks to queue
[2025-05-09T13:17:25.561+0000] {logging_mixin.py:190} INFO - [2025-05-09T13:17:25.561+0000] {dagbag.py:588} INFO - Filling up the DagBag from /home/airflow/.local/lib/python3.12/site-packages/airflow/example_dags/example_dataset_alias_with_no_taskflow.py
[2025-05-09T13:17:26.819+0000] {processor.py:925} INFO - DAG(s) 'dataset_alias_example_alias_producer_with_no_taskflow', 'dataset_alias_example_alias_consumer_with_no_taskflow', 'dataset_s3_bucket_consumer_with_no_taskflow', 'dataset_s3_bucket_producer_with_no_taskflow' retrieved from /home/airflow/.local/lib/python3.12/site-packages/airflow/example_dags/example_dataset_alias_with_no_taskflow.py
[2025-05-09T13:17:26.864+0000] {logging_mixin.py:190} INFO - [2025-05-09T13:17:26.864+0000] {dag.py:3239} INFO - Sync 4 DAGs
[2025-05-09T13:17:26.912+0000] {logging_mixin.py:190} INFO - [2025-05-09T13:17:26.912+0000] {dag.py:4180} INFO - Setting next_dagrun for dataset_alias_example_alias_consumer_with_no_taskflow to None, run_after=None
[2025-05-09T13:17:26.919+0000] {logging_mixin.py:190} INFO - [2025-05-09T13:17:26.919+0000] {dag.py:4180} INFO - Setting next_dagrun for dataset_alias_example_alias_producer_with_no_taskflow to None, run_after=None
[2025-05-09T13:17:26.923+0000] {logging_mixin.py:190} INFO - [2025-05-09T13:17:26.923+0000] {dag.py:4180} INFO - Setting next_dagrun for dataset_s3_bucket_consumer_with_no_taskflow to None, run_after=None
[2025-05-09T13:17:26.929+0000] {logging_mixin.py:190} INFO - [2025-05-09T13:17:26.928+0000] {dag.py:4180} INFO - Setting next_dagrun for dataset_s3_bucket_producer_with_no_taskflow to None, run_after=None
[2025-05-09T13:17:26.974+0000] {processor.py:208} INFO - Processing /home/airflow/.local/lib/python3.12/site-packages/airflow/example_dags/example_dataset_alias_with_no_taskflow.py took 1.436 seconds
[2025-05-09T13:17:57.857+0000] {processor.py:186} INFO - Started process (PID=686) to work on /home/airflow/.local/lib/python3.12/site-packages/airflow/example_dags/example_dataset_alias_with_no_taskflow.py
[2025-05-09T13:17:57.859+0000] {processor.py:914} INFO - Processing file /home/airflow/.local/lib/python3.12/site-packages/airflow/example_dags/example_dataset_alias_with_no_taskflow.py for tasks to queue
[2025-05-09T13:17:57.864+0000] {logging_mixin.py:190} INFO - [2025-05-09T13:17:57.863+0000] {dagbag.py:588} INFO - Filling up the DagBag from /home/airflow/.local/lib/python3.12/site-packages/airflow/example_dags/example_dataset_alias_with_no_taskflow.py
[2025-05-09T13:17:59.097+0000] {processor.py:925} INFO - DAG(s) 'dataset_s3_bucket_producer_with_no_taskflow', 'dataset_alias_example_alias_producer_with_no_taskflow', 'dataset_s3_bucket_consumer_with_no_taskflow', 'dataset_alias_example_alias_consumer_with_no_taskflow' retrieved from /home/airflow/.local/lib/python3.12/site-packages/airflow/example_dags/example_dataset_alias_with_no_taskflow.py
[2025-05-09T13:17:59.144+0000] {logging_mixin.py:190} INFO - [2025-05-09T13:17:59.143+0000] {dag.py:3239} INFO - Sync 4 DAGs
[2025-05-09T13:17:59.192+0000] {logging_mixin.py:190} INFO - [2025-05-09T13:17:59.191+0000] {dag.py:4180} INFO - Setting next_dagrun for dataset_alias_example_alias_consumer_with_no_taskflow to None, run_after=None
[2025-05-09T13:17:59.198+0000] {logging_mixin.py:190} INFO - [2025-05-09T13:17:59.198+0000] {dag.py:4180} INFO - Setting next_dagrun for dataset_alias_example_alias_producer_with_no_taskflow to None, run_after=None
[2025-05-09T13:17:59.205+0000] {logging_mixin.py:190} INFO - [2025-05-09T13:17:59.204+0000] {dag.py:4180} INFO - Setting next_dagrun for dataset_s3_bucket_consumer_with_no_taskflow to None, run_after=None
[2025-05-09T13:17:59.208+0000] {logging_mixin.py:190} INFO - [2025-05-09T13:17:59.208+0000] {dag.py:4180} INFO - Setting next_dagrun for dataset_s3_bucket_producer_with_no_taskflow to None, run_after=None
[2025-05-09T13:17:59.274+0000] {processor.py:208} INFO - Processing /home/airflow/.local/lib/python3.12/site-packages/airflow/example_dags/example_dataset_alias_with_no_taskflow.py took 1.429 seconds
[2025-05-09T13:18:29.919+0000] {processor.py:186} INFO - Started process (PID=778) to work on /home/airflow/.local/lib/python3.12/site-packages/airflow/example_dags/example_dataset_alias_with_no_taskflow.py
[2025-05-09T13:18:29.921+0000] {processor.py:914} INFO - Processing file /home/airflow/.local/lib/python3.12/site-packages/airflow/example_dags/example_dataset_alias_with_no_taskflow.py for tasks to queue
[2025-05-09T13:18:29.928+0000] {logging_mixin.py:190} INFO - [2025-05-09T13:18:29.927+0000] {dagbag.py:588} INFO - Filling up the DagBag from /home/airflow/.local/lib/python3.12/site-packages/airflow/example_dags/example_dataset_alias_with_no_taskflow.py
[2025-05-09T13:18:31.187+0000] {processor.py:925} INFO - DAG(s) 'dataset_alias_example_alias_producer_with_no_taskflow', 'dataset_s3_bucket_producer_with_no_taskflow', 'dataset_s3_bucket_consumer_with_no_taskflow', 'dataset_alias_example_alias_consumer_with_no_taskflow' retrieved from /home/airflow/.local/lib/python3.12/site-packages/airflow/example_dags/example_dataset_alias_with_no_taskflow.py
[2025-05-09T13:18:31.234+0000] {logging_mixin.py:190} INFO - [2025-05-09T13:18:31.233+0000] {dag.py:3239} INFO - Sync 4 DAGs
[2025-05-09T13:18:31.277+0000] {logging_mixin.py:190} INFO - [2025-05-09T13:18:31.276+0000] {dag.py:4180} INFO - Setting next_dagrun for dataset_alias_example_alias_consumer_with_no_taskflow to None, run_after=None
[2025-05-09T13:18:31.284+0000] {logging_mixin.py:190} INFO - [2025-05-09T13:18:31.284+0000] {dag.py:4180} INFO - Setting next_dagrun for dataset_alias_example_alias_producer_with_no_taskflow to None, run_after=None
[2025-05-09T13:18:31.288+0000] {logging_mixin.py:190} INFO - [2025-05-09T13:18:31.287+0000] {dag.py:4180} INFO - Setting next_dagrun for dataset_s3_bucket_consumer_with_no_taskflow to None, run_after=None
[2025-05-09T13:18:31.294+0000] {logging_mixin.py:190} INFO - [2025-05-09T13:18:31.293+0000] {dag.py:4180} INFO - Setting next_dagrun for dataset_s3_bucket_producer_with_no_taskflow to None, run_after=None
[2025-05-09T13:18:31.400+0000] {processor.py:208} INFO - Processing /home/airflow/.local/lib/python3.12/site-packages/airflow/example_dags/example_dataset_alias_with_no_taskflow.py took 1.496 seconds
[2025-05-09T13:19:01.747+0000] {processor.py:186} INFO - Started process (PID=875) to work on /home/airflow/.local/lib/python3.12/site-packages/airflow/example_dags/example_dataset_alias_with_no_taskflow.py
[2025-05-09T13:19:01.749+0000] {processor.py:914} INFO - Processing file /home/airflow/.local/lib/python3.12/site-packages/airflow/example_dags/example_dataset_alias_with_no_taskflow.py for tasks to queue
[2025-05-09T13:19:01.754+0000] {logging_mixin.py:190} INFO - [2025-05-09T13:19:01.753+0000] {dagbag.py:588} INFO - Filling up the DagBag from /home/airflow/.local/lib/python3.12/site-packages/airflow/example_dags/example_dataset_alias_with_no_taskflow.py
[2025-05-09T13:19:02.737+0000] {processor.py:925} INFO - DAG(s) 'dataset_s3_bucket_consumer_with_no_taskflow', 'dataset_s3_bucket_producer_with_no_taskflow', 'dataset_alias_example_alias_consumer_with_no_taskflow', 'dataset_alias_example_alias_producer_with_no_taskflow' retrieved from /home/airflow/.local/lib/python3.12/site-packages/airflow/example_dags/example_dataset_alias_with_no_taskflow.py
[2025-05-09T13:19:02.793+0000] {logging_mixin.py:190} INFO - [2025-05-09T13:19:02.792+0000] {dag.py:3239} INFO - Sync 4 DAGs
[2025-05-09T13:19:02.847+0000] {logging_mixin.py:190} INFO - [2025-05-09T13:19:02.846+0000] {dag.py:4180} INFO - Setting next_dagrun for dataset_alias_example_alias_consumer_with_no_taskflow to None, run_after=None
[2025-05-09T13:19:02.854+0000] {logging_mixin.py:190} INFO - [2025-05-09T13:19:02.853+0000] {dag.py:4180} INFO - Setting next_dagrun for dataset_alias_example_alias_producer_with_no_taskflow to None, run_after=None
[2025-05-09T13:19:02.859+0000] {logging_mixin.py:190} INFO - [2025-05-09T13:19:02.859+0000] {dag.py:4180} INFO - Setting next_dagrun for dataset_s3_bucket_consumer_with_no_taskflow to None, run_after=None
[2025-05-09T13:19:02.862+0000] {logging_mixin.py:190} INFO - [2025-05-09T13:19:02.862+0000] {dag.py:4180} INFO - Setting next_dagrun for dataset_s3_bucket_producer_with_no_taskflow to None, run_after=None
[2025-05-09T13:19:02.916+0000] {processor.py:208} INFO - Processing /home/airflow/.local/lib/python3.12/site-packages/airflow/example_dags/example_dataset_alias_with_no_taskflow.py took 1.179 seconds
[2025-05-09T13:19:33.183+0000] {processor.py:186} INFO - Started process (PID=967) to work on /home/airflow/.local/lib/python3.12/site-packages/airflow/example_dags/example_dataset_alias_with_no_taskflow.py
[2025-05-09T13:19:33.185+0000] {processor.py:914} INFO - Processing file /home/airflow/.local/lib/python3.12/site-packages/airflow/example_dags/example_dataset_alias_with_no_taskflow.py for tasks to queue
[2025-05-09T13:19:33.192+0000] {logging_mixin.py:190} INFO - [2025-05-09T13:19:33.191+0000] {dagbag.py:588} INFO - Filling up the DagBag from /home/airflow/.local/lib/python3.12/site-packages/airflow/example_dags/example_dataset_alias_with_no_taskflow.py
[2025-05-09T13:19:34.275+0000] {processor.py:925} INFO - DAG(s) 'dataset_s3_bucket_consumer_with_no_taskflow', 'dataset_alias_example_alias_producer_with_no_taskflow', 'dataset_s3_bucket_producer_with_no_taskflow', 'dataset_alias_example_alias_consumer_with_no_taskflow' retrieved from /home/airflow/.local/lib/python3.12/site-packages/airflow/example_dags/example_dataset_alias_with_no_taskflow.py
[2025-05-09T13:19:34.324+0000] {logging_mixin.py:190} INFO - [2025-05-09T13:19:34.321+0000] {dag.py:3239} INFO - Sync 4 DAGs
[2025-05-09T13:19:34.376+0000] {logging_mixin.py:190} INFO - [2025-05-09T13:19:34.375+0000] {dag.py:4180} INFO - Setting next_dagrun for dataset_alias_example_alias_consumer_with_no_taskflow to None, run_after=None
[2025-05-09T13:19:34.384+0000] {logging_mixin.py:190} INFO - [2025-05-09T13:19:34.383+0000] {dag.py:4180} INFO - Setting next_dagrun for dataset_alias_example_alias_producer_with_no_taskflow to None, run_after=None
[2025-05-09T13:19:34.388+0000] {logging_mixin.py:190} INFO - [2025-05-09T13:19:34.387+0000] {dag.py:4180} INFO - Setting next_dagrun for dataset_s3_bucket_consumer_with_no_taskflow to None, run_after=None
[2025-05-09T13:19:34.392+0000] {logging_mixin.py:190} INFO - [2025-05-09T13:19:34.392+0000] {dag.py:4180} INFO - Setting next_dagrun for dataset_s3_bucket_producer_with_no_taskflow to None, run_after=None
[2025-05-09T13:19:34.443+0000] {processor.py:208} INFO - Processing /home/airflow/.local/lib/python3.12/site-packages/airflow/example_dags/example_dataset_alias_with_no_taskflow.py took 1.270 seconds
[2025-05-09T13:20:04.670+0000] {processor.py:186} INFO - Started process (PID=1061) to work on /home/airflow/.local/lib/python3.12/site-packages/airflow/example_dags/example_dataset_alias_with_no_taskflow.py
[2025-05-09T13:20:04.673+0000] {processor.py:914} INFO - Processing file /home/airflow/.local/lib/python3.12/site-packages/airflow/example_dags/example_dataset_alias_with_no_taskflow.py for tasks to queue
[2025-05-09T13:20:04.679+0000] {logging_mixin.py:190} INFO - [2025-05-09T13:20:04.678+0000] {dagbag.py:588} INFO - Filling up the DagBag from /home/airflow/.local/lib/python3.12/site-packages/airflow/example_dags/example_dataset_alias_with_no_taskflow.py
[2025-05-09T13:20:05.720+0000] {processor.py:925} INFO - DAG(s) 'dataset_alias_example_alias_consumer_with_no_taskflow', 'dataset_alias_example_alias_producer_with_no_taskflow', 'dataset_s3_bucket_consumer_with_no_taskflow', 'dataset_s3_bucket_producer_with_no_taskflow' retrieved from /home/airflow/.local/lib/python3.12/site-packages/airflow/example_dags/example_dataset_alias_with_no_taskflow.py
[2025-05-09T13:20:05.772+0000] {logging_mixin.py:190} INFO - [2025-05-09T13:20:05.771+0000] {dag.py:3239} INFO - Sync 4 DAGs
[2025-05-09T13:20:05.817+0000] {logging_mixin.py:190} INFO - [2025-05-09T13:20:05.816+0000] {dag.py:4180} INFO - Setting next_dagrun for dataset_alias_example_alias_consumer_with_no_taskflow to None, run_after=None
[2025-05-09T13:20:05.823+0000] {logging_mixin.py:190} INFO - [2025-05-09T13:20:05.822+0000] {dag.py:4180} INFO - Setting next_dagrun for dataset_alias_example_alias_producer_with_no_taskflow to None, run_after=None
[2025-05-09T13:20:05.826+0000] {logging_mixin.py:190} INFO - [2025-05-09T13:20:05.825+0000] {dag.py:4180} INFO - Setting next_dagrun for dataset_s3_bucket_consumer_with_no_taskflow to None, run_after=None
[2025-05-09T13:20:05.830+0000] {logging_mixin.py:190} INFO - [2025-05-09T13:20:05.830+0000] {dag.py:4180} INFO - Setting next_dagrun for dataset_s3_bucket_producer_with_no_taskflow to None, run_after=None
[2025-05-09T13:20:05.897+0000] {processor.py:208} INFO - Processing /home/airflow/.local/lib/python3.12/site-packages/airflow/example_dags/example_dataset_alias_with_no_taskflow.py took 1.237 seconds
[2025-05-09T13:20:36.722+0000] {processor.py:186} INFO - Started process (PID=1157) to work on /home/airflow/.local/lib/python3.12/site-packages/airflow/example_dags/example_dataset_alias_with_no_taskflow.py
[2025-05-09T13:20:36.726+0000] {processor.py:914} INFO - Processing file /home/airflow/.local/lib/python3.12/site-packages/airflow/example_dags/example_dataset_alias_with_no_taskflow.py for tasks to queue
[2025-05-09T13:20:36.731+0000] {logging_mixin.py:190} INFO - [2025-05-09T13:20:36.730+0000] {dagbag.py:588} INFO - Filling up the DagBag from /home/airflow/.local/lib/python3.12/site-packages/airflow/example_dags/example_dataset_alias_with_no_taskflow.py
[2025-05-09T13:20:37.862+0000] {processor.py:925} INFO - DAG(s) 'dataset_alias_example_alias_producer_with_no_taskflow', 'dataset_s3_bucket_consumer_with_no_taskflow', 'dataset_s3_bucket_producer_with_no_taskflow', 'dataset_alias_example_alias_consumer_with_no_taskflow' retrieved from /home/airflow/.local/lib/python3.12/site-packages/airflow/example_dags/example_dataset_alias_with_no_taskflow.py
[2025-05-09T13:20:37.910+0000] {logging_mixin.py:190} INFO - [2025-05-09T13:20:37.909+0000] {dag.py:3239} INFO - Sync 4 DAGs
[2025-05-09T13:20:37.949+0000] {logging_mixin.py:190} INFO - [2025-05-09T13:20:37.949+0000] {dag.py:4180} INFO - Setting next_dagrun for dataset_alias_example_alias_consumer_with_no_taskflow to None, run_after=None
[2025-05-09T13:20:37.954+0000] {logging_mixin.py:190} INFO - [2025-05-09T13:20:37.954+0000] {dag.py:4180} INFO - Setting next_dagrun for dataset_alias_example_alias_producer_with_no_taskflow to None, run_after=None
[2025-05-09T13:20:37.961+0000] {logging_mixin.py:190} INFO - [2025-05-09T13:20:37.961+0000] {dag.py:4180} INFO - Setting next_dagrun for dataset_s3_bucket_consumer_with_no_taskflow to None, run_after=None
[2025-05-09T13:20:37.965+0000] {logging_mixin.py:190} INFO - [2025-05-09T13:20:37.964+0000] {dag.py:4180} INFO - Setting next_dagrun for dataset_s3_bucket_producer_with_no_taskflow to None, run_after=None
[2025-05-09T13:20:38.003+0000] {processor.py:208} INFO - Processing /home/airflow/.local/lib/python3.12/site-packages/airflow/example_dags/example_dataset_alias_with_no_taskflow.py took 1.296 seconds
[2025-05-09T13:21:08.129+0000] {processor.py:186} INFO - Started process (PID=1253) to work on /home/airflow/.local/lib/python3.12/site-packages/airflow/example_dags/example_dataset_alias_with_no_taskflow.py
[2025-05-09T13:21:08.131+0000] {processor.py:914} INFO - Processing file /home/airflow/.local/lib/python3.12/site-packages/airflow/example_dags/example_dataset_alias_with_no_taskflow.py for tasks to queue
[2025-05-09T13:21:08.135+0000] {logging_mixin.py:190} INFO - [2025-05-09T13:21:08.134+0000] {dagbag.py:588} INFO - Filling up the DagBag from /home/airflow/.local/lib/python3.12/site-packages/airflow/example_dags/example_dataset_alias_with_no_taskflow.py
[2025-05-09T13:21:09.171+0000] {processor.py:925} INFO - DAG(s) 'dataset_alias_example_alias_producer_with_no_taskflow', 'dataset_s3_bucket_consumer_with_no_taskflow', 'dataset_alias_example_alias_consumer_with_no_taskflow', 'dataset_s3_bucket_producer_with_no_taskflow' retrieved from /home/airflow/.local/lib/python3.12/site-packages/airflow/example_dags/example_dataset_alias_with_no_taskflow.py
[2025-05-09T13:21:09.224+0000] {logging_mixin.py:190} INFO - [2025-05-09T13:21:09.222+0000] {dag.py:3239} INFO - Sync 4 DAGs
[2025-05-09T13:21:09.267+0000] {logging_mixin.py:190} INFO - [2025-05-09T13:21:09.267+0000] {dag.py:4180} INFO - Setting next_dagrun for dataset_alias_example_alias_consumer_with_no_taskflow to None, run_after=None
[2025-05-09T13:21:09.273+0000] {logging_mixin.py:190} INFO - [2025-05-09T13:21:09.272+0000] {dag.py:4180} INFO - Setting next_dagrun for dataset_alias_example_alias_producer_with_no_taskflow to None, run_after=None
[2025-05-09T13:21:09.277+0000] {logging_mixin.py:190} INFO - [2025-05-09T13:21:09.277+0000] {dag.py:4180} INFO - Setting next_dagrun for dataset_s3_bucket_consumer_with_no_taskflow to None, run_after=None
[2025-05-09T13:21:09.281+0000] {logging_mixin.py:190} INFO - [2025-05-09T13:21:09.281+0000] {dag.py:4180} INFO - Setting next_dagrun for dataset_s3_bucket_producer_with_no_taskflow to None, run_after=None
[2025-05-09T13:21:09.333+0000] {processor.py:208} INFO - Processing /home/airflow/.local/lib/python3.12/site-packages/airflow/example_dags/example_dataset_alias_with_no_taskflow.py took 1.216 seconds
[2025-05-09T13:21:39.967+0000] {processor.py:186} INFO - Started process (PID=1344) to work on /home/airflow/.local/lib/python3.12/site-packages/airflow/example_dags/example_dataset_alias_with_no_taskflow.py
[2025-05-09T13:21:39.970+0000] {processor.py:914} INFO - Processing file /home/airflow/.local/lib/python3.12/site-packages/airflow/example_dags/example_dataset_alias_with_no_taskflow.py for tasks to queue
[2025-05-09T13:21:39.975+0000] {logging_mixin.py:190} INFO - [2025-05-09T13:21:39.974+0000] {dagbag.py:588} INFO - Filling up the DagBag from /home/airflow/.local/lib/python3.12/site-packages/airflow/example_dags/example_dataset_alias_with_no_taskflow.py
[2025-05-09T13:21:41.000+0000] {processor.py:925} INFO - DAG(s) 'dataset_alias_example_alias_producer_with_no_taskflow', 'dataset_s3_bucket_consumer_with_no_taskflow', 'dataset_s3_bucket_producer_with_no_taskflow', 'dataset_alias_example_alias_consumer_with_no_taskflow' retrieved from /home/airflow/.local/lib/python3.12/site-packages/airflow/example_dags/example_dataset_alias_with_no_taskflow.py
[2025-05-09T13:21:41.046+0000] {logging_mixin.py:190} INFO - [2025-05-09T13:21:41.045+0000] {dag.py:3239} INFO - Sync 4 DAGs
[2025-05-09T13:21:41.088+0000] {logging_mixin.py:190} INFO - [2025-05-09T13:21:41.088+0000] {dag.py:4180} INFO - Setting next_dagrun for dataset_alias_example_alias_consumer_with_no_taskflow to None, run_after=None
[2025-05-09T13:21:41.095+0000] {logging_mixin.py:190} INFO - [2025-05-09T13:21:41.095+0000] {dag.py:4180} INFO - Setting next_dagrun for dataset_alias_example_alias_producer_with_no_taskflow to None, run_after=None
[2025-05-09T13:21:41.099+0000] {logging_mixin.py:190} INFO - [2025-05-09T13:21:41.099+0000] {dag.py:4180} INFO - Setting next_dagrun for dataset_s3_bucket_consumer_with_no_taskflow to None, run_after=None
[2025-05-09T13:21:41.103+0000] {logging_mixin.py:190} INFO - [2025-05-09T13:21:41.102+0000] {dag.py:4180} INFO - Setting next_dagrun for dataset_s3_bucket_producer_with_no_taskflow to None, run_after=None
[2025-05-09T13:21:41.154+0000] {processor.py:208} INFO - Processing /home/airflow/.local/lib/python3.12/site-packages/airflow/example_dags/example_dataset_alias_with_no_taskflow.py took 1.197 seconds
[2025-05-09T13:22:18.264+0000] {processor.py:186} INFO - Started process (PID=1438) to work on /home/airflow/.local/lib/python3.12/site-packages/airflow/example_dags/example_dataset_alias_with_no_taskflow.py
[2025-05-09T13:22:18.266+0000] {processor.py:914} INFO - Processing file /home/airflow/.local/lib/python3.12/site-packages/airflow/example_dags/example_dataset_alias_with_no_taskflow.py for tasks to queue
[2025-05-09T13:22:18.272+0000] {logging_mixin.py:190} INFO - [2025-05-09T13:22:18.272+0000] {dagbag.py:588} INFO - Filling up the DagBag from /home/airflow/.local/lib/python3.12/site-packages/airflow/example_dags/example_dataset_alias_with_no_taskflow.py
[2025-05-09T13:22:19.400+0000] {processor.py:925} INFO - DAG(s) 'dataset_s3_bucket_consumer_with_no_taskflow', 'dataset_alias_example_alias_consumer_with_no_taskflow', 'dataset_s3_bucket_producer_with_no_taskflow', 'dataset_alias_example_alias_producer_with_no_taskflow' retrieved from /home/airflow/.local/lib/python3.12/site-packages/airflow/example_dags/example_dataset_alias_with_no_taskflow.py
[2025-05-09T13:22:19.447+0000] {logging_mixin.py:190} INFO - [2025-05-09T13:22:19.446+0000] {dag.py:3239} INFO - Sync 4 DAGs
[2025-05-09T13:22:19.494+0000] {logging_mixin.py:190} INFO - [2025-05-09T13:22:19.493+0000] {dag.py:4180} INFO - Setting next_dagrun for dataset_alias_example_alias_consumer_with_no_taskflow to None, run_after=None
[2025-05-09T13:22:19.499+0000] {logging_mixin.py:190} INFO - [2025-05-09T13:22:19.499+0000] {dag.py:4180} INFO - Setting next_dagrun for dataset_alias_example_alias_producer_with_no_taskflow to None, run_after=None
[2025-05-09T13:22:19.503+0000] {logging_mixin.py:190} INFO - [2025-05-09T13:22:19.502+0000] {dag.py:4180} INFO - Setting next_dagrun for dataset_s3_bucket_consumer_with_no_taskflow to None, run_after=None
[2025-05-09T13:22:19.507+0000] {logging_mixin.py:190} INFO - [2025-05-09T13:22:19.507+0000] {dag.py:4180} INFO - Setting next_dagrun for dataset_s3_bucket_producer_with_no_taskflow to None, run_after=None
[2025-05-09T13:22:19.564+0000] {processor.py:208} INFO - Processing /home/airflow/.local/lib/python3.12/site-packages/airflow/example_dags/example_dataset_alias_with_no_taskflow.py took 1.313 seconds
[2025-05-09T13:22:50.099+0000] {processor.py:186} INFO - Started process (PID=1515) to work on /home/airflow/.local/lib/python3.12/site-packages/airflow/example_dags/example_dataset_alias_with_no_taskflow.py
[2025-05-09T13:22:50.101+0000] {processor.py:914} INFO - Processing file /home/airflow/.local/lib/python3.12/site-packages/airflow/example_dags/example_dataset_alias_with_no_taskflow.py for tasks to queue
[2025-05-09T13:22:50.106+0000] {logging_mixin.py:190} INFO - [2025-05-09T13:22:50.105+0000] {dagbag.py:588} INFO - Filling up the DagBag from /home/airflow/.local/lib/python3.12/site-packages/airflow/example_dags/example_dataset_alias_with_no_taskflow.py
[2025-05-09T13:22:51.150+0000] {processor.py:925} INFO - DAG(s) 'dataset_alias_example_alias_producer_with_no_taskflow', 'dataset_s3_bucket_consumer_with_no_taskflow', 'dataset_s3_bucket_producer_with_no_taskflow', 'dataset_alias_example_alias_consumer_with_no_taskflow' retrieved from /home/airflow/.local/lib/python3.12/site-packages/airflow/example_dags/example_dataset_alias_with_no_taskflow.py
[2025-05-09T13:22:51.202+0000] {logging_mixin.py:190} INFO - [2025-05-09T13:22:51.201+0000] {dag.py:3239} INFO - Sync 4 DAGs
[2025-05-09T13:22:51.241+0000] {logging_mixin.py:190} INFO - [2025-05-09T13:22:51.241+0000] {dag.py:4180} INFO - Setting next_dagrun for dataset_alias_example_alias_consumer_with_no_taskflow to None, run_after=None
[2025-05-09T13:22:51.247+0000] {logging_mixin.py:190} INFO - [2025-05-09T13:22:51.246+0000] {dag.py:4180} INFO - Setting next_dagrun for dataset_alias_example_alias_producer_with_no_taskflow to None, run_after=None
[2025-05-09T13:22:51.251+0000] {logging_mixin.py:190} INFO - [2025-05-09T13:22:51.251+0000] {dag.py:4180} INFO - Setting next_dagrun for dataset_s3_bucket_consumer_with_no_taskflow to None, run_after=None
[2025-05-09T13:22:51.256+0000] {logging_mixin.py:190} INFO - [2025-05-09T13:22:51.256+0000] {dag.py:4180} INFO - Setting next_dagrun for dataset_s3_bucket_producer_with_no_taskflow to None, run_after=None
[2025-05-09T13:22:51.301+0000] {processor.py:208} INFO - Processing /home/airflow/.local/lib/python3.12/site-packages/airflow/example_dags/example_dataset_alias_with_no_taskflow.py took 1.217 seconds
[2025-05-09T13:23:21.588+0000] {processor.py:186} INFO - Started process (PID=1592) to work on /home/airflow/.local/lib/python3.12/site-packages/airflow/example_dags/example_dataset_alias_with_no_taskflow.py
[2025-05-09T13:23:21.590+0000] {processor.py:914} INFO - Processing file /home/airflow/.local/lib/python3.12/site-packages/airflow/example_dags/example_dataset_alias_with_no_taskflow.py for tasks to queue
[2025-05-09T13:23:21.596+0000] {logging_mixin.py:190} INFO - [2025-05-09T13:23:21.595+0000] {dagbag.py:588} INFO - Filling up the DagBag from /home/airflow/.local/lib/python3.12/site-packages/airflow/example_dags/example_dataset_alias_with_no_taskflow.py
[2025-05-09T13:23:22.749+0000] {processor.py:925} INFO - DAG(s) 'dataset_alias_example_alias_consumer_with_no_taskflow', 'dataset_s3_bucket_consumer_with_no_taskflow', 'dataset_s3_bucket_producer_with_no_taskflow', 'dataset_alias_example_alias_producer_with_no_taskflow' retrieved from /home/airflow/.local/lib/python3.12/site-packages/airflow/example_dags/example_dataset_alias_with_no_taskflow.py
[2025-05-09T13:23:22.790+0000] {logging_mixin.py:190} INFO - [2025-05-09T13:23:22.789+0000] {dag.py:3239} INFO - Sync 4 DAGs
[2025-05-09T13:23:22.841+0000] {logging_mixin.py:190} INFO - [2025-05-09T13:23:22.840+0000] {dag.py:4180} INFO - Setting next_dagrun for dataset_alias_example_alias_consumer_with_no_taskflow to None, run_after=None
[2025-05-09T13:23:22.846+0000] {logging_mixin.py:190} INFO - [2025-05-09T13:23:22.845+0000] {dag.py:4180} INFO - Setting next_dagrun for dataset_alias_example_alias_producer_with_no_taskflow to None, run_after=None
[2025-05-09T13:23:22.850+0000] {logging_mixin.py:190} INFO - [2025-05-09T13:23:22.849+0000] {dag.py:4180} INFO - Setting next_dagrun for dataset_s3_bucket_consumer_with_no_taskflow to None, run_after=None
[2025-05-09T13:23:22.852+0000] {logging_mixin.py:190} INFO - [2025-05-09T13:23:22.852+0000] {dag.py:4180} INFO - Setting next_dagrun for dataset_s3_bucket_producer_with_no_taskflow to None, run_after=None
[2025-05-09T13:23:22.915+0000] {processor.py:208} INFO - Processing /home/airflow/.local/lib/python3.12/site-packages/airflow/example_dags/example_dataset_alias_with_no_taskflow.py took 1.340 seconds
[2025-05-09T13:23:53.068+0000] {processor.py:186} INFO - Started process (PID=1683) to work on /home/airflow/.local/lib/python3.12/site-packages/airflow/example_dags/example_dataset_alias_with_no_taskflow.py
[2025-05-09T13:23:53.070+0000] {processor.py:914} INFO - Processing file /home/airflow/.local/lib/python3.12/site-packages/airflow/example_dags/example_dataset_alias_with_no_taskflow.py for tasks to queue
[2025-05-09T13:23:53.075+0000] {logging_mixin.py:190} INFO - [2025-05-09T13:23:53.074+0000] {dagbag.py:588} INFO - Filling up the DagBag from /home/airflow/.local/lib/python3.12/site-packages/airflow/example_dags/example_dataset_alias_with_no_taskflow.py
[2025-05-09T13:23:54.192+0000] {processor.py:925} INFO - DAG(s) 'dataset_s3_bucket_producer_with_no_taskflow', 'dataset_s3_bucket_consumer_with_no_taskflow', 'dataset_alias_example_alias_consumer_with_no_taskflow', 'dataset_alias_example_alias_producer_with_no_taskflow' retrieved from /home/airflow/.local/lib/python3.12/site-packages/airflow/example_dags/example_dataset_alias_with_no_taskflow.py
[2025-05-09T13:23:54.233+0000] {logging_mixin.py:190} INFO - [2025-05-09T13:23:54.232+0000] {dag.py:3239} INFO - Sync 4 DAGs
[2025-05-09T13:23:54.276+0000] {logging_mixin.py:190} INFO - [2025-05-09T13:23:54.276+0000] {dag.py:4180} INFO - Setting next_dagrun for dataset_alias_example_alias_consumer_with_no_taskflow to None, run_after=None
[2025-05-09T13:23:54.281+0000] {logging_mixin.py:190} INFO - [2025-05-09T13:23:54.280+0000] {dag.py:4180} INFO - Setting next_dagrun for dataset_alias_example_alias_producer_with_no_taskflow to None, run_after=None
[2025-05-09T13:23:54.284+0000] {logging_mixin.py:190} INFO - [2025-05-09T13:23:54.283+0000] {dag.py:4180} INFO - Setting next_dagrun for dataset_s3_bucket_consumer_with_no_taskflow to None, run_after=None
[2025-05-09T13:23:54.286+0000] {logging_mixin.py:190} INFO - [2025-05-09T13:23:54.286+0000] {dag.py:4180} INFO - Setting next_dagrun for dataset_s3_bucket_producer_with_no_taskflow to None, run_after=None
[2025-05-09T13:23:54.342+0000] {processor.py:208} INFO - Processing /home/airflow/.local/lib/python3.12/site-packages/airflow/example_dags/example_dataset_alias_with_no_taskflow.py took 1.287 seconds
[2025-05-09T13:24:24.834+0000] {processor.py:186} INFO - Started process (PID=1774) to work on /home/airflow/.local/lib/python3.12/site-packages/airflow/example_dags/example_dataset_alias_with_no_taskflow.py
[2025-05-09T13:24:24.836+0000] {processor.py:914} INFO - Processing file /home/airflow/.local/lib/python3.12/site-packages/airflow/example_dags/example_dataset_alias_with_no_taskflow.py for tasks to queue
[2025-05-09T13:24:24.841+0000] {logging_mixin.py:190} INFO - [2025-05-09T13:24:24.840+0000] {dagbag.py:588} INFO - Filling up the DagBag from /home/airflow/.local/lib/python3.12/site-packages/airflow/example_dags/example_dataset_alias_with_no_taskflow.py
[2025-05-09T13:24:26.017+0000] {processor.py:925} INFO - DAG(s) 'dataset_s3_bucket_consumer_with_no_taskflow', 'dataset_alias_example_alias_consumer_with_no_taskflow', 'dataset_alias_example_alias_producer_with_no_taskflow', 'dataset_s3_bucket_producer_with_no_taskflow' retrieved from /home/airflow/.local/lib/python3.12/site-packages/airflow/example_dags/example_dataset_alias_with_no_taskflow.py
[2025-05-09T13:24:26.089+0000] {logging_mixin.py:190} INFO - [2025-05-09T13:24:26.088+0000] {dag.py:3239} INFO - Sync 4 DAGs
[2025-05-09T13:24:26.142+0000] {logging_mixin.py:190} INFO - [2025-05-09T13:24:26.142+0000] {dag.py:4180} INFO - Setting next_dagrun for dataset_alias_example_alias_consumer_with_no_taskflow to None, run_after=None
[2025-05-09T13:24:26.149+0000] {logging_mixin.py:190} INFO - [2025-05-09T13:24:26.149+0000] {dag.py:4180} INFO - Setting next_dagrun for dataset_alias_example_alias_producer_with_no_taskflow to None, run_after=None
[2025-05-09T13:24:26.152+0000] {logging_mixin.py:190} INFO - [2025-05-09T13:24:26.152+0000] {dag.py:4180} INFO - Setting next_dagrun for dataset_s3_bucket_consumer_with_no_taskflow to None, run_after=None
[2025-05-09T13:24:26.156+0000] {logging_mixin.py:190} INFO - [2025-05-09T13:24:26.155+0000] {dag.py:4180} INFO - Setting next_dagrun for dataset_s3_bucket_producer_with_no_taskflow to None, run_after=None
[2025-05-09T13:24:26.200+0000] {processor.py:208} INFO - Processing /home/airflow/.local/lib/python3.12/site-packages/airflow/example_dags/example_dataset_alias_with_no_taskflow.py took 1.379 seconds
[2025-05-09T13:24:56.774+0000] {processor.py:186} INFO - Started process (PID=1871) to work on /home/airflow/.local/lib/python3.12/site-packages/airflow/example_dags/example_dataset_alias_with_no_taskflow.py
[2025-05-09T13:24:56.778+0000] {processor.py:914} INFO - Processing file /home/airflow/.local/lib/python3.12/site-packages/airflow/example_dags/example_dataset_alias_with_no_taskflow.py for tasks to queue
[2025-05-09T13:24:56.783+0000] {logging_mixin.py:190} INFO - [2025-05-09T13:24:56.782+0000] {dagbag.py:588} INFO - Filling up the DagBag from /home/airflow/.local/lib/python3.12/site-packages/airflow/example_dags/example_dataset_alias_with_no_taskflow.py
[2025-05-09T13:24:57.877+0000] {processor.py:925} INFO - DAG(s) 'dataset_alias_example_alias_producer_with_no_taskflow', 'dataset_alias_example_alias_consumer_with_no_taskflow', 'dataset_s3_bucket_consumer_with_no_taskflow', 'dataset_s3_bucket_producer_with_no_taskflow' retrieved from /home/airflow/.local/lib/python3.12/site-packages/airflow/example_dags/example_dataset_alias_with_no_taskflow.py
[2025-05-09T13:24:57.920+0000] {logging_mixin.py:190} INFO - [2025-05-09T13:24:57.919+0000] {dag.py:3239} INFO - Sync 4 DAGs
[2025-05-09T13:24:57.966+0000] {logging_mixin.py:190} INFO - [2025-05-09T13:24:57.965+0000] {dag.py:4180} INFO - Setting next_dagrun for dataset_alias_example_alias_consumer_with_no_taskflow to None, run_after=None
[2025-05-09T13:24:57.971+0000] {logging_mixin.py:190} INFO - [2025-05-09T13:24:57.971+0000] {dag.py:4180} INFO - Setting next_dagrun for dataset_alias_example_alias_producer_with_no_taskflow to None, run_after=None
[2025-05-09T13:24:57.975+0000] {logging_mixin.py:190} INFO - [2025-05-09T13:24:57.974+0000] {dag.py:4180} INFO - Setting next_dagrun for dataset_s3_bucket_consumer_with_no_taskflow to None, run_after=None
[2025-05-09T13:24:57.978+0000] {logging_mixin.py:190} INFO - [2025-05-09T13:24:57.977+0000] {dag.py:4180} INFO - Setting next_dagrun for dataset_s3_bucket_producer_with_no_taskflow to None, run_after=None
[2025-05-09T13:24:58.034+0000] {processor.py:208} INFO - Processing /home/airflow/.local/lib/python3.12/site-packages/airflow/example_dags/example_dataset_alias_with_no_taskflow.py took 1.271 seconds
[2025-05-09T13:25:29.076+0000] {processor.py:186} INFO - Started process (PID=1981) to work on /home/airflow/.local/lib/python3.12/site-packages/airflow/example_dags/example_dataset_alias_with_no_taskflow.py
[2025-05-09T13:25:29.078+0000] {processor.py:914} INFO - Processing file /home/airflow/.local/lib/python3.12/site-packages/airflow/example_dags/example_dataset_alias_with_no_taskflow.py for tasks to queue
[2025-05-09T13:25:29.083+0000] {logging_mixin.py:190} INFO - [2025-05-09T13:25:29.082+0000] {dagbag.py:588} INFO - Filling up the DagBag from /home/airflow/.local/lib/python3.12/site-packages/airflow/example_dags/example_dataset_alias_with_no_taskflow.py
[2025-05-09T13:25:30.109+0000] {processor.py:925} INFO - DAG(s) 'dataset_alias_example_alias_producer_with_no_taskflow', 'dataset_alias_example_alias_consumer_with_no_taskflow', 'dataset_s3_bucket_producer_with_no_taskflow', 'dataset_s3_bucket_consumer_with_no_taskflow' retrieved from /home/airflow/.local/lib/python3.12/site-packages/airflow/example_dags/example_dataset_alias_with_no_taskflow.py
[2025-05-09T13:25:30.154+0000] {logging_mixin.py:190} INFO - [2025-05-09T13:25:30.153+0000] {dag.py:3239} INFO - Sync 4 DAGs
[2025-05-09T13:25:30.202+0000] {logging_mixin.py:190} INFO - [2025-05-09T13:25:30.202+0000] {dag.py:4180} INFO - Setting next_dagrun for dataset_alias_example_alias_consumer_with_no_taskflow to None, run_after=None
[2025-05-09T13:25:30.211+0000] {logging_mixin.py:190} INFO - [2025-05-09T13:25:30.210+0000] {dag.py:4180} INFO - Setting next_dagrun for dataset_alias_example_alias_producer_with_no_taskflow to None, run_after=None
[2025-05-09T13:25:30.216+0000] {logging_mixin.py:190} INFO - [2025-05-09T13:25:30.215+0000] {dag.py:4180} INFO - Setting next_dagrun for dataset_s3_bucket_consumer_with_no_taskflow to None, run_after=None
[2025-05-09T13:25:30.219+0000] {logging_mixin.py:190} INFO - [2025-05-09T13:25:30.219+0000] {dag.py:4180} INFO - Setting next_dagrun for dataset_s3_bucket_producer_with_no_taskflow to None, run_after=None
[2025-05-09T13:25:30.265+0000] {processor.py:208} INFO - Processing /home/airflow/.local/lib/python3.12/site-packages/airflow/example_dags/example_dataset_alias_with_no_taskflow.py took 1.201 seconds
[2025-05-09T13:26:00.407+0000] {processor.py:186} INFO - Started process (PID=2072) to work on /home/airflow/.local/lib/python3.12/site-packages/airflow/example_dags/example_dataset_alias_with_no_taskflow.py
[2025-05-09T13:26:00.410+0000] {processor.py:914} INFO - Processing file /home/airflow/.local/lib/python3.12/site-packages/airflow/example_dags/example_dataset_alias_with_no_taskflow.py for tasks to queue
[2025-05-09T13:26:00.417+0000] {logging_mixin.py:190} INFO - [2025-05-09T13:26:00.416+0000] {dagbag.py:588} INFO - Filling up the DagBag from /home/airflow/.local/lib/python3.12/site-packages/airflow/example_dags/example_dataset_alias_with_no_taskflow.py
[2025-05-09T13:26:01.479+0000] {processor.py:925} INFO - DAG(s) 'dataset_s3_bucket_consumer_with_no_taskflow', 'dataset_alias_example_alias_producer_with_no_taskflow', 'dataset_s3_bucket_producer_with_no_taskflow', 'dataset_alias_example_alias_consumer_with_no_taskflow' retrieved from /home/airflow/.local/lib/python3.12/site-packages/airflow/example_dags/example_dataset_alias_with_no_taskflow.py
[2025-05-09T13:26:01.528+0000] {logging_mixin.py:190} INFO - [2025-05-09T13:26:01.525+0000] {dag.py:3239} INFO - Sync 4 DAGs
[2025-05-09T13:26:01.595+0000] {logging_mixin.py:190} INFO - [2025-05-09T13:26:01.595+0000] {dag.py:4180} INFO - Setting next_dagrun for dataset_alias_example_alias_consumer_with_no_taskflow to None, run_after=None
[2025-05-09T13:26:01.603+0000] {logging_mixin.py:190} INFO - [2025-05-09T13:26:01.603+0000] {dag.py:4180} INFO - Setting next_dagrun for dataset_alias_example_alias_producer_with_no_taskflow to None, run_after=None
[2025-05-09T13:26:01.607+0000] {logging_mixin.py:190} INFO - [2025-05-09T13:26:01.607+0000] {dag.py:4180} INFO - Setting next_dagrun for dataset_s3_bucket_consumer_with_no_taskflow to None, run_after=None
[2025-05-09T13:26:01.610+0000] {logging_mixin.py:190} INFO - [2025-05-09T13:26:01.610+0000] {dag.py:4180} INFO - Setting next_dagrun for dataset_s3_bucket_producer_with_no_taskflow to None, run_after=None
[2025-05-09T13:26:01.658+0000] {processor.py:208} INFO - Processing /home/airflow/.local/lib/python3.12/site-packages/airflow/example_dags/example_dataset_alias_with_no_taskflow.py took 1.265 seconds
[2025-05-09T13:26:32.022+0000] {processor.py:186} INFO - Started process (PID=2168) to work on /home/airflow/.local/lib/python3.12/site-packages/airflow/example_dags/example_dataset_alias_with_no_taskflow.py
[2025-05-09T13:26:32.026+0000] {processor.py:914} INFO - Processing file /home/airflow/.local/lib/python3.12/site-packages/airflow/example_dags/example_dataset_alias_with_no_taskflow.py for tasks to queue
[2025-05-09T13:26:32.033+0000] {logging_mixin.py:190} INFO - [2025-05-09T13:26:32.032+0000] {dagbag.py:588} INFO - Filling up the DagBag from /home/airflow/.local/lib/python3.12/site-packages/airflow/example_dags/example_dataset_alias_with_no_taskflow.py
[2025-05-09T13:26:33.120+0000] {processor.py:925} INFO - DAG(s) 'dataset_alias_example_alias_producer_with_no_taskflow', 'dataset_s3_bucket_consumer_with_no_taskflow', 'dataset_alias_example_alias_consumer_with_no_taskflow', 'dataset_s3_bucket_producer_with_no_taskflow' retrieved from /home/airflow/.local/lib/python3.12/site-packages/airflow/example_dags/example_dataset_alias_with_no_taskflow.py
[2025-05-09T13:26:33.173+0000] {logging_mixin.py:190} INFO - [2025-05-09T13:26:33.171+0000] {dag.py:3239} INFO - Sync 4 DAGs
[2025-05-09T13:26:33.232+0000] {logging_mixin.py:190} INFO - [2025-05-09T13:26:33.232+0000] {dag.py:4180} INFO - Setting next_dagrun for dataset_alias_example_alias_consumer_with_no_taskflow to None, run_after=None
[2025-05-09T13:26:33.238+0000] {logging_mixin.py:190} INFO - [2025-05-09T13:26:33.237+0000] {dag.py:4180} INFO - Setting next_dagrun for dataset_alias_example_alias_producer_with_no_taskflow to None, run_after=None
[2025-05-09T13:26:33.243+0000] {logging_mixin.py:190} INFO - [2025-05-09T13:26:33.242+0000] {dag.py:4180} INFO - Setting next_dagrun for dataset_s3_bucket_consumer_with_no_taskflow to None, run_after=None
[2025-05-09T13:26:33.247+0000] {logging_mixin.py:190} INFO - [2025-05-09T13:26:33.247+0000] {dag.py:4180} INFO - Setting next_dagrun for dataset_s3_bucket_producer_with_no_taskflow to None, run_after=None
[2025-05-09T13:26:33.298+0000] {processor.py:208} INFO - Processing /home/airflow/.local/lib/python3.12/site-packages/airflow/example_dags/example_dataset_alias_with_no_taskflow.py took 1.287 seconds
[2025-05-09T13:27:03.696+0000] {processor.py:186} INFO - Started process (PID=2262) to work on /home/airflow/.local/lib/python3.12/site-packages/airflow/example_dags/example_dataset_alias_with_no_taskflow.py
[2025-05-09T13:27:03.699+0000] {processor.py:914} INFO - Processing file /home/airflow/.local/lib/python3.12/site-packages/airflow/example_dags/example_dataset_alias_with_no_taskflow.py for tasks to queue
[2025-05-09T13:27:03.705+0000] {logging_mixin.py:190} INFO - [2025-05-09T13:27:03.704+0000] {dagbag.py:588} INFO - Filling up the DagBag from /home/airflow/.local/lib/python3.12/site-packages/airflow/example_dags/example_dataset_alias_with_no_taskflow.py
[2025-05-09T13:27:04.834+0000] {processor.py:925} INFO - DAG(s) 'dataset_s3_bucket_consumer_with_no_taskflow', 'dataset_alias_example_alias_producer_with_no_taskflow', 'dataset_s3_bucket_producer_with_no_taskflow', 'dataset_alias_example_alias_consumer_with_no_taskflow' retrieved from /home/airflow/.local/lib/python3.12/site-packages/airflow/example_dags/example_dataset_alias_with_no_taskflow.py
[2025-05-09T13:27:04.875+0000] {logging_mixin.py:190} INFO - [2025-05-09T13:27:04.874+0000] {dag.py:3239} INFO - Sync 4 DAGs
[2025-05-09T13:27:04.919+0000] {logging_mixin.py:190} INFO - [2025-05-09T13:27:04.918+0000] {dag.py:4180} INFO - Setting next_dagrun for dataset_alias_example_alias_consumer_with_no_taskflow to None, run_after=None
[2025-05-09T13:27:04.924+0000] {logging_mixin.py:190} INFO - [2025-05-09T13:27:04.924+0000] {dag.py:4180} INFO - Setting next_dagrun for dataset_alias_example_alias_producer_with_no_taskflow to None, run_after=None
[2025-05-09T13:27:04.927+0000] {logging_mixin.py:190} INFO - [2025-05-09T13:27:04.927+0000] {dag.py:4180} INFO - Setting next_dagrun for dataset_s3_bucket_consumer_with_no_taskflow to None, run_after=None
[2025-05-09T13:27:04.930+0000] {logging_mixin.py:190} INFO - [2025-05-09T13:27:04.930+0000] {dag.py:4180} INFO - Setting next_dagrun for dataset_s3_bucket_producer_with_no_taskflow to None, run_after=None
[2025-05-09T13:27:04.992+0000] {processor.py:208} INFO - Processing /home/airflow/.local/lib/python3.12/site-packages/airflow/example_dags/example_dataset_alias_with_no_taskflow.py took 1.306 seconds
[2025-05-09T13:27:35.705+0000] {processor.py:186} INFO - Started process (PID=2361) to work on /home/airflow/.local/lib/python3.12/site-packages/airflow/example_dags/example_dataset_alias_with_no_taskflow.py
[2025-05-09T13:27:35.706+0000] {processor.py:914} INFO - Processing file /home/airflow/.local/lib/python3.12/site-packages/airflow/example_dags/example_dataset_alias_with_no_taskflow.py for tasks to queue
[2025-05-09T13:27:35.711+0000] {logging_mixin.py:190} INFO - [2025-05-09T13:27:35.710+0000] {dagbag.py:588} INFO - Filling up the DagBag from /home/airflow/.local/lib/python3.12/site-packages/airflow/example_dags/example_dataset_alias_with_no_taskflow.py
[2025-05-09T13:27:36.801+0000] {processor.py:925} INFO - DAG(s) 'dataset_s3_bucket_consumer_with_no_taskflow', 'dataset_alias_example_alias_consumer_with_no_taskflow', 'dataset_alias_example_alias_producer_with_no_taskflow', 'dataset_s3_bucket_producer_with_no_taskflow' retrieved from /home/airflow/.local/lib/python3.12/site-packages/airflow/example_dags/example_dataset_alias_with_no_taskflow.py
[2025-05-09T13:27:36.847+0000] {logging_mixin.py:190} INFO - [2025-05-09T13:27:36.846+0000] {dag.py:3239} INFO - Sync 4 DAGs
[2025-05-09T13:27:36.894+0000] {logging_mixin.py:190} INFO - [2025-05-09T13:27:36.893+0000] {dag.py:4180} INFO - Setting next_dagrun for dataset_alias_example_alias_consumer_with_no_taskflow to None, run_after=None
[2025-05-09T13:27:36.900+0000] {logging_mixin.py:190} INFO - [2025-05-09T13:27:36.899+0000] {dag.py:4180} INFO - Setting next_dagrun for dataset_alias_example_alias_producer_with_no_taskflow to None, run_after=None
[2025-05-09T13:27:36.906+0000] {logging_mixin.py:190} INFO - [2025-05-09T13:27:36.905+0000] {dag.py:4180} INFO - Setting next_dagrun for dataset_s3_bucket_consumer_with_no_taskflow to None, run_after=None
[2025-05-09T13:27:36.908+0000] {logging_mixin.py:190} INFO - [2025-05-09T13:27:36.908+0000] {dag.py:4180} INFO - Setting next_dagrun for dataset_s3_bucket_producer_with_no_taskflow to None, run_after=None
[2025-05-09T13:27:36.958+0000] {processor.py:208} INFO - Processing /home/airflow/.local/lib/python3.12/site-packages/airflow/example_dags/example_dataset_alias_with_no_taskflow.py took 1.265 seconds
[2025-05-09T13:28:08.334+0000] {processor.py:186} INFO - Started process (PID=2456) to work on /home/airflow/.local/lib/python3.12/site-packages/airflow/example_dags/example_dataset_alias_with_no_taskflow.py
[2025-05-09T13:28:08.336+0000] {processor.py:914} INFO - Processing file /home/airflow/.local/lib/python3.12/site-packages/airflow/example_dags/example_dataset_alias_with_no_taskflow.py for tasks to queue
[2025-05-09T13:28:08.340+0000] {logging_mixin.py:190} INFO - [2025-05-09T13:28:08.340+0000] {dagbag.py:588} INFO - Filling up the DagBag from /home/airflow/.local/lib/python3.12/site-packages/airflow/example_dags/example_dataset_alias_with_no_taskflow.py
[2025-05-09T13:28:09.467+0000] {processor.py:925} INFO - DAG(s) 'dataset_alias_example_alias_producer_with_no_taskflow', 'dataset_s3_bucket_consumer_with_no_taskflow', 'dataset_s3_bucket_producer_with_no_taskflow', 'dataset_alias_example_alias_consumer_with_no_taskflow' retrieved from /home/airflow/.local/lib/python3.12/site-packages/airflow/example_dags/example_dataset_alias_with_no_taskflow.py
[2025-05-09T13:28:09.525+0000] {logging_mixin.py:190} INFO - [2025-05-09T13:28:09.524+0000] {dag.py:3239} INFO - Sync 4 DAGs
[2025-05-09T13:28:09.581+0000] {logging_mixin.py:190} INFO - [2025-05-09T13:28:09.581+0000] {dag.py:4180} INFO - Setting next_dagrun for dataset_alias_example_alias_consumer_with_no_taskflow to None, run_after=None
[2025-05-09T13:28:09.588+0000] {logging_mixin.py:190} INFO - [2025-05-09T13:28:09.587+0000] {dag.py:4180} INFO - Setting next_dagrun for dataset_alias_example_alias_producer_with_no_taskflow to None, run_after=None
[2025-05-09T13:28:09.592+0000] {logging_mixin.py:190} INFO - [2025-05-09T13:28:09.591+0000] {dag.py:4180} INFO - Setting next_dagrun for dataset_s3_bucket_consumer_with_no_taskflow to None, run_after=None
[2025-05-09T13:28:09.596+0000] {logging_mixin.py:190} INFO - [2025-05-09T13:28:09.596+0000] {dag.py:4180} INFO - Setting next_dagrun for dataset_s3_bucket_producer_with_no_taskflow to None, run_after=None
[2025-05-09T13:28:09.640+0000] {processor.py:208} INFO - Processing /home/airflow/.local/lib/python3.12/site-packages/airflow/example_dags/example_dataset_alias_with_no_taskflow.py took 1.317 seconds
[2025-05-09T13:28:40.151+0000] {processor.py:186} INFO - Started process (PID=2548) to work on /home/airflow/.local/lib/python3.12/site-packages/airflow/example_dags/example_dataset_alias_with_no_taskflow.py
[2025-05-09T13:28:40.153+0000] {processor.py:914} INFO - Processing file /home/airflow/.local/lib/python3.12/site-packages/airflow/example_dags/example_dataset_alias_with_no_taskflow.py for tasks to queue
[2025-05-09T13:28:40.158+0000] {logging_mixin.py:190} INFO - [2025-05-09T13:28:40.157+0000] {dagbag.py:588} INFO - Filling up the DagBag from /home/airflow/.local/lib/python3.12/site-packages/airflow/example_dags/example_dataset_alias_with_no_taskflow.py
[2025-05-09T13:28:41.257+0000] {processor.py:925} INFO - DAG(s) 'dataset_alias_example_alias_consumer_with_no_taskflow', 'dataset_s3_bucket_consumer_with_no_taskflow', 'dataset_s3_bucket_producer_with_no_taskflow', 'dataset_alias_example_alias_producer_with_no_taskflow' retrieved from /home/airflow/.local/lib/python3.12/site-packages/airflow/example_dags/example_dataset_alias_with_no_taskflow.py
[2025-05-09T13:28:41.313+0000] {logging_mixin.py:190} INFO - [2025-05-09T13:28:41.311+0000] {dag.py:3239} INFO - Sync 4 DAGs
[2025-05-09T13:28:41.359+0000] {logging_mixin.py:190} INFO - [2025-05-09T13:28:41.358+0000] {dag.py:4180} INFO - Setting next_dagrun for dataset_alias_example_alias_consumer_with_no_taskflow to None, run_after=None
[2025-05-09T13:28:41.365+0000] {logging_mixin.py:190} INFO - [2025-05-09T13:28:41.365+0000] {dag.py:4180} INFO - Setting next_dagrun for dataset_alias_example_alias_producer_with_no_taskflow to None, run_after=None
[2025-05-09T13:28:41.369+0000] {logging_mixin.py:190} INFO - [2025-05-09T13:28:41.368+0000] {dag.py:4180} INFO - Setting next_dagrun for dataset_s3_bucket_consumer_with_no_taskflow to None, run_after=None
[2025-05-09T13:28:41.372+0000] {logging_mixin.py:190} INFO - [2025-05-09T13:28:41.371+0000] {dag.py:4180} INFO - Setting next_dagrun for dataset_s3_bucket_producer_with_no_taskflow to None, run_after=None
[2025-05-09T13:28:41.415+0000] {processor.py:208} INFO - Processing /home/airflow/.local/lib/python3.12/site-packages/airflow/example_dags/example_dataset_alias_with_no_taskflow.py took 1.275 seconds
[2025-05-09T13:29:11.589+0000] {processor.py:186} INFO - Started process (PID=2626) to work on /home/airflow/.local/lib/python3.12/site-packages/airflow/example_dags/example_dataset_alias_with_no_taskflow.py
[2025-05-09T13:29:11.591+0000] {processor.py:914} INFO - Processing file /home/airflow/.local/lib/python3.12/site-packages/airflow/example_dags/example_dataset_alias_with_no_taskflow.py for tasks to queue
[2025-05-09T13:29:11.596+0000] {logging_mixin.py:190} INFO - [2025-05-09T13:29:11.595+0000] {dagbag.py:588} INFO - Filling up the DagBag from /home/airflow/.local/lib/python3.12/site-packages/airflow/example_dags/example_dataset_alias_with_no_taskflow.py
[2025-05-09T13:29:12.782+0000] {processor.py:925} INFO - DAG(s) 'dataset_alias_example_alias_consumer_with_no_taskflow', 'dataset_s3_bucket_producer_with_no_taskflow', 'dataset_s3_bucket_consumer_with_no_taskflow', 'dataset_alias_example_alias_producer_with_no_taskflow' retrieved from /home/airflow/.local/lib/python3.12/site-packages/airflow/example_dags/example_dataset_alias_with_no_taskflow.py
[2025-05-09T13:29:12.836+0000] {logging_mixin.py:190} INFO - [2025-05-09T13:29:12.835+0000] {dag.py:3239} INFO - Sync 4 DAGs
[2025-05-09T13:29:12.886+0000] {logging_mixin.py:190} INFO - [2025-05-09T13:29:12.885+0000] {dag.py:4180} INFO - Setting next_dagrun for dataset_alias_example_alias_consumer_with_no_taskflow to None, run_after=None
[2025-05-09T13:29:12.892+0000] {logging_mixin.py:190} INFO - [2025-05-09T13:29:12.892+0000] {dag.py:4180} INFO - Setting next_dagrun for dataset_alias_example_alias_producer_with_no_taskflow to None, run_after=None
[2025-05-09T13:29:12.897+0000] {logging_mixin.py:190} INFO - [2025-05-09T13:29:12.896+0000] {dag.py:4180} INFO - Setting next_dagrun for dataset_s3_bucket_consumer_with_no_taskflow to None, run_after=None
[2025-05-09T13:29:12.901+0000] {logging_mixin.py:190} INFO - [2025-05-09T13:29:12.901+0000] {dag.py:4180} INFO - Setting next_dagrun for dataset_s3_bucket_producer_with_no_taskflow to None, run_after=None
[2025-05-09T13:29:12.947+0000] {processor.py:208} INFO - Processing /home/airflow/.local/lib/python3.12/site-packages/airflow/example_dags/example_dataset_alias_with_no_taskflow.py took 1.372 seconds
[2025-05-09T13:29:43.073+0000] {processor.py:186} INFO - Started process (PID=2716) to work on /home/airflow/.local/lib/python3.12/site-packages/airflow/example_dags/example_dataset_alias_with_no_taskflow.py
[2025-05-09T13:29:43.076+0000] {processor.py:914} INFO - Processing file /home/airflow/.local/lib/python3.12/site-packages/airflow/example_dags/example_dataset_alias_with_no_taskflow.py for tasks to queue
[2025-05-09T13:29:43.082+0000] {logging_mixin.py:190} INFO - [2025-05-09T13:29:43.081+0000] {dagbag.py:588} INFO - Filling up the DagBag from /home/airflow/.local/lib/python3.12/site-packages/airflow/example_dags/example_dataset_alias_with_no_taskflow.py
[2025-05-09T13:29:44.163+0000] {processor.py:925} INFO - DAG(s) 'dataset_s3_bucket_consumer_with_no_taskflow', 'dataset_alias_example_alias_consumer_with_no_taskflow', 'dataset_alias_example_alias_producer_with_no_taskflow', 'dataset_s3_bucket_producer_with_no_taskflow' retrieved from /home/airflow/.local/lib/python3.12/site-packages/airflow/example_dags/example_dataset_alias_with_no_taskflow.py
[2025-05-09T13:29:44.206+0000] {logging_mixin.py:190} INFO - [2025-05-09T13:29:44.206+0000] {dag.py:3239} INFO - Sync 4 DAGs
[2025-05-09T13:29:44.252+0000] {logging_mixin.py:190} INFO - [2025-05-09T13:29:44.251+0000] {dag.py:4180} INFO - Setting next_dagrun for dataset_alias_example_alias_consumer_with_no_taskflow to None, run_after=None
[2025-05-09T13:29:44.258+0000] {logging_mixin.py:190} INFO - [2025-05-09T13:29:44.258+0000] {dag.py:4180} INFO - Setting next_dagrun for dataset_alias_example_alias_producer_with_no_taskflow to None, run_after=None
[2025-05-09T13:29:44.262+0000] {logging_mixin.py:190} INFO - [2025-05-09T13:29:44.262+0000] {dag.py:4180} INFO - Setting next_dagrun for dataset_s3_bucket_consumer_with_no_taskflow to None, run_after=None
[2025-05-09T13:29:44.266+0000] {logging_mixin.py:190} INFO - [2025-05-09T13:29:44.265+0000] {dag.py:4180} INFO - Setting next_dagrun for dataset_s3_bucket_producer_with_no_taskflow to None, run_after=None
[2025-05-09T13:29:44.311+0000] {processor.py:208} INFO - Processing /home/airflow/.local/lib/python3.12/site-packages/airflow/example_dags/example_dataset_alias_with_no_taskflow.py took 1.252 seconds
[2025-05-09T13:30:14.716+0000] {processor.py:186} INFO - Started process (PID=2807) to work on /home/airflow/.local/lib/python3.12/site-packages/airflow/example_dags/example_dataset_alias_with_no_taskflow.py
[2025-05-09T13:30:14.719+0000] {processor.py:914} INFO - Processing file /home/airflow/.local/lib/python3.12/site-packages/airflow/example_dags/example_dataset_alias_with_no_taskflow.py for tasks to queue
[2025-05-09T13:30:14.723+0000] {logging_mixin.py:190} INFO - [2025-05-09T13:30:14.722+0000] {dagbag.py:588} INFO - Filling up the DagBag from /home/airflow/.local/lib/python3.12/site-packages/airflow/example_dags/example_dataset_alias_with_no_taskflow.py
[2025-05-09T13:30:15.824+0000] {processor.py:925} INFO - DAG(s) 'dataset_s3_bucket_producer_with_no_taskflow', 'dataset_alias_example_alias_producer_with_no_taskflow', 'dataset_s3_bucket_consumer_with_no_taskflow', 'dataset_alias_example_alias_consumer_with_no_taskflow' retrieved from /home/airflow/.local/lib/python3.12/site-packages/airflow/example_dags/example_dataset_alias_with_no_taskflow.py
[2025-05-09T13:30:15.874+0000] {logging_mixin.py:190} INFO - [2025-05-09T13:30:15.873+0000] {dag.py:3239} INFO - Sync 4 DAGs
[2025-05-09T13:30:15.922+0000] {logging_mixin.py:190} INFO - [2025-05-09T13:30:15.922+0000] {dag.py:4180} INFO - Setting next_dagrun for dataset_alias_example_alias_consumer_with_no_taskflow to None, run_after=None
[2025-05-09T13:30:15.927+0000] {logging_mixin.py:190} INFO - [2025-05-09T13:30:15.927+0000] {dag.py:4180} INFO - Setting next_dagrun for dataset_alias_example_alias_producer_with_no_taskflow to None, run_after=None
[2025-05-09T13:30:15.931+0000] {logging_mixin.py:190} INFO - [2025-05-09T13:30:15.931+0000] {dag.py:4180} INFO - Setting next_dagrun for dataset_s3_bucket_consumer_with_no_taskflow to None, run_after=None
[2025-05-09T13:30:15.934+0000] {logging_mixin.py:190} INFO - [2025-05-09T13:30:15.933+0000] {dag.py:4180} INFO - Setting next_dagrun for dataset_s3_bucket_producer_with_no_taskflow to None, run_after=None
[2025-05-09T13:30:15.979+0000] {processor.py:208} INFO - Processing /home/airflow/.local/lib/python3.12/site-packages/airflow/example_dags/example_dataset_alias_with_no_taskflow.py took 1.276 seconds
[2025-05-09T13:30:46.395+0000] {processor.py:186} INFO - Started process (PID=2900) to work on /home/airflow/.local/lib/python3.12/site-packages/airflow/example_dags/example_dataset_alias_with_no_taskflow.py
[2025-05-09T13:30:46.398+0000] {processor.py:914} INFO - Processing file /home/airflow/.local/lib/python3.12/site-packages/airflow/example_dags/example_dataset_alias_with_no_taskflow.py for tasks to queue
[2025-05-09T13:30:46.403+0000] {logging_mixin.py:190} INFO - [2025-05-09T13:30:46.402+0000] {dagbag.py:588} INFO - Filling up the DagBag from /home/airflow/.local/lib/python3.12/site-packages/airflow/example_dags/example_dataset_alias_with_no_taskflow.py
[2025-05-09T13:30:47.514+0000] {processor.py:925} INFO - DAG(s) 'dataset_s3_bucket_consumer_with_no_taskflow', 'dataset_s3_bucket_producer_with_no_taskflow', 'dataset_alias_example_alias_consumer_with_no_taskflow', 'dataset_alias_example_alias_producer_with_no_taskflow' retrieved from /home/airflow/.local/lib/python3.12/site-packages/airflow/example_dags/example_dataset_alias_with_no_taskflow.py
[2025-05-09T13:30:47.555+0000] {logging_mixin.py:190} INFO - [2025-05-09T13:30:47.554+0000] {dag.py:3239} INFO - Sync 4 DAGs
[2025-05-09T13:30:47.601+0000] {logging_mixin.py:190} INFO - [2025-05-09T13:30:47.601+0000] {dag.py:4180} INFO - Setting next_dagrun for dataset_alias_example_alias_consumer_with_no_taskflow to None, run_after=None
[2025-05-09T13:30:47.608+0000] {logging_mixin.py:190} INFO - [2025-05-09T13:30:47.607+0000] {dag.py:4180} INFO - Setting next_dagrun for dataset_alias_example_alias_producer_with_no_taskflow to None, run_after=None
[2025-05-09T13:30:47.611+0000] {logging_mixin.py:190} INFO - [2025-05-09T13:30:47.611+0000] {dag.py:4180} INFO - Setting next_dagrun for dataset_s3_bucket_consumer_with_no_taskflow to None, run_after=None
[2025-05-09T13:30:47.615+0000] {logging_mixin.py:190} INFO - [2025-05-09T13:30:47.615+0000] {dag.py:4180} INFO - Setting next_dagrun for dataset_s3_bucket_producer_with_no_taskflow to None, run_after=None
[2025-05-09T13:30:47.675+0000] {processor.py:208} INFO - Processing /home/airflow/.local/lib/python3.12/site-packages/airflow/example_dags/example_dataset_alias_with_no_taskflow.py took 1.291 seconds
