[2025-05-09T13:14:48.967+0000] {processor.py:186} INFO - Started process (PID=145) to work on /home/airflow/.local/lib/python3.12/site-packages/airflow/example_dags/example_bash_decorator.py
[2025-05-09T13:14:48.969+0000] {processor.py:914} INFO - Processing file /home/airflow/.local/lib/python3.12/site-packages/airflow/example_dags/example_bash_decorator.py for tasks to queue
[2025-05-09T13:14:48.975+0000] {logging_mixin.py:190} INFO - [2025-05-09T13:14:48.975+0000] {dagbag.py:588} INFO - Filling up the DagBag from /home/airflow/.local/lib/python3.12/site-packages/airflow/example_dags/example_bash_decorator.py
[2025-05-09T13:14:49.003+0000] {processor.py:925} INFO - DAG(s) 'example_bash_decorator' retrieved from /home/airflow/.local/lib/python3.12/site-packages/airflow/example_dags/example_bash_decorator.py
[2025-05-09T13:14:49.272+0000] {logging_mixin.py:190} INFO - [2025-05-09T13:14:49.271+0000] {dag.py:3239} INFO - Sync 1 DAGs
[2025-05-09T13:14:49.297+0000] {logging_mixin.py:190} INFO - [2025-05-09T13:14:49.296+0000] {dag.py:4180} INFO - Setting next_dagrun for example_bash_decorator to None, run_after=None
[2025-05-09T13:14:49.362+0000] {processor.py:208} INFO - Processing /home/airflow/.local/lib/python3.12/site-packages/airflow/example_dags/example_bash_decorator.py took 0.409 seconds
[2025-05-09T13:15:19.421+0000] {processor.py:186} INFO - Started process (PID=222) to work on /home/airflow/.local/lib/python3.12/site-packages/airflow/example_dags/example_bash_decorator.py
[2025-05-09T13:15:19.423+0000] {processor.py:914} INFO - Processing file /home/airflow/.local/lib/python3.12/site-packages/airflow/example_dags/example_bash_decorator.py for tasks to queue
[2025-05-09T13:15:19.429+0000] {logging_mixin.py:190} INFO - [2025-05-09T13:15:19.428+0000] {dagbag.py:588} INFO - Filling up the DagBag from /home/airflow/.local/lib/python3.12/site-packages/airflow/example_dags/example_bash_decorator.py
[2025-05-09T13:15:19.460+0000] {processor.py:925} INFO - DAG(s) 'example_bash_decorator' retrieved from /home/airflow/.local/lib/python3.12/site-packages/airflow/example_dags/example_bash_decorator.py
[2025-05-09T13:15:19.512+0000] {logging_mixin.py:190} INFO - [2025-05-09T13:15:19.511+0000] {dag.py:3239} INFO - Sync 1 DAGs
[2025-05-09T13:15:19.542+0000] {logging_mixin.py:190} INFO - [2025-05-09T13:15:19.542+0000] {dag.py:4180} INFO - Setting next_dagrun for example_bash_decorator to None, run_after=None
[2025-05-09T13:15:19.596+0000] {processor.py:208} INFO - Processing /home/airflow/.local/lib/python3.12/site-packages/airflow/example_dags/example_bash_decorator.py took 0.186 seconds
[2025-05-09T13:15:49.968+0000] {processor.py:186} INFO - Started process (PID=312) to work on /home/airflow/.local/lib/python3.12/site-packages/airflow/example_dags/example_bash_decorator.py
[2025-05-09T13:15:49.970+0000] {processor.py:914} INFO - Processing file /home/airflow/.local/lib/python3.12/site-packages/airflow/example_dags/example_bash_decorator.py for tasks to queue
[2025-05-09T13:15:49.975+0000] {logging_mixin.py:190} INFO - [2025-05-09T13:15:49.974+0000] {dagbag.py:588} INFO - Filling up the DagBag from /home/airflow/.local/lib/python3.12/site-packages/airflow/example_dags/example_bash_decorator.py
[2025-05-09T13:15:50.005+0000] {processor.py:925} INFO - DAG(s) 'example_bash_decorator' retrieved from /home/airflow/.local/lib/python3.12/site-packages/airflow/example_dags/example_bash_decorator.py
[2025-05-09T13:15:50.053+0000] {logging_mixin.py:190} INFO - [2025-05-09T13:15:50.053+0000] {dag.py:3239} INFO - Sync 1 DAGs
[2025-05-09T13:15:50.081+0000] {logging_mixin.py:190} INFO - [2025-05-09T13:15:50.081+0000] {dag.py:4180} INFO - Setting next_dagrun for example_bash_decorator to None, run_after=None
[2025-05-09T13:15:50.121+0000] {processor.py:208} INFO - Processing /home/airflow/.local/lib/python3.12/site-packages/airflow/example_dags/example_bash_decorator.py took 0.163 seconds
[2025-05-09T13:16:20.564+0000] {processor.py:186} INFO - Started process (PID=403) to work on /home/airflow/.local/lib/python3.12/site-packages/airflow/example_dags/example_bash_decorator.py
[2025-05-09T13:16:20.566+0000] {processor.py:914} INFO - Processing file /home/airflow/.local/lib/python3.12/site-packages/airflow/example_dags/example_bash_decorator.py for tasks to queue
[2025-05-09T13:16:20.571+0000] {logging_mixin.py:190} INFO - [2025-05-09T13:16:20.571+0000] {dagbag.py:588} INFO - Filling up the DagBag from /home/airflow/.local/lib/python3.12/site-packages/airflow/example_dags/example_bash_decorator.py
[2025-05-09T13:16:20.603+0000] {processor.py:925} INFO - DAG(s) 'example_bash_decorator' retrieved from /home/airflow/.local/lib/python3.12/site-packages/airflow/example_dags/example_bash_decorator.py
[2025-05-09T13:16:20.661+0000] {logging_mixin.py:190} INFO - [2025-05-09T13:16:20.660+0000] {dag.py:3239} INFO - Sync 1 DAGs
[2025-05-09T13:16:20.693+0000] {logging_mixin.py:190} INFO - [2025-05-09T13:16:20.692+0000] {dag.py:4180} INFO - Setting next_dagrun for example_bash_decorator to None, run_after=None
[2025-05-09T13:16:20.749+0000] {processor.py:208} INFO - Processing /home/airflow/.local/lib/python3.12/site-packages/airflow/example_dags/example_bash_decorator.py took 0.197 seconds
[2025-05-09T13:16:51.013+0000] {processor.py:186} INFO - Started process (PID=494) to work on /home/airflow/.local/lib/python3.12/site-packages/airflow/example_dags/example_bash_decorator.py
[2025-05-09T13:16:51.016+0000] {processor.py:914} INFO - Processing file /home/airflow/.local/lib/python3.12/site-packages/airflow/example_dags/example_bash_decorator.py for tasks to queue
[2025-05-09T13:16:51.021+0000] {logging_mixin.py:190} INFO - [2025-05-09T13:16:51.020+0000] {dagbag.py:588} INFO - Filling up the DagBag from /home/airflow/.local/lib/python3.12/site-packages/airflow/example_dags/example_bash_decorator.py
[2025-05-09T13:16:51.056+0000] {processor.py:925} INFO - DAG(s) 'example_bash_decorator' retrieved from /home/airflow/.local/lib/python3.12/site-packages/airflow/example_dags/example_bash_decorator.py
[2025-05-09T13:16:51.101+0000] {logging_mixin.py:190} INFO - [2025-05-09T13:16:51.101+0000] {dag.py:3239} INFO - Sync 1 DAGs
[2025-05-09T13:16:51.130+0000] {logging_mixin.py:190} INFO - [2025-05-09T13:16:51.130+0000] {dag.py:4180} INFO - Setting next_dagrun for example_bash_decorator to None, run_after=None
[2025-05-09T13:16:51.167+0000] {processor.py:208} INFO - Processing /home/airflow/.local/lib/python3.12/site-packages/airflow/example_dags/example_bash_decorator.py took 0.167 seconds
[2025-05-09T13:17:21.261+0000] {processor.py:186} INFO - Started process (PID=571) to work on /home/airflow/.local/lib/python3.12/site-packages/airflow/example_dags/example_bash_decorator.py
[2025-05-09T13:17:21.264+0000] {processor.py:914} INFO - Processing file /home/airflow/.local/lib/python3.12/site-packages/airflow/example_dags/example_bash_decorator.py for tasks to queue
[2025-05-09T13:17:21.269+0000] {logging_mixin.py:190} INFO - [2025-05-09T13:17:21.268+0000] {dagbag.py:588} INFO - Filling up the DagBag from /home/airflow/.local/lib/python3.12/site-packages/airflow/example_dags/example_bash_decorator.py
[2025-05-09T13:17:21.304+0000] {processor.py:925} INFO - DAG(s) 'example_bash_decorator' retrieved from /home/airflow/.local/lib/python3.12/site-packages/airflow/example_dags/example_bash_decorator.py
[2025-05-09T13:17:21.359+0000] {logging_mixin.py:190} INFO - [2025-05-09T13:17:21.358+0000] {dag.py:3239} INFO - Sync 1 DAGs
[2025-05-09T13:17:21.387+0000] {logging_mixin.py:190} INFO - [2025-05-09T13:17:21.386+0000] {dag.py:4180} INFO - Setting next_dagrun for example_bash_decorator to None, run_after=None
[2025-05-09T13:17:21.433+0000] {processor.py:208} INFO - Processing /home/airflow/.local/lib/python3.12/site-packages/airflow/example_dags/example_bash_decorator.py took 0.183 seconds
[2025-05-09T13:17:51.785+0000] {processor.py:186} INFO - Started process (PID=662) to work on /home/airflow/.local/lib/python3.12/site-packages/airflow/example_dags/example_bash_decorator.py
[2025-05-09T13:17:51.787+0000] {processor.py:914} INFO - Processing file /home/airflow/.local/lib/python3.12/site-packages/airflow/example_dags/example_bash_decorator.py for tasks to queue
[2025-05-09T13:17:51.793+0000] {logging_mixin.py:190} INFO - [2025-05-09T13:17:51.792+0000] {dagbag.py:588} INFO - Filling up the DagBag from /home/airflow/.local/lib/python3.12/site-packages/airflow/example_dags/example_bash_decorator.py
[2025-05-09T13:17:51.821+0000] {processor.py:925} INFO - DAG(s) 'example_bash_decorator' retrieved from /home/airflow/.local/lib/python3.12/site-packages/airflow/example_dags/example_bash_decorator.py
[2025-05-09T13:17:51.870+0000] {logging_mixin.py:190} INFO - [2025-05-09T13:17:51.869+0000] {dag.py:3239} INFO - Sync 1 DAGs
[2025-05-09T13:17:51.898+0000] {logging_mixin.py:190} INFO - [2025-05-09T13:17:51.897+0000] {dag.py:4180} INFO - Setting next_dagrun for example_bash_decorator to None, run_after=None
[2025-05-09T13:17:51.937+0000] {processor.py:208} INFO - Processing /home/airflow/.local/lib/python3.12/site-packages/airflow/example_dags/example_bash_decorator.py took 0.162 seconds
[2025-05-09T13:18:23.159+0000] {processor.py:186} INFO - Started process (PID=767) to work on /home/airflow/.local/lib/python3.12/site-packages/airflow/example_dags/example_bash_decorator.py
[2025-05-09T13:18:23.162+0000] {processor.py:914} INFO - Processing file /home/airflow/.local/lib/python3.12/site-packages/airflow/example_dags/example_bash_decorator.py for tasks to queue
[2025-05-09T13:18:23.169+0000] {logging_mixin.py:190} INFO - [2025-05-09T13:18:23.167+0000] {dagbag.py:588} INFO - Filling up the DagBag from /home/airflow/.local/lib/python3.12/site-packages/airflow/example_dags/example_bash_decorator.py
[2025-05-09T13:18:23.204+0000] {processor.py:925} INFO - DAG(s) 'example_bash_decorator' retrieved from /home/airflow/.local/lib/python3.12/site-packages/airflow/example_dags/example_bash_decorator.py
[2025-05-09T13:18:23.270+0000] {logging_mixin.py:190} INFO - [2025-05-09T13:18:23.270+0000] {dag.py:3239} INFO - Sync 1 DAGs
[2025-05-09T13:18:23.310+0000] {logging_mixin.py:190} INFO - [2025-05-09T13:18:23.310+0000] {dag.py:4180} INFO - Setting next_dagrun for example_bash_decorator to None, run_after=None
[2025-05-09T13:18:23.371+0000] {processor.py:208} INFO - Processing /home/airflow/.local/lib/python3.12/site-packages/airflow/example_dags/example_bash_decorator.py took 0.229 seconds
[2025-05-09T13:18:55.568+0000] {processor.py:186} INFO - Started process (PID=865) to work on /home/airflow/.local/lib/python3.12/site-packages/airflow/example_dags/example_bash_decorator.py
[2025-05-09T13:18:55.569+0000] {processor.py:914} INFO - Processing file /home/airflow/.local/lib/python3.12/site-packages/airflow/example_dags/example_bash_decorator.py for tasks to queue
[2025-05-09T13:18:55.575+0000] {logging_mixin.py:190} INFO - [2025-05-09T13:18:55.574+0000] {dagbag.py:588} INFO - Filling up the DagBag from /home/airflow/.local/lib/python3.12/site-packages/airflow/example_dags/example_bash_decorator.py
[2025-05-09T13:18:55.604+0000] {processor.py:925} INFO - DAG(s) 'example_bash_decorator' retrieved from /home/airflow/.local/lib/python3.12/site-packages/airflow/example_dags/example_bash_decorator.py
[2025-05-09T13:18:55.657+0000] {logging_mixin.py:190} INFO - [2025-05-09T13:18:55.657+0000] {dag.py:3239} INFO - Sync 1 DAGs
[2025-05-09T13:18:55.687+0000] {logging_mixin.py:190} INFO - [2025-05-09T13:18:55.687+0000] {dag.py:4180} INFO - Setting next_dagrun for example_bash_decorator to None, run_after=None
[2025-05-09T13:18:55.726+0000] {processor.py:208} INFO - Processing /home/airflow/.local/lib/python3.12/site-packages/airflow/example_dags/example_bash_decorator.py took 0.169 seconds
[2025-05-09T13:19:26.670+0000] {processor.py:186} INFO - Started process (PID=956) to work on /home/airflow/.local/lib/python3.12/site-packages/airflow/example_dags/example_bash_decorator.py
[2025-05-09T13:19:26.673+0000] {processor.py:914} INFO - Processing file /home/airflow/.local/lib/python3.12/site-packages/airflow/example_dags/example_bash_decorator.py for tasks to queue
[2025-05-09T13:19:26.678+0000] {logging_mixin.py:190} INFO - [2025-05-09T13:19:26.678+0000] {dagbag.py:588} INFO - Filling up the DagBag from /home/airflow/.local/lib/python3.12/site-packages/airflow/example_dags/example_bash_decorator.py
[2025-05-09T13:19:26.704+0000] {processor.py:925} INFO - DAG(s) 'example_bash_decorator' retrieved from /home/airflow/.local/lib/python3.12/site-packages/airflow/example_dags/example_bash_decorator.py
[2025-05-09T13:19:26.748+0000] {logging_mixin.py:190} INFO - [2025-05-09T13:19:26.747+0000] {dag.py:3239} INFO - Sync 1 DAGs
[2025-05-09T13:19:26.774+0000] {logging_mixin.py:190} INFO - [2025-05-09T13:19:26.774+0000] {dag.py:4180} INFO - Setting next_dagrun for example_bash_decorator to None, run_after=None
[2025-05-09T13:19:26.834+0000] {processor.py:208} INFO - Processing /home/airflow/.local/lib/python3.12/site-packages/airflow/example_dags/example_bash_decorator.py took 0.174 seconds
[2025-05-09T13:19:57.264+0000] {processor.py:186} INFO - Started process (PID=1033) to work on /home/airflow/.local/lib/python3.12/site-packages/airflow/example_dags/example_bash_decorator.py
[2025-05-09T13:19:57.266+0000] {processor.py:914} INFO - Processing file /home/airflow/.local/lib/python3.12/site-packages/airflow/example_dags/example_bash_decorator.py for tasks to queue
[2025-05-09T13:19:57.272+0000] {logging_mixin.py:190} INFO - [2025-05-09T13:19:57.272+0000] {dagbag.py:588} INFO - Filling up the DagBag from /home/airflow/.local/lib/python3.12/site-packages/airflow/example_dags/example_bash_decorator.py
[2025-05-09T13:19:57.302+0000] {processor.py:925} INFO - DAG(s) 'example_bash_decorator' retrieved from /home/airflow/.local/lib/python3.12/site-packages/airflow/example_dags/example_bash_decorator.py
[2025-05-09T13:19:57.348+0000] {logging_mixin.py:190} INFO - [2025-05-09T13:19:57.347+0000] {dag.py:3239} INFO - Sync 1 DAGs
[2025-05-09T13:19:57.379+0000] {logging_mixin.py:190} INFO - [2025-05-09T13:19:57.378+0000] {dag.py:4180} INFO - Setting next_dagrun for example_bash_decorator to None, run_after=None
[2025-05-09T13:19:57.412+0000] {processor.py:208} INFO - Processing /home/airflow/.local/lib/python3.12/site-packages/airflow/example_dags/example_bash_decorator.py took 0.159 seconds
[2025-05-09T13:20:28.745+0000] {processor.py:186} INFO - Started process (PID=1124) to work on /home/airflow/.local/lib/python3.12/site-packages/airflow/example_dags/example_bash_decorator.py
[2025-05-09T13:20:28.748+0000] {processor.py:914} INFO - Processing file /home/airflow/.local/lib/python3.12/site-packages/airflow/example_dags/example_bash_decorator.py for tasks to queue
[2025-05-09T13:20:28.751+0000] {logging_mixin.py:190} INFO - [2025-05-09T13:20:28.751+0000] {dagbag.py:588} INFO - Filling up the DagBag from /home/airflow/.local/lib/python3.12/site-packages/airflow/example_dags/example_bash_decorator.py
[2025-05-09T13:20:28.776+0000] {processor.py:925} INFO - DAG(s) 'example_bash_decorator' retrieved from /home/airflow/.local/lib/python3.12/site-packages/airflow/example_dags/example_bash_decorator.py
[2025-05-09T13:20:28.818+0000] {logging_mixin.py:190} INFO - [2025-05-09T13:20:28.817+0000] {dag.py:3239} INFO - Sync 1 DAGs
[2025-05-09T13:20:28.842+0000] {logging_mixin.py:190} INFO - [2025-05-09T13:20:28.841+0000] {dag.py:4180} INFO - Setting next_dagrun for example_bash_decorator to None, run_after=None
[2025-05-09T13:20:28.875+0000] {processor.py:208} INFO - Processing /home/airflow/.local/lib/python3.12/site-packages/airflow/example_dags/example_bash_decorator.py took 0.140 seconds
[2025-05-09T13:20:59.054+0000] {processor.py:186} INFO - Started process (PID=1219) to work on /home/airflow/.local/lib/python3.12/site-packages/airflow/example_dags/example_bash_decorator.py
[2025-05-09T13:20:59.057+0000] {processor.py:914} INFO - Processing file /home/airflow/.local/lib/python3.12/site-packages/airflow/example_dags/example_bash_decorator.py for tasks to queue
[2025-05-09T13:20:59.062+0000] {logging_mixin.py:190} INFO - [2025-05-09T13:20:59.061+0000] {dagbag.py:588} INFO - Filling up the DagBag from /home/airflow/.local/lib/python3.12/site-packages/airflow/example_dags/example_bash_decorator.py
[2025-05-09T13:20:59.087+0000] {processor.py:925} INFO - DAG(s) 'example_bash_decorator' retrieved from /home/airflow/.local/lib/python3.12/site-packages/airflow/example_dags/example_bash_decorator.py
[2025-05-09T13:20:59.132+0000] {logging_mixin.py:190} INFO - [2025-05-09T13:20:59.132+0000] {dag.py:3239} INFO - Sync 1 DAGs
[2025-05-09T13:20:59.161+0000] {logging_mixin.py:190} INFO - [2025-05-09T13:20:59.161+0000] {dag.py:4180} INFO - Setting next_dagrun for example_bash_decorator to None, run_after=None
[2025-05-09T13:20:59.218+0000] {processor.py:208} INFO - Processing /home/airflow/.local/lib/python3.12/site-packages/airflow/example_dags/example_bash_decorator.py took 0.174 seconds
[2025-05-09T13:21:29.338+0000] {processor.py:186} INFO - Started process (PID=1309) to work on /home/airflow/.local/lib/python3.12/site-packages/airflow/example_dags/example_bash_decorator.py
[2025-05-09T13:21:29.340+0000] {processor.py:914} INFO - Processing file /home/airflow/.local/lib/python3.12/site-packages/airflow/example_dags/example_bash_decorator.py for tasks to queue
[2025-05-09T13:21:29.346+0000] {logging_mixin.py:190} INFO - [2025-05-09T13:21:29.346+0000] {dagbag.py:588} INFO - Filling up the DagBag from /home/airflow/.local/lib/python3.12/site-packages/airflow/example_dags/example_bash_decorator.py
[2025-05-09T13:21:29.373+0000] {processor.py:925} INFO - DAG(s) 'example_bash_decorator' retrieved from /home/airflow/.local/lib/python3.12/site-packages/airflow/example_dags/example_bash_decorator.py
[2025-05-09T13:21:29.419+0000] {logging_mixin.py:190} INFO - [2025-05-09T13:21:29.419+0000] {dag.py:3239} INFO - Sync 1 DAGs
[2025-05-09T13:21:29.448+0000] {logging_mixin.py:190} INFO - [2025-05-09T13:21:29.448+0000] {dag.py:4180} INFO - Setting next_dagrun for example_bash_decorator to None, run_after=None
[2025-05-09T13:21:29.483+0000] {processor.py:208} INFO - Processing /home/airflow/.local/lib/python3.12/site-packages/airflow/example_dags/example_bash_decorator.py took 0.155 seconds
[2025-05-09T13:22:00.217+0000] {processor.py:186} INFO - Started process (PID=1400) to work on /home/airflow/.local/lib/python3.12/site-packages/airflow/example_dags/example_bash_decorator.py
[2025-05-09T13:22:00.220+0000] {processor.py:914} INFO - Processing file /home/airflow/.local/lib/python3.12/site-packages/airflow/example_dags/example_bash_decorator.py for tasks to queue
[2025-05-09T13:22:00.225+0000] {logging_mixin.py:190} INFO - [2025-05-09T13:22:00.224+0000] {dagbag.py:588} INFO - Filling up the DagBag from /home/airflow/.local/lib/python3.12/site-packages/airflow/example_dags/example_bash_decorator.py
[2025-05-09T13:22:00.250+0000] {processor.py:925} INFO - DAG(s) 'example_bash_decorator' retrieved from /home/airflow/.local/lib/python3.12/site-packages/airflow/example_dags/example_bash_decorator.py
[2025-05-09T13:22:00.290+0000] {logging_mixin.py:190} INFO - [2025-05-09T13:22:00.289+0000] {dag.py:3239} INFO - Sync 1 DAGs
[2025-05-09T13:22:00.318+0000] {logging_mixin.py:190} INFO - [2025-05-09T13:22:00.317+0000] {dag.py:4180} INFO - Setting next_dagrun for example_bash_decorator to None, run_after=None
[2025-05-09T13:22:00.370+0000] {processor.py:208} INFO - Processing /home/airflow/.local/lib/python3.12/site-packages/airflow/example_dags/example_bash_decorator.py took 0.165 seconds
[2025-05-09T13:22:30.581+0000] {processor.py:186} INFO - Started process (PID=1477) to work on /home/airflow/.local/lib/python3.12/site-packages/airflow/example_dags/example_bash_decorator.py
[2025-05-09T13:22:30.583+0000] {processor.py:914} INFO - Processing file /home/airflow/.local/lib/python3.12/site-packages/airflow/example_dags/example_bash_decorator.py for tasks to queue
[2025-05-09T13:22:30.588+0000] {logging_mixin.py:190} INFO - [2025-05-09T13:22:30.588+0000] {dagbag.py:588} INFO - Filling up the DagBag from /home/airflow/.local/lib/python3.12/site-packages/airflow/example_dags/example_bash_decorator.py
[2025-05-09T13:22:30.615+0000] {processor.py:925} INFO - DAG(s) 'example_bash_decorator' retrieved from /home/airflow/.local/lib/python3.12/site-packages/airflow/example_dags/example_bash_decorator.py
[2025-05-09T13:22:30.660+0000] {logging_mixin.py:190} INFO - [2025-05-09T13:22:30.660+0000] {dag.py:3239} INFO - Sync 1 DAGs
[2025-05-09T13:22:30.690+0000] {logging_mixin.py:190} INFO - [2025-05-09T13:22:30.690+0000] {dag.py:4180} INFO - Setting next_dagrun for example_bash_decorator to None, run_after=None
[2025-05-09T13:22:30.723+0000] {processor.py:208} INFO - Processing /home/airflow/.local/lib/python3.12/site-packages/airflow/example_dags/example_bash_decorator.py took 0.153 seconds
[2025-05-09T13:23:01.349+0000] {processor.py:186} INFO - Started process (PID=1568) to work on /home/airflow/.local/lib/python3.12/site-packages/airflow/example_dags/example_bash_decorator.py
[2025-05-09T13:23:01.351+0000] {processor.py:914} INFO - Processing file /home/airflow/.local/lib/python3.12/site-packages/airflow/example_dags/example_bash_decorator.py for tasks to queue
[2025-05-09T13:23:01.356+0000] {logging_mixin.py:190} INFO - [2025-05-09T13:23:01.355+0000] {dagbag.py:588} INFO - Filling up the DagBag from /home/airflow/.local/lib/python3.12/site-packages/airflow/example_dags/example_bash_decorator.py
[2025-05-09T13:23:01.383+0000] {processor.py:925} INFO - DAG(s) 'example_bash_decorator' retrieved from /home/airflow/.local/lib/python3.12/site-packages/airflow/example_dags/example_bash_decorator.py
[2025-05-09T13:23:01.427+0000] {logging_mixin.py:190} INFO - [2025-05-09T13:23:01.426+0000] {dag.py:3239} INFO - Sync 1 DAGs
[2025-05-09T13:23:01.453+0000] {logging_mixin.py:190} INFO - [2025-05-09T13:23:01.452+0000] {dag.py:4180} INFO - Setting next_dagrun for example_bash_decorator to None, run_after=None
[2025-05-09T13:23:01.492+0000] {processor.py:208} INFO - Processing /home/airflow/.local/lib/python3.12/site-packages/airflow/example_dags/example_bash_decorator.py took 0.153 seconds
[2025-05-09T13:23:31.994+0000] {processor.py:186} INFO - Started process (PID=1659) to work on /home/airflow/.local/lib/python3.12/site-packages/airflow/example_dags/example_bash_decorator.py
[2025-05-09T13:23:31.996+0000] {processor.py:914} INFO - Processing file /home/airflow/.local/lib/python3.12/site-packages/airflow/example_dags/example_bash_decorator.py for tasks to queue
[2025-05-09T13:23:32.001+0000] {logging_mixin.py:190} INFO - [2025-05-09T13:23:32.000+0000] {dagbag.py:588} INFO - Filling up the DagBag from /home/airflow/.local/lib/python3.12/site-packages/airflow/example_dags/example_bash_decorator.py
[2025-05-09T13:23:32.028+0000] {processor.py:925} INFO - DAG(s) 'example_bash_decorator' retrieved from /home/airflow/.local/lib/python3.12/site-packages/airflow/example_dags/example_bash_decorator.py
[2025-05-09T13:23:32.068+0000] {logging_mixin.py:190} INFO - [2025-05-09T13:23:32.068+0000] {dag.py:3239} INFO - Sync 1 DAGs
[2025-05-09T13:23:32.093+0000] {logging_mixin.py:190} INFO - [2025-05-09T13:23:32.093+0000] {dag.py:4180} INFO - Setting next_dagrun for example_bash_decorator to None, run_after=None
[2025-05-09T13:23:32.148+0000] {processor.py:208} INFO - Processing /home/airflow/.local/lib/python3.12/site-packages/airflow/example_dags/example_bash_decorator.py took 0.163 seconds
[2025-05-09T13:24:05.054+0000] {processor.py:186} INFO - Started process (PID=1750) to work on /home/airflow/.local/lib/python3.12/site-packages/airflow/example_dags/example_bash_decorator.py
[2025-05-09T13:24:05.056+0000] {processor.py:914} INFO - Processing file /home/airflow/.local/lib/python3.12/site-packages/airflow/example_dags/example_bash_decorator.py for tasks to queue
[2025-05-09T13:24:05.060+0000] {logging_mixin.py:190} INFO - [2025-05-09T13:24:05.059+0000] {dagbag.py:588} INFO - Filling up the DagBag from /home/airflow/.local/lib/python3.12/site-packages/airflow/example_dags/example_bash_decorator.py
[2025-05-09T13:24:05.088+0000] {processor.py:925} INFO - DAG(s) 'example_bash_decorator' retrieved from /home/airflow/.local/lib/python3.12/site-packages/airflow/example_dags/example_bash_decorator.py
[2025-05-09T13:24:05.136+0000] {logging_mixin.py:190} INFO - [2025-05-09T13:24:05.135+0000] {dag.py:3239} INFO - Sync 1 DAGs
[2025-05-09T13:24:05.167+0000] {logging_mixin.py:190} INFO - [2025-05-09T13:24:05.167+0000] {dag.py:4180} INFO - Setting next_dagrun for example_bash_decorator to None, run_after=None
[2025-05-09T13:24:05.226+0000] {processor.py:208} INFO - Processing /home/airflow/.local/lib/python3.12/site-packages/airflow/example_dags/example_bash_decorator.py took 0.184 seconds
[2025-05-09T13:24:37.042+0000] {processor.py:186} INFO - Started process (PID=1841) to work on /home/airflow/.local/lib/python3.12/site-packages/airflow/example_dags/example_bash_decorator.py
[2025-05-09T13:24:37.045+0000] {processor.py:914} INFO - Processing file /home/airflow/.local/lib/python3.12/site-packages/airflow/example_dags/example_bash_decorator.py for tasks to queue
[2025-05-09T13:24:37.051+0000] {logging_mixin.py:190} INFO - [2025-05-09T13:24:37.050+0000] {dagbag.py:588} INFO - Filling up the DagBag from /home/airflow/.local/lib/python3.12/site-packages/airflow/example_dags/example_bash_decorator.py
[2025-05-09T13:24:37.078+0000] {processor.py:925} INFO - DAG(s) 'example_bash_decorator' retrieved from /home/airflow/.local/lib/python3.12/site-packages/airflow/example_dags/example_bash_decorator.py
[2025-05-09T13:24:37.126+0000] {logging_mixin.py:190} INFO - [2025-05-09T13:24:37.126+0000] {dag.py:3239} INFO - Sync 1 DAGs
[2025-05-09T13:24:37.154+0000] {logging_mixin.py:190} INFO - [2025-05-09T13:24:37.154+0000] {dag.py:4180} INFO - Setting next_dagrun for example_bash_decorator to None, run_after=None
[2025-05-09T13:24:37.209+0000] {processor.py:208} INFO - Processing /home/airflow/.local/lib/python3.12/site-packages/airflow/example_dags/example_bash_decorator.py took 0.183 seconds
[2025-05-09T13:25:09.345+0000] {processor.py:186} INFO - Started process (PID=1932) to work on /home/airflow/.local/lib/python3.12/site-packages/airflow/example_dags/example_bash_decorator.py
[2025-05-09T13:25:09.348+0000] {processor.py:914} INFO - Processing file /home/airflow/.local/lib/python3.12/site-packages/airflow/example_dags/example_bash_decorator.py for tasks to queue
[2025-05-09T13:25:09.353+0000] {logging_mixin.py:190} INFO - [2025-05-09T13:25:09.352+0000] {dagbag.py:588} INFO - Filling up the DagBag from /home/airflow/.local/lib/python3.12/site-packages/airflow/example_dags/example_bash_decorator.py
[2025-05-09T13:25:09.382+0000] {processor.py:925} INFO - DAG(s) 'example_bash_decorator' retrieved from /home/airflow/.local/lib/python3.12/site-packages/airflow/example_dags/example_bash_decorator.py
[2025-05-09T13:25:09.434+0000] {logging_mixin.py:190} INFO - [2025-05-09T13:25:09.433+0000] {dag.py:3239} INFO - Sync 1 DAGs
[2025-05-09T13:25:09.468+0000] {logging_mixin.py:190} INFO - [2025-05-09T13:25:09.467+0000] {dag.py:4180} INFO - Setting next_dagrun for example_bash_decorator to None, run_after=None
[2025-05-09T13:25:09.528+0000] {processor.py:208} INFO - Processing /home/airflow/.local/lib/python3.12/site-packages/airflow/example_dags/example_bash_decorator.py took 0.195 seconds
[2025-05-09T13:25:39.636+0000] {processor.py:186} INFO - Started process (PID=2009) to work on /home/airflow/.local/lib/python3.12/site-packages/airflow/example_dags/example_bash_decorator.py
[2025-05-09T13:25:39.639+0000] {processor.py:914} INFO - Processing file /home/airflow/.local/lib/python3.12/site-packages/airflow/example_dags/example_bash_decorator.py for tasks to queue
[2025-05-09T13:25:39.644+0000] {logging_mixin.py:190} INFO - [2025-05-09T13:25:39.643+0000] {dagbag.py:588} INFO - Filling up the DagBag from /home/airflow/.local/lib/python3.12/site-packages/airflow/example_dags/example_bash_decorator.py
[2025-05-09T13:25:39.678+0000] {processor.py:925} INFO - DAG(s) 'example_bash_decorator' retrieved from /home/airflow/.local/lib/python3.12/site-packages/airflow/example_dags/example_bash_decorator.py
[2025-05-09T13:25:39.728+0000] {logging_mixin.py:190} INFO - [2025-05-09T13:25:39.728+0000] {dag.py:3239} INFO - Sync 1 DAGs
[2025-05-09T13:25:39.757+0000] {logging_mixin.py:190} INFO - [2025-05-09T13:25:39.756+0000] {dag.py:4180} INFO - Setting next_dagrun for example_bash_decorator to None, run_after=None
[2025-05-09T13:25:39.797+0000] {processor.py:208} INFO - Processing /home/airflow/.local/lib/python3.12/site-packages/airflow/example_dags/example_bash_decorator.py took 0.177 seconds
[2025-05-09T13:26:10.525+0000] {processor.py:186} INFO - Started process (PID=2099) to work on /home/airflow/.local/lib/python3.12/site-packages/airflow/example_dags/example_bash_decorator.py
[2025-05-09T13:26:10.528+0000] {processor.py:914} INFO - Processing file /home/airflow/.local/lib/python3.12/site-packages/airflow/example_dags/example_bash_decorator.py for tasks to queue
[2025-05-09T13:26:10.535+0000] {logging_mixin.py:190} INFO - [2025-05-09T13:26:10.534+0000] {dagbag.py:588} INFO - Filling up the DagBag from /home/airflow/.local/lib/python3.12/site-packages/airflow/example_dags/example_bash_decorator.py
[2025-05-09T13:26:10.569+0000] {processor.py:925} INFO - DAG(s) 'example_bash_decorator' retrieved from /home/airflow/.local/lib/python3.12/site-packages/airflow/example_dags/example_bash_decorator.py
[2025-05-09T13:26:10.624+0000] {logging_mixin.py:190} INFO - [2025-05-09T13:26:10.623+0000] {dag.py:3239} INFO - Sync 1 DAGs
[2025-05-09T13:26:10.655+0000] {logging_mixin.py:190} INFO - [2025-05-09T13:26:10.654+0000] {dag.py:4180} INFO - Setting next_dagrun for example_bash_decorator to None, run_after=None
[2025-05-09T13:26:10.713+0000] {processor.py:208} INFO - Processing /home/airflow/.local/lib/python3.12/site-packages/airflow/example_dags/example_bash_decorator.py took 0.200 seconds
[2025-05-09T13:26:41.102+0000] {processor.py:186} INFO - Started process (PID=2190) to work on /home/airflow/.local/lib/python3.12/site-packages/airflow/example_dags/example_bash_decorator.py
[2025-05-09T13:26:41.104+0000] {processor.py:914} INFO - Processing file /home/airflow/.local/lib/python3.12/site-packages/airflow/example_dags/example_bash_decorator.py for tasks to queue
[2025-05-09T13:26:41.109+0000] {logging_mixin.py:190} INFO - [2025-05-09T13:26:41.108+0000] {dagbag.py:588} INFO - Filling up the DagBag from /home/airflow/.local/lib/python3.12/site-packages/airflow/example_dags/example_bash_decorator.py
[2025-05-09T13:26:41.141+0000] {processor.py:925} INFO - DAG(s) 'example_bash_decorator' retrieved from /home/airflow/.local/lib/python3.12/site-packages/airflow/example_dags/example_bash_decorator.py
[2025-05-09T13:26:41.183+0000] {logging_mixin.py:190} INFO - [2025-05-09T13:26:41.182+0000] {dag.py:3239} INFO - Sync 1 DAGs
[2025-05-09T13:26:41.214+0000] {logging_mixin.py:190} INFO - [2025-05-09T13:26:41.214+0000] {dag.py:4180} INFO - Setting next_dagrun for example_bash_decorator to None, run_after=None
[2025-05-09T13:26:41.256+0000] {processor.py:208} INFO - Processing /home/airflow/.local/lib/python3.12/site-packages/airflow/example_dags/example_bash_decorator.py took 0.169 seconds
[2025-05-09T13:27:11.451+0000] {processor.py:186} INFO - Started process (PID=2281) to work on /home/airflow/.local/lib/python3.12/site-packages/airflow/example_dags/example_bash_decorator.py
[2025-05-09T13:27:11.454+0000] {processor.py:914} INFO - Processing file /home/airflow/.local/lib/python3.12/site-packages/airflow/example_dags/example_bash_decorator.py for tasks to queue
[2025-05-09T13:27:11.461+0000] {logging_mixin.py:190} INFO - [2025-05-09T13:27:11.460+0000] {dagbag.py:588} INFO - Filling up the DagBag from /home/airflow/.local/lib/python3.12/site-packages/airflow/example_dags/example_bash_decorator.py
[2025-05-09T13:27:11.499+0000] {processor.py:925} INFO - DAG(s) 'example_bash_decorator' retrieved from /home/airflow/.local/lib/python3.12/site-packages/airflow/example_dags/example_bash_decorator.py
[2025-05-09T13:27:11.546+0000] {logging_mixin.py:190} INFO - [2025-05-09T13:27:11.545+0000] {dag.py:3239} INFO - Sync 1 DAGs
[2025-05-09T13:27:11.582+0000] {logging_mixin.py:190} INFO - [2025-05-09T13:27:11.581+0000] {dag.py:4180} INFO - Setting next_dagrun for example_bash_decorator to None, run_after=None
[2025-05-09T13:27:11.643+0000] {processor.py:208} INFO - Processing /home/airflow/.local/lib/python3.12/site-packages/airflow/example_dags/example_bash_decorator.py took 0.203 seconds
[2025-05-09T13:27:41.890+0000] {processor.py:186} INFO - Started process (PID=2372) to work on /home/airflow/.local/lib/python3.12/site-packages/airflow/example_dags/example_bash_decorator.py
[2025-05-09T13:27:41.891+0000] {processor.py:914} INFO - Processing file /home/airflow/.local/lib/python3.12/site-packages/airflow/example_dags/example_bash_decorator.py for tasks to queue
[2025-05-09T13:27:41.897+0000] {logging_mixin.py:190} INFO - [2025-05-09T13:27:41.896+0000] {dagbag.py:588} INFO - Filling up the DagBag from /home/airflow/.local/lib/python3.12/site-packages/airflow/example_dags/example_bash_decorator.py
[2025-05-09T13:27:41.930+0000] {processor.py:925} INFO - DAG(s) 'example_bash_decorator' retrieved from /home/airflow/.local/lib/python3.12/site-packages/airflow/example_dags/example_bash_decorator.py
[2025-05-09T13:27:41.975+0000] {logging_mixin.py:190} INFO - [2025-05-09T13:27:41.975+0000] {dag.py:3239} INFO - Sync 1 DAGs
[2025-05-09T13:27:42.007+0000] {logging_mixin.py:190} INFO - [2025-05-09T13:27:42.006+0000] {dag.py:4180} INFO - Setting next_dagrun for example_bash_decorator to None, run_after=None
[2025-05-09T13:27:42.052+0000] {processor.py:208} INFO - Processing /home/airflow/.local/lib/python3.12/site-packages/airflow/example_dags/example_bash_decorator.py took 0.174 seconds
[2025-05-09T13:28:12.304+0000] {processor.py:186} INFO - Started process (PID=2463) to work on /home/airflow/.local/lib/python3.12/site-packages/airflow/example_dags/example_bash_decorator.py
[2025-05-09T13:28:12.306+0000] {processor.py:914} INFO - Processing file /home/airflow/.local/lib/python3.12/site-packages/airflow/example_dags/example_bash_decorator.py for tasks to queue
[2025-05-09T13:28:12.313+0000] {logging_mixin.py:190} INFO - [2025-05-09T13:28:12.312+0000] {dagbag.py:588} INFO - Filling up the DagBag from /home/airflow/.local/lib/python3.12/site-packages/airflow/example_dags/example_bash_decorator.py
[2025-05-09T13:28:12.341+0000] {processor.py:925} INFO - DAG(s) 'example_bash_decorator' retrieved from /home/airflow/.local/lib/python3.12/site-packages/airflow/example_dags/example_bash_decorator.py
[2025-05-09T13:28:12.388+0000] {logging_mixin.py:190} INFO - [2025-05-09T13:28:12.387+0000] {dag.py:3239} INFO - Sync 1 DAGs
[2025-05-09T13:28:12.418+0000] {logging_mixin.py:190} INFO - [2025-05-09T13:28:12.417+0000] {dag.py:4180} INFO - Setting next_dagrun for example_bash_decorator to None, run_after=None
[2025-05-09T13:28:12.456+0000] {processor.py:208} INFO - Processing /home/airflow/.local/lib/python3.12/site-packages/airflow/example_dags/example_bash_decorator.py took 0.164 seconds
[2025-05-09T13:28:42.944+0000] {processor.py:186} INFO - Started process (PID=2554) to work on /home/airflow/.local/lib/python3.12/site-packages/airflow/example_dags/example_bash_decorator.py
[2025-05-09T13:28:42.946+0000] {processor.py:914} INFO - Processing file /home/airflow/.local/lib/python3.12/site-packages/airflow/example_dags/example_bash_decorator.py for tasks to queue
[2025-05-09T13:28:42.952+0000] {logging_mixin.py:190} INFO - [2025-05-09T13:28:42.951+0000] {dagbag.py:588} INFO - Filling up the DagBag from /home/airflow/.local/lib/python3.12/site-packages/airflow/example_dags/example_bash_decorator.py
[2025-05-09T13:28:42.983+0000] {processor.py:925} INFO - DAG(s) 'example_bash_decorator' retrieved from /home/airflow/.local/lib/python3.12/site-packages/airflow/example_dags/example_bash_decorator.py
[2025-05-09T13:28:43.030+0000] {logging_mixin.py:190} INFO - [2025-05-09T13:28:43.030+0000] {dag.py:3239} INFO - Sync 1 DAGs
[2025-05-09T13:28:43.059+0000] {logging_mixin.py:190} INFO - [2025-05-09T13:28:43.058+0000] {dag.py:4180} INFO - Setting next_dagrun for example_bash_decorator to None, run_after=None
[2025-05-09T13:28:43.101+0000] {processor.py:208} INFO - Processing /home/airflow/.local/lib/python3.12/site-packages/airflow/example_dags/example_bash_decorator.py took 0.169 seconds
[2025-05-09T13:29:14.058+0000] {processor.py:186} INFO - Started process (PID=2644) to work on /home/airflow/.local/lib/python3.12/site-packages/airflow/example_dags/example_bash_decorator.py
[2025-05-09T13:29:14.061+0000] {processor.py:914} INFO - Processing file /home/airflow/.local/lib/python3.12/site-packages/airflow/example_dags/example_bash_decorator.py for tasks to queue
[2025-05-09T13:29:14.067+0000] {logging_mixin.py:190} INFO - [2025-05-09T13:29:14.067+0000] {dagbag.py:588} INFO - Filling up the DagBag from /home/airflow/.local/lib/python3.12/site-packages/airflow/example_dags/example_bash_decorator.py
[2025-05-09T13:29:14.098+0000] {processor.py:925} INFO - DAG(s) 'example_bash_decorator' retrieved from /home/airflow/.local/lib/python3.12/site-packages/airflow/example_dags/example_bash_decorator.py
[2025-05-09T13:29:14.148+0000] {logging_mixin.py:190} INFO - [2025-05-09T13:29:14.148+0000] {dag.py:3239} INFO - Sync 1 DAGs
[2025-05-09T13:29:14.180+0000] {logging_mixin.py:190} INFO - [2025-05-09T13:29:14.180+0000] {dag.py:4180} INFO - Setting next_dagrun for example_bash_decorator to None, run_after=None
[2025-05-09T13:29:14.220+0000] {processor.py:208} INFO - Processing /home/airflow/.local/lib/python3.12/site-packages/airflow/example_dags/example_bash_decorator.py took 0.175 seconds
[2025-05-09T13:29:44.634+0000] {processor.py:186} INFO - Started process (PID=2721) to work on /home/airflow/.local/lib/python3.12/site-packages/airflow/example_dags/example_bash_decorator.py
[2025-05-09T13:29:44.638+0000] {processor.py:914} INFO - Processing file /home/airflow/.local/lib/python3.12/site-packages/airflow/example_dags/example_bash_decorator.py for tasks to queue
[2025-05-09T13:29:44.643+0000] {logging_mixin.py:190} INFO - [2025-05-09T13:29:44.642+0000] {dagbag.py:588} INFO - Filling up the DagBag from /home/airflow/.local/lib/python3.12/site-packages/airflow/example_dags/example_bash_decorator.py
[2025-05-09T13:29:44.669+0000] {processor.py:925} INFO - DAG(s) 'example_bash_decorator' retrieved from /home/airflow/.local/lib/python3.12/site-packages/airflow/example_dags/example_bash_decorator.py
[2025-05-09T13:29:44.715+0000] {logging_mixin.py:190} INFO - [2025-05-09T13:29:44.714+0000] {dag.py:3239} INFO - Sync 1 DAGs
[2025-05-09T13:29:44.745+0000] {logging_mixin.py:190} INFO - [2025-05-09T13:29:44.744+0000] {dag.py:4180} INFO - Setting next_dagrun for example_bash_decorator to None, run_after=None
[2025-05-09T13:29:44.782+0000] {processor.py:208} INFO - Processing /home/airflow/.local/lib/python3.12/site-packages/airflow/example_dags/example_bash_decorator.py took 0.162 seconds
[2025-05-09T13:30:15.784+0000] {processor.py:186} INFO - Started process (PID=2811) to work on /home/airflow/.local/lib/python3.12/site-packages/airflow/example_dags/example_bash_decorator.py
[2025-05-09T13:30:15.786+0000] {processor.py:914} INFO - Processing file /home/airflow/.local/lib/python3.12/site-packages/airflow/example_dags/example_bash_decorator.py for tasks to queue
[2025-05-09T13:30:15.791+0000] {logging_mixin.py:190} INFO - [2025-05-09T13:30:15.790+0000] {dagbag.py:588} INFO - Filling up the DagBag from /home/airflow/.local/lib/python3.12/site-packages/airflow/example_dags/example_bash_decorator.py
[2025-05-09T13:30:15.820+0000] {processor.py:925} INFO - DAG(s) 'example_bash_decorator' retrieved from /home/airflow/.local/lib/python3.12/site-packages/airflow/example_dags/example_bash_decorator.py
[2025-05-09T13:30:15.869+0000] {logging_mixin.py:190} INFO - [2025-05-09T13:30:15.869+0000] {dag.py:3239} INFO - Sync 1 DAGs
[2025-05-09T13:30:15.900+0000] {logging_mixin.py:190} INFO - [2025-05-09T13:30:15.899+0000] {dag.py:4180} INFO - Setting next_dagrun for example_bash_decorator to None, run_after=None
[2025-05-09T13:30:15.936+0000] {processor.py:208} INFO - Processing /home/airflow/.local/lib/python3.12/site-packages/airflow/example_dags/example_bash_decorator.py took 0.163 seconds
[2025-05-09T13:30:48.003+0000] {processor.py:186} INFO - Started process (PID=2902) to work on /home/airflow/.local/lib/python3.12/site-packages/airflow/example_dags/example_bash_decorator.py
[2025-05-09T13:30:48.005+0000] {processor.py:914} INFO - Processing file /home/airflow/.local/lib/python3.12/site-packages/airflow/example_dags/example_bash_decorator.py for tasks to queue
[2025-05-09T13:30:48.009+0000] {logging_mixin.py:190} INFO - [2025-05-09T13:30:48.009+0000] {dagbag.py:588} INFO - Filling up the DagBag from /home/airflow/.local/lib/python3.12/site-packages/airflow/example_dags/example_bash_decorator.py
[2025-05-09T13:30:48.041+0000] {processor.py:925} INFO - DAG(s) 'example_bash_decorator' retrieved from /home/airflow/.local/lib/python3.12/site-packages/airflow/example_dags/example_bash_decorator.py
[2025-05-09T13:30:48.087+0000] {logging_mixin.py:190} INFO - [2025-05-09T13:30:48.086+0000] {dag.py:3239} INFO - Sync 1 DAGs
[2025-05-09T13:30:48.116+0000] {logging_mixin.py:190} INFO - [2025-05-09T13:30:48.116+0000] {dag.py:4180} INFO - Setting next_dagrun for example_bash_decorator to None, run_after=None
[2025-05-09T13:30:48.176+0000] {processor.py:208} INFO - Processing /home/airflow/.local/lib/python3.12/site-packages/airflow/example_dags/example_bash_decorator.py took 0.188 seconds
[2025-05-09T13:31:18.724+0000] {processor.py:186} INFO - Started process (PID=2979) to work on /home/airflow/.local/lib/python3.12/site-packages/airflow/example_dags/example_bash_decorator.py
[2025-05-09T13:31:18.727+0000] {processor.py:914} INFO - Processing file /home/airflow/.local/lib/python3.12/site-packages/airflow/example_dags/example_bash_decorator.py for tasks to queue
[2025-05-09T13:31:18.733+0000] {logging_mixin.py:190} INFO - [2025-05-09T13:31:18.732+0000] {dagbag.py:588} INFO - Filling up the DagBag from /home/airflow/.local/lib/python3.12/site-packages/airflow/example_dags/example_bash_decorator.py
[2025-05-09T13:31:18.763+0000] {processor.py:925} INFO - DAG(s) 'example_bash_decorator' retrieved from /home/airflow/.local/lib/python3.12/site-packages/airflow/example_dags/example_bash_decorator.py
[2025-05-09T13:31:18.813+0000] {logging_mixin.py:190} INFO - [2025-05-09T13:31:18.812+0000] {dag.py:3239} INFO - Sync 1 DAGs
[2025-05-09T13:31:18.850+0000] {logging_mixin.py:190} INFO - [2025-05-09T13:31:18.849+0000] {dag.py:4180} INFO - Setting next_dagrun for example_bash_decorator to None, run_after=None
[2025-05-09T13:31:18.908+0000] {processor.py:208} INFO - Processing /home/airflow/.local/lib/python3.12/site-packages/airflow/example_dags/example_bash_decorator.py took 0.199 seconds
[2025-05-09T13:31:49.075+0000] {processor.py:186} INFO - Started process (PID=3069) to work on /home/airflow/.local/lib/python3.12/site-packages/airflow/example_dags/example_bash_decorator.py
[2025-05-09T13:31:49.077+0000] {processor.py:914} INFO - Processing file /home/airflow/.local/lib/python3.12/site-packages/airflow/example_dags/example_bash_decorator.py for tasks to queue
[2025-05-09T13:31:49.082+0000] {logging_mixin.py:190} INFO - [2025-05-09T13:31:49.081+0000] {dagbag.py:588} INFO - Filling up the DagBag from /home/airflow/.local/lib/python3.12/site-packages/airflow/example_dags/example_bash_decorator.py
[2025-05-09T13:31:49.111+0000] {processor.py:925} INFO - DAG(s) 'example_bash_decorator' retrieved from /home/airflow/.local/lib/python3.12/site-packages/airflow/example_dags/example_bash_decorator.py
[2025-05-09T13:31:49.157+0000] {logging_mixin.py:190} INFO - [2025-05-09T13:31:49.156+0000] {dag.py:3239} INFO - Sync 1 DAGs
[2025-05-09T13:31:49.187+0000] {logging_mixin.py:190} INFO - [2025-05-09T13:31:49.187+0000] {dag.py:4180} INFO - Setting next_dagrun for example_bash_decorator to None, run_after=None
[2025-05-09T13:31:49.224+0000] {processor.py:208} INFO - Processing /home/airflow/.local/lib/python3.12/site-packages/airflow/example_dags/example_bash_decorator.py took 0.163 seconds
[2025-05-09T13:32:19.618+0000] {processor.py:186} INFO - Started process (PID=3160) to work on /home/airflow/.local/lib/python3.12/site-packages/airflow/example_dags/example_bash_decorator.py
[2025-05-09T13:32:19.620+0000] {processor.py:914} INFO - Processing file /home/airflow/.local/lib/python3.12/site-packages/airflow/example_dags/example_bash_decorator.py for tasks to queue
[2025-05-09T13:32:19.626+0000] {logging_mixin.py:190} INFO - [2025-05-09T13:32:19.625+0000] {dagbag.py:588} INFO - Filling up the DagBag from /home/airflow/.local/lib/python3.12/site-packages/airflow/example_dags/example_bash_decorator.py
[2025-05-09T13:32:19.658+0000] {processor.py:925} INFO - DAG(s) 'example_bash_decorator' retrieved from /home/airflow/.local/lib/python3.12/site-packages/airflow/example_dags/example_bash_decorator.py
[2025-05-09T13:32:19.707+0000] {logging_mixin.py:190} INFO - [2025-05-09T13:32:19.707+0000] {dag.py:3239} INFO - Sync 1 DAGs
[2025-05-09T13:32:19.743+0000] {logging_mixin.py:190} INFO - [2025-05-09T13:32:19.742+0000] {dag.py:4180} INFO - Setting next_dagrun for example_bash_decorator to None, run_after=None
[2025-05-09T13:32:19.791+0000] {processor.py:208} INFO - Processing /home/airflow/.local/lib/python3.12/site-packages/airflow/example_dags/example_bash_decorator.py took 0.185 seconds
[2025-05-09T13:32:50.120+0000] {processor.py:186} INFO - Started process (PID=3251) to work on /home/airflow/.local/lib/python3.12/site-packages/airflow/example_dags/example_bash_decorator.py
[2025-05-09T13:32:50.122+0000] {processor.py:914} INFO - Processing file /home/airflow/.local/lib/python3.12/site-packages/airflow/example_dags/example_bash_decorator.py for tasks to queue
[2025-05-09T13:32:50.127+0000] {logging_mixin.py:190} INFO - [2025-05-09T13:32:50.126+0000] {dagbag.py:588} INFO - Filling up the DagBag from /home/airflow/.local/lib/python3.12/site-packages/airflow/example_dags/example_bash_decorator.py
[2025-05-09T13:32:50.154+0000] {processor.py:925} INFO - DAG(s) 'example_bash_decorator' retrieved from /home/airflow/.local/lib/python3.12/site-packages/airflow/example_dags/example_bash_decorator.py
[2025-05-09T13:32:50.202+0000] {logging_mixin.py:190} INFO - [2025-05-09T13:32:50.201+0000] {dag.py:3239} INFO - Sync 1 DAGs
[2025-05-09T13:32:50.240+0000] {logging_mixin.py:190} INFO - [2025-05-09T13:32:50.240+0000] {dag.py:4180} INFO - Setting next_dagrun for example_bash_decorator to None, run_after=None
[2025-05-09T13:32:50.301+0000] {processor.py:208} INFO - Processing /home/airflow/.local/lib/python3.12/site-packages/airflow/example_dags/example_bash_decorator.py took 0.194 seconds
[2025-05-09T13:33:20.860+0000] {processor.py:186} INFO - Started process (PID=3342) to work on /home/airflow/.local/lib/python3.12/site-packages/airflow/example_dags/example_bash_decorator.py
[2025-05-09T13:33:20.864+0000] {processor.py:914} INFO - Processing file /home/airflow/.local/lib/python3.12/site-packages/airflow/example_dags/example_bash_decorator.py for tasks to queue
[2025-05-09T13:33:20.870+0000] {logging_mixin.py:190} INFO - [2025-05-09T13:33:20.870+0000] {dagbag.py:588} INFO - Filling up the DagBag from /home/airflow/.local/lib/python3.12/site-packages/airflow/example_dags/example_bash_decorator.py
[2025-05-09T13:33:20.908+0000] {processor.py:925} INFO - DAG(s) 'example_bash_decorator' retrieved from /home/airflow/.local/lib/python3.12/site-packages/airflow/example_dags/example_bash_decorator.py
[2025-05-09T13:33:20.965+0000] {logging_mixin.py:190} INFO - [2025-05-09T13:33:20.965+0000] {dag.py:3239} INFO - Sync 1 DAGs
[2025-05-09T13:33:21.000+0000] {logging_mixin.py:190} INFO - [2025-05-09T13:33:21.000+0000] {dag.py:4180} INFO - Setting next_dagrun for example_bash_decorator to None, run_after=None
[2025-05-09T13:33:21.045+0000] {processor.py:208} INFO - Processing /home/airflow/.local/lib/python3.12/site-packages/airflow/example_dags/example_bash_decorator.py took 0.196 seconds
[2025-05-09T13:33:51.679+0000] {processor.py:186} INFO - Started process (PID=3433) to work on /home/airflow/.local/lib/python3.12/site-packages/airflow/example_dags/example_bash_decorator.py
[2025-05-09T13:33:51.682+0000] {processor.py:914} INFO - Processing file /home/airflow/.local/lib/python3.12/site-packages/airflow/example_dags/example_bash_decorator.py for tasks to queue
[2025-05-09T13:33:51.685+0000] {logging_mixin.py:190} INFO - [2025-05-09T13:33:51.685+0000] {dagbag.py:588} INFO - Filling up the DagBag from /home/airflow/.local/lib/python3.12/site-packages/airflow/example_dags/example_bash_decorator.py
[2025-05-09T13:33:51.718+0000] {processor.py:925} INFO - DAG(s) 'example_bash_decorator' retrieved from /home/airflow/.local/lib/python3.12/site-packages/airflow/example_dags/example_bash_decorator.py
[2025-05-09T13:33:51.765+0000] {logging_mixin.py:190} INFO - [2025-05-09T13:33:51.764+0000] {dag.py:3239} INFO - Sync 1 DAGs
[2025-05-09T13:33:51.793+0000] {logging_mixin.py:190} INFO - [2025-05-09T13:33:51.793+0000] {dag.py:4180} INFO - Setting next_dagrun for example_bash_decorator to None, run_after=None
[2025-05-09T13:33:51.848+0000] {processor.py:208} INFO - Processing /home/airflow/.local/lib/python3.12/site-packages/airflow/example_dags/example_bash_decorator.py took 0.187 seconds
[2025-05-09T13:34:22.491+0000] {processor.py:186} INFO - Started process (PID=3524) to work on /home/airflow/.local/lib/python3.12/site-packages/airflow/example_dags/example_bash_decorator.py
[2025-05-09T13:34:22.493+0000] {processor.py:914} INFO - Processing file /home/airflow/.local/lib/python3.12/site-packages/airflow/example_dags/example_bash_decorator.py for tasks to queue
[2025-05-09T13:34:22.498+0000] {logging_mixin.py:190} INFO - [2025-05-09T13:34:22.497+0000] {dagbag.py:588} INFO - Filling up the DagBag from /home/airflow/.local/lib/python3.12/site-packages/airflow/example_dags/example_bash_decorator.py
[2025-05-09T13:34:22.530+0000] {processor.py:925} INFO - DAG(s) 'example_bash_decorator' retrieved from /home/airflow/.local/lib/python3.12/site-packages/airflow/example_dags/example_bash_decorator.py
[2025-05-09T13:34:22.573+0000] {logging_mixin.py:190} INFO - [2025-05-09T13:34:22.572+0000] {dag.py:3239} INFO - Sync 1 DAGs
[2025-05-09T13:34:22.889+0000] {logging_mixin.py:190} INFO - [2025-05-09T13:34:22.889+0000] {dag.py:4180} INFO - Setting next_dagrun for example_bash_decorator to None, run_after=None
[2025-05-09T13:34:22.925+0000] {processor.py:208} INFO - Processing /home/airflow/.local/lib/python3.12/site-packages/airflow/example_dags/example_bash_decorator.py took 0.444 seconds
[2025-05-09T13:34:53.030+0000] {processor.py:186} INFO - Started process (PID=3615) to work on /home/airflow/.local/lib/python3.12/site-packages/airflow/example_dags/example_bash_decorator.py
[2025-05-09T13:34:53.032+0000] {processor.py:914} INFO - Processing file /home/airflow/.local/lib/python3.12/site-packages/airflow/example_dags/example_bash_decorator.py for tasks to queue
[2025-05-09T13:34:53.037+0000] {logging_mixin.py:190} INFO - [2025-05-09T13:34:53.036+0000] {dagbag.py:588} INFO - Filling up the DagBag from /home/airflow/.local/lib/python3.12/site-packages/airflow/example_dags/example_bash_decorator.py
[2025-05-09T13:34:53.067+0000] {processor.py:925} INFO - DAG(s) 'example_bash_decorator' retrieved from /home/airflow/.local/lib/python3.12/site-packages/airflow/example_dags/example_bash_decorator.py
[2025-05-09T13:34:53.109+0000] {logging_mixin.py:190} INFO - [2025-05-09T13:34:53.108+0000] {dag.py:3239} INFO - Sync 1 DAGs
[2025-05-09T13:34:53.141+0000] {logging_mixin.py:190} INFO - [2025-05-09T13:34:53.141+0000] {dag.py:4180} INFO - Setting next_dagrun for example_bash_decorator to None, run_after=None
[2025-05-09T13:34:53.458+0000] {processor.py:208} INFO - Processing /home/airflow/.local/lib/python3.12/site-packages/airflow/example_dags/example_bash_decorator.py took 0.440 seconds
[2025-05-09T13:35:25.244+0000] {processor.py:186} INFO - Started process (PID=3706) to work on /home/airflow/.local/lib/python3.12/site-packages/airflow/example_dags/example_bash_decorator.py
[2025-05-09T13:35:25.246+0000] {processor.py:914} INFO - Processing file /home/airflow/.local/lib/python3.12/site-packages/airflow/example_dags/example_bash_decorator.py for tasks to queue
[2025-05-09T13:35:25.251+0000] {logging_mixin.py:190} INFO - [2025-05-09T13:35:25.250+0000] {dagbag.py:588} INFO - Filling up the DagBag from /home/airflow/.local/lib/python3.12/site-packages/airflow/example_dags/example_bash_decorator.py
[2025-05-09T13:35:25.280+0000] {processor.py:925} INFO - DAG(s) 'example_bash_decorator' retrieved from /home/airflow/.local/lib/python3.12/site-packages/airflow/example_dags/example_bash_decorator.py
[2025-05-09T13:35:25.327+0000] {logging_mixin.py:190} INFO - [2025-05-09T13:35:25.327+0000] {dag.py:3239} INFO - Sync 1 DAGs
[2025-05-09T13:35:25.376+0000] {logging_mixin.py:190} INFO - [2025-05-09T13:35:25.376+0000] {dag.py:4180} INFO - Setting next_dagrun for example_bash_decorator to None, run_after=None
[2025-05-09T13:35:25.424+0000] {processor.py:208} INFO - Processing /home/airflow/.local/lib/python3.12/site-packages/airflow/example_dags/example_bash_decorator.py took 0.192 seconds
[2025-05-09T13:35:55.935+0000] {processor.py:186} INFO - Started process (PID=3784) to work on /home/airflow/.local/lib/python3.12/site-packages/airflow/example_dags/example_bash_decorator.py
[2025-05-09T13:35:55.937+0000] {processor.py:914} INFO - Processing file /home/airflow/.local/lib/python3.12/site-packages/airflow/example_dags/example_bash_decorator.py for tasks to queue
[2025-05-09T13:35:55.942+0000] {logging_mixin.py:190} INFO - [2025-05-09T13:35:55.941+0000] {dagbag.py:588} INFO - Filling up the DagBag from /home/airflow/.local/lib/python3.12/site-packages/airflow/example_dags/example_bash_decorator.py
[2025-05-09T13:35:55.974+0000] {processor.py:925} INFO - DAG(s) 'example_bash_decorator' retrieved from /home/airflow/.local/lib/python3.12/site-packages/airflow/example_dags/example_bash_decorator.py
[2025-05-09T13:35:56.030+0000] {logging_mixin.py:190} INFO - [2025-05-09T13:35:56.029+0000] {dag.py:3239} INFO - Sync 1 DAGs
[2025-05-09T13:35:56.066+0000] {logging_mixin.py:190} INFO - [2025-05-09T13:35:56.065+0000] {dag.py:4180} INFO - Setting next_dagrun for example_bash_decorator to None, run_after=None
[2025-05-09T13:35:56.126+0000] {processor.py:208} INFO - Processing /home/airflow/.local/lib/python3.12/site-packages/airflow/example_dags/example_bash_decorator.py took 0.204 seconds
[2025-05-09T13:36:28.227+0000] {processor.py:186} INFO - Started process (PID=3882) to work on /home/airflow/.local/lib/python3.12/site-packages/airflow/example_dags/example_bash_decorator.py
[2025-05-09T13:36:28.230+0000] {processor.py:914} INFO - Processing file /home/airflow/.local/lib/python3.12/site-packages/airflow/example_dags/example_bash_decorator.py for tasks to queue
[2025-05-09T13:36:28.236+0000] {logging_mixin.py:190} INFO - [2025-05-09T13:36:28.235+0000] {dagbag.py:588} INFO - Filling up the DagBag from /home/airflow/.local/lib/python3.12/site-packages/airflow/example_dags/example_bash_decorator.py
[2025-05-09T13:36:28.264+0000] {processor.py:925} INFO - DAG(s) 'example_bash_decorator' retrieved from /home/airflow/.local/lib/python3.12/site-packages/airflow/example_dags/example_bash_decorator.py
[2025-05-09T13:36:28.309+0000] {logging_mixin.py:190} INFO - [2025-05-09T13:36:28.308+0000] {dag.py:3239} INFO - Sync 1 DAGs
[2025-05-09T13:36:28.344+0000] {logging_mixin.py:190} INFO - [2025-05-09T13:36:28.344+0000] {dag.py:4180} INFO - Setting next_dagrun for example_bash_decorator to None, run_after=None
[2025-05-09T13:36:28.398+0000] {processor.py:208} INFO - Processing /home/airflow/.local/lib/python3.12/site-packages/airflow/example_dags/example_bash_decorator.py took 0.183 seconds
[2025-05-09T13:36:59.469+0000] {processor.py:186} INFO - Started process (PID=3973) to work on /home/airflow/.local/lib/python3.12/site-packages/airflow/example_dags/example_bash_decorator.py
[2025-05-09T13:36:59.471+0000] {processor.py:914} INFO - Processing file /home/airflow/.local/lib/python3.12/site-packages/airflow/example_dags/example_bash_decorator.py for tasks to queue
[2025-05-09T13:36:59.476+0000] {logging_mixin.py:190} INFO - [2025-05-09T13:36:59.475+0000] {dagbag.py:588} INFO - Filling up the DagBag from /home/airflow/.local/lib/python3.12/site-packages/airflow/example_dags/example_bash_decorator.py
[2025-05-09T13:36:59.518+0000] {processor.py:925} INFO - DAG(s) 'example_bash_decorator' retrieved from /home/airflow/.local/lib/python3.12/site-packages/airflow/example_dags/example_bash_decorator.py
[2025-05-09T13:36:59.569+0000] {logging_mixin.py:190} INFO - [2025-05-09T13:36:59.569+0000] {dag.py:3239} INFO - Sync 1 DAGs
[2025-05-09T13:36:59.600+0000] {logging_mixin.py:190} INFO - [2025-05-09T13:36:59.600+0000] {dag.py:4180} INFO - Setting next_dagrun for example_bash_decorator to None, run_after=None
[2025-05-09T13:36:59.660+0000] {processor.py:208} INFO - Processing /home/airflow/.local/lib/python3.12/site-packages/airflow/example_dags/example_bash_decorator.py took 0.203 seconds
[2025-05-09T13:37:30.031+0000] {processor.py:186} INFO - Started process (PID=4050) to work on /home/airflow/.local/lib/python3.12/site-packages/airflow/example_dags/example_bash_decorator.py
[2025-05-09T13:37:30.032+0000] {processor.py:914} INFO - Processing file /home/airflow/.local/lib/python3.12/site-packages/airflow/example_dags/example_bash_decorator.py for tasks to queue
[2025-05-09T13:37:30.038+0000] {logging_mixin.py:190} INFO - [2025-05-09T13:37:30.038+0000] {dagbag.py:588} INFO - Filling up the DagBag from /home/airflow/.local/lib/python3.12/site-packages/airflow/example_dags/example_bash_decorator.py
[2025-05-09T13:37:30.064+0000] {processor.py:925} INFO - DAG(s) 'example_bash_decorator' retrieved from /home/airflow/.local/lib/python3.12/site-packages/airflow/example_dags/example_bash_decorator.py
[2025-05-09T13:37:30.100+0000] {logging_mixin.py:190} INFO - [2025-05-09T13:37:30.100+0000] {dag.py:3239} INFO - Sync 1 DAGs
[2025-05-09T13:37:30.126+0000] {logging_mixin.py:190} INFO - [2025-05-09T13:37:30.126+0000] {dag.py:4180} INFO - Setting next_dagrun for example_bash_decorator to None, run_after=None
[2025-05-09T13:37:30.177+0000] {processor.py:208} INFO - Processing /home/airflow/.local/lib/python3.12/site-packages/airflow/example_dags/example_bash_decorator.py took 0.156 seconds
[2025-05-09T13:38:00.642+0000] {processor.py:186} INFO - Started process (PID=4141) to work on /home/airflow/.local/lib/python3.12/site-packages/airflow/example_dags/example_bash_decorator.py
[2025-05-09T13:38:00.644+0000] {processor.py:914} INFO - Processing file /home/airflow/.local/lib/python3.12/site-packages/airflow/example_dags/example_bash_decorator.py for tasks to queue
[2025-05-09T13:38:00.649+0000] {logging_mixin.py:190} INFO - [2025-05-09T13:38:00.648+0000] {dagbag.py:588} INFO - Filling up the DagBag from /home/airflow/.local/lib/python3.12/site-packages/airflow/example_dags/example_bash_decorator.py
[2025-05-09T13:38:00.677+0000] {processor.py:925} INFO - DAG(s) 'example_bash_decorator' retrieved from /home/airflow/.local/lib/python3.12/site-packages/airflow/example_dags/example_bash_decorator.py
[2025-05-09T13:38:00.722+0000] {logging_mixin.py:190} INFO - [2025-05-09T13:38:00.721+0000] {dag.py:3239} INFO - Sync 1 DAGs
[2025-05-09T13:38:00.753+0000] {logging_mixin.py:190} INFO - [2025-05-09T13:38:00.752+0000] {dag.py:4180} INFO - Setting next_dagrun for example_bash_decorator to None, run_after=None
[2025-05-09T13:38:00.810+0000] {processor.py:208} INFO - Processing /home/airflow/.local/lib/python3.12/site-packages/airflow/example_dags/example_bash_decorator.py took 0.180 seconds
[2025-05-09T13:38:31.084+0000] {processor.py:186} INFO - Started process (PID=4231) to work on /home/airflow/.local/lib/python3.12/site-packages/airflow/example_dags/example_bash_decorator.py
[2025-05-09T13:38:31.086+0000] {processor.py:914} INFO - Processing file /home/airflow/.local/lib/python3.12/site-packages/airflow/example_dags/example_bash_decorator.py for tasks to queue
[2025-05-09T13:38:31.092+0000] {logging_mixin.py:190} INFO - [2025-05-09T13:38:31.091+0000] {dagbag.py:588} INFO - Filling up the DagBag from /home/airflow/.local/lib/python3.12/site-packages/airflow/example_dags/example_bash_decorator.py
[2025-05-09T13:38:31.121+0000] {processor.py:925} INFO - DAG(s) 'example_bash_decorator' retrieved from /home/airflow/.local/lib/python3.12/site-packages/airflow/example_dags/example_bash_decorator.py
[2025-05-09T13:38:31.167+0000] {logging_mixin.py:190} INFO - [2025-05-09T13:38:31.166+0000] {dag.py:3239} INFO - Sync 1 DAGs
[2025-05-09T13:38:31.200+0000] {logging_mixin.py:190} INFO - [2025-05-09T13:38:31.199+0000] {dag.py:4180} INFO - Setting next_dagrun for example_bash_decorator to None, run_after=None
[2025-05-09T13:38:31.242+0000] {processor.py:208} INFO - Processing /home/airflow/.local/lib/python3.12/site-packages/airflow/example_dags/example_bash_decorator.py took 0.171 seconds
[2025-05-09T13:39:01.429+0000] {processor.py:186} INFO - Started process (PID=4322) to work on /home/airflow/.local/lib/python3.12/site-packages/airflow/example_dags/example_bash_decorator.py
[2025-05-09T13:39:01.431+0000] {processor.py:914} INFO - Processing file /home/airflow/.local/lib/python3.12/site-packages/airflow/example_dags/example_bash_decorator.py for tasks to queue
[2025-05-09T13:39:01.436+0000] {logging_mixin.py:190} INFO - [2025-05-09T13:39:01.435+0000] {dagbag.py:588} INFO - Filling up the DagBag from /home/airflow/.local/lib/python3.12/site-packages/airflow/example_dags/example_bash_decorator.py
[2025-05-09T13:39:01.470+0000] {processor.py:925} INFO - DAG(s) 'example_bash_decorator' retrieved from /home/airflow/.local/lib/python3.12/site-packages/airflow/example_dags/example_bash_decorator.py
[2025-05-09T13:39:01.513+0000] {logging_mixin.py:190} INFO - [2025-05-09T13:39:01.512+0000] {dag.py:3239} INFO - Sync 1 DAGs
[2025-05-09T13:39:01.544+0000] {logging_mixin.py:190} INFO - [2025-05-09T13:39:01.543+0000] {dag.py:4180} INFO - Setting next_dagrun for example_bash_decorator to None, run_after=None
[2025-05-09T13:39:01.588+0000] {processor.py:208} INFO - Processing /home/airflow/.local/lib/python3.12/site-packages/airflow/example_dags/example_bash_decorator.py took 0.170 seconds
[2025-05-09T13:39:32.060+0000] {processor.py:186} INFO - Started process (PID=4413) to work on /home/airflow/.local/lib/python3.12/site-packages/airflow/example_dags/example_bash_decorator.py
[2025-05-09T13:39:32.063+0000] {processor.py:914} INFO - Processing file /home/airflow/.local/lib/python3.12/site-packages/airflow/example_dags/example_bash_decorator.py for tasks to queue
[2025-05-09T13:39:32.069+0000] {logging_mixin.py:190} INFO - [2025-05-09T13:39:32.068+0000] {dagbag.py:588} INFO - Filling up the DagBag from /home/airflow/.local/lib/python3.12/site-packages/airflow/example_dags/example_bash_decorator.py
[2025-05-09T13:39:32.096+0000] {processor.py:925} INFO - DAG(s) 'example_bash_decorator' retrieved from /home/airflow/.local/lib/python3.12/site-packages/airflow/example_dags/example_bash_decorator.py
[2025-05-09T13:39:32.137+0000] {logging_mixin.py:190} INFO - [2025-05-09T13:39:32.137+0000] {dag.py:3239} INFO - Sync 1 DAGs
[2025-05-09T13:39:32.169+0000] {logging_mixin.py:190} INFO - [2025-05-09T13:39:32.169+0000] {dag.py:4180} INFO - Setting next_dagrun for example_bash_decorator to None, run_after=None
[2025-05-09T13:39:32.221+0000] {processor.py:208} INFO - Processing /home/airflow/.local/lib/python3.12/site-packages/airflow/example_dags/example_bash_decorator.py took 0.172 seconds
[2025-05-09T13:58:12.734+0000] {processor.py:186} INFO - Started process (PID=4493) to work on /home/airflow/.local/lib/python3.12/site-packages/airflow/example_dags/example_bash_decorator.py
[2025-05-09T13:58:12.737+0000] {processor.py:914} INFO - Processing file /home/airflow/.local/lib/python3.12/site-packages/airflow/example_dags/example_bash_decorator.py for tasks to queue
[2025-05-09T13:58:12.741+0000] {logging_mixin.py:190} INFO - [2025-05-09T13:58:12.741+0000] {dagbag.py:588} INFO - Filling up the DagBag from /home/airflow/.local/lib/python3.12/site-packages/airflow/example_dags/example_bash_decorator.py
[2025-05-09T13:58:12.771+0000] {processor.py:925} INFO - DAG(s) 'example_bash_decorator' retrieved from /home/airflow/.local/lib/python3.12/site-packages/airflow/example_dags/example_bash_decorator.py
[2025-05-09T13:58:12.825+0000] {logging_mixin.py:190} INFO - [2025-05-09T13:58:12.825+0000] {dag.py:3239} INFO - Sync 1 DAGs
[2025-05-09T13:58:12.856+0000] {logging_mixin.py:190} INFO - [2025-05-09T13:58:12.856+0000] {dag.py:4180} INFO - Setting next_dagrun for example_bash_decorator to None, run_after=None
[2025-05-09T13:58:12.893+0000] {processor.py:208} INFO - Processing /home/airflow/.local/lib/python3.12/site-packages/airflow/example_dags/example_bash_decorator.py took 0.171 seconds
[2025-05-09T13:58:46.092+0000] {processor.py:186} INFO - Started process (PID=4590) to work on /home/airflow/.local/lib/python3.12/site-packages/airflow/example_dags/example_bash_decorator.py
[2025-05-09T13:58:46.094+0000] {processor.py:914} INFO - Processing file /home/airflow/.local/lib/python3.12/site-packages/airflow/example_dags/example_bash_decorator.py for tasks to queue
[2025-05-09T13:58:46.098+0000] {logging_mixin.py:190} INFO - [2025-05-09T13:58:46.098+0000] {dagbag.py:588} INFO - Filling up the DagBag from /home/airflow/.local/lib/python3.12/site-packages/airflow/example_dags/example_bash_decorator.py
[2025-05-09T13:58:46.124+0000] {processor.py:925} INFO - DAG(s) 'example_bash_decorator' retrieved from /home/airflow/.local/lib/python3.12/site-packages/airflow/example_dags/example_bash_decorator.py
[2025-05-09T13:58:46.168+0000] {logging_mixin.py:190} INFO - [2025-05-09T13:58:46.168+0000] {dag.py:3239} INFO - Sync 1 DAGs
[2025-05-09T13:58:46.194+0000] {logging_mixin.py:190} INFO - [2025-05-09T13:58:46.194+0000] {dag.py:4180} INFO - Setting next_dagrun for example_bash_decorator to None, run_after=None
[2025-05-09T13:58:46.243+0000] {processor.py:208} INFO - Processing /home/airflow/.local/lib/python3.12/site-packages/airflow/example_dags/example_bash_decorator.py took 0.163 seconds
[2025-05-09T13:59:19.693+0000] {processor.py:186} INFO - Started process (PID=4679) to work on /home/airflow/.local/lib/python3.12/site-packages/airflow/example_dags/example_bash_decorator.py
[2025-05-09T13:59:19.695+0000] {processor.py:914} INFO - Processing file /home/airflow/.local/lib/python3.12/site-packages/airflow/example_dags/example_bash_decorator.py for tasks to queue
[2025-05-09T13:59:19.699+0000] {logging_mixin.py:190} INFO - [2025-05-09T13:59:19.699+0000] {dagbag.py:588} INFO - Filling up the DagBag from /home/airflow/.local/lib/python3.12/site-packages/airflow/example_dags/example_bash_decorator.py
[2025-05-09T13:59:19.724+0000] {processor.py:925} INFO - DAG(s) 'example_bash_decorator' retrieved from /home/airflow/.local/lib/python3.12/site-packages/airflow/example_dags/example_bash_decorator.py
[2025-05-09T13:59:19.764+0000] {logging_mixin.py:190} INFO - [2025-05-09T13:59:19.764+0000] {dag.py:3239} INFO - Sync 1 DAGs
[2025-05-09T13:59:19.791+0000] {logging_mixin.py:190} INFO - [2025-05-09T13:59:19.791+0000] {dag.py:4180} INFO - Setting next_dagrun for example_bash_decorator to None, run_after=None
[2025-05-09T13:59:19.838+0000] {processor.py:208} INFO - Processing /home/airflow/.local/lib/python3.12/site-packages/airflow/example_dags/example_bash_decorator.py took 0.157 seconds
[2025-05-09T13:59:54.673+0000] {processor.py:186} INFO - Started process (PID=4763) to work on /home/airflow/.local/lib/python3.12/site-packages/airflow/example_dags/example_bash_decorator.py
[2025-05-09T13:59:54.674+0000] {processor.py:914} INFO - Processing file /home/airflow/.local/lib/python3.12/site-packages/airflow/example_dags/example_bash_decorator.py for tasks to queue
[2025-05-09T13:59:54.678+0000] {logging_mixin.py:190} INFO - [2025-05-09T13:59:54.678+0000] {dagbag.py:588} INFO - Filling up the DagBag from /home/airflow/.local/lib/python3.12/site-packages/airflow/example_dags/example_bash_decorator.py
[2025-05-09T13:59:54.709+0000] {processor.py:925} INFO - DAG(s) 'example_bash_decorator' retrieved from /home/airflow/.local/lib/python3.12/site-packages/airflow/example_dags/example_bash_decorator.py
[2025-05-09T13:59:54.750+0000] {logging_mixin.py:190} INFO - [2025-05-09T13:59:54.749+0000] {dag.py:3239} INFO - Sync 1 DAGs
[2025-05-09T13:59:54.776+0000] {logging_mixin.py:190} INFO - [2025-05-09T13:59:54.775+0000] {dag.py:4180} INFO - Setting next_dagrun for example_bash_decorator to None, run_after=None
[2025-05-09T13:59:54.829+0000] {processor.py:208} INFO - Processing /home/airflow/.local/lib/python3.12/site-packages/airflow/example_dags/example_bash_decorator.py took 0.168 seconds
[2025-05-09T14:00:28.814+0000] {processor.py:186} INFO - Started process (PID=4854) to work on /home/airflow/.local/lib/python3.12/site-packages/airflow/example_dags/example_bash_decorator.py
[2025-05-09T14:00:28.817+0000] {processor.py:914} INFO - Processing file /home/airflow/.local/lib/python3.12/site-packages/airflow/example_dags/example_bash_decorator.py for tasks to queue
[2025-05-09T14:00:28.822+0000] {logging_mixin.py:190} INFO - [2025-05-09T14:00:28.821+0000] {dagbag.py:588} INFO - Filling up the DagBag from /home/airflow/.local/lib/python3.12/site-packages/airflow/example_dags/example_bash_decorator.py
[2025-05-09T14:00:28.852+0000] {processor.py:925} INFO - DAG(s) 'example_bash_decorator' retrieved from /home/airflow/.local/lib/python3.12/site-packages/airflow/example_dags/example_bash_decorator.py
[2025-05-09T14:00:28.903+0000] {logging_mixin.py:190} INFO - [2025-05-09T14:00:28.902+0000] {dag.py:3239} INFO - Sync 1 DAGs
[2025-05-09T14:00:28.935+0000] {logging_mixin.py:190} INFO - [2025-05-09T14:00:28.935+0000] {dag.py:4180} INFO - Setting next_dagrun for example_bash_decorator to None, run_after=None
[2025-05-09T14:00:28.978+0000] {processor.py:208} INFO - Processing /home/airflow/.local/lib/python3.12/site-packages/airflow/example_dags/example_bash_decorator.py took 0.178 seconds
[2025-05-09T14:01:02.732+0000] {processor.py:186} INFO - Started process (PID=4945) to work on /home/airflow/.local/lib/python3.12/site-packages/airflow/example_dags/example_bash_decorator.py
[2025-05-09T14:01:02.735+0000] {processor.py:914} INFO - Processing file /home/airflow/.local/lib/python3.12/site-packages/airflow/example_dags/example_bash_decorator.py for tasks to queue
[2025-05-09T14:01:02.741+0000] {logging_mixin.py:190} INFO - [2025-05-09T14:01:02.740+0000] {dagbag.py:588} INFO - Filling up the DagBag from /home/airflow/.local/lib/python3.12/site-packages/airflow/example_dags/example_bash_decorator.py
[2025-05-09T14:01:02.773+0000] {processor.py:925} INFO - DAG(s) 'example_bash_decorator' retrieved from /home/airflow/.local/lib/python3.12/site-packages/airflow/example_dags/example_bash_decorator.py
[2025-05-09T14:01:02.822+0000] {logging_mixin.py:190} INFO - [2025-05-09T14:01:02.822+0000] {dag.py:3239} INFO - Sync 1 DAGs
[2025-05-09T14:01:02.851+0000] {logging_mixin.py:190} INFO - [2025-05-09T14:01:02.851+0000] {dag.py:4180} INFO - Setting next_dagrun for example_bash_decorator to None, run_after=None
[2025-05-09T14:01:02.894+0000] {processor.py:208} INFO - Processing /home/airflow/.local/lib/python3.12/site-packages/airflow/example_dags/example_bash_decorator.py took 0.173 seconds
[2025-05-09T14:01:41.356+0000] {processor.py:186} INFO - Started process (PID=5037) to work on /home/airflow/.local/lib/python3.12/site-packages/airflow/example_dags/example_bash_decorator.py
[2025-05-09T14:01:41.358+0000] {processor.py:914} INFO - Processing file /home/airflow/.local/lib/python3.12/site-packages/airflow/example_dags/example_bash_decorator.py for tasks to queue
[2025-05-09T14:01:41.362+0000] {logging_mixin.py:190} INFO - [2025-05-09T14:01:41.361+0000] {dagbag.py:588} INFO - Filling up the DagBag from /home/airflow/.local/lib/python3.12/site-packages/airflow/example_dags/example_bash_decorator.py
[2025-05-09T14:01:41.388+0000] {processor.py:925} INFO - DAG(s) 'example_bash_decorator' retrieved from /home/airflow/.local/lib/python3.12/site-packages/airflow/example_dags/example_bash_decorator.py
[2025-05-09T14:01:41.430+0000] {logging_mixin.py:190} INFO - [2025-05-09T14:01:41.429+0000] {dag.py:3239} INFO - Sync 1 DAGs
[2025-05-09T14:01:41.455+0000] {logging_mixin.py:190} INFO - [2025-05-09T14:01:41.454+0000] {dag.py:4180} INFO - Setting next_dagrun for example_bash_decorator to None, run_after=None
[2025-05-09T14:01:41.581+0000] {processor.py:208} INFO - Processing /home/airflow/.local/lib/python3.12/site-packages/airflow/example_dags/example_bash_decorator.py took 0.235 seconds
[2025-05-09T14:02:16.925+0000] {processor.py:186} INFO - Started process (PID=5134) to work on /home/airflow/.local/lib/python3.12/site-packages/airflow/example_dags/example_bash_decorator.py
[2025-05-09T14:02:16.927+0000] {processor.py:914} INFO - Processing file /home/airflow/.local/lib/python3.12/site-packages/airflow/example_dags/example_bash_decorator.py for tasks to queue
[2025-05-09T14:02:16.932+0000] {logging_mixin.py:190} INFO - [2025-05-09T14:02:16.931+0000] {dagbag.py:588} INFO - Filling up the DagBag from /home/airflow/.local/lib/python3.12/site-packages/airflow/example_dags/example_bash_decorator.py
[2025-05-09T14:02:16.961+0000] {processor.py:925} INFO - DAG(s) 'example_bash_decorator' retrieved from /home/airflow/.local/lib/python3.12/site-packages/airflow/example_dags/example_bash_decorator.py
[2025-05-09T14:02:17.009+0000] {logging_mixin.py:190} INFO - [2025-05-09T14:02:17.008+0000] {dag.py:3239} INFO - Sync 1 DAGs
[2025-05-09T14:02:17.037+0000] {logging_mixin.py:190} INFO - [2025-05-09T14:02:17.036+0000] {dag.py:4180} INFO - Setting next_dagrun for example_bash_decorator to None, run_after=None
[2025-05-09T14:02:17.074+0000] {processor.py:208} INFO - Processing /home/airflow/.local/lib/python3.12/site-packages/airflow/example_dags/example_bash_decorator.py took 0.164 seconds
