[2025-05-09T13:14:50.907+0000] {processor.py:186} INFO - Started process (PID=147) to work on /home/airflow/.local/lib/python3.12/site-packages/airflow/example_dags/example_bash_operator.py
[2025-05-09T13:14:50.909+0000] {processor.py:914} INFO - Processing file /home/airflow/.local/lib/python3.12/site-packages/airflow/example_dags/example_bash_operator.py for tasks to queue
[2025-05-09T13:14:50.914+0000] {logging_mixin.py:190} INFO - [2025-05-09T13:14:50.914+0000] {dagbag.py:588} INFO - Filling up the DagBag from /home/airflow/.local/lib/python3.12/site-packages/airflow/example_dags/example_bash_operator.py
[2025-05-09T13:14:50.943+0000] {processor.py:925} INFO - DAG(s) 'example_bash_operator' retrieved from /home/airflow/.local/lib/python3.12/site-packages/airflow/example_dags/example_bash_operator.py
[2025-05-09T13:14:51.000+0000] {logging_mixin.py:190} INFO - [2025-05-09T13:14:50.999+0000] {dag.py:3239} INFO - Sync 1 DAGs
[2025-05-09T13:14:51.046+0000] {logging_mixin.py:190} INFO - [2025-05-09T13:14:51.045+0000] {dag.py:4180} INFO - Setting next_dagrun for example_bash_operator to 2025-05-08 00:00:00+00:00, run_after=2025-05-09 00:00:00+00:00
[2025-05-09T13:14:51.083+0000] {processor.py:208} INFO - Processing /home/airflow/.local/lib/python3.12/site-packages/airflow/example_dags/example_bash_operator.py took 0.190 seconds
[2025-05-09T13:15:21.482+0000] {processor.py:186} INFO - Started process (PID=224) to work on /home/airflow/.local/lib/python3.12/site-packages/airflow/example_dags/example_bash_operator.py
[2025-05-09T13:15:21.487+0000] {processor.py:914} INFO - Processing file /home/airflow/.local/lib/python3.12/site-packages/airflow/example_dags/example_bash_operator.py for tasks to queue
[2025-05-09T13:15:21.497+0000] {logging_mixin.py:190} INFO - [2025-05-09T13:15:21.496+0000] {dagbag.py:588} INFO - Filling up the DagBag from /home/airflow/.local/lib/python3.12/site-packages/airflow/example_dags/example_bash_operator.py
[2025-05-09T13:15:21.530+0000] {processor.py:925} INFO - DAG(s) 'example_bash_operator' retrieved from /home/airflow/.local/lib/python3.12/site-packages/airflow/example_dags/example_bash_operator.py
[2025-05-09T13:15:21.601+0000] {logging_mixin.py:190} INFO - [2025-05-09T13:15:21.600+0000] {dag.py:3239} INFO - Sync 1 DAGs
[2025-05-09T13:15:21.659+0000] {logging_mixin.py:190} INFO - [2025-05-09T13:15:21.659+0000] {dag.py:4180} INFO - Setting next_dagrun for example_bash_operator to 2025-05-08 00:00:00+00:00, run_after=2025-05-09 00:00:00+00:00
[2025-05-09T13:15:21.720+0000] {processor.py:208} INFO - Processing /home/airflow/.local/lib/python3.12/site-packages/airflow/example_dags/example_bash_operator.py took 0.256 seconds
[2025-05-09T13:15:52.174+0000] {processor.py:186} INFO - Started process (PID=314) to work on /home/airflow/.local/lib/python3.12/site-packages/airflow/example_dags/example_bash_operator.py
[2025-05-09T13:15:52.176+0000] {processor.py:914} INFO - Processing file /home/airflow/.local/lib/python3.12/site-packages/airflow/example_dags/example_bash_operator.py for tasks to queue
[2025-05-09T13:15:52.184+0000] {logging_mixin.py:190} INFO - [2025-05-09T13:15:52.184+0000] {dagbag.py:588} INFO - Filling up the DagBag from /home/airflow/.local/lib/python3.12/site-packages/airflow/example_dags/example_bash_operator.py
[2025-05-09T13:15:52.219+0000] {processor.py:925} INFO - DAG(s) 'example_bash_operator' retrieved from /home/airflow/.local/lib/python3.12/site-packages/airflow/example_dags/example_bash_operator.py
[2025-05-09T13:15:52.274+0000] {logging_mixin.py:190} INFO - [2025-05-09T13:15:52.274+0000] {dag.py:3239} INFO - Sync 1 DAGs
[2025-05-09T13:15:52.329+0000] {logging_mixin.py:190} INFO - [2025-05-09T13:15:52.329+0000] {dag.py:4180} INFO - Setting next_dagrun for example_bash_operator to 2025-05-08 00:00:00+00:00, run_after=2025-05-09 00:00:00+00:00
[2025-05-09T13:15:52.389+0000] {processor.py:208} INFO - Processing /home/airflow/.local/lib/python3.12/site-packages/airflow/example_dags/example_bash_operator.py took 0.232 seconds
[2025-05-09T13:16:22.633+0000] {processor.py:186} INFO - Started process (PID=405) to work on /home/airflow/.local/lib/python3.12/site-packages/airflow/example_dags/example_bash_operator.py
[2025-05-09T13:16:22.635+0000] {processor.py:914} INFO - Processing file /home/airflow/.local/lib/python3.12/site-packages/airflow/example_dags/example_bash_operator.py for tasks to queue
[2025-05-09T13:16:22.645+0000] {logging_mixin.py:190} INFO - [2025-05-09T13:16:22.641+0000] {dagbag.py:588} INFO - Filling up the DagBag from /home/airflow/.local/lib/python3.12/site-packages/airflow/example_dags/example_bash_operator.py
[2025-05-09T13:16:22.673+0000] {processor.py:925} INFO - DAG(s) 'example_bash_operator' retrieved from /home/airflow/.local/lib/python3.12/site-packages/airflow/example_dags/example_bash_operator.py
[2025-05-09T13:16:22.729+0000] {logging_mixin.py:190} INFO - [2025-05-09T13:16:22.729+0000] {dag.py:3239} INFO - Sync 1 DAGs
[2025-05-09T13:16:22.777+0000] {logging_mixin.py:190} INFO - [2025-05-09T13:16:22.776+0000] {dag.py:4180} INFO - Setting next_dagrun for example_bash_operator to 2025-05-08 00:00:00+00:00, run_after=2025-05-09 00:00:00+00:00
[2025-05-09T13:16:22.837+0000] {processor.py:208} INFO - Processing /home/airflow/.local/lib/python3.12/site-packages/airflow/example_dags/example_bash_operator.py took 0.218 seconds
[2025-05-09T13:16:53.229+0000] {processor.py:186} INFO - Started process (PID=496) to work on /home/airflow/.local/lib/python3.12/site-packages/airflow/example_dags/example_bash_operator.py
[2025-05-09T13:16:53.231+0000] {processor.py:914} INFO - Processing file /home/airflow/.local/lib/python3.12/site-packages/airflow/example_dags/example_bash_operator.py for tasks to queue
[2025-05-09T13:16:53.236+0000] {logging_mixin.py:190} INFO - [2025-05-09T13:16:53.236+0000] {dagbag.py:588} INFO - Filling up the DagBag from /home/airflow/.local/lib/python3.12/site-packages/airflow/example_dags/example_bash_operator.py
[2025-05-09T13:16:53.263+0000] {processor.py:925} INFO - DAG(s) 'example_bash_operator' retrieved from /home/airflow/.local/lib/python3.12/site-packages/airflow/example_dags/example_bash_operator.py
[2025-05-09T13:16:53.313+0000] {logging_mixin.py:190} INFO - [2025-05-09T13:16:53.312+0000] {dag.py:3239} INFO - Sync 1 DAGs
[2025-05-09T13:16:53.372+0000] {logging_mixin.py:190} INFO - [2025-05-09T13:16:53.371+0000] {dag.py:4180} INFO - Setting next_dagrun for example_bash_operator to 2025-05-08 00:00:00+00:00, run_after=2025-05-09 00:00:00+00:00
[2025-05-09T13:16:53.417+0000] {processor.py:208} INFO - Processing /home/airflow/.local/lib/python3.12/site-packages/airflow/example_dags/example_bash_operator.py took 0.201 seconds
[2025-05-09T13:17:25.184+0000] {processor.py:186} INFO - Started process (PID=593) to work on /home/airflow/.local/lib/python3.12/site-packages/airflow/example_dags/example_bash_operator.py
[2025-05-09T13:17:25.188+0000] {processor.py:914} INFO - Processing file /home/airflow/.local/lib/python3.12/site-packages/airflow/example_dags/example_bash_operator.py for tasks to queue
[2025-05-09T13:17:25.194+0000] {logging_mixin.py:190} INFO - [2025-05-09T13:17:25.193+0000] {dagbag.py:588} INFO - Filling up the DagBag from /home/airflow/.local/lib/python3.12/site-packages/airflow/example_dags/example_bash_operator.py
[2025-05-09T13:17:25.222+0000] {processor.py:925} INFO - DAG(s) 'example_bash_operator' retrieved from /home/airflow/.local/lib/python3.12/site-packages/airflow/example_dags/example_bash_operator.py
[2025-05-09T13:17:25.274+0000] {logging_mixin.py:190} INFO - [2025-05-09T13:17:25.274+0000] {dag.py:3239} INFO - Sync 1 DAGs
[2025-05-09T13:17:25.323+0000] {logging_mixin.py:190} INFO - [2025-05-09T13:17:25.323+0000] {dag.py:4180} INFO - Setting next_dagrun for example_bash_operator to 2025-05-08 00:00:00+00:00, run_after=2025-05-09 00:00:00+00:00
[2025-05-09T13:17:25.383+0000] {processor.py:208} INFO - Processing /home/airflow/.local/lib/python3.12/site-packages/airflow/example_dags/example_bash_operator.py took 0.216 seconds
[2025-05-09T13:17:57.334+0000] {processor.py:186} INFO - Started process (PID=684) to work on /home/airflow/.local/lib/python3.12/site-packages/airflow/example_dags/example_bash_operator.py
[2025-05-09T13:17:57.336+0000] {processor.py:914} INFO - Processing file /home/airflow/.local/lib/python3.12/site-packages/airflow/example_dags/example_bash_operator.py for tasks to queue
[2025-05-09T13:17:57.341+0000] {logging_mixin.py:190} INFO - [2025-05-09T13:17:57.340+0000] {dagbag.py:588} INFO - Filling up the DagBag from /home/airflow/.local/lib/python3.12/site-packages/airflow/example_dags/example_bash_operator.py
[2025-05-09T13:17:57.364+0000] {processor.py:925} INFO - DAG(s) 'example_bash_operator' retrieved from /home/airflow/.local/lib/python3.12/site-packages/airflow/example_dags/example_bash_operator.py
[2025-05-09T13:17:57.416+0000] {logging_mixin.py:190} INFO - [2025-05-09T13:17:57.415+0000] {dag.py:3239} INFO - Sync 1 DAGs
[2025-05-09T13:17:57.464+0000] {logging_mixin.py:190} INFO - [2025-05-09T13:17:57.464+0000] {dag.py:4180} INFO - Setting next_dagrun for example_bash_operator to 2025-05-08 00:00:00+00:00, run_after=2025-05-09 00:00:00+00:00
[2025-05-09T13:17:57.511+0000] {processor.py:208} INFO - Processing /home/airflow/.local/lib/python3.12/site-packages/airflow/example_dags/example_bash_operator.py took 0.187 seconds
[2025-05-09T13:18:28.260+0000] {processor.py:186} INFO - Started process (PID=776) to work on /home/airflow/.local/lib/python3.12/site-packages/airflow/example_dags/example_bash_operator.py
[2025-05-09T13:18:28.263+0000] {processor.py:914} INFO - Processing file /home/airflow/.local/lib/python3.12/site-packages/airflow/example_dags/example_bash_operator.py for tasks to queue
[2025-05-09T13:18:28.269+0000] {logging_mixin.py:190} INFO - [2025-05-09T13:18:28.268+0000] {dagbag.py:588} INFO - Filling up the DagBag from /home/airflow/.local/lib/python3.12/site-packages/airflow/example_dags/example_bash_operator.py
[2025-05-09T13:18:28.304+0000] {processor.py:925} INFO - DAG(s) 'example_bash_operator' retrieved from /home/airflow/.local/lib/python3.12/site-packages/airflow/example_dags/example_bash_operator.py
[2025-05-09T13:18:28.379+0000] {logging_mixin.py:190} INFO - [2025-05-09T13:18:28.378+0000] {dag.py:3239} INFO - Sync 1 DAGs
[2025-05-09T13:18:28.453+0000] {logging_mixin.py:190} INFO - [2025-05-09T13:18:28.452+0000] {dag.py:4180} INFO - Setting next_dagrun for example_bash_operator to 2025-05-08 00:00:00+00:00, run_after=2025-05-09 00:00:00+00:00
[2025-05-09T13:18:28.522+0000] {processor.py:208} INFO - Processing /home/airflow/.local/lib/python3.12/site-packages/airflow/example_dags/example_bash_operator.py took 0.280 seconds
[2025-05-09T13:18:58.772+0000] {processor.py:186} INFO - Started process (PID=866) to work on /home/airflow/.local/lib/python3.12/site-packages/airflow/example_dags/example_bash_operator.py
[2025-05-09T13:18:58.775+0000] {processor.py:914} INFO - Processing file /home/airflow/.local/lib/python3.12/site-packages/airflow/example_dags/example_bash_operator.py for tasks to queue
[2025-05-09T13:18:58.780+0000] {logging_mixin.py:190} INFO - [2025-05-09T13:18:58.779+0000] {dagbag.py:588} INFO - Filling up the DagBag from /home/airflow/.local/lib/python3.12/site-packages/airflow/example_dags/example_bash_operator.py
[2025-05-09T13:18:58.807+0000] {processor.py:925} INFO - DAG(s) 'example_bash_operator' retrieved from /home/airflow/.local/lib/python3.12/site-packages/airflow/example_dags/example_bash_operator.py
[2025-05-09T13:18:58.855+0000] {logging_mixin.py:190} INFO - [2025-05-09T13:18:58.854+0000] {dag.py:3239} INFO - Sync 1 DAGs
[2025-05-09T13:18:58.902+0000] {logging_mixin.py:190} INFO - [2025-05-09T13:18:58.902+0000] {dag.py:4180} INFO - Setting next_dagrun for example_bash_operator to 2025-05-08 00:00:00+00:00, run_after=2025-05-09 00:00:00+00:00
[2025-05-09T13:18:58.935+0000] {processor.py:208} INFO - Processing /home/airflow/.local/lib/python3.12/site-packages/airflow/example_dags/example_bash_operator.py took 0.174 seconds
[2025-05-09T13:19:29.524+0000] {processor.py:186} INFO - Started process (PID=957) to work on /home/airflow/.local/lib/python3.12/site-packages/airflow/example_dags/example_bash_operator.py
[2025-05-09T13:19:29.526+0000] {processor.py:914} INFO - Processing file /home/airflow/.local/lib/python3.12/site-packages/airflow/example_dags/example_bash_operator.py for tasks to queue
[2025-05-09T13:19:29.530+0000] {logging_mixin.py:190} INFO - [2025-05-09T13:19:29.530+0000] {dagbag.py:588} INFO - Filling up the DagBag from /home/airflow/.local/lib/python3.12/site-packages/airflow/example_dags/example_bash_operator.py
[2025-05-09T13:19:29.554+0000] {processor.py:925} INFO - DAG(s) 'example_bash_operator' retrieved from /home/airflow/.local/lib/python3.12/site-packages/airflow/example_dags/example_bash_operator.py
[2025-05-09T13:19:29.609+0000] {logging_mixin.py:190} INFO - [2025-05-09T13:19:29.608+0000] {dag.py:3239} INFO - Sync 1 DAGs
[2025-05-09T13:19:29.654+0000] {logging_mixin.py:190} INFO - [2025-05-09T13:19:29.654+0000] {dag.py:4180} INFO - Setting next_dagrun for example_bash_operator to 2025-05-08 00:00:00+00:00, run_after=2025-05-09 00:00:00+00:00
[2025-05-09T13:19:29.698+0000] {processor.py:208} INFO - Processing /home/airflow/.local/lib/python3.12/site-packages/airflow/example_dags/example_bash_operator.py took 0.185 seconds
[2025-05-09T13:20:00.515+0000] {processor.py:186} INFO - Started process (PID=1048) to work on /home/airflow/.local/lib/python3.12/site-packages/airflow/example_dags/example_bash_operator.py
[2025-05-09T13:20:00.517+0000] {processor.py:914} INFO - Processing file /home/airflow/.local/lib/python3.12/site-packages/airflow/example_dags/example_bash_operator.py for tasks to queue
[2025-05-09T13:20:00.522+0000] {logging_mixin.py:190} INFO - [2025-05-09T13:20:00.521+0000] {dagbag.py:588} INFO - Filling up the DagBag from /home/airflow/.local/lib/python3.12/site-packages/airflow/example_dags/example_bash_operator.py
[2025-05-09T13:20:00.546+0000] {processor.py:925} INFO - DAG(s) 'example_bash_operator' retrieved from /home/airflow/.local/lib/python3.12/site-packages/airflow/example_dags/example_bash_operator.py
[2025-05-09T13:20:00.604+0000] {logging_mixin.py:190} INFO - [2025-05-09T13:20:00.602+0000] {dag.py:3239} INFO - Sync 1 DAGs
[2025-05-09T13:20:00.663+0000] {logging_mixin.py:190} INFO - [2025-05-09T13:20:00.662+0000] {dag.py:4180} INFO - Setting next_dagrun for example_bash_operator to 2025-05-08 00:00:00+00:00, run_after=2025-05-09 00:00:00+00:00
[2025-05-09T13:20:00.721+0000] {processor.py:208} INFO - Processing /home/airflow/.local/lib/python3.12/site-packages/airflow/example_dags/example_bash_operator.py took 0.217 seconds
[2025-05-09T13:20:30.965+0000] {processor.py:186} INFO - Started process (PID=1129) to work on /home/airflow/.local/lib/python3.12/site-packages/airflow/example_dags/example_bash_operator.py
[2025-05-09T13:20:30.967+0000] {processor.py:914} INFO - Processing file /home/airflow/.local/lib/python3.12/site-packages/airflow/example_dags/example_bash_operator.py for tasks to queue
[2025-05-09T13:20:30.971+0000] {logging_mixin.py:190} INFO - [2025-05-09T13:20:30.971+0000] {dagbag.py:588} INFO - Filling up the DagBag from /home/airflow/.local/lib/python3.12/site-packages/airflow/example_dags/example_bash_operator.py
[2025-05-09T13:20:30.998+0000] {processor.py:925} INFO - DAG(s) 'example_bash_operator' retrieved from /home/airflow/.local/lib/python3.12/site-packages/airflow/example_dags/example_bash_operator.py
[2025-05-09T13:20:31.051+0000] {logging_mixin.py:190} INFO - [2025-05-09T13:20:31.050+0000] {dag.py:3239} INFO - Sync 1 DAGs
[2025-05-09T13:20:31.101+0000] {logging_mixin.py:190} INFO - [2025-05-09T13:20:31.100+0000] {dag.py:4180} INFO - Setting next_dagrun for example_bash_operator to 2025-05-08 00:00:00+00:00, run_after=2025-05-09 00:00:00+00:00
[2025-05-09T13:20:31.141+0000] {processor.py:208} INFO - Processing /home/airflow/.local/lib/python3.12/site-packages/airflow/example_dags/example_bash_operator.py took 0.190 seconds
[2025-05-09T13:21:01.340+0000] {processor.py:186} INFO - Started process (PID=1220) to work on /home/airflow/.local/lib/python3.12/site-packages/airflow/example_dags/example_bash_operator.py
[2025-05-09T13:21:01.342+0000] {processor.py:914} INFO - Processing file /home/airflow/.local/lib/python3.12/site-packages/airflow/example_dags/example_bash_operator.py for tasks to queue
[2025-05-09T13:21:01.348+0000] {logging_mixin.py:190} INFO - [2025-05-09T13:21:01.347+0000] {dagbag.py:588} INFO - Filling up the DagBag from /home/airflow/.local/lib/python3.12/site-packages/airflow/example_dags/example_bash_operator.py
[2025-05-09T13:21:01.376+0000] {processor.py:925} INFO - DAG(s) 'example_bash_operator' retrieved from /home/airflow/.local/lib/python3.12/site-packages/airflow/example_dags/example_bash_operator.py
[2025-05-09T13:21:01.425+0000] {logging_mixin.py:190} INFO - [2025-05-09T13:21:01.425+0000] {dag.py:3239} INFO - Sync 1 DAGs
[2025-05-09T13:21:01.469+0000] {logging_mixin.py:190} INFO - [2025-05-09T13:21:01.469+0000] {dag.py:4180} INFO - Setting next_dagrun for example_bash_operator to 2025-05-08 00:00:00+00:00, run_after=2025-05-09 00:00:00+00:00
[2025-05-09T13:21:01.525+0000] {processor.py:208} INFO - Processing /home/airflow/.local/lib/python3.12/site-packages/airflow/example_dags/example_bash_operator.py took 0.197 seconds
[2025-05-09T13:21:31.605+0000] {processor.py:186} INFO - Started process (PID=1311) to work on /home/airflow/.local/lib/python3.12/site-packages/airflow/example_dags/example_bash_operator.py
[2025-05-09T13:21:31.608+0000] {processor.py:914} INFO - Processing file /home/airflow/.local/lib/python3.12/site-packages/airflow/example_dags/example_bash_operator.py for tasks to queue
[2025-05-09T13:21:31.617+0000] {logging_mixin.py:190} INFO - [2025-05-09T13:21:31.616+0000] {dagbag.py:588} INFO - Filling up the DagBag from /home/airflow/.local/lib/python3.12/site-packages/airflow/example_dags/example_bash_operator.py
[2025-05-09T13:21:31.657+0000] {processor.py:925} INFO - DAG(s) 'example_bash_operator' retrieved from /home/airflow/.local/lib/python3.12/site-packages/airflow/example_dags/example_bash_operator.py
[2025-05-09T13:21:31.721+0000] {logging_mixin.py:190} INFO - [2025-05-09T13:21:31.720+0000] {dag.py:3239} INFO - Sync 1 DAGs
[2025-05-09T13:21:31.785+0000] {logging_mixin.py:190} INFO - [2025-05-09T13:21:31.785+0000] {dag.py:4180} INFO - Setting next_dagrun for example_bash_operator to 2025-05-08 00:00:00+00:00, run_after=2025-05-09 00:00:00+00:00
[2025-05-09T13:21:31.831+0000] {processor.py:208} INFO - Processing /home/airflow/.local/lib/python3.12/site-packages/airflow/example_dags/example_bash_operator.py took 0.244 seconds
[2025-05-09T13:22:03.716+0000] {processor.py:186} INFO - Started process (PID=1402) to work on /home/airflow/.local/lib/python3.12/site-packages/airflow/example_dags/example_bash_operator.py
[2025-05-09T13:22:03.718+0000] {processor.py:914} INFO - Processing file /home/airflow/.local/lib/python3.12/site-packages/airflow/example_dags/example_bash_operator.py for tasks to queue
[2025-05-09T13:22:03.723+0000] {logging_mixin.py:190} INFO - [2025-05-09T13:22:03.722+0000] {dagbag.py:588} INFO - Filling up the DagBag from /home/airflow/.local/lib/python3.12/site-packages/airflow/example_dags/example_bash_operator.py
[2025-05-09T13:22:03.746+0000] {processor.py:925} INFO - DAG(s) 'example_bash_operator' retrieved from /home/airflow/.local/lib/python3.12/site-packages/airflow/example_dags/example_bash_operator.py
[2025-05-09T13:22:03.792+0000] {logging_mixin.py:190} INFO - [2025-05-09T13:22:03.792+0000] {dag.py:3239} INFO - Sync 1 DAGs
[2025-05-09T13:22:03.838+0000] {logging_mixin.py:190} INFO - [2025-05-09T13:22:03.838+0000] {dag.py:4180} INFO - Setting next_dagrun for example_bash_operator to 2025-05-08 00:00:00+00:00, run_after=2025-05-09 00:00:00+00:00
[2025-05-09T13:22:03.890+0000] {processor.py:208} INFO - Processing /home/airflow/.local/lib/python3.12/site-packages/airflow/example_dags/example_bash_operator.py took 0.185 seconds
[2025-05-09T13:22:34.799+0000] {processor.py:186} INFO - Started process (PID=1479) to work on /home/airflow/.local/lib/python3.12/site-packages/airflow/example_dags/example_bash_operator.py
[2025-05-09T13:22:34.801+0000] {processor.py:914} INFO - Processing file /home/airflow/.local/lib/python3.12/site-packages/airflow/example_dags/example_bash_operator.py for tasks to queue
[2025-05-09T13:22:34.807+0000] {logging_mixin.py:190} INFO - [2025-05-09T13:22:34.806+0000] {dagbag.py:588} INFO - Filling up the DagBag from /home/airflow/.local/lib/python3.12/site-packages/airflow/example_dags/example_bash_operator.py
[2025-05-09T13:22:34.831+0000] {processor.py:925} INFO - DAG(s) 'example_bash_operator' retrieved from /home/airflow/.local/lib/python3.12/site-packages/airflow/example_dags/example_bash_operator.py
[2025-05-09T13:22:34.884+0000] {logging_mixin.py:190} INFO - [2025-05-09T13:22:34.883+0000] {dag.py:3239} INFO - Sync 1 DAGs
[2025-05-09T13:22:34.931+0000] {logging_mixin.py:190} INFO - [2025-05-09T13:22:34.930+0000] {dag.py:4180} INFO - Setting next_dagrun for example_bash_operator to 2025-05-08 00:00:00+00:00, run_after=2025-05-09 00:00:00+00:00
[2025-05-09T13:22:34.982+0000] {processor.py:208} INFO - Processing /home/airflow/.local/lib/python3.12/site-packages/airflow/example_dags/example_bash_operator.py took 0.195 seconds
[2025-05-09T13:23:05.608+0000] {processor.py:186} INFO - Started process (PID=1570) to work on /home/airflow/.local/lib/python3.12/site-packages/airflow/example_dags/example_bash_operator.py
[2025-05-09T13:23:05.611+0000] {processor.py:914} INFO - Processing file /home/airflow/.local/lib/python3.12/site-packages/airflow/example_dags/example_bash_operator.py for tasks to queue
[2025-05-09T13:23:05.616+0000] {logging_mixin.py:190} INFO - [2025-05-09T13:23:05.615+0000] {dagbag.py:588} INFO - Filling up the DagBag from /home/airflow/.local/lib/python3.12/site-packages/airflow/example_dags/example_bash_operator.py
[2025-05-09T13:23:05.647+0000] {processor.py:925} INFO - DAG(s) 'example_bash_operator' retrieved from /home/airflow/.local/lib/python3.12/site-packages/airflow/example_dags/example_bash_operator.py
[2025-05-09T13:23:05.715+0000] {logging_mixin.py:190} INFO - [2025-05-09T13:23:05.714+0000] {dag.py:3239} INFO - Sync 1 DAGs
[2025-05-09T13:23:05.766+0000] {logging_mixin.py:190} INFO - [2025-05-09T13:23:05.765+0000] {dag.py:4180} INFO - Setting next_dagrun for example_bash_operator to 2025-05-08 00:00:00+00:00, run_after=2025-05-09 00:00:00+00:00
[2025-05-09T13:23:05.829+0000] {processor.py:208} INFO - Processing /home/airflow/.local/lib/python3.12/site-packages/airflow/example_dags/example_bash_operator.py took 0.235 seconds
[2025-05-09T13:23:36.146+0000] {processor.py:186} INFO - Started process (PID=1660) to work on /home/airflow/.local/lib/python3.12/site-packages/airflow/example_dags/example_bash_operator.py
[2025-05-09T13:23:36.149+0000] {processor.py:914} INFO - Processing file /home/airflow/.local/lib/python3.12/site-packages/airflow/example_dags/example_bash_operator.py for tasks to queue
[2025-05-09T13:23:36.153+0000] {logging_mixin.py:190} INFO - [2025-05-09T13:23:36.152+0000] {dagbag.py:588} INFO - Filling up the DagBag from /home/airflow/.local/lib/python3.12/site-packages/airflow/example_dags/example_bash_operator.py
[2025-05-09T13:23:36.179+0000] {processor.py:925} INFO - DAG(s) 'example_bash_operator' retrieved from /home/airflow/.local/lib/python3.12/site-packages/airflow/example_dags/example_bash_operator.py
[2025-05-09T13:23:36.231+0000] {logging_mixin.py:190} INFO - [2025-05-09T13:23:36.230+0000] {dag.py:3239} INFO - Sync 1 DAGs
[2025-05-09T13:23:36.291+0000] {logging_mixin.py:190} INFO - [2025-05-09T13:23:36.290+0000] {dag.py:4180} INFO - Setting next_dagrun for example_bash_operator to 2025-05-08 00:00:00+00:00, run_after=2025-05-09 00:00:00+00:00
[2025-05-09T13:23:36.361+0000] {processor.py:208} INFO - Processing /home/airflow/.local/lib/python3.12/site-packages/airflow/example_dags/example_bash_operator.py took 0.227 seconds
[2025-05-09T13:24:07.121+0000] {processor.py:186} INFO - Started process (PID=1751) to work on /home/airflow/.local/lib/python3.12/site-packages/airflow/example_dags/example_bash_operator.py
[2025-05-09T13:24:07.124+0000] {processor.py:914} INFO - Processing file /home/airflow/.local/lib/python3.12/site-packages/airflow/example_dags/example_bash_operator.py for tasks to queue
[2025-05-09T13:24:07.129+0000] {logging_mixin.py:190} INFO - [2025-05-09T13:24:07.128+0000] {dagbag.py:588} INFO - Filling up the DagBag from /home/airflow/.local/lib/python3.12/site-packages/airflow/example_dags/example_bash_operator.py
[2025-05-09T13:24:07.157+0000] {processor.py:925} INFO - DAG(s) 'example_bash_operator' retrieved from /home/airflow/.local/lib/python3.12/site-packages/airflow/example_dags/example_bash_operator.py
[2025-05-09T13:24:07.218+0000] {logging_mixin.py:190} INFO - [2025-05-09T13:24:07.218+0000] {dag.py:3239} INFO - Sync 1 DAGs
[2025-05-09T13:24:07.271+0000] {logging_mixin.py:190} INFO - [2025-05-09T13:24:07.270+0000] {dag.py:4180} INFO - Setting next_dagrun for example_bash_operator to 2025-05-08 00:00:00+00:00, run_after=2025-05-09 00:00:00+00:00
[2025-05-09T13:24:07.329+0000] {processor.py:208} INFO - Processing /home/airflow/.local/lib/python3.12/site-packages/airflow/example_dags/example_bash_operator.py took 0.228 seconds
[2025-05-09T13:24:37.988+0000] {processor.py:186} INFO - Started process (PID=1842) to work on /home/airflow/.local/lib/python3.12/site-packages/airflow/example_dags/example_bash_operator.py
[2025-05-09T13:24:37.991+0000] {processor.py:914} INFO - Processing file /home/airflow/.local/lib/python3.12/site-packages/airflow/example_dags/example_bash_operator.py for tasks to queue
[2025-05-09T13:24:37.995+0000] {logging_mixin.py:190} INFO - [2025-05-09T13:24:37.994+0000] {dagbag.py:588} INFO - Filling up the DagBag from /home/airflow/.local/lib/python3.12/site-packages/airflow/example_dags/example_bash_operator.py
[2025-05-09T13:24:38.022+0000] {processor.py:925} INFO - DAG(s) 'example_bash_operator' retrieved from /home/airflow/.local/lib/python3.12/site-packages/airflow/example_dags/example_bash_operator.py
[2025-05-09T13:24:38.089+0000] {logging_mixin.py:190} INFO - [2025-05-09T13:24:38.089+0000] {dag.py:3239} INFO - Sync 1 DAGs
[2025-05-09T13:24:38.132+0000] {logging_mixin.py:190} INFO - [2025-05-09T13:24:38.132+0000] {dag.py:4180} INFO - Setting next_dagrun for example_bash_operator to 2025-05-08 00:00:00+00:00, run_after=2025-05-09 00:00:00+00:00
[2025-05-09T13:24:38.168+0000] {processor.py:208} INFO - Processing /home/airflow/.local/lib/python3.12/site-packages/airflow/example_dags/example_bash_operator.py took 0.190 seconds
[2025-05-09T13:25:09.612+0000] {processor.py:186} INFO - Started process (PID=1933) to work on /home/airflow/.local/lib/python3.12/site-packages/airflow/example_dags/example_bash_operator.py
[2025-05-09T13:25:09.614+0000] {processor.py:914} INFO - Processing file /home/airflow/.local/lib/python3.12/site-packages/airflow/example_dags/example_bash_operator.py for tasks to queue
[2025-05-09T13:25:09.619+0000] {logging_mixin.py:190} INFO - [2025-05-09T13:25:09.618+0000] {dagbag.py:588} INFO - Filling up the DagBag from /home/airflow/.local/lib/python3.12/site-packages/airflow/example_dags/example_bash_operator.py
[2025-05-09T13:25:09.645+0000] {processor.py:925} INFO - DAG(s) 'example_bash_operator' retrieved from /home/airflow/.local/lib/python3.12/site-packages/airflow/example_dags/example_bash_operator.py
[2025-05-09T13:25:09.705+0000] {logging_mixin.py:190} INFO - [2025-05-09T13:25:09.705+0000] {dag.py:3239} INFO - Sync 1 DAGs
[2025-05-09T13:25:09.760+0000] {logging_mixin.py:190} INFO - [2025-05-09T13:25:09.759+0000] {dag.py:4180} INFO - Setting next_dagrun for example_bash_operator to 2025-05-08 00:00:00+00:00, run_after=2025-05-09 00:00:00+00:00
[2025-05-09T13:25:09.796+0000] {processor.py:208} INFO - Processing /home/airflow/.local/lib/python3.12/site-packages/airflow/example_dags/example_bash_operator.py took 0.195 seconds
[2025-05-09T13:25:39.867+0000] {processor.py:186} INFO - Started process (PID=2010) to work on /home/airflow/.local/lib/python3.12/site-packages/airflow/example_dags/example_bash_operator.py
[2025-05-09T13:25:39.869+0000] {processor.py:914} INFO - Processing file /home/airflow/.local/lib/python3.12/site-packages/airflow/example_dags/example_bash_operator.py for tasks to queue
[2025-05-09T13:25:39.875+0000] {logging_mixin.py:190} INFO - [2025-05-09T13:25:39.874+0000] {dagbag.py:588} INFO - Filling up the DagBag from /home/airflow/.local/lib/python3.12/site-packages/airflow/example_dags/example_bash_operator.py
[2025-05-09T13:25:39.903+0000] {processor.py:925} INFO - DAG(s) 'example_bash_operator' retrieved from /home/airflow/.local/lib/python3.12/site-packages/airflow/example_dags/example_bash_operator.py
[2025-05-09T13:25:39.968+0000] {logging_mixin.py:190} INFO - [2025-05-09T13:25:39.967+0000] {dag.py:3239} INFO - Sync 1 DAGs
[2025-05-09T13:25:40.022+0000] {logging_mixin.py:190} INFO - [2025-05-09T13:25:40.022+0000] {dag.py:4180} INFO - Setting next_dagrun for example_bash_operator to 2025-05-08 00:00:00+00:00, run_after=2025-05-09 00:00:00+00:00
[2025-05-09T13:25:40.088+0000] {processor.py:208} INFO - Processing /home/airflow/.local/lib/python3.12/site-packages/airflow/example_dags/example_bash_operator.py took 0.235 seconds
[2025-05-09T13:26:10.579+0000] {processor.py:186} INFO - Started process (PID=2100) to work on /home/airflow/.local/lib/python3.12/site-packages/airflow/example_dags/example_bash_operator.py
[2025-05-09T13:26:10.582+0000] {processor.py:914} INFO - Processing file /home/airflow/.local/lib/python3.12/site-packages/airflow/example_dags/example_bash_operator.py for tasks to queue
[2025-05-09T13:26:10.587+0000] {logging_mixin.py:190} INFO - [2025-05-09T13:26:10.586+0000] {dagbag.py:588} INFO - Filling up the DagBag from /home/airflow/.local/lib/python3.12/site-packages/airflow/example_dags/example_bash_operator.py
[2025-05-09T13:26:10.620+0000] {processor.py:925} INFO - DAG(s) 'example_bash_operator' retrieved from /home/airflow/.local/lib/python3.12/site-packages/airflow/example_dags/example_bash_operator.py
[2025-05-09T13:26:10.678+0000] {logging_mixin.py:190} INFO - [2025-05-09T13:26:10.677+0000] {dag.py:3239} INFO - Sync 1 DAGs
[2025-05-09T13:26:10.736+0000] {logging_mixin.py:190} INFO - [2025-05-09T13:26:10.736+0000] {dag.py:4180} INFO - Setting next_dagrun for example_bash_operator to 2025-05-08 00:00:00+00:00, run_after=2025-05-09 00:00:00+00:00
[2025-05-09T13:26:10.778+0000] {processor.py:208} INFO - Processing /home/airflow/.local/lib/python3.12/site-packages/airflow/example_dags/example_bash_operator.py took 0.213 seconds
[2025-05-09T13:26:41.165+0000] {processor.py:186} INFO - Started process (PID=2191) to work on /home/airflow/.local/lib/python3.12/site-packages/airflow/example_dags/example_bash_operator.py
[2025-05-09T13:26:41.168+0000] {processor.py:914} INFO - Processing file /home/airflow/.local/lib/python3.12/site-packages/airflow/example_dags/example_bash_operator.py for tasks to queue
[2025-05-09T13:26:41.173+0000] {logging_mixin.py:190} INFO - [2025-05-09T13:26:41.172+0000] {dagbag.py:588} INFO - Filling up the DagBag from /home/airflow/.local/lib/python3.12/site-packages/airflow/example_dags/example_bash_operator.py
[2025-05-09T13:26:41.203+0000] {processor.py:925} INFO - DAG(s) 'example_bash_operator' retrieved from /home/airflow/.local/lib/python3.12/site-packages/airflow/example_dags/example_bash_operator.py
[2025-05-09T13:26:41.255+0000] {logging_mixin.py:190} INFO - [2025-05-09T13:26:41.254+0000] {dag.py:3239} INFO - Sync 1 DAGs
[2025-05-09T13:26:41.300+0000] {logging_mixin.py:190} INFO - [2025-05-09T13:26:41.300+0000] {dag.py:4180} INFO - Setting next_dagrun for example_bash_operator to 2025-05-08 00:00:00+00:00, run_after=2025-05-09 00:00:00+00:00
[2025-05-09T13:26:41.338+0000] {processor.py:208} INFO - Processing /home/airflow/.local/lib/python3.12/site-packages/airflow/example_dags/example_bash_operator.py took 0.183 seconds
[2025-05-09T13:27:11.516+0000] {processor.py:186} INFO - Started process (PID=2282) to work on /home/airflow/.local/lib/python3.12/site-packages/airflow/example_dags/example_bash_operator.py
[2025-05-09T13:27:11.518+0000] {processor.py:914} INFO - Processing file /home/airflow/.local/lib/python3.12/site-packages/airflow/example_dags/example_bash_operator.py for tasks to queue
[2025-05-09T13:27:11.524+0000] {logging_mixin.py:190} INFO - [2025-05-09T13:27:11.523+0000] {dagbag.py:588} INFO - Filling up the DagBag from /home/airflow/.local/lib/python3.12/site-packages/airflow/example_dags/example_bash_operator.py
[2025-05-09T13:27:11.558+0000] {processor.py:925} INFO - DAG(s) 'example_bash_operator' retrieved from /home/airflow/.local/lib/python3.12/site-packages/airflow/example_dags/example_bash_operator.py
[2025-05-09T13:27:11.625+0000] {logging_mixin.py:190} INFO - [2025-05-09T13:27:11.624+0000] {dag.py:3239} INFO - Sync 1 DAGs
[2025-05-09T13:27:11.692+0000] {logging_mixin.py:190} INFO - [2025-05-09T13:27:11.691+0000] {dag.py:4180} INFO - Setting next_dagrun for example_bash_operator to 2025-05-08 00:00:00+00:00, run_after=2025-05-09 00:00:00+00:00
[2025-05-09T13:27:11.732+0000] {processor.py:208} INFO - Processing /home/airflow/.local/lib/python3.12/site-packages/airflow/example_dags/example_bash_operator.py took 0.231 seconds
[2025-05-09T13:27:41.931+0000] {processor.py:186} INFO - Started process (PID=2373) to work on /home/airflow/.local/lib/python3.12/site-packages/airflow/example_dags/example_bash_operator.py
[2025-05-09T13:27:41.933+0000] {processor.py:914} INFO - Processing file /home/airflow/.local/lib/python3.12/site-packages/airflow/example_dags/example_bash_operator.py for tasks to queue
[2025-05-09T13:27:41.939+0000] {logging_mixin.py:190} INFO - [2025-05-09T13:27:41.938+0000] {dagbag.py:588} INFO - Filling up the DagBag from /home/airflow/.local/lib/python3.12/site-packages/airflow/example_dags/example_bash_operator.py
[2025-05-09T13:27:41.965+0000] {processor.py:925} INFO - DAG(s) 'example_bash_operator' retrieved from /home/airflow/.local/lib/python3.12/site-packages/airflow/example_dags/example_bash_operator.py
[2025-05-09T13:27:42.028+0000] {logging_mixin.py:190} INFO - [2025-05-09T13:27:42.028+0000] {dag.py:3239} INFO - Sync 1 DAGs
[2025-05-09T13:27:42.080+0000] {logging_mixin.py:190} INFO - [2025-05-09T13:27:42.079+0000] {dag.py:4180} INFO - Setting next_dagrun for example_bash_operator to 2025-05-08 00:00:00+00:00, run_after=2025-05-09 00:00:00+00:00
[2025-05-09T13:27:42.121+0000] {processor.py:208} INFO - Processing /home/airflow/.local/lib/python3.12/site-packages/airflow/example_dags/example_bash_operator.py took 0.201 seconds
[2025-05-09T13:28:12.351+0000] {processor.py:186} INFO - Started process (PID=2464) to work on /home/airflow/.local/lib/python3.12/site-packages/airflow/example_dags/example_bash_operator.py
[2025-05-09T13:28:12.354+0000] {processor.py:914} INFO - Processing file /home/airflow/.local/lib/python3.12/site-packages/airflow/example_dags/example_bash_operator.py for tasks to queue
[2025-05-09T13:28:12.360+0000] {logging_mixin.py:190} INFO - [2025-05-09T13:28:12.359+0000] {dagbag.py:588} INFO - Filling up the DagBag from /home/airflow/.local/lib/python3.12/site-packages/airflow/example_dags/example_bash_operator.py
[2025-05-09T13:28:12.387+0000] {processor.py:925} INFO - DAG(s) 'example_bash_operator' retrieved from /home/airflow/.local/lib/python3.12/site-packages/airflow/example_dags/example_bash_operator.py
[2025-05-09T13:28:12.442+0000] {logging_mixin.py:190} INFO - [2025-05-09T13:28:12.441+0000] {dag.py:3239} INFO - Sync 1 DAGs
[2025-05-09T13:28:12.490+0000] {logging_mixin.py:190} INFO - [2025-05-09T13:28:12.490+0000] {dag.py:4180} INFO - Setting next_dagrun for example_bash_operator to 2025-05-08 00:00:00+00:00, run_after=2025-05-09 00:00:00+00:00
[2025-05-09T13:28:12.528+0000] {processor.py:208} INFO - Processing /home/airflow/.local/lib/python3.12/site-packages/airflow/example_dags/example_bash_operator.py took 0.188 seconds
[2025-05-09T13:28:43.101+0000] {processor.py:186} INFO - Started process (PID=2555) to work on /home/airflow/.local/lib/python3.12/site-packages/airflow/example_dags/example_bash_operator.py
[2025-05-09T13:28:43.103+0000] {processor.py:914} INFO - Processing file /home/airflow/.local/lib/python3.12/site-packages/airflow/example_dags/example_bash_operator.py for tasks to queue
[2025-05-09T13:28:43.107+0000] {logging_mixin.py:190} INFO - [2025-05-09T13:28:43.107+0000] {dagbag.py:588} INFO - Filling up the DagBag from /home/airflow/.local/lib/python3.12/site-packages/airflow/example_dags/example_bash_operator.py
[2025-05-09T13:28:43.133+0000] {processor.py:925} INFO - DAG(s) 'example_bash_operator' retrieved from /home/airflow/.local/lib/python3.12/site-packages/airflow/example_dags/example_bash_operator.py
[2025-05-09T13:28:43.190+0000] {logging_mixin.py:190} INFO - [2025-05-09T13:28:43.189+0000] {dag.py:3239} INFO - Sync 1 DAGs
[2025-05-09T13:28:43.251+0000] {logging_mixin.py:190} INFO - [2025-05-09T13:28:43.251+0000] {dag.py:4180} INFO - Setting next_dagrun for example_bash_operator to 2025-05-08 00:00:00+00:00, run_after=2025-05-09 00:00:00+00:00
[2025-05-09T13:28:43.298+0000] {processor.py:208} INFO - Processing /home/airflow/.local/lib/python3.12/site-packages/airflow/example_dags/example_bash_operator.py took 0.208 seconds
[2025-05-09T13:29:15.437+0000] {processor.py:186} INFO - Started process (PID=2646) to work on /home/airflow/.local/lib/python3.12/site-packages/airflow/example_dags/example_bash_operator.py
[2025-05-09T13:29:15.439+0000] {processor.py:914} INFO - Processing file /home/airflow/.local/lib/python3.12/site-packages/airflow/example_dags/example_bash_operator.py for tasks to queue
[2025-05-09T13:29:15.443+0000] {logging_mixin.py:190} INFO - [2025-05-09T13:29:15.443+0000] {dagbag.py:588} INFO - Filling up the DagBag from /home/airflow/.local/lib/python3.12/site-packages/airflow/example_dags/example_bash_operator.py
[2025-05-09T13:29:15.465+0000] {processor.py:925} INFO - DAG(s) 'example_bash_operator' retrieved from /home/airflow/.local/lib/python3.12/site-packages/airflow/example_dags/example_bash_operator.py
[2025-05-09T13:29:15.512+0000] {logging_mixin.py:190} INFO - [2025-05-09T13:29:15.511+0000] {dag.py:3239} INFO - Sync 1 DAGs
[2025-05-09T13:29:15.554+0000] {logging_mixin.py:190} INFO - [2025-05-09T13:29:15.554+0000] {dag.py:4180} INFO - Setting next_dagrun for example_bash_operator to 2025-05-08 00:00:00+00:00, run_after=2025-05-09 00:00:00+00:00
[2025-05-09T13:29:15.606+0000] {processor.py:208} INFO - Processing /home/airflow/.local/lib/python3.12/site-packages/airflow/example_dags/example_bash_operator.py took 0.179 seconds
[2025-05-09T13:29:45.768+0000] {processor.py:186} INFO - Started process (PID=2723) to work on /home/airflow/.local/lib/python3.12/site-packages/airflow/example_dags/example_bash_operator.py
[2025-05-09T13:29:45.772+0000] {processor.py:914} INFO - Processing file /home/airflow/.local/lib/python3.12/site-packages/airflow/example_dags/example_bash_operator.py for tasks to queue
[2025-05-09T13:29:45.776+0000] {logging_mixin.py:190} INFO - [2025-05-09T13:29:45.776+0000] {dagbag.py:588} INFO - Filling up the DagBag from /home/airflow/.local/lib/python3.12/site-packages/airflow/example_dags/example_bash_operator.py
[2025-05-09T13:29:45.804+0000] {processor.py:925} INFO - DAG(s) 'example_bash_operator' retrieved from /home/airflow/.local/lib/python3.12/site-packages/airflow/example_dags/example_bash_operator.py
[2025-05-09T13:29:45.862+0000] {logging_mixin.py:190} INFO - [2025-05-09T13:29:45.862+0000] {dag.py:3239} INFO - Sync 1 DAGs
[2025-05-09T13:29:45.917+0000] {logging_mixin.py:190} INFO - [2025-05-09T13:29:45.916+0000] {dag.py:4180} INFO - Setting next_dagrun for example_bash_operator to 2025-05-08 00:00:00+00:00, run_after=2025-05-09 00:00:00+00:00
[2025-05-09T13:29:45.986+0000] {processor.py:208} INFO - Processing /home/airflow/.local/lib/python3.12/site-packages/airflow/example_dags/example_bash_operator.py took 0.230 seconds
[2025-05-09T13:30:16.072+0000] {processor.py:186} INFO - Started process (PID=2812) to work on /home/airflow/.local/lib/python3.12/site-packages/airflow/example_dags/example_bash_operator.py
[2025-05-09T13:30:16.075+0000] {processor.py:914} INFO - Processing file /home/airflow/.local/lib/python3.12/site-packages/airflow/example_dags/example_bash_operator.py for tasks to queue
[2025-05-09T13:30:16.081+0000] {logging_mixin.py:190} INFO - [2025-05-09T13:30:16.081+0000] {dagbag.py:588} INFO - Filling up the DagBag from /home/airflow/.local/lib/python3.12/site-packages/airflow/example_dags/example_bash_operator.py
[2025-05-09T13:30:16.116+0000] {processor.py:925} INFO - DAG(s) 'example_bash_operator' retrieved from /home/airflow/.local/lib/python3.12/site-packages/airflow/example_dags/example_bash_operator.py
[2025-05-09T13:30:16.183+0000] {logging_mixin.py:190} INFO - [2025-05-09T13:30:16.182+0000] {dag.py:3239} INFO - Sync 1 DAGs
[2025-05-09T13:30:16.242+0000] {logging_mixin.py:190} INFO - [2025-05-09T13:30:16.241+0000] {dag.py:4180} INFO - Setting next_dagrun for example_bash_operator to 2025-05-08 00:00:00+00:00, run_after=2025-05-09 00:00:00+00:00
[2025-05-09T13:30:16.313+0000] {processor.py:208} INFO - Processing /home/airflow/.local/lib/python3.12/site-packages/airflow/example_dags/example_bash_operator.py took 0.256 seconds
[2025-05-09T13:30:48.252+0000] {processor.py:186} INFO - Started process (PID=2903) to work on /home/airflow/.local/lib/python3.12/site-packages/airflow/example_dags/example_bash_operator.py
[2025-05-09T13:30:48.257+0000] {processor.py:914} INFO - Processing file /home/airflow/.local/lib/python3.12/site-packages/airflow/example_dags/example_bash_operator.py for tasks to queue
[2025-05-09T13:30:48.267+0000] {logging_mixin.py:190} INFO - [2025-05-09T13:30:48.265+0000] {dagbag.py:588} INFO - Filling up the DagBag from /home/airflow/.local/lib/python3.12/site-packages/airflow/example_dags/example_bash_operator.py
[2025-05-09T13:30:48.304+0000] {processor.py:925} INFO - DAG(s) 'example_bash_operator' retrieved from /home/airflow/.local/lib/python3.12/site-packages/airflow/example_dags/example_bash_operator.py
[2025-05-09T13:30:48.370+0000] {logging_mixin.py:190} INFO - [2025-05-09T13:30:48.369+0000] {dag.py:3239} INFO - Sync 1 DAGs
[2025-05-09T13:30:48.416+0000] {logging_mixin.py:190} INFO - [2025-05-09T13:30:48.415+0000] {dag.py:4180} INFO - Setting next_dagrun for example_bash_operator to 2025-05-08 00:00:00+00:00, run_after=2025-05-09 00:00:00+00:00
[2025-05-09T13:30:48.477+0000] {processor.py:208} INFO - Processing /home/airflow/.local/lib/python3.12/site-packages/airflow/example_dags/example_bash_operator.py took 0.238 seconds
