[2025-05-13T21:58:26.007+0000] {processor.py:186} INFO - Started process (PID=159) to work on /home/airflow/.local/lib/python3.12/site-packages/airflow/example_dags/example_dataset_alias.py
[2025-05-13T21:58:26.010+0000] {processor.py:914} INFO - Processing file /home/airflow/.local/lib/python3.12/site-packages/airflow/example_dags/example_dataset_alias.py for tasks to queue
[2025-05-13T21:58:26.015+0000] {logging_mixin.py:190} INFO - [2025-05-13T21:58:26.014+0000] {dagbag.py:588} INFO - Filling up the DagBag from /home/airflow/.local/lib/python3.12/site-packages/airflow/example_dags/example_dataset_alias.py
[2025-05-13T21:58:27.165+0000] {processor.py:925} INFO - DAG(s) 'dataset_s3_bucket_consumer', 'dataset_s3_bucket_producer', 'dataset_alias_example_alias_consumer', 'dataset_alias_example_alias_producer' retrieved from /home/airflow/.local/lib/python3.12/site-packages/airflow/example_dags/example_dataset_alias.py
[2025-05-13T21:58:27.209+0000] {logging_mixin.py:190} INFO - [2025-05-13T21:58:27.208+0000] {dag.py:3239} INFO - Sync 4 DAGs
[2025-05-13T21:58:27.250+0000] {logging_mixin.py:190} INFO - [2025-05-13T21:58:27.250+0000] {dag.py:4180} INFO - Setting next_dagrun for dataset_alias_example_alias_consumer to None, run_after=None
[2025-05-13T21:58:27.261+0000] {logging_mixin.py:190} INFO - [2025-05-13T21:58:27.260+0000] {dag.py:4180} INFO - Setting next_dagrun for dataset_alias_example_alias_producer to None, run_after=None
[2025-05-13T21:58:27.264+0000] {logging_mixin.py:190} INFO - [2025-05-13T21:58:27.264+0000] {dag.py:4180} INFO - Setting next_dagrun for dataset_s3_bucket_consumer to None, run_after=None
[2025-05-13T21:58:27.267+0000] {logging_mixin.py:190} INFO - [2025-05-13T21:58:27.267+0000] {dag.py:4180} INFO - Setting next_dagrun for dataset_s3_bucket_producer to None, run_after=None
[2025-05-13T21:58:27.312+0000] {processor.py:208} INFO - Processing /home/airflow/.local/lib/python3.12/site-packages/airflow/example_dags/example_dataset_alias.py took 1.316 seconds
[2025-05-13T21:58:59.354+0000] {processor.py:186} INFO - Started process (PID=250) to work on /home/airflow/.local/lib/python3.12/site-packages/airflow/example_dags/example_dataset_alias.py
[2025-05-13T21:58:59.356+0000] {processor.py:914} INFO - Processing file /home/airflow/.local/lib/python3.12/site-packages/airflow/example_dags/example_dataset_alias.py for tasks to queue
[2025-05-13T21:58:59.361+0000] {logging_mixin.py:190} INFO - [2025-05-13T21:58:59.360+0000] {dagbag.py:588} INFO - Filling up the DagBag from /home/airflow/.local/lib/python3.12/site-packages/airflow/example_dags/example_dataset_alias.py
[2025-05-13T21:59:00.512+0000] {processor.py:925} INFO - DAG(s) 'dataset_s3_bucket_consumer', 'dataset_s3_bucket_producer', 'dataset_alias_example_alias_producer', 'dataset_alias_example_alias_consumer' retrieved from /home/airflow/.local/lib/python3.12/site-packages/airflow/example_dags/example_dataset_alias.py
[2025-05-13T21:59:00.558+0000] {logging_mixin.py:190} INFO - [2025-05-13T21:59:00.557+0000] {dag.py:3239} INFO - Sync 4 DAGs
[2025-05-13T21:59:00.600+0000] {logging_mixin.py:190} INFO - [2025-05-13T21:59:00.600+0000] {dag.py:4180} INFO - Setting next_dagrun for dataset_alias_example_alias_consumer to None, run_after=None
[2025-05-13T21:59:00.605+0000] {logging_mixin.py:190} INFO - [2025-05-13T21:59:00.605+0000] {dag.py:4180} INFO - Setting next_dagrun for dataset_alias_example_alias_producer to None, run_after=None
[2025-05-13T21:59:00.609+0000] {logging_mixin.py:190} INFO - [2025-05-13T21:59:00.609+0000] {dag.py:4180} INFO - Setting next_dagrun for dataset_s3_bucket_consumer to None, run_after=None
[2025-05-13T21:59:00.612+0000] {logging_mixin.py:190} INFO - [2025-05-13T21:59:00.612+0000] {dag.py:4180} INFO - Setting next_dagrun for dataset_s3_bucket_producer to None, run_after=None
[2025-05-13T21:59:00.652+0000] {processor.py:208} INFO - Processing /home/airflow/.local/lib/python3.12/site-packages/airflow/example_dags/example_dataset_alias.py took 1.310 seconds
[2025-05-13T21:59:31.814+0000] {processor.py:186} INFO - Started process (PID=341) to work on /home/airflow/.local/lib/python3.12/site-packages/airflow/example_dags/example_dataset_alias.py
[2025-05-13T21:59:31.816+0000] {processor.py:914} INFO - Processing file /home/airflow/.local/lib/python3.12/site-packages/airflow/example_dags/example_dataset_alias.py for tasks to queue
[2025-05-13T21:59:31.822+0000] {logging_mixin.py:190} INFO - [2025-05-13T21:59:31.821+0000] {dagbag.py:588} INFO - Filling up the DagBag from /home/airflow/.local/lib/python3.12/site-packages/airflow/example_dags/example_dataset_alias.py
[2025-05-13T21:59:32.999+0000] {processor.py:925} INFO - DAG(s) 'dataset_alias_example_alias_producer', 'dataset_s3_bucket_producer', 'dataset_s3_bucket_consumer', 'dataset_alias_example_alias_consumer' retrieved from /home/airflow/.local/lib/python3.12/site-packages/airflow/example_dags/example_dataset_alias.py
[2025-05-13T21:59:33.055+0000] {logging_mixin.py:190} INFO - [2025-05-13T21:59:33.053+0000] {dag.py:3239} INFO - Sync 4 DAGs
[2025-05-13T21:59:33.112+0000] {logging_mixin.py:190} INFO - [2025-05-13T21:59:33.111+0000] {dag.py:4180} INFO - Setting next_dagrun for dataset_alias_example_alias_consumer to None, run_after=None
[2025-05-13T21:59:33.119+0000] {logging_mixin.py:190} INFO - [2025-05-13T21:59:33.118+0000] {dag.py:4180} INFO - Setting next_dagrun for dataset_alias_example_alias_producer to None, run_after=None
[2025-05-13T21:59:33.123+0000] {logging_mixin.py:190} INFO - [2025-05-13T21:59:33.123+0000] {dag.py:4180} INFO - Setting next_dagrun for dataset_s3_bucket_consumer to None, run_after=None
[2025-05-13T21:59:33.128+0000] {logging_mixin.py:190} INFO - [2025-05-13T21:59:33.128+0000] {dag.py:4180} INFO - Setting next_dagrun for dataset_s3_bucket_producer to None, run_after=None
[2025-05-13T21:59:33.182+0000] {processor.py:208} INFO - Processing /home/airflow/.local/lib/python3.12/site-packages/airflow/example_dags/example_dataset_alias.py took 1.380 seconds
[2025-05-13T22:00:06.079+0000] {processor.py:186} INFO - Started process (PID=441) to work on /home/airflow/.local/lib/python3.12/site-packages/airflow/example_dags/example_dataset_alias.py
[2025-05-13T22:00:06.081+0000] {processor.py:914} INFO - Processing file /home/airflow/.local/lib/python3.12/site-packages/airflow/example_dags/example_dataset_alias.py for tasks to queue
[2025-05-13T22:00:06.086+0000] {logging_mixin.py:190} INFO - [2025-05-13T22:00:06.085+0000] {dagbag.py:588} INFO - Filling up the DagBag from /home/airflow/.local/lib/python3.12/site-packages/airflow/example_dags/example_dataset_alias.py
[2025-05-13T22:00:07.223+0000] {processor.py:925} INFO - DAG(s) 'dataset_s3_bucket_consumer', 'dataset_alias_example_alias_consumer', 'dataset_s3_bucket_producer', 'dataset_alias_example_alias_producer' retrieved from /home/airflow/.local/lib/python3.12/site-packages/airflow/example_dags/example_dataset_alias.py
[2025-05-13T22:00:07.269+0000] {logging_mixin.py:190} INFO - [2025-05-13T22:00:07.268+0000] {dag.py:3239} INFO - Sync 4 DAGs
[2025-05-13T22:00:07.318+0000] {logging_mixin.py:190} INFO - [2025-05-13T22:00:07.318+0000] {dag.py:4180} INFO - Setting next_dagrun for dataset_alias_example_alias_consumer to None, run_after=None
[2025-05-13T22:00:07.325+0000] {logging_mixin.py:190} INFO - [2025-05-13T22:00:07.324+0000] {dag.py:4180} INFO - Setting next_dagrun for dataset_alias_example_alias_producer to None, run_after=None
[2025-05-13T22:00:07.329+0000] {logging_mixin.py:190} INFO - [2025-05-13T22:00:07.328+0000] {dag.py:4180} INFO - Setting next_dagrun for dataset_s3_bucket_consumer to None, run_after=None
[2025-05-13T22:00:07.332+0000] {logging_mixin.py:190} INFO - [2025-05-13T22:00:07.331+0000] {dag.py:4180} INFO - Setting next_dagrun for dataset_s3_bucket_producer to None, run_after=None
[2025-05-13T22:00:07.377+0000] {processor.py:208} INFO - Processing /home/airflow/.local/lib/python3.12/site-packages/airflow/example_dags/example_dataset_alias.py took 1.311 seconds
[2025-05-13T22:00:40.212+0000] {processor.py:186} INFO - Started process (PID=532) to work on /home/airflow/.local/lib/python3.12/site-packages/airflow/example_dags/example_dataset_alias.py
[2025-05-13T22:00:40.216+0000] {processor.py:914} INFO - Processing file /home/airflow/.local/lib/python3.12/site-packages/airflow/example_dags/example_dataset_alias.py for tasks to queue
[2025-05-13T22:00:40.221+0000] {logging_mixin.py:190} INFO - [2025-05-13T22:00:40.221+0000] {dagbag.py:588} INFO - Filling up the DagBag from /home/airflow/.local/lib/python3.12/site-packages/airflow/example_dags/example_dataset_alias.py
[2025-05-13T22:00:41.410+0000] {processor.py:925} INFO - DAG(s) 'dataset_s3_bucket_producer', 'dataset_alias_example_alias_producer', 'dataset_alias_example_alias_consumer', 'dataset_s3_bucket_consumer' retrieved from /home/airflow/.local/lib/python3.12/site-packages/airflow/example_dags/example_dataset_alias.py
[2025-05-13T22:00:41.458+0000] {logging_mixin.py:190} INFO - [2025-05-13T22:00:41.454+0000] {dag.py:3239} INFO - Sync 4 DAGs
[2025-05-13T22:00:41.511+0000] {logging_mixin.py:190} INFO - [2025-05-13T22:00:41.510+0000] {dag.py:4180} INFO - Setting next_dagrun for dataset_alias_example_alias_consumer to None, run_after=None
[2025-05-13T22:00:41.522+0000] {logging_mixin.py:190} INFO - [2025-05-13T22:00:41.522+0000] {dag.py:4180} INFO - Setting next_dagrun for dataset_alias_example_alias_producer to None, run_after=None
[2025-05-13T22:00:41.529+0000] {logging_mixin.py:190} INFO - [2025-05-13T22:00:41.529+0000] {dag.py:4180} INFO - Setting next_dagrun for dataset_s3_bucket_consumer to None, run_after=None
[2025-05-13T22:00:41.534+0000] {logging_mixin.py:190} INFO - [2025-05-13T22:00:41.534+0000] {dag.py:4180} INFO - Setting next_dagrun for dataset_s3_bucket_producer to None, run_after=None
[2025-05-13T22:00:41.614+0000] {processor.py:208} INFO - Processing /home/airflow/.local/lib/python3.12/site-packages/airflow/example_dags/example_dataset_alias.py took 1.414 seconds
[2025-05-13T22:01:13.413+0000] {processor.py:186} INFO - Started process (PID=618) to work on /home/airflow/.local/lib/python3.12/site-packages/airflow/example_dags/example_dataset_alias.py
[2025-05-13T22:01:13.415+0000] {processor.py:914} INFO - Processing file /home/airflow/.local/lib/python3.12/site-packages/airflow/example_dags/example_dataset_alias.py for tasks to queue
[2025-05-13T22:01:13.419+0000] {logging_mixin.py:190} INFO - [2025-05-13T22:01:13.418+0000] {dagbag.py:588} INFO - Filling up the DagBag from /home/airflow/.local/lib/python3.12/site-packages/airflow/example_dags/example_dataset_alias.py
[2025-05-13T22:01:14.665+0000] {processor.py:925} INFO - DAG(s) 'dataset_s3_bucket_producer', 'dataset_s3_bucket_consumer', 'dataset_alias_example_alias_producer', 'dataset_alias_example_alias_consumer' retrieved from /home/airflow/.local/lib/python3.12/site-packages/airflow/example_dags/example_dataset_alias.py
[2025-05-13T22:01:14.721+0000] {logging_mixin.py:190} INFO - [2025-05-13T22:01:14.719+0000] {dag.py:3239} INFO - Sync 4 DAGs
[2025-05-13T22:01:14.774+0000] {logging_mixin.py:190} INFO - [2025-05-13T22:01:14.774+0000] {dag.py:4180} INFO - Setting next_dagrun for dataset_alias_example_alias_consumer to None, run_after=None
[2025-05-13T22:01:14.781+0000] {logging_mixin.py:190} INFO - [2025-05-13T22:01:14.780+0000] {dag.py:4180} INFO - Setting next_dagrun for dataset_alias_example_alias_producer to None, run_after=None
[2025-05-13T22:01:14.784+0000] {logging_mixin.py:190} INFO - [2025-05-13T22:01:14.784+0000] {dag.py:4180} INFO - Setting next_dagrun for dataset_s3_bucket_consumer to None, run_after=None
[2025-05-13T22:01:14.787+0000] {logging_mixin.py:190} INFO - [2025-05-13T22:01:14.787+0000] {dag.py:4180} INFO - Setting next_dagrun for dataset_s3_bucket_producer to None, run_after=None
[2025-05-13T22:01:14.836+0000] {processor.py:208} INFO - Processing /home/airflow/.local/lib/python3.12/site-packages/airflow/example_dags/example_dataset_alias.py took 1.434 seconds
[2025-05-13T22:01:47.484+0000] {processor.py:186} INFO - Started process (PID=715) to work on /home/airflow/.local/lib/python3.12/site-packages/airflow/example_dags/example_dataset_alias.py
[2025-05-13T22:01:47.487+0000] {processor.py:914} INFO - Processing file /home/airflow/.local/lib/python3.12/site-packages/airflow/example_dags/example_dataset_alias.py for tasks to queue
[2025-05-13T22:01:47.493+0000] {logging_mixin.py:190} INFO - [2025-05-13T22:01:47.492+0000] {dagbag.py:588} INFO - Filling up the DagBag from /home/airflow/.local/lib/python3.12/site-packages/airflow/example_dags/example_dataset_alias.py
[2025-05-13T22:01:48.594+0000] {processor.py:925} INFO - DAG(s) 'dataset_s3_bucket_producer', 'dataset_alias_example_alias_producer', 'dataset_s3_bucket_consumer', 'dataset_alias_example_alias_consumer' retrieved from /home/airflow/.local/lib/python3.12/site-packages/airflow/example_dags/example_dataset_alias.py
[2025-05-13T22:01:48.655+0000] {logging_mixin.py:190} INFO - [2025-05-13T22:01:48.653+0000] {dag.py:3239} INFO - Sync 4 DAGs
[2025-05-13T22:01:48.760+0000] {logging_mixin.py:190} INFO - [2025-05-13T22:01:48.759+0000] {dag.py:4180} INFO - Setting next_dagrun for dataset_alias_example_alias_consumer to None, run_after=None
[2025-05-13T22:01:48.769+0000] {logging_mixin.py:190} INFO - [2025-05-13T22:01:48.769+0000] {dag.py:4180} INFO - Setting next_dagrun for dataset_alias_example_alias_producer to None, run_after=None
[2025-05-13T22:01:48.773+0000] {logging_mixin.py:190} INFO - [2025-05-13T22:01:48.773+0000] {dag.py:4180} INFO - Setting next_dagrun for dataset_s3_bucket_consumer to None, run_after=None
[2025-05-13T22:01:48.777+0000] {logging_mixin.py:190} INFO - [2025-05-13T22:01:48.777+0000] {dag.py:4180} INFO - Setting next_dagrun for dataset_s3_bucket_producer to None, run_after=None
[2025-05-13T22:01:48.843+0000] {processor.py:208} INFO - Processing /home/airflow/.local/lib/python3.12/site-packages/airflow/example_dags/example_dataset_alias.py took 1.369 seconds
[2025-05-13T22:02:21.776+0000] {processor.py:186} INFO - Started process (PID=806) to work on /home/airflow/.local/lib/python3.12/site-packages/airflow/example_dags/example_dataset_alias.py
[2025-05-13T22:02:21.778+0000] {processor.py:914} INFO - Processing file /home/airflow/.local/lib/python3.12/site-packages/airflow/example_dags/example_dataset_alias.py for tasks to queue
[2025-05-13T22:02:21.783+0000] {logging_mixin.py:190} INFO - [2025-05-13T22:02:21.782+0000] {dagbag.py:588} INFO - Filling up the DagBag from /home/airflow/.local/lib/python3.12/site-packages/airflow/example_dags/example_dataset_alias.py
[2025-05-13T22:02:23.027+0000] {processor.py:925} INFO - DAG(s) 'dataset_alias_example_alias_producer', 'dataset_s3_bucket_consumer', 'dataset_s3_bucket_producer', 'dataset_alias_example_alias_consumer' retrieved from /home/airflow/.local/lib/python3.12/site-packages/airflow/example_dags/example_dataset_alias.py
[2025-05-13T22:02:23.082+0000] {logging_mixin.py:190} INFO - [2025-05-13T22:02:23.081+0000] {dag.py:3239} INFO - Sync 4 DAGs
[2025-05-13T22:02:23.139+0000] {logging_mixin.py:190} INFO - [2025-05-13T22:02:23.139+0000] {dag.py:4180} INFO - Setting next_dagrun for dataset_alias_example_alias_consumer to None, run_after=None
[2025-05-13T22:02:23.146+0000] {logging_mixin.py:190} INFO - [2025-05-13T22:02:23.145+0000] {dag.py:4180} INFO - Setting next_dagrun for dataset_alias_example_alias_producer to None, run_after=None
[2025-05-13T22:02:23.152+0000] {logging_mixin.py:190} INFO - [2025-05-13T22:02:23.152+0000] {dag.py:4180} INFO - Setting next_dagrun for dataset_s3_bucket_consumer to None, run_after=None
[2025-05-13T22:02:23.156+0000] {logging_mixin.py:190} INFO - [2025-05-13T22:02:23.156+0000] {dag.py:4180} INFO - Setting next_dagrun for dataset_s3_bucket_producer to None, run_after=None
[2025-05-13T22:02:23.220+0000] {processor.py:208} INFO - Processing /home/airflow/.local/lib/python3.12/site-packages/airflow/example_dags/example_dataset_alias.py took 1.459 seconds
[2025-05-13T22:02:55.089+0000] {processor.py:186} INFO - Started process (PID=898) to work on /home/airflow/.local/lib/python3.12/site-packages/airflow/example_dags/example_dataset_alias.py
[2025-05-13T22:02:55.092+0000] {processor.py:914} INFO - Processing file /home/airflow/.local/lib/python3.12/site-packages/airflow/example_dags/example_dataset_alias.py for tasks to queue
[2025-05-13T22:02:55.099+0000] {logging_mixin.py:190} INFO - [2025-05-13T22:02:55.098+0000] {dagbag.py:588} INFO - Filling up the DagBag from /home/airflow/.local/lib/python3.12/site-packages/airflow/example_dags/example_dataset_alias.py
[2025-05-13T22:02:56.160+0000] {processor.py:925} INFO - DAG(s) 'dataset_s3_bucket_producer', 'dataset_alias_example_alias_consumer', 'dataset_s3_bucket_consumer', 'dataset_alias_example_alias_producer' retrieved from /home/airflow/.local/lib/python3.12/site-packages/airflow/example_dags/example_dataset_alias.py
[2025-05-13T22:02:56.198+0000] {logging_mixin.py:190} INFO - [2025-05-13T22:02:56.197+0000] {dag.py:3239} INFO - Sync 4 DAGs
[2025-05-13T22:02:56.237+0000] {logging_mixin.py:190} INFO - [2025-05-13T22:02:56.237+0000] {dag.py:4180} INFO - Setting next_dagrun for dataset_alias_example_alias_consumer to None, run_after=None
[2025-05-13T22:02:56.243+0000] {logging_mixin.py:190} INFO - [2025-05-13T22:02:56.242+0000] {dag.py:4180} INFO - Setting next_dagrun for dataset_alias_example_alias_producer to None, run_after=None
[2025-05-13T22:02:56.246+0000] {logging_mixin.py:190} INFO - [2025-05-13T22:02:56.245+0000] {dag.py:4180} INFO - Setting next_dagrun for dataset_s3_bucket_consumer to None, run_after=None
[2025-05-13T22:02:56.249+0000] {logging_mixin.py:190} INFO - [2025-05-13T22:02:56.248+0000] {dag.py:4180} INFO - Setting next_dagrun for dataset_s3_bucket_producer to None, run_after=None
[2025-05-13T22:02:56.304+0000] {processor.py:208} INFO - Processing /home/airflow/.local/lib/python3.12/site-packages/airflow/example_dags/example_dataset_alias.py took 1.226 seconds
[2025-05-13T22:03:30.420+0000] {processor.py:186} INFO - Started process (PID=988) to work on /home/airflow/.local/lib/python3.12/site-packages/airflow/example_dags/example_dataset_alias.py
[2025-05-13T22:03:30.422+0000] {processor.py:914} INFO - Processing file /home/airflow/.local/lib/python3.12/site-packages/airflow/example_dags/example_dataset_alias.py for tasks to queue
[2025-05-13T22:03:30.425+0000] {logging_mixin.py:190} INFO - [2025-05-13T22:03:30.425+0000] {dagbag.py:588} INFO - Filling up the DagBag from /home/airflow/.local/lib/python3.12/site-packages/airflow/example_dags/example_dataset_alias.py
[2025-05-13T22:03:31.541+0000] {processor.py:925} INFO - DAG(s) 'dataset_s3_bucket_producer', 'dataset_alias_example_alias_producer', 'dataset_s3_bucket_consumer', 'dataset_alias_example_alias_consumer' retrieved from /home/airflow/.local/lib/python3.12/site-packages/airflow/example_dags/example_dataset_alias.py
[2025-05-13T22:03:31.584+0000] {logging_mixin.py:190} INFO - [2025-05-13T22:03:31.583+0000] {dag.py:3239} INFO - Sync 4 DAGs
[2025-05-13T22:03:31.627+0000] {logging_mixin.py:190} INFO - [2025-05-13T22:03:31.627+0000] {dag.py:4180} INFO - Setting next_dagrun for dataset_alias_example_alias_consumer to None, run_after=None
[2025-05-13T22:03:31.634+0000] {logging_mixin.py:190} INFO - [2025-05-13T22:03:31.634+0000] {dag.py:4180} INFO - Setting next_dagrun for dataset_alias_example_alias_producer to None, run_after=None
[2025-05-13T22:03:31.638+0000] {logging_mixin.py:190} INFO - [2025-05-13T22:03:31.638+0000] {dag.py:4180} INFO - Setting next_dagrun for dataset_s3_bucket_consumer to None, run_after=None
[2025-05-13T22:03:31.641+0000] {logging_mixin.py:190} INFO - [2025-05-13T22:03:31.641+0000] {dag.py:4180} INFO - Setting next_dagrun for dataset_s3_bucket_producer to None, run_after=None
[2025-05-13T22:03:31.683+0000] {processor.py:208} INFO - Processing /home/airflow/.local/lib/python3.12/site-packages/airflow/example_dags/example_dataset_alias.py took 1.276 seconds
[2025-05-13T22:04:05.698+0000] {processor.py:186} INFO - Started process (PID=1079) to work on /home/airflow/.local/lib/python3.12/site-packages/airflow/example_dags/example_dataset_alias.py
[2025-05-13T22:04:05.700+0000] {processor.py:914} INFO - Processing file /home/airflow/.local/lib/python3.12/site-packages/airflow/example_dags/example_dataset_alias.py for tasks to queue
[2025-05-13T22:04:05.704+0000] {logging_mixin.py:190} INFO - [2025-05-13T22:04:05.704+0000] {dagbag.py:588} INFO - Filling up the DagBag from /home/airflow/.local/lib/python3.12/site-packages/airflow/example_dags/example_dataset_alias.py
[2025-05-13T22:04:06.825+0000] {processor.py:925} INFO - DAG(s) 'dataset_s3_bucket_producer', 'dataset_alias_example_alias_producer', 'dataset_alias_example_alias_consumer', 'dataset_s3_bucket_consumer' retrieved from /home/airflow/.local/lib/python3.12/site-packages/airflow/example_dags/example_dataset_alias.py
[2025-05-13T22:04:06.866+0000] {logging_mixin.py:190} INFO - [2025-05-13T22:04:06.865+0000] {dag.py:3239} INFO - Sync 4 DAGs
[2025-05-13T22:04:06.908+0000] {logging_mixin.py:190} INFO - [2025-05-13T22:04:06.908+0000] {dag.py:4180} INFO - Setting next_dagrun for dataset_alias_example_alias_consumer to None, run_after=None
[2025-05-13T22:04:06.914+0000] {logging_mixin.py:190} INFO - [2025-05-13T22:04:06.913+0000] {dag.py:4180} INFO - Setting next_dagrun for dataset_alias_example_alias_producer to None, run_after=None
[2025-05-13T22:04:06.917+0000] {logging_mixin.py:190} INFO - [2025-05-13T22:04:06.917+0000] {dag.py:4180} INFO - Setting next_dagrun for dataset_s3_bucket_consumer to None, run_after=None
[2025-05-13T22:04:06.921+0000] {logging_mixin.py:190} INFO - [2025-05-13T22:04:06.921+0000] {dag.py:4180} INFO - Setting next_dagrun for dataset_s3_bucket_producer to None, run_after=None
[2025-05-13T22:04:06.988+0000] {processor.py:208} INFO - Processing /home/airflow/.local/lib/python3.12/site-packages/airflow/example_dags/example_dataset_alias.py took 1.301 seconds
[2025-05-13T22:04:39.680+0000] {processor.py:186} INFO - Started process (PID=1170) to work on /home/airflow/.local/lib/python3.12/site-packages/airflow/example_dags/example_dataset_alias.py
[2025-05-13T22:04:39.684+0000] {processor.py:914} INFO - Processing file /home/airflow/.local/lib/python3.12/site-packages/airflow/example_dags/example_dataset_alias.py for tasks to queue
[2025-05-13T22:04:39.691+0000] {logging_mixin.py:190} INFO - [2025-05-13T22:04:39.690+0000] {dagbag.py:588} INFO - Filling up the DagBag from /home/airflow/.local/lib/python3.12/site-packages/airflow/example_dags/example_dataset_alias.py
[2025-05-13T22:04:40.833+0000] {processor.py:925} INFO - DAG(s) 'dataset_s3_bucket_producer', 'dataset_alias_example_alias_producer', 'dataset_alias_example_alias_consumer', 'dataset_s3_bucket_consumer' retrieved from /home/airflow/.local/lib/python3.12/site-packages/airflow/example_dags/example_dataset_alias.py
[2025-05-13T22:04:40.885+0000] {logging_mixin.py:190} INFO - [2025-05-13T22:04:40.884+0000] {dag.py:3239} INFO - Sync 4 DAGs
[2025-05-13T22:04:40.930+0000] {logging_mixin.py:190} INFO - [2025-05-13T22:04:40.930+0000] {dag.py:4180} INFO - Setting next_dagrun for dataset_alias_example_alias_consumer to None, run_after=None
[2025-05-13T22:04:40.938+0000] {logging_mixin.py:190} INFO - [2025-05-13T22:04:40.937+0000] {dag.py:4180} INFO - Setting next_dagrun for dataset_alias_example_alias_producer to None, run_after=None
[2025-05-13T22:04:40.942+0000] {logging_mixin.py:190} INFO - [2025-05-13T22:04:40.941+0000] {dag.py:4180} INFO - Setting next_dagrun for dataset_s3_bucket_consumer to None, run_after=None
[2025-05-13T22:04:40.945+0000] {logging_mixin.py:190} INFO - [2025-05-13T22:04:40.944+0000] {dag.py:4180} INFO - Setting next_dagrun for dataset_s3_bucket_producer to None, run_after=None
[2025-05-13T22:04:41.018+0000] {processor.py:208} INFO - Processing /home/airflow/.local/lib/python3.12/site-packages/airflow/example_dags/example_dataset_alias.py took 1.363 seconds
[2025-05-13T22:05:15.346+0000] {processor.py:186} INFO - Started process (PID=1264) to work on /home/airflow/.local/lib/python3.12/site-packages/airflow/example_dags/example_dataset_alias.py
[2025-05-13T22:05:15.350+0000] {processor.py:914} INFO - Processing file /home/airflow/.local/lib/python3.12/site-packages/airflow/example_dags/example_dataset_alias.py for tasks to queue
[2025-05-13T22:05:15.356+0000] {logging_mixin.py:190} INFO - [2025-05-13T22:05:15.355+0000] {dagbag.py:588} INFO - Filling up the DagBag from /home/airflow/.local/lib/python3.12/site-packages/airflow/example_dags/example_dataset_alias.py
[2025-05-13T22:05:16.687+0000] {processor.py:925} INFO - DAG(s) 'dataset_alias_example_alias_producer', 'dataset_s3_bucket_producer', 'dataset_alias_example_alias_consumer', 'dataset_s3_bucket_consumer' retrieved from /home/airflow/.local/lib/python3.12/site-packages/airflow/example_dags/example_dataset_alias.py
[2025-05-13T22:05:16.733+0000] {logging_mixin.py:190} INFO - [2025-05-13T22:05:16.731+0000] {dag.py:3239} INFO - Sync 4 DAGs
[2025-05-13T22:05:16.773+0000] {logging_mixin.py:190} INFO - [2025-05-13T22:05:16.773+0000] {dag.py:4180} INFO - Setting next_dagrun for dataset_alias_example_alias_consumer to None, run_after=None
[2025-05-13T22:05:16.779+0000] {logging_mixin.py:190} INFO - [2025-05-13T22:05:16.779+0000] {dag.py:4180} INFO - Setting next_dagrun for dataset_alias_example_alias_producer to None, run_after=None
[2025-05-13T22:05:16.783+0000] {logging_mixin.py:190} INFO - [2025-05-13T22:05:16.783+0000] {dag.py:4180} INFO - Setting next_dagrun for dataset_s3_bucket_consumer to None, run_after=None
[2025-05-13T22:05:16.787+0000] {logging_mixin.py:190} INFO - [2025-05-13T22:05:16.787+0000] {dag.py:4180} INFO - Setting next_dagrun for dataset_s3_bucket_producer to None, run_after=None
[2025-05-13T22:05:16.846+0000] {processor.py:208} INFO - Processing /home/airflow/.local/lib/python3.12/site-packages/airflow/example_dags/example_dataset_alias.py took 1.511 seconds
[2025-05-13T22:05:48.522+0000] {processor.py:186} INFO - Started process (PID=1371) to work on /home/airflow/.local/lib/python3.12/site-packages/airflow/example_dags/example_dataset_alias.py
[2025-05-13T22:05:48.524+0000] {processor.py:914} INFO - Processing file /home/airflow/.local/lib/python3.12/site-packages/airflow/example_dags/example_dataset_alias.py for tasks to queue
[2025-05-13T22:05:48.530+0000] {logging_mixin.py:190} INFO - [2025-05-13T22:05:48.529+0000] {dagbag.py:588} INFO - Filling up the DagBag from /home/airflow/.local/lib/python3.12/site-packages/airflow/example_dags/example_dataset_alias.py
[2025-05-13T22:05:49.743+0000] {processor.py:925} INFO - DAG(s) 'dataset_s3_bucket_consumer', 'dataset_alias_example_alias_consumer', 'dataset_alias_example_alias_producer', 'dataset_s3_bucket_producer' retrieved from /home/airflow/.local/lib/python3.12/site-packages/airflow/example_dags/example_dataset_alias.py
[2025-05-13T22:05:49.795+0000] {logging_mixin.py:190} INFO - [2025-05-13T22:05:49.794+0000] {dag.py:3239} INFO - Sync 4 DAGs
[2025-05-13T22:05:49.871+0000] {logging_mixin.py:190} INFO - [2025-05-13T22:05:49.870+0000] {dag.py:4180} INFO - Setting next_dagrun for dataset_alias_example_alias_consumer to None, run_after=None
[2025-05-13T22:05:49.878+0000] {logging_mixin.py:190} INFO - [2025-05-13T22:05:49.877+0000] {dag.py:4180} INFO - Setting next_dagrun for dataset_alias_example_alias_producer to None, run_after=None
[2025-05-13T22:05:49.889+0000] {logging_mixin.py:190} INFO - [2025-05-13T22:05:49.888+0000] {dag.py:4180} INFO - Setting next_dagrun for dataset_s3_bucket_consumer to None, run_after=None
[2025-05-13T22:05:49.898+0000] {logging_mixin.py:190} INFO - [2025-05-13T22:05:49.897+0000] {dag.py:4180} INFO - Setting next_dagrun for dataset_s3_bucket_producer to None, run_after=None
[2025-05-13T22:05:49.957+0000] {processor.py:208} INFO - Processing /home/airflow/.local/lib/python3.12/site-packages/airflow/example_dags/example_dataset_alias.py took 1.448 seconds
[2025-05-13T22:06:21.809+0000] {processor.py:186} INFO - Started process (PID=1454) to work on /home/airflow/.local/lib/python3.12/site-packages/airflow/example_dags/example_dataset_alias.py
[2025-05-13T22:06:21.812+0000] {processor.py:914} INFO - Processing file /home/airflow/.local/lib/python3.12/site-packages/airflow/example_dags/example_dataset_alias.py for tasks to queue
[2025-05-13T22:06:21.817+0000] {logging_mixin.py:190} INFO - [2025-05-13T22:06:21.816+0000] {dagbag.py:588} INFO - Filling up the DagBag from /home/airflow/.local/lib/python3.12/site-packages/airflow/example_dags/example_dataset_alias.py
[2025-05-13T22:06:23.062+0000] {processor.py:925} INFO - DAG(s) 'dataset_s3_bucket_producer', 'dataset_s3_bucket_consumer', 'dataset_alias_example_alias_producer', 'dataset_alias_example_alias_consumer' retrieved from /home/airflow/.local/lib/python3.12/site-packages/airflow/example_dags/example_dataset_alias.py
[2025-05-13T22:06:23.124+0000] {logging_mixin.py:190} INFO - [2025-05-13T22:06:23.123+0000] {dag.py:3239} INFO - Sync 4 DAGs
[2025-05-13T22:06:23.185+0000] {logging_mixin.py:190} INFO - [2025-05-13T22:06:23.184+0000] {dag.py:4180} INFO - Setting next_dagrun for dataset_alias_example_alias_consumer to None, run_after=None
[2025-05-13T22:06:23.192+0000] {logging_mixin.py:190} INFO - [2025-05-13T22:06:23.192+0000] {dag.py:4180} INFO - Setting next_dagrun for dataset_alias_example_alias_producer to None, run_after=None
[2025-05-13T22:06:23.197+0000] {logging_mixin.py:190} INFO - [2025-05-13T22:06:23.196+0000] {dag.py:4180} INFO - Setting next_dagrun for dataset_s3_bucket_consumer to None, run_after=None
[2025-05-13T22:06:23.204+0000] {logging_mixin.py:190} INFO - [2025-05-13T22:06:23.203+0000] {dag.py:4180} INFO - Setting next_dagrun for dataset_s3_bucket_producer to None, run_after=None
[2025-05-13T22:06:23.281+0000] {processor.py:208} INFO - Processing /home/airflow/.local/lib/python3.12/site-packages/airflow/example_dags/example_dataset_alias.py took 1.484 seconds
[2025-05-13T22:06:55.490+0000] {processor.py:186} INFO - Started process (PID=1545) to work on /home/airflow/.local/lib/python3.12/site-packages/airflow/example_dags/example_dataset_alias.py
[2025-05-13T22:06:55.492+0000] {processor.py:914} INFO - Processing file /home/airflow/.local/lib/python3.12/site-packages/airflow/example_dags/example_dataset_alias.py for tasks to queue
[2025-05-13T22:06:55.496+0000] {logging_mixin.py:190} INFO - [2025-05-13T22:06:55.495+0000] {dagbag.py:588} INFO - Filling up the DagBag from /home/airflow/.local/lib/python3.12/site-packages/airflow/example_dags/example_dataset_alias.py
[2025-05-13T22:06:56.682+0000] {processor.py:925} INFO - DAG(s) 'dataset_alias_example_alias_consumer', 'dataset_alias_example_alias_producer', 'dataset_s3_bucket_producer', 'dataset_s3_bucket_consumer' retrieved from /home/airflow/.local/lib/python3.12/site-packages/airflow/example_dags/example_dataset_alias.py
[2025-05-13T22:06:56.750+0000] {logging_mixin.py:190} INFO - [2025-05-13T22:06:56.749+0000] {dag.py:3239} INFO - Sync 4 DAGs
[2025-05-13T22:06:56.802+0000] {logging_mixin.py:190} INFO - [2025-05-13T22:06:56.802+0000] {dag.py:4180} INFO - Setting next_dagrun for dataset_alias_example_alias_consumer to None, run_after=None
[2025-05-13T22:06:56.809+0000] {logging_mixin.py:190} INFO - [2025-05-13T22:06:56.808+0000] {dag.py:4180} INFO - Setting next_dagrun for dataset_alias_example_alias_producer to None, run_after=None
[2025-05-13T22:06:56.813+0000] {logging_mixin.py:190} INFO - [2025-05-13T22:06:56.812+0000] {dag.py:4180} INFO - Setting next_dagrun for dataset_s3_bucket_consumer to None, run_after=None
[2025-05-13T22:06:56.817+0000] {logging_mixin.py:190} INFO - [2025-05-13T22:06:56.817+0000] {dag.py:4180} INFO - Setting next_dagrun for dataset_s3_bucket_producer to None, run_after=None
[2025-05-13T22:06:56.867+0000] {processor.py:208} INFO - Processing /home/airflow/.local/lib/python3.12/site-packages/airflow/example_dags/example_dataset_alias.py took 1.391 seconds
