[2025-05-13T21:58:18.531+0000] {processor.py:186} INFO - Started process (PID=123) to work on /home/airflow/.local/lib/python3.12/site-packages/airflow/example_dags/example_branch_labels.py
[2025-05-13T21:58:18.533+0000] {processor.py:914} INFO - Processing file /home/airflow/.local/lib/python3.12/site-packages/airflow/example_dags/example_branch_labels.py for tasks to queue
[2025-05-13T21:58:18.537+0000] {logging_mixin.py:190} INFO - [2025-05-13T21:58:18.537+0000] {dagbag.py:588} INFO - Filling up the DagBag from /home/airflow/.local/lib/python3.12/site-packages/airflow/example_dags/example_branch_labels.py
[2025-05-13T21:58:18.562+0000] {processor.py:925} INFO - DAG(s) 'example_branch_labels' retrieved from /home/airflow/.local/lib/python3.12/site-packages/airflow/example_dags/example_branch_labels.py
[2025-05-13T21:58:18.618+0000] {logging_mixin.py:190} INFO - [2025-05-13T21:58:18.617+0000] {dag.py:3239} INFO - Sync 1 DAGs
[2025-05-13T21:58:18.663+0000] {logging_mixin.py:190} INFO - [2025-05-13T21:58:18.663+0000] {dag.py:4180} INFO - Setting next_dagrun for example_branch_labels to 2025-05-12 00:00:00+00:00, run_after=2025-05-13 00:00:00+00:00
[2025-05-13T21:58:18.697+0000] {processor.py:208} INFO - Processing /home/airflow/.local/lib/python3.12/site-packages/airflow/example_dags/example_branch_labels.py took 0.176 seconds
[2025-05-13T21:58:52.304+0000] {processor.py:186} INFO - Started process (PID=214) to work on /home/airflow/.local/lib/python3.12/site-packages/airflow/example_dags/example_branch_labels.py
[2025-05-13T21:58:52.307+0000] {processor.py:914} INFO - Processing file /home/airflow/.local/lib/python3.12/site-packages/airflow/example_dags/example_branch_labels.py for tasks to queue
[2025-05-13T21:58:52.313+0000] {logging_mixin.py:190} INFO - [2025-05-13T21:58:52.313+0000] {dagbag.py:588} INFO - Filling up the DagBag from /home/airflow/.local/lib/python3.12/site-packages/airflow/example_dags/example_branch_labels.py
[2025-05-13T21:58:52.333+0000] {processor.py:925} INFO - DAG(s) 'example_branch_labels' retrieved from /home/airflow/.local/lib/python3.12/site-packages/airflow/example_dags/example_branch_labels.py
[2025-05-13T21:58:52.376+0000] {logging_mixin.py:190} INFO - [2025-05-13T21:58:52.376+0000] {dag.py:3239} INFO - Sync 1 DAGs
[2025-05-13T21:58:52.425+0000] {logging_mixin.py:190} INFO - [2025-05-13T21:58:52.425+0000] {dag.py:4180} INFO - Setting next_dagrun for example_branch_labels to 2025-05-12 00:00:00+00:00, run_after=2025-05-13 00:00:00+00:00
[2025-05-13T21:58:52.471+0000] {processor.py:208} INFO - Processing /home/airflow/.local/lib/python3.12/site-packages/airflow/example_dags/example_branch_labels.py took 0.176 seconds
[2025-05-13T21:59:25.552+0000] {processor.py:186} INFO - Started process (PID=305) to work on /home/airflow/.local/lib/python3.12/site-packages/airflow/example_dags/example_branch_labels.py
[2025-05-13T21:59:25.554+0000] {processor.py:914} INFO - Processing file /home/airflow/.local/lib/python3.12/site-packages/airflow/example_dags/example_branch_labels.py for tasks to queue
[2025-05-13T21:59:25.560+0000] {logging_mixin.py:190} INFO - [2025-05-13T21:59:25.560+0000] {dagbag.py:588} INFO - Filling up the DagBag from /home/airflow/.local/lib/python3.12/site-packages/airflow/example_dags/example_branch_labels.py
[2025-05-13T21:59:25.582+0000] {processor.py:925} INFO - DAG(s) 'example_branch_labels' retrieved from /home/airflow/.local/lib/python3.12/site-packages/airflow/example_dags/example_branch_labels.py
[2025-05-13T21:59:25.626+0000] {logging_mixin.py:190} INFO - [2025-05-13T21:59:25.625+0000] {dag.py:3239} INFO - Sync 1 DAGs
[2025-05-13T21:59:25.685+0000] {logging_mixin.py:190} INFO - [2025-05-13T21:59:25.684+0000] {dag.py:4180} INFO - Setting next_dagrun for example_branch_labels to 2025-05-12 00:00:00+00:00, run_after=2025-05-13 00:00:00+00:00
[2025-05-13T21:59:25.734+0000] {processor.py:208} INFO - Processing /home/airflow/.local/lib/python3.12/site-packages/airflow/example_dags/example_branch_labels.py took 0.196 seconds
[2025-05-13T21:59:59.261+0000] {processor.py:186} INFO - Started process (PID=400) to work on /home/airflow/.local/lib/python3.12/site-packages/airflow/example_dags/example_branch_labels.py
[2025-05-13T21:59:59.263+0000] {processor.py:914} INFO - Processing file /home/airflow/.local/lib/python3.12/site-packages/airflow/example_dags/example_branch_labels.py for tasks to queue
[2025-05-13T21:59:59.268+0000] {logging_mixin.py:190} INFO - [2025-05-13T21:59:59.267+0000] {dagbag.py:588} INFO - Filling up the DagBag from /home/airflow/.local/lib/python3.12/site-packages/airflow/example_dags/example_branch_labels.py
[2025-05-13T21:59:59.286+0000] {processor.py:925} INFO - DAG(s) 'example_branch_labels' retrieved from /home/airflow/.local/lib/python3.12/site-packages/airflow/example_dags/example_branch_labels.py
[2025-05-13T21:59:59.323+0000] {logging_mixin.py:190} INFO - [2025-05-13T21:59:59.323+0000] {dag.py:3239} INFO - Sync 1 DAGs
[2025-05-13T21:59:59.369+0000] {logging_mixin.py:190} INFO - [2025-05-13T21:59:59.369+0000] {dag.py:4180} INFO - Setting next_dagrun for example_branch_labels to 2025-05-12 00:00:00+00:00, run_after=2025-05-13 00:00:00+00:00
[2025-05-13T21:59:59.405+0000] {processor.py:208} INFO - Processing /home/airflow/.local/lib/python3.12/site-packages/airflow/example_dags/example_branch_labels.py took 0.156 seconds
[2025-05-13T22:00:33.402+0000] {processor.py:186} INFO - Started process (PID=491) to work on /home/airflow/.local/lib/python3.12/site-packages/airflow/example_dags/example_branch_labels.py
[2025-05-13T22:00:33.404+0000] {processor.py:914} INFO - Processing file /home/airflow/.local/lib/python3.12/site-packages/airflow/example_dags/example_branch_labels.py for tasks to queue
[2025-05-13T22:00:33.411+0000] {logging_mixin.py:190} INFO - [2025-05-13T22:00:33.410+0000] {dagbag.py:588} INFO - Filling up the DagBag from /home/airflow/.local/lib/python3.12/site-packages/airflow/example_dags/example_branch_labels.py
[2025-05-13T22:00:33.431+0000] {processor.py:925} INFO - DAG(s) 'example_branch_labels' retrieved from /home/airflow/.local/lib/python3.12/site-packages/airflow/example_dags/example_branch_labels.py
[2025-05-13T22:00:33.473+0000] {logging_mixin.py:190} INFO - [2025-05-13T22:00:33.472+0000] {dag.py:3239} INFO - Sync 1 DAGs
[2025-05-13T22:00:33.516+0000] {logging_mixin.py:190} INFO - [2025-05-13T22:00:33.516+0000] {dag.py:4180} INFO - Setting next_dagrun for example_branch_labels to 2025-05-12 00:00:00+00:00, run_after=2025-05-13 00:00:00+00:00
[2025-05-13T22:00:33.551+0000] {processor.py:208} INFO - Processing /home/airflow/.local/lib/python3.12/site-packages/airflow/example_dags/example_branch_labels.py took 0.158 seconds
[2025-05-13T22:01:06.895+0000] {processor.py:186} INFO - Started process (PID=582) to work on /home/airflow/.local/lib/python3.12/site-packages/airflow/example_dags/example_branch_labels.py
[2025-05-13T22:01:06.897+0000] {processor.py:914} INFO - Processing file /home/airflow/.local/lib/python3.12/site-packages/airflow/example_dags/example_branch_labels.py for tasks to queue
[2025-05-13T22:01:06.901+0000] {logging_mixin.py:190} INFO - [2025-05-13T22:01:06.901+0000] {dagbag.py:588} INFO - Filling up the DagBag from /home/airflow/.local/lib/python3.12/site-packages/airflow/example_dags/example_branch_labels.py
[2025-05-13T22:01:06.925+0000] {processor.py:925} INFO - DAG(s) 'example_branch_labels' retrieved from /home/airflow/.local/lib/python3.12/site-packages/airflow/example_dags/example_branch_labels.py
[2025-05-13T22:01:06.966+0000] {logging_mixin.py:190} INFO - [2025-05-13T22:01:06.965+0000] {dag.py:3239} INFO - Sync 1 DAGs
[2025-05-13T22:01:07.018+0000] {logging_mixin.py:190} INFO - [2025-05-13T22:01:07.018+0000] {dag.py:4180} INFO - Setting next_dagrun for example_branch_labels to 2025-05-12 00:00:00+00:00, run_after=2025-05-13 00:00:00+00:00
[2025-05-13T22:01:07.077+0000] {processor.py:208} INFO - Processing /home/airflow/.local/lib/python3.12/site-packages/airflow/example_dags/example_branch_labels.py took 0.193 seconds
[2025-05-13T22:01:41.168+0000] {processor.py:186} INFO - Started process (PID=673) to work on /home/airflow/.local/lib/python3.12/site-packages/airflow/example_dags/example_branch_labels.py
[2025-05-13T22:01:41.171+0000] {processor.py:914} INFO - Processing file /home/airflow/.local/lib/python3.12/site-packages/airflow/example_dags/example_branch_labels.py for tasks to queue
[2025-05-13T22:01:41.181+0000] {logging_mixin.py:190} INFO - [2025-05-13T22:01:41.180+0000] {dagbag.py:588} INFO - Filling up the DagBag from /home/airflow/.local/lib/python3.12/site-packages/airflow/example_dags/example_branch_labels.py
[2025-05-13T22:01:41.207+0000] {processor.py:925} INFO - DAG(s) 'example_branch_labels' retrieved from /home/airflow/.local/lib/python3.12/site-packages/airflow/example_dags/example_branch_labels.py
[2025-05-13T22:01:41.247+0000] {logging_mixin.py:190} INFO - [2025-05-13T22:01:41.247+0000] {dag.py:3239} INFO - Sync 1 DAGs
[2025-05-13T22:01:41.299+0000] {logging_mixin.py:190} INFO - [2025-05-13T22:01:41.299+0000] {dag.py:4180} INFO - Setting next_dagrun for example_branch_labels to 2025-05-12 00:00:00+00:00, run_after=2025-05-13 00:00:00+00:00
[2025-05-13T22:01:41.336+0000] {processor.py:208} INFO - Processing /home/airflow/.local/lib/python3.12/site-packages/airflow/example_dags/example_branch_labels.py took 0.178 seconds
[2025-05-13T22:02:14.763+0000] {processor.py:186} INFO - Started process (PID=764) to work on /home/airflow/.local/lib/python3.12/site-packages/airflow/example_dags/example_branch_labels.py
[2025-05-13T22:02:14.765+0000] {processor.py:914} INFO - Processing file /home/airflow/.local/lib/python3.12/site-packages/airflow/example_dags/example_branch_labels.py for tasks to queue
[2025-05-13T22:02:14.770+0000] {logging_mixin.py:190} INFO - [2025-05-13T22:02:14.769+0000] {dagbag.py:588} INFO - Filling up the DagBag from /home/airflow/.local/lib/python3.12/site-packages/airflow/example_dags/example_branch_labels.py
[2025-05-13T22:02:14.790+0000] {processor.py:925} INFO - DAG(s) 'example_branch_labels' retrieved from /home/airflow/.local/lib/python3.12/site-packages/airflow/example_dags/example_branch_labels.py
[2025-05-13T22:02:14.835+0000] {logging_mixin.py:190} INFO - [2025-05-13T22:02:14.835+0000] {dag.py:3239} INFO - Sync 1 DAGs
[2025-05-13T22:02:14.885+0000] {logging_mixin.py:190} INFO - [2025-05-13T22:02:14.885+0000] {dag.py:4180} INFO - Setting next_dagrun for example_branch_labels to 2025-05-12 00:00:00+00:00, run_after=2025-05-13 00:00:00+00:00
[2025-05-13T22:02:14.929+0000] {processor.py:208} INFO - Processing /home/airflow/.local/lib/python3.12/site-packages/airflow/example_dags/example_branch_labels.py took 0.177 seconds
[2025-05-13T22:02:48.283+0000] {processor.py:186} INFO - Started process (PID=861) to work on /home/airflow/.local/lib/python3.12/site-packages/airflow/example_dags/example_branch_labels.py
[2025-05-13T22:02:48.285+0000] {processor.py:914} INFO - Processing file /home/airflow/.local/lib/python3.12/site-packages/airflow/example_dags/example_branch_labels.py for tasks to queue
[2025-05-13T22:02:48.290+0000] {logging_mixin.py:190} INFO - [2025-05-13T22:02:48.290+0000] {dagbag.py:588} INFO - Filling up the DagBag from /home/airflow/.local/lib/python3.12/site-packages/airflow/example_dags/example_branch_labels.py
[2025-05-13T22:02:48.309+0000] {processor.py:925} INFO - DAG(s) 'example_branch_labels' retrieved from /home/airflow/.local/lib/python3.12/site-packages/airflow/example_dags/example_branch_labels.py
[2025-05-13T22:02:48.348+0000] {logging_mixin.py:190} INFO - [2025-05-13T22:02:48.348+0000] {dag.py:3239} INFO - Sync 1 DAGs
[2025-05-13T22:02:48.392+0000] {logging_mixin.py:190} INFO - [2025-05-13T22:02:48.391+0000] {dag.py:4180} INFO - Setting next_dagrun for example_branch_labels to 2025-05-12 00:00:00+00:00, run_after=2025-05-13 00:00:00+00:00
[2025-05-13T22:02:48.447+0000] {processor.py:208} INFO - Processing /home/airflow/.local/lib/python3.12/site-packages/airflow/example_dags/example_branch_labels.py took 0.175 seconds
[2025-05-13T22:03:23.727+0000] {processor.py:186} INFO - Started process (PID=952) to work on /home/airflow/.local/lib/python3.12/site-packages/airflow/example_dags/example_branch_labels.py
[2025-05-13T22:03:23.729+0000] {processor.py:914} INFO - Processing file /home/airflow/.local/lib/python3.12/site-packages/airflow/example_dags/example_branch_labels.py for tasks to queue
[2025-05-13T22:03:23.733+0000] {logging_mixin.py:190} INFO - [2025-05-13T22:03:23.733+0000] {dagbag.py:588} INFO - Filling up the DagBag from /home/airflow/.local/lib/python3.12/site-packages/airflow/example_dags/example_branch_labels.py
[2025-05-13T22:03:23.752+0000] {processor.py:925} INFO - DAG(s) 'example_branch_labels' retrieved from /home/airflow/.local/lib/python3.12/site-packages/airflow/example_dags/example_branch_labels.py
[2025-05-13T22:03:23.795+0000] {logging_mixin.py:190} INFO - [2025-05-13T22:03:23.794+0000] {dag.py:3239} INFO - Sync 1 DAGs
[2025-05-13T22:03:23.851+0000] {logging_mixin.py:190} INFO - [2025-05-13T22:03:23.850+0000] {dag.py:4180} INFO - Setting next_dagrun for example_branch_labels to 2025-05-12 00:00:00+00:00, run_after=2025-05-13 00:00:00+00:00
[2025-05-13T22:03:23.893+0000] {processor.py:208} INFO - Processing /home/airflow/.local/lib/python3.12/site-packages/airflow/example_dags/example_branch_labels.py took 0.177 seconds
[2025-05-13T22:03:59.622+0000] {processor.py:186} INFO - Started process (PID=1043) to work on /home/airflow/.local/lib/python3.12/site-packages/airflow/example_dags/example_branch_labels.py
[2025-05-13T22:03:59.625+0000] {processor.py:914} INFO - Processing file /home/airflow/.local/lib/python3.12/site-packages/airflow/example_dags/example_branch_labels.py for tasks to queue
[2025-05-13T22:03:59.630+0000] {logging_mixin.py:190} INFO - [2025-05-13T22:03:59.629+0000] {dagbag.py:588} INFO - Filling up the DagBag from /home/airflow/.local/lib/python3.12/site-packages/airflow/example_dags/example_branch_labels.py
[2025-05-13T22:03:59.653+0000] {processor.py:925} INFO - DAG(s) 'example_branch_labels' retrieved from /home/airflow/.local/lib/python3.12/site-packages/airflow/example_dags/example_branch_labels.py
[2025-05-13T22:03:59.691+0000] {logging_mixin.py:190} INFO - [2025-05-13T22:03:59.690+0000] {dag.py:3239} INFO - Sync 1 DAGs
[2025-05-13T22:03:59.734+0000] {logging_mixin.py:190} INFO - [2025-05-13T22:03:59.733+0000] {dag.py:4180} INFO - Setting next_dagrun for example_branch_labels to 2025-05-12 00:00:00+00:00, run_after=2025-05-13 00:00:00+00:00
[2025-05-13T22:03:59.788+0000] {processor.py:208} INFO - Processing /home/airflow/.local/lib/python3.12/site-packages/airflow/example_dags/example_branch_labels.py took 0.178 seconds
[2025-05-13T22:04:32.652+0000] {processor.py:186} INFO - Started process (PID=1134) to work on /home/airflow/.local/lib/python3.12/site-packages/airflow/example_dags/example_branch_labels.py
[2025-05-13T22:04:32.654+0000] {processor.py:914} INFO - Processing file /home/airflow/.local/lib/python3.12/site-packages/airflow/example_dags/example_branch_labels.py for tasks to queue
[2025-05-13T22:04:32.659+0000] {logging_mixin.py:190} INFO - [2025-05-13T22:04:32.659+0000] {dagbag.py:588} INFO - Filling up the DagBag from /home/airflow/.local/lib/python3.12/site-packages/airflow/example_dags/example_branch_labels.py
[2025-05-13T22:04:32.678+0000] {processor.py:925} INFO - DAG(s) 'example_branch_labels' retrieved from /home/airflow/.local/lib/python3.12/site-packages/airflow/example_dags/example_branch_labels.py
[2025-05-13T22:04:32.719+0000] {logging_mixin.py:190} INFO - [2025-05-13T22:04:32.719+0000] {dag.py:3239} INFO - Sync 1 DAGs
[2025-05-13T22:04:32.766+0000] {logging_mixin.py:190} INFO - [2025-05-13T22:04:32.766+0000] {dag.py:4180} INFO - Setting next_dagrun for example_branch_labels to 2025-05-12 00:00:00+00:00, run_after=2025-05-13 00:00:00+00:00
[2025-05-13T22:04:32.822+0000] {processor.py:208} INFO - Processing /home/airflow/.local/lib/python3.12/site-packages/airflow/example_dags/example_branch_labels.py took 0.182 seconds
[2025-05-13T22:05:07.772+0000] {processor.py:186} INFO - Started process (PID=1225) to work on /home/airflow/.local/lib/python3.12/site-packages/airflow/example_dags/example_branch_labels.py
[2025-05-13T22:05:07.774+0000] {processor.py:914} INFO - Processing file /home/airflow/.local/lib/python3.12/site-packages/airflow/example_dags/example_branch_labels.py for tasks to queue
[2025-05-13T22:05:07.779+0000] {logging_mixin.py:190} INFO - [2025-05-13T22:05:07.778+0000] {dagbag.py:588} INFO - Filling up the DagBag from /home/airflow/.local/lib/python3.12/site-packages/airflow/example_dags/example_branch_labels.py
[2025-05-13T22:05:07.801+0000] {processor.py:925} INFO - DAG(s) 'example_branch_labels' retrieved from /home/airflow/.local/lib/python3.12/site-packages/airflow/example_dags/example_branch_labels.py
[2025-05-13T22:05:07.849+0000] {logging_mixin.py:190} INFO - [2025-05-13T22:05:07.848+0000] {dag.py:3239} INFO - Sync 1 DAGs
[2025-05-13T22:05:07.909+0000] {logging_mixin.py:190} INFO - [2025-05-13T22:05:07.908+0000] {dag.py:4180} INFO - Setting next_dagrun for example_branch_labels to 2025-05-12 00:00:00+00:00, run_after=2025-05-13 00:00:00+00:00
[2025-05-13T22:05:07.954+0000] {processor.py:208} INFO - Processing /home/airflow/.local/lib/python3.12/site-packages/airflow/example_dags/example_branch_labels.py took 0.196 seconds
[2025-05-13T22:05:40.645+0000] {processor.py:186} INFO - Started process (PID=1316) to work on /home/airflow/.local/lib/python3.12/site-packages/airflow/example_dags/example_branch_labels.py
[2025-05-13T22:05:40.649+0000] {processor.py:914} INFO - Processing file /home/airflow/.local/lib/python3.12/site-packages/airflow/example_dags/example_branch_labels.py for tasks to queue
[2025-05-13T22:05:40.656+0000] {logging_mixin.py:190} INFO - [2025-05-13T22:05:40.655+0000] {dagbag.py:588} INFO - Filling up the DagBag from /home/airflow/.local/lib/python3.12/site-packages/airflow/example_dags/example_branch_labels.py
[2025-05-13T22:05:40.681+0000] {processor.py:925} INFO - DAG(s) 'example_branch_labels' retrieved from /home/airflow/.local/lib/python3.12/site-packages/airflow/example_dags/example_branch_labels.py
[2025-05-13T22:05:40.728+0000] {logging_mixin.py:190} INFO - [2025-05-13T22:05:40.728+0000] {dag.py:3239} INFO - Sync 1 DAGs
[2025-05-13T22:05:40.777+0000] {logging_mixin.py:190} INFO - [2025-05-13T22:05:40.777+0000] {dag.py:4180} INFO - Setting next_dagrun for example_branch_labels to 2025-05-12 00:00:00+00:00, run_after=2025-05-13 00:00:00+00:00
[2025-05-13T22:05:40.835+0000] {processor.py:208} INFO - Processing /home/airflow/.local/lib/python3.12/site-packages/airflow/example_dags/example_branch_labels.py took 0.200 seconds
[2025-05-13T22:06:14.062+0000] {processor.py:186} INFO - Started process (PID=1407) to work on /home/airflow/.local/lib/python3.12/site-packages/airflow/example_dags/example_branch_labels.py
[2025-05-13T22:06:14.065+0000] {processor.py:914} INFO - Processing file /home/airflow/.local/lib/python3.12/site-packages/airflow/example_dags/example_branch_labels.py for tasks to queue
[2025-05-13T22:06:14.071+0000] {logging_mixin.py:190} INFO - [2025-05-13T22:06:14.070+0000] {dagbag.py:588} INFO - Filling up the DagBag from /home/airflow/.local/lib/python3.12/site-packages/airflow/example_dags/example_branch_labels.py
[2025-05-13T22:06:14.089+0000] {processor.py:925} INFO - DAG(s) 'example_branch_labels' retrieved from /home/airflow/.local/lib/python3.12/site-packages/airflow/example_dags/example_branch_labels.py
[2025-05-13T22:06:14.132+0000] {logging_mixin.py:190} INFO - [2025-05-13T22:06:14.132+0000] {dag.py:3239} INFO - Sync 1 DAGs
[2025-05-13T22:06:14.184+0000] {logging_mixin.py:190} INFO - [2025-05-13T22:06:14.184+0000] {dag.py:4180} INFO - Setting next_dagrun for example_branch_labels to 2025-05-12 00:00:00+00:00, run_after=2025-05-13 00:00:00+00:00
[2025-05-13T22:06:14.223+0000] {processor.py:208} INFO - Processing /home/airflow/.local/lib/python3.12/site-packages/airflow/example_dags/example_branch_labels.py took 0.172 seconds
[2025-05-13T22:06:46.718+0000] {processor.py:186} INFO - Started process (PID=1504) to work on /home/airflow/.local/lib/python3.12/site-packages/airflow/example_dags/example_branch_labels.py
[2025-05-13T22:06:46.721+0000] {processor.py:914} INFO - Processing file /home/airflow/.local/lib/python3.12/site-packages/airflow/example_dags/example_branch_labels.py for tasks to queue
[2025-05-13T22:06:46.725+0000] {logging_mixin.py:190} INFO - [2025-05-13T22:06:46.724+0000] {dagbag.py:588} INFO - Filling up the DagBag from /home/airflow/.local/lib/python3.12/site-packages/airflow/example_dags/example_branch_labels.py
[2025-05-13T22:06:46.748+0000] {processor.py:925} INFO - DAG(s) 'example_branch_labels' retrieved from /home/airflow/.local/lib/python3.12/site-packages/airflow/example_dags/example_branch_labels.py
[2025-05-13T22:06:46.799+0000] {logging_mixin.py:190} INFO - [2025-05-13T22:06:46.798+0000] {dag.py:3239} INFO - Sync 1 DAGs
[2025-05-13T22:06:46.851+0000] {logging_mixin.py:190} INFO - [2025-05-13T22:06:46.850+0000] {dag.py:4180} INFO - Setting next_dagrun for example_branch_labels to 2025-05-12 00:00:00+00:00, run_after=2025-05-13 00:00:00+00:00
[2025-05-13T22:06:46.917+0000] {processor.py:208} INFO - Processing /home/airflow/.local/lib/python3.12/site-packages/airflow/example_dags/example_branch_labels.py took 0.213 seconds
