[2025-05-13T21:58:26.269+0000] {processor.py:186} INFO - Started process (PID=160) to work on /home/airflow/.local/lib/python3.12/site-packages/airflow/example_dags/example_latest_only_with_trigger.py
[2025-05-13T21:58:26.272+0000] {processor.py:914} INFO - Processing file /home/airflow/.local/lib/python3.12/site-packages/airflow/example_dags/example_latest_only_with_trigger.py for tasks to queue
[2025-05-13T21:58:26.277+0000] {logging_mixin.py:190} INFO - [2025-05-13T21:58:26.276+0000] {dagbag.py:588} INFO - Filling up the DagBag from /home/airflow/.local/lib/python3.12/site-packages/airflow/example_dags/example_latest_only_with_trigger.py
[2025-05-13T21:58:26.292+0000] {processor.py:925} INFO - DAG(s) 'latest_only_with_trigger' retrieved from /home/airflow/.local/lib/python3.12/site-packages/airflow/example_dags/example_latest_only_with_trigger.py
[2025-05-13T21:58:26.336+0000] {logging_mixin.py:190} INFO - [2025-05-13T21:58:26.335+0000] {dag.py:3239} INFO - Sync 1 DAGs
[2025-05-13T21:58:26.387+0000] {logging_mixin.py:190} INFO - [2025-05-13T21:58:26.386+0000] {dag.py:4180} INFO - Setting next_dagrun for latest_only_with_trigger to 2025-05-13 16:00:00+00:00, run_after=2025-05-13 20:00:00+00:00
[2025-05-13T21:58:26.429+0000] {processor.py:208} INFO - Processing /home/airflow/.local/lib/python3.12/site-packages/airflow/example_dags/example_latest_only_with_trigger.py took 0.170 seconds
[2025-05-13T21:58:59.422+0000] {processor.py:186} INFO - Started process (PID=251) to work on /home/airflow/.local/lib/python3.12/site-packages/airflow/example_dags/example_latest_only_with_trigger.py
[2025-05-13T21:58:59.424+0000] {processor.py:914} INFO - Processing file /home/airflow/.local/lib/python3.12/site-packages/airflow/example_dags/example_latest_only_with_trigger.py for tasks to queue
[2025-05-13T21:58:59.430+0000] {logging_mixin.py:190} INFO - [2025-05-13T21:58:59.429+0000] {dagbag.py:588} INFO - Filling up the DagBag from /home/airflow/.local/lib/python3.12/site-packages/airflow/example_dags/example_latest_only_with_trigger.py
[2025-05-13T21:58:59.445+0000] {processor.py:925} INFO - DAG(s) 'latest_only_with_trigger' retrieved from /home/airflow/.local/lib/python3.12/site-packages/airflow/example_dags/example_latest_only_with_trigger.py
[2025-05-13T21:58:59.484+0000] {logging_mixin.py:190} INFO - [2025-05-13T21:58:59.484+0000] {dag.py:3239} INFO - Sync 1 DAGs
[2025-05-13T21:58:59.531+0000] {logging_mixin.py:190} INFO - [2025-05-13T21:58:59.531+0000] {dag.py:4180} INFO - Setting next_dagrun for latest_only_with_trigger to 2025-05-13 16:00:00+00:00, run_after=2025-05-13 20:00:00+00:00
[2025-05-13T21:58:59.691+0000] {processor.py:208} INFO - Processing /home/airflow/.local/lib/python3.12/site-packages/airflow/example_dags/example_latest_only_with_trigger.py took 0.281 seconds
[2025-05-13T21:59:31.919+0000] {processor.py:186} INFO - Started process (PID=342) to work on /home/airflow/.local/lib/python3.12/site-packages/airflow/example_dags/example_latest_only_with_trigger.py
[2025-05-13T21:59:31.922+0000] {processor.py:914} INFO - Processing file /home/airflow/.local/lib/python3.12/site-packages/airflow/example_dags/example_latest_only_with_trigger.py for tasks to queue
[2025-05-13T21:59:31.927+0000] {logging_mixin.py:190} INFO - [2025-05-13T21:59:31.926+0000] {dagbag.py:588} INFO - Filling up the DagBag from /home/airflow/.local/lib/python3.12/site-packages/airflow/example_dags/example_latest_only_with_trigger.py
[2025-05-13T21:59:31.942+0000] {processor.py:925} INFO - DAG(s) 'latest_only_with_trigger' retrieved from /home/airflow/.local/lib/python3.12/site-packages/airflow/example_dags/example_latest_only_with_trigger.py
[2025-05-13T21:59:31.987+0000] {logging_mixin.py:190} INFO - [2025-05-13T21:59:31.987+0000] {dag.py:3239} INFO - Sync 1 DAGs
[2025-05-13T21:59:32.039+0000] {logging_mixin.py:190} INFO - [2025-05-13T21:59:32.038+0000] {dag.py:4180} INFO - Setting next_dagrun for latest_only_with_trigger to 2025-05-13 16:00:00+00:00, run_after=2025-05-13 20:00:00+00:00
[2025-05-13T21:59:32.083+0000] {processor.py:208} INFO - Processing /home/airflow/.local/lib/python3.12/site-packages/airflow/example_dags/example_latest_only_with_trigger.py took 0.176 seconds
[2025-05-13T22:00:05.511+0000] {processor.py:186} INFO - Started process (PID=436) to work on /home/airflow/.local/lib/python3.12/site-packages/airflow/example_dags/example_latest_only_with_trigger.py
[2025-05-13T22:00:05.513+0000] {processor.py:914} INFO - Processing file /home/airflow/.local/lib/python3.12/site-packages/airflow/example_dags/example_latest_only_with_trigger.py for tasks to queue
[2025-05-13T22:00:05.517+0000] {logging_mixin.py:190} INFO - [2025-05-13T22:00:05.516+0000] {dagbag.py:588} INFO - Filling up the DagBag from /home/airflow/.local/lib/python3.12/site-packages/airflow/example_dags/example_latest_only_with_trigger.py
[2025-05-13T22:00:05.530+0000] {processor.py:925} INFO - DAG(s) 'latest_only_with_trigger' retrieved from /home/airflow/.local/lib/python3.12/site-packages/airflow/example_dags/example_latest_only_with_trigger.py
[2025-05-13T22:00:05.570+0000] {logging_mixin.py:190} INFO - [2025-05-13T22:00:05.569+0000] {dag.py:3239} INFO - Sync 1 DAGs
[2025-05-13T22:00:05.614+0000] {logging_mixin.py:190} INFO - [2025-05-13T22:00:05.614+0000] {dag.py:4180} INFO - Setting next_dagrun for latest_only_with_trigger to 2025-05-13 16:00:00+00:00, run_after=2025-05-13 20:00:00+00:00
[2025-05-13T22:00:05.649+0000] {processor.py:208} INFO - Processing /home/airflow/.local/lib/python3.12/site-packages/airflow/example_dags/example_latest_only_with_trigger.py took 0.152 seconds
[2025-05-13T22:00:39.665+0000] {processor.py:186} INFO - Started process (PID=527) to work on /home/airflow/.local/lib/python3.12/site-packages/airflow/example_dags/example_latest_only_with_trigger.py
[2025-05-13T22:00:39.667+0000] {processor.py:914} INFO - Processing file /home/airflow/.local/lib/python3.12/site-packages/airflow/example_dags/example_latest_only_with_trigger.py for tasks to queue
[2025-05-13T22:00:39.673+0000] {logging_mixin.py:190} INFO - [2025-05-13T22:00:39.672+0000] {dagbag.py:588} INFO - Filling up the DagBag from /home/airflow/.local/lib/python3.12/site-packages/airflow/example_dags/example_latest_only_with_trigger.py
[2025-05-13T22:00:39.686+0000] {processor.py:925} INFO - DAG(s) 'latest_only_with_trigger' retrieved from /home/airflow/.local/lib/python3.12/site-packages/airflow/example_dags/example_latest_only_with_trigger.py
[2025-05-13T22:00:39.729+0000] {logging_mixin.py:190} INFO - [2025-05-13T22:00:39.728+0000] {dag.py:3239} INFO - Sync 1 DAGs
[2025-05-13T22:00:39.779+0000] {logging_mixin.py:190} INFO - [2025-05-13T22:00:39.779+0000] {dag.py:4180} INFO - Setting next_dagrun for latest_only_with_trigger to 2025-05-13 16:00:00+00:00, run_after=2025-05-13 20:00:00+00:00
[2025-05-13T22:00:39.820+0000] {processor.py:208} INFO - Processing /home/airflow/.local/lib/python3.12/site-packages/airflow/example_dags/example_latest_only_with_trigger.py took 0.168 seconds
[2025-05-13T22:01:13.620+0000] {processor.py:186} INFO - Started process (PID=619) to work on /home/airflow/.local/lib/python3.12/site-packages/airflow/example_dags/example_latest_only_with_trigger.py
[2025-05-13T22:01:13.622+0000] {processor.py:914} INFO - Processing file /home/airflow/.local/lib/python3.12/site-packages/airflow/example_dags/example_latest_only_with_trigger.py for tasks to queue
[2025-05-13T22:01:13.627+0000] {logging_mixin.py:190} INFO - [2025-05-13T22:01:13.627+0000] {dagbag.py:588} INFO - Filling up the DagBag from /home/airflow/.local/lib/python3.12/site-packages/airflow/example_dags/example_latest_only_with_trigger.py
[2025-05-13T22:01:13.642+0000] {processor.py:925} INFO - DAG(s) 'latest_only_with_trigger' retrieved from /home/airflow/.local/lib/python3.12/site-packages/airflow/example_dags/example_latest_only_with_trigger.py
[2025-05-13T22:01:13.678+0000] {logging_mixin.py:190} INFO - [2025-05-13T22:01:13.678+0000] {dag.py:3239} INFO - Sync 1 DAGs
[2025-05-13T22:01:13.721+0000] {logging_mixin.py:190} INFO - [2025-05-13T22:01:13.720+0000] {dag.py:4180} INFO - Setting next_dagrun for latest_only_with_trigger to 2025-05-13 16:00:00+00:00, run_after=2025-05-13 20:00:00+00:00
[2025-05-13T22:01:13.776+0000] {processor.py:208} INFO - Processing /home/airflow/.local/lib/python3.12/site-packages/airflow/example_dags/example_latest_only_with_trigger.py took 0.167 seconds
[2025-05-13T22:01:47.574+0000] {processor.py:186} INFO - Started process (PID=716) to work on /home/airflow/.local/lib/python3.12/site-packages/airflow/example_dags/example_latest_only_with_trigger.py
[2025-05-13T22:01:47.576+0000] {processor.py:914} INFO - Processing file /home/airflow/.local/lib/python3.12/site-packages/airflow/example_dags/example_latest_only_with_trigger.py for tasks to queue
[2025-05-13T22:01:47.581+0000] {logging_mixin.py:190} INFO - [2025-05-13T22:01:47.580+0000] {dagbag.py:588} INFO - Filling up the DagBag from /home/airflow/.local/lib/python3.12/site-packages/airflow/example_dags/example_latest_only_with_trigger.py
[2025-05-13T22:01:47.596+0000] {processor.py:925} INFO - DAG(s) 'latest_only_with_trigger' retrieved from /home/airflow/.local/lib/python3.12/site-packages/airflow/example_dags/example_latest_only_with_trigger.py
[2025-05-13T22:01:47.633+0000] {logging_mixin.py:190} INFO - [2025-05-13T22:01:47.632+0000] {dag.py:3239} INFO - Sync 1 DAGs
[2025-05-13T22:01:47.676+0000] {logging_mixin.py:190} INFO - [2025-05-13T22:01:47.676+0000] {dag.py:4180} INFO - Setting next_dagrun for latest_only_with_trigger to 2025-05-13 16:00:00+00:00, run_after=2025-05-13 20:00:00+00:00
[2025-05-13T22:01:47.712+0000] {processor.py:208} INFO - Processing /home/airflow/.local/lib/python3.12/site-packages/airflow/example_dags/example_latest_only_with_trigger.py took 0.148 seconds
[2025-05-13T22:02:21.925+0000] {processor.py:186} INFO - Started process (PID=807) to work on /home/airflow/.local/lib/python3.12/site-packages/airflow/example_dags/example_latest_only_with_trigger.py
[2025-05-13T22:02:21.927+0000] {processor.py:914} INFO - Processing file /home/airflow/.local/lib/python3.12/site-packages/airflow/example_dags/example_latest_only_with_trigger.py for tasks to queue
[2025-05-13T22:02:21.931+0000] {logging_mixin.py:190} INFO - [2025-05-13T22:02:21.931+0000] {dagbag.py:588} INFO - Filling up the DagBag from /home/airflow/.local/lib/python3.12/site-packages/airflow/example_dags/example_latest_only_with_trigger.py
[2025-05-13T22:02:21.946+0000] {processor.py:925} INFO - DAG(s) 'latest_only_with_trigger' retrieved from /home/airflow/.local/lib/python3.12/site-packages/airflow/example_dags/example_latest_only_with_trigger.py
[2025-05-13T22:02:21.986+0000] {logging_mixin.py:190} INFO - [2025-05-13T22:02:21.985+0000] {dag.py:3239} INFO - Sync 1 DAGs
[2025-05-13T22:02:22.036+0000] {logging_mixin.py:190} INFO - [2025-05-13T22:02:22.035+0000] {dag.py:4180} INFO - Setting next_dagrun for latest_only_with_trigger to 2025-05-13 16:00:00+00:00, run_after=2025-05-13 20:00:00+00:00
[2025-05-13T22:02:22.093+0000] {processor.py:208} INFO - Processing /home/airflow/.local/lib/python3.12/site-packages/airflow/example_dags/example_latest_only_with_trigger.py took 0.182 seconds
[2025-05-13T22:02:54.943+0000] {processor.py:186} INFO - Started process (PID=897) to work on /home/airflow/.local/lib/python3.12/site-packages/airflow/example_dags/example_latest_only_with_trigger.py
[2025-05-13T22:02:54.945+0000] {processor.py:914} INFO - Processing file /home/airflow/.local/lib/python3.12/site-packages/airflow/example_dags/example_latest_only_with_trigger.py for tasks to queue
[2025-05-13T22:02:54.949+0000] {logging_mixin.py:190} INFO - [2025-05-13T22:02:54.948+0000] {dagbag.py:588} INFO - Filling up the DagBag from /home/airflow/.local/lib/python3.12/site-packages/airflow/example_dags/example_latest_only_with_trigger.py
[2025-05-13T22:02:54.962+0000] {processor.py:925} INFO - DAG(s) 'latest_only_with_trigger' retrieved from /home/airflow/.local/lib/python3.12/site-packages/airflow/example_dags/example_latest_only_with_trigger.py
[2025-05-13T22:02:54.996+0000] {logging_mixin.py:190} INFO - [2025-05-13T22:02:54.996+0000] {dag.py:3239} INFO - Sync 1 DAGs
[2025-05-13T22:02:55.042+0000] {logging_mixin.py:190} INFO - [2025-05-13T22:02:55.042+0000] {dag.py:4180} INFO - Setting next_dagrun for latest_only_with_trigger to 2025-05-13 16:00:00+00:00, run_after=2025-05-13 20:00:00+00:00
[2025-05-13T22:02:55.081+0000] {processor.py:208} INFO - Processing /home/airflow/.local/lib/python3.12/site-packages/airflow/example_dags/example_latest_only_with_trigger.py took 0.150 seconds
[2025-05-13T22:03:30.506+0000] {processor.py:186} INFO - Started process (PID=989) to work on /home/airflow/.local/lib/python3.12/site-packages/airflow/example_dags/example_latest_only_with_trigger.py
[2025-05-13T22:03:30.508+0000] {processor.py:914} INFO - Processing file /home/airflow/.local/lib/python3.12/site-packages/airflow/example_dags/example_latest_only_with_trigger.py for tasks to queue
[2025-05-13T22:03:30.513+0000] {logging_mixin.py:190} INFO - [2025-05-13T22:03:30.512+0000] {dagbag.py:588} INFO - Filling up the DagBag from /home/airflow/.local/lib/python3.12/site-packages/airflow/example_dags/example_latest_only_with_trigger.py
[2025-05-13T22:03:30.529+0000] {processor.py:925} INFO - DAG(s) 'latest_only_with_trigger' retrieved from /home/airflow/.local/lib/python3.12/site-packages/airflow/example_dags/example_latest_only_with_trigger.py
[2025-05-13T22:03:30.568+0000] {logging_mixin.py:190} INFO - [2025-05-13T22:03:30.567+0000] {dag.py:3239} INFO - Sync 1 DAGs
[2025-05-13T22:03:30.614+0000] {logging_mixin.py:190} INFO - [2025-05-13T22:03:30.614+0000] {dag.py:4180} INFO - Setting next_dagrun for latest_only_with_trigger to 2025-05-13 16:00:00+00:00, run_after=2025-05-13 20:00:00+00:00
[2025-05-13T22:03:30.676+0000] {processor.py:208} INFO - Processing /home/airflow/.local/lib/python3.12/site-packages/airflow/example_dags/example_latest_only_with_trigger.py took 0.182 seconds
[2025-05-13T22:04:05.748+0000] {processor.py:186} INFO - Started process (PID=1080) to work on /home/airflow/.local/lib/python3.12/site-packages/airflow/example_dags/example_latest_only_with_trigger.py
[2025-05-13T22:04:05.751+0000] {processor.py:914} INFO - Processing file /home/airflow/.local/lib/python3.12/site-packages/airflow/example_dags/example_latest_only_with_trigger.py for tasks to queue
[2025-05-13T22:04:05.757+0000] {logging_mixin.py:190} INFO - [2025-05-13T22:04:05.756+0000] {dagbag.py:588} INFO - Filling up the DagBag from /home/airflow/.local/lib/python3.12/site-packages/airflow/example_dags/example_latest_only_with_trigger.py
[2025-05-13T22:04:05.774+0000] {processor.py:925} INFO - DAG(s) 'latest_only_with_trigger' retrieved from /home/airflow/.local/lib/python3.12/site-packages/airflow/example_dags/example_latest_only_with_trigger.py
[2025-05-13T22:04:05.812+0000] {logging_mixin.py:190} INFO - [2025-05-13T22:04:05.811+0000] {dag.py:3239} INFO - Sync 1 DAGs
[2025-05-13T22:04:05.861+0000] {logging_mixin.py:190} INFO - [2025-05-13T22:04:05.861+0000] {dag.py:4180} INFO - Setting next_dagrun for latest_only_with_trigger to 2025-05-13 16:00:00+00:00, run_after=2025-05-13 20:00:00+00:00
[2025-05-13T22:04:05.904+0000] {processor.py:208} INFO - Processing /home/airflow/.local/lib/python3.12/site-packages/airflow/example_dags/example_latest_only_with_trigger.py took 0.167 seconds
[2025-05-13T22:04:39.743+0000] {processor.py:186} INFO - Started process (PID=1171) to work on /home/airflow/.local/lib/python3.12/site-packages/airflow/example_dags/example_latest_only_with_trigger.py
[2025-05-13T22:04:39.746+0000] {processor.py:914} INFO - Processing file /home/airflow/.local/lib/python3.12/site-packages/airflow/example_dags/example_latest_only_with_trigger.py for tasks to queue
[2025-05-13T22:04:39.750+0000] {logging_mixin.py:190} INFO - [2025-05-13T22:04:39.750+0000] {dagbag.py:588} INFO - Filling up the DagBag from /home/airflow/.local/lib/python3.12/site-packages/airflow/example_dags/example_latest_only_with_trigger.py
[2025-05-13T22:04:39.768+0000] {processor.py:925} INFO - DAG(s) 'latest_only_with_trigger' retrieved from /home/airflow/.local/lib/python3.12/site-packages/airflow/example_dags/example_latest_only_with_trigger.py
[2025-05-13T22:04:39.812+0000] {logging_mixin.py:190} INFO - [2025-05-13T22:04:39.811+0000] {dag.py:3239} INFO - Sync 1 DAGs
[2025-05-13T22:04:39.868+0000] {logging_mixin.py:190} INFO - [2025-05-13T22:04:39.867+0000] {dag.py:4180} INFO - Setting next_dagrun for latest_only_with_trigger to 2025-05-13 16:00:00+00:00, run_after=2025-05-13 20:00:00+00:00
[2025-05-13T22:04:39.913+0000] {processor.py:208} INFO - Processing /home/airflow/.local/lib/python3.12/site-packages/airflow/example_dags/example_latest_only_with_trigger.py took 0.182 seconds
[2025-05-13T22:05:14.658+0000] {processor.py:186} INFO - Started process (PID=1261) to work on /home/airflow/.local/lib/python3.12/site-packages/airflow/example_dags/example_latest_only_with_trigger.py
[2025-05-13T22:05:14.660+0000] {processor.py:914} INFO - Processing file /home/airflow/.local/lib/python3.12/site-packages/airflow/example_dags/example_latest_only_with_trigger.py for tasks to queue
[2025-05-13T22:05:14.665+0000] {logging_mixin.py:190} INFO - [2025-05-13T22:05:14.665+0000] {dagbag.py:588} INFO - Filling up the DagBag from /home/airflow/.local/lib/python3.12/site-packages/airflow/example_dags/example_latest_only_with_trigger.py
[2025-05-13T22:05:14.679+0000] {processor.py:925} INFO - DAG(s) 'latest_only_with_trigger' retrieved from /home/airflow/.local/lib/python3.12/site-packages/airflow/example_dags/example_latest_only_with_trigger.py
[2025-05-13T22:05:14.726+0000] {logging_mixin.py:190} INFO - [2025-05-13T22:05:14.725+0000] {dag.py:3239} INFO - Sync 1 DAGs
[2025-05-13T22:05:14.778+0000] {logging_mixin.py:190} INFO - [2025-05-13T22:05:14.777+0000] {dag.py:4180} INFO - Setting next_dagrun for latest_only_with_trigger to 2025-05-13 16:00:00+00:00, run_after=2025-05-13 20:00:00+00:00
[2025-05-13T22:05:14.815+0000] {processor.py:208} INFO - Processing /home/airflow/.local/lib/python3.12/site-packages/airflow/example_dags/example_latest_only_with_trigger.py took 0.170 seconds
[2025-05-13T22:05:47.592+0000] {processor.py:186} INFO - Started process (PID=1359) to work on /home/airflow/.local/lib/python3.12/site-packages/airflow/example_dags/example_latest_only_with_trigger.py
[2025-05-13T22:05:47.594+0000] {processor.py:914} INFO - Processing file /home/airflow/.local/lib/python3.12/site-packages/airflow/example_dags/example_latest_only_with_trigger.py for tasks to queue
[2025-05-13T22:05:47.600+0000] {logging_mixin.py:190} INFO - [2025-05-13T22:05:47.599+0000] {dagbag.py:588} INFO - Filling up the DagBag from /home/airflow/.local/lib/python3.12/site-packages/airflow/example_dags/example_latest_only_with_trigger.py
[2025-05-13T22:05:47.616+0000] {processor.py:925} INFO - DAG(s) 'latest_only_with_trigger' retrieved from /home/airflow/.local/lib/python3.12/site-packages/airflow/example_dags/example_latest_only_with_trigger.py
[2025-05-13T22:05:47.655+0000] {logging_mixin.py:190} INFO - [2025-05-13T22:05:47.654+0000] {dag.py:3239} INFO - Sync 1 DAGs
[2025-05-13T22:05:47.704+0000] {logging_mixin.py:190} INFO - [2025-05-13T22:05:47.704+0000] {dag.py:4180} INFO - Setting next_dagrun for latest_only_with_trigger to 2025-05-13 16:00:00+00:00, run_after=2025-05-13 20:00:00+00:00
[2025-05-13T22:05:47.741+0000] {processor.py:208} INFO - Processing /home/airflow/.local/lib/python3.12/site-packages/airflow/example_dags/example_latest_only_with_trigger.py took 0.161 seconds
[2025-05-13T22:06:21.345+0000] {processor.py:186} INFO - Started process (PID=1450) to work on /home/airflow/.local/lib/python3.12/site-packages/airflow/example_dags/example_latest_only_with_trigger.py
[2025-05-13T22:06:21.347+0000] {processor.py:914} INFO - Processing file /home/airflow/.local/lib/python3.12/site-packages/airflow/example_dags/example_latest_only_with_trigger.py for tasks to queue
[2025-05-13T22:06:21.353+0000] {logging_mixin.py:190} INFO - [2025-05-13T22:06:21.352+0000] {dagbag.py:588} INFO - Filling up the DagBag from /home/airflow/.local/lib/python3.12/site-packages/airflow/example_dags/example_latest_only_with_trigger.py
[2025-05-13T22:06:21.368+0000] {processor.py:925} INFO - DAG(s) 'latest_only_with_trigger' retrieved from /home/airflow/.local/lib/python3.12/site-packages/airflow/example_dags/example_latest_only_with_trigger.py
[2025-05-13T22:06:21.407+0000] {logging_mixin.py:190} INFO - [2025-05-13T22:06:21.407+0000] {dag.py:3239} INFO - Sync 1 DAGs
[2025-05-13T22:06:21.458+0000] {logging_mixin.py:190} INFO - [2025-05-13T22:06:21.458+0000] {dag.py:4180} INFO - Setting next_dagrun for latest_only_with_trigger to 2025-05-13 16:00:00+00:00, run_after=2025-05-13 20:00:00+00:00
[2025-05-13T22:06:21.515+0000] {processor.py:208} INFO - Processing /home/airflow/.local/lib/python3.12/site-packages/airflow/example_dags/example_latest_only_with_trigger.py took 0.181 seconds
[2025-05-13T22:06:55.036+0000] {processor.py:186} INFO - Started process (PID=1542) to work on /home/airflow/.local/lib/python3.12/site-packages/airflow/example_dags/example_latest_only_with_trigger.py
[2025-05-13T22:06:55.038+0000] {processor.py:914} INFO - Processing file /home/airflow/.local/lib/python3.12/site-packages/airflow/example_dags/example_latest_only_with_trigger.py for tasks to queue
[2025-05-13T22:06:55.043+0000] {logging_mixin.py:190} INFO - [2025-05-13T22:06:55.042+0000] {dagbag.py:588} INFO - Filling up the DagBag from /home/airflow/.local/lib/python3.12/site-packages/airflow/example_dags/example_latest_only_with_trigger.py
[2025-05-13T22:06:55.060+0000] {processor.py:925} INFO - DAG(s) 'latest_only_with_trigger' retrieved from /home/airflow/.local/lib/python3.12/site-packages/airflow/example_dags/example_latest_only_with_trigger.py
[2025-05-13T22:06:55.106+0000] {logging_mixin.py:190} INFO - [2025-05-13T22:06:55.105+0000] {dag.py:3239} INFO - Sync 1 DAGs
[2025-05-13T22:06:55.163+0000] {logging_mixin.py:190} INFO - [2025-05-13T22:06:55.162+0000] {dag.py:4180} INFO - Setting next_dagrun for latest_only_with_trigger to 2025-05-13 16:00:00+00:00, run_after=2025-05-13 20:00:00+00:00
[2025-05-13T22:06:55.209+0000] {processor.py:208} INFO - Processing /home/airflow/.local/lib/python3.12/site-packages/airflow/example_dags/example_latest_only_with_trigger.py took 0.189 seconds
