[2025-05-13T21:58:23.015+0000] {processor.py:186} INFO - Started process (PID=140) to work on /home/airflow/.local/lib/python3.12/site-packages/airflow/example_dags/tutorial_taskflow_templates.py
[2025-05-13T21:58:23.021+0000] {processor.py:914} INFO - Processing file /home/airflow/.local/lib/python3.12/site-packages/airflow/example_dags/tutorial_taskflow_templates.py for tasks to queue
[2025-05-13T21:58:23.032+0000] {logging_mixin.py:190} INFO - [2025-05-13T21:58:23.031+0000] {dagbag.py:588} INFO - Filling up the DagBag from /home/airflow/.local/lib/python3.12/site-packages/airflow/example_dags/tutorial_taskflow_templates.py
[2025-05-13T21:58:23.066+0000] {processor.py:925} INFO - DAG(s) 'tutorial_taskflow_templates' retrieved from /home/airflow/.local/lib/python3.12/site-packages/airflow/example_dags/tutorial_taskflow_templates.py
[2025-05-13T21:58:23.133+0000] {logging_mixin.py:190} INFO - [2025-05-13T21:58:23.132+0000] {dag.py:3239} INFO - Sync 1 DAGs
[2025-05-13T21:58:23.182+0000] {logging_mixin.py:190} INFO - [2025-05-13T21:58:23.181+0000] {dag.py:4180} INFO - Setting next_dagrun for tutorial_taskflow_templates to 2025-05-12 00:00:00+00:00, run_after=2025-05-13 00:00:00+00:00
[2025-05-13T21:58:23.216+0000] {processor.py:208} INFO - Processing /home/airflow/.local/lib/python3.12/site-packages/airflow/example_dags/tutorial_taskflow_templates.py took 0.215 seconds
[2025-05-13T21:58:55.567+0000] {processor.py:186} INFO - Started process (PID=230) to work on /home/airflow/.local/lib/python3.12/site-packages/airflow/example_dags/tutorial_taskflow_templates.py
[2025-05-13T21:58:55.570+0000] {processor.py:914} INFO - Processing file /home/airflow/.local/lib/python3.12/site-packages/airflow/example_dags/tutorial_taskflow_templates.py for tasks to queue
[2025-05-13T21:58:55.576+0000] {logging_mixin.py:190} INFO - [2025-05-13T21:58:55.575+0000] {dagbag.py:588} INFO - Filling up the DagBag from /home/airflow/.local/lib/python3.12/site-packages/airflow/example_dags/tutorial_taskflow_templates.py
[2025-05-13T21:58:55.607+0000] {processor.py:925} INFO - DAG(s) 'tutorial_taskflow_templates' retrieved from /home/airflow/.local/lib/python3.12/site-packages/airflow/example_dags/tutorial_taskflow_templates.py
[2025-05-13T21:58:55.648+0000] {logging_mixin.py:190} INFO - [2025-05-13T21:58:55.647+0000] {dag.py:3239} INFO - Sync 1 DAGs
[2025-05-13T21:58:55.709+0000] {logging_mixin.py:190} INFO - [2025-05-13T21:58:55.709+0000] {dag.py:4180} INFO - Setting next_dagrun for tutorial_taskflow_templates to 2025-05-12 00:00:00+00:00, run_after=2025-05-13 00:00:00+00:00
[2025-05-13T21:58:55.756+0000] {processor.py:208} INFO - Processing /home/airflow/.local/lib/python3.12/site-packages/airflow/example_dags/tutorial_taskflow_templates.py took 0.202 seconds
[2025-05-13T21:59:28.562+0000] {processor.py:186} INFO - Started process (PID=321) to work on /home/airflow/.local/lib/python3.12/site-packages/airflow/example_dags/tutorial_taskflow_templates.py
[2025-05-13T21:59:28.564+0000] {processor.py:914} INFO - Processing file /home/airflow/.local/lib/python3.12/site-packages/airflow/example_dags/tutorial_taskflow_templates.py for tasks to queue
[2025-05-13T21:59:28.568+0000] {logging_mixin.py:190} INFO - [2025-05-13T21:59:28.568+0000] {dagbag.py:588} INFO - Filling up the DagBag from /home/airflow/.local/lib/python3.12/site-packages/airflow/example_dags/tutorial_taskflow_templates.py
[2025-05-13T21:59:28.594+0000] {processor.py:925} INFO - DAG(s) 'tutorial_taskflow_templates' retrieved from /home/airflow/.local/lib/python3.12/site-packages/airflow/example_dags/tutorial_taskflow_templates.py
[2025-05-13T21:59:28.637+0000] {logging_mixin.py:190} INFO - [2025-05-13T21:59:28.636+0000] {dag.py:3239} INFO - Sync 1 DAGs
[2025-05-13T21:59:28.689+0000] {logging_mixin.py:190} INFO - [2025-05-13T21:59:28.688+0000] {dag.py:4180} INFO - Setting next_dagrun for tutorial_taskflow_templates to 2025-05-12 00:00:00+00:00, run_after=2025-05-13 00:00:00+00:00
[2025-05-13T21:59:28.728+0000] {processor.py:208} INFO - Processing /home/airflow/.local/lib/python3.12/site-packages/airflow/example_dags/tutorial_taskflow_templates.py took 0.179 seconds
[2025-05-13T22:00:02.087+0000] {processor.py:186} INFO - Started process (PID=416) to work on /home/airflow/.local/lib/python3.12/site-packages/airflow/example_dags/tutorial_taskflow_templates.py
[2025-05-13T22:00:02.089+0000] {processor.py:914} INFO - Processing file /home/airflow/.local/lib/python3.12/site-packages/airflow/example_dags/tutorial_taskflow_templates.py for tasks to queue
[2025-05-13T22:00:02.095+0000] {logging_mixin.py:190} INFO - [2025-05-13T22:00:02.093+0000] {dagbag.py:588} INFO - Filling up the DagBag from /home/airflow/.local/lib/python3.12/site-packages/airflow/example_dags/tutorial_taskflow_templates.py
[2025-05-13T22:00:02.118+0000] {processor.py:925} INFO - DAG(s) 'tutorial_taskflow_templates' retrieved from /home/airflow/.local/lib/python3.12/site-packages/airflow/example_dags/tutorial_taskflow_templates.py
[2025-05-13T22:00:02.153+0000] {logging_mixin.py:190} INFO - [2025-05-13T22:00:02.153+0000] {dag.py:3239} INFO - Sync 1 DAGs
[2025-05-13T22:00:02.197+0000] {logging_mixin.py:190} INFO - [2025-05-13T22:00:02.197+0000] {dag.py:4180} INFO - Setting next_dagrun for tutorial_taskflow_templates to 2025-05-12 00:00:00+00:00, run_after=2025-05-13 00:00:00+00:00
[2025-05-13T22:00:02.230+0000] {processor.py:208} INFO - Processing /home/airflow/.local/lib/python3.12/site-packages/airflow/example_dags/tutorial_taskflow_templates.py took 0.155 seconds
[2025-05-13T22:00:36.575+0000] {processor.py:186} INFO - Started process (PID=508) to work on /home/airflow/.local/lib/python3.12/site-packages/airflow/example_dags/tutorial_taskflow_templates.py
[2025-05-13T22:00:36.577+0000] {processor.py:914} INFO - Processing file /home/airflow/.local/lib/python3.12/site-packages/airflow/example_dags/tutorial_taskflow_templates.py for tasks to queue
[2025-05-13T22:00:36.582+0000] {logging_mixin.py:190} INFO - [2025-05-13T22:00:36.581+0000] {dagbag.py:588} INFO - Filling up the DagBag from /home/airflow/.local/lib/python3.12/site-packages/airflow/example_dags/tutorial_taskflow_templates.py
[2025-05-13T22:00:36.605+0000] {processor.py:925} INFO - DAG(s) 'tutorial_taskflow_templates' retrieved from /home/airflow/.local/lib/python3.12/site-packages/airflow/example_dags/tutorial_taskflow_templates.py
[2025-05-13T22:00:36.640+0000] {logging_mixin.py:190} INFO - [2025-05-13T22:00:36.640+0000] {dag.py:3239} INFO - Sync 1 DAGs
[2025-05-13T22:00:36.685+0000] {logging_mixin.py:190} INFO - [2025-05-13T22:00:36.684+0000] {dag.py:4180} INFO - Setting next_dagrun for tutorial_taskflow_templates to 2025-05-12 00:00:00+00:00, run_after=2025-05-13 00:00:00+00:00
[2025-05-13T22:00:36.719+0000] {processor.py:208} INFO - Processing /home/airflow/.local/lib/python3.12/site-packages/airflow/example_dags/tutorial_taskflow_templates.py took 0.154 seconds
[2025-05-13T22:01:10.489+0000] {processor.py:186} INFO - Started process (PID=599) to work on /home/airflow/.local/lib/python3.12/site-packages/airflow/example_dags/tutorial_taskflow_templates.py
[2025-05-13T22:01:10.491+0000] {processor.py:914} INFO - Processing file /home/airflow/.local/lib/python3.12/site-packages/airflow/example_dags/tutorial_taskflow_templates.py for tasks to queue
[2025-05-13T22:01:10.496+0000] {logging_mixin.py:190} INFO - [2025-05-13T22:01:10.496+0000] {dagbag.py:588} INFO - Filling up the DagBag from /home/airflow/.local/lib/python3.12/site-packages/airflow/example_dags/tutorial_taskflow_templates.py
[2025-05-13T22:01:10.524+0000] {processor.py:925} INFO - DAG(s) 'tutorial_taskflow_templates' retrieved from /home/airflow/.local/lib/python3.12/site-packages/airflow/example_dags/tutorial_taskflow_templates.py
[2025-05-13T22:01:10.570+0000] {logging_mixin.py:190} INFO - [2025-05-13T22:01:10.570+0000] {dag.py:3239} INFO - Sync 1 DAGs
[2025-05-13T22:01:10.624+0000] {logging_mixin.py:190} INFO - [2025-05-13T22:01:10.623+0000] {dag.py:4180} INFO - Setting next_dagrun for tutorial_taskflow_templates to 2025-05-12 00:00:00+00:00, run_after=2025-05-13 00:00:00+00:00
[2025-05-13T22:01:10.663+0000] {processor.py:208} INFO - Processing /home/airflow/.local/lib/python3.12/site-packages/airflow/example_dags/tutorial_taskflow_templates.py took 0.185 seconds
[2025-05-13T22:01:44.563+0000] {processor.py:186} INFO - Started process (PID=690) to work on /home/airflow/.local/lib/python3.12/site-packages/airflow/example_dags/tutorial_taskflow_templates.py
[2025-05-13T22:01:44.564+0000] {processor.py:914} INFO - Processing file /home/airflow/.local/lib/python3.12/site-packages/airflow/example_dags/tutorial_taskflow_templates.py for tasks to queue
[2025-05-13T22:01:44.570+0000] {logging_mixin.py:190} INFO - [2025-05-13T22:01:44.569+0000] {dagbag.py:588} INFO - Filling up the DagBag from /home/airflow/.local/lib/python3.12/site-packages/airflow/example_dags/tutorial_taskflow_templates.py
[2025-05-13T22:01:44.597+0000] {processor.py:925} INFO - DAG(s) 'tutorial_taskflow_templates' retrieved from /home/airflow/.local/lib/python3.12/site-packages/airflow/example_dags/tutorial_taskflow_templates.py
[2025-05-13T22:01:44.634+0000] {logging_mixin.py:190} INFO - [2025-05-13T22:01:44.634+0000] {dag.py:3239} INFO - Sync 1 DAGs
[2025-05-13T22:01:44.681+0000] {logging_mixin.py:190} INFO - [2025-05-13T22:01:44.680+0000] {dag.py:4180} INFO - Setting next_dagrun for tutorial_taskflow_templates to 2025-05-12 00:00:00+00:00, run_after=2025-05-13 00:00:00+00:00
[2025-05-13T22:01:44.717+0000] {processor.py:208} INFO - Processing /home/airflow/.local/lib/python3.12/site-packages/airflow/example_dags/tutorial_taskflow_templates.py took 0.164 seconds
[2025-05-13T22:02:18.775+0000] {processor.py:186} INFO - Started process (PID=787) to work on /home/airflow/.local/lib/python3.12/site-packages/airflow/example_dags/tutorial_taskflow_templates.py
[2025-05-13T22:02:18.778+0000] {processor.py:914} INFO - Processing file /home/airflow/.local/lib/python3.12/site-packages/airflow/example_dags/tutorial_taskflow_templates.py for tasks to queue
[2025-05-13T22:02:18.784+0000] {logging_mixin.py:190} INFO - [2025-05-13T22:02:18.783+0000] {dagbag.py:588} INFO - Filling up the DagBag from /home/airflow/.local/lib/python3.12/site-packages/airflow/example_dags/tutorial_taskflow_templates.py
[2025-05-13T22:02:18.817+0000] {processor.py:925} INFO - DAG(s) 'tutorial_taskflow_templates' retrieved from /home/airflow/.local/lib/python3.12/site-packages/airflow/example_dags/tutorial_taskflow_templates.py
[2025-05-13T22:02:18.866+0000] {logging_mixin.py:190} INFO - [2025-05-13T22:02:18.865+0000] {dag.py:3239} INFO - Sync 1 DAGs
[2025-05-13T22:02:18.927+0000] {logging_mixin.py:190} INFO - [2025-05-13T22:02:18.926+0000] {dag.py:4180} INFO - Setting next_dagrun for tutorial_taskflow_templates to 2025-05-12 00:00:00+00:00, run_after=2025-05-13 00:00:00+00:00
[2025-05-13T22:02:18.989+0000] {processor.py:208} INFO - Processing /home/airflow/.local/lib/python3.12/site-packages/airflow/example_dags/tutorial_taskflow_templates.py took 0.230 seconds
[2025-05-13T22:02:51.518+0000] {processor.py:186} INFO - Started process (PID=877) to work on /home/airflow/.local/lib/python3.12/site-packages/airflow/example_dags/tutorial_taskflow_templates.py
[2025-05-13T22:02:51.520+0000] {processor.py:914} INFO - Processing file /home/airflow/.local/lib/python3.12/site-packages/airflow/example_dags/tutorial_taskflow_templates.py for tasks to queue
[2025-05-13T22:02:51.525+0000] {logging_mixin.py:190} INFO - [2025-05-13T22:02:51.524+0000] {dagbag.py:588} INFO - Filling up the DagBag from /home/airflow/.local/lib/python3.12/site-packages/airflow/example_dags/tutorial_taskflow_templates.py
[2025-05-13T22:02:51.550+0000] {processor.py:925} INFO - DAG(s) 'tutorial_taskflow_templates' retrieved from /home/airflow/.local/lib/python3.12/site-packages/airflow/example_dags/tutorial_taskflow_templates.py
[2025-05-13T22:02:51.586+0000] {logging_mixin.py:190} INFO - [2025-05-13T22:02:51.586+0000] {dag.py:3239} INFO - Sync 1 DAGs
[2025-05-13T22:02:51.651+0000] {logging_mixin.py:190} INFO - [2025-05-13T22:02:51.650+0000] {dag.py:4180} INFO - Setting next_dagrun for tutorial_taskflow_templates to 2025-05-12 00:00:00+00:00, run_after=2025-05-13 00:00:00+00:00
[2025-05-13T22:02:51.692+0000] {processor.py:208} INFO - Processing /home/airflow/.local/lib/python3.12/site-packages/airflow/example_dags/tutorial_taskflow_templates.py took 0.186 seconds
[2025-05-13T22:03:27.007+0000] {processor.py:186} INFO - Started process (PID=968) to work on /home/airflow/.local/lib/python3.12/site-packages/airflow/example_dags/tutorial_taskflow_templates.py
[2025-05-13T22:03:27.010+0000] {processor.py:914} INFO - Processing file /home/airflow/.local/lib/python3.12/site-packages/airflow/example_dags/tutorial_taskflow_templates.py for tasks to queue
[2025-05-13T22:03:27.014+0000] {logging_mixin.py:190} INFO - [2025-05-13T22:03:27.014+0000] {dagbag.py:588} INFO - Filling up the DagBag from /home/airflow/.local/lib/python3.12/site-packages/airflow/example_dags/tutorial_taskflow_templates.py
[2025-05-13T22:03:27.039+0000] {processor.py:925} INFO - DAG(s) 'tutorial_taskflow_templates' retrieved from /home/airflow/.local/lib/python3.12/site-packages/airflow/example_dags/tutorial_taskflow_templates.py
[2025-05-13T22:03:27.077+0000] {logging_mixin.py:190} INFO - [2025-05-13T22:03:27.077+0000] {dag.py:3239} INFO - Sync 1 DAGs
[2025-05-13T22:03:27.131+0000] {logging_mixin.py:190} INFO - [2025-05-13T22:03:27.130+0000] {dag.py:4180} INFO - Setting next_dagrun for tutorial_taskflow_templates to 2025-05-12 00:00:00+00:00, run_after=2025-05-13 00:00:00+00:00
[2025-05-13T22:03:27.181+0000] {processor.py:208} INFO - Processing /home/airflow/.local/lib/python3.12/site-packages/airflow/example_dags/tutorial_taskflow_templates.py took 0.184 seconds
[2025-05-13T22:04:02.660+0000] {processor.py:186} INFO - Started process (PID=1059) to work on /home/airflow/.local/lib/python3.12/site-packages/airflow/example_dags/tutorial_taskflow_templates.py
[2025-05-13T22:04:02.662+0000] {processor.py:914} INFO - Processing file /home/airflow/.local/lib/python3.12/site-packages/airflow/example_dags/tutorial_taskflow_templates.py for tasks to queue
[2025-05-13T22:04:02.665+0000] {logging_mixin.py:190} INFO - [2025-05-13T22:04:02.665+0000] {dagbag.py:588} INFO - Filling up the DagBag from /home/airflow/.local/lib/python3.12/site-packages/airflow/example_dags/tutorial_taskflow_templates.py
[2025-05-13T22:04:02.691+0000] {processor.py:925} INFO - DAG(s) 'tutorial_taskflow_templates' retrieved from /home/airflow/.local/lib/python3.12/site-packages/airflow/example_dags/tutorial_taskflow_templates.py
[2025-05-13T22:04:02.729+0000] {logging_mixin.py:190} INFO - [2025-05-13T22:04:02.729+0000] {dag.py:3239} INFO - Sync 1 DAGs
[2025-05-13T22:04:02.782+0000] {logging_mixin.py:190} INFO - [2025-05-13T22:04:02.782+0000] {dag.py:4180} INFO - Setting next_dagrun for tutorial_taskflow_templates to 2025-05-12 00:00:00+00:00, run_after=2025-05-13 00:00:00+00:00
[2025-05-13T22:04:02.820+0000] {processor.py:208} INFO - Processing /home/airflow/.local/lib/python3.12/site-packages/airflow/example_dags/tutorial_taskflow_templates.py took 0.172 seconds
[2025-05-13T22:04:35.939+0000] {processor.py:186} INFO - Started process (PID=1150) to work on /home/airflow/.local/lib/python3.12/site-packages/airflow/example_dags/tutorial_taskflow_templates.py
[2025-05-13T22:04:35.942+0000] {processor.py:914} INFO - Processing file /home/airflow/.local/lib/python3.12/site-packages/airflow/example_dags/tutorial_taskflow_templates.py for tasks to queue
[2025-05-13T22:04:35.948+0000] {logging_mixin.py:190} INFO - [2025-05-13T22:04:35.947+0000] {dagbag.py:588} INFO - Filling up the DagBag from /home/airflow/.local/lib/python3.12/site-packages/airflow/example_dags/tutorial_taskflow_templates.py
[2025-05-13T22:04:35.989+0000] {processor.py:925} INFO - DAG(s) 'tutorial_taskflow_templates' retrieved from /home/airflow/.local/lib/python3.12/site-packages/airflow/example_dags/tutorial_taskflow_templates.py
[2025-05-13T22:04:36.040+0000] {logging_mixin.py:190} INFO - [2025-05-13T22:04:36.039+0000] {dag.py:3239} INFO - Sync 1 DAGs
[2025-05-13T22:04:36.102+0000] {logging_mixin.py:190} INFO - [2025-05-13T22:04:36.101+0000] {dag.py:4180} INFO - Setting next_dagrun for tutorial_taskflow_templates to 2025-05-12 00:00:00+00:00, run_after=2025-05-13 00:00:00+00:00
[2025-05-13T22:04:36.142+0000] {processor.py:208} INFO - Processing /home/airflow/.local/lib/python3.12/site-packages/airflow/example_dags/tutorial_taskflow_templates.py took 0.220 seconds
[2025-05-13T22:05:11.554+0000] {processor.py:186} INFO - Started process (PID=1242) to work on /home/airflow/.local/lib/python3.12/site-packages/airflow/example_dags/tutorial_taskflow_templates.py
[2025-05-13T22:05:11.556+0000] {processor.py:914} INFO - Processing file /home/airflow/.local/lib/python3.12/site-packages/airflow/example_dags/tutorial_taskflow_templates.py for tasks to queue
[2025-05-13T22:05:11.562+0000] {logging_mixin.py:190} INFO - [2025-05-13T22:05:11.561+0000] {dagbag.py:588} INFO - Filling up the DagBag from /home/airflow/.local/lib/python3.12/site-packages/airflow/example_dags/tutorial_taskflow_templates.py
[2025-05-13T22:05:11.588+0000] {processor.py:925} INFO - DAG(s) 'tutorial_taskflow_templates' retrieved from /home/airflow/.local/lib/python3.12/site-packages/airflow/example_dags/tutorial_taskflow_templates.py
[2025-05-13T22:05:11.630+0000] {logging_mixin.py:190} INFO - [2025-05-13T22:05:11.629+0000] {dag.py:3239} INFO - Sync 1 DAGs
[2025-05-13T22:05:11.696+0000] {logging_mixin.py:190} INFO - [2025-05-13T22:05:11.696+0000] {dag.py:4180} INFO - Setting next_dagrun for tutorial_taskflow_templates to 2025-05-12 00:00:00+00:00, run_after=2025-05-13 00:00:00+00:00
[2025-05-13T22:05:11.742+0000] {processor.py:208} INFO - Processing /home/airflow/.local/lib/python3.12/site-packages/airflow/example_dags/tutorial_taskflow_templates.py took 0.200 seconds
[2025-05-13T22:05:44.209+0000] {processor.py:186} INFO - Started process (PID=1333) to work on /home/airflow/.local/lib/python3.12/site-packages/airflow/example_dags/tutorial_taskflow_templates.py
[2025-05-13T22:05:44.211+0000] {processor.py:914} INFO - Processing file /home/airflow/.local/lib/python3.12/site-packages/airflow/example_dags/tutorial_taskflow_templates.py for tasks to queue
[2025-05-13T22:05:44.216+0000] {logging_mixin.py:190} INFO - [2025-05-13T22:05:44.215+0000] {dagbag.py:588} INFO - Filling up the DagBag from /home/airflow/.local/lib/python3.12/site-packages/airflow/example_dags/tutorial_taskflow_templates.py
[2025-05-13T22:05:44.241+0000] {processor.py:925} INFO - DAG(s) 'tutorial_taskflow_templates' retrieved from /home/airflow/.local/lib/python3.12/site-packages/airflow/example_dags/tutorial_taskflow_templates.py
[2025-05-13T22:05:44.284+0000] {logging_mixin.py:190} INFO - [2025-05-13T22:05:44.283+0000] {dag.py:3239} INFO - Sync 1 DAGs
[2025-05-13T22:05:44.343+0000] {logging_mixin.py:190} INFO - [2025-05-13T22:05:44.343+0000] {dag.py:4180} INFO - Setting next_dagrun for tutorial_taskflow_templates to 2025-05-12 00:00:00+00:00, run_after=2025-05-13 00:00:00+00:00
[2025-05-13T22:05:44.384+0000] {processor.py:208} INFO - Processing /home/airflow/.local/lib/python3.12/site-packages/airflow/example_dags/tutorial_taskflow_templates.py took 0.187 seconds
[2025-05-13T22:06:17.615+0000] {processor.py:186} INFO - Started process (PID=1429) to work on /home/airflow/.local/lib/python3.12/site-packages/airflow/example_dags/tutorial_taskflow_templates.py
[2025-05-13T22:06:17.620+0000] {processor.py:914} INFO - Processing file /home/airflow/.local/lib/python3.12/site-packages/airflow/example_dags/tutorial_taskflow_templates.py for tasks to queue
[2025-05-13T22:06:17.625+0000] {logging_mixin.py:190} INFO - [2025-05-13T22:06:17.624+0000] {dagbag.py:588} INFO - Filling up the DagBag from /home/airflow/.local/lib/python3.12/site-packages/airflow/example_dags/tutorial_taskflow_templates.py
[2025-05-13T22:06:17.656+0000] {processor.py:925} INFO - DAG(s) 'tutorial_taskflow_templates' retrieved from /home/airflow/.local/lib/python3.12/site-packages/airflow/example_dags/tutorial_taskflow_templates.py
[2025-05-13T22:06:17.697+0000] {logging_mixin.py:190} INFO - [2025-05-13T22:06:17.697+0000] {dag.py:3239} INFO - Sync 1 DAGs
[2025-05-13T22:06:17.750+0000] {logging_mixin.py:190} INFO - [2025-05-13T22:06:17.750+0000] {dag.py:4180} INFO - Setting next_dagrun for tutorial_taskflow_templates to 2025-05-12 00:00:00+00:00, run_after=2025-05-13 00:00:00+00:00
[2025-05-13T22:06:17.787+0000] {processor.py:208} INFO - Processing /home/airflow/.local/lib/python3.12/site-packages/airflow/example_dags/tutorial_taskflow_templates.py took 0.187 seconds
[2025-05-13T22:06:51.192+0000] {processor.py:186} INFO - Started process (PID=1521) to work on /home/airflow/.local/lib/python3.12/site-packages/airflow/example_dags/tutorial_taskflow_templates.py
[2025-05-13T22:06:51.194+0000] {processor.py:914} INFO - Processing file /home/airflow/.local/lib/python3.12/site-packages/airflow/example_dags/tutorial_taskflow_templates.py for tasks to queue
[2025-05-13T22:06:51.198+0000] {logging_mixin.py:190} INFO - [2025-05-13T22:06:51.198+0000] {dagbag.py:588} INFO - Filling up the DagBag from /home/airflow/.local/lib/python3.12/site-packages/airflow/example_dags/tutorial_taskflow_templates.py
[2025-05-13T22:06:51.230+0000] {processor.py:925} INFO - DAG(s) 'tutorial_taskflow_templates' retrieved from /home/airflow/.local/lib/python3.12/site-packages/airflow/example_dags/tutorial_taskflow_templates.py
[2025-05-13T22:06:51.280+0000] {logging_mixin.py:190} INFO - [2025-05-13T22:06:51.279+0000] {dag.py:3239} INFO - Sync 1 DAGs
[2025-05-13T22:06:51.337+0000] {logging_mixin.py:190} INFO - [2025-05-13T22:06:51.337+0000] {dag.py:4180} INFO - Setting next_dagrun for tutorial_taskflow_templates to 2025-05-12 00:00:00+00:00, run_after=2025-05-13 00:00:00+00:00
[2025-05-13T22:06:51.377+0000] {processor.py:208} INFO - Processing /home/airflow/.local/lib/python3.12/site-packages/airflow/example_dags/tutorial_taskflow_templates.py took 0.201 seconds
