[2025-05-03T14:59:16.592+0000] {local_task_job_runner.py:123} INFO - ::group::Pre task execution logs
[2025-05-03T14:59:16.610+0000] {taskinstance.py:2614} INFO - Dependencies all met for dep_context=non-requeueable deps ti=<TaskInstance: google_maps_reviews.remove_duplicates manual__2025-05-03T14:58:21.340726+00:00 [queued]>
[2025-05-03T14:59:16.620+0000] {taskinstance.py:2614} INFO - Dependencies all met for dep_context=requeueable deps ti=<TaskInstance: google_maps_reviews.remove_duplicates manual__2025-05-03T14:58:21.340726+00:00 [queued]>
[2025-05-03T14:59:16.621+0000] {taskinstance.py:2867} INFO - Starting attempt 2 of 3
[2025-05-03T14:59:16.633+0000] {taskinstance.py:2890} INFO - Executing <Task(PythonOperator): remove_duplicates> on 2025-05-03 14:58:21.340726+00:00
[2025-05-03T14:59:16.643+0000] {warnings.py:112} WARNING - /home/***/.local/lib/python3.12/site-packages/***/task/task_runner/standard_task_runner.py:70: DeprecationWarning: This process (pid=4961) is multi-threaded, use of fork() may lead to deadlocks in the child.
  pid = os.fork()

[2025-05-03T14:59:16.647+0000] {standard_task_runner.py:72} INFO - Started process 4978 to run task
[2025-05-03T14:59:16.650+0000] {standard_task_runner.py:104} INFO - Running: ['***', 'tasks', 'run', 'google_maps_reviews', 'remove_duplicates', 'manual__2025-05-03T14:58:21.340726+00:00', '--job-id', '322', '--raw', '--subdir', 'DAGS_FOLDER/***dag.py', '--cfg-path', '/tmp/tmp6kjt3yp9']
[2025-05-03T14:59:16.652+0000] {standard_task_runner.py:105} INFO - Job 322: Subtask remove_duplicates
[2025-05-03T14:59:16.710+0000] {task_command.py:467} INFO - Running <TaskInstance: google_maps_reviews.remove_duplicates manual__2025-05-03T14:58:21.340726+00:00 [running]> on host 8280c28b7f0f
[2025-05-03T14:59:16.801+0000] {taskinstance.py:3134} INFO - Exporting env vars: AIRFLOW_CTX_DAG_OWNER='***' AIRFLOW_CTX_DAG_ID='google_maps_reviews' AIRFLOW_CTX_TASK_ID='remove_duplicates' AIRFLOW_CTX_EXECUTION_DATE='2025-05-03T14:58:21.340726+00:00' AIRFLOW_CTX_TRY_NUMBER='2' AIRFLOW_CTX_DAG_RUN_ID='manual__2025-05-03T14:58:21.340726+00:00'
[2025-05-03T14:59:16.803+0000] {logging_mixin.py:190} INFO - Task instance is in running state
[2025-05-03T14:59:16.803+0000] {logging_mixin.py:190} INFO -  Previous state of the Task instance: queued
[2025-05-03T14:59:16.804+0000] {logging_mixin.py:190} INFO - Current task name:remove_duplicates state:running start_date:2025-05-03 14:59:16.611148+00:00
[2025-05-03T14:59:16.804+0000] {logging_mixin.py:190} INFO - Dag name:google_maps_reviews and current dag run status:running
[2025-05-03T14:59:16.805+0000] {taskinstance.py:732} INFO - ::endgroup::
[2025-05-03T14:59:16.814+0000] {base.py:84} INFO - Retrieving connection 'postgres_defaut'
[2025-05-03T14:59:16.822+0000] {logging_mixin.py:190} INFO - Duplicate reviews removed.
[2025-05-03T14:59:16.823+0000] {python.py:240} INFO - Done. Returned value was: None
[2025-05-03T14:59:16.831+0000] {taskinstance.py:341} INFO - ::group::Post task execution logs
[2025-05-03T14:59:16.832+0000] {taskinstance.py:353} INFO - Marking task as SUCCESS. dag_id=google_maps_reviews, task_id=remove_duplicates, run_id=manual__2025-05-03T14:58:21.340726+00:00, execution_date=20250503T145821, start_date=20250503T145916, end_date=20250503T145916
[2025-05-03T14:59:16.854+0000] {logging_mixin.py:190} INFO - Task instance in success state
[2025-05-03T14:59:16.856+0000] {logging_mixin.py:190} INFO -  Previous state of the Task instance: running
[2025-05-03T14:59:16.856+0000] {logging_mixin.py:190} INFO - Dag name:google_maps_reviews queued_at:2025-05-03 14:58:21.351873+00:00
[2025-05-03T14:59:16.857+0000] {logging_mixin.py:190} INFO - Task hostname:8280c28b7f0f operator:PythonOperator
[2025-05-03T14:59:16.905+0000] {local_task_job_runner.py:266} INFO - Task exited with return code 0
[2025-05-03T14:59:16.916+0000] {local_task_job_runner.py:245} INFO - ::endgroup::
