[2025-04-04T18:47:05.220+0000] {local_task_job_runner.py:123} INFO - ::group::Pre task execution logs
[2025-04-04T18:47:05.263+0000] {taskinstance.py:2614} INFO - Dependencies all met for dep_context=non-requeueable deps ti=<TaskInstance: google_maps_reviews_pipeline.remove_duplicates scheduled__2025-04-03T00:00:00+00:00 [queued]>
[2025-04-04T18:47:05.285+0000] {taskinstance.py:2614} INFO - Dependencies all met for dep_context=requeueable deps ti=<TaskInstance: google_maps_reviews_pipeline.remove_duplicates scheduled__2025-04-03T00:00:00+00:00 [queued]>
[2025-04-04T18:47:05.304+0000] {taskinstance.py:2867} INFO - Starting attempt 1 of 2
[2025-04-04T18:47:05.334+0000] {taskinstance.py:2890} INFO - Executing <Task(PythonOperator): remove_duplicates> on 2025-04-03 00:00:00+00:00
[2025-04-04T18:47:05.352+0000] {warnings.py:112} WARNING - /home/***/.local/lib/python3.12/site-packages/***/task/task_runner/standard_task_runner.py:70: DeprecationWarning: This process (pid=292) is multi-threaded, use of fork() may lead to deadlocks in the child.
  pid = os.fork()

[2025-04-04T18:47:05.356+0000] {standard_task_runner.py:72} INFO - Started process 307 to run task
[2025-04-04T18:47:05.356+0000] {standard_task_runner.py:104} INFO - Running: ['***', 'tasks', 'run', 'google_maps_reviews_pipeline', 'remove_duplicates', 'scheduled__2025-04-03T00:00:00+00:00', '--job-id', '16', '--raw', '--subdir', 'DAGS_FOLDER/***dag.py', '--cfg-path', '/tmp/tmpgp4gr_3g']
[2025-04-04T18:47:05.359+0000] {standard_task_runner.py:105} INFO - Job 16: Subtask remove_duplicates
[2025-04-04T18:47:05.456+0000] {task_command.py:467} INFO - Running <TaskInstance: google_maps_reviews_pipeline.remove_duplicates scheduled__2025-04-03T00:00:00+00:00 [running]> on host c3eecb2684dd
[2025-04-04T18:47:05.602+0000] {taskinstance.py:3134} INFO - Exporting env vars: AIRFLOW_CTX_DAG_OWNER='***' AIRFLOW_CTX_DAG_ID='google_maps_reviews_pipeline' AIRFLOW_CTX_TASK_ID='remove_duplicates' AIRFLOW_CTX_EXECUTION_DATE='2025-04-03T00:00:00+00:00' AIRFLOW_CTX_TRY_NUMBER='1' AIRFLOW_CTX_DAG_RUN_ID='scheduled__2025-04-03T00:00:00+00:00'
[2025-04-04T18:47:05.606+0000] {logging_mixin.py:190} INFO - Task instance is in running state
[2025-04-04T18:47:05.607+0000] {logging_mixin.py:190} INFO -  Previous state of the Task instance: queued
[2025-04-04T18:47:05.609+0000] {logging_mixin.py:190} INFO - Current task name:remove_duplicates state:running start_date:2025-04-04 18:47:05.265861+00:00
[2025-04-04T18:47:05.610+0000] {logging_mixin.py:190} INFO - Dag name:google_maps_reviews_pipeline and current dag run status:running
[2025-04-04T18:47:05.611+0000] {taskinstance.py:732} INFO - ::endgroup::
[2025-04-04T18:47:05.629+0000] {base.py:84} INFO - Retrieving connection 'postgres_defaut'
[2025-04-04T18:47:05.642+0000] {logging_mixin.py:190} INFO - Duplicate reviews removed.
[2025-04-04T18:47:05.644+0000] {python.py:240} INFO - Done. Returned value was: None
[2025-04-04T18:47:05.661+0000] {taskinstance.py:341} INFO - ::group::Post task execution logs
[2025-04-04T18:47:05.663+0000] {taskinstance.py:353} INFO - Marking task as SUCCESS. dag_id=google_maps_reviews_pipeline, task_id=remove_duplicates, run_id=scheduled__2025-04-03T00:00:00+00:00, execution_date=20250403T000000, start_date=20250404T184705, end_date=20250404T184705
[2025-04-04T18:47:05.717+0000] {logging_mixin.py:190} INFO - Task instance in success state
[2025-04-04T18:47:05.719+0000] {logging_mixin.py:190} INFO -  Previous state of the Task instance: running
[2025-04-04T18:47:05.720+0000] {logging_mixin.py:190} INFO - Dag name:google_maps_reviews_pipeline queued_at:2025-04-04 18:41:08.142253+00:00
[2025-04-04T18:47:05.721+0000] {logging_mixin.py:190} INFO - Task hostname:c3eecb2684dd operator:PythonOperator
[2025-04-04T18:47:05.737+0000] {local_task_job_runner.py:266} INFO - Task exited with return code 0
[2025-04-04T18:47:05.789+0000] {taskinstance.py:3901} INFO - 1 downstream tasks scheduled from follow-on schedule check
[2025-04-04T18:47:05.793+0000] {local_task_job_runner.py:245} INFO - ::endgroup::
