[2025-05-03T15:00:03.800+0000] {local_task_job_runner.py:123} INFO - ::group::Pre task execution logs
[2025-05-03T15:00:03.837+0000] {taskinstance.py:2614} INFO - Dependencies all met for dep_context=non-requeueable deps ti=<TaskInstance: google_maps_reviews.run_dbt_models manual__2025-05-03T14:58:21.340726+00:00 [queued]>
[2025-05-03T15:00:03.853+0000] {taskinstance.py:2614} INFO - Dependencies all met for dep_context=requeueable deps ti=<TaskInstance: google_maps_reviews.run_dbt_models manual__2025-05-03T14:58:21.340726+00:00 [queued]>
[2025-05-03T15:00:03.854+0000] {taskinstance.py:2867} INFO - Starting attempt 1 of 2
[2025-05-03T15:00:03.871+0000] {taskinstance.py:2890} INFO - Executing <Task(BashOperator): run_dbt_models> on 2025-05-03 14:58:21.340726+00:00
[2025-05-03T15:00:03.886+0000] {warnings.py:112} WARNING - /home/***/.local/lib/python3.12/site-packages/***/task/task_runner/standard_task_runner.py:70: DeprecationWarning: This process (pid=5087) is multi-threaded, use of fork() may lead to deadlocks in the child.
  pid = os.fork()

[2025-05-03T15:00:03.889+0000] {standard_task_runner.py:72} INFO - Started process 5110 to run task
[2025-05-03T15:00:03.890+0000] {standard_task_runner.py:104} INFO - Running: ['***', 'tasks', 'run', 'google_maps_reviews', 'run_dbt_models', 'manual__2025-05-03T14:58:21.340726+00:00', '--job-id', '329', '--raw', '--subdir', 'DAGS_FOLDER/***dag.py', '--cfg-path', '/tmp/tmp0ogdxmse']
[2025-05-03T15:00:03.893+0000] {standard_task_runner.py:105} INFO - Job 329: Subtask run_dbt_models
[2025-05-03T15:00:03.968+0000] {task_command.py:467} INFO - Running <TaskInstance: google_maps_reviews.run_dbt_models manual__2025-05-03T14:58:21.340726+00:00 [running]> on host 8280c28b7f0f
[2025-05-03T15:00:04.091+0000] {taskinstance.py:3134} INFO - Exporting env vars: AIRFLOW_CTX_DAG_OWNER='***' AIRFLOW_CTX_DAG_ID='google_maps_reviews' AIRFLOW_CTX_TASK_ID='run_dbt_models' AIRFLOW_CTX_EXECUTION_DATE='2025-05-03T14:58:21.340726+00:00' AIRFLOW_CTX_TRY_NUMBER='1' AIRFLOW_CTX_DAG_RUN_ID='manual__2025-05-03T14:58:21.340726+00:00'
[2025-05-03T15:00:04.093+0000] {logging_mixin.py:190} INFO - Task instance is in running state
[2025-05-03T15:00:04.094+0000] {logging_mixin.py:190} INFO -  Previous state of the Task instance: queued
[2025-05-03T15:00:04.095+0000] {logging_mixin.py:190} INFO - Current task name:run_dbt_models state:running start_date:2025-05-03 15:00:03.838612+00:00
[2025-05-03T15:00:04.096+0000] {logging_mixin.py:190} INFO - Dag name:google_maps_reviews and current dag run status:running
[2025-05-03T15:00:04.096+0000] {taskinstance.py:732} INFO - ::endgroup::
[2025-05-03T15:00:04.098+0000] {subprocess.py:78} INFO - Tmp dir root location: /tmp
[2025-05-03T15:00:04.101+0000] {subprocess.py:88} INFO - Running command: ['/usr/bin/bash', '-c', 'cd /opt/***/dbt_project/bank_reviews_dbt && dbt run --profiles-dir .']
[2025-05-03T15:00:04.122+0000] {subprocess.py:99} INFO - Output:
[2025-05-03T15:00:07.369+0000] {subprocess.py:106} INFO - [0m15:00:07  Running with dbt=1.9.4
[2025-05-03T15:00:07.774+0000] {subprocess.py:106} INFO - [0m15:00:07  Registered adapter: postgres=1.9.0
[2025-05-03T15:00:08.448+0000] {subprocess.py:106} INFO - [0m15:00:08  Found 5 models, 12 data tests, 433 macros
[2025-05-03T15:00:08.454+0000] {subprocess.py:106} INFO - [0m15:00:08
[2025-05-03T15:00:08.455+0000] {subprocess.py:106} INFO - [0m15:00:08  Concurrency: 1 threads (target='dev')
[2025-05-03T15:00:08.456+0000] {subprocess.py:106} INFO - [0m15:00:08
[2025-05-03T15:00:08.598+0000] {subprocess.py:106} INFO - [0m15:00:08  1 of 5 START sql table model review.dim_bank ................................... [RUN]
[2025-05-03T15:00:08.857+0000] {subprocess.py:106} INFO - [0m15:00:08  1 of 5 OK created sql table model review.dim_bank .............................. [[32mSELECT 20[0m in 0.26s]
[2025-05-03T15:00:08.860+0000] {subprocess.py:106} INFO - [0m15:00:08  2 of 5 START sql table model review.dim_branch ................................. [RUN]
[2025-05-03T15:00:08.966+0000] {subprocess.py:106} INFO - [0m15:00:08  2 of 5 OK created sql table model review.dim_branch ............................ [[32mSELECT 20[0m in 0.10s]
[2025-05-03T15:00:08.970+0000] {subprocess.py:106} INFO - [0m15:00:08  3 of 5 START sql table model review.dim_location ............................... [RUN]
[2025-05-03T15:00:09.057+0000] {subprocess.py:106} INFO - [0m15:00:09  3 of 5 OK created sql table model review.dim_location .......................... [[32mSELECT 20[0m in 0.08s]
[2025-05-03T15:00:09.060+0000] {subprocess.py:106} INFO - [0m15:00:09  4 of 5 START sql table model review.dim_sentiment .............................. [RUN]
[2025-05-03T15:00:09.158+0000] {subprocess.py:106} INFO - [0m15:00:09  4 of 5 OK created sql table model review.dim_sentiment ......................... [[32mSELECT 1[0m in 0.09s]
[2025-05-03T15:00:09.162+0000] {subprocess.py:106} INFO - [0m15:00:09  5 of 5 START sql table model review.fact_reviews ............................... [RUN]
[2025-05-03T15:00:09.258+0000] {subprocess.py:106} INFO - [0m15:00:09  5 of 5 OK created sql table model review.fact_reviews .......................... [[32mSELECT 196[0m in 0.09s]
[2025-05-03T15:00:09.283+0000] {subprocess.py:106} INFO - [0m15:00:09
[2025-05-03T15:00:09.284+0000] {subprocess.py:106} INFO - [0m15:00:09  Finished running 5 table models in 0 hours 0 minutes and 0.83 seconds (0.83s).
[2025-05-03T15:00:09.394+0000] {subprocess.py:106} INFO - [0m15:00:09
[2025-05-03T15:00:09.395+0000] {subprocess.py:106} INFO - [0m15:00:09  [32mCompleted successfully[0m
[2025-05-03T15:00:09.395+0000] {subprocess.py:106} INFO - [0m15:00:09
[2025-05-03T15:00:09.397+0000] {subprocess.py:106} INFO - [0m15:00:09  Done. PASS=5 WARN=0 ERROR=0 SKIP=0 TOTAL=5
[2025-05-03T15:00:11.800+0000] {subprocess.py:110} INFO - Command exited with return code 0
[2025-05-03T15:00:11.823+0000] {taskinstance.py:341} INFO - ::group::Post task execution logs
[2025-05-03T15:00:11.824+0000] {taskinstance.py:353} INFO - Marking task as SUCCESS. dag_id=google_maps_reviews, task_id=run_dbt_models, run_id=manual__2025-05-03T14:58:21.340726+00:00, execution_date=20250503T145821, start_date=20250503T150003, end_date=20250503T150011
[2025-05-03T15:00:11.847+0000] {logging_mixin.py:190} INFO - Task instance in success state
[2025-05-03T15:00:11.848+0000] {logging_mixin.py:190} INFO -  Previous state of the Task instance: running
[2025-05-03T15:00:11.849+0000] {logging_mixin.py:190} INFO - Dag name:google_maps_reviews queued_at:2025-05-03 14:58:21.351873+00:00
[2025-05-03T15:00:11.849+0000] {logging_mixin.py:190} INFO - Task hostname:8280c28b7f0f operator:BashOperator
[2025-05-03T15:00:11.866+0000] {local_task_job_runner.py:266} INFO - Task exited with return code 0
[2025-05-03T15:00:11.882+0000] {taskinstance.py:3901} INFO - 0 downstream tasks scheduled from follow-on schedule check
[2025-05-03T15:00:11.886+0000] {local_task_job_runner.py:245} INFO - ::endgroup::
