[2025-05-04T01:09:20.062+0000] {local_task_job_runner.py:123} INFO - ::group::Pre task execution logs
[2025-05-04T01:09:20.113+0000] {taskinstance.py:2614} INFO - Dependencies all met for dep_context=non-requeueable deps ti=<TaskInstance: google_maps_reviews.export_to_csv scheduled__2025-05-03T00:00:00+00:00 [queued]>
[2025-05-04T01:09:20.135+0000] {taskinstance.py:2614} INFO - Dependencies all met for dep_context=requeueable deps ti=<TaskInstance: google_maps_reviews.export_to_csv scheduled__2025-05-03T00:00:00+00:00 [queued]>
[2025-05-04T01:09:20.154+0000] {taskinstance.py:2867} INFO - Starting attempt 1 of 2
[2025-05-04T01:09:20.190+0000] {taskinstance.py:2890} INFO - Executing <Task(PythonOperator): export_to_csv> on 2025-05-03 00:00:00+00:00
[2025-05-04T01:09:20.216+0000] {warnings.py:112} WARNING - /home/***/.local/lib/python3.12/site-packages/***/task/task_runner/standard_task_runner.py:70: DeprecationWarning: This process (pid=310) is multi-threaded, use of fork() may lead to deadlocks in the child.
  pid = os.fork()

[2025-05-04T01:09:20.219+0000] {standard_task_runner.py:72} INFO - Started process 332 to run task
[2025-05-04T01:09:20.222+0000] {standard_task_runner.py:104} INFO - Running: ['***', 'tasks', 'run', 'google_maps_reviews', 'export_to_csv', 'scheduled__2025-05-03T00:00:00+00:00', '--job-id', '419', '--raw', '--subdir', 'DAGS_FOLDER/***dag.py', '--cfg-path', '/tmp/tmp2n4wj5vr']
[2025-05-04T01:09:20.225+0000] {standard_task_runner.py:105} INFO - Job 419: Subtask export_to_csv
[2025-05-04T01:09:20.325+0000] {task_command.py:467} INFO - Running <TaskInstance: google_maps_reviews.export_to_csv scheduled__2025-05-03T00:00:00+00:00 [running]> on host 8280c28b7f0f
[2025-05-04T01:09:20.506+0000] {taskinstance.py:3134} INFO - Exporting env vars: AIRFLOW_CTX_DAG_OWNER='***' AIRFLOW_CTX_DAG_ID='google_maps_reviews' AIRFLOW_CTX_TASK_ID='export_to_csv' AIRFLOW_CTX_EXECUTION_DATE='2025-05-03T00:00:00+00:00' AIRFLOW_CTX_TRY_NUMBER='1' AIRFLOW_CTX_DAG_RUN_ID='scheduled__2025-05-03T00:00:00+00:00'
[2025-05-04T01:09:20.510+0000] {logging_mixin.py:190} INFO - Task instance is in running state
[2025-05-04T01:09:20.511+0000] {logging_mixin.py:190} INFO -  Previous state of the Task instance: queued
[2025-05-04T01:09:20.511+0000] {logging_mixin.py:190} INFO - Current task name:export_to_csv state:running start_date:2025-05-04 01:09:20.115337+00:00
[2025-05-04T01:09:20.512+0000] {logging_mixin.py:190} INFO - Dag name:google_maps_reviews and current dag run status:running
[2025-05-04T01:09:20.513+0000] {taskinstance.py:732} INFO - ::endgroup::
[2025-05-04T01:09:20.530+0000] {base.py:84} INFO - Retrieving connection 'postgres_defaut'
[2025-05-04T01:09:20.549+0000] {warnings.py:112} WARNING - /opt/***/dags/storeData.py:72: UserWarning: pandas only supports SQLAlchemy connectable (engine/connection) or database string URI or sqlite3 DBAPI2 connection. Other DBAPI2 objects are not tested. Please consider using SQLAlchemy.
  df = pd.read_sql_query(query, conn)

[2025-05-04T01:09:20.592+0000] {logging_mixin.py:190} INFO - ✅ Données exportées avec succès vers reviews_export.csv
[2025-05-04T01:09:20.595+0000] {python.py:240} INFO - Done. Returned value was: None
[2025-05-04T01:09:20.613+0000] {taskinstance.py:341} INFO - ::group::Post task execution logs
[2025-05-04T01:09:20.615+0000] {taskinstance.py:353} INFO - Marking task as SUCCESS. dag_id=google_maps_reviews, task_id=export_to_csv, run_id=scheduled__2025-05-03T00:00:00+00:00, execution_date=20250503T000000, start_date=20250504T010920, end_date=20250504T010920
[2025-05-04T01:09:20.676+0000] {logging_mixin.py:190} INFO - Task instance in success state
[2025-05-04T01:09:20.678+0000] {logging_mixin.py:190} INFO -  Previous state of the Task instance: running
[2025-05-04T01:09:20.679+0000] {logging_mixin.py:190} INFO - Dag name:google_maps_reviews queued_at:2025-05-04 01:07:00.790536+00:00
[2025-05-04T01:09:20.680+0000] {logging_mixin.py:190} INFO - Task hostname:8280c28b7f0f operator:PythonOperator
[2025-05-04T01:09:20.721+0000] {local_task_job_runner.py:266} INFO - Task exited with return code 0
[2025-05-04T01:09:20.752+0000] {taskinstance.py:3901} INFO - 0 downstream tasks scheduled from follow-on schedule check
[2025-05-04T01:09:20.757+0000] {local_task_job_runner.py:245} INFO - ::endgroup::
