[2025-04-04T18:04:35.513+0000] {processor.py:186} INFO - Started process (PID=126) to work on /home/airflow/.local/lib/python3.12/site-packages/airflow/example_dags/example_latest_only_with_trigger.py
[2025-04-04T18:04:35.516+0000] {processor.py:914} INFO - Processing file /home/airflow/.local/lib/python3.12/site-packages/airflow/example_dags/example_latest_only_with_trigger.py for tasks to queue
[2025-04-04T18:04:35.523+0000] {logging_mixin.py:190} INFO - [2025-04-04T18:04:35.522+0000] {dagbag.py:588} INFO - Filling up the DagBag from /home/airflow/.local/lib/python3.12/site-packages/airflow/example_dags/example_latest_only_with_trigger.py
[2025-04-04T18:04:35.540+0000] {processor.py:925} INFO - DAG(s) 'latest_only_with_trigger' retrieved from /home/airflow/.local/lib/python3.12/site-packages/airflow/example_dags/example_latest_only_with_trigger.py
[2025-04-04T18:04:35.736+0000] {logging_mixin.py:190} INFO - [2025-04-04T18:04:35.734+0000] {override.py:1912} INFO - Created Permission View: can delete on DAG:latest_only_with_trigger
[2025-04-04T18:04:35.759+0000] {logging_mixin.py:190} INFO - [2025-04-04T18:04:35.758+0000] {override.py:1912} INFO - Created Permission View: can edit on DAG:latest_only_with_trigger
[2025-04-04T18:04:35.774+0000] {logging_mixin.py:190} INFO - [2025-04-04T18:04:35.774+0000] {override.py:1912} INFO - Created Permission View: can read on DAG:latest_only_with_trigger
[2025-04-04T18:04:35.795+0000] {logging_mixin.py:190} INFO - [2025-04-04T18:04:35.794+0000] {override.py:1912} INFO - Created Permission View: can create on DAG Run:latest_only_with_trigger
[2025-04-04T18:04:35.811+0000] {logging_mixin.py:190} INFO - [2025-04-04T18:04:35.811+0000] {override.py:1912} INFO - Created Permission View: menu access on DAG Run:latest_only_with_trigger
[2025-04-04T18:04:35.827+0000] {logging_mixin.py:190} INFO - [2025-04-04T18:04:35.826+0000] {override.py:1912} INFO - Created Permission View: can delete on DAG Run:latest_only_with_trigger
[2025-04-04T18:04:35.845+0000] {logging_mixin.py:190} INFO - [2025-04-04T18:04:35.844+0000] {override.py:1912} INFO - Created Permission View: can read on DAG Run:latest_only_with_trigger
[2025-04-04T18:04:35.846+0000] {logging_mixin.py:190} INFO - [2025-04-04T18:04:35.846+0000] {dag.py:3239} INFO - Sync 1 DAGs
[2025-04-04T18:04:35.877+0000] {logging_mixin.py:190} INFO - [2025-04-04T18:04:35.876+0000] {dag.py:3262} INFO - Creating ORM DAG for latest_only_with_trigger
[2025-04-04T18:04:35.900+0000] {logging_mixin.py:190} INFO - [2025-04-04T18:04:35.900+0000] {dag.py:4180} INFO - Setting next_dagrun for latest_only_with_trigger to 2025-04-04 12:00:00+00:00, run_after=2025-04-04 16:00:00+00:00
[2025-04-04T18:04:35.945+0000] {processor.py:208} INFO - Processing /home/airflow/.local/lib/python3.12/site-packages/airflow/example_dags/example_latest_only_with_trigger.py took 0.446 seconds
[2025-04-04T18:05:06.202+0000] {processor.py:186} INFO - Started process (PID=189) to work on /home/airflow/.local/lib/python3.12/site-packages/airflow/example_dags/example_latest_only_with_trigger.py
[2025-04-04T18:05:06.205+0000] {processor.py:914} INFO - Processing file /home/airflow/.local/lib/python3.12/site-packages/airflow/example_dags/example_latest_only_with_trigger.py for tasks to queue
[2025-04-04T18:05:06.210+0000] {logging_mixin.py:190} INFO - [2025-04-04T18:05:06.209+0000] {dagbag.py:588} INFO - Filling up the DagBag from /home/airflow/.local/lib/python3.12/site-packages/airflow/example_dags/example_latest_only_with_trigger.py
[2025-04-04T18:05:06.228+0000] {processor.py:925} INFO - DAG(s) 'latest_only_with_trigger' retrieved from /home/airflow/.local/lib/python3.12/site-packages/airflow/example_dags/example_latest_only_with_trigger.py
[2025-04-04T18:05:06.272+0000] {logging_mixin.py:190} INFO - [2025-04-04T18:05:06.271+0000] {dag.py:3239} INFO - Sync 1 DAGs
[2025-04-04T18:05:06.316+0000] {logging_mixin.py:190} INFO - [2025-04-04T18:05:06.315+0000] {dag.py:4180} INFO - Setting next_dagrun for latest_only_with_trigger to 2025-04-04 12:00:00+00:00, run_after=2025-04-04 16:00:00+00:00
[2025-04-04T18:05:06.352+0000] {processor.py:208} INFO - Processing /home/airflow/.local/lib/python3.12/site-packages/airflow/example_dags/example_latest_only_with_trigger.py took 0.161 seconds
[2025-04-04T18:05:36.693+0000] {processor.py:186} INFO - Started process (PID=252) to work on /home/airflow/.local/lib/python3.12/site-packages/airflow/example_dags/example_latest_only_with_trigger.py
[2025-04-04T18:05:36.697+0000] {processor.py:914} INFO - Processing file /home/airflow/.local/lib/python3.12/site-packages/airflow/example_dags/example_latest_only_with_trigger.py for tasks to queue
[2025-04-04T18:05:36.704+0000] {logging_mixin.py:190} INFO - [2025-04-04T18:05:36.703+0000] {dagbag.py:588} INFO - Filling up the DagBag from /home/airflow/.local/lib/python3.12/site-packages/airflow/example_dags/example_latest_only_with_trigger.py
[2025-04-04T18:05:36.719+0000] {processor.py:925} INFO - DAG(s) 'latest_only_with_trigger' retrieved from /home/airflow/.local/lib/python3.12/site-packages/airflow/example_dags/example_latest_only_with_trigger.py
[2025-04-04T18:05:36.764+0000] {logging_mixin.py:190} INFO - [2025-04-04T18:05:36.764+0000] {dag.py:3239} INFO - Sync 1 DAGs
[2025-04-04T18:05:36.815+0000] {logging_mixin.py:190} INFO - [2025-04-04T18:05:36.814+0000] {dag.py:4180} INFO - Setting next_dagrun for latest_only_with_trigger to 2025-04-04 12:00:00+00:00, run_after=2025-04-04 16:00:00+00:00
[2025-04-04T18:05:36.857+0000] {processor.py:208} INFO - Processing /home/airflow/.local/lib/python3.12/site-packages/airflow/example_dags/example_latest_only_with_trigger.py took 0.176 seconds
[2025-04-04T18:06:06.985+0000] {processor.py:186} INFO - Started process (PID=315) to work on /home/airflow/.local/lib/python3.12/site-packages/airflow/example_dags/example_latest_only_with_trigger.py
[2025-04-04T18:06:06.988+0000] {processor.py:914} INFO - Processing file /home/airflow/.local/lib/python3.12/site-packages/airflow/example_dags/example_latest_only_with_trigger.py for tasks to queue
[2025-04-04T18:06:06.993+0000] {logging_mixin.py:190} INFO - [2025-04-04T18:06:06.992+0000] {dagbag.py:588} INFO - Filling up the DagBag from /home/airflow/.local/lib/python3.12/site-packages/airflow/example_dags/example_latest_only_with_trigger.py
[2025-04-04T18:06:07.006+0000] {processor.py:925} INFO - DAG(s) 'latest_only_with_trigger' retrieved from /home/airflow/.local/lib/python3.12/site-packages/airflow/example_dags/example_latest_only_with_trigger.py
[2025-04-04T18:06:07.048+0000] {logging_mixin.py:190} INFO - [2025-04-04T18:06:07.048+0000] {dag.py:3239} INFO - Sync 1 DAGs
[2025-04-04T18:06:07.097+0000] {logging_mixin.py:190} INFO - [2025-04-04T18:06:07.096+0000] {dag.py:4180} INFO - Setting next_dagrun for latest_only_with_trigger to 2025-04-04 12:00:00+00:00, run_after=2025-04-04 16:00:00+00:00
[2025-04-04T18:06:07.136+0000] {processor.py:208} INFO - Processing /home/airflow/.local/lib/python3.12/site-packages/airflow/example_dags/example_latest_only_with_trigger.py took 0.166 seconds
[2025-04-04T18:10:12.888+0000] {processor.py:186} INFO - Started process (PID=126) to work on /home/airflow/.local/lib/python3.12/site-packages/airflow/example_dags/example_latest_only_with_trigger.py
[2025-04-04T18:10:12.890+0000] {processor.py:914} INFO - Processing file /home/airflow/.local/lib/python3.12/site-packages/airflow/example_dags/example_latest_only_with_trigger.py for tasks to queue
[2025-04-04T18:10:12.894+0000] {logging_mixin.py:190} INFO - [2025-04-04T18:10:12.893+0000] {dagbag.py:588} INFO - Filling up the DagBag from /home/airflow/.local/lib/python3.12/site-packages/airflow/example_dags/example_latest_only_with_trigger.py
[2025-04-04T18:10:12.915+0000] {processor.py:925} INFO - DAG(s) 'latest_only_with_trigger' retrieved from /home/airflow/.local/lib/python3.12/site-packages/airflow/example_dags/example_latest_only_with_trigger.py
[2025-04-04T18:10:12.956+0000] {logging_mixin.py:190} INFO - [2025-04-04T18:10:12.955+0000] {dag.py:3239} INFO - Sync 1 DAGs
[2025-04-04T18:10:13.001+0000] {logging_mixin.py:190} INFO - [2025-04-04T18:10:13.001+0000] {dag.py:4180} INFO - Setting next_dagrun for latest_only_with_trigger to 2025-04-04 12:00:00+00:00, run_after=2025-04-04 16:00:00+00:00
[2025-04-04T18:10:13.043+0000] {processor.py:208} INFO - Processing /home/airflow/.local/lib/python3.12/site-packages/airflow/example_dags/example_latest_only_with_trigger.py took 0.166 seconds
[2025-04-04T18:10:43.262+0000] {processor.py:186} INFO - Started process (PID=187) to work on /home/airflow/.local/lib/python3.12/site-packages/airflow/example_dags/example_latest_only_with_trigger.py
[2025-04-04T18:10:43.264+0000] {processor.py:914} INFO - Processing file /home/airflow/.local/lib/python3.12/site-packages/airflow/example_dags/example_latest_only_with_trigger.py for tasks to queue
[2025-04-04T18:10:43.268+0000] {logging_mixin.py:190} INFO - [2025-04-04T18:10:43.268+0000] {dagbag.py:588} INFO - Filling up the DagBag from /home/airflow/.local/lib/python3.12/site-packages/airflow/example_dags/example_latest_only_with_trigger.py
[2025-04-04T18:10:43.282+0000] {processor.py:925} INFO - DAG(s) 'latest_only_with_trigger' retrieved from /home/airflow/.local/lib/python3.12/site-packages/airflow/example_dags/example_latest_only_with_trigger.py
[2025-04-04T18:10:43.319+0000] {logging_mixin.py:190} INFO - [2025-04-04T18:10:43.318+0000] {dag.py:3239} INFO - Sync 1 DAGs
[2025-04-04T18:10:43.364+0000] {logging_mixin.py:190} INFO - [2025-04-04T18:10:43.362+0000] {dag.py:4180} INFO - Setting next_dagrun for latest_only_with_trigger to 2025-04-04 12:00:00+00:00, run_after=2025-04-04 16:00:00+00:00
[2025-04-04T18:10:43.398+0000] {processor.py:208} INFO - Processing /home/airflow/.local/lib/python3.12/site-packages/airflow/example_dags/example_latest_only_with_trigger.py took 0.147 seconds
[2025-04-04T18:13:00.478+0000] {processor.py:186} INFO - Started process (PID=124) to work on /home/airflow/.local/lib/python3.12/site-packages/airflow/example_dags/example_latest_only_with_trigger.py
[2025-04-04T18:13:00.481+0000] {processor.py:914} INFO - Processing file /home/airflow/.local/lib/python3.12/site-packages/airflow/example_dags/example_latest_only_with_trigger.py for tasks to queue
[2025-04-04T18:13:00.486+0000] {logging_mixin.py:190} INFO - [2025-04-04T18:13:00.485+0000] {dagbag.py:588} INFO - Filling up the DagBag from /home/airflow/.local/lib/python3.12/site-packages/airflow/example_dags/example_latest_only_with_trigger.py
[2025-04-04T18:13:00.506+0000] {processor.py:925} INFO - DAG(s) 'latest_only_with_trigger' retrieved from /home/airflow/.local/lib/python3.12/site-packages/airflow/example_dags/example_latest_only_with_trigger.py
[2025-04-04T18:13:00.551+0000] {logging_mixin.py:190} INFO - [2025-04-04T18:13:00.550+0000] {dag.py:3239} INFO - Sync 1 DAGs
[2025-04-04T18:13:00.604+0000] {logging_mixin.py:190} INFO - [2025-04-04T18:13:00.604+0000] {dag.py:4180} INFO - Setting next_dagrun for latest_only_with_trigger to 2025-04-04 12:00:00+00:00, run_after=2025-04-04 16:00:00+00:00
[2025-04-04T18:13:00.650+0000] {processor.py:208} INFO - Processing /home/airflow/.local/lib/python3.12/site-packages/airflow/example_dags/example_latest_only_with_trigger.py took 0.184 seconds
[2025-04-04T18:13:31.853+0000] {processor.py:186} INFO - Started process (PID=186) to work on /home/airflow/.local/lib/python3.12/site-packages/airflow/example_dags/example_latest_only_with_trigger.py
[2025-04-04T18:13:31.855+0000] {processor.py:914} INFO - Processing file /home/airflow/.local/lib/python3.12/site-packages/airflow/example_dags/example_latest_only_with_trigger.py for tasks to queue
[2025-04-04T18:13:31.861+0000] {logging_mixin.py:190} INFO - [2025-04-04T18:13:31.860+0000] {dagbag.py:588} INFO - Filling up the DagBag from /home/airflow/.local/lib/python3.12/site-packages/airflow/example_dags/example_latest_only_with_trigger.py
[2025-04-04T18:13:31.875+0000] {processor.py:925} INFO - DAG(s) 'latest_only_with_trigger' retrieved from /home/airflow/.local/lib/python3.12/site-packages/airflow/example_dags/example_latest_only_with_trigger.py
[2025-04-04T18:13:31.912+0000] {logging_mixin.py:190} INFO - [2025-04-04T18:13:31.912+0000] {dag.py:3239} INFO - Sync 1 DAGs
[2025-04-04T18:13:31.957+0000] {logging_mixin.py:190} INFO - [2025-04-04T18:13:31.956+0000] {dag.py:4180} INFO - Setting next_dagrun for latest_only_with_trigger to 2025-04-04 12:00:00+00:00, run_after=2025-04-04 16:00:00+00:00
[2025-04-04T18:13:31.992+0000] {processor.py:208} INFO - Processing /home/airflow/.local/lib/python3.12/site-packages/airflow/example_dags/example_latest_only_with_trigger.py took 0.150 seconds
[2025-04-04T18:14:03.641+0000] {processor.py:186} INFO - Started process (PID=248) to work on /home/airflow/.local/lib/python3.12/site-packages/airflow/example_dags/example_latest_only_with_trigger.py
[2025-04-04T18:14:03.643+0000] {processor.py:914} INFO - Processing file /home/airflow/.local/lib/python3.12/site-packages/airflow/example_dags/example_latest_only_with_trigger.py for tasks to queue
[2025-04-04T18:14:03.648+0000] {logging_mixin.py:190} INFO - [2025-04-04T18:14:03.647+0000] {dagbag.py:588} INFO - Filling up the DagBag from /home/airflow/.local/lib/python3.12/site-packages/airflow/example_dags/example_latest_only_with_trigger.py
[2025-04-04T18:14:03.661+0000] {processor.py:925} INFO - DAG(s) 'latest_only_with_trigger' retrieved from /home/airflow/.local/lib/python3.12/site-packages/airflow/example_dags/example_latest_only_with_trigger.py
[2025-04-04T18:14:03.702+0000] {logging_mixin.py:190} INFO - [2025-04-04T18:14:03.701+0000] {dag.py:3239} INFO - Sync 1 DAGs
[2025-04-04T18:14:03.745+0000] {logging_mixin.py:190} INFO - [2025-04-04T18:14:03.745+0000] {dag.py:4180} INFO - Setting next_dagrun for latest_only_with_trigger to 2025-04-04 12:00:00+00:00, run_after=2025-04-04 16:00:00+00:00
[2025-04-04T18:14:03.783+0000] {processor.py:208} INFO - Processing /home/airflow/.local/lib/python3.12/site-packages/airflow/example_dags/example_latest_only_with_trigger.py took 0.153 seconds
[2025-04-04T18:14:34.509+0000] {processor.py:186} INFO - Started process (PID=311) to work on /home/airflow/.local/lib/python3.12/site-packages/airflow/example_dags/example_latest_only_with_trigger.py
[2025-04-04T18:14:34.511+0000] {processor.py:914} INFO - Processing file /home/airflow/.local/lib/python3.12/site-packages/airflow/example_dags/example_latest_only_with_trigger.py for tasks to queue
[2025-04-04T18:14:34.515+0000] {logging_mixin.py:190} INFO - [2025-04-04T18:14:34.515+0000] {dagbag.py:588} INFO - Filling up the DagBag from /home/airflow/.local/lib/python3.12/site-packages/airflow/example_dags/example_latest_only_with_trigger.py
[2025-04-04T18:14:34.528+0000] {processor.py:925} INFO - DAG(s) 'latest_only_with_trigger' retrieved from /home/airflow/.local/lib/python3.12/site-packages/airflow/example_dags/example_latest_only_with_trigger.py
[2025-04-04T18:14:34.572+0000] {logging_mixin.py:190} INFO - [2025-04-04T18:14:34.571+0000] {dag.py:3239} INFO - Sync 1 DAGs
[2025-04-04T18:14:34.631+0000] {logging_mixin.py:190} INFO - [2025-04-04T18:14:34.631+0000] {dag.py:4180} INFO - Setting next_dagrun for latest_only_with_trigger to 2025-04-04 12:00:00+00:00, run_after=2025-04-04 16:00:00+00:00
[2025-04-04T18:14:34.672+0000] {processor.py:208} INFO - Processing /home/airflow/.local/lib/python3.12/site-packages/airflow/example_dags/example_latest_only_with_trigger.py took 0.173 seconds
[2025-04-04T18:15:06.243+0000] {processor.py:186} INFO - Started process (PID=374) to work on /home/airflow/.local/lib/python3.12/site-packages/airflow/example_dags/example_latest_only_with_trigger.py
[2025-04-04T18:15:06.245+0000] {processor.py:914} INFO - Processing file /home/airflow/.local/lib/python3.12/site-packages/airflow/example_dags/example_latest_only_with_trigger.py for tasks to queue
[2025-04-04T18:15:06.250+0000] {logging_mixin.py:190} INFO - [2025-04-04T18:15:06.249+0000] {dagbag.py:588} INFO - Filling up the DagBag from /home/airflow/.local/lib/python3.12/site-packages/airflow/example_dags/example_latest_only_with_trigger.py
[2025-04-04T18:15:06.264+0000] {processor.py:925} INFO - DAG(s) 'latest_only_with_trigger' retrieved from /home/airflow/.local/lib/python3.12/site-packages/airflow/example_dags/example_latest_only_with_trigger.py
[2025-04-04T18:15:06.302+0000] {logging_mixin.py:190} INFO - [2025-04-04T18:15:06.301+0000] {dag.py:3239} INFO - Sync 1 DAGs
[2025-04-04T18:15:06.345+0000] {logging_mixin.py:190} INFO - [2025-04-04T18:15:06.344+0000] {dag.py:4180} INFO - Setting next_dagrun for latest_only_with_trigger to 2025-04-04 12:00:00+00:00, run_after=2025-04-04 16:00:00+00:00
[2025-04-04T18:15:06.389+0000] {processor.py:208} INFO - Processing /home/airflow/.local/lib/python3.12/site-packages/airflow/example_dags/example_latest_only_with_trigger.py took 0.156 seconds
[2025-04-04T18:18:00.423+0000] {processor.py:186} INFO - Started process (PID=126) to work on /home/airflow/.local/lib/python3.12/site-packages/airflow/example_dags/example_latest_only_with_trigger.py
[2025-04-04T18:18:00.425+0000] {processor.py:914} INFO - Processing file /home/airflow/.local/lib/python3.12/site-packages/airflow/example_dags/example_latest_only_with_trigger.py for tasks to queue
[2025-04-04T18:18:00.431+0000] {logging_mixin.py:190} INFO - [2025-04-04T18:18:00.430+0000] {dagbag.py:588} INFO - Filling up the DagBag from /home/airflow/.local/lib/python3.12/site-packages/airflow/example_dags/example_latest_only_with_trigger.py
[2025-04-04T18:18:00.456+0000] {processor.py:925} INFO - DAG(s) 'latest_only_with_trigger' retrieved from /home/airflow/.local/lib/python3.12/site-packages/airflow/example_dags/example_latest_only_with_trigger.py
[2025-04-04T18:18:00.499+0000] {logging_mixin.py:190} INFO - [2025-04-04T18:18:00.498+0000] {dag.py:3239} INFO - Sync 1 DAGs
[2025-04-04T18:18:00.548+0000] {logging_mixin.py:190} INFO - [2025-04-04T18:18:00.547+0000] {dag.py:4180} INFO - Setting next_dagrun for latest_only_with_trigger to 2025-04-04 12:00:00+00:00, run_after=2025-04-04 16:00:00+00:00
[2025-04-04T18:18:00.589+0000] {processor.py:208} INFO - Processing /home/airflow/.local/lib/python3.12/site-packages/airflow/example_dags/example_latest_only_with_trigger.py took 0.179 seconds
[2025-04-04T18:18:30.777+0000] {processor.py:186} INFO - Started process (PID=188) to work on /home/airflow/.local/lib/python3.12/site-packages/airflow/example_dags/example_latest_only_with_trigger.py
[2025-04-04T18:18:30.779+0000] {processor.py:914} INFO - Processing file /home/airflow/.local/lib/python3.12/site-packages/airflow/example_dags/example_latest_only_with_trigger.py for tasks to queue
[2025-04-04T18:18:30.785+0000] {logging_mixin.py:190} INFO - [2025-04-04T18:18:30.784+0000] {dagbag.py:588} INFO - Filling up the DagBag from /home/airflow/.local/lib/python3.12/site-packages/airflow/example_dags/example_latest_only_with_trigger.py
[2025-04-04T18:18:30.801+0000] {processor.py:925} INFO - DAG(s) 'latest_only_with_trigger' retrieved from /home/airflow/.local/lib/python3.12/site-packages/airflow/example_dags/example_latest_only_with_trigger.py
[2025-04-04T18:18:30.843+0000] {logging_mixin.py:190} INFO - [2025-04-04T18:18:30.843+0000] {dag.py:3239} INFO - Sync 1 DAGs
[2025-04-04T18:18:30.887+0000] {logging_mixin.py:190} INFO - [2025-04-04T18:18:30.887+0000] {dag.py:4180} INFO - Setting next_dagrun for latest_only_with_trigger to 2025-04-04 12:00:00+00:00, run_after=2025-04-04 16:00:00+00:00
[2025-04-04T18:18:30.922+0000] {processor.py:208} INFO - Processing /home/airflow/.local/lib/python3.12/site-packages/airflow/example_dags/example_latest_only_with_trigger.py took 0.160 seconds
[2025-04-04T18:23:23.476+0000] {processor.py:186} INFO - Started process (PID=154) to work on /home/airflow/.local/lib/python3.12/site-packages/airflow/example_dags/example_latest_only_with_trigger.py
[2025-04-04T18:23:23.478+0000] {processor.py:914} INFO - Processing file /home/airflow/.local/lib/python3.12/site-packages/airflow/example_dags/example_latest_only_with_trigger.py for tasks to queue
[2025-04-04T18:23:23.483+0000] {logging_mixin.py:190} INFO - [2025-04-04T18:23:23.483+0000] {dagbag.py:588} INFO - Filling up the DagBag from /home/airflow/.local/lib/python3.12/site-packages/airflow/example_dags/example_latest_only_with_trigger.py
[2025-04-04T18:23:23.499+0000] {processor.py:925} INFO - DAG(s) 'latest_only_with_trigger' retrieved from /home/airflow/.local/lib/python3.12/site-packages/airflow/example_dags/example_latest_only_with_trigger.py
[2025-04-04T18:23:23.551+0000] {logging_mixin.py:190} INFO - [2025-04-04T18:23:23.550+0000] {dag.py:3239} INFO - Sync 1 DAGs
[2025-04-04T18:23:23.603+0000] {logging_mixin.py:190} INFO - [2025-04-04T18:23:23.602+0000] {dag.py:4180} INFO - Setting next_dagrun for latest_only_with_trigger to 2025-04-04 12:00:00+00:00, run_after=2025-04-04 16:00:00+00:00
[2025-04-04T18:23:23.656+0000] {processor.py:208} INFO - Processing /home/airflow/.local/lib/python3.12/site-packages/airflow/example_dags/example_latest_only_with_trigger.py took 0.193 seconds
[2025-04-04T18:23:54.843+0000] {processor.py:186} INFO - Started process (PID=244) to work on /home/airflow/.local/lib/python3.12/site-packages/airflow/example_dags/example_latest_only_with_trigger.py
[2025-04-04T18:23:54.846+0000] {processor.py:914} INFO - Processing file /home/airflow/.local/lib/python3.12/site-packages/airflow/example_dags/example_latest_only_with_trigger.py for tasks to queue
[2025-04-04T18:23:54.852+0000] {logging_mixin.py:190} INFO - [2025-04-04T18:23:54.851+0000] {dagbag.py:588} INFO - Filling up the DagBag from /home/airflow/.local/lib/python3.12/site-packages/airflow/example_dags/example_latest_only_with_trigger.py
[2025-04-04T18:23:54.866+0000] {processor.py:925} INFO - DAG(s) 'latest_only_with_trigger' retrieved from /home/airflow/.local/lib/python3.12/site-packages/airflow/example_dags/example_latest_only_with_trigger.py
[2025-04-04T18:23:54.909+0000] {logging_mixin.py:190} INFO - [2025-04-04T18:23:54.908+0000] {dag.py:3239} INFO - Sync 1 DAGs
[2025-04-04T18:23:54.954+0000] {logging_mixin.py:190} INFO - [2025-04-04T18:23:54.953+0000] {dag.py:4180} INFO - Setting next_dagrun for latest_only_with_trigger to 2025-04-04 12:00:00+00:00, run_after=2025-04-04 16:00:00+00:00
[2025-04-04T18:23:55.007+0000] {processor.py:208} INFO - Processing /home/airflow/.local/lib/python3.12/site-packages/airflow/example_dags/example_latest_only_with_trigger.py took 0.174 seconds
[2025-04-04T18:24:28.147+0000] {processor.py:186} INFO - Started process (PID=336) to work on /home/airflow/.local/lib/python3.12/site-packages/airflow/example_dags/example_latest_only_with_trigger.py
[2025-04-04T18:24:28.149+0000] {processor.py:914} INFO - Processing file /home/airflow/.local/lib/python3.12/site-packages/airflow/example_dags/example_latest_only_with_trigger.py for tasks to queue
[2025-04-04T18:24:28.154+0000] {logging_mixin.py:190} INFO - [2025-04-04T18:24:28.153+0000] {dagbag.py:588} INFO - Filling up the DagBag from /home/airflow/.local/lib/python3.12/site-packages/airflow/example_dags/example_latest_only_with_trigger.py
[2025-04-04T18:24:28.167+0000] {processor.py:925} INFO - DAG(s) 'latest_only_with_trigger' retrieved from /home/airflow/.local/lib/python3.12/site-packages/airflow/example_dags/example_latest_only_with_trigger.py
[2025-04-04T18:24:28.203+0000] {logging_mixin.py:190} INFO - [2025-04-04T18:24:28.203+0000] {dag.py:3239} INFO - Sync 1 DAGs
[2025-04-04T18:24:28.251+0000] {logging_mixin.py:190} INFO - [2025-04-04T18:24:28.250+0000] {dag.py:4180} INFO - Setting next_dagrun for latest_only_with_trigger to 2025-04-04 12:00:00+00:00, run_after=2025-04-04 16:00:00+00:00
[2025-04-04T18:24:28.290+0000] {processor.py:208} INFO - Processing /home/airflow/.local/lib/python3.12/site-packages/airflow/example_dags/example_latest_only_with_trigger.py took 0.153 seconds
[2025-04-04T18:25:00.529+0000] {processor.py:186} INFO - Started process (PID=432) to work on /home/airflow/.local/lib/python3.12/site-packages/airflow/example_dags/example_latest_only_with_trigger.py
[2025-04-04T18:25:00.532+0000] {processor.py:914} INFO - Processing file /home/airflow/.local/lib/python3.12/site-packages/airflow/example_dags/example_latest_only_with_trigger.py for tasks to queue
[2025-04-04T18:25:00.537+0000] {logging_mixin.py:190} INFO - [2025-04-04T18:25:00.536+0000] {dagbag.py:588} INFO - Filling up the DagBag from /home/airflow/.local/lib/python3.12/site-packages/airflow/example_dags/example_latest_only_with_trigger.py
[2025-04-04T18:25:00.551+0000] {processor.py:925} INFO - DAG(s) 'latest_only_with_trigger' retrieved from /home/airflow/.local/lib/python3.12/site-packages/airflow/example_dags/example_latest_only_with_trigger.py
[2025-04-04T18:25:00.592+0000] {logging_mixin.py:190} INFO - [2025-04-04T18:25:00.592+0000] {dag.py:3239} INFO - Sync 1 DAGs
[2025-04-04T18:25:00.641+0000] {logging_mixin.py:190} INFO - [2025-04-04T18:25:00.640+0000] {dag.py:4180} INFO - Setting next_dagrun for latest_only_with_trigger to 2025-04-04 12:00:00+00:00, run_after=2025-04-04 16:00:00+00:00
[2025-04-04T18:25:00.707+0000] {processor.py:208} INFO - Processing /home/airflow/.local/lib/python3.12/site-packages/airflow/example_dags/example_latest_only_with_trigger.py took 0.189 seconds
[2025-04-04T18:25:33.245+0000] {processor.py:186} INFO - Started process (PID=522) to work on /home/airflow/.local/lib/python3.12/site-packages/airflow/example_dags/example_latest_only_with_trigger.py
[2025-04-04T18:25:33.247+0000] {processor.py:914} INFO - Processing file /home/airflow/.local/lib/python3.12/site-packages/airflow/example_dags/example_latest_only_with_trigger.py for tasks to queue
[2025-04-04T18:25:33.253+0000] {logging_mixin.py:190} INFO - [2025-04-04T18:25:33.252+0000] {dagbag.py:588} INFO - Filling up the DagBag from /home/airflow/.local/lib/python3.12/site-packages/airflow/example_dags/example_latest_only_with_trigger.py
[2025-04-04T18:25:33.269+0000] {processor.py:925} INFO - DAG(s) 'latest_only_with_trigger' retrieved from /home/airflow/.local/lib/python3.12/site-packages/airflow/example_dags/example_latest_only_with_trigger.py
[2025-04-04T18:25:33.312+0000] {logging_mixin.py:190} INFO - [2025-04-04T18:25:33.311+0000] {dag.py:3239} INFO - Sync 1 DAGs
[2025-04-04T18:25:33.376+0000] {logging_mixin.py:190} INFO - [2025-04-04T18:25:33.376+0000] {dag.py:4180} INFO - Setting next_dagrun for latest_only_with_trigger to 2025-04-04 12:00:00+00:00, run_after=2025-04-04 16:00:00+00:00
[2025-04-04T18:25:33.438+0000] {processor.py:208} INFO - Processing /home/airflow/.local/lib/python3.12/site-packages/airflow/example_dags/example_latest_only_with_trigger.py took 0.204 seconds
[2025-04-04T18:26:06.747+0000] {processor.py:186} INFO - Started process (PID=614) to work on /home/airflow/.local/lib/python3.12/site-packages/airflow/example_dags/example_latest_only_with_trigger.py
[2025-04-04T18:26:06.750+0000] {processor.py:914} INFO - Processing file /home/airflow/.local/lib/python3.12/site-packages/airflow/example_dags/example_latest_only_with_trigger.py for tasks to queue
[2025-04-04T18:26:06.756+0000] {logging_mixin.py:190} INFO - [2025-04-04T18:26:06.756+0000] {dagbag.py:588} INFO - Filling up the DagBag from /home/airflow/.local/lib/python3.12/site-packages/airflow/example_dags/example_latest_only_with_trigger.py
[2025-04-04T18:26:06.771+0000] {processor.py:925} INFO - DAG(s) 'latest_only_with_trigger' retrieved from /home/airflow/.local/lib/python3.12/site-packages/airflow/example_dags/example_latest_only_with_trigger.py
[2025-04-04T18:26:06.815+0000] {logging_mixin.py:190} INFO - [2025-04-04T18:26:06.814+0000] {dag.py:3239} INFO - Sync 1 DAGs
[2025-04-04T18:26:06.866+0000] {logging_mixin.py:190} INFO - [2025-04-04T18:26:06.866+0000] {dag.py:4180} INFO - Setting next_dagrun for latest_only_with_trigger to 2025-04-04 12:00:00+00:00, run_after=2025-04-04 16:00:00+00:00
[2025-04-04T18:26:06.919+0000] {processor.py:208} INFO - Processing /home/airflow/.local/lib/python3.12/site-packages/airflow/example_dags/example_latest_only_with_trigger.py took 0.190 seconds
[2025-04-04T18:26:39.444+0000] {processor.py:186} INFO - Started process (PID=705) to work on /home/airflow/.local/lib/python3.12/site-packages/airflow/example_dags/example_latest_only_with_trigger.py
[2025-04-04T18:26:39.446+0000] {processor.py:914} INFO - Processing file /home/airflow/.local/lib/python3.12/site-packages/airflow/example_dags/example_latest_only_with_trigger.py for tasks to queue
[2025-04-04T18:26:39.450+0000] {logging_mixin.py:190} INFO - [2025-04-04T18:26:39.449+0000] {dagbag.py:588} INFO - Filling up the DagBag from /home/airflow/.local/lib/python3.12/site-packages/airflow/example_dags/example_latest_only_with_trigger.py
[2025-04-04T18:26:39.464+0000] {processor.py:925} INFO - DAG(s) 'latest_only_with_trigger' retrieved from /home/airflow/.local/lib/python3.12/site-packages/airflow/example_dags/example_latest_only_with_trigger.py
[2025-04-04T18:26:39.507+0000] {logging_mixin.py:190} INFO - [2025-04-04T18:26:39.506+0000] {dag.py:3239} INFO - Sync 1 DAGs
[2025-04-04T18:26:39.548+0000] {logging_mixin.py:190} INFO - [2025-04-04T18:26:39.548+0000] {dag.py:4180} INFO - Setting next_dagrun for latest_only_with_trigger to 2025-04-04 12:00:00+00:00, run_after=2025-04-04 16:00:00+00:00
[2025-04-04T18:26:39.596+0000] {processor.py:208} INFO - Processing /home/airflow/.local/lib/python3.12/site-packages/airflow/example_dags/example_latest_only_with_trigger.py took 0.163 seconds
[2025-04-04T18:39:48.092+0000] {processor.py:186} INFO - Started process (PID=815) to work on /home/airflow/.local/lib/python3.12/site-packages/airflow/example_dags/example_latest_only_with_trigger.py
[2025-04-04T18:39:48.093+0000] {processor.py:914} INFO - Processing file /home/airflow/.local/lib/python3.12/site-packages/airflow/example_dags/example_latest_only_with_trigger.py for tasks to queue
[2025-04-04T18:39:48.098+0000] {logging_mixin.py:190} INFO - [2025-04-04T18:39:48.097+0000] {dagbag.py:588} INFO - Filling up the DagBag from /home/airflow/.local/lib/python3.12/site-packages/airflow/example_dags/example_latest_only_with_trigger.py
[2025-04-04T18:39:48.111+0000] {processor.py:925} INFO - DAG(s) 'latest_only_with_trigger' retrieved from /home/airflow/.local/lib/python3.12/site-packages/airflow/example_dags/example_latest_only_with_trigger.py
[2025-04-04T18:39:48.147+0000] {logging_mixin.py:190} INFO - [2025-04-04T18:39:48.146+0000] {dag.py:3239} INFO - Sync 1 DAGs
[2025-04-04T18:39:48.190+0000] {logging_mixin.py:190} INFO - [2025-04-04T18:39:48.190+0000] {dag.py:4180} INFO - Setting next_dagrun for latest_only_with_trigger to 2025-04-04 12:00:00+00:00, run_after=2025-04-04 16:00:00+00:00
[2025-04-04T18:39:48.223+0000] {processor.py:208} INFO - Processing /home/airflow/.local/lib/python3.12/site-packages/airflow/example_dags/example_latest_only_with_trigger.py took 0.142 seconds
[2025-04-04T18:40:22.528+0000] {processor.py:186} INFO - Started process (PID=906) to work on /home/airflow/.local/lib/python3.12/site-packages/airflow/example_dags/example_latest_only_with_trigger.py
[2025-04-04T18:40:22.531+0000] {processor.py:914} INFO - Processing file /home/airflow/.local/lib/python3.12/site-packages/airflow/example_dags/example_latest_only_with_trigger.py for tasks to queue
[2025-04-04T18:40:22.537+0000] {logging_mixin.py:190} INFO - [2025-04-04T18:40:22.536+0000] {dagbag.py:588} INFO - Filling up the DagBag from /home/airflow/.local/lib/python3.12/site-packages/airflow/example_dags/example_latest_only_with_trigger.py
[2025-04-04T18:40:22.553+0000] {processor.py:925} INFO - DAG(s) 'latest_only_with_trigger' retrieved from /home/airflow/.local/lib/python3.12/site-packages/airflow/example_dags/example_latest_only_with_trigger.py
[2025-04-04T18:40:22.600+0000] {logging_mixin.py:190} INFO - [2025-04-04T18:40:22.600+0000] {dag.py:3239} INFO - Sync 1 DAGs
[2025-04-04T18:40:22.651+0000] {logging_mixin.py:190} INFO - [2025-04-04T18:40:22.650+0000] {dag.py:4180} INFO - Setting next_dagrun for latest_only_with_trigger to 2025-04-04 12:00:00+00:00, run_after=2025-04-04 16:00:00+00:00
[2025-04-04T18:40:22.708+0000] {processor.py:208} INFO - Processing /home/airflow/.local/lib/python3.12/site-packages/airflow/example_dags/example_latest_only_with_trigger.py took 0.198 seconds
[2025-04-04T18:40:56.665+0000] {processor.py:186} INFO - Started process (PID=998) to work on /home/airflow/.local/lib/python3.12/site-packages/airflow/example_dags/example_latest_only_with_trigger.py
[2025-04-04T18:40:56.668+0000] {processor.py:914} INFO - Processing file /home/airflow/.local/lib/python3.12/site-packages/airflow/example_dags/example_latest_only_with_trigger.py for tasks to queue
[2025-04-04T18:40:56.675+0000] {logging_mixin.py:190} INFO - [2025-04-04T18:40:56.674+0000] {dagbag.py:588} INFO - Filling up the DagBag from /home/airflow/.local/lib/python3.12/site-packages/airflow/example_dags/example_latest_only_with_trigger.py
[2025-04-04T18:40:56.690+0000] {processor.py:925} INFO - DAG(s) 'latest_only_with_trigger' retrieved from /home/airflow/.local/lib/python3.12/site-packages/airflow/example_dags/example_latest_only_with_trigger.py
[2025-04-04T18:40:56.736+0000] {logging_mixin.py:190} INFO - [2025-04-04T18:40:56.736+0000] {dag.py:3239} INFO - Sync 1 DAGs
[2025-04-04T18:40:56.784+0000] {logging_mixin.py:190} INFO - [2025-04-04T18:40:56.783+0000] {dag.py:4180} INFO - Setting next_dagrun for latest_only_with_trigger to 2025-04-04 12:00:00+00:00, run_after=2025-04-04 16:00:00+00:00
[2025-04-04T18:40:56.833+0000] {processor.py:208} INFO - Processing /home/airflow/.local/lib/python3.12/site-packages/airflow/example_dags/example_latest_only_with_trigger.py took 0.181 seconds
[2025-04-04T18:41:30.548+0000] {processor.py:186} INFO - Started process (PID=1089) to work on /home/airflow/.local/lib/python3.12/site-packages/airflow/example_dags/example_latest_only_with_trigger.py
[2025-04-04T18:41:30.550+0000] {processor.py:914} INFO - Processing file /home/airflow/.local/lib/python3.12/site-packages/airflow/example_dags/example_latest_only_with_trigger.py for tasks to queue
[2025-04-04T18:41:30.555+0000] {logging_mixin.py:190} INFO - [2025-04-04T18:41:30.554+0000] {dagbag.py:588} INFO - Filling up the DagBag from /home/airflow/.local/lib/python3.12/site-packages/airflow/example_dags/example_latest_only_with_trigger.py
[2025-04-04T18:41:30.576+0000] {processor.py:925} INFO - DAG(s) 'latest_only_with_trigger' retrieved from /home/airflow/.local/lib/python3.12/site-packages/airflow/example_dags/example_latest_only_with_trigger.py
[2025-04-04T18:41:30.619+0000] {logging_mixin.py:190} INFO - [2025-04-04T18:41:30.619+0000] {dag.py:3239} INFO - Sync 1 DAGs
[2025-04-04T18:41:30.668+0000] {logging_mixin.py:190} INFO - [2025-04-04T18:41:30.668+0000] {dag.py:4180} INFO - Setting next_dagrun for latest_only_with_trigger to 2025-04-04 12:00:00+00:00, run_after=2025-04-04 16:00:00+00:00
[2025-04-04T18:41:30.734+0000] {processor.py:208} INFO - Processing /home/airflow/.local/lib/python3.12/site-packages/airflow/example_dags/example_latest_only_with_trigger.py took 0.197 seconds
[2025-04-04T18:42:04.490+0000] {processor.py:186} INFO - Started process (PID=1180) to work on /home/airflow/.local/lib/python3.12/site-packages/airflow/example_dags/example_latest_only_with_trigger.py
[2025-04-04T18:42:04.493+0000] {processor.py:914} INFO - Processing file /home/airflow/.local/lib/python3.12/site-packages/airflow/example_dags/example_latest_only_with_trigger.py for tasks to queue
[2025-04-04T18:42:04.497+0000] {logging_mixin.py:190} INFO - [2025-04-04T18:42:04.496+0000] {dagbag.py:588} INFO - Filling up the DagBag from /home/airflow/.local/lib/python3.12/site-packages/airflow/example_dags/example_latest_only_with_trigger.py
[2025-04-04T18:42:04.511+0000] {processor.py:925} INFO - DAG(s) 'latest_only_with_trigger' retrieved from /home/airflow/.local/lib/python3.12/site-packages/airflow/example_dags/example_latest_only_with_trigger.py
[2025-04-04T18:42:04.553+0000] {logging_mixin.py:190} INFO - [2025-04-04T18:42:04.552+0000] {dag.py:3239} INFO - Sync 1 DAGs
[2025-04-04T18:42:04.606+0000] {logging_mixin.py:190} INFO - [2025-04-04T18:42:04.605+0000] {dag.py:4180} INFO - Setting next_dagrun for latest_only_with_trigger to 2025-04-04 12:00:00+00:00, run_after=2025-04-04 16:00:00+00:00
[2025-04-04T18:42:04.640+0000] {processor.py:208} INFO - Processing /home/airflow/.local/lib/python3.12/site-packages/airflow/example_dags/example_latest_only_with_trigger.py took 0.161 seconds
[2025-04-04T18:42:40.460+0000] {processor.py:186} INFO - Started process (PID=1291) to work on /home/airflow/.local/lib/python3.12/site-packages/airflow/example_dags/example_latest_only_with_trigger.py
[2025-04-04T18:42:40.462+0000] {processor.py:914} INFO - Processing file /home/airflow/.local/lib/python3.12/site-packages/airflow/example_dags/example_latest_only_with_trigger.py for tasks to queue
[2025-04-04T18:42:40.468+0000] {logging_mixin.py:190} INFO - [2025-04-04T18:42:40.467+0000] {dagbag.py:588} INFO - Filling up the DagBag from /home/airflow/.local/lib/python3.12/site-packages/airflow/example_dags/example_latest_only_with_trigger.py
[2025-04-04T18:42:40.482+0000] {processor.py:925} INFO - DAG(s) 'latest_only_with_trigger' retrieved from /home/airflow/.local/lib/python3.12/site-packages/airflow/example_dags/example_latest_only_with_trigger.py
[2025-04-04T18:42:40.523+0000] {logging_mixin.py:190} INFO - [2025-04-04T18:42:40.522+0000] {dag.py:3239} INFO - Sync 1 DAGs
[2025-04-04T18:42:40.570+0000] {logging_mixin.py:190} INFO - [2025-04-04T18:42:40.569+0000] {dag.py:4180} INFO - Setting next_dagrun for latest_only_with_trigger to 2025-04-04 12:00:00+00:00, run_after=2025-04-04 16:00:00+00:00
[2025-04-04T18:42:40.625+0000] {processor.py:208} INFO - Processing /home/airflow/.local/lib/python3.12/site-packages/airflow/example_dags/example_latest_only_with_trigger.py took 0.178 seconds
[2025-04-04T18:43:13.640+0000] {processor.py:186} INFO - Started process (PID=1382) to work on /home/airflow/.local/lib/python3.12/site-packages/airflow/example_dags/example_latest_only_with_trigger.py
[2025-04-04T18:43:13.642+0000] {processor.py:914} INFO - Processing file /home/airflow/.local/lib/python3.12/site-packages/airflow/example_dags/example_latest_only_with_trigger.py for tasks to queue
[2025-04-04T18:43:13.648+0000] {logging_mixin.py:190} INFO - [2025-04-04T18:43:13.647+0000] {dagbag.py:588} INFO - Filling up the DagBag from /home/airflow/.local/lib/python3.12/site-packages/airflow/example_dags/example_latest_only_with_trigger.py
[2025-04-04T18:43:13.672+0000] {processor.py:925} INFO - DAG(s) 'latest_only_with_trigger' retrieved from /home/airflow/.local/lib/python3.12/site-packages/airflow/example_dags/example_latest_only_with_trigger.py
[2025-04-04T18:43:13.740+0000] {logging_mixin.py:190} INFO - [2025-04-04T18:43:13.740+0000] {dag.py:3239} INFO - Sync 1 DAGs
[2025-04-04T18:43:13.795+0000] {logging_mixin.py:190} INFO - [2025-04-04T18:43:13.794+0000] {dag.py:4180} INFO - Setting next_dagrun for latest_only_with_trigger to 2025-04-04 12:00:00+00:00, run_after=2025-04-04 16:00:00+00:00
[2025-04-04T18:43:13.832+0000] {processor.py:208} INFO - Processing /home/airflow/.local/lib/python3.12/site-packages/airflow/example_dags/example_latest_only_with_trigger.py took 0.204 seconds
[2025-04-04T18:43:45.808+0000] {processor.py:186} INFO - Started process (PID=1472) to work on /home/airflow/.local/lib/python3.12/site-packages/airflow/example_dags/example_latest_only_with_trigger.py
[2025-04-04T18:43:45.811+0000] {processor.py:914} INFO - Processing file /home/airflow/.local/lib/python3.12/site-packages/airflow/example_dags/example_latest_only_with_trigger.py for tasks to queue
[2025-04-04T18:43:45.816+0000] {logging_mixin.py:190} INFO - [2025-04-04T18:43:45.815+0000] {dagbag.py:588} INFO - Filling up the DagBag from /home/airflow/.local/lib/python3.12/site-packages/airflow/example_dags/example_latest_only_with_trigger.py
[2025-04-04T18:43:45.831+0000] {processor.py:925} INFO - DAG(s) 'latest_only_with_trigger' retrieved from /home/airflow/.local/lib/python3.12/site-packages/airflow/example_dags/example_latest_only_with_trigger.py
[2025-04-04T18:43:45.870+0000] {logging_mixin.py:190} INFO - [2025-04-04T18:43:45.869+0000] {dag.py:3239} INFO - Sync 1 DAGs
[2025-04-04T18:43:45.915+0000] {logging_mixin.py:190} INFO - [2025-04-04T18:43:45.914+0000] {dag.py:4180} INFO - Setting next_dagrun for latest_only_with_trigger to 2025-04-04 12:00:00+00:00, run_after=2025-04-04 16:00:00+00:00
[2025-04-04T18:43:45.965+0000] {processor.py:208} INFO - Processing /home/airflow/.local/lib/python3.12/site-packages/airflow/example_dags/example_latest_only_with_trigger.py took 0.169 seconds
[2025-04-04T18:44:18.261+0000] {processor.py:186} INFO - Started process (PID=1563) to work on /home/airflow/.local/lib/python3.12/site-packages/airflow/example_dags/example_latest_only_with_trigger.py
[2025-04-04T18:44:18.263+0000] {processor.py:914} INFO - Processing file /home/airflow/.local/lib/python3.12/site-packages/airflow/example_dags/example_latest_only_with_trigger.py for tasks to queue
[2025-04-04T18:44:18.268+0000] {logging_mixin.py:190} INFO - [2025-04-04T18:44:18.268+0000] {dagbag.py:588} INFO - Filling up the DagBag from /home/airflow/.local/lib/python3.12/site-packages/airflow/example_dags/example_latest_only_with_trigger.py
[2025-04-04T18:44:18.286+0000] {processor.py:925} INFO - DAG(s) 'latest_only_with_trigger' retrieved from /home/airflow/.local/lib/python3.12/site-packages/airflow/example_dags/example_latest_only_with_trigger.py
[2025-04-04T18:44:18.332+0000] {logging_mixin.py:190} INFO - [2025-04-04T18:44:18.331+0000] {dag.py:3239} INFO - Sync 1 DAGs
[2025-04-04T18:44:18.384+0000] {logging_mixin.py:190} INFO - [2025-04-04T18:44:18.383+0000] {dag.py:4180} INFO - Setting next_dagrun for latest_only_with_trigger to 2025-04-04 12:00:00+00:00, run_after=2025-04-04 16:00:00+00:00
[2025-04-04T18:44:18.438+0000] {processor.py:208} INFO - Processing /home/airflow/.local/lib/python3.12/site-packages/airflow/example_dags/example_latest_only_with_trigger.py took 0.191 seconds
[2025-04-04T18:44:49.658+0000] {processor.py:186} INFO - Started process (PID=1639) to work on /home/airflow/.local/lib/python3.12/site-packages/airflow/example_dags/example_latest_only_with_trigger.py
[2025-04-04T18:44:49.660+0000] {processor.py:914} INFO - Processing file /home/airflow/.local/lib/python3.12/site-packages/airflow/example_dags/example_latest_only_with_trigger.py for tasks to queue
[2025-04-04T18:44:49.667+0000] {logging_mixin.py:190} INFO - [2025-04-04T18:44:49.666+0000] {dagbag.py:588} INFO - Filling up the DagBag from /home/airflow/.local/lib/python3.12/site-packages/airflow/example_dags/example_latest_only_with_trigger.py
[2025-04-04T18:44:49.686+0000] {processor.py:925} INFO - DAG(s) 'latest_only_with_trigger' retrieved from /home/airflow/.local/lib/python3.12/site-packages/airflow/example_dags/example_latest_only_with_trigger.py
[2025-04-04T18:44:49.728+0000] {logging_mixin.py:190} INFO - [2025-04-04T18:44:49.727+0000] {dag.py:3239} INFO - Sync 1 DAGs
[2025-04-04T18:44:49.773+0000] {logging_mixin.py:190} INFO - [2025-04-04T18:44:49.772+0000] {dag.py:4180} INFO - Setting next_dagrun for latest_only_with_trigger to 2025-04-04 12:00:00+00:00, run_after=2025-04-04 16:00:00+00:00
[2025-04-04T18:44:49.814+0000] {processor.py:208} INFO - Processing /home/airflow/.local/lib/python3.12/site-packages/airflow/example_dags/example_latest_only_with_trigger.py took 0.169 seconds
[2025-04-04T18:45:21.990+0000] {processor.py:186} INFO - Started process (PID=1729) to work on /home/airflow/.local/lib/python3.12/site-packages/airflow/example_dags/example_latest_only_with_trigger.py
[2025-04-04T18:45:21.993+0000] {processor.py:914} INFO - Processing file /home/airflow/.local/lib/python3.12/site-packages/airflow/example_dags/example_latest_only_with_trigger.py for tasks to queue
[2025-04-04T18:45:21.998+0000] {logging_mixin.py:190} INFO - [2025-04-04T18:45:21.997+0000] {dagbag.py:588} INFO - Filling up the DagBag from /home/airflow/.local/lib/python3.12/site-packages/airflow/example_dags/example_latest_only_with_trigger.py
[2025-04-04T18:45:22.015+0000] {processor.py:925} INFO - DAG(s) 'latest_only_with_trigger' retrieved from /home/airflow/.local/lib/python3.12/site-packages/airflow/example_dags/example_latest_only_with_trigger.py
[2025-04-04T18:45:22.052+0000] {logging_mixin.py:190} INFO - [2025-04-04T18:45:22.051+0000] {dag.py:3239} INFO - Sync 1 DAGs
[2025-04-04T18:45:22.099+0000] {logging_mixin.py:190} INFO - [2025-04-04T18:45:22.099+0000] {dag.py:4180} INFO - Setting next_dagrun for latest_only_with_trigger to 2025-04-04 12:00:00+00:00, run_after=2025-04-04 16:00:00+00:00
[2025-04-04T18:45:22.142+0000] {processor.py:208} INFO - Processing /home/airflow/.local/lib/python3.12/site-packages/airflow/example_dags/example_latest_only_with_trigger.py took 0.167 seconds
[2025-04-04T18:45:54.084+0000] {processor.py:186} INFO - Started process (PID=1820) to work on /home/airflow/.local/lib/python3.12/site-packages/airflow/example_dags/example_latest_only_with_trigger.py
[2025-04-04T18:45:54.086+0000] {processor.py:914} INFO - Processing file /home/airflow/.local/lib/python3.12/site-packages/airflow/example_dags/example_latest_only_with_trigger.py for tasks to queue
[2025-04-04T18:45:54.091+0000] {logging_mixin.py:190} INFO - [2025-04-04T18:45:54.090+0000] {dagbag.py:588} INFO - Filling up the DagBag from /home/airflow/.local/lib/python3.12/site-packages/airflow/example_dags/example_latest_only_with_trigger.py
[2025-04-04T18:45:54.106+0000] {processor.py:925} INFO - DAG(s) 'latest_only_with_trigger' retrieved from /home/airflow/.local/lib/python3.12/site-packages/airflow/example_dags/example_latest_only_with_trigger.py
[2025-04-04T18:45:54.151+0000] {logging_mixin.py:190} INFO - [2025-04-04T18:45:54.151+0000] {dag.py:3239} INFO - Sync 1 DAGs
[2025-04-04T18:45:54.202+0000] {logging_mixin.py:190} INFO - [2025-04-04T18:45:54.202+0000] {dag.py:4180} INFO - Setting next_dagrun for latest_only_with_trigger to 2025-04-04 12:00:00+00:00, run_after=2025-04-04 16:00:00+00:00
[2025-04-04T18:45:54.243+0000] {processor.py:208} INFO - Processing /home/airflow/.local/lib/python3.12/site-packages/airflow/example_dags/example_latest_only_with_trigger.py took 0.170 seconds
[2025-04-04T18:46:26.719+0000] {processor.py:186} INFO - Started process (PID=1911) to work on /home/airflow/.local/lib/python3.12/site-packages/airflow/example_dags/example_latest_only_with_trigger.py
[2025-04-04T18:46:26.721+0000] {processor.py:914} INFO - Processing file /home/airflow/.local/lib/python3.12/site-packages/airflow/example_dags/example_latest_only_with_trigger.py for tasks to queue
[2025-04-04T18:46:26.726+0000] {logging_mixin.py:190} INFO - [2025-04-04T18:46:26.725+0000] {dagbag.py:588} INFO - Filling up the DagBag from /home/airflow/.local/lib/python3.12/site-packages/airflow/example_dags/example_latest_only_with_trigger.py
[2025-04-04T18:46:26.739+0000] {processor.py:925} INFO - DAG(s) 'latest_only_with_trigger' retrieved from /home/airflow/.local/lib/python3.12/site-packages/airflow/example_dags/example_latest_only_with_trigger.py
[2025-04-04T18:46:26.778+0000] {logging_mixin.py:190} INFO - [2025-04-04T18:46:26.778+0000] {dag.py:3239} INFO - Sync 1 DAGs
[2025-04-04T18:46:26.823+0000] {logging_mixin.py:190} INFO - [2025-04-04T18:46:26.822+0000] {dag.py:4180} INFO - Setting next_dagrun for latest_only_with_trigger to 2025-04-04 12:00:00+00:00, run_after=2025-04-04 16:00:00+00:00
[2025-04-04T18:46:26.870+0000] {processor.py:208} INFO - Processing /home/airflow/.local/lib/python3.12/site-packages/airflow/example_dags/example_latest_only_with_trigger.py took 0.162 seconds
[2025-04-04T18:46:59.079+0000] {processor.py:186} INFO - Started process (PID=2003) to work on /home/airflow/.local/lib/python3.12/site-packages/airflow/example_dags/example_latest_only_with_trigger.py
[2025-04-04T18:46:59.081+0000] {processor.py:914} INFO - Processing file /home/airflow/.local/lib/python3.12/site-packages/airflow/example_dags/example_latest_only_with_trigger.py for tasks to queue
[2025-04-04T18:46:59.086+0000] {logging_mixin.py:190} INFO - [2025-04-04T18:46:59.085+0000] {dagbag.py:588} INFO - Filling up the DagBag from /home/airflow/.local/lib/python3.12/site-packages/airflow/example_dags/example_latest_only_with_trigger.py
[2025-04-04T18:46:59.102+0000] {processor.py:925} INFO - DAG(s) 'latest_only_with_trigger' retrieved from /home/airflow/.local/lib/python3.12/site-packages/airflow/example_dags/example_latest_only_with_trigger.py
[2025-04-04T18:46:59.139+0000] {logging_mixin.py:190} INFO - [2025-04-04T18:46:59.138+0000] {dag.py:3239} INFO - Sync 1 DAGs
[2025-04-04T18:46:59.186+0000] {logging_mixin.py:190} INFO - [2025-04-04T18:46:59.186+0000] {dag.py:4180} INFO - Setting next_dagrun for latest_only_with_trigger to 2025-04-04 12:00:00+00:00, run_after=2025-04-04 16:00:00+00:00
[2025-04-04T18:46:59.224+0000] {processor.py:208} INFO - Processing /home/airflow/.local/lib/python3.12/site-packages/airflow/example_dags/example_latest_only_with_trigger.py took 0.157 seconds
[2025-04-04T18:47:29.929+0000] {processor.py:186} INFO - Started process (PID=2093) to work on /home/airflow/.local/lib/python3.12/site-packages/airflow/example_dags/example_latest_only_with_trigger.py
[2025-04-04T18:47:29.932+0000] {processor.py:914} INFO - Processing file /home/airflow/.local/lib/python3.12/site-packages/airflow/example_dags/example_latest_only_with_trigger.py for tasks to queue
[2025-04-04T18:47:29.936+0000] {logging_mixin.py:190} INFO - [2025-04-04T18:47:29.935+0000] {dagbag.py:588} INFO - Filling up the DagBag from /home/airflow/.local/lib/python3.12/site-packages/airflow/example_dags/example_latest_only_with_trigger.py
[2025-04-04T18:47:29.951+0000] {processor.py:925} INFO - DAG(s) 'latest_only_with_trigger' retrieved from /home/airflow/.local/lib/python3.12/site-packages/airflow/example_dags/example_latest_only_with_trigger.py
[2025-04-04T18:47:29.990+0000] {logging_mixin.py:190} INFO - [2025-04-04T18:47:29.990+0000] {dag.py:3239} INFO - Sync 1 DAGs
[2025-04-04T18:47:30.033+0000] {logging_mixin.py:190} INFO - [2025-04-04T18:47:30.033+0000] {dag.py:4180} INFO - Setting next_dagrun for latest_only_with_trigger to 2025-04-04 12:00:00+00:00, run_after=2025-04-04 16:00:00+00:00
[2025-04-04T18:47:30.092+0000] {processor.py:208} INFO - Processing /home/airflow/.local/lib/python3.12/site-packages/airflow/example_dags/example_latest_only_with_trigger.py took 0.176 seconds
[2025-04-04T18:48:00.216+0000] {processor.py:186} INFO - Started process (PID=2170) to work on /home/airflow/.local/lib/python3.12/site-packages/airflow/example_dags/example_latest_only_with_trigger.py
[2025-04-04T18:48:00.218+0000] {processor.py:914} INFO - Processing file /home/airflow/.local/lib/python3.12/site-packages/airflow/example_dags/example_latest_only_with_trigger.py for tasks to queue
[2025-04-04T18:48:00.223+0000] {logging_mixin.py:190} INFO - [2025-04-04T18:48:00.223+0000] {dagbag.py:588} INFO - Filling up the DagBag from /home/airflow/.local/lib/python3.12/site-packages/airflow/example_dags/example_latest_only_with_trigger.py
[2025-04-04T18:48:00.237+0000] {processor.py:925} INFO - DAG(s) 'latest_only_with_trigger' retrieved from /home/airflow/.local/lib/python3.12/site-packages/airflow/example_dags/example_latest_only_with_trigger.py
[2025-04-04T18:48:00.276+0000] {logging_mixin.py:190} INFO - [2025-04-04T18:48:00.275+0000] {dag.py:3239} INFO - Sync 1 DAGs
[2025-04-04T18:48:00.322+0000] {logging_mixin.py:190} INFO - [2025-04-04T18:48:00.321+0000] {dag.py:4180} INFO - Setting next_dagrun for latest_only_with_trigger to 2025-04-04 12:00:00+00:00, run_after=2025-04-04 16:00:00+00:00
[2025-04-04T18:48:00.396+0000] {processor.py:208} INFO - Processing /home/airflow/.local/lib/python3.12/site-packages/airflow/example_dags/example_latest_only_with_trigger.py took 0.191 seconds
[2025-04-04T18:48:33.666+0000] {processor.py:186} INFO - Started process (PID=2261) to work on /home/airflow/.local/lib/python3.12/site-packages/airflow/example_dags/example_latest_only_with_trigger.py
[2025-04-04T18:48:33.669+0000] {processor.py:914} INFO - Processing file /home/airflow/.local/lib/python3.12/site-packages/airflow/example_dags/example_latest_only_with_trigger.py for tasks to queue
[2025-04-04T18:48:33.674+0000] {logging_mixin.py:190} INFO - [2025-04-04T18:48:33.673+0000] {dagbag.py:588} INFO - Filling up the DagBag from /home/airflow/.local/lib/python3.12/site-packages/airflow/example_dags/example_latest_only_with_trigger.py
[2025-04-04T18:48:33.690+0000] {processor.py:925} INFO - DAG(s) 'latest_only_with_trigger' retrieved from /home/airflow/.local/lib/python3.12/site-packages/airflow/example_dags/example_latest_only_with_trigger.py
[2025-04-04T18:48:33.741+0000] {logging_mixin.py:190} INFO - [2025-04-04T18:48:33.741+0000] {dag.py:3239} INFO - Sync 1 DAGs
[2025-04-04T18:48:33.792+0000] {logging_mixin.py:190} INFO - [2025-04-04T18:48:33.792+0000] {dag.py:4180} INFO - Setting next_dagrun for latest_only_with_trigger to 2025-04-04 12:00:00+00:00, run_after=2025-04-04 16:00:00+00:00
[2025-04-04T18:48:33.823+0000] {processor.py:208} INFO - Processing /home/airflow/.local/lib/python3.12/site-packages/airflow/example_dags/example_latest_only_with_trigger.py took 0.170 seconds
[2025-04-04T18:49:19.604+0000] {processor.py:186} INFO - Started process (PID=147) to work on /home/airflow/.local/lib/python3.12/site-packages/airflow/example_dags/example_latest_only_with_trigger.py
[2025-04-04T18:49:19.606+0000] {processor.py:914} INFO - Processing file /home/airflow/.local/lib/python3.12/site-packages/airflow/example_dags/example_latest_only_with_trigger.py for tasks to queue
[2025-04-04T18:49:19.611+0000] {logging_mixin.py:190} INFO - [2025-04-04T18:49:19.611+0000] {dagbag.py:588} INFO - Filling up the DagBag from /home/airflow/.local/lib/python3.12/site-packages/airflow/example_dags/example_latest_only_with_trigger.py
[2025-04-04T18:49:19.625+0000] {processor.py:925} INFO - DAG(s) 'latest_only_with_trigger' retrieved from /home/airflow/.local/lib/python3.12/site-packages/airflow/example_dags/example_latest_only_with_trigger.py
[2025-04-04T18:49:19.665+0000] {logging_mixin.py:190} INFO - [2025-04-04T18:49:19.665+0000] {dag.py:3239} INFO - Sync 1 DAGs
[2025-04-04T18:49:19.713+0000] {logging_mixin.py:190} INFO - [2025-04-04T18:49:19.713+0000] {dag.py:4180} INFO - Setting next_dagrun for latest_only_with_trigger to 2025-04-04 12:00:00+00:00, run_after=2025-04-04 16:00:00+00:00
[2025-04-04T18:49:19.758+0000] {processor.py:208} INFO - Processing /home/airflow/.local/lib/python3.12/site-packages/airflow/example_dags/example_latest_only_with_trigger.py took 0.164 seconds
[2025-04-04T18:49:53.433+0000] {processor.py:186} INFO - Started process (PID=238) to work on /home/airflow/.local/lib/python3.12/site-packages/airflow/example_dags/example_latest_only_with_trigger.py
[2025-04-04T18:49:53.435+0000] {processor.py:914} INFO - Processing file /home/airflow/.local/lib/python3.12/site-packages/airflow/example_dags/example_latest_only_with_trigger.py for tasks to queue
[2025-04-04T18:49:53.441+0000] {logging_mixin.py:190} INFO - [2025-04-04T18:49:53.440+0000] {dagbag.py:588} INFO - Filling up the DagBag from /home/airflow/.local/lib/python3.12/site-packages/airflow/example_dags/example_latest_only_with_trigger.py
[2025-04-04T18:49:53.456+0000] {processor.py:925} INFO - DAG(s) 'latest_only_with_trigger' retrieved from /home/airflow/.local/lib/python3.12/site-packages/airflow/example_dags/example_latest_only_with_trigger.py
[2025-04-04T18:49:53.497+0000] {logging_mixin.py:190} INFO - [2025-04-04T18:49:53.497+0000] {dag.py:3239} INFO - Sync 1 DAGs
[2025-04-04T18:49:53.549+0000] {logging_mixin.py:190} INFO - [2025-04-04T18:49:53.549+0000] {dag.py:4180} INFO - Setting next_dagrun for latest_only_with_trigger to 2025-04-04 12:00:00+00:00, run_after=2025-04-04 16:00:00+00:00
[2025-04-04T18:49:53.591+0000] {processor.py:208} INFO - Processing /home/airflow/.local/lib/python3.12/site-packages/airflow/example_dags/example_latest_only_with_trigger.py took 0.169 seconds
[2025-04-04T18:50:26.926+0000] {processor.py:186} INFO - Started process (PID=329) to work on /home/airflow/.local/lib/python3.12/site-packages/airflow/example_dags/example_latest_only_with_trigger.py
[2025-04-04T18:50:26.930+0000] {processor.py:914} INFO - Processing file /home/airflow/.local/lib/python3.12/site-packages/airflow/example_dags/example_latest_only_with_trigger.py for tasks to queue
[2025-04-04T18:50:26.935+0000] {logging_mixin.py:190} INFO - [2025-04-04T18:50:26.935+0000] {dagbag.py:588} INFO - Filling up the DagBag from /home/airflow/.local/lib/python3.12/site-packages/airflow/example_dags/example_latest_only_with_trigger.py
[2025-04-04T18:50:26.951+0000] {processor.py:925} INFO - DAG(s) 'latest_only_with_trigger' retrieved from /home/airflow/.local/lib/python3.12/site-packages/airflow/example_dags/example_latest_only_with_trigger.py
[2025-04-04T18:50:26.997+0000] {logging_mixin.py:190} INFO - [2025-04-04T18:50:26.996+0000] {dag.py:3239} INFO - Sync 1 DAGs
[2025-04-04T18:50:27.048+0000] {logging_mixin.py:190} INFO - [2025-04-04T18:50:27.047+0000] {dag.py:4180} INFO - Setting next_dagrun for latest_only_with_trigger to 2025-04-04 12:00:00+00:00, run_after=2025-04-04 16:00:00+00:00
[2025-04-04T18:50:27.088+0000] {processor.py:208} INFO - Processing /home/airflow/.local/lib/python3.12/site-packages/airflow/example_dags/example_latest_only_with_trigger.py took 0.175 seconds
[2025-04-04T18:50:59.629+0000] {processor.py:186} INFO - Started process (PID=420) to work on /home/airflow/.local/lib/python3.12/site-packages/airflow/example_dags/example_latest_only_with_trigger.py
[2025-04-04T18:50:59.631+0000] {processor.py:914} INFO - Processing file /home/airflow/.local/lib/python3.12/site-packages/airflow/example_dags/example_latest_only_with_trigger.py for tasks to queue
[2025-04-04T18:50:59.635+0000] {logging_mixin.py:190} INFO - [2025-04-04T18:50:59.634+0000] {dagbag.py:588} INFO - Filling up the DagBag from /home/airflow/.local/lib/python3.12/site-packages/airflow/example_dags/example_latest_only_with_trigger.py
[2025-04-04T18:50:59.648+0000] {processor.py:925} INFO - DAG(s) 'latest_only_with_trigger' retrieved from /home/airflow/.local/lib/python3.12/site-packages/airflow/example_dags/example_latest_only_with_trigger.py
[2025-04-04T18:50:59.691+0000] {logging_mixin.py:190} INFO - [2025-04-04T18:50:59.691+0000] {dag.py:3239} INFO - Sync 1 DAGs
[2025-04-04T18:50:59.739+0000] {logging_mixin.py:190} INFO - [2025-04-04T18:50:59.738+0000] {dag.py:4180} INFO - Setting next_dagrun for latest_only_with_trigger to 2025-04-04 12:00:00+00:00, run_after=2025-04-04 16:00:00+00:00
[2025-04-04T18:50:59.772+0000] {processor.py:208} INFO - Processing /home/airflow/.local/lib/python3.12/site-packages/airflow/example_dags/example_latest_only_with_trigger.py took 0.155 seconds
[2025-04-04T18:51:33.394+0000] {processor.py:186} INFO - Started process (PID=512) to work on /home/airflow/.local/lib/python3.12/site-packages/airflow/example_dags/example_latest_only_with_trigger.py
[2025-04-04T18:51:33.396+0000] {processor.py:914} INFO - Processing file /home/airflow/.local/lib/python3.12/site-packages/airflow/example_dags/example_latest_only_with_trigger.py for tasks to queue
[2025-04-04T18:51:33.401+0000] {logging_mixin.py:190} INFO - [2025-04-04T18:51:33.401+0000] {dagbag.py:588} INFO - Filling up the DagBag from /home/airflow/.local/lib/python3.12/site-packages/airflow/example_dags/example_latest_only_with_trigger.py
[2025-04-04T18:51:33.415+0000] {processor.py:925} INFO - DAG(s) 'latest_only_with_trigger' retrieved from /home/airflow/.local/lib/python3.12/site-packages/airflow/example_dags/example_latest_only_with_trigger.py
[2025-04-04T18:51:33.451+0000] {logging_mixin.py:190} INFO - [2025-04-04T18:51:33.451+0000] {dag.py:3239} INFO - Sync 1 DAGs
[2025-04-04T18:51:33.496+0000] {logging_mixin.py:190} INFO - [2025-04-04T18:51:33.496+0000] {dag.py:4180} INFO - Setting next_dagrun for latest_only_with_trigger to 2025-04-04 12:00:00+00:00, run_after=2025-04-04 16:00:00+00:00
[2025-04-04T18:51:33.535+0000] {processor.py:208} INFO - Processing /home/airflow/.local/lib/python3.12/site-packages/airflow/example_dags/example_latest_only_with_trigger.py took 0.151 seconds
[2025-04-04T18:52:07.363+0000] {processor.py:186} INFO - Started process (PID=603) to work on /home/airflow/.local/lib/python3.12/site-packages/airflow/example_dags/example_latest_only_with_trigger.py
[2025-04-04T18:52:07.365+0000] {processor.py:914} INFO - Processing file /home/airflow/.local/lib/python3.12/site-packages/airflow/example_dags/example_latest_only_with_trigger.py for tasks to queue
[2025-04-04T18:52:07.371+0000] {logging_mixin.py:190} INFO - [2025-04-04T18:52:07.370+0000] {dagbag.py:588} INFO - Filling up the DagBag from /home/airflow/.local/lib/python3.12/site-packages/airflow/example_dags/example_latest_only_with_trigger.py
[2025-04-04T18:52:07.388+0000] {processor.py:925} INFO - DAG(s) 'latest_only_with_trigger' retrieved from /home/airflow/.local/lib/python3.12/site-packages/airflow/example_dags/example_latest_only_with_trigger.py
[2025-04-04T18:52:07.434+0000] {logging_mixin.py:190} INFO - [2025-04-04T18:52:07.433+0000] {dag.py:3239} INFO - Sync 1 DAGs
[2025-04-04T18:52:07.488+0000] {logging_mixin.py:190} INFO - [2025-04-04T18:52:07.488+0000] {dag.py:4180} INFO - Setting next_dagrun for latest_only_with_trigger to 2025-04-04 12:00:00+00:00, run_after=2025-04-04 16:00:00+00:00
[2025-04-04T18:52:07.548+0000] {processor.py:208} INFO - Processing /home/airflow/.local/lib/python3.12/site-packages/airflow/example_dags/example_latest_only_with_trigger.py took 0.199 seconds
[2025-04-04T18:52:40.194+0000] {processor.py:186} INFO - Started process (PID=699) to work on /home/airflow/.local/lib/python3.12/site-packages/airflow/example_dags/example_latest_only_with_trigger.py
[2025-04-04T18:52:40.197+0000] {processor.py:914} INFO - Processing file /home/airflow/.local/lib/python3.12/site-packages/airflow/example_dags/example_latest_only_with_trigger.py for tasks to queue
[2025-04-04T18:52:40.202+0000] {logging_mixin.py:190} INFO - [2025-04-04T18:52:40.201+0000] {dagbag.py:588} INFO - Filling up the DagBag from /home/airflow/.local/lib/python3.12/site-packages/airflow/example_dags/example_latest_only_with_trigger.py
[2025-04-04T18:52:40.221+0000] {processor.py:925} INFO - DAG(s) 'latest_only_with_trigger' retrieved from /home/airflow/.local/lib/python3.12/site-packages/airflow/example_dags/example_latest_only_with_trigger.py
[2025-04-04T18:52:40.264+0000] {logging_mixin.py:190} INFO - [2025-04-04T18:52:40.263+0000] {dag.py:3239} INFO - Sync 1 DAGs
[2025-04-04T18:52:40.313+0000] {logging_mixin.py:190} INFO - [2025-04-04T18:52:40.312+0000] {dag.py:4180} INFO - Setting next_dagrun for latest_only_with_trigger to 2025-04-04 12:00:00+00:00, run_after=2025-04-04 16:00:00+00:00
[2025-04-04T18:52:40.367+0000] {processor.py:208} INFO - Processing /home/airflow/.local/lib/python3.12/site-packages/airflow/example_dags/example_latest_only_with_trigger.py took 0.188 seconds
[2025-04-04T18:53:14.062+0000] {processor.py:186} INFO - Started process (PID=792) to work on /home/airflow/.local/lib/python3.12/site-packages/airflow/example_dags/example_latest_only_with_trigger.py
[2025-04-04T18:53:14.064+0000] {processor.py:914} INFO - Processing file /home/airflow/.local/lib/python3.12/site-packages/airflow/example_dags/example_latest_only_with_trigger.py for tasks to queue
[2025-04-04T18:53:14.069+0000] {logging_mixin.py:190} INFO - [2025-04-04T18:53:14.068+0000] {dagbag.py:588} INFO - Filling up the DagBag from /home/airflow/.local/lib/python3.12/site-packages/airflow/example_dags/example_latest_only_with_trigger.py
[2025-04-04T18:53:14.082+0000] {processor.py:925} INFO - DAG(s) 'latest_only_with_trigger' retrieved from /home/airflow/.local/lib/python3.12/site-packages/airflow/example_dags/example_latest_only_with_trigger.py
[2025-04-04T18:53:14.121+0000] {logging_mixin.py:190} INFO - [2025-04-04T18:53:14.121+0000] {dag.py:3239} INFO - Sync 1 DAGs
[2025-04-04T18:53:14.179+0000] {logging_mixin.py:190} INFO - [2025-04-04T18:53:14.178+0000] {dag.py:4180} INFO - Setting next_dagrun for latest_only_with_trigger to 2025-04-04 12:00:00+00:00, run_after=2025-04-04 16:00:00+00:00
[2025-04-04T18:53:14.217+0000] {processor.py:208} INFO - Processing /home/airflow/.local/lib/python3.12/site-packages/airflow/example_dags/example_latest_only_with_trigger.py took 0.167 seconds
[2025-04-04T18:53:47.397+0000] {processor.py:186} INFO - Started process (PID=883) to work on /home/airflow/.local/lib/python3.12/site-packages/airflow/example_dags/example_latest_only_with_trigger.py
[2025-04-04T18:53:47.399+0000] {processor.py:914} INFO - Processing file /home/airflow/.local/lib/python3.12/site-packages/airflow/example_dags/example_latest_only_with_trigger.py for tasks to queue
[2025-04-04T18:53:47.404+0000] {logging_mixin.py:190} INFO - [2025-04-04T18:53:47.403+0000] {dagbag.py:588} INFO - Filling up the DagBag from /home/airflow/.local/lib/python3.12/site-packages/airflow/example_dags/example_latest_only_with_trigger.py
[2025-04-04T18:53:47.418+0000] {processor.py:925} INFO - DAG(s) 'latest_only_with_trigger' retrieved from /home/airflow/.local/lib/python3.12/site-packages/airflow/example_dags/example_latest_only_with_trigger.py
[2025-04-04T18:53:47.460+0000] {logging_mixin.py:190} INFO - [2025-04-04T18:53:47.459+0000] {dag.py:3239} INFO - Sync 1 DAGs
[2025-04-04T18:53:47.505+0000] {logging_mixin.py:190} INFO - [2025-04-04T18:53:47.505+0000] {dag.py:4180} INFO - Setting next_dagrun for latest_only_with_trigger to 2025-04-04 12:00:00+00:00, run_after=2025-04-04 16:00:00+00:00
[2025-04-04T18:53:47.541+0000] {processor.py:208} INFO - Processing /home/airflow/.local/lib/python3.12/site-packages/airflow/example_dags/example_latest_only_with_trigger.py took 0.155 seconds
[2025-04-04T18:54:20.550+0000] {processor.py:186} INFO - Started process (PID=973) to work on /home/airflow/.local/lib/python3.12/site-packages/airflow/example_dags/example_latest_only_with_trigger.py
[2025-04-04T18:54:20.554+0000] {processor.py:914} INFO - Processing file /home/airflow/.local/lib/python3.12/site-packages/airflow/example_dags/example_latest_only_with_trigger.py for tasks to queue
[2025-04-04T18:54:20.559+0000] {logging_mixin.py:190} INFO - [2025-04-04T18:54:20.558+0000] {dagbag.py:588} INFO - Filling up the DagBag from /home/airflow/.local/lib/python3.12/site-packages/airflow/example_dags/example_latest_only_with_trigger.py
[2025-04-04T18:54:20.576+0000] {processor.py:925} INFO - DAG(s) 'latest_only_with_trigger' retrieved from /home/airflow/.local/lib/python3.12/site-packages/airflow/example_dags/example_latest_only_with_trigger.py
[2025-04-04T18:54:20.641+0000] {logging_mixin.py:190} INFO - [2025-04-04T18:54:20.640+0000] {dag.py:3239} INFO - Sync 1 DAGs
[2025-04-04T18:54:20.689+0000] {logging_mixin.py:190} INFO - [2025-04-04T18:54:20.688+0000] {dag.py:4180} INFO - Setting next_dagrun for latest_only_with_trigger to 2025-04-04 12:00:00+00:00, run_after=2025-04-04 16:00:00+00:00
[2025-04-04T18:54:20.728+0000] {processor.py:208} INFO - Processing /home/airflow/.local/lib/python3.12/site-packages/airflow/example_dags/example_latest_only_with_trigger.py took 0.191 seconds
[2025-04-04T18:54:53.969+0000] {processor.py:186} INFO - Started process (PID=1069) to work on /home/airflow/.local/lib/python3.12/site-packages/airflow/example_dags/example_latest_only_with_trigger.py
[2025-04-04T18:54:53.971+0000] {processor.py:914} INFO - Processing file /home/airflow/.local/lib/python3.12/site-packages/airflow/example_dags/example_latest_only_with_trigger.py for tasks to queue
[2025-04-04T18:54:53.977+0000] {logging_mixin.py:190} INFO - [2025-04-04T18:54:53.976+0000] {dagbag.py:588} INFO - Filling up the DagBag from /home/airflow/.local/lib/python3.12/site-packages/airflow/example_dags/example_latest_only_with_trigger.py
[2025-04-04T18:54:53.992+0000] {processor.py:925} INFO - DAG(s) 'latest_only_with_trigger' retrieved from /home/airflow/.local/lib/python3.12/site-packages/airflow/example_dags/example_latest_only_with_trigger.py
[2025-04-04T18:54:54.035+0000] {logging_mixin.py:190} INFO - [2025-04-04T18:54:54.034+0000] {dag.py:3239} INFO - Sync 1 DAGs
[2025-04-04T18:54:54.087+0000] {logging_mixin.py:190} INFO - [2025-04-04T18:54:54.087+0000] {dag.py:4180} INFO - Setting next_dagrun for latest_only_with_trigger to 2025-04-04 12:00:00+00:00, run_after=2025-04-04 16:00:00+00:00
[2025-04-04T18:54:54.146+0000] {processor.py:208} INFO - Processing /home/airflow/.local/lib/python3.12/site-packages/airflow/example_dags/example_latest_only_with_trigger.py took 0.188 seconds
[2025-04-04T18:55:27.861+0000] {processor.py:186} INFO - Started process (PID=1160) to work on /home/airflow/.local/lib/python3.12/site-packages/airflow/example_dags/example_latest_only_with_trigger.py
[2025-04-04T18:55:27.864+0000] {processor.py:914} INFO - Processing file /home/airflow/.local/lib/python3.12/site-packages/airflow/example_dags/example_latest_only_with_trigger.py for tasks to queue
[2025-04-04T18:55:27.872+0000] {logging_mixin.py:190} INFO - [2025-04-04T18:55:27.871+0000] {dagbag.py:588} INFO - Filling up the DagBag from /home/airflow/.local/lib/python3.12/site-packages/airflow/example_dags/example_latest_only_with_trigger.py
[2025-04-04T18:55:27.892+0000] {processor.py:925} INFO - DAG(s) 'latest_only_with_trigger' retrieved from /home/airflow/.local/lib/python3.12/site-packages/airflow/example_dags/example_latest_only_with_trigger.py
[2025-04-04T18:55:27.933+0000] {logging_mixin.py:190} INFO - [2025-04-04T18:55:27.932+0000] {dag.py:3239} INFO - Sync 1 DAGs
[2025-04-04T18:55:27.980+0000] {logging_mixin.py:190} INFO - [2025-04-04T18:55:27.980+0000] {dag.py:4180} INFO - Setting next_dagrun for latest_only_with_trigger to 2025-04-04 12:00:00+00:00, run_after=2025-04-04 16:00:00+00:00
[2025-04-04T18:55:28.029+0000] {processor.py:208} INFO - Processing /home/airflow/.local/lib/python3.12/site-packages/airflow/example_dags/example_latest_only_with_trigger.py took 0.179 seconds
[2025-04-04T18:56:02.247+0000] {processor.py:186} INFO - Started process (PID=1251) to work on /home/airflow/.local/lib/python3.12/site-packages/airflow/example_dags/example_latest_only_with_trigger.py
[2025-04-04T18:56:02.250+0000] {processor.py:914} INFO - Processing file /home/airflow/.local/lib/python3.12/site-packages/airflow/example_dags/example_latest_only_with_trigger.py for tasks to queue
[2025-04-04T18:56:02.257+0000] {logging_mixin.py:190} INFO - [2025-04-04T18:56:02.256+0000] {dagbag.py:588} INFO - Filling up the DagBag from /home/airflow/.local/lib/python3.12/site-packages/airflow/example_dags/example_latest_only_with_trigger.py
[2025-04-04T18:56:02.274+0000] {processor.py:925} INFO - DAG(s) 'latest_only_with_trigger' retrieved from /home/airflow/.local/lib/python3.12/site-packages/airflow/example_dags/example_latest_only_with_trigger.py
[2025-04-04T18:56:02.315+0000] {logging_mixin.py:190} INFO - [2025-04-04T18:56:02.315+0000] {dag.py:3239} INFO - Sync 1 DAGs
[2025-04-04T18:56:02.372+0000] {logging_mixin.py:190} INFO - [2025-04-04T18:56:02.371+0000] {dag.py:4180} INFO - Setting next_dagrun for latest_only_with_trigger to 2025-04-04 12:00:00+00:00, run_after=2025-04-04 16:00:00+00:00
[2025-04-04T18:56:02.407+0000] {processor.py:208} INFO - Processing /home/airflow/.local/lib/python3.12/site-packages/airflow/example_dags/example_latest_only_with_trigger.py took 0.172 seconds
[2025-04-04T18:56:34.721+0000] {processor.py:186} INFO - Started process (PID=1341) to work on /home/airflow/.local/lib/python3.12/site-packages/airflow/example_dags/example_latest_only_with_trigger.py
[2025-04-04T18:56:34.724+0000] {processor.py:914} INFO - Processing file /home/airflow/.local/lib/python3.12/site-packages/airflow/example_dags/example_latest_only_with_trigger.py for tasks to queue
[2025-04-04T18:56:34.729+0000] {logging_mixin.py:190} INFO - [2025-04-04T18:56:34.728+0000] {dagbag.py:588} INFO - Filling up the DagBag from /home/airflow/.local/lib/python3.12/site-packages/airflow/example_dags/example_latest_only_with_trigger.py
[2025-04-04T18:56:34.745+0000] {processor.py:925} INFO - DAG(s) 'latest_only_with_trigger' retrieved from /home/airflow/.local/lib/python3.12/site-packages/airflow/example_dags/example_latest_only_with_trigger.py
[2025-04-04T18:56:34.790+0000] {logging_mixin.py:190} INFO - [2025-04-04T18:56:34.789+0000] {dag.py:3239} INFO - Sync 1 DAGs
[2025-04-04T18:56:34.838+0000] {logging_mixin.py:190} INFO - [2025-04-04T18:56:34.838+0000] {dag.py:4180} INFO - Setting next_dagrun for latest_only_with_trigger to 2025-04-04 12:00:00+00:00, run_after=2025-04-04 16:00:00+00:00
[2025-04-04T18:56:34.875+0000] {processor.py:208} INFO - Processing /home/airflow/.local/lib/python3.12/site-packages/airflow/example_dags/example_latest_only_with_trigger.py took 0.164 seconds
[2025-04-04T18:57:08.971+0000] {processor.py:186} INFO - Started process (PID=1435) to work on /home/airflow/.local/lib/python3.12/site-packages/airflow/example_dags/example_latest_only_with_trigger.py
[2025-04-04T18:57:08.973+0000] {processor.py:914} INFO - Processing file /home/airflow/.local/lib/python3.12/site-packages/airflow/example_dags/example_latest_only_with_trigger.py for tasks to queue
[2025-04-04T18:57:08.977+0000] {logging_mixin.py:190} INFO - [2025-04-04T18:57:08.977+0000] {dagbag.py:588} INFO - Filling up the DagBag from /home/airflow/.local/lib/python3.12/site-packages/airflow/example_dags/example_latest_only_with_trigger.py
[2025-04-04T18:57:08.991+0000] {processor.py:925} INFO - DAG(s) 'latest_only_with_trigger' retrieved from /home/airflow/.local/lib/python3.12/site-packages/airflow/example_dags/example_latest_only_with_trigger.py
[2025-04-04T18:57:09.032+0000] {logging_mixin.py:190} INFO - [2025-04-04T18:57:09.032+0000] {dag.py:3239} INFO - Sync 1 DAGs
[2025-04-04T18:57:09.083+0000] {logging_mixin.py:190} INFO - [2025-04-04T18:57:09.082+0000] {dag.py:4180} INFO - Setting next_dagrun for latest_only_with_trigger to 2025-04-04 12:00:00+00:00, run_after=2025-04-04 16:00:00+00:00
[2025-04-04T18:57:09.119+0000] {processor.py:208} INFO - Processing /home/airflow/.local/lib/python3.12/site-packages/airflow/example_dags/example_latest_only_with_trigger.py took 0.158 seconds
[2025-04-04T18:57:43.239+0000] {processor.py:186} INFO - Started process (PID=1533) to work on /home/airflow/.local/lib/python3.12/site-packages/airflow/example_dags/example_latest_only_with_trigger.py
[2025-04-04T18:57:43.241+0000] {processor.py:914} INFO - Processing file /home/airflow/.local/lib/python3.12/site-packages/airflow/example_dags/example_latest_only_with_trigger.py for tasks to queue
[2025-04-04T18:57:43.249+0000] {logging_mixin.py:190} INFO - [2025-04-04T18:57:43.248+0000] {dagbag.py:588} INFO - Filling up the DagBag from /home/airflow/.local/lib/python3.12/site-packages/airflow/example_dags/example_latest_only_with_trigger.py
[2025-04-04T18:57:43.279+0000] {processor.py:925} INFO - DAG(s) 'latest_only_with_trigger' retrieved from /home/airflow/.local/lib/python3.12/site-packages/airflow/example_dags/example_latest_only_with_trigger.py
[2025-04-04T18:57:43.336+0000] {logging_mixin.py:190} INFO - [2025-04-04T18:57:43.336+0000] {dag.py:3239} INFO - Sync 1 DAGs
[2025-04-04T18:57:43.408+0000] {logging_mixin.py:190} INFO - [2025-04-04T18:57:43.408+0000] {dag.py:4180} INFO - Setting next_dagrun for latest_only_with_trigger to 2025-04-04 12:00:00+00:00, run_after=2025-04-04 16:00:00+00:00
[2025-04-04T18:57:43.448+0000] {processor.py:208} INFO - Processing /home/airflow/.local/lib/python3.12/site-packages/airflow/example_dags/example_latest_only_with_trigger.py took 0.224 seconds
[2025-04-04T18:58:18.199+0000] {processor.py:186} INFO - Started process (PID=1642) to work on /home/airflow/.local/lib/python3.12/site-packages/airflow/example_dags/example_latest_only_with_trigger.py
[2025-04-04T18:58:18.201+0000] {processor.py:914} INFO - Processing file /home/airflow/.local/lib/python3.12/site-packages/airflow/example_dags/example_latest_only_with_trigger.py for tasks to queue
[2025-04-04T18:58:18.206+0000] {logging_mixin.py:190} INFO - [2025-04-04T18:58:18.205+0000] {dagbag.py:588} INFO - Filling up the DagBag from /home/airflow/.local/lib/python3.12/site-packages/airflow/example_dags/example_latest_only_with_trigger.py
[2025-04-04T18:58:18.222+0000] {processor.py:925} INFO - DAG(s) 'latest_only_with_trigger' retrieved from /home/airflow/.local/lib/python3.12/site-packages/airflow/example_dags/example_latest_only_with_trigger.py
[2025-04-04T18:58:18.267+0000] {logging_mixin.py:190} INFO - [2025-04-04T18:58:18.266+0000] {dag.py:3239} INFO - Sync 1 DAGs
[2025-04-04T18:58:18.314+0000] {logging_mixin.py:190} INFO - [2025-04-04T18:58:18.313+0000] {dag.py:4180} INFO - Setting next_dagrun for latest_only_with_trigger to 2025-04-04 12:00:00+00:00, run_after=2025-04-04 16:00:00+00:00
[2025-04-04T18:58:18.354+0000] {processor.py:208} INFO - Processing /home/airflow/.local/lib/python3.12/site-packages/airflow/example_dags/example_latest_only_with_trigger.py took 0.166 seconds
[2025-04-04T18:58:50.712+0000] {processor.py:186} INFO - Started process (PID=1732) to work on /home/airflow/.local/lib/python3.12/site-packages/airflow/example_dags/example_latest_only_with_trigger.py
[2025-04-04T18:58:50.715+0000] {processor.py:914} INFO - Processing file /home/airflow/.local/lib/python3.12/site-packages/airflow/example_dags/example_latest_only_with_trigger.py for tasks to queue
[2025-04-04T18:58:50.721+0000] {logging_mixin.py:190} INFO - [2025-04-04T18:58:50.720+0000] {dagbag.py:588} INFO - Filling up the DagBag from /home/airflow/.local/lib/python3.12/site-packages/airflow/example_dags/example_latest_only_with_trigger.py
[2025-04-04T18:58:50.734+0000] {processor.py:925} INFO - DAG(s) 'latest_only_with_trigger' retrieved from /home/airflow/.local/lib/python3.12/site-packages/airflow/example_dags/example_latest_only_with_trigger.py
[2025-04-04T18:58:50.771+0000] {logging_mixin.py:190} INFO - [2025-04-04T18:58:50.771+0000] {dag.py:3239} INFO - Sync 1 DAGs
[2025-04-04T18:58:50.817+0000] {logging_mixin.py:190} INFO - [2025-04-04T18:58:50.817+0000] {dag.py:4180} INFO - Setting next_dagrun for latest_only_with_trigger to 2025-04-04 12:00:00+00:00, run_after=2025-04-04 16:00:00+00:00
[2025-04-04T18:58:50.870+0000] {processor.py:208} INFO - Processing /home/airflow/.local/lib/python3.12/site-packages/airflow/example_dags/example_latest_only_with_trigger.py took 0.169 seconds
