[2025-05-03T13:22:10.285+0000] {local_task_job_runner.py:123} INFO - ::group::Pre task execution logs
[2025-05-03T13:22:10.301+0000] {taskinstance.py:2614} INFO - Dependencies all met for dep_context=non-requeueable deps ti=<TaskInstance: google_maps_reviews.extract_topics manual__2025-05-03T13:20:54.258715+00:00 [queued]>
[2025-05-03T13:22:10.312+0000] {taskinstance.py:2614} INFO - Dependencies all met for dep_context=requeueable deps ti=<TaskInstance: google_maps_reviews.extract_topics manual__2025-05-03T13:20:54.258715+00:00 [queued]>
[2025-05-03T13:22:10.313+0000] {taskinstance.py:2867} INFO - Starting attempt 1 of 2
[2025-05-03T13:22:10.325+0000] {taskinstance.py:2890} INFO - Executing <Task(PythonOperator): extract_topics> on 2025-05-03 13:20:54.258715+00:00
[2025-05-03T13:22:10.337+0000] {warnings.py:112} WARNING - /home/***/.local/lib/python3.12/site-packages/***/task/task_runner/standard_task_runner.py:70: DeprecationWarning: This process (pid=3528) is multi-threaded, use of fork() may lead to deadlocks in the child.
  pid = os.fork()

[2025-05-03T13:22:10.339+0000] {standard_task_runner.py:72} INFO - Started process 3543 to run task
[2025-05-03T13:22:10.340+0000] {standard_task_runner.py:104} INFO - Running: ['***', 'tasks', 'run', 'google_maps_reviews', 'extract_topics', 'manual__2025-05-03T13:20:54.258715+00:00', '--job-id', '288', '--raw', '--subdir', 'DAGS_FOLDER/***dag.py', '--cfg-path', '/tmp/tmpkm7bckjs']
[2025-05-03T13:22:10.342+0000] {standard_task_runner.py:105} INFO - Job 288: Subtask extract_topics
[2025-05-03T13:22:10.389+0000] {task_command.py:467} INFO - Running <TaskInstance: google_maps_reviews.extract_topics manual__2025-05-03T13:20:54.258715+00:00 [running]> on host 8280c28b7f0f
[2025-05-03T13:22:10.468+0000] {taskinstance.py:3134} INFO - Exporting env vars: AIRFLOW_CTX_DAG_OWNER='***' AIRFLOW_CTX_DAG_ID='google_maps_reviews' AIRFLOW_CTX_TASK_ID='extract_topics' AIRFLOW_CTX_EXECUTION_DATE='2025-05-03T13:20:54.258715+00:00' AIRFLOW_CTX_TRY_NUMBER='1' AIRFLOW_CTX_DAG_RUN_ID='manual__2025-05-03T13:20:54.258715+00:00'
[2025-05-03T13:22:10.470+0000] {logging_mixin.py:190} INFO - Task instance is in running state
[2025-05-03T13:22:10.471+0000] {logging_mixin.py:190} INFO -  Previous state of the Task instance: queued
[2025-05-03T13:22:10.471+0000] {logging_mixin.py:190} INFO - Current task name:extract_topics state:running start_date:2025-05-03 13:22:10.302454+00:00
[2025-05-03T13:22:10.474+0000] {logging_mixin.py:190} INFO - Dag name:google_maps_reviews and current dag run status:running
[2025-05-03T13:22:10.475+0000] {taskinstance.py:732} INFO - ::endgroup::
[2025-05-03T13:22:10.482+0000] {base.py:84} INFO - Retrieving connection 'postgres_defaut'
[2025-05-03T13:22:10.524+0000] {dictionary.py:201} INFO - adding document #0 to Dictionary<0 unique tokens: []>
[2025-05-03T13:22:10.530+0000] {dictionary.py:206} INFO - built Dictionary<341 unique tokens: ['a', 'account', 'agencymost', 'always', 'and']...> from 373 documents (total 6736 corpus positions)
[2025-05-03T13:22:10.531+0000] {utils.py:447} INFO - Dictionary lifecycle event {'msg': "built Dictionary<341 unique tokens: ['a', 'account', 'agencymost', 'always', 'and']...> from 373 documents (total 6736 corpus positions)", 'datetime': '2025-05-03T13:22:10.531025', 'gensim': '4.3.3', 'python': '3.12.9 (main, Feb  6 2025, 22:37:05) [GCC 12.2.0]', 'platform': 'Linux-5.15.167.4-microsoft-standard-WSL2-x86_64-with-glibc2.36', 'event': 'created'}
[2025-05-03T13:22:10.535+0000] {ldamodel.py:577} INFO - using symmetric alpha at 0.3333333333333333
[2025-05-03T13:22:10.535+0000] {ldamodel.py:577} INFO - using symmetric eta at 0.3333333333333333
[2025-05-03T13:22:10.536+0000] {ldamodel.py:482} INFO - using serial LDA version on this node
[2025-05-03T13:22:10.537+0000] {ldamodel.py:948} INFO - running online (multi-pass) LDA training, 3 topics, 10 passes over the supplied corpus of 373 documents, updating model once every 373 documents, evaluating perplexity every 373 documents, iterating 50x with a convergence threshold of 0.001000
[2025-05-03T13:22:10.651+0000] {ldamodel.py:848} INFO - -6.440 per-word bound, 86.8 perplexity estimate based on a held-out corpus of 373 documents with 6736 words
[2025-05-03T13:22:10.652+0000] {ldamodel.py:1002} INFO - PROGRESS: pass 0, at document #373/373
[2025-05-03T13:22:10.758+0000] {ldamodel.py:1197} INFO - topic #0 (0.333): 0.060*"nan" + 0.037*"the" + 0.037*"to" + 0.027*"and" + 0.027*"agency" + 0.020*"is" + 0.014*"it" + 0.014*"service" + 0.014*"a" + 0.013*"good"
[2025-05-03T13:22:10.759+0000] {ldamodel.py:1197} INFO - topic #1 (0.333): 0.049*"a" + 0.047*"to" + 0.033*"the" + 0.019*"you" + 0.018*"its" + 0.018*"they" + 0.017*"and" + 0.015*"with" + 0.014*"is" + 0.012*"i"
[2025-05-03T13:22:10.760+0000] {ldamodel.py:1197} INFO - topic #2 (0.333): 0.058*"the" + 0.043*"to" + 0.036*"i" + 0.024*"and" + 0.021*"of" + 0.018*"a" + 0.017*"with" + 0.015*"is" + 0.014*"agency" + 0.013*"in"
[2025-05-03T13:22:10.761+0000] {ldamodel.py:1075} INFO - topic diff=1.529485, rho=1.000000
[2025-05-03T13:22:10.823+0000] {ldamodel.py:848} INFO - -5.255 per-word bound, 38.2 perplexity estimate based on a held-out corpus of 373 documents with 6736 words
[2025-05-03T13:22:10.827+0000] {ldamodel.py:1002} INFO - PROGRESS: pass 1, at document #373/373
[2025-05-03T13:22:10.873+0000] {ldamodel.py:1197} INFO - topic #0 (0.333): 0.071*"nan" + 0.039*"the" + 0.032*"and" + 0.032*"to" + 0.029*"agency" + 0.025*"is" + 0.022*"professional" + 0.020*"service" + 0.019*"good" + 0.018*"treatment"
[2025-05-03T13:22:10.876+0000] {ldamodel.py:1197} INFO - topic #1 (0.333): 0.051*"a" + 0.050*"to" + 0.035*"the" + 0.021*"they" + 0.021*"you" + 0.018*"its" + 0.015*"with" + 0.014*"and" + 0.013*"is" + 0.012*"horrible"
[2025-05-03T13:22:10.877+0000] {ldamodel.py:1197} INFO - topic #2 (0.333): 0.057*"the" + 0.041*"to" + 0.038*"i" + 0.025*"and" + 0.019*"of" + 0.018*"with" + 0.015*"agency" + 0.015*"a" + 0.015*"for" + 0.014*"is"
[2025-05-03T13:22:10.878+0000] {ldamodel.py:1075} INFO - topic diff=0.448590, rho=0.577350
[2025-05-03T13:22:10.920+0000] {ldamodel.py:848} INFO - -5.131 per-word bound, 35.0 perplexity estimate based on a held-out corpus of 373 documents with 6736 words
[2025-05-03T13:22:10.921+0000] {ldamodel.py:1002} INFO - PROGRESS: pass 2, at document #373/373
[2025-05-03T13:22:10.948+0000] {ldamodel.py:1197} INFO - topic #0 (0.333): 0.075*"nan" + 0.039*"the" + 0.033*"and" + 0.030*"agency" + 0.029*"is" + 0.029*"to" + 0.026*"professional" + 0.025*"service" + 0.024*"good" + 0.022*"treatment"
[2025-05-03T13:22:10.950+0000] {ldamodel.py:1197} INFO - topic #1 (0.333): 0.054*"a" + 0.051*"to" + 0.036*"the" + 0.023*"they" + 0.022*"you" + 0.017*"its" + 0.015*"with" + 0.013*"horrible" + 0.012*"is" + 0.012*"i"
[2025-05-03T13:22:10.951+0000] {ldamodel.py:1197} INFO - topic #2 (0.333): 0.056*"the" + 0.042*"to" + 0.038*"i" + 0.026*"and" + 0.018*"with" + 0.018*"of" + 0.016*"agency" + 0.016*"for" + 0.015*"my" + 0.014*"is"
[2025-05-03T13:22:10.951+0000] {ldamodel.py:1075} INFO - topic diff=0.303008, rho=0.500000
[2025-05-03T13:22:10.998+0000] {ldamodel.py:848} INFO - -5.082 per-word bound, 33.9 perplexity estimate based on a held-out corpus of 373 documents with 6736 words
[2025-05-03T13:22:10.999+0000] {ldamodel.py:1002} INFO - PROGRESS: pass 3, at document #373/373
[2025-05-03T13:22:11.030+0000] {ldamodel.py:1197} INFO - topic #0 (0.333): 0.077*"nan" + 0.039*"the" + 0.034*"and" + 0.032*"is" + 0.030*"agency" + 0.028*"to" + 0.028*"professional" + 0.027*"service" + 0.027*"good" + 0.023*"treatment"
[2025-05-03T13:22:11.031+0000] {ldamodel.py:1197} INFO - topic #1 (0.333): 0.055*"a" + 0.051*"to" + 0.036*"the" + 0.024*"they" + 0.022*"you" + 0.016*"its" + 0.015*"with" + 0.014*"horrible" + 0.012*"have" + 0.012*"i"
[2025-05-03T13:22:11.031+0000] {ldamodel.py:1197} INFO - topic #2 (0.333): 0.056*"the" + 0.042*"to" + 0.038*"i" + 0.026*"and" + 0.018*"with" + 0.018*"of" + 0.016*"agency" + 0.016*"for" + 0.015*"my" + 0.013*"is"
[2025-05-03T13:22:11.032+0000] {ldamodel.py:1075} INFO - topic diff=0.216190, rho=0.447214
[2025-05-03T13:22:11.077+0000] {ldamodel.py:848} INFO - -5.061 per-word bound, 33.4 perplexity estimate based on a held-out corpus of 373 documents with 6736 words
[2025-05-03T13:22:11.078+0000] {ldamodel.py:1002} INFO - PROGRESS: pass 4, at document #373/373
[2025-05-03T13:22:11.103+0000] {ldamodel.py:1197} INFO - topic #0 (0.333): 0.077*"nan" + 0.039*"the" + 0.034*"and" + 0.033*"is" + 0.030*"agency" + 0.029*"service" + 0.028*"good" + 0.028*"professional" + 0.027*"to" + 0.024*"treatment"
[2025-05-03T13:22:11.104+0000] {ldamodel.py:1197} INFO - topic #1 (0.333): 0.056*"a" + 0.051*"to" + 0.036*"the" + 0.025*"they" + 0.023*"you" + 0.016*"its" + 0.015*"with" + 0.014*"horrible" + 0.012*"have" + 0.012*"i"
[2025-05-03T13:22:11.105+0000] {ldamodel.py:1197} INFO - topic #2 (0.333): 0.055*"the" + 0.042*"to" + 0.038*"i" + 0.027*"and" + 0.018*"with" + 0.017*"of" + 0.017*"agency" + 0.017*"for" + 0.015*"my" + 0.013*"is"
[2025-05-03T13:22:11.105+0000] {ldamodel.py:1075} INFO - topic diff=0.157182, rho=0.408248
[2025-05-03T13:22:11.151+0000] {ldamodel.py:848} INFO - -5.051 per-word bound, 33.2 perplexity estimate based on a held-out corpus of 373 documents with 6736 words
[2025-05-03T13:22:11.152+0000] {ldamodel.py:1002} INFO - PROGRESS: pass 5, at document #373/373
[2025-05-03T13:22:11.187+0000] {ldamodel.py:1197} INFO - topic #0 (0.333): 0.078*"nan" + 0.039*"the" + 0.034*"and" + 0.034*"is" + 0.030*"agency" + 0.029*"service" + 0.029*"good" + 0.029*"professional" + 0.026*"to" + 0.025*"treatment"
[2025-05-03T13:22:11.188+0000] {ldamodel.py:1197} INFO - topic #1 (0.333): 0.057*"a" + 0.051*"to" + 0.037*"the" + 0.025*"they" + 0.023*"you" + 0.015*"its" + 0.015*"with" + 0.014*"horrible" + 0.012*"have" + 0.012*"i"
[2025-05-03T13:22:11.189+0000] {ldamodel.py:1197} INFO - topic #2 (0.333): 0.055*"the" + 0.042*"to" + 0.038*"i" + 0.027*"and" + 0.018*"with" + 0.017*"of" + 0.017*"agency" + 0.017*"for" + 0.015*"my" + 0.013*"is"
[2025-05-03T13:22:11.190+0000] {ldamodel.py:1075} INFO - topic diff=0.115484, rho=0.377964
[2025-05-03T13:22:11.233+0000] {ldamodel.py:848} INFO - -5.047 per-word bound, 33.1 perplexity estimate based on a held-out corpus of 373 documents with 6736 words
[2025-05-03T13:22:11.234+0000] {ldamodel.py:1002} INFO - PROGRESS: pass 6, at document #373/373
[2025-05-03T13:22:11.258+0000] {ldamodel.py:1197} INFO - topic #0 (0.333): 0.078*"nan" + 0.039*"the" + 0.034*"is" + 0.034*"and" + 0.030*"agency" + 0.030*"service" + 0.030*"good" + 0.029*"professional" + 0.026*"to" + 0.026*"treatment"
[2025-05-03T13:22:11.260+0000] {ldamodel.py:1197} INFO - topic #1 (0.333): 0.057*"a" + 0.051*"to" + 0.037*"the" + 0.025*"they" + 0.023*"you" + 0.015*"its" + 0.015*"with" + 0.014*"horrible" + 0.013*"have" + 0.012*"i"
[2025-05-03T13:22:11.261+0000] {ldamodel.py:1197} INFO - topic #2 (0.333): 0.055*"the" + 0.042*"to" + 0.038*"i" + 0.027*"and" + 0.018*"with" + 0.017*"of" + 0.017*"agency" + 0.017*"for" + 0.015*"my" + 0.013*"is"
[2025-05-03T13:22:11.261+0000] {ldamodel.py:1075} INFO - topic diff=0.084918, rho=0.353553
[2025-05-03T13:22:11.305+0000] {ldamodel.py:848} INFO - -5.044 per-word bound, 33.0 perplexity estimate based on a held-out corpus of 373 documents with 6736 words
[2025-05-03T13:22:11.308+0000] {ldamodel.py:1002} INFO - PROGRESS: pass 7, at document #373/373
[2025-05-03T13:22:11.334+0000] {ldamodel.py:1197} INFO - topic #0 (0.333): 0.078*"nan" + 0.039*"the" + 0.035*"is" + 0.034*"and" + 0.030*"agency" + 0.030*"good" + 0.030*"service" + 0.029*"professional" + 0.026*"treatment" + 0.026*"to"
[2025-05-03T13:22:11.336+0000] {ldamodel.py:1197} INFO - topic #1 (0.333): 0.057*"a" + 0.051*"to" + 0.037*"the" + 0.025*"they" + 0.023*"you" + 0.015*"its" + 0.015*"with" + 0.014*"horrible" + 0.013*"have" + 0.012*"i"
[2025-05-03T13:22:11.337+0000] {ldamodel.py:1197} INFO - topic #2 (0.333): 0.055*"the" + 0.042*"to" + 0.038*"i" + 0.027*"and" + 0.018*"with" + 0.017*"of" + 0.017*"for" + 0.017*"agency" + 0.016*"my" + 0.013*"is"
[2025-05-03T13:22:11.337+0000] {ldamodel.py:1075} INFO - topic diff=0.062191, rho=0.333333
[2025-05-03T13:22:11.393+0000] {ldamodel.py:848} INFO - -5.043 per-word bound, 33.0 perplexity estimate based on a held-out corpus of 373 documents with 6736 words
[2025-05-03T13:22:11.394+0000] {ldamodel.py:1002} INFO - PROGRESS: pass 8, at document #373/373
[2025-05-03T13:22:11.426+0000] {ldamodel.py:1197} INFO - topic #0 (0.333): 0.078*"nan" + 0.039*"the" + 0.035*"is" + 0.034*"and" + 0.030*"agency" + 0.030*"good" + 0.030*"service" + 0.029*"professional" + 0.027*"treatment" + 0.026*"to"
[2025-05-03T13:22:11.433+0000] {ldamodel.py:1197} INFO - topic #1 (0.333): 0.057*"a" + 0.051*"to" + 0.037*"the" + 0.025*"they" + 0.023*"you" + 0.015*"its" + 0.015*"with" + 0.014*"horrible" + 0.013*"have" + 0.012*"i"
[2025-05-03T13:22:11.436+0000] {ldamodel.py:1197} INFO - topic #2 (0.333): 0.055*"the" + 0.042*"to" + 0.038*"i" + 0.027*"and" + 0.018*"with" + 0.017*"of" + 0.017*"for" + 0.017*"agency" + 0.016*"my" + 0.013*"is"
[2025-05-03T13:22:11.437+0000] {ldamodel.py:1075} INFO - topic diff=0.045367, rho=0.316228
[2025-05-03T13:22:11.490+0000] {ldamodel.py:848} INFO - -5.043 per-word bound, 33.0 perplexity estimate based on a held-out corpus of 373 documents with 6736 words
[2025-05-03T13:22:11.492+0000] {ldamodel.py:1002} INFO - PROGRESS: pass 9, at document #373/373
[2025-05-03T13:22:11.527+0000] {ldamodel.py:1197} INFO - topic #0 (0.333): 0.078*"nan" + 0.039*"the" + 0.035*"is" + 0.034*"and" + 0.030*"agency" + 0.030*"good" + 0.030*"service" + 0.029*"professional" + 0.027*"treatment" + 0.026*"to"
[2025-05-03T13:22:11.528+0000] {ldamodel.py:1197} INFO - topic #1 (0.333): 0.057*"a" + 0.051*"to" + 0.037*"the" + 0.025*"they" + 0.023*"you" + 0.015*"its" + 0.015*"with" + 0.014*"horrible" + 0.013*"have" + 0.012*"atm"
[2025-05-03T13:22:11.529+0000] {ldamodel.py:1197} INFO - topic #2 (0.333): 0.055*"the" + 0.042*"to" + 0.038*"i" + 0.027*"and" + 0.018*"with" + 0.017*"of" + 0.017*"for" + 0.017*"agency" + 0.016*"my" + 0.013*"in"
[2025-05-03T13:22:11.529+0000] {ldamodel.py:1075} INFO - topic diff=0.033021, rho=0.301511
[2025-05-03T13:22:11.530+0000] {utils.py:447} INFO - LdaModel lifecycle event {'msg': 'trained LdaModel<num_terms=341, num_topics=3, decay=0.5, chunksize=2000> in 0.99s', 'datetime': '2025-05-03T13:22:11.530102', 'gensim': '4.3.3', 'python': '3.12.9 (main, Feb  6 2025, 22:37:05) [GCC 12.2.0]', 'platform': 'Linux-5.15.167.4-microsoft-standard-WSL2-x86_64-with-glibc2.36', 'event': 'created'}
[2025-05-03T13:22:11.530+0000] {ldamodel.py:1197} INFO - topic #0 (0.333): 0.078*"nan" + 0.039*"the" + 0.035*"is" + 0.034*"and" + 0.030*"agency" + 0.030*"good" + 0.030*"service" + 0.029*"professional" + 0.027*"treatment" + 0.026*"to"
[2025-05-03T13:22:11.531+0000] {ldamodel.py:1197} INFO - topic #1 (0.333): 0.057*"a" + 0.051*"to" + 0.037*"the" + 0.025*"they" + 0.023*"you" + 0.015*"its" + 0.015*"with" + 0.014*"horrible" + 0.013*"have" + 0.012*"atm"
[2025-05-03T13:22:11.531+0000] {ldamodel.py:1197} INFO - topic #2 (0.333): 0.055*"the" + 0.042*"to" + 0.038*"i" + 0.027*"and" + 0.018*"with" + 0.017*"of" + 0.017*"for" + 0.017*"agency" + 0.016*"my" + 0.013*"in"
[2025-05-03T13:22:11.532+0000] {logging_mixin.py:190} INFO - Extracted topics: [(0, '0.078*"nan" + 0.039*"the" + 0.035*"is" + 0.034*"and" + 0.030*"agency" + 0.030*"good" + 0.030*"service" + 0.029*"professional" + 0.027*"treatment" + 0.026*"to"'), (1, '0.057*"a" + 0.051*"to" + 0.037*"the" + 0.025*"they" + 0.023*"you" + 0.015*"its" + 0.015*"with" + 0.014*"horrible" + 0.013*"have" + 0.012*"atm"'), (2, '0.055*"the" + 0.042*"to" + 0.038*"i" + 0.027*"and" + 0.018*"with" + 0.017*"of" + 0.017*"for" + 0.017*"agency" + 0.016*"my" + 0.013*"in"')]
[2025-05-03T13:22:11.534+0000] {python.py:240} INFO - Done. Returned value was: None
[2025-05-03T13:22:11.544+0000] {taskinstance.py:341} INFO - ::group::Post task execution logs
[2025-05-03T13:22:11.547+0000] {taskinstance.py:353} INFO - Marking task as SUCCESS. dag_id=google_maps_reviews, task_id=extract_topics, run_id=manual__2025-05-03T13:20:54.258715+00:00, execution_date=20250503T132054, start_date=20250503T132210, end_date=20250503T132211
[2025-05-03T13:22:11.602+0000] {logging_mixin.py:190} INFO - Task instance in success state
[2025-05-03T13:22:11.604+0000] {logging_mixin.py:190} INFO -  Previous state of the Task instance: running
[2025-05-03T13:22:11.605+0000] {logging_mixin.py:190} INFO - Dag name:google_maps_reviews queued_at:2025-05-03 13:20:54.308778+00:00
[2025-05-03T13:22:11.606+0000] {logging_mixin.py:190} INFO - Task hostname:8280c28b7f0f operator:PythonOperator
[2025-05-03T13:22:11.641+0000] {local_task_job_runner.py:266} INFO - Task exited with return code 0
[2025-05-03T13:22:11.690+0000] {taskinstance.py:3901} INFO - 1 downstream tasks scheduled from follow-on schedule check
[2025-05-03T13:22:11.694+0000] {local_task_job_runner.py:245} INFO - ::endgroup::
