[2025-05-02T19:05:37.531+0000] {local_task_job_runner.py:123} INFO - ::group::Pre task execution logs
[2025-05-02T19:05:37.571+0000] {taskinstance.py:2614} INFO - Dependencies all met for dep_context=non-requeueable deps ti=<TaskInstance: google_maps_reviews.Load_reviews1 manual__2025-05-02T19:05:16.545847+00:00 [queued]>
[2025-05-02T19:05:37.589+0000] {taskinstance.py:2614} INFO - Dependencies all met for dep_context=requeueable deps ti=<TaskInstance: google_maps_reviews.Load_reviews1 manual__2025-05-02T19:05:16.545847+00:00 [queued]>
[2025-05-02T19:05:37.591+0000] {taskinstance.py:2867} INFO - Starting attempt 1 of 2
[2025-05-02T19:05:37.615+0000] {taskinstance.py:2890} INFO - Executing <Task(PythonOperator): Load_reviews1> on 2025-05-02 19:05:16.545847+00:00
[2025-05-02T19:05:37.633+0000] {warnings.py:112} WARNING - /home/***/.local/lib/python3.12/site-packages/***/task/task_runner/standard_task_runner.py:70: DeprecationWarning: This process (pid=499) is multi-threaded, use of fork() may lead to deadlocks in the child.
  pid = os.fork()

[2025-05-02T19:05:37.638+0000] {standard_task_runner.py:72} INFO - Started process 514 to run task
[2025-05-02T19:05:37.638+0000] {standard_task_runner.py:104} INFO - Running: ['***', 'tasks', 'run', 'google_maps_reviews', 'Load_reviews1', 'manual__2025-05-02T19:05:16.545847+00:00', '--job-id', '132', '--raw', '--subdir', 'DAGS_FOLDER/***dag.py', '--cfg-path', '/tmp/tmp8ntgg_jd']
[2025-05-02T19:05:37.640+0000] {standard_task_runner.py:105} INFO - Job 132: Subtask Load_reviews1
[2025-05-02T19:05:37.735+0000] {task_command.py:467} INFO - Running <TaskInstance: google_maps_reviews.Load_reviews1 manual__2025-05-02T19:05:16.545847+00:00 [running]> on host 6ca499d7a39a
[2025-05-02T19:05:37.896+0000] {taskinstance.py:3134} INFO - Exporting env vars: AIRFLOW_CTX_DAG_OWNER='***' AIRFLOW_CTX_DAG_ID='google_maps_reviews' AIRFLOW_CTX_TASK_ID='Load_reviews1' AIRFLOW_CTX_EXECUTION_DATE='2025-05-02T19:05:16.545847+00:00' AIRFLOW_CTX_TRY_NUMBER='1' AIRFLOW_CTX_DAG_RUN_ID='manual__2025-05-02T19:05:16.545847+00:00'
[2025-05-02T19:05:37.899+0000] {logging_mixin.py:190} INFO - Task instance is in running state
[2025-05-02T19:05:37.900+0000] {logging_mixin.py:190} INFO -  Previous state of the Task instance: queued
[2025-05-02T19:05:37.901+0000] {logging_mixin.py:190} INFO - Current task name:Load_reviews1 state:running start_date:2025-05-02 19:05:37.572891+00:00
[2025-05-02T19:05:37.902+0000] {logging_mixin.py:190} INFO - Dag name:google_maps_reviews and current dag run status:running
[2025-05-02T19:05:37.903+0000] {taskinstance.py:732} INFO - ::endgroup::
[2025-05-02T19:05:37.931+0000] {logging_mixin.py:190} INFO - Current directory: /opt/***/dags
[2025-05-02T19:05:37.932+0000] {logging_mixin.py:190} INFO - Data path: /opt/***/dags/input/reviews.csv
[2025-05-02T19:05:37.966+0000] {base.py:84} INFO - Retrieving connection 'postgres_defaut'
[2025-05-02T19:05:38.014+0000] {logging_mixin.py:190} INFO - Data stored in PostgreSQL.
[2025-05-02T19:05:38.016+0000] {python.py:240} INFO - Done. Returned value was: None
[2025-05-02T19:05:38.031+0000] {taskinstance.py:341} INFO - ::group::Post task execution logs
[2025-05-02T19:05:38.032+0000] {taskinstance.py:353} INFO - Marking task as SUCCESS. dag_id=google_maps_reviews, task_id=Load_reviews1, run_id=manual__2025-05-02T19:05:16.545847+00:00, execution_date=20250502T190516, start_date=20250502T190537, end_date=20250502T190538
[2025-05-02T19:05:38.070+0000] {logging_mixin.py:190} INFO - Task instance in success state
[2025-05-02T19:05:38.071+0000] {logging_mixin.py:190} INFO -  Previous state of the Task instance: running
[2025-05-02T19:05:38.071+0000] {logging_mixin.py:190} INFO - Dag name:google_maps_reviews queued_at:2025-05-02 19:05:16.579013+00:00
[2025-05-02T19:05:38.072+0000] {logging_mixin.py:190} INFO - Task hostname:6ca499d7a39a operator:PythonOperator
[2025-05-02T19:05:38.097+0000] {local_task_job_runner.py:266} INFO - Task exited with return code 0
[2025-05-02T19:05:38.162+0000] {taskinstance.py:3901} INFO - 1 downstream tasks scheduled from follow-on schedule check
[2025-05-02T19:05:38.169+0000] {local_task_job_runner.py:245} INFO - ::endgroup::
