[2025-05-03T06:11:50.743+0000] {local_task_job_runner.py:123} INFO - ::group::Pre task execution logs
[2025-05-03T06:11:50.786+0000] {taskinstance.py:2614} INFO - Dependencies all met for dep_context=non-requeueable deps ti=<TaskInstance: google_maps_reviews.detect_language manual__2025-05-03T06:10:06.689091+00:00 [queued]>
[2025-05-03T06:11:50.805+0000] {taskinstance.py:2614} INFO - Dependencies all met for dep_context=requeueable deps ti=<TaskInstance: google_maps_reviews.detect_language manual__2025-05-03T06:10:06.689091+00:00 [queued]>
[2025-05-03T06:11:50.807+0000] {taskinstance.py:2867} INFO - Starting attempt 1 of 2
[2025-05-03T06:11:50.831+0000] {taskinstance.py:2890} INFO - Executing <Task(PythonOperator): detect_language> on 2025-05-03 06:10:06.689091+00:00
[2025-05-03T06:11:50.848+0000] {warnings.py:112} WARNING - /home/***/.local/lib/python3.12/site-packages/***/task/task_runner/standard_task_runner.py:70: DeprecationWarning: This process (pid=623) is multi-threaded, use of fork() may lead to deadlocks in the child.
  pid = os.fork()

[2025-05-03T06:11:50.851+0000] {standard_task_runner.py:104} INFO - Running: ['***', 'tasks', 'run', 'google_maps_reviews', 'detect_language', 'manual__2025-05-03T06:10:06.689091+00:00', '--job-id', '186', '--raw', '--subdir', 'DAGS_FOLDER/***dag.py', '--cfg-path', '/tmp/tmp6nlsna5i']
[2025-05-03T06:11:50.852+0000] {standard_task_runner.py:72} INFO - Started process 645 to run task
[2025-05-03T06:11:50.853+0000] {standard_task_runner.py:105} INFO - Job 186: Subtask detect_language
[2025-05-03T06:11:50.936+0000] {task_command.py:467} INFO - Running <TaskInstance: google_maps_reviews.detect_language manual__2025-05-03T06:10:06.689091+00:00 [running]> on host 6ca499d7a39a
[2025-05-03T06:11:51.082+0000] {taskinstance.py:3134} INFO - Exporting env vars: AIRFLOW_CTX_DAG_OWNER='***' AIRFLOW_CTX_DAG_ID='google_maps_reviews' AIRFLOW_CTX_TASK_ID='detect_language' AIRFLOW_CTX_EXECUTION_DATE='2025-05-03T06:10:06.689091+00:00' AIRFLOW_CTX_TRY_NUMBER='1' AIRFLOW_CTX_DAG_RUN_ID='manual__2025-05-03T06:10:06.689091+00:00'
[2025-05-03T06:11:51.084+0000] {logging_mixin.py:190} INFO - Task instance is in running state
[2025-05-03T06:11:51.085+0000] {logging_mixin.py:190} INFO -  Previous state of the Task instance: queued
[2025-05-03T06:11:51.086+0000] {logging_mixin.py:190} INFO - Current task name:detect_language state:running start_date:2025-05-03 06:11:50.787650+00:00
[2025-05-03T06:11:51.086+0000] {logging_mixin.py:190} INFO - Dag name:google_maps_reviews and current dag run status:running
[2025-05-03T06:11:51.087+0000] {taskinstance.py:732} INFO - ::endgroup::
[2025-05-03T06:11:51.100+0000] {base.py:84} INFO - Retrieving connection 'postgres_defaut'
[2025-05-03T06:11:51.108+0000] {logging_mixin.py:190} INFO - Language detection completed.
[2025-05-03T06:11:51.109+0000] {python.py:240} INFO - Done. Returned value was: None
[2025-05-03T06:11:51.123+0000] {taskinstance.py:341} INFO - ::group::Post task execution logs
[2025-05-03T06:11:51.124+0000] {taskinstance.py:353} INFO - Marking task as SUCCESS. dag_id=google_maps_reviews, task_id=detect_language, run_id=manual__2025-05-03T06:10:06.689091+00:00, execution_date=20250503T061006, start_date=20250503T061150, end_date=20250503T061151
[2025-05-03T06:11:51.165+0000] {logging_mixin.py:190} INFO - Task instance in success state
[2025-05-03T06:11:51.166+0000] {logging_mixin.py:190} INFO -  Previous state of the Task instance: running
[2025-05-03T06:11:51.167+0000] {logging_mixin.py:190} INFO - Dag name:google_maps_reviews queued_at:2025-05-03 06:10:06.756336+00:00
[2025-05-03T06:11:51.168+0000] {logging_mixin.py:190} INFO - Task hostname:6ca499d7a39a operator:PythonOperator
[2025-05-03T06:11:51.193+0000] {local_task_job_runner.py:266} INFO - Task exited with return code 0
[2025-05-03T06:11:51.249+0000] {taskinstance.py:3901} INFO - 1 downstream tasks scheduled from follow-on schedule check
[2025-05-03T06:11:51.253+0000] {local_task_job_runner.py:245} INFO - ::endgroup::
