[2025-05-03T06:59:56.884+0000] {local_task_job_runner.py:123} INFO - ::group::Pre task execution logs
[2025-05-03T06:59:56.928+0000] {taskinstance.py:2614} INFO - Dependencies all met for dep_context=non-requeueable deps ti=<TaskInstance: google_maps_reviews.extract_topics manual__2025-05-03T06:58:57.523607+00:00 [queued]>
[2025-05-03T06:59:56.950+0000] {taskinstance.py:2614} INFO - Dependencies all met for dep_context=requeueable deps ti=<TaskInstance: google_maps_reviews.extract_topics manual__2025-05-03T06:58:57.523607+00:00 [queued]>
[2025-05-03T06:59:56.952+0000] {taskinstance.py:2867} INFO - Starting attempt 1 of 2
[2025-05-03T06:59:56.979+0000] {taskinstance.py:2890} INFO - Executing <Task(PythonOperator): extract_topics> on 2025-05-03 06:58:57.523607+00:00
[2025-05-03T06:59:57.000+0000] {warnings.py:112} WARNING - /home/***/.local/lib/python3.12/site-packages/***/task/task_runner/standard_task_runner.py:70: DeprecationWarning: This process (pid=1229) is multi-threaded, use of fork() may lead to deadlocks in the child.
  pid = os.fork()

[2025-05-03T06:59:57.006+0000] {standard_task_runner.py:104} INFO - Running: ['***', 'tasks', 'run', 'google_maps_reviews', 'extract_topics', 'manual__2025-05-03T06:58:57.523607+00:00', '--job-id', '227', '--raw', '--subdir', 'DAGS_FOLDER/***dag.py', '--cfg-path', '/tmp/tmpwux099jf']
[2025-05-03T06:59:57.008+0000] {standard_task_runner.py:72} INFO - Started process 1261 to run task
[2025-05-03T06:59:57.009+0000] {standard_task_runner.py:105} INFO - Job 227: Subtask extract_topics
[2025-05-03T06:59:57.109+0000] {task_command.py:467} INFO - Running <TaskInstance: google_maps_reviews.extract_topics manual__2025-05-03T06:58:57.523607+00:00 [running]> on host 8280c28b7f0f
[2025-05-03T06:59:57.281+0000] {taskinstance.py:3134} INFO - Exporting env vars: AIRFLOW_CTX_DAG_OWNER='***' AIRFLOW_CTX_DAG_ID='google_maps_reviews' AIRFLOW_CTX_TASK_ID='extract_topics' AIRFLOW_CTX_EXECUTION_DATE='2025-05-03T06:58:57.523607+00:00' AIRFLOW_CTX_TRY_NUMBER='1' AIRFLOW_CTX_DAG_RUN_ID='manual__2025-05-03T06:58:57.523607+00:00'
[2025-05-03T06:59:57.285+0000] {logging_mixin.py:190} INFO - Task instance is in running state
[2025-05-03T06:59:57.287+0000] {logging_mixin.py:190} INFO -  Previous state of the Task instance: queued
[2025-05-03T06:59:57.288+0000] {logging_mixin.py:190} INFO - Current task name:extract_topics state:running start_date:2025-05-03 06:59:56.929964+00:00
[2025-05-03T06:59:57.289+0000] {logging_mixin.py:190} INFO - Dag name:google_maps_reviews and current dag run status:running
[2025-05-03T06:59:57.290+0000] {taskinstance.py:732} INFO - ::endgroup::
[2025-05-03T06:59:57.309+0000] {base.py:84} INFO - Retrieving connection 'postgres_defaut'
[2025-05-03T06:59:57.409+0000] {dictionary.py:201} INFO - adding document #0 to Dictionary<0 unique tokens: []>
[2025-05-03T06:59:57.428+0000] {dictionary.py:206} INFO - built Dictionary<339 unique tokens: ['bond', 'is', 'mr', 'our', 'word']...> from 397 documents (total 7312 corpus positions)
[2025-05-03T06:59:57.430+0000] {utils.py:447} INFO - Dictionary lifecycle event {'msg': "built Dictionary<339 unique tokens: ['bond', 'is', 'mr', 'our', 'word']...> from 397 documents (total 7312 corpus positions)", 'datetime': '2025-05-03T06:59:57.430236', 'gensim': '4.3.3', 'python': '3.12.9 (main, Feb  6 2025, 22:37:05) [GCC 12.2.0]', 'platform': 'Linux-5.15.167.4-microsoft-standard-WSL2-x86_64-with-glibc2.36', 'event': 'created'}
[2025-05-03T06:59:57.442+0000] {ldamodel.py:577} INFO - using symmetric alpha at 0.3333333333333333
[2025-05-03T06:59:57.443+0000] {ldamodel.py:577} INFO - using symmetric eta at 0.3333333333333333
[2025-05-03T06:59:57.445+0000] {ldamodel.py:482} INFO - using serial LDA version on this node
[2025-05-03T06:59:57.448+0000] {ldamodel.py:948} INFO - running online (multi-pass) LDA training, 3 topics, 10 passes over the supplied corpus of 397 documents, updating model once every 397 documents, evaluating perplexity every 397 documents, iterating 50x with a convergence threshold of 0.001000
[2025-05-03T06:59:57.936+0000] {ldamodel.py:848} INFO - -6.423 per-word bound, 85.8 perplexity estimate based on a held-out corpus of 397 documents with 7312 words
[2025-05-03T06:59:57.939+0000] {ldamodel.py:1002} INFO - PROGRESS: pass 0, at document #397/397
[2025-05-03T06:59:58.342+0000] {ldamodel.py:1197} INFO - topic #0 (0.333): 0.055*"the" + 0.047*"to" + 0.030*"a" + 0.026*"i" + 0.024*"and" + 0.017*"with" + 0.017*"of" + 0.016*"you" + 0.015*"agency" + 0.012*"for"
[2025-05-03T06:59:58.344+0000] {ldamodel.py:1197} INFO - topic #1 (0.333): 0.058*"to" + 0.033*"the" + 0.022*"agency" + 0.022*"it" + 0.021*"is" + 0.016*"i" + 0.015*"and" + 0.014*"you" + 0.013*"put" + 0.013*"this"
[2025-05-03T06:59:58.346+0000] {ldamodel.py:1197} INFO - topic #2 (0.333): 0.054*"nan" + 0.039*"the" + 0.026*"is" + 0.025*"to" + 0.024*"a" + 0.021*"and" + 0.018*"agency" + 0.017*"of" + 0.016*"mr" + 0.016*"our"
[2025-05-03T06:59:58.347+0000] {ldamodel.py:1075} INFO - topic diff=1.330421, rho=1.000000
[2025-05-03T06:59:58.613+0000] {ldamodel.py:848} INFO - -5.327 per-word bound, 40.1 perplexity estimate based on a held-out corpus of 397 documents with 7312 words
[2025-05-03T06:59:58.615+0000] {ldamodel.py:1002} INFO - PROGRESS: pass 1, at document #397/397
[2025-05-03T06:59:58.776+0000] {ldamodel.py:1197} INFO - topic #0 (0.333): 0.054*"the" + 0.042*"to" + 0.034*"a" + 0.028*"i" + 0.022*"and" + 0.019*"with" + 0.017*"of" + 0.017*"you" + 0.012*"in" + 0.012*"very"
[2025-05-03T06:59:58.778+0000] {ldamodel.py:1197} INFO - topic #1 (0.333): 0.070*"to" + 0.038*"the" + 0.030*"agency" + 0.021*"and" + 0.020*"for" + 0.017*"i" + 0.016*"its" + 0.016*"is" + 0.016*"it" + 0.014*"my"
[2025-05-03T06:59:58.780+0000] {ldamodel.py:1197} INFO - topic #2 (0.333): 0.063*"nan" + 0.043*"the" + 0.031*"is" + 0.027*"a" + 0.023*"of" + 0.023*"and" + 0.021*"to" + 0.018*"professional" + 0.018*"mr" + 0.018*"treatment"
[2025-05-03T06:59:58.781+0000] {ldamodel.py:1075} INFO - topic diff=0.528999, rho=0.577350
[2025-05-03T06:59:58.926+0000] {ldamodel.py:848} INFO - -5.154 per-word bound, 35.6 perplexity estimate based on a held-out corpus of 397 documents with 7312 words
[2025-05-03T06:59:58.927+0000] {ldamodel.py:1002} INFO - PROGRESS: pass 2, at document #397/397
[2025-05-03T06:59:59.001+0000] {ldamodel.py:1197} INFO - topic #0 (0.333): 0.052*"the" + 0.042*"to" + 0.036*"a" + 0.028*"i" + 0.020*"and" + 0.019*"with" + 0.018*"you" + 0.017*"of" + 0.013*"in" + 0.012*"they"
[2025-05-03T06:59:59.003+0000] {ldamodel.py:1197} INFO - topic #1 (0.333): 0.070*"to" + 0.044*"the" + 0.034*"agency" + 0.025*"and" + 0.024*"for" + 0.018*"i" + 0.018*"its" + 0.017*"my" + 0.014*"is" + 0.012*"team"
[2025-05-03T06:59:59.004+0000] {ldamodel.py:1197} INFO - topic #2 (0.333): 0.066*"nan" + 0.045*"the" + 0.033*"is" + 0.028*"a" + 0.026*"of" + 0.023*"and" + 0.021*"professional" + 0.020*"to" + 0.019*"treatment" + 0.018*"mr"
[2025-05-03T06:59:59.005+0000] {ldamodel.py:1075} INFO - topic diff=0.364783, rho=0.500000
[2025-05-03T06:59:59.098+0000] {ldamodel.py:848} INFO - -5.076 per-word bound, 33.7 perplexity estimate based on a held-out corpus of 397 documents with 7312 words
[2025-05-03T06:59:59.100+0000] {ldamodel.py:1002} INFO - PROGRESS: pass 3, at document #397/397
[2025-05-03T06:59:59.154+0000] {ldamodel.py:1197} INFO - topic #0 (0.333): 0.050*"the" + 0.041*"to" + 0.037*"a" + 0.028*"i" + 0.019*"and" + 0.019*"with" + 0.018*"you" + 0.018*"of" + 0.014*"in" + 0.013*"they"
[2025-05-03T06:59:59.156+0000] {ldamodel.py:1197} INFO - topic #1 (0.333): 0.071*"to" + 0.047*"the" + 0.036*"agency" + 0.027*"and" + 0.026*"for" + 0.018*"i" + 0.018*"its" + 0.018*"my" + 0.013*"team" + 0.013*"director"
[2025-05-03T06:59:59.157+0000] {ldamodel.py:1197} INFO - topic #2 (0.333): 0.068*"nan" + 0.046*"the" + 0.033*"is" + 0.028*"a" + 0.027*"of" + 0.024*"and" + 0.022*"professional" + 0.020*"treatment" + 0.019*"to" + 0.019*"mr"
[2025-05-03T06:59:59.159+0000] {ldamodel.py:1075} INFO - topic diff=0.253567, rho=0.447214
[2025-05-03T06:59:59.232+0000] {ldamodel.py:848} INFO - -5.047 per-word bound, 33.1 perplexity estimate based on a held-out corpus of 397 documents with 7312 words
[2025-05-03T06:59:59.234+0000] {ldamodel.py:1002} INFO - PROGRESS: pass 4, at document #397/397
[2025-05-03T06:59:59.282+0000] {ldamodel.py:1197} INFO - topic #0 (0.333): 0.049*"the" + 0.041*"to" + 0.037*"a" + 0.028*"i" + 0.019*"with" + 0.019*"and" + 0.019*"you" + 0.018*"of" + 0.014*"in" + 0.013*"they"
[2025-05-03T06:59:59.284+0000] {ldamodel.py:1197} INFO - topic #1 (0.333): 0.071*"to" + 0.048*"the" + 0.037*"agency" + 0.028*"and" + 0.027*"for" + 0.019*"i" + 0.019*"its" + 0.018*"my" + 0.014*"team" + 0.014*"director"
[2025-05-03T06:59:59.285+0000] {ldamodel.py:1197} INFO - topic #2 (0.333): 0.068*"nan" + 0.046*"the" + 0.034*"is" + 0.028*"a" + 0.028*"of" + 0.024*"and" + 0.024*"professional" + 0.020*"treatment" + 0.019*"mr" + 0.019*"to"
[2025-05-03T06:59:59.287+0000] {ldamodel.py:1075} INFO - topic diff=0.184600, rho=0.408248
[2025-05-03T06:59:59.366+0000] {ldamodel.py:848} INFO - -5.034 per-word bound, 32.8 perplexity estimate based on a held-out corpus of 397 documents with 7312 words
[2025-05-03T06:59:59.367+0000] {ldamodel.py:1002} INFO - PROGRESS: pass 5, at document #397/397
[2025-05-03T06:59:59.422+0000] {ldamodel.py:1197} INFO - topic #0 (0.333): 0.049*"the" + 0.041*"to" + 0.037*"a" + 0.028*"i" + 0.019*"with" + 0.019*"you" + 0.018*"and" + 0.018*"of" + 0.014*"in" + 0.014*"they"
[2025-05-03T06:59:59.424+0000] {ldamodel.py:1197} INFO - topic #1 (0.333): 0.071*"to" + 0.049*"the" + 0.038*"agency" + 0.028*"and" + 0.028*"for" + 0.019*"i" + 0.019*"its" + 0.019*"my" + 0.014*"team" + 0.014*"director"
[2025-05-03T06:59:59.426+0000] {ldamodel.py:1197} INFO - topic #2 (0.333): 0.069*"nan" + 0.046*"the" + 0.034*"is" + 0.028*"a" + 0.028*"of" + 0.024*"professional" + 0.024*"and" + 0.020*"treatment" + 0.019*"mr" + 0.018*"to"
[2025-05-03T06:59:59.427+0000] {ldamodel.py:1075} INFO - topic diff=0.136934, rho=0.377964
[2025-05-03T06:59:59.510+0000] {ldamodel.py:848} INFO - -5.028 per-word bound, 32.6 perplexity estimate based on a held-out corpus of 397 documents with 7312 words
[2025-05-03T06:59:59.514+0000] {ldamodel.py:1002} INFO - PROGRESS: pass 6, at document #397/397
[2025-05-03T06:59:59.566+0000] {ldamodel.py:1197} INFO - topic #0 (0.333): 0.049*"the" + 0.041*"to" + 0.038*"a" + 0.028*"i" + 0.019*"with" + 0.019*"you" + 0.018*"and" + 0.018*"of" + 0.014*"in" + 0.014*"they"
[2025-05-03T06:59:59.567+0000] {ldamodel.py:1197} INFO - topic #1 (0.333): 0.071*"to" + 0.049*"the" + 0.038*"agency" + 0.028*"and" + 0.028*"for" + 0.019*"i" + 0.019*"its" + 0.019*"my" + 0.014*"team" + 0.014*"director"
[2025-05-03T06:59:59.569+0000] {ldamodel.py:1197} INFO - topic #2 (0.333): 0.069*"nan" + 0.046*"the" + 0.034*"is" + 0.028*"a" + 0.028*"of" + 0.025*"professional" + 0.024*"and" + 0.020*"treatment" + 0.019*"mr" + 0.018*"to"
[2025-05-03T06:59:59.571+0000] {ldamodel.py:1075} INFO - topic diff=0.102434, rho=0.353553
[2025-05-03T06:59:59.653+0000] {ldamodel.py:848} INFO - -5.024 per-word bound, 32.5 perplexity estimate based on a held-out corpus of 397 documents with 7312 words
[2025-05-03T06:59:59.654+0000] {ldamodel.py:1002} INFO - PROGRESS: pass 7, at document #397/397
[2025-05-03T06:59:59.706+0000] {ldamodel.py:1197} INFO - topic #0 (0.333): 0.049*"the" + 0.040*"to" + 0.038*"a" + 0.028*"i" + 0.019*"with" + 0.019*"you" + 0.018*"and" + 0.018*"of" + 0.014*"in" + 0.014*"they"
[2025-05-03T06:59:59.709+0000] {ldamodel.py:1197} INFO - topic #1 (0.333): 0.071*"to" + 0.050*"the" + 0.038*"agency" + 0.029*"and" + 0.028*"for" + 0.019*"i" + 0.019*"its" + 0.019*"my" + 0.015*"team" + 0.014*"director"
[2025-05-03T06:59:59.710+0000] {ldamodel.py:1197} INFO - topic #2 (0.333): 0.069*"nan" + 0.046*"the" + 0.034*"is" + 0.028*"a" + 0.028*"of" + 0.025*"professional" + 0.024*"and" + 0.020*"treatment" + 0.019*"mr" + 0.018*"to"
[2025-05-03T06:59:59.711+0000] {ldamodel.py:1075} INFO - topic diff=0.077063, rho=0.333333
[2025-05-03T06:59:59.841+0000] {ldamodel.py:848} INFO - -5.022 per-word bound, 32.5 perplexity estimate based on a held-out corpus of 397 documents with 7312 words
[2025-05-03T06:59:59.842+0000] {ldamodel.py:1002} INFO - PROGRESS: pass 8, at document #397/397
[2025-05-03T06:59:59.924+0000] {ldamodel.py:1197} INFO - topic #0 (0.333): 0.049*"the" + 0.040*"to" + 0.038*"a" + 0.028*"i" + 0.019*"with" + 0.019*"you" + 0.018*"of" + 0.018*"and" + 0.014*"in" + 0.014*"they"
[2025-05-03T06:59:59.926+0000] {ldamodel.py:1197} INFO - topic #1 (0.333): 0.071*"to" + 0.050*"the" + 0.038*"agency" + 0.029*"and" + 0.028*"for" + 0.019*"i" + 0.019*"my" + 0.019*"its" + 0.015*"team" + 0.014*"director"
[2025-05-03T06:59:59.926+0000] {ldamodel.py:1197} INFO - topic #2 (0.333): 0.069*"nan" + 0.046*"the" + 0.034*"is" + 0.028*"a" + 0.028*"of" + 0.026*"professional" + 0.024*"and" + 0.020*"treatment" + 0.019*"mr" + 0.018*"to"
[2025-05-03T06:59:59.927+0000] {ldamodel.py:1075} INFO - topic diff=0.058085, rho=0.316228
[2025-05-03T07:00:00.005+0000] {ldamodel.py:848} INFO - -5.021 per-word bound, 32.5 perplexity estimate based on a held-out corpus of 397 documents with 7312 words
[2025-05-03T07:00:00.007+0000] {ldamodel.py:1002} INFO - PROGRESS: pass 9, at document #397/397
[2025-05-03T07:00:00.071+0000] {ldamodel.py:1197} INFO - topic #0 (0.333): 0.048*"the" + 0.040*"to" + 0.038*"a" + 0.029*"i" + 0.019*"with" + 0.019*"you" + 0.018*"of" + 0.018*"and" + 0.014*"in" + 0.014*"they"
[2025-05-03T07:00:00.073+0000] {ldamodel.py:1197} INFO - topic #1 (0.333): 0.071*"to" + 0.050*"the" + 0.038*"agency" + 0.029*"and" + 0.028*"for" + 0.019*"my" + 0.019*"i" + 0.019*"its" + 0.016*"team" + 0.014*"director"
[2025-05-03T07:00:00.075+0000] {ldamodel.py:1197} INFO - topic #2 (0.333): 0.069*"nan" + 0.046*"the" + 0.034*"is" + 0.028*"a" + 0.028*"of" + 0.026*"professional" + 0.024*"and" + 0.020*"treatment" + 0.019*"mr" + 0.018*"to"
[2025-05-03T07:00:00.077+0000] {ldamodel.py:1075} INFO - topic diff=0.043854, rho=0.301511
[2025-05-03T07:00:00.079+0000] {utils.py:447} INFO - LdaModel lifecycle event {'msg': 'trained LdaModel<num_terms=339, num_topics=3, decay=0.5, chunksize=2000> in 2.63s', 'datetime': '2025-05-03T07:00:00.079385', 'gensim': '4.3.3', 'python': '3.12.9 (main, Feb  6 2025, 22:37:05) [GCC 12.2.0]', 'platform': 'Linux-5.15.167.4-microsoft-standard-WSL2-x86_64-with-glibc2.36', 'event': 'created'}
[2025-05-03T07:00:00.080+0000] {ldamodel.py:1197} INFO - topic #0 (0.333): 0.048*"the" + 0.040*"to" + 0.038*"a" + 0.029*"i" + 0.019*"with" + 0.019*"you" + 0.018*"of" + 0.018*"and" + 0.014*"in" + 0.014*"they"
[2025-05-03T07:00:00.081+0000] {ldamodel.py:1197} INFO - topic #1 (0.333): 0.071*"to" + 0.050*"the" + 0.038*"agency" + 0.029*"and" + 0.028*"for" + 0.019*"my" + 0.019*"i" + 0.019*"its" + 0.016*"team" + 0.014*"director"
[2025-05-03T07:00:00.082+0000] {ldamodel.py:1197} INFO - topic #2 (0.333): 0.069*"nan" + 0.046*"the" + 0.034*"is" + 0.028*"a" + 0.028*"of" + 0.026*"professional" + 0.024*"and" + 0.020*"treatment" + 0.019*"mr" + 0.018*"to"
[2025-05-03T07:00:00.083+0000] {logging_mixin.py:190} INFO - Extracted topics: [(0, '0.048*"the" + 0.040*"to" + 0.038*"a" + 0.029*"i" + 0.019*"with" + 0.019*"you" + 0.018*"of" + 0.018*"and" + 0.014*"in" + 0.014*"they"'), (1, '0.071*"to" + 0.050*"the" + 0.038*"agency" + 0.029*"and" + 0.028*"for" + 0.019*"my" + 0.019*"i" + 0.019*"its" + 0.016*"team" + 0.014*"director"'), (2, '0.069*"nan" + 0.046*"the" + 0.034*"is" + 0.028*"a" + 0.028*"of" + 0.026*"professional" + 0.024*"and" + 0.020*"treatment" + 0.019*"mr" + 0.018*"to"')]
[2025-05-03T07:00:00.086+0000] {python.py:240} INFO - Done. Returned value was: None
[2025-05-03T07:00:00.103+0000] {taskinstance.py:341} INFO - ::group::Post task execution logs
[2025-05-03T07:00:00.104+0000] {taskinstance.py:353} INFO - Marking task as SUCCESS. dag_id=google_maps_reviews, task_id=extract_topics, run_id=manual__2025-05-03T06:58:57.523607+00:00, execution_date=20250503T065857, start_date=20250503T065956, end_date=20250503T070000
[2025-05-03T07:00:00.161+0000] {logging_mixin.py:190} INFO - Task instance in success state
[2025-05-03T07:00:00.164+0000] {logging_mixin.py:190} INFO -  Previous state of the Task instance: running
[2025-05-03T07:00:00.165+0000] {logging_mixin.py:190} INFO - Dag name:google_maps_reviews queued_at:2025-05-03 06:58:57.549307+00:00
[2025-05-03T07:00:00.167+0000] {logging_mixin.py:190} INFO - Task hostname:8280c28b7f0f operator:PythonOperator
[2025-05-03T07:00:00.206+0000] {local_task_job_runner.py:266} INFO - Task exited with return code 0
[2025-05-03T07:00:00.267+0000] {taskinstance.py:3901} INFO - 1 downstream tasks scheduled from follow-on schedule check
[2025-05-03T07:00:00.271+0000] {local_task_job_runner.py:245} INFO - ::endgroup::
