[2025-05-07T01:35:06.535+0000] {local_task_job_runner.py:123} INFO - ::group::Pre task execution logs
[2025-05-07T01:35:06.558+0000] {taskinstance.py:2614} INFO - Dependencies all met for dep_context=non-requeueable deps ti=<TaskInstance: google_maps_reviews.run_dbt_models manual__2025-05-07T01:02:20.058495+00:00 [queued]>
[2025-05-07T01:35:06.569+0000] {taskinstance.py:2614} INFO - Dependencies all met for dep_context=requeueable deps ti=<TaskInstance: google_maps_reviews.run_dbt_models manual__2025-05-07T01:02:20.058495+00:00 [queued]>
[2025-05-07T01:35:06.570+0000] {taskinstance.py:2867} INFO - Starting attempt 2 of 3
[2025-05-07T01:35:06.589+0000] {taskinstance.py:2890} INFO - Executing <Task(BashOperator): run_dbt_models> on 2025-05-07 01:02:20.058495+00:00
[2025-05-07T01:35:06.601+0000] {warnings.py:112} WARNING - /home/***/.local/lib/python3.12/site-packages/***/task/task_runner/standard_task_runner.py:70: DeprecationWarning: This process (pid=12987) is multi-threaded, use of fork() may lead to deadlocks in the child.
  pid = os.fork()

[2025-05-07T01:35:06.604+0000] {standard_task_runner.py:72} INFO - Started process 13002 to run task
[2025-05-07T01:35:06.604+0000] {standard_task_runner.py:104} INFO - Running: ['***', 'tasks', 'run', 'google_maps_reviews', 'run_dbt_models', 'manual__2025-05-07T01:02:20.058495+00:00', '--job-id', '758', '--raw', '--subdir', 'DAGS_FOLDER/***dag.py', '--cfg-path', '/tmp/tmpt0noqn86']
[2025-05-07T01:35:06.606+0000] {standard_task_runner.py:105} INFO - Job 758: Subtask run_dbt_models
[2025-05-07T01:35:06.654+0000] {task_command.py:467} INFO - Running <TaskInstance: google_maps_reviews.run_dbt_models manual__2025-05-07T01:02:20.058495+00:00 [running]> on host 8280c28b7f0f
[2025-05-07T01:35:06.736+0000] {taskinstance.py:3134} INFO - Exporting env vars: AIRFLOW_CTX_DAG_OWNER='***' AIRFLOW_CTX_DAG_ID='google_maps_reviews' AIRFLOW_CTX_TASK_ID='run_dbt_models' AIRFLOW_CTX_EXECUTION_DATE='2025-05-07T01:02:20.058495+00:00' AIRFLOW_CTX_TRY_NUMBER='2' AIRFLOW_CTX_DAG_RUN_ID='manual__2025-05-07T01:02:20.058495+00:00'
[2025-05-07T01:35:06.738+0000] {logging_mixin.py:190} INFO - Task instance is in running state
[2025-05-07T01:35:06.738+0000] {logging_mixin.py:190} INFO -  Previous state of the Task instance: queued
[2025-05-07T01:35:06.739+0000] {logging_mixin.py:190} INFO - Current task name:run_dbt_models state:running start_date:2025-05-07 01:35:06.559335+00:00
[2025-05-07T01:35:06.740+0000] {logging_mixin.py:190} INFO - Dag name:google_maps_reviews and current dag run status:running
[2025-05-07T01:35:06.740+0000] {taskinstance.py:732} INFO - ::endgroup::
[2025-05-07T01:35:06.741+0000] {subprocess.py:78} INFO - Tmp dir root location: /tmp
[2025-05-07T01:35:06.744+0000] {subprocess.py:88} INFO - Running command: ['/usr/bin/bash', '-c', 'cd /opt/***/dbt_project/bank_reviews_dbt && dbt run --profiles-dir .']
[2025-05-07T01:35:06.760+0000] {subprocess.py:99} INFO - Output:
[2025-05-07T01:35:08.794+0000] {subprocess.py:106} INFO - [0m01:35:08  Running with dbt=1.9.4
[2025-05-07T01:35:09.038+0000] {subprocess.py:106} INFO - [0m01:35:09  Registered adapter: postgres=1.9.0
[2025-05-07T01:35:09.534+0000] {subprocess.py:106} INFO - [0m01:35:09  Found 5 models, 12 data tests, 433 macros
[2025-05-07T01:35:09.537+0000] {subprocess.py:106} INFO - [0m01:35:09
[2025-05-07T01:35:09.538+0000] {subprocess.py:106} INFO - [0m01:35:09  Concurrency: 1 threads (target='dev')
[2025-05-07T01:35:09.538+0000] {subprocess.py:106} INFO - [0m01:35:09
[2025-05-07T01:35:09.634+0000] {subprocess.py:106} INFO - [0m01:35:09  1 of 5 START sql table model review.dim_bank ................................... [RUN]
[2025-05-07T01:35:09.783+0000] {subprocess.py:106} INFO - [0m01:35:09  1 of 5 OK created sql table model review.dim_bank .............................. [[32mSELECT 164[0m in 0.14s]
[2025-05-07T01:35:09.786+0000] {subprocess.py:106} INFO - [0m01:35:09  2 of 5 START sql table model review.dim_branch ................................. [RUN]
[2025-05-07T01:35:09.864+0000] {subprocess.py:106} INFO - [0m01:35:09  2 of 5 OK created sql table model review.dim_branch ............................ [[32mSELECT 164[0m in 0.08s]
[2025-05-07T01:35:09.866+0000] {subprocess.py:106} INFO - [0m01:35:09  3 of 5 START sql table model review.dim_location ............................... [RUN]
[2025-05-07T01:35:09.955+0000] {subprocess.py:106} INFO - [0m01:35:09  3 of 5 OK created sql table model review.dim_location .......................... [[32mSELECT 436[0m in 0.09s]
[2025-05-07T01:35:09.959+0000] {subprocess.py:106} INFO - [0m01:35:09  4 of 5 START sql table model review.dim_sentiment .............................. [RUN]
[2025-05-07T01:35:10.072+0000] {subprocess.py:106} INFO - [0m01:35:10  4 of 5 OK created sql table model review.dim_sentiment ......................... [[32mSELECT 3[0m in 0.11s]
[2025-05-07T01:35:10.076+0000] {subprocess.py:106} INFO - [0m01:35:10  5 of 5 START sql table model review.fact_reviews ............................... [RUN]
[2025-05-07T01:35:10.214+0000] {subprocess.py:106} INFO - [0m01:35:10  5 of 5 OK created sql table model review.fact_reviews .......................... [[32mSELECT 3336[0m in 0.13s]
[2025-05-07T01:35:10.231+0000] {subprocess.py:106} INFO - [0m01:35:10
[2025-05-07T01:35:10.232+0000] {subprocess.py:106} INFO - [0m01:35:10  Finished running 5 table models in 0 hours 0 minutes and 0.69 seconds (0.69s).
[2025-05-07T01:35:10.329+0000] {subprocess.py:106} INFO - [0m01:35:10
[2025-05-07T01:35:10.330+0000] {subprocess.py:106} INFO - [0m01:35:10  [32mCompleted successfully[0m
[2025-05-07T01:35:10.331+0000] {subprocess.py:106} INFO - [0m01:35:10
[2025-05-07T01:35:10.332+0000] {subprocess.py:106} INFO - [0m01:35:10  Done. PASS=5 WARN=0 ERROR=0 SKIP=0 TOTAL=5
[2025-05-07T01:35:11.970+0000] {subprocess.py:110} INFO - Command exited with return code 0
[2025-05-07T01:35:12.046+0000] {taskinstance.py:341} INFO - ::group::Post task execution logs
[2025-05-07T01:35:12.048+0000] {taskinstance.py:353} INFO - Marking task as SUCCESS. dag_id=google_maps_reviews, task_id=run_dbt_models, run_id=manual__2025-05-07T01:02:20.058495+00:00, execution_date=20250507T010220, start_date=20250507T013506, end_date=20250507T013512
[2025-05-07T01:35:12.095+0000] {logging_mixin.py:190} INFO - Task instance in success state
[2025-05-07T01:35:12.097+0000] {logging_mixin.py:190} INFO -  Previous state of the Task instance: running
[2025-05-07T01:35:12.098+0000] {logging_mixin.py:190} INFO - Dag name:google_maps_reviews queued_at:2025-05-07 01:31:20.613033+00:00
[2025-05-07T01:35:12.099+0000] {logging_mixin.py:190} INFO - Task hostname:8280c28b7f0f operator:BashOperator
[2025-05-07T01:35:12.138+0000] {local_task_job_runner.py:266} INFO - Task exited with return code 0
[2025-05-07T01:35:12.187+0000] {taskinstance.py:3901} INFO - 1 downstream tasks scheduled from follow-on schedule check
[2025-05-07T01:35:12.191+0000] {local_task_job_runner.py:245} INFO - ::endgroup::
