[2025-05-03T20:58:40.729+0000] {local_task_job_runner.py:123} INFO - ::group::Pre task execution logs
[2025-05-03T20:58:40.764+0000] {taskinstance.py:2614} INFO - Dependencies all met for dep_context=non-requeueable deps ti=<TaskInstance: google_maps_reviews.fetch_google_reviews manual__2025-05-03T20:58:31.737076+00:00 [queued]>
[2025-05-03T20:58:40.782+0000] {taskinstance.py:2614} INFO - Dependencies all met for dep_context=requeueable deps ti=<TaskInstance: google_maps_reviews.fetch_google_reviews manual__2025-05-03T20:58:31.737076+00:00 [queued]>
[2025-05-03T20:58:40.784+0000] {taskinstance.py:2867} INFO - Starting attempt 1 of 2
[2025-05-03T20:58:40.816+0000] {taskinstance.py:2890} INFO - Executing <Task(PythonOperator): fetch_google_reviews> on 2025-05-03 20:58:31.737076+00:00
[2025-05-03T20:58:40.837+0000] {warnings.py:112} WARNING - /home/***/.local/lib/python3.12/site-packages/***/task/task_runner/standard_task_runner.py:70: DeprecationWarning: This process (pid=7056) is multi-threaded, use of fork() may lead to deadlocks in the child.
  pid = os.fork()

[2025-05-03T20:58:40.843+0000] {standard_task_runner.py:72} INFO - Started process 7078 to run task
[2025-05-03T20:58:40.842+0000] {standard_task_runner.py:104} INFO - Running: ['***', 'tasks', 'run', 'google_maps_reviews', 'fetch_google_reviews', 'manual__2025-05-03T20:58:31.737076+00:00', '--job-id', '370', '--raw', '--subdir', 'DAGS_FOLDER/***dag.py', '--cfg-path', '/tmp/tmp5wov844f']
[2025-05-03T20:58:40.846+0000] {standard_task_runner.py:105} INFO - Job 370: Subtask fetch_google_reviews
[2025-05-03T20:58:40.947+0000] {task_command.py:467} INFO - Running <TaskInstance: google_maps_reviews.fetch_google_reviews manual__2025-05-03T20:58:31.737076+00:00 [running]> on host 8280c28b7f0f
[2025-05-03T20:58:41.140+0000] {taskinstance.py:3134} INFO - Exporting env vars: AIRFLOW_CTX_DAG_OWNER='***' AIRFLOW_CTX_DAG_ID='google_maps_reviews' AIRFLOW_CTX_TASK_ID='fetch_google_reviews' AIRFLOW_CTX_EXECUTION_DATE='2025-05-03T20:58:31.737076+00:00' AIRFLOW_CTX_TRY_NUMBER='1' AIRFLOW_CTX_DAG_RUN_ID='manual__2025-05-03T20:58:31.737076+00:00'
[2025-05-03T20:58:41.144+0000] {logging_mixin.py:190} INFO - Task instance is in running state
[2025-05-03T20:58:41.145+0000] {logging_mixin.py:190} INFO -  Previous state of the Task instance: queued
[2025-05-03T20:58:41.147+0000] {logging_mixin.py:190} INFO - Current task name:fetch_google_reviews state:running start_date:2025-05-03 20:58:40.765606+00:00
[2025-05-03T20:58:41.148+0000] {logging_mixin.py:190} INFO - Dag name:google_maps_reviews and current dag run status:running
[2025-05-03T20:58:41.149+0000] {taskinstance.py:732} INFO - ::endgroup::
[2025-05-03T20:58:41.152+0000] {client.py:194} INFO - API queries_quota: 60
[2025-05-03T20:58:45.796+0000] {logging_mixin.py:190} INFO - Data successfully saved to /opt/***/dags/input/reviews.csv
[2025-05-03T20:58:45.798+0000] {python.py:240} INFO - Done. Returned value was: None
[2025-05-03T20:58:45.815+0000] {taskinstance.py:341} INFO - ::group::Post task execution logs
[2025-05-03T20:58:45.816+0000] {taskinstance.py:353} INFO - Marking task as SUCCESS. dag_id=google_maps_reviews, task_id=fetch_google_reviews, run_id=manual__2025-05-03T20:58:31.737076+00:00, execution_date=20250503T205831, start_date=20250503T205840, end_date=20250503T205845
[2025-05-03T20:58:45.865+0000] {logging_mixin.py:190} INFO - Task instance in success state
[2025-05-03T20:58:45.866+0000] {logging_mixin.py:190} INFO -  Previous state of the Task instance: running
[2025-05-03T20:58:45.868+0000] {logging_mixin.py:190} INFO - Dag name:google_maps_reviews queued_at:2025-05-03 20:58:31.904489+00:00
[2025-05-03T20:58:45.869+0000] {logging_mixin.py:190} INFO - Task hostname:8280c28b7f0f operator:PythonOperator
[2025-05-03T20:58:45.904+0000] {local_task_job_runner.py:266} INFO - Task exited with return code 0
[2025-05-03T20:58:45.981+0000] {taskinstance.py:3901} INFO - 1 downstream tasks scheduled from follow-on schedule check
[2025-05-03T20:58:45.984+0000] {local_task_job_runner.py:245} INFO - ::endgroup::
