[2025-05-07T01:00:41.282+0000] {local_task_job_runner.py:123} INFO - ::group::Pre task execution logs
[2025-05-07T01:00:41.330+0000] {taskinstance.py:2614} INFO - Dependencies all met for dep_context=non-requeueable deps ti=<TaskInstance: google_maps_reviews.generate_dbt_docs manual__2025-05-06T20:00:25.137792+00:00 [queued]>
[2025-05-07T01:00:41.357+0000] {taskinstance.py:2614} INFO - Dependencies all met for dep_context=requeueable deps ti=<TaskInstance: google_maps_reviews.generate_dbt_docs manual__2025-05-06T20:00:25.137792+00:00 [queued]>
[2025-05-07T01:00:41.358+0000] {taskinstance.py:2867} INFO - Starting attempt 6 of 7
[2025-05-07T01:00:41.388+0000] {taskinstance.py:2890} INFO - Executing <Task(BashOperator): generate_dbt_docs> on 2025-05-06 20:00:25.137792+00:00
[2025-05-07T01:00:41.405+0000] {warnings.py:112} WARNING - /home/***/.local/lib/python3.12/site-packages/***/task/task_runner/standard_task_runner.py:70: DeprecationWarning: This process (pid=11783) is multi-threaded, use of fork() may lead to deadlocks in the child.
  pid = os.fork()

[2025-05-07T01:00:41.408+0000] {standard_task_runner.py:72} INFO - Started process 11798 to run task
[2025-05-07T01:00:41.408+0000] {standard_task_runner.py:104} INFO - Running: ['***', 'tasks', 'run', 'google_maps_reviews', 'generate_dbt_docs', 'manual__2025-05-06T20:00:25.137792+00:00', '--job-id', '714', '--raw', '--subdir', 'DAGS_FOLDER/***dag.py', '--cfg-path', '/tmp/tmpf1uz3sdz']
[2025-05-07T01:00:41.410+0000] {standard_task_runner.py:105} INFO - Job 714: Subtask generate_dbt_docs
[2025-05-07T01:00:41.498+0000] {task_command.py:467} INFO - Running <TaskInstance: google_maps_reviews.generate_dbt_docs manual__2025-05-06T20:00:25.137792+00:00 [running]> on host 8280c28b7f0f
[2025-05-07T01:00:41.673+0000] {taskinstance.py:3134} INFO - Exporting env vars: AIRFLOW_CTX_DAG_OWNER='***' AIRFLOW_CTX_DAG_ID='google_maps_reviews' AIRFLOW_CTX_TASK_ID='generate_dbt_docs' AIRFLOW_CTX_EXECUTION_DATE='2025-05-06T20:00:25.137792+00:00' AIRFLOW_CTX_TRY_NUMBER='6' AIRFLOW_CTX_DAG_RUN_ID='manual__2025-05-06T20:00:25.137792+00:00'
[2025-05-07T01:00:41.677+0000] {logging_mixin.py:190} INFO - Task instance is in running state
[2025-05-07T01:00:41.679+0000] {logging_mixin.py:190} INFO -  Previous state of the Task instance: queued
[2025-05-07T01:00:41.681+0000] {logging_mixin.py:190} INFO - Current task name:generate_dbt_docs state:running start_date:2025-05-07 01:00:41.331902+00:00
[2025-05-07T01:00:41.682+0000] {logging_mixin.py:190} INFO - Dag name:google_maps_reviews and current dag run status:running
[2025-05-07T01:00:41.683+0000] {taskinstance.py:732} INFO - ::endgroup::
[2025-05-07T01:00:41.686+0000] {subprocess.py:78} INFO - Tmp dir root location: /tmp
[2025-05-07T01:00:41.689+0000] {subprocess.py:88} INFO - Running command: ['/usr/bin/bash', '-c', 'cd /opt/***/dbt_project/bank_reviews_dbt && dbt docs generate']
[2025-05-07T01:00:41.712+0000] {subprocess.py:99} INFO - Output:
[2025-05-07T01:00:46.638+0000] {subprocess.py:106} INFO - [0m01:00:46  Running with dbt=1.9.4
[2025-05-07T01:00:47.180+0000] {subprocess.py:106} INFO - [0m01:00:47  Registered adapter: postgres=1.9.0
[2025-05-07T01:00:48.144+0000] {subprocess.py:106} INFO - [0m01:00:48  Found 5 models, 12 data tests, 433 macros
[2025-05-07T01:00:48.153+0000] {subprocess.py:106} INFO - [0m01:00:48
[2025-05-07T01:00:48.155+0000] {subprocess.py:106} INFO - [0m01:00:48  Concurrency: 1 threads (target='dev')
[2025-05-07T01:00:48.157+0000] {subprocess.py:106} INFO - [0m01:00:48
[2025-05-07T01:00:49.441+0000] {subprocess.py:106} INFO - [0m01:00:49  Building catalog
[2025-05-07T01:00:49.676+0000] {subprocess.py:106} INFO - [0m01:00:49  Catalog written to /opt/***/dbt_project/bank_reviews_dbt/target/catalog.json
[2025-05-07T01:00:52.875+0000] {subprocess.py:110} INFO - Command exited with return code 0
[2025-05-07T01:00:52.941+0000] {taskinstance.py:341} INFO - ::group::Post task execution logs
[2025-05-07T01:00:52.943+0000] {taskinstance.py:353} INFO - Marking task as SUCCESS. dag_id=google_maps_reviews, task_id=generate_dbt_docs, run_id=manual__2025-05-06T20:00:25.137792+00:00, execution_date=20250506T200025, start_date=20250507T010041, end_date=20250507T010052
[2025-05-07T01:00:52.996+0000] {logging_mixin.py:190} INFO - Task instance in success state
[2025-05-07T01:00:52.997+0000] {logging_mixin.py:190} INFO -  Previous state of the Task instance: running
[2025-05-07T01:00:52.999+0000] {logging_mixin.py:190} INFO - Dag name:google_maps_reviews queued_at:2025-05-07 00:53:28.168200+00:00
[2025-05-07T01:00:53.000+0000] {logging_mixin.py:190} INFO - Task hostname:8280c28b7f0f operator:BashOperator
[2025-05-07T01:00:53.050+0000] {local_task_job_runner.py:266} INFO - Task exited with return code 0
[2025-05-07T01:00:53.103+0000] {taskinstance.py:3901} INFO - 1 downstream tasks scheduled from follow-on schedule check
[2025-05-07T01:00:53.109+0000] {local_task_job_runner.py:245} INFO - ::endgroup::
