[2025-05-08T22:30:38.171+0000] {local_task_job_runner.py:123} INFO - ::group::Pre task execution logs
[2025-05-08T22:30:38.216+0000] {taskinstance.py:2614} INFO - Dependencies all met for dep_context=non-requeueable deps ti=<TaskInstance: google_maps_reviews.run_dbt_models manual__2025-05-08T22:12:11.230444+00:00 [queued]>
[2025-05-08T22:30:38.240+0000] {taskinstance.py:2614} INFO - Dependencies all met for dep_context=requeueable deps ti=<TaskInstance: google_maps_reviews.run_dbt_models manual__2025-05-08T22:12:11.230444+00:00 [queued]>
[2025-05-08T22:30:38.259+0000] {taskinstance.py:2867} INFO - Starting attempt 1 of 2
[2025-05-08T22:30:38.291+0000] {taskinstance.py:2890} INFO - Executing <Task(BashOperator): run_dbt_models> on 2025-05-08 22:12:11.230444+00:00
[2025-05-08T22:30:38.310+0000] {warnings.py:112} WARNING - /home/***/.local/lib/python3.12/site-packages/***/task/task_runner/standard_task_runner.py:70: DeprecationWarning: This process (pid=832) is multi-threaded, use of fork() may lead to deadlocks in the child.
  pid = os.fork()

[2025-05-08T22:30:38.314+0000] {standard_task_runner.py:72} INFO - Started process 847 to run task
[2025-05-08T22:30:38.314+0000] {standard_task_runner.py:104} INFO - Running: ['***', 'tasks', 'run', 'google_maps_reviews', 'run_dbt_models', 'manual__2025-05-08T22:12:11.230444+00:00', '--job-id', '926', '--raw', '--subdir', 'DAGS_FOLDER/***dag.py', '--cfg-path', '/tmp/tmp0trkyzs_']
[2025-05-08T22:30:38.317+0000] {standard_task_runner.py:105} INFO - Job 926: Subtask run_dbt_models
[2025-05-08T22:30:38.407+0000] {task_command.py:467} INFO - Running <TaskInstance: google_maps_reviews.run_dbt_models manual__2025-05-08T22:12:11.230444+00:00 [running]> on host ff2d23694728
[2025-05-08T22:30:38.574+0000] {taskinstance.py:3134} INFO - Exporting env vars: AIRFLOW_CTX_DAG_EMAIL='elkhalfimaryame@gmail.com' AIRFLOW_CTX_DAG_OWNER='***' AIRFLOW_CTX_DAG_ID='google_maps_reviews' AIRFLOW_CTX_TASK_ID='run_dbt_models' AIRFLOW_CTX_EXECUTION_DATE='2025-05-08T22:12:11.230444+00:00' AIRFLOW_CTX_TRY_NUMBER='1' AIRFLOW_CTX_DAG_RUN_ID='manual__2025-05-08T22:12:11.230444+00:00'
[2025-05-08T22:30:38.577+0000] {logging_mixin.py:190} INFO - Task instance is in running state
[2025-05-08T22:30:38.578+0000] {logging_mixin.py:190} INFO -  Previous state of the Task instance: queued
[2025-05-08T22:30:38.579+0000] {logging_mixin.py:190} INFO - Current task name:run_dbt_models state:running start_date:2025-05-08 22:30:38.217975+00:00
[2025-05-08T22:30:38.579+0000] {logging_mixin.py:190} INFO - Dag name:google_maps_reviews and current dag run status:running
[2025-05-08T22:30:38.580+0000] {taskinstance.py:732} INFO - ::endgroup::
[2025-05-08T22:30:38.582+0000] {subprocess.py:78} INFO - Tmp dir root location: /tmp
[2025-05-08T22:30:38.584+0000] {subprocess.py:88} INFO - Running command: ['/usr/bin/bash', '-c', 'cd /opt/***/dbt_project/bank_reviews_dbt && dbt run --profiles-dir .']
[2025-05-08T22:30:38.614+0000] {subprocess.py:99} INFO - Output:
[2025-05-08T22:30:44.015+0000] {subprocess.py:106} INFO - [0m22:30:44  Running with dbt=1.9.4
[2025-05-08T22:30:44.624+0000] {subprocess.py:106} INFO - [0m22:30:44  Registered adapter: postgres=1.9.0
[2025-05-08T22:30:45.957+0000] {subprocess.py:106} INFO - [0m22:30:45  Found 5 models, 12 data tests, 433 macros
[2025-05-08T22:30:45.964+0000] {subprocess.py:106} INFO - [0m22:30:45
[2025-05-08T22:30:45.966+0000] {subprocess.py:106} INFO - [0m22:30:45  Concurrency: 1 threads (target='dev')
[2025-05-08T22:30:45.970+0000] {subprocess.py:106} INFO - [0m22:30:45
[2025-05-08T22:30:46.245+0000] {subprocess.py:106} INFO - [0m22:30:46  1 of 5 START sql table model review.dim_bank ................................... [RUN]
[2025-05-08T22:30:46.676+0000] {subprocess.py:106} INFO - [0m22:30:46  1 of 5 OK created sql table model review.dim_bank .............................. [[32mSELECT 288[0m in 0.42s]
[2025-05-08T22:30:46.684+0000] {subprocess.py:106} INFO - [0m22:30:46  2 of 5 START sql table model review.dim_branch ................................. [RUN]
[2025-05-08T22:30:46.913+0000] {subprocess.py:106} INFO - [0m22:30:46  2 of 5 OK created sql table model review.dim_branch ............................ [[32mSELECT 288[0m in 0.22s]
[2025-05-08T22:30:46.922+0000] {subprocess.py:106} INFO - [0m22:30:46  3 of 5 START sql table model review.dim_location ............................... [RUN]
[2025-05-08T22:30:47.087+0000] {subprocess.py:106} INFO - [0m22:30:47  3 of 5 OK created sql table model review.dim_location .......................... [[32mSELECT 788[0m in 0.16s]
[2025-05-08T22:30:47.093+0000] {subprocess.py:106} INFO - [0m22:30:47  4 of 5 START sql table model review.dim_sentiment .............................. [RUN]
[2025-05-08T22:30:47.264+0000] {subprocess.py:106} INFO - [0m22:30:47  4 of 5 OK created sql table model review.dim_sentiment ......................... [[32mSELECT 3[0m in 0.17s]
[2025-05-08T22:30:47.271+0000] {subprocess.py:106} INFO - [0m22:30:47  5 of 5 START sql table model review.fact_reviews ............................... [RUN]
[2025-05-08T22:30:47.492+0000] {subprocess.py:106} INFO - [0m22:30:47  5 of 5 OK created sql table model review.fact_reviews .......................... [[32mSELECT 4921[0m in 0.22s]
[2025-05-08T22:30:47.530+0000] {subprocess.py:106} INFO - [0m22:30:47
[2025-05-08T22:30:47.531+0000] {subprocess.py:106} INFO - [0m22:30:47  Finished running 5 table models in 0 hours 0 minutes and 1.56 seconds (1.56s).
[2025-05-08T22:30:47.689+0000] {subprocess.py:106} INFO - [0m22:30:47
[2025-05-08T22:30:47.690+0000] {subprocess.py:106} INFO - [0m22:30:47  [32mCompleted successfully[0m
[2025-05-08T22:30:47.692+0000] {subprocess.py:106} INFO - [0m22:30:47
[2025-05-08T22:30:47.694+0000] {subprocess.py:106} INFO - [0m22:30:47  Done. PASS=5 WARN=0 ERROR=0 SKIP=0 TOTAL=5
[2025-05-08T22:30:50.036+0000] {subprocess.py:110} INFO - Command exited with return code 0
[2025-05-08T22:30:50.089+0000] {taskinstance.py:341} INFO - ::group::Post task execution logs
[2025-05-08T22:30:50.092+0000] {taskinstance.py:353} INFO - Marking task as SUCCESS. dag_id=google_maps_reviews, task_id=run_dbt_models, run_id=manual__2025-05-08T22:12:11.230444+00:00, execution_date=20250508T221211, start_date=20250508T223038, end_date=20250508T223050
[2025-05-08T22:30:50.136+0000] {logging_mixin.py:190} INFO - Task instance in success state
[2025-05-08T22:30:50.137+0000] {logging_mixin.py:190} INFO -  Previous state of the Task instance: running
[2025-05-08T22:30:50.139+0000] {logging_mixin.py:190} INFO - Dag name:google_maps_reviews queued_at:2025-05-08 22:23:32.243800+00:00
[2025-05-08T22:30:50.140+0000] {logging_mixin.py:190} INFO - Task hostname:ff2d23694728 operator:BashOperator
[2025-05-08T22:30:50.169+0000] {local_task_job_runner.py:266} INFO - Task exited with return code 0
[2025-05-08T22:30:50.221+0000] {taskinstance.py:3901} INFO - 1 downstream tasks scheduled from follow-on schedule check
[2025-05-08T22:30:50.224+0000] {local_task_job_runner.py:245} INFO - ::endgroup::
