[2025-05-06T03:21:41.906+0000] {processor.py:186} INFO - Started process (PID=14799) to work on /opt/airflow/dags/airflowdag.py
[2025-05-06T03:21:41.919+0000] {processor.py:914} INFO - Processing file /opt/airflow/dags/airflowdag.py for tasks to queue
[2025-05-06T03:21:41.951+0000] {logging_mixin.py:190} INFO - [2025-05-06T03:21:41.950+0000] {dagbag.py:588} INFO - Filling up the DagBag from /opt/airflow/dags/airflowdag.py
[2025-05-06T14:48:14.295+0000] {processor.py:186} INFO - Started process (PID=14826) to work on /opt/airflow/dags/airflowdag.py
[2025-05-06T14:48:14.298+0000] {processor.py:914} INFO - Processing file /opt/airflow/dags/airflowdag.py for tasks to queue
[2025-05-06T14:48:14.311+0000] {logging_mixin.py:190} INFO - [2025-05-06T14:48:14.304+0000] {dagbag.py:588} INFO - Filling up the DagBag from /opt/airflow/dags/airflowdag.py
[2025-05-06T14:48:18.785+0000] {logging_mixin.py:190} WARNING - [nltk_data] Downloading package stopwords to
[nltk_data]     /home/airflow/nltk_data...
[2025-05-06T14:48:18.786+0000] {logging_mixin.py:190} WARNING - [nltk_data]   Package stopwords is already up-to-date!
[2025-05-06T14:48:18.788+0000] {logging_mixin.py:190} WARNING - [nltk_data] Downloading package punkt_tab to
[nltk_data]     /home/airflow/nltk_data...
[2025-05-06T14:48:18.798+0000] {logging_mixin.py:190} WARNING - [nltk_data]   Package punkt_tab is already up-to-date!
[2025-05-06T14:48:18.800+0000] {logging_mixin.py:190} INFO - [2025-05-06T14:48:18.800+0000] {client.py:194} INFO - API queries_quota: 60
[2025-05-06T14:48:18.809+0000] {processor.py:925} INFO - DAG(s) 'google_maps_reviews' retrieved from /opt/airflow/dags/airflowdag.py
[2025-05-06T14:48:18.828+0000] {logging_mixin.py:190} INFO - [2025-05-06T14:48:18.827+0000] {taskinstance.py:3315} ERROR - {'DAG Id': 'google_maps_reviews', 'Task Id': 'fetch_google_reviews', 'Run Id': 'scheduled__2025-05-04T00:00:00+00:00', 'Hostname': '8280c28b7f0f', 'External Executor Id': 'ebde47b8-ab30-4d6a-800d-0f371454d248'}
[2025-05-06T14:48:18.860+0000] {logging_mixin.py:190} INFO - Task instance in failure state
[2025-05-06T14:48:18.861+0000] {logging_mixin.py:190} INFO - Task start:2025-05-05 22:03:26.931442+00:00 end:2025-05-06 14:48:18.860185+00:00 duration:60291.928743
[2025-05-06T14:48:18.862+0000] {logging_mixin.py:190} INFO - Task:<Task(PythonOperator): fetch_google_reviews> dag:<DAG: google_maps_reviews> dagrun:<DagRun google_maps_reviews @ 2025-05-04 00:00:00+00:00: scheduled__2025-05-04T00:00:00+00:00, state:running, queued_at: 2025-05-05 22:03:19.047636+00:00. externally triggered: False>
[2025-05-06T14:48:18.863+0000] {logging_mixin.py:190} INFO - Failure caused by {'DAG Id': 'google_maps_reviews', 'Task Id': 'fetch_google_reviews', 'Run Id': 'scheduled__2025-05-04T00:00:00+00:00', 'Hostname': '8280c28b7f0f', 'External Executor Id': 'ebde47b8-ab30-4d6a-800d-0f371454d248'}
[2025-05-06T14:48:18.864+0000] {logging_mixin.py:190} INFO - [2025-05-06T14:48:18.864+0000] {taskinstance.py:1226} INFO - Marking task as UP_FOR_RETRY. dag_id=google_maps_reviews, task_id=fetch_google_reviews, run_id=scheduled__2025-05-04T00:00:00+00:00, execution_date=20250504T000000, start_date=20250505T220326, end_date=20250506T144818
[2025-05-06T14:48:18.893+0000] {logging_mixin.py:190} INFO - [2025-05-06T14:48:18.892+0000] {processor.py:876} INFO - Executed callback for <TaskInstance: google_maps_reviews.fetch_google_reviews scheduled__2025-05-04T00:00:00+00:00 [up_for_retry]> in state up_for_retry
[2025-05-06T14:48:18.909+0000] {logging_mixin.py:190} INFO - [2025-05-06T14:48:18.909+0000] {dag.py:3239} INFO - Sync 1 DAGs
[2025-05-06T14:48:18.926+0000] {logging_mixin.py:190} INFO - [2025-05-06T14:48:18.926+0000] {dag.py:4180} INFO - Setting next_dagrun for google_maps_reviews to 2025-05-06 00:00:00+00:00, run_after=2025-05-07 00:00:00+00:00
[2025-05-06T14:48:18.957+0000] {processor.py:208} INFO - Processing /opt/airflow/dags/airflowdag.py took 4.689 seconds
[2025-05-06T14:48:49.251+0000] {processor.py:186} INFO - Started process (PID=14936) to work on /opt/airflow/dags/airflowdag.py
[2025-05-06T14:48:49.253+0000] {processor.py:914} INFO - Processing file /opt/airflow/dags/airflowdag.py for tasks to queue
[2025-05-06T14:48:49.258+0000] {logging_mixin.py:190} INFO - [2025-05-06T14:48:49.258+0000] {dagbag.py:588} INFO - Filling up the DagBag from /opt/airflow/dags/airflowdag.py
[2025-05-06T14:48:51.777+0000] {logging_mixin.py:190} WARNING - [nltk_data] Downloading package stopwords to
[nltk_data]     /home/airflow/nltk_data...
[2025-05-06T14:48:51.780+0000] {logging_mixin.py:190} WARNING - [nltk_data]   Package stopwords is already up-to-date!
[2025-05-06T14:48:51.781+0000] {logging_mixin.py:190} WARNING - [nltk_data] Downloading package punkt_tab to
[nltk_data]     /home/airflow/nltk_data...
[2025-05-06T14:48:51.797+0000] {logging_mixin.py:190} WARNING - [nltk_data]   Package punkt_tab is already up-to-date!
[2025-05-06T14:48:51.800+0000] {logging_mixin.py:190} INFO - [2025-05-06T14:48:51.799+0000] {client.py:194} INFO - API queries_quota: 60
[2025-05-06T14:48:51.813+0000] {processor.py:925} INFO - DAG(s) 'google_maps_reviews' retrieved from /opt/airflow/dags/airflowdag.py
[2025-05-06T14:48:51.861+0000] {logging_mixin.py:190} INFO - [2025-05-06T14:48:51.860+0000] {dag.py:3239} INFO - Sync 1 DAGs
[2025-05-06T14:48:51.902+0000] {logging_mixin.py:190} INFO - [2025-05-06T14:48:51.902+0000] {dag.py:4180} INFO - Setting next_dagrun for google_maps_reviews to 2025-05-06 00:00:00+00:00, run_after=2025-05-07 00:00:00+00:00
[2025-05-06T14:48:51.944+0000] {processor.py:208} INFO - Processing /opt/airflow/dags/airflowdag.py took 2.707 seconds
[2025-05-06T14:49:47.579+0000] {processor.py:186} INFO - Started process (PID=15028) to work on /opt/airflow/dags/airflowdag.py
[2025-05-06T14:49:47.589+0000] {processor.py:914} INFO - Processing file /opt/airflow/dags/airflowdag.py for tasks to queue
[2025-05-06T14:49:47.620+0000] {logging_mixin.py:190} INFO - [2025-05-06T14:49:47.616+0000] {dagbag.py:588} INFO - Filling up the DagBag from /opt/airflow/dags/airflowdag.py
[2025-05-06T14:50:06.198+0000] {logging_mixin.py:190} WARNING - [nltk_data] Downloading package stopwords to
[nltk_data]     /home/airflow/nltk_data...
[2025-05-06T14:50:06.207+0000] {logging_mixin.py:190} WARNING - [nltk_data]   Package stopwords is already up-to-date!
[2025-05-06T14:50:06.216+0000] {logging_mixin.py:190} WARNING - [nltk_data] Downloading package punkt_tab to
[nltk_data]     /home/airflow/nltk_data...
[2025-05-06T14:50:06.386+0000] {logging_mixin.py:190} WARNING - [nltk_data]   Package punkt_tab is already up-to-date!
[2025-05-06T14:50:06.403+0000] {logging_mixin.py:190} INFO - [2025-05-06T14:50:06.395+0000] {client.py:194} INFO - API queries_quota: 60
[2025-05-06T14:50:06.501+0000] {processor.py:925} INFO - DAG(s) 'google_maps_reviews' retrieved from /opt/airflow/dags/airflowdag.py
[2025-05-06T14:50:06.792+0000] {logging_mixin.py:190} INFO - [2025-05-06T14:50:06.789+0000] {dag.py:3239} INFO - Sync 1 DAGs
[2025-05-06T14:50:07.157+0000] {logging_mixin.py:190} INFO - [2025-05-06T14:50:07.155+0000] {dag.py:4180} INFO - Setting next_dagrun for google_maps_reviews to 2025-05-06 00:00:00+00:00, run_after=2025-05-07 00:00:00+00:00
[2025-05-06T14:50:07.397+0000] {processor.py:208} INFO - Processing /opt/airflow/dags/airflowdag.py took 19.894 seconds
[2025-05-06T14:50:47.732+0000] {processor.py:186} INFO - Started process (PID=15132) to work on /opt/airflow/dags/airflowdag.py
[2025-05-06T14:50:47.737+0000] {processor.py:914} INFO - Processing file /opt/airflow/dags/airflowdag.py for tasks to queue
[2025-05-06T14:50:47.747+0000] {logging_mixin.py:190} INFO - [2025-05-06T14:50:47.746+0000] {dagbag.py:588} INFO - Filling up the DagBag from /opt/airflow/dags/airflowdag.py
[2025-05-06T14:50:52.164+0000] {logging_mixin.py:190} WARNING - [nltk_data] Downloading package stopwords to
[nltk_data]     /home/airflow/nltk_data...
[2025-05-06T14:50:52.167+0000] {logging_mixin.py:190} WARNING - [nltk_data]   Package stopwords is already up-to-date!
[2025-05-06T14:50:52.168+0000] {logging_mixin.py:190} WARNING - [nltk_data] Downloading package punkt_tab to
[nltk_data]     /home/airflow/nltk_data...
[2025-05-06T14:50:52.192+0000] {logging_mixin.py:190} WARNING - [nltk_data]   Package punkt_tab is already up-to-date!
[2025-05-06T14:50:52.197+0000] {logging_mixin.py:190} INFO - [2025-05-06T14:50:52.195+0000] {client.py:194} INFO - API queries_quota: 60
[2025-05-06T14:50:52.226+0000] {processor.py:925} INFO - DAG(s) 'google_maps_reviews' retrieved from /opt/airflow/dags/airflowdag.py
[2025-05-06T14:50:52.305+0000] {logging_mixin.py:190} INFO - [2025-05-06T14:50:52.304+0000] {dag.py:3239} INFO - Sync 1 DAGs
[2025-05-06T14:50:52.379+0000] {logging_mixin.py:190} INFO - [2025-05-06T14:50:52.378+0000] {dag.py:4180} INFO - Setting next_dagrun for google_maps_reviews to 2025-05-06 00:00:00+00:00, run_after=2025-05-07 00:00:00+00:00
[2025-05-06T14:50:52.457+0000] {processor.py:208} INFO - Processing /opt/airflow/dags/airflowdag.py took 4.753 seconds
[2025-05-06T14:51:23.167+0000] {processor.py:186} INFO - Started process (PID=15228) to work on /opt/airflow/dags/airflowdag.py
[2025-05-06T14:51:23.170+0000] {processor.py:914} INFO - Processing file /opt/airflow/dags/airflowdag.py for tasks to queue
[2025-05-06T14:51:23.179+0000] {logging_mixin.py:190} INFO - [2025-05-06T14:51:23.178+0000] {dagbag.py:588} INFO - Filling up the DagBag from /opt/airflow/dags/airflowdag.py
[2025-05-06T14:51:27.093+0000] {logging_mixin.py:190} WARNING - [nltk_data] Downloading package stopwords to
[nltk_data]     /home/airflow/nltk_data...
[2025-05-06T14:51:27.096+0000] {logging_mixin.py:190} WARNING - [nltk_data]   Package stopwords is already up-to-date!
[2025-05-06T14:51:27.098+0000] {logging_mixin.py:190} WARNING - [nltk_data] Downloading package punkt_tab to
[nltk_data]     /home/airflow/nltk_data...
[2025-05-06T14:51:27.120+0000] {logging_mixin.py:190} WARNING - [nltk_data]   Package punkt_tab is already up-to-date!
[2025-05-06T14:51:27.124+0000] {logging_mixin.py:190} INFO - [2025-05-06T14:51:27.122+0000] {client.py:194} INFO - API queries_quota: 60
[2025-05-06T14:51:27.142+0000] {processor.py:925} INFO - DAG(s) 'google_maps_reviews' retrieved from /opt/airflow/dags/airflowdag.py
[2025-05-06T14:51:27.207+0000] {logging_mixin.py:190} INFO - [2025-05-06T14:51:27.206+0000] {dag.py:3239} INFO - Sync 1 DAGs
[2025-05-06T14:51:27.281+0000] {logging_mixin.py:190} INFO - [2025-05-06T14:51:27.280+0000] {dag.py:4180} INFO - Setting next_dagrun for google_maps_reviews to 2025-05-06 00:00:00+00:00, run_after=2025-05-07 00:00:00+00:00
[2025-05-06T14:51:27.368+0000] {processor.py:208} INFO - Processing /opt/airflow/dags/airflowdag.py took 4.221 seconds
[2025-05-06T14:51:58.085+0000] {processor.py:186} INFO - Started process (PID=15328) to work on /opt/airflow/dags/airflowdag.py
[2025-05-06T14:51:58.087+0000] {processor.py:914} INFO - Processing file /opt/airflow/dags/airflowdag.py for tasks to queue
[2025-05-06T14:51:58.092+0000] {logging_mixin.py:190} INFO - [2025-05-06T14:51:58.092+0000] {dagbag.py:588} INFO - Filling up the DagBag from /opt/airflow/dags/airflowdag.py
[2025-05-06T14:52:01.041+0000] {logging_mixin.py:190} WARNING - [nltk_data] Downloading package stopwords to
[nltk_data]     /home/airflow/nltk_data...
[2025-05-06T14:52:01.044+0000] {logging_mixin.py:190} WARNING - [nltk_data]   Package stopwords is already up-to-date!
[2025-05-06T14:52:01.047+0000] {logging_mixin.py:190} WARNING - [nltk_data] Downloading package punkt_tab to
[nltk_data]     /home/airflow/nltk_data...
[2025-05-06T14:52:01.067+0000] {logging_mixin.py:190} WARNING - [nltk_data]   Package punkt_tab is already up-to-date!
[2025-05-06T14:52:01.070+0000] {logging_mixin.py:190} INFO - [2025-05-06T14:52:01.069+0000] {client.py:194} INFO - API queries_quota: 60
[2025-05-06T14:52:01.087+0000] {processor.py:925} INFO - DAG(s) 'google_maps_reviews' retrieved from /opt/airflow/dags/airflowdag.py
[2025-05-06T14:52:01.138+0000] {logging_mixin.py:190} INFO - [2025-05-06T14:52:01.137+0000] {dag.py:3239} INFO - Sync 1 DAGs
[2025-05-06T14:52:01.191+0000] {logging_mixin.py:190} INFO - [2025-05-06T14:52:01.190+0000] {dag.py:4180} INFO - Setting next_dagrun for google_maps_reviews to 2025-05-06 00:00:00+00:00, run_after=2025-05-07 00:00:00+00:00
[2025-05-06T14:52:01.228+0000] {processor.py:208} INFO - Processing /opt/airflow/dags/airflowdag.py took 3.156 seconds
[2025-05-06T14:52:31.749+0000] {processor.py:186} INFO - Started process (PID=15426) to work on /opt/airflow/dags/airflowdag.py
[2025-05-06T14:52:31.751+0000] {processor.py:914} INFO - Processing file /opt/airflow/dags/airflowdag.py for tasks to queue
[2025-05-06T14:52:31.756+0000] {logging_mixin.py:190} INFO - [2025-05-06T14:52:31.755+0000] {dagbag.py:588} INFO - Filling up the DagBag from /opt/airflow/dags/airflowdag.py
[2025-05-06T14:52:34.589+0000] {logging_mixin.py:190} WARNING - [nltk_data] Downloading package stopwords to
[nltk_data]     /home/airflow/nltk_data...
[2025-05-06T14:52:34.592+0000] {logging_mixin.py:190} WARNING - [nltk_data]   Package stopwords is already up-to-date!
[2025-05-06T14:52:34.594+0000] {logging_mixin.py:190} WARNING - [nltk_data] Downloading package punkt_tab to
[nltk_data]     /home/airflow/nltk_data...
[2025-05-06T14:52:34.613+0000] {logging_mixin.py:190} WARNING - [nltk_data]   Package punkt_tab is already up-to-date!
[2025-05-06T14:52:34.616+0000] {logging_mixin.py:190} INFO - [2025-05-06T14:52:34.614+0000] {client.py:194} INFO - API queries_quota: 60
[2025-05-06T14:52:34.633+0000] {processor.py:925} INFO - DAG(s) 'google_maps_reviews' retrieved from /opt/airflow/dags/airflowdag.py
[2025-05-06T14:52:34.678+0000] {logging_mixin.py:190} INFO - [2025-05-06T14:52:34.678+0000] {dag.py:3239} INFO - Sync 1 DAGs
[2025-05-06T14:52:34.735+0000] {logging_mixin.py:190} INFO - [2025-05-06T14:52:34.734+0000] {dag.py:4180} INFO - Setting next_dagrun for google_maps_reviews to 2025-05-06 00:00:00+00:00, run_after=2025-05-07 00:00:00+00:00
[2025-05-06T14:52:34.776+0000] {processor.py:208} INFO - Processing /opt/airflow/dags/airflowdag.py took 3.040 seconds
[2025-05-06T14:53:05.003+0000] {processor.py:186} INFO - Started process (PID=15526) to work on /opt/airflow/dags/airflowdag.py
[2025-05-06T14:53:05.004+0000] {processor.py:914} INFO - Processing file /opt/airflow/dags/airflowdag.py for tasks to queue
[2025-05-06T14:53:05.011+0000] {logging_mixin.py:190} INFO - [2025-05-06T14:53:05.009+0000] {dagbag.py:588} INFO - Filling up the DagBag from /opt/airflow/dags/airflowdag.py
[2025-05-06T14:53:07.976+0000] {logging_mixin.py:190} WARNING - [nltk_data] Downloading package stopwords to
[nltk_data]     /home/airflow/nltk_data...
[2025-05-06T14:53:07.978+0000] {logging_mixin.py:190} WARNING - [nltk_data]   Package stopwords is already up-to-date!
[2025-05-06T14:53:07.980+0000] {logging_mixin.py:190} WARNING - [nltk_data] Downloading package punkt_tab to
[nltk_data]     /home/airflow/nltk_data...
[2025-05-06T14:53:07.998+0000] {logging_mixin.py:190} WARNING - [nltk_data]   Package punkt_tab is already up-to-date!
[2025-05-06T14:53:08.002+0000] {logging_mixin.py:190} INFO - [2025-05-06T14:53:08.000+0000] {client.py:194} INFO - API queries_quota: 60
[2025-05-06T14:53:08.018+0000] {processor.py:925} INFO - DAG(s) 'google_maps_reviews' retrieved from /opt/airflow/dags/airflowdag.py
[2025-05-06T14:53:08.063+0000] {logging_mixin.py:190} INFO - [2025-05-06T14:53:08.062+0000] {dag.py:3239} INFO - Sync 1 DAGs
[2025-05-06T14:53:08.109+0000] {logging_mixin.py:190} INFO - [2025-05-06T14:53:08.109+0000] {dag.py:4180} INFO - Setting next_dagrun for google_maps_reviews to 2025-05-06 00:00:00+00:00, run_after=2025-05-07 00:00:00+00:00
[2025-05-06T14:53:08.146+0000] {processor.py:208} INFO - Processing /opt/airflow/dags/airflowdag.py took 3.159 seconds
[2025-05-06T14:53:38.294+0000] {processor.py:186} INFO - Started process (PID=15621) to work on /opt/airflow/dags/airflowdag.py
[2025-05-06T14:53:38.297+0000] {processor.py:914} INFO - Processing file /opt/airflow/dags/airflowdag.py for tasks to queue
[2025-05-06T14:53:38.302+0000] {logging_mixin.py:190} INFO - [2025-05-06T14:53:38.301+0000] {dagbag.py:588} INFO - Filling up the DagBag from /opt/airflow/dags/airflowdag.py
[2025-05-06T14:53:41.092+0000] {logging_mixin.py:190} WARNING - [nltk_data] Downloading package stopwords to
[nltk_data]     /home/airflow/nltk_data...
[2025-05-06T14:53:41.102+0000] {logging_mixin.py:190} WARNING - [nltk_data]   Package stopwords is already up-to-date!
[2025-05-06T14:53:41.104+0000] {logging_mixin.py:190} WARNING - [nltk_data] Downloading package punkt_tab to
[nltk_data]     /home/airflow/nltk_data...
[2025-05-06T14:53:41.125+0000] {logging_mixin.py:190} WARNING - [nltk_data]   Package punkt_tab is already up-to-date!
[2025-05-06T14:53:41.129+0000] {logging_mixin.py:190} INFO - [2025-05-06T14:53:41.128+0000] {client.py:194} INFO - API queries_quota: 60
[2025-05-06T14:53:41.151+0000] {processor.py:925} INFO - DAG(s) 'google_maps_reviews' retrieved from /opt/airflow/dags/airflowdag.py
[2025-05-06T14:53:41.210+0000] {logging_mixin.py:190} INFO - [2025-05-06T14:53:41.209+0000] {dag.py:3239} INFO - Sync 1 DAGs
[2025-05-06T14:53:41.261+0000] {logging_mixin.py:190} INFO - [2025-05-06T14:53:41.260+0000] {dag.py:4180} INFO - Setting next_dagrun for google_maps_reviews to 2025-05-06 00:00:00+00:00, run_after=2025-05-07 00:00:00+00:00
[2025-05-06T14:53:41.301+0000] {processor.py:208} INFO - Processing /opt/airflow/dags/airflowdag.py took 3.020 seconds
[2025-05-06T14:54:11.716+0000] {processor.py:186} INFO - Started process (PID=15719) to work on /opt/airflow/dags/airflowdag.py
[2025-05-06T14:54:11.730+0000] {processor.py:914} INFO - Processing file /opt/airflow/dags/airflowdag.py for tasks to queue
[2025-05-06T14:54:11.748+0000] {logging_mixin.py:190} INFO - [2025-05-06T14:54:11.746+0000] {dagbag.py:588} INFO - Filling up the DagBag from /opt/airflow/dags/airflowdag.py
[2025-05-06T14:54:15.469+0000] {logging_mixin.py:190} WARNING - [nltk_data] Downloading package stopwords to
[nltk_data]     /home/airflow/nltk_data...
[2025-05-06T14:54:15.473+0000] {logging_mixin.py:190} WARNING - [nltk_data]   Package stopwords is already up-to-date!
[2025-05-06T14:54:15.474+0000] {logging_mixin.py:190} WARNING - [nltk_data] Downloading package punkt_tab to
[nltk_data]     /home/airflow/nltk_data...
[2025-05-06T14:54:15.492+0000] {logging_mixin.py:190} WARNING - [nltk_data]   Package punkt_tab is already up-to-date!
[2025-05-06T14:54:15.495+0000] {logging_mixin.py:190} INFO - [2025-05-06T14:54:15.494+0000] {client.py:194} INFO - API queries_quota: 60
[2025-05-06T14:54:15.509+0000] {processor.py:925} INFO - DAG(s) 'google_maps_reviews' retrieved from /opt/airflow/dags/airflowdag.py
[2025-05-06T14:54:15.549+0000] {logging_mixin.py:190} INFO - [2025-05-06T14:54:15.548+0000] {dag.py:3239} INFO - Sync 1 DAGs
[2025-05-06T14:54:15.594+0000] {logging_mixin.py:190} INFO - [2025-05-06T14:54:15.593+0000] {dag.py:4180} INFO - Setting next_dagrun for google_maps_reviews to 2025-05-06 00:00:00+00:00, run_after=2025-05-07 00:00:00+00:00
[2025-05-06T14:54:15.655+0000] {processor.py:208} INFO - Processing /opt/airflow/dags/airflowdag.py took 3.961 seconds
[2025-05-06T14:54:46.040+0000] {processor.py:186} INFO - Started process (PID=15811) to work on /opt/airflow/dags/airflowdag.py
[2025-05-06T14:54:46.045+0000] {processor.py:914} INFO - Processing file /opt/airflow/dags/airflowdag.py for tasks to queue
[2025-05-06T14:54:46.052+0000] {logging_mixin.py:190} INFO - [2025-05-06T14:54:46.051+0000] {dagbag.py:588} INFO - Filling up the DagBag from /opt/airflow/dags/airflowdag.py
[2025-05-06T14:54:50.116+0000] {logging_mixin.py:190} WARNING - [nltk_data] Downloading package stopwords to
[nltk_data]     /home/airflow/nltk_data...
[2025-05-06T14:54:50.118+0000] {logging_mixin.py:190} WARNING - [nltk_data]   Package stopwords is already up-to-date!
[2025-05-06T14:54:50.120+0000] {logging_mixin.py:190} WARNING - [nltk_data] Downloading package punkt_tab to
[nltk_data]     /home/airflow/nltk_data...
[2025-05-06T14:54:50.137+0000] {logging_mixin.py:190} WARNING - [nltk_data]   Package punkt_tab is already up-to-date!
[2025-05-06T14:54:50.141+0000] {logging_mixin.py:190} INFO - [2025-05-06T14:54:50.140+0000] {client.py:194} INFO - API queries_quota: 60
[2025-05-06T14:54:50.155+0000] {processor.py:925} INFO - DAG(s) 'google_maps_reviews' retrieved from /opt/airflow/dags/airflowdag.py
[2025-05-06T14:54:50.213+0000] {logging_mixin.py:190} INFO - [2025-05-06T14:54:50.212+0000] {dag.py:3239} INFO - Sync 1 DAGs
[2025-05-06T14:54:50.275+0000] {logging_mixin.py:190} INFO - [2025-05-06T14:54:50.274+0000] {dag.py:4180} INFO - Setting next_dagrun for google_maps_reviews to 2025-05-06 00:00:00+00:00, run_after=2025-05-07 00:00:00+00:00
[2025-05-06T14:54:50.326+0000] {processor.py:208} INFO - Processing /opt/airflow/dags/airflowdag.py took 4.303 seconds
[2025-05-06T14:55:21.052+0000] {processor.py:186} INFO - Started process (PID=15908) to work on /opt/airflow/dags/airflowdag.py
[2025-05-06T14:55:21.055+0000] {processor.py:914} INFO - Processing file /opt/airflow/dags/airflowdag.py for tasks to queue
[2025-05-06T14:55:21.060+0000] {logging_mixin.py:190} INFO - [2025-05-06T14:55:21.059+0000] {dagbag.py:588} INFO - Filling up the DagBag from /opt/airflow/dags/airflowdag.py
[2025-05-06T14:55:24.769+0000] {logging_mixin.py:190} WARNING - [nltk_data] Downloading package stopwords to
[nltk_data]     /home/airflow/nltk_data...
[2025-05-06T14:55:24.772+0000] {logging_mixin.py:190} WARNING - [nltk_data]   Package stopwords is already up-to-date!
[2025-05-06T14:55:24.773+0000] {logging_mixin.py:190} WARNING - [nltk_data] Downloading package punkt_tab to
[nltk_data]     /home/airflow/nltk_data...
[2025-05-06T14:55:24.790+0000] {logging_mixin.py:190} WARNING - [nltk_data]   Package punkt_tab is already up-to-date!
[2025-05-06T14:55:24.793+0000] {logging_mixin.py:190} INFO - [2025-05-06T14:55:24.792+0000] {client.py:194} INFO - API queries_quota: 60
[2025-05-06T14:55:24.807+0000] {processor.py:925} INFO - DAG(s) 'google_maps_reviews' retrieved from /opt/airflow/dags/airflowdag.py
[2025-05-06T14:55:24.854+0000] {logging_mixin.py:190} INFO - [2025-05-06T14:55:24.853+0000] {dag.py:3239} INFO - Sync 1 DAGs
[2025-05-06T14:55:24.901+0000] {logging_mixin.py:190} INFO - [2025-05-06T14:55:24.901+0000] {dag.py:4180} INFO - Setting next_dagrun for google_maps_reviews to 2025-05-06 00:00:00+00:00, run_after=2025-05-07 00:00:00+00:00
[2025-05-06T14:55:24.941+0000] {processor.py:208} INFO - Processing /opt/airflow/dags/airflowdag.py took 3.900 seconds
[2025-05-06T14:55:55.273+0000] {processor.py:186} INFO - Started process (PID=16009) to work on /opt/airflow/dags/airflowdag.py
[2025-05-06T14:55:55.276+0000] {processor.py:914} INFO - Processing file /opt/airflow/dags/airflowdag.py for tasks to queue
[2025-05-06T14:55:55.280+0000] {logging_mixin.py:190} INFO - [2025-05-06T14:55:55.279+0000] {dagbag.py:588} INFO - Filling up the DagBag from /opt/airflow/dags/airflowdag.py
[2025-05-06T14:55:59.655+0000] {logging_mixin.py:190} WARNING - [nltk_data] Downloading package stopwords to
[nltk_data]     /home/airflow/nltk_data...
[2025-05-06T14:55:59.658+0000] {logging_mixin.py:190} WARNING - [nltk_data]   Package stopwords is already up-to-date!
[2025-05-06T14:55:59.660+0000] {logging_mixin.py:190} WARNING - [nltk_data] Downloading package punkt_tab to
[nltk_data]     /home/airflow/nltk_data...
[2025-05-06T14:55:59.686+0000] {logging_mixin.py:190} WARNING - [nltk_data]   Package punkt_tab is already up-to-date!
[2025-05-06T14:55:59.692+0000] {logging_mixin.py:190} INFO - [2025-05-06T14:55:59.690+0000] {client.py:194} INFO - API queries_quota: 60
[2025-05-06T14:55:59.708+0000] {processor.py:925} INFO - DAG(s) 'google_maps_reviews' retrieved from /opt/airflow/dags/airflowdag.py
[2025-05-06T14:55:59.754+0000] {logging_mixin.py:190} INFO - [2025-05-06T14:55:59.753+0000] {dag.py:3239} INFO - Sync 1 DAGs
[2025-05-06T14:55:59.808+0000] {logging_mixin.py:190} INFO - [2025-05-06T14:55:59.807+0000] {dag.py:4180} INFO - Setting next_dagrun for google_maps_reviews to 2025-05-06 00:00:00+00:00, run_after=2025-05-07 00:00:00+00:00
[2025-05-06T14:55:59.869+0000] {processor.py:208} INFO - Processing /opt/airflow/dags/airflowdag.py took 4.608 seconds
[2025-05-06T14:56:30.729+0000] {processor.py:186} INFO - Started process (PID=16115) to work on /opt/airflow/dags/airflowdag.py
[2025-05-06T14:56:30.732+0000] {processor.py:914} INFO - Processing file /opt/airflow/dags/airflowdag.py for tasks to queue
[2025-05-06T14:56:30.738+0000] {logging_mixin.py:190} INFO - [2025-05-06T14:56:30.737+0000] {dagbag.py:588} INFO - Filling up the DagBag from /opt/airflow/dags/airflowdag.py
[2025-05-06T14:56:34.512+0000] {logging_mixin.py:190} WARNING - [nltk_data] Downloading package stopwords to
[nltk_data]     /home/airflow/nltk_data...
[2025-05-06T14:56:34.515+0000] {logging_mixin.py:190} WARNING - [nltk_data]   Package stopwords is already up-to-date!
[2025-05-06T14:56:34.516+0000] {logging_mixin.py:190} WARNING - [nltk_data] Downloading package punkt_tab to
[nltk_data]     /home/airflow/nltk_data...
[2025-05-06T14:56:34.534+0000] {logging_mixin.py:190} WARNING - [nltk_data]   Package punkt_tab is already up-to-date!
[2025-05-06T14:56:34.536+0000] {logging_mixin.py:190} INFO - [2025-05-06T14:56:34.535+0000] {client.py:194} INFO - API queries_quota: 60
[2025-05-06T14:56:34.555+0000] {processor.py:925} INFO - DAG(s) 'google_maps_reviews' retrieved from /opt/airflow/dags/airflowdag.py
[2025-05-06T14:56:34.610+0000] {logging_mixin.py:190} INFO - [2025-05-06T14:56:34.609+0000] {dag.py:3239} INFO - Sync 1 DAGs
[2025-05-06T14:56:34.658+0000] {logging_mixin.py:190} INFO - [2025-05-06T14:56:34.658+0000] {dag.py:4180} INFO - Setting next_dagrun for google_maps_reviews to 2025-05-06 00:00:00+00:00, run_after=2025-05-07 00:00:00+00:00
[2025-05-06T14:56:34.712+0000] {processor.py:208} INFO - Processing /opt/airflow/dags/airflowdag.py took 3.996 seconds
[2025-05-06T14:57:05.155+0000] {processor.py:186} INFO - Started process (PID=16209) to work on /opt/airflow/dags/airflowdag.py
[2025-05-06T14:57:05.157+0000] {processor.py:914} INFO - Processing file /opt/airflow/dags/airflowdag.py for tasks to queue
[2025-05-06T14:57:05.162+0000] {logging_mixin.py:190} INFO - [2025-05-06T14:57:05.161+0000] {dagbag.py:588} INFO - Filling up the DagBag from /opt/airflow/dags/airflowdag.py
[2025-05-06T14:57:07.562+0000] {logging_mixin.py:190} WARNING - [nltk_data] Downloading package stopwords to
[nltk_data]     /home/airflow/nltk_data...
[2025-05-06T14:57:07.564+0000] {logging_mixin.py:190} WARNING - [nltk_data]   Package stopwords is already up-to-date!
[2025-05-06T14:57:07.566+0000] {logging_mixin.py:190} WARNING - [nltk_data] Downloading package punkt_tab to
[nltk_data]     /home/airflow/nltk_data...
[2025-05-06T14:57:07.583+0000] {logging_mixin.py:190} WARNING - [nltk_data]   Package punkt_tab is already up-to-date!
[2025-05-06T14:57:07.586+0000] {logging_mixin.py:190} INFO - [2025-05-06T14:57:07.585+0000] {client.py:194} INFO - API queries_quota: 60
[2025-05-06T14:57:07.602+0000] {processor.py:925} INFO - DAG(s) 'google_maps_reviews' retrieved from /opt/airflow/dags/airflowdag.py
[2025-05-06T14:57:07.653+0000] {logging_mixin.py:190} INFO - [2025-05-06T14:57:07.653+0000] {dag.py:3239} INFO - Sync 1 DAGs
[2025-05-06T14:57:07.700+0000] {logging_mixin.py:190} INFO - [2025-05-06T14:57:07.700+0000] {dag.py:4180} INFO - Setting next_dagrun for google_maps_reviews to 2025-05-06 00:00:00+00:00, run_after=2025-05-07 00:00:00+00:00
[2025-05-06T14:57:07.742+0000] {processor.py:208} INFO - Processing /opt/airflow/dags/airflowdag.py took 2.601 seconds
[2025-05-06T14:57:37.912+0000] {processor.py:186} INFO - Started process (PID=16301) to work on /opt/airflow/dags/airflowdag.py
[2025-05-06T14:57:37.914+0000] {processor.py:914} INFO - Processing file /opt/airflow/dags/airflowdag.py for tasks to queue
[2025-05-06T14:57:37.919+0000] {logging_mixin.py:190} INFO - [2025-05-06T14:57:37.918+0000] {dagbag.py:588} INFO - Filling up the DagBag from /opt/airflow/dags/airflowdag.py
[2025-05-06T14:57:40.758+0000] {logging_mixin.py:190} WARNING - [nltk_data] Downloading package stopwords to
[nltk_data]     /home/airflow/nltk_data...
[2025-05-06T14:57:40.760+0000] {logging_mixin.py:190} WARNING - [nltk_data]   Package stopwords is already up-to-date!
[2025-05-06T14:57:40.762+0000] {logging_mixin.py:190} WARNING - [nltk_data] Downloading package punkt_tab to
[nltk_data]     /home/airflow/nltk_data...
[2025-05-06T14:57:40.782+0000] {logging_mixin.py:190} WARNING - [nltk_data]   Package punkt_tab is already up-to-date!
[2025-05-06T14:57:40.785+0000] {logging_mixin.py:190} INFO - [2025-05-06T14:57:40.784+0000] {client.py:194} INFO - API queries_quota: 60
[2025-05-06T14:57:40.797+0000] {processor.py:925} INFO - DAG(s) 'google_maps_reviews' retrieved from /opt/airflow/dags/airflowdag.py
[2025-05-06T14:57:40.849+0000] {logging_mixin.py:190} INFO - [2025-05-06T14:57:40.849+0000] {dag.py:3239} INFO - Sync 1 DAGs
[2025-05-06T14:57:40.889+0000] {logging_mixin.py:190} INFO - [2025-05-06T14:57:40.889+0000] {dag.py:4180} INFO - Setting next_dagrun for google_maps_reviews to 2025-05-06 00:00:00+00:00, run_after=2025-05-07 00:00:00+00:00
[2025-05-06T14:57:40.940+0000] {processor.py:208} INFO - Processing /opt/airflow/dags/airflowdag.py took 3.038 seconds
[2025-05-06T14:58:11.608+0000] {processor.py:186} INFO - Started process (PID=16393) to work on /opt/airflow/dags/airflowdag.py
[2025-05-06T14:58:11.613+0000] {processor.py:914} INFO - Processing file /opt/airflow/dags/airflowdag.py for tasks to queue
[2025-05-06T14:58:11.619+0000] {logging_mixin.py:190} INFO - [2025-05-06T14:58:11.618+0000] {dagbag.py:588} INFO - Filling up the DagBag from /opt/airflow/dags/airflowdag.py
[2025-05-06T14:58:14.581+0000] {logging_mixin.py:190} WARNING - [nltk_data] Downloading package stopwords to
[nltk_data]     /home/airflow/nltk_data...
[2025-05-06T14:58:14.584+0000] {logging_mixin.py:190} WARNING - [nltk_data]   Package stopwords is already up-to-date!
[2025-05-06T14:58:14.585+0000] {logging_mixin.py:190} WARNING - [nltk_data] Downloading package punkt_tab to
[nltk_data]     /home/airflow/nltk_data...
[2025-05-06T14:58:14.612+0000] {logging_mixin.py:190} WARNING - [nltk_data]   Package punkt_tab is already up-to-date!
[2025-05-06T14:58:14.616+0000] {logging_mixin.py:190} INFO - [2025-05-06T14:58:14.614+0000] {client.py:194} INFO - API queries_quota: 60
[2025-05-06T14:58:14.633+0000] {processor.py:925} INFO - DAG(s) 'google_maps_reviews' retrieved from /opt/airflow/dags/airflowdag.py
[2025-05-06T14:58:14.681+0000] {logging_mixin.py:190} INFO - [2025-05-06T14:58:14.680+0000] {dag.py:3239} INFO - Sync 1 DAGs
[2025-05-06T14:58:14.732+0000] {logging_mixin.py:190} INFO - [2025-05-06T14:58:14.731+0000] {dag.py:4180} INFO - Setting next_dagrun for google_maps_reviews to 2025-05-06 00:00:00+00:00, run_after=2025-05-07 00:00:00+00:00
[2025-05-06T14:58:14.800+0000] {processor.py:208} INFO - Processing /opt/airflow/dags/airflowdag.py took 3.204 seconds
[2025-05-06T14:58:45.841+0000] {processor.py:186} INFO - Started process (PID=16490) to work on /opt/airflow/dags/airflowdag.py
[2025-05-06T14:58:45.844+0000] {processor.py:914} INFO - Processing file /opt/airflow/dags/airflowdag.py for tasks to queue
[2025-05-06T14:58:45.850+0000] {logging_mixin.py:190} INFO - [2025-05-06T14:58:45.849+0000] {dagbag.py:588} INFO - Filling up the DagBag from /opt/airflow/dags/airflowdag.py
[2025-05-06T14:58:48.394+0000] {logging_mixin.py:190} WARNING - [nltk_data] Downloading package stopwords to
[nltk_data]     /home/airflow/nltk_data...
[2025-05-06T14:58:48.396+0000] {logging_mixin.py:190} WARNING - [nltk_data]   Package stopwords is already up-to-date!
[2025-05-06T14:58:48.398+0000] {logging_mixin.py:190} WARNING - [nltk_data] Downloading package punkt_tab to
[nltk_data]     /home/airflow/nltk_data...
[2025-05-06T14:58:48.414+0000] {logging_mixin.py:190} WARNING - [nltk_data]   Package punkt_tab is already up-to-date!
[2025-05-06T14:58:48.417+0000] {logging_mixin.py:190} INFO - [2025-05-06T14:58:48.416+0000] {client.py:194} INFO - API queries_quota: 60
[2025-05-06T14:58:48.431+0000] {processor.py:925} INFO - DAG(s) 'google_maps_reviews' retrieved from /opt/airflow/dags/airflowdag.py
[2025-05-06T14:58:48.473+0000] {logging_mixin.py:190} INFO - [2025-05-06T14:58:48.472+0000] {dag.py:3239} INFO - Sync 1 DAGs
[2025-05-06T14:58:48.525+0000] {logging_mixin.py:190} INFO - [2025-05-06T14:58:48.524+0000] {dag.py:4180} INFO - Setting next_dagrun for google_maps_reviews to 2025-05-06 00:00:00+00:00, run_after=2025-05-07 00:00:00+00:00
[2025-05-06T14:58:48.563+0000] {processor.py:208} INFO - Processing /opt/airflow/dags/airflowdag.py took 2.740 seconds
[2025-05-06T14:59:19.502+0000] {processor.py:186} INFO - Started process (PID=16587) to work on /opt/airflow/dags/airflowdag.py
[2025-05-06T14:59:19.504+0000] {processor.py:914} INFO - Processing file /opt/airflow/dags/airflowdag.py for tasks to queue
[2025-05-06T14:59:19.510+0000] {logging_mixin.py:190} INFO - [2025-05-06T14:59:19.508+0000] {dagbag.py:588} INFO - Filling up the DagBag from /opt/airflow/dags/airflowdag.py
[2025-05-06T14:59:22.103+0000] {logging_mixin.py:190} WARNING - [nltk_data] Downloading package stopwords to
[nltk_data]     /home/airflow/nltk_data...
[2025-05-06T14:59:22.105+0000] {logging_mixin.py:190} WARNING - [nltk_data]   Package stopwords is already up-to-date!
[2025-05-06T14:59:22.106+0000] {logging_mixin.py:190} WARNING - [nltk_data] Downloading package punkt_tab to
[nltk_data]     /home/airflow/nltk_data...
[2025-05-06T14:59:22.124+0000] {logging_mixin.py:190} WARNING - [nltk_data]   Package punkt_tab is already up-to-date!
[2025-05-06T14:59:22.126+0000] {logging_mixin.py:190} INFO - [2025-05-06T14:59:22.126+0000] {client.py:194} INFO - API queries_quota: 60
[2025-05-06T14:59:22.141+0000] {processor.py:925} INFO - DAG(s) 'google_maps_reviews' retrieved from /opt/airflow/dags/airflowdag.py
[2025-05-06T14:59:22.186+0000] {logging_mixin.py:190} INFO - [2025-05-06T14:59:22.186+0000] {dag.py:3239} INFO - Sync 1 DAGs
[2025-05-06T14:59:22.235+0000] {logging_mixin.py:190} INFO - [2025-05-06T14:59:22.234+0000] {dag.py:4180} INFO - Setting next_dagrun for google_maps_reviews to 2025-05-06 00:00:00+00:00, run_after=2025-05-07 00:00:00+00:00
[2025-05-06T14:59:22.270+0000] {processor.py:208} INFO - Processing /opt/airflow/dags/airflowdag.py took 2.789 seconds
[2025-05-06T14:59:52.612+0000] {processor.py:186} INFO - Started process (PID=16683) to work on /opt/airflow/dags/airflowdag.py
[2025-05-06T14:59:52.614+0000] {processor.py:914} INFO - Processing file /opt/airflow/dags/airflowdag.py for tasks to queue
[2025-05-06T14:59:52.619+0000] {logging_mixin.py:190} INFO - [2025-05-06T14:59:52.618+0000] {dagbag.py:588} INFO - Filling up the DagBag from /opt/airflow/dags/airflowdag.py
[2025-05-06T14:59:55.484+0000] {logging_mixin.py:190} WARNING - [nltk_data] Downloading package stopwords to
[nltk_data]     /home/airflow/nltk_data...
[2025-05-06T14:59:55.487+0000] {logging_mixin.py:190} WARNING - [nltk_data]   Package stopwords is already up-to-date!
[2025-05-06T14:59:55.488+0000] {logging_mixin.py:190} WARNING - [nltk_data] Downloading package punkt_tab to
[nltk_data]     /home/airflow/nltk_data...
[2025-05-06T14:59:55.504+0000] {logging_mixin.py:190} WARNING - [nltk_data]   Package punkt_tab is already up-to-date!
[2025-05-06T14:59:55.507+0000] {logging_mixin.py:190} INFO - [2025-05-06T14:59:55.506+0000] {client.py:194} INFO - API queries_quota: 60
[2025-05-06T14:59:55.520+0000] {processor.py:925} INFO - DAG(s) 'google_maps_reviews' retrieved from /opt/airflow/dags/airflowdag.py
[2025-05-06T14:59:55.560+0000] {logging_mixin.py:190} INFO - [2025-05-06T14:59:55.560+0000] {dag.py:3239} INFO - Sync 1 DAGs
[2025-05-06T14:59:55.602+0000] {logging_mixin.py:190} INFO - [2025-05-06T14:59:55.601+0000] {dag.py:4180} INFO - Setting next_dagrun for google_maps_reviews to 2025-05-06 00:00:00+00:00, run_after=2025-05-07 00:00:00+00:00
[2025-05-06T14:59:55.642+0000] {processor.py:208} INFO - Processing /opt/airflow/dags/airflowdag.py took 3.048 seconds
[2025-05-06T15:00:25.790+0000] {processor.py:186} INFO - Started process (PID=16779) to work on /opt/airflow/dags/airflowdag.py
[2025-05-06T15:00:25.792+0000] {processor.py:914} INFO - Processing file /opt/airflow/dags/airflowdag.py for tasks to queue
[2025-05-06T15:00:25.796+0000] {logging_mixin.py:190} INFO - [2025-05-06T15:00:25.796+0000] {dagbag.py:588} INFO - Filling up the DagBag from /opt/airflow/dags/airflowdag.py
[2025-05-06T15:00:28.620+0000] {logging_mixin.py:190} WARNING - [nltk_data] Downloading package stopwords to
[nltk_data]     /home/airflow/nltk_data...
[2025-05-06T15:00:28.622+0000] {logging_mixin.py:190} WARNING - [nltk_data]   Package stopwords is already up-to-date!
[2025-05-06T15:00:28.623+0000] {logging_mixin.py:190} WARNING - [nltk_data] Downloading package punkt_tab to
[nltk_data]     /home/airflow/nltk_data...
[2025-05-06T15:00:28.644+0000] {logging_mixin.py:190} WARNING - [nltk_data]   Package punkt_tab is already up-to-date!
[2025-05-06T15:00:28.647+0000] {logging_mixin.py:190} INFO - [2025-05-06T15:00:28.646+0000] {client.py:194} INFO - API queries_quota: 60
[2025-05-06T15:00:28.660+0000] {processor.py:925} INFO - DAG(s) 'google_maps_reviews' retrieved from /opt/airflow/dags/airflowdag.py
[2025-05-06T15:00:28.706+0000] {logging_mixin.py:190} INFO - [2025-05-06T15:00:28.705+0000] {dag.py:3239} INFO - Sync 1 DAGs
[2025-05-06T15:00:28.752+0000] {logging_mixin.py:190} INFO - [2025-05-06T15:00:28.752+0000] {dag.py:4180} INFO - Setting next_dagrun for google_maps_reviews to 2025-05-06 00:00:00+00:00, run_after=2025-05-07 00:00:00+00:00
[2025-05-06T15:00:28.798+0000] {processor.py:208} INFO - Processing /opt/airflow/dags/airflowdag.py took 3.019 seconds
[2025-05-06T15:00:59.380+0000] {processor.py:186} INFO - Started process (PID=16884) to work on /opt/airflow/dags/airflowdag.py
[2025-05-06T15:00:59.383+0000] {processor.py:914} INFO - Processing file /opt/airflow/dags/airflowdag.py for tasks to queue
[2025-05-06T15:00:59.388+0000] {logging_mixin.py:190} INFO - [2025-05-06T15:00:59.388+0000] {dagbag.py:588} INFO - Filling up the DagBag from /opt/airflow/dags/airflowdag.py
[2025-05-06T15:01:02.171+0000] {logging_mixin.py:190} WARNING - [nltk_data] Downloading package stopwords to
[nltk_data]     /home/airflow/nltk_data...
[2025-05-06T15:01:02.174+0000] {logging_mixin.py:190} WARNING - [nltk_data]   Package stopwords is already up-to-date!
[2025-05-06T15:01:02.175+0000] {logging_mixin.py:190} WARNING - [nltk_data] Downloading package punkt_tab to
[nltk_data]     /home/airflow/nltk_data...
[2025-05-06T15:01:02.192+0000] {logging_mixin.py:190} WARNING - [nltk_data]   Package punkt_tab is already up-to-date!
[2025-05-06T15:01:02.194+0000] {logging_mixin.py:190} INFO - [2025-05-06T15:01:02.193+0000] {client.py:194} INFO - API queries_quota: 60
[2025-05-06T15:01:02.209+0000] {processor.py:925} INFO - DAG(s) 'google_maps_reviews' retrieved from /opt/airflow/dags/airflowdag.py
[2025-05-06T15:01:02.255+0000] {logging_mixin.py:190} INFO - [2025-05-06T15:01:02.255+0000] {dag.py:3239} INFO - Sync 1 DAGs
[2025-05-06T15:01:02.299+0000] {logging_mixin.py:190} INFO - [2025-05-06T15:01:02.298+0000] {dag.py:4180} INFO - Setting next_dagrun for google_maps_reviews to 2025-05-06 00:00:00+00:00, run_after=2025-05-07 00:00:00+00:00
[2025-05-06T15:01:02.340+0000] {processor.py:208} INFO - Processing /opt/airflow/dags/airflowdag.py took 2.972 seconds
[2025-05-06T15:01:32.975+0000] {processor.py:186} INFO - Started process (PID=16985) to work on /opt/airflow/dags/airflowdag.py
[2025-05-06T15:01:32.977+0000] {processor.py:914} INFO - Processing file /opt/airflow/dags/airflowdag.py for tasks to queue
[2025-05-06T15:01:32.984+0000] {logging_mixin.py:190} INFO - [2025-05-06T15:01:32.983+0000] {dagbag.py:588} INFO - Filling up the DagBag from /opt/airflow/dags/airflowdag.py
[2025-05-06T15:01:35.715+0000] {logging_mixin.py:190} WARNING - [nltk_data] Downloading package stopwords to
[nltk_data]     /home/airflow/nltk_data...
[2025-05-06T15:01:35.717+0000] {logging_mixin.py:190} WARNING - [nltk_data]   Package stopwords is already up-to-date!
[2025-05-06T15:01:35.719+0000] {logging_mixin.py:190} WARNING - [nltk_data] Downloading package punkt_tab to
[nltk_data]     /home/airflow/nltk_data...
[2025-05-06T15:01:35.736+0000] {logging_mixin.py:190} WARNING - [nltk_data]   Package punkt_tab is already up-to-date!
[2025-05-06T15:01:35.739+0000] {logging_mixin.py:190} INFO - [2025-05-06T15:01:35.738+0000] {client.py:194} INFO - API queries_quota: 60
[2025-05-06T15:01:35.753+0000] {processor.py:925} INFO - DAG(s) 'google_maps_reviews' retrieved from /opt/airflow/dags/airflowdag.py
[2025-05-06T15:01:35.800+0000] {logging_mixin.py:190} INFO - [2025-05-06T15:01:35.800+0000] {dag.py:3239} INFO - Sync 1 DAGs
[2025-05-06T15:01:35.850+0000] {logging_mixin.py:190} INFO - [2025-05-06T15:01:35.849+0000] {dag.py:4180} INFO - Setting next_dagrun for google_maps_reviews to 2025-05-06 00:00:00+00:00, run_after=2025-05-07 00:00:00+00:00
[2025-05-06T15:01:35.905+0000] {processor.py:208} INFO - Processing /opt/airflow/dags/airflowdag.py took 2.942 seconds
[2025-05-06T15:02:06.239+0000] {processor.py:186} INFO - Started process (PID=17084) to work on /opt/airflow/dags/airflowdag.py
[2025-05-06T15:02:06.242+0000] {processor.py:914} INFO - Processing file /opt/airflow/dags/airflowdag.py for tasks to queue
[2025-05-06T15:02:06.247+0000] {logging_mixin.py:190} INFO - [2025-05-06T15:02:06.246+0000] {dagbag.py:588} INFO - Filling up the DagBag from /opt/airflow/dags/airflowdag.py
[2025-05-06T15:02:08.926+0000] {logging_mixin.py:190} WARNING - [nltk_data] Downloading package stopwords to
[nltk_data]     /home/airflow/nltk_data...
[2025-05-06T15:02:08.933+0000] {logging_mixin.py:190} WARNING - [nltk_data]   Package stopwords is already up-to-date!
[2025-05-06T15:02:08.934+0000] {logging_mixin.py:190} WARNING - [nltk_data] Downloading package punkt_tab to
[nltk_data]     /home/airflow/nltk_data...
[2025-05-06T15:02:08.955+0000] {logging_mixin.py:190} WARNING - [nltk_data]   Package punkt_tab is already up-to-date!
[2025-05-06T15:02:08.966+0000] {logging_mixin.py:190} INFO - [2025-05-06T15:02:08.965+0000] {client.py:194} INFO - API queries_quota: 60
[2025-05-06T15:02:08.992+0000] {processor.py:925} INFO - DAG(s) 'google_maps_reviews' retrieved from /opt/airflow/dags/airflowdag.py
[2025-05-06T15:02:09.040+0000] {logging_mixin.py:190} INFO - [2025-05-06T15:02:09.040+0000] {dag.py:3239} INFO - Sync 1 DAGs
[2025-05-06T15:02:09.087+0000] {logging_mixin.py:190} INFO - [2025-05-06T15:02:09.086+0000] {dag.py:4180} INFO - Setting next_dagrun for google_maps_reviews to 2025-05-06 00:00:00+00:00, run_after=2025-05-07 00:00:00+00:00
[2025-05-06T15:02:09.146+0000] {processor.py:208} INFO - Processing /opt/airflow/dags/airflowdag.py took 2.921 seconds
[2025-05-06T15:02:39.422+0000] {processor.py:186} INFO - Started process (PID=17180) to work on /opt/airflow/dags/airflowdag.py
[2025-05-06T15:02:39.423+0000] {processor.py:914} INFO - Processing file /opt/airflow/dags/airflowdag.py for tasks to queue
[2025-05-06T15:02:39.428+0000] {logging_mixin.py:190} INFO - [2025-05-06T15:02:39.428+0000] {dagbag.py:588} INFO - Filling up the DagBag from /opt/airflow/dags/airflowdag.py
[2025-05-06T15:02:42.172+0000] {logging_mixin.py:190} WARNING - [nltk_data] Downloading package stopwords to
[nltk_data]     /home/airflow/nltk_data...
[2025-05-06T15:02:42.175+0000] {logging_mixin.py:190} WARNING - [nltk_data]   Package stopwords is already up-to-date!
[2025-05-06T15:02:42.176+0000] {logging_mixin.py:190} WARNING - [nltk_data] Downloading package punkt_tab to
[nltk_data]     /home/airflow/nltk_data...
[2025-05-06T15:02:42.192+0000] {logging_mixin.py:190} WARNING - [nltk_data]   Package punkt_tab is already up-to-date!
[2025-05-06T15:02:42.195+0000] {logging_mixin.py:190} INFO - [2025-05-06T15:02:42.194+0000] {client.py:194} INFO - API queries_quota: 60
[2025-05-06T15:02:42.209+0000] {processor.py:925} INFO - DAG(s) 'google_maps_reviews' retrieved from /opt/airflow/dags/airflowdag.py
[2025-05-06T15:02:42.260+0000] {logging_mixin.py:190} INFO - [2025-05-06T15:02:42.259+0000] {dag.py:3239} INFO - Sync 1 DAGs
[2025-05-06T15:02:42.308+0000] {logging_mixin.py:190} INFO - [2025-05-06T15:02:42.307+0000] {dag.py:4180} INFO - Setting next_dagrun for google_maps_reviews to 2025-05-06 00:00:00+00:00, run_after=2025-05-07 00:00:00+00:00
[2025-05-06T15:02:42.365+0000] {processor.py:208} INFO - Processing /opt/airflow/dags/airflowdag.py took 2.954 seconds
[2025-05-06T15:03:13.344+0000] {processor.py:186} INFO - Started process (PID=17272) to work on /opt/airflow/dags/airflowdag.py
[2025-05-06T15:03:13.346+0000] {processor.py:914} INFO - Processing file /opt/airflow/dags/airflowdag.py for tasks to queue
[2025-05-06T15:03:13.351+0000] {logging_mixin.py:190} INFO - [2025-05-06T15:03:13.350+0000] {dagbag.py:588} INFO - Filling up the DagBag from /opt/airflow/dags/airflowdag.py
[2025-05-06T15:03:16.034+0000] {logging_mixin.py:190} WARNING - [nltk_data] Downloading package stopwords to
[nltk_data]     /home/airflow/nltk_data...
[2025-05-06T15:03:16.036+0000] {logging_mixin.py:190} WARNING - [nltk_data]   Package stopwords is already up-to-date!
[2025-05-06T15:03:16.037+0000] {logging_mixin.py:190} WARNING - [nltk_data] Downloading package punkt_tab to
[nltk_data]     /home/airflow/nltk_data...
[2025-05-06T15:03:16.053+0000] {logging_mixin.py:190} WARNING - [nltk_data]   Package punkt_tab is already up-to-date!
[2025-05-06T15:03:16.056+0000] {logging_mixin.py:190} INFO - [2025-05-06T15:03:16.054+0000] {client.py:194} INFO - API queries_quota: 60
[2025-05-06T15:03:16.074+0000] {processor.py:925} INFO - DAG(s) 'google_maps_reviews' retrieved from /opt/airflow/dags/airflowdag.py
[2025-05-06T15:03:16.118+0000] {logging_mixin.py:190} INFO - [2025-05-06T15:03:16.118+0000] {dag.py:3239} INFO - Sync 1 DAGs
[2025-05-06T15:03:16.168+0000] {logging_mixin.py:190} INFO - [2025-05-06T15:03:16.167+0000] {dag.py:4180} INFO - Setting next_dagrun for google_maps_reviews to 2025-05-06 00:00:00+00:00, run_after=2025-05-07 00:00:00+00:00
[2025-05-06T15:03:16.202+0000] {processor.py:208} INFO - Processing /opt/airflow/dags/airflowdag.py took 2.871 seconds
[2025-05-06T15:03:46.467+0000] {processor.py:186} INFO - Started process (PID=17365) to work on /opt/airflow/dags/airflowdag.py
[2025-05-06T15:03:46.470+0000] {processor.py:914} INFO - Processing file /opt/airflow/dags/airflowdag.py for tasks to queue
[2025-05-06T15:03:46.475+0000] {logging_mixin.py:190} INFO - [2025-05-06T15:03:46.474+0000] {dagbag.py:588} INFO - Filling up the DagBag from /opt/airflow/dags/airflowdag.py
[2025-05-06T15:03:49.110+0000] {logging_mixin.py:190} WARNING - [nltk_data] Downloading package stopwords to
[nltk_data]     /home/airflow/nltk_data...
[2025-05-06T15:03:49.113+0000] {logging_mixin.py:190} WARNING - [nltk_data]   Package stopwords is already up-to-date!
[2025-05-06T15:03:49.115+0000] {logging_mixin.py:190} WARNING - [nltk_data] Downloading package punkt_tab to
[nltk_data]     /home/airflow/nltk_data...
[2025-05-06T15:03:49.132+0000] {logging_mixin.py:190} WARNING - [nltk_data]   Package punkt_tab is already up-to-date!
[2025-05-06T15:03:49.135+0000] {logging_mixin.py:190} INFO - [2025-05-06T15:03:49.134+0000] {client.py:194} INFO - API queries_quota: 60
[2025-05-06T15:03:49.148+0000] {processor.py:925} INFO - DAG(s) 'google_maps_reviews' retrieved from /opt/airflow/dags/airflowdag.py
[2025-05-06T15:03:49.189+0000] {logging_mixin.py:190} INFO - [2025-05-06T15:03:49.188+0000] {dag.py:3239} INFO - Sync 1 DAGs
[2025-05-06T15:03:49.240+0000] {logging_mixin.py:190} INFO - [2025-05-06T15:03:49.239+0000] {dag.py:4180} INFO - Setting next_dagrun for google_maps_reviews to 2025-05-06 00:00:00+00:00, run_after=2025-05-07 00:00:00+00:00
[2025-05-06T15:03:49.277+0000] {processor.py:208} INFO - Processing /opt/airflow/dags/airflowdag.py took 2.821 seconds
[2025-05-06T15:04:19.859+0000] {processor.py:186} INFO - Started process (PID=17456) to work on /opt/airflow/dags/airflowdag.py
[2025-05-06T15:04:19.861+0000] {processor.py:914} INFO - Processing file /opt/airflow/dags/airflowdag.py for tasks to queue
[2025-05-06T15:04:19.865+0000] {logging_mixin.py:190} INFO - [2025-05-06T15:04:19.864+0000] {dagbag.py:588} INFO - Filling up the DagBag from /opt/airflow/dags/airflowdag.py
[2025-05-06T15:04:22.847+0000] {logging_mixin.py:190} WARNING - [nltk_data] Downloading package stopwords to
[nltk_data]     /home/airflow/nltk_data...
[2025-05-06T15:04:22.850+0000] {logging_mixin.py:190} WARNING - [nltk_data]   Package stopwords is already up-to-date!
[2025-05-06T15:04:22.851+0000] {logging_mixin.py:190} WARNING - [nltk_data] Downloading package punkt_tab to
[nltk_data]     /home/airflow/nltk_data...
[2025-05-06T15:04:22.873+0000] {logging_mixin.py:190} WARNING - [nltk_data]   Package punkt_tab is already up-to-date!
[2025-05-06T15:04:22.877+0000] {logging_mixin.py:190} INFO - [2025-05-06T15:04:22.875+0000] {client.py:194} INFO - API queries_quota: 60
[2025-05-06T15:04:22.897+0000] {processor.py:925} INFO - DAG(s) 'google_maps_reviews' retrieved from /opt/airflow/dags/airflowdag.py
[2025-05-06T15:04:22.941+0000] {logging_mixin.py:190} INFO - [2025-05-06T15:04:22.940+0000] {dag.py:3239} INFO - Sync 1 DAGs
[2025-05-06T15:04:22.989+0000] {logging_mixin.py:190} INFO - [2025-05-06T15:04:22.989+0000] {dag.py:4180} INFO - Setting next_dagrun for google_maps_reviews to 2025-05-06 00:00:00+00:00, run_after=2025-05-07 00:00:00+00:00
[2025-05-06T15:04:23.054+0000] {processor.py:208} INFO - Processing /opt/airflow/dags/airflowdag.py took 3.210 seconds
[2025-05-06T15:04:53.745+0000] {processor.py:186} INFO - Started process (PID=17552) to work on /opt/airflow/dags/airflowdag.py
[2025-05-06T15:04:53.747+0000] {processor.py:914} INFO - Processing file /opt/airflow/dags/airflowdag.py for tasks to queue
[2025-05-06T15:04:53.751+0000] {logging_mixin.py:190} INFO - [2025-05-06T15:04:53.751+0000] {dagbag.py:588} INFO - Filling up the DagBag from /opt/airflow/dags/airflowdag.py
[2025-05-06T15:04:56.519+0000] {logging_mixin.py:190} WARNING - [nltk_data] Downloading package stopwords to
[nltk_data]     /home/airflow/nltk_data...
[2025-05-06T15:04:56.522+0000] {logging_mixin.py:190} WARNING - [nltk_data]   Package stopwords is already up-to-date!
[2025-05-06T15:04:56.523+0000] {logging_mixin.py:190} WARNING - [nltk_data] Downloading package punkt_tab to
[nltk_data]     /home/airflow/nltk_data...
[2025-05-06T15:04:56.544+0000] {logging_mixin.py:190} WARNING - [nltk_data]   Package punkt_tab is already up-to-date!
[2025-05-06T15:04:56.548+0000] {logging_mixin.py:190} INFO - [2025-05-06T15:04:56.546+0000] {client.py:194} INFO - API queries_quota: 60
[2025-05-06T15:04:56.563+0000] {processor.py:925} INFO - DAG(s) 'google_maps_reviews' retrieved from /opt/airflow/dags/airflowdag.py
[2025-05-06T15:04:56.617+0000] {logging_mixin.py:190} INFO - [2025-05-06T15:04:56.616+0000] {dag.py:3239} INFO - Sync 1 DAGs
[2025-05-06T15:04:56.657+0000] {logging_mixin.py:190} INFO - [2025-05-06T15:04:56.656+0000] {dag.py:4180} INFO - Setting next_dagrun for google_maps_reviews to 2025-05-06 00:00:00+00:00, run_after=2025-05-07 00:00:00+00:00
[2025-05-06T15:04:56.711+0000] {processor.py:208} INFO - Processing /opt/airflow/dags/airflowdag.py took 2.980 seconds
[2025-05-06T15:05:27.063+0000] {processor.py:186} INFO - Started process (PID=17646) to work on /opt/airflow/dags/airflowdag.py
[2025-05-06T15:05:27.066+0000] {processor.py:914} INFO - Processing file /opt/airflow/dags/airflowdag.py for tasks to queue
[2025-05-06T15:05:27.074+0000] {logging_mixin.py:190} INFO - [2025-05-06T15:05:27.072+0000] {dagbag.py:588} INFO - Filling up the DagBag from /opt/airflow/dags/airflowdag.py
[2025-05-06T15:05:29.842+0000] {logging_mixin.py:190} WARNING - [nltk_data] Downloading package stopwords to
[nltk_data]     /home/airflow/nltk_data...
[2025-05-06T15:05:29.845+0000] {logging_mixin.py:190} WARNING - [nltk_data]   Package stopwords is already up-to-date!
[2025-05-06T15:05:29.847+0000] {logging_mixin.py:190} WARNING - [nltk_data] Downloading package punkt_tab to
[nltk_data]     /home/airflow/nltk_data...
[2025-05-06T15:05:29.868+0000] {logging_mixin.py:190} WARNING - [nltk_data]   Package punkt_tab is already up-to-date!
[2025-05-06T15:05:29.872+0000] {logging_mixin.py:190} INFO - [2025-05-06T15:05:29.870+0000] {client.py:194} INFO - API queries_quota: 60
[2025-05-06T15:05:29.893+0000] {processor.py:925} INFO - DAG(s) 'google_maps_reviews' retrieved from /opt/airflow/dags/airflowdag.py
[2025-05-06T15:05:29.950+0000] {logging_mixin.py:190} INFO - [2025-05-06T15:05:29.949+0000] {dag.py:3239} INFO - Sync 1 DAGs
[2025-05-06T15:05:30.005+0000] {logging_mixin.py:190} INFO - [2025-05-06T15:05:30.004+0000] {dag.py:4180} INFO - Setting next_dagrun for google_maps_reviews to 2025-05-06 00:00:00+00:00, run_after=2025-05-07 00:00:00+00:00
[2025-05-06T15:05:30.040+0000] {processor.py:208} INFO - Processing /opt/airflow/dags/airflowdag.py took 2.992 seconds
[2025-05-06T15:06:00.497+0000] {processor.py:186} INFO - Started process (PID=17744) to work on /opt/airflow/dags/airflowdag.py
[2025-05-06T15:06:00.501+0000] {processor.py:914} INFO - Processing file /opt/airflow/dags/airflowdag.py for tasks to queue
[2025-05-06T15:06:00.507+0000] {logging_mixin.py:190} INFO - [2025-05-06T15:06:00.506+0000] {dagbag.py:588} INFO - Filling up the DagBag from /opt/airflow/dags/airflowdag.py
[2025-05-06T15:06:03.243+0000] {logging_mixin.py:190} WARNING - [nltk_data] Downloading package stopwords to
[nltk_data]     /home/airflow/nltk_data...
[2025-05-06T15:06:03.245+0000] {logging_mixin.py:190} WARNING - [nltk_data]   Package stopwords is already up-to-date!
[2025-05-06T15:06:03.247+0000] {logging_mixin.py:190} WARNING - [nltk_data] Downloading package punkt_tab to
[nltk_data]     /home/airflow/nltk_data...
[2025-05-06T15:06:03.268+0000] {logging_mixin.py:190} WARNING - [nltk_data]   Package punkt_tab is already up-to-date!
[2025-05-06T15:06:03.271+0000] {logging_mixin.py:190} INFO - [2025-05-06T15:06:03.269+0000] {client.py:194} INFO - API queries_quota: 60
[2025-05-06T15:06:03.286+0000] {processor.py:925} INFO - DAG(s) 'google_maps_reviews' retrieved from /opt/airflow/dags/airflowdag.py
[2025-05-06T15:06:03.331+0000] {logging_mixin.py:190} INFO - [2025-05-06T15:06:03.331+0000] {dag.py:3239} INFO - Sync 1 DAGs
[2025-05-06T15:06:03.374+0000] {logging_mixin.py:190} INFO - [2025-05-06T15:06:03.374+0000] {dag.py:4180} INFO - Setting next_dagrun for google_maps_reviews to 2025-05-06 00:00:00+00:00, run_after=2025-05-07 00:00:00+00:00
[2025-05-06T15:06:03.411+0000] {processor.py:208} INFO - Processing /opt/airflow/dags/airflowdag.py took 2.926 seconds
[2025-05-06T15:06:33.852+0000] {processor.py:186} INFO - Started process (PID=17838) to work on /opt/airflow/dags/airflowdag.py
[2025-05-06T15:06:33.855+0000] {processor.py:914} INFO - Processing file /opt/airflow/dags/airflowdag.py for tasks to queue
[2025-05-06T15:06:33.859+0000] {logging_mixin.py:190} INFO - [2025-05-06T15:06:33.859+0000] {dagbag.py:588} INFO - Filling up the DagBag from /opt/airflow/dags/airflowdag.py
[2025-05-06T15:06:36.691+0000] {logging_mixin.py:190} WARNING - [nltk_data] Downloading package stopwords to
[nltk_data]     /home/airflow/nltk_data...
[2025-05-06T15:06:36.694+0000] {logging_mixin.py:190} WARNING - [nltk_data]   Package stopwords is already up-to-date!
[2025-05-06T15:06:36.695+0000] {logging_mixin.py:190} WARNING - [nltk_data] Downloading package punkt_tab to
[nltk_data]     /home/airflow/nltk_data...
[2025-05-06T15:06:36.713+0000] {logging_mixin.py:190} WARNING - [nltk_data]   Package punkt_tab is already up-to-date!
[2025-05-06T15:06:36.715+0000] {logging_mixin.py:190} INFO - [2025-05-06T15:06:36.714+0000] {client.py:194} INFO - API queries_quota: 60
[2025-05-06T15:06:36.729+0000] {processor.py:925} INFO - DAG(s) 'google_maps_reviews' retrieved from /opt/airflow/dags/airflowdag.py
[2025-05-06T15:06:36.776+0000] {logging_mixin.py:190} INFO - [2025-05-06T15:06:36.775+0000] {dag.py:3239} INFO - Sync 1 DAGs
[2025-05-06T15:06:36.834+0000] {logging_mixin.py:190} INFO - [2025-05-06T15:06:36.834+0000] {dag.py:4180} INFO - Setting next_dagrun for google_maps_reviews to 2025-05-06 00:00:00+00:00, run_after=2025-05-07 00:00:00+00:00
[2025-05-06T15:06:36.870+0000] {processor.py:208} INFO - Processing /opt/airflow/dags/airflowdag.py took 3.043 seconds
[2025-05-06T15:07:07.775+0000] {processor.py:186} INFO - Started process (PID=17941) to work on /opt/airflow/dags/airflowdag.py
[2025-05-06T15:07:07.777+0000] {processor.py:914} INFO - Processing file /opt/airflow/dags/airflowdag.py for tasks to queue
[2025-05-06T15:07:07.782+0000] {logging_mixin.py:190} INFO - [2025-05-06T15:07:07.781+0000] {dagbag.py:588} INFO - Filling up the DagBag from /opt/airflow/dags/airflowdag.py
[2025-05-06T15:07:10.575+0000] {logging_mixin.py:190} WARNING - [nltk_data] Downloading package stopwords to
[nltk_data]     /home/airflow/nltk_data...
[2025-05-06T15:07:10.577+0000] {logging_mixin.py:190} WARNING - [nltk_data]   Package stopwords is already up-to-date!
[2025-05-06T15:07:10.578+0000] {logging_mixin.py:190} WARNING - [nltk_data] Downloading package punkt_tab to
[nltk_data]     /home/airflow/nltk_data...
[2025-05-06T15:07:10.595+0000] {logging_mixin.py:190} WARNING - [nltk_data]   Package punkt_tab is already up-to-date!
[2025-05-06T15:07:10.599+0000] {logging_mixin.py:190} INFO - [2025-05-06T15:07:10.598+0000] {client.py:194} INFO - API queries_quota: 60
[2025-05-06T15:07:10.617+0000] {processor.py:925} INFO - DAG(s) 'google_maps_reviews' retrieved from /opt/airflow/dags/airflowdag.py
[2025-05-06T15:07:10.658+0000] {logging_mixin.py:190} INFO - [2025-05-06T15:07:10.657+0000] {dag.py:3239} INFO - Sync 1 DAGs
[2025-05-06T15:07:10.707+0000] {logging_mixin.py:190} INFO - [2025-05-06T15:07:10.706+0000] {dag.py:4180} INFO - Setting next_dagrun for google_maps_reviews to 2025-05-06 00:00:00+00:00, run_after=2025-05-07 00:00:00+00:00
[2025-05-06T15:07:10.762+0000] {processor.py:208} INFO - Processing /opt/airflow/dags/airflowdag.py took 2.998 seconds
[2025-05-06T15:07:40.884+0000] {processor.py:186} INFO - Started process (PID=18039) to work on /opt/airflow/dags/airflowdag.py
[2025-05-06T15:07:40.886+0000] {processor.py:914} INFO - Processing file /opt/airflow/dags/airflowdag.py for tasks to queue
[2025-05-06T15:07:40.893+0000] {logging_mixin.py:190} INFO - [2025-05-06T15:07:40.892+0000] {dagbag.py:588} INFO - Filling up the DagBag from /opt/airflow/dags/airflowdag.py
[2025-05-06T15:07:44.266+0000] {logging_mixin.py:190} WARNING - [nltk_data] Downloading package stopwords to
[nltk_data]     /home/airflow/nltk_data...
[2025-05-06T15:07:44.268+0000] {logging_mixin.py:190} WARNING - [nltk_data]   Package stopwords is already up-to-date!
[2025-05-06T15:07:44.270+0000] {logging_mixin.py:190} WARNING - [nltk_data] Downloading package punkt_tab to
[nltk_data]     /home/airflow/nltk_data...
[2025-05-06T15:07:44.287+0000] {logging_mixin.py:190} WARNING - [nltk_data]   Package punkt_tab is already up-to-date!
[2025-05-06T15:07:44.291+0000] {logging_mixin.py:190} INFO - [2025-05-06T15:07:44.289+0000] {client.py:194} INFO - API queries_quota: 60
[2025-05-06T15:07:44.306+0000] {processor.py:925} INFO - DAG(s) 'google_maps_reviews' retrieved from /opt/airflow/dags/airflowdag.py
[2025-05-06T15:07:44.351+0000] {logging_mixin.py:190} INFO - [2025-05-06T15:07:44.350+0000] {dag.py:3239} INFO - Sync 1 DAGs
[2025-05-06T15:07:44.400+0000] {logging_mixin.py:190} INFO - [2025-05-06T15:07:44.399+0000] {dag.py:4180} INFO - Setting next_dagrun for google_maps_reviews to 2025-05-06 00:00:00+00:00, run_after=2025-05-07 00:00:00+00:00
[2025-05-06T15:07:44.441+0000] {processor.py:208} INFO - Processing /opt/airflow/dags/airflowdag.py took 3.570 seconds
[2025-05-06T15:08:14.819+0000] {processor.py:186} INFO - Started process (PID=18144) to work on /opt/airflow/dags/airflowdag.py
[2025-05-06T15:08:14.821+0000] {processor.py:914} INFO - Processing file /opt/airflow/dags/airflowdag.py for tasks to queue
[2025-05-06T15:08:14.827+0000] {logging_mixin.py:190} INFO - [2025-05-06T15:08:14.826+0000] {dagbag.py:588} INFO - Filling up the DagBag from /opt/airflow/dags/airflowdag.py
[2025-05-06T15:08:17.777+0000] {logging_mixin.py:190} WARNING - [nltk_data] Downloading package stopwords to
[nltk_data]     /home/airflow/nltk_data...
[2025-05-06T15:08:17.779+0000] {logging_mixin.py:190} WARNING - [nltk_data]   Package stopwords is already up-to-date!
[2025-05-06T15:08:17.781+0000] {logging_mixin.py:190} WARNING - [nltk_data] Downloading package punkt_tab to
[nltk_data]     /home/airflow/nltk_data...
[2025-05-06T15:08:17.799+0000] {logging_mixin.py:190} WARNING - [nltk_data]   Package punkt_tab is already up-to-date!
[2025-05-06T15:08:17.802+0000] {logging_mixin.py:190} INFO - [2025-05-06T15:08:17.801+0000] {client.py:194} INFO - API queries_quota: 60
[2025-05-06T15:08:17.816+0000] {processor.py:925} INFO - DAG(s) 'google_maps_reviews' retrieved from /opt/airflow/dags/airflowdag.py
[2025-05-06T15:08:17.861+0000] {logging_mixin.py:190} INFO - [2025-05-06T15:08:17.860+0000] {dag.py:3239} INFO - Sync 1 DAGs
[2025-05-06T15:08:17.911+0000] {logging_mixin.py:190} INFO - [2025-05-06T15:08:17.910+0000] {dag.py:4180} INFO - Setting next_dagrun for google_maps_reviews to 2025-05-06 00:00:00+00:00, run_after=2025-05-07 00:00:00+00:00
[2025-05-06T15:08:17.949+0000] {processor.py:208} INFO - Processing /opt/airflow/dags/airflowdag.py took 3.143 seconds
[2025-05-06T15:08:48.109+0000] {processor.py:186} INFO - Started process (PID=18242) to work on /opt/airflow/dags/airflowdag.py
[2025-05-06T15:08:48.112+0000] {processor.py:914} INFO - Processing file /opt/airflow/dags/airflowdag.py for tasks to queue
[2025-05-06T15:08:48.116+0000] {logging_mixin.py:190} INFO - [2025-05-06T15:08:48.116+0000] {dagbag.py:588} INFO - Filling up the DagBag from /opt/airflow/dags/airflowdag.py
[2025-05-06T15:08:51.361+0000] {logging_mixin.py:190} WARNING - [nltk_data] Downloading package stopwords to
[nltk_data]     /home/airflow/nltk_data...
[2025-05-06T15:08:51.365+0000] {logging_mixin.py:190} WARNING - [nltk_data]   Package stopwords is already up-to-date!
[2025-05-06T15:08:51.367+0000] {logging_mixin.py:190} WARNING - [nltk_data] Downloading package punkt_tab to
[nltk_data]     /home/airflow/nltk_data...
[2025-05-06T15:08:51.387+0000] {logging_mixin.py:190} WARNING - [nltk_data]   Package punkt_tab is already up-to-date!
[2025-05-06T15:08:51.391+0000] {logging_mixin.py:190} INFO - [2025-05-06T15:08:51.389+0000] {client.py:194} INFO - API queries_quota: 60
[2025-05-06T15:08:51.408+0000] {processor.py:925} INFO - DAG(s) 'google_maps_reviews' retrieved from /opt/airflow/dags/airflowdag.py
[2025-05-06T15:08:51.459+0000] {logging_mixin.py:190} INFO - [2025-05-06T15:08:51.459+0000] {dag.py:3239} INFO - Sync 1 DAGs
[2025-05-06T15:08:51.515+0000] {logging_mixin.py:190} INFO - [2025-05-06T15:08:51.514+0000] {dag.py:4180} INFO - Setting next_dagrun for google_maps_reviews to 2025-05-06 00:00:00+00:00, run_after=2025-05-07 00:00:00+00:00
[2025-05-06T15:08:51.550+0000] {processor.py:208} INFO - Processing /opt/airflow/dags/airflowdag.py took 3.452 seconds
[2025-05-06T15:09:21.955+0000] {processor.py:186} INFO - Started process (PID=18336) to work on /opt/airflow/dags/airflowdag.py
[2025-05-06T15:09:21.957+0000] {processor.py:914} INFO - Processing file /opt/airflow/dags/airflowdag.py for tasks to queue
[2025-05-06T15:09:21.963+0000] {logging_mixin.py:190} INFO - [2025-05-06T15:09:21.963+0000] {dagbag.py:588} INFO - Filling up the DagBag from /opt/airflow/dags/airflowdag.py
[2025-05-06T15:09:24.986+0000] {logging_mixin.py:190} WARNING - [nltk_data] Downloading package stopwords to
[nltk_data]     /home/airflow/nltk_data...
[2025-05-06T15:09:24.989+0000] {logging_mixin.py:190} WARNING - [nltk_data]   Package stopwords is already up-to-date!
[2025-05-06T15:09:24.990+0000] {logging_mixin.py:190} WARNING - [nltk_data] Downloading package punkt_tab to
[nltk_data]     /home/airflow/nltk_data...
[2025-05-06T15:09:25.010+0000] {logging_mixin.py:190} WARNING - [nltk_data]   Package punkt_tab is already up-to-date!
[2025-05-06T15:09:25.014+0000] {logging_mixin.py:190} INFO - [2025-05-06T15:09:25.012+0000] {client.py:194} INFO - API queries_quota: 60
[2025-05-06T15:09:25.046+0000] {processor.py:925} INFO - DAG(s) 'google_maps_reviews' retrieved from /opt/airflow/dags/airflowdag.py
[2025-05-06T15:09:25.092+0000] {logging_mixin.py:190} INFO - [2025-05-06T15:09:25.091+0000] {dag.py:3239} INFO - Sync 1 DAGs
[2025-05-06T15:09:25.139+0000] {logging_mixin.py:190} INFO - [2025-05-06T15:09:25.139+0000] {dag.py:4180} INFO - Setting next_dagrun for google_maps_reviews to 2025-05-06 00:00:00+00:00, run_after=2025-05-07 00:00:00+00:00
[2025-05-06T15:09:25.198+0000] {processor.py:208} INFO - Processing /opt/airflow/dags/airflowdag.py took 3.258 seconds
[2025-05-06T15:09:55.972+0000] {processor.py:186} INFO - Started process (PID=18427) to work on /opt/airflow/dags/airflowdag.py
[2025-05-06T15:09:55.975+0000] {processor.py:914} INFO - Processing file /opt/airflow/dags/airflowdag.py for tasks to queue
[2025-05-06T15:09:55.983+0000] {logging_mixin.py:190} INFO - [2025-05-06T15:09:55.982+0000] {dagbag.py:588} INFO - Filling up the DagBag from /opt/airflow/dags/airflowdag.py
[2025-05-06T15:09:58.988+0000] {logging_mixin.py:190} WARNING - [nltk_data] Downloading package stopwords to
[nltk_data]     /home/airflow/nltk_data...
[2025-05-06T15:09:58.990+0000] {logging_mixin.py:190} WARNING - [nltk_data]   Package stopwords is already up-to-date!
[2025-05-06T15:09:58.991+0000] {logging_mixin.py:190} WARNING - [nltk_data] Downloading package punkt_tab to
[nltk_data]     /home/airflow/nltk_data...
[2025-05-06T15:09:59.011+0000] {logging_mixin.py:190} WARNING - [nltk_data]   Package punkt_tab is already up-to-date!
[2025-05-06T15:09:59.015+0000] {logging_mixin.py:190} INFO - [2025-05-06T15:09:59.013+0000] {client.py:194} INFO - API queries_quota: 60
[2025-05-06T15:09:59.030+0000] {processor.py:925} INFO - DAG(s) 'google_maps_reviews' retrieved from /opt/airflow/dags/airflowdag.py
[2025-05-06T15:09:59.077+0000] {logging_mixin.py:190} INFO - [2025-05-06T15:09:59.077+0000] {dag.py:3239} INFO - Sync 1 DAGs
[2025-05-06T15:09:59.123+0000] {logging_mixin.py:190} INFO - [2025-05-06T15:09:59.123+0000] {dag.py:4180} INFO - Setting next_dagrun for google_maps_reviews to 2025-05-06 00:00:00+00:00, run_after=2025-05-07 00:00:00+00:00
[2025-05-06T15:09:59.166+0000] {processor.py:208} INFO - Processing /opt/airflow/dags/airflowdag.py took 3.207 seconds
[2025-05-06T15:10:29.860+0000] {processor.py:186} INFO - Started process (PID=18524) to work on /opt/airflow/dags/airflowdag.py
[2025-05-06T15:10:29.862+0000] {processor.py:914} INFO - Processing file /opt/airflow/dags/airflowdag.py for tasks to queue
[2025-05-06T15:10:29.869+0000] {logging_mixin.py:190} INFO - [2025-05-06T15:10:29.868+0000] {dagbag.py:588} INFO - Filling up the DagBag from /opt/airflow/dags/airflowdag.py
[2025-05-06T15:10:32.807+0000] {logging_mixin.py:190} WARNING - [nltk_data] Downloading package stopwords to
[nltk_data]     /home/airflow/nltk_data...
[2025-05-06T15:10:32.809+0000] {logging_mixin.py:190} WARNING - [nltk_data]   Package stopwords is already up-to-date!
[2025-05-06T15:10:32.810+0000] {logging_mixin.py:190} WARNING - [nltk_data] Downloading package punkt_tab to
[nltk_data]     /home/airflow/nltk_data...
[2025-05-06T15:10:32.828+0000] {logging_mixin.py:190} WARNING - [nltk_data]   Package punkt_tab is already up-to-date!
[2025-05-06T15:10:32.831+0000] {logging_mixin.py:190} INFO - [2025-05-06T15:10:32.829+0000] {client.py:194} INFO - API queries_quota: 60
[2025-05-06T15:10:32.846+0000] {processor.py:925} INFO - DAG(s) 'google_maps_reviews' retrieved from /opt/airflow/dags/airflowdag.py
[2025-05-06T15:10:32.895+0000] {logging_mixin.py:190} INFO - [2025-05-06T15:10:32.895+0000] {dag.py:3239} INFO - Sync 1 DAGs
[2025-05-06T15:10:32.947+0000] {logging_mixin.py:190} INFO - [2025-05-06T15:10:32.946+0000] {dag.py:4180} INFO - Setting next_dagrun for google_maps_reviews to 2025-05-06 00:00:00+00:00, run_after=2025-05-07 00:00:00+00:00
[2025-05-06T15:10:33.006+0000] {processor.py:208} INFO - Processing /opt/airflow/dags/airflowdag.py took 3.163 seconds
[2025-05-06T15:11:03.331+0000] {processor.py:186} INFO - Started process (PID=18619) to work on /opt/airflow/dags/airflowdag.py
[2025-05-06T15:11:03.333+0000] {processor.py:914} INFO - Processing file /opt/airflow/dags/airflowdag.py for tasks to queue
[2025-05-06T15:11:03.338+0000] {logging_mixin.py:190} INFO - [2025-05-06T15:11:03.337+0000] {dagbag.py:588} INFO - Filling up the DagBag from /opt/airflow/dags/airflowdag.py
[2025-05-06T15:11:06.115+0000] {logging_mixin.py:190} WARNING - [nltk_data] Downloading package stopwords to
[nltk_data]     /home/airflow/nltk_data...
[2025-05-06T15:11:06.117+0000] {logging_mixin.py:190} WARNING - [nltk_data]   Package stopwords is already up-to-date!
[2025-05-06T15:11:06.118+0000] {logging_mixin.py:190} WARNING - [nltk_data] Downloading package punkt_tab to
[nltk_data]     /home/airflow/nltk_data...
[2025-05-06T15:11:06.136+0000] {logging_mixin.py:190} WARNING - [nltk_data]   Package punkt_tab is already up-to-date!
[2025-05-06T15:11:06.139+0000] {logging_mixin.py:190} INFO - [2025-05-06T15:11:06.138+0000] {client.py:194} INFO - API queries_quota: 60
[2025-05-06T15:11:06.156+0000] {processor.py:925} INFO - DAG(s) 'google_maps_reviews' retrieved from /opt/airflow/dags/airflowdag.py
[2025-05-06T15:11:06.200+0000] {logging_mixin.py:190} INFO - [2025-05-06T15:11:06.199+0000] {dag.py:3239} INFO - Sync 1 DAGs
[2025-05-06T15:11:06.248+0000] {logging_mixin.py:190} INFO - [2025-05-06T15:11:06.247+0000] {dag.py:4180} INFO - Setting next_dagrun for google_maps_reviews to 2025-05-06 00:00:00+00:00, run_after=2025-05-07 00:00:00+00:00
[2025-05-06T15:11:06.290+0000] {processor.py:208} INFO - Processing /opt/airflow/dags/airflowdag.py took 2.970 seconds
[2025-05-06T15:11:36.525+0000] {processor.py:186} INFO - Started process (PID=18715) to work on /opt/airflow/dags/airflowdag.py
[2025-05-06T15:11:36.527+0000] {processor.py:914} INFO - Processing file /opt/airflow/dags/airflowdag.py for tasks to queue
[2025-05-06T15:11:36.532+0000] {logging_mixin.py:190} INFO - [2025-05-06T15:11:36.532+0000] {dagbag.py:588} INFO - Filling up the DagBag from /opt/airflow/dags/airflowdag.py
[2025-05-06T15:11:39.154+0000] {logging_mixin.py:190} WARNING - [nltk_data] Downloading package stopwords to
[nltk_data]     /home/airflow/nltk_data...
[2025-05-06T15:11:39.156+0000] {logging_mixin.py:190} WARNING - [nltk_data]   Package stopwords is already up-to-date!
[2025-05-06T15:11:39.157+0000] {logging_mixin.py:190} WARNING - [nltk_data] Downloading package punkt_tab to
[nltk_data]     /home/airflow/nltk_data...
[2025-05-06T15:11:39.174+0000] {logging_mixin.py:190} WARNING - [nltk_data]   Package punkt_tab is already up-to-date!
[2025-05-06T15:11:39.177+0000] {logging_mixin.py:190} INFO - [2025-05-06T15:11:39.175+0000] {client.py:194} INFO - API queries_quota: 60
[2025-05-06T15:11:39.203+0000] {processor.py:925} INFO - DAG(s) 'google_maps_reviews' retrieved from /opt/airflow/dags/airflowdag.py
[2025-05-06T15:11:39.264+0000] {logging_mixin.py:190} INFO - [2025-05-06T15:11:39.264+0000] {dag.py:3239} INFO - Sync 1 DAGs
[2025-05-06T15:11:39.334+0000] {logging_mixin.py:190} INFO - [2025-05-06T15:11:39.333+0000] {dag.py:4180} INFO - Setting next_dagrun for google_maps_reviews to 2025-05-06 00:00:00+00:00, run_after=2025-05-07 00:00:00+00:00
[2025-05-06T15:11:39.404+0000] {processor.py:208} INFO - Processing /opt/airflow/dags/airflowdag.py took 2.900 seconds
[2025-05-06T15:12:09.583+0000] {processor.py:186} INFO - Started process (PID=18806) to work on /opt/airflow/dags/airflowdag.py
[2025-05-06T15:12:09.586+0000] {processor.py:914} INFO - Processing file /opt/airflow/dags/airflowdag.py for tasks to queue
[2025-05-06T15:12:09.592+0000] {logging_mixin.py:190} INFO - [2025-05-06T15:12:09.591+0000] {dagbag.py:588} INFO - Filling up the DagBag from /opt/airflow/dags/airflowdag.py
[2025-05-06T15:12:12.647+0000] {logging_mixin.py:190} WARNING - [nltk_data] Downloading package stopwords to
[nltk_data]     /home/airflow/nltk_data...
[2025-05-06T15:12:12.650+0000] {logging_mixin.py:190} WARNING - [nltk_data]   Package stopwords is already up-to-date!
[2025-05-06T15:12:12.652+0000] {logging_mixin.py:190} WARNING - [nltk_data] Downloading package punkt_tab to
[nltk_data]     /home/airflow/nltk_data...
[2025-05-06T15:12:12.672+0000] {logging_mixin.py:190} WARNING - [nltk_data]   Package punkt_tab is already up-to-date!
[2025-05-06T15:12:12.679+0000] {logging_mixin.py:190} INFO - [2025-05-06T15:12:12.677+0000] {client.py:194} INFO - API queries_quota: 60
[2025-05-06T15:12:12.692+0000] {processor.py:925} INFO - DAG(s) 'google_maps_reviews' retrieved from /opt/airflow/dags/airflowdag.py
[2025-05-06T15:12:12.745+0000] {logging_mixin.py:190} INFO - [2025-05-06T15:12:12.744+0000] {dag.py:3239} INFO - Sync 1 DAGs
[2025-05-06T15:12:12.790+0000] {logging_mixin.py:190} INFO - [2025-05-06T15:12:12.790+0000] {dag.py:4180} INFO - Setting next_dagrun for google_maps_reviews to 2025-05-06 00:00:00+00:00, run_after=2025-05-07 00:00:00+00:00
[2025-05-06T15:12:13.083+0000] {processor.py:208} INFO - Processing /opt/airflow/dags/airflowdag.py took 3.511 seconds
[2025-05-06T15:12:43.253+0000] {processor.py:186} INFO - Started process (PID=18899) to work on /opt/airflow/dags/airflowdag.py
[2025-05-06T15:12:43.255+0000] {processor.py:914} INFO - Processing file /opt/airflow/dags/airflowdag.py for tasks to queue
[2025-05-06T15:12:43.262+0000] {logging_mixin.py:190} INFO - [2025-05-06T15:12:43.261+0000] {dagbag.py:588} INFO - Filling up the DagBag from /opt/airflow/dags/airflowdag.py
[2025-05-06T15:12:45.972+0000] {logging_mixin.py:190} WARNING - [nltk_data] Downloading package stopwords to
[nltk_data]     /home/airflow/nltk_data...
[2025-05-06T15:12:45.974+0000] {logging_mixin.py:190} WARNING - [nltk_data]   Package stopwords is already up-to-date!
[2025-05-06T15:12:45.975+0000] {logging_mixin.py:190} WARNING - [nltk_data] Downloading package punkt_tab to
[nltk_data]     /home/airflow/nltk_data...
[2025-05-06T15:12:45.995+0000] {logging_mixin.py:190} WARNING - [nltk_data]   Package punkt_tab is already up-to-date!
[2025-05-06T15:12:45.998+0000] {logging_mixin.py:190} INFO - [2025-05-06T15:12:45.997+0000] {client.py:194} INFO - API queries_quota: 60
[2025-05-06T15:12:46.013+0000] {processor.py:925} INFO - DAG(s) 'google_maps_reviews' retrieved from /opt/airflow/dags/airflowdag.py
[2025-05-06T15:12:46.053+0000] {logging_mixin.py:190} INFO - [2025-05-06T15:12:46.052+0000] {dag.py:3239} INFO - Sync 1 DAGs
[2025-05-06T15:12:46.099+0000] {logging_mixin.py:190} INFO - [2025-05-06T15:12:46.099+0000] {dag.py:4180} INFO - Setting next_dagrun for google_maps_reviews to 2025-05-06 00:00:00+00:00, run_after=2025-05-07 00:00:00+00:00
[2025-05-06T15:12:46.433+0000] {processor.py:208} INFO - Processing /opt/airflow/dags/airflowdag.py took 3.197 seconds
[2025-05-06T15:13:16.650+0000] {processor.py:186} INFO - Started process (PID=18990) to work on /opt/airflow/dags/airflowdag.py
[2025-05-06T15:13:16.652+0000] {processor.py:914} INFO - Processing file /opt/airflow/dags/airflowdag.py for tasks to queue
[2025-05-06T15:13:16.656+0000] {logging_mixin.py:190} INFO - [2025-05-06T15:13:16.656+0000] {dagbag.py:588} INFO - Filling up the DagBag from /opt/airflow/dags/airflowdag.py
[2025-05-06T15:13:19.320+0000] {logging_mixin.py:190} WARNING - [nltk_data] Downloading package stopwords to
[nltk_data]     /home/airflow/nltk_data...
[2025-05-06T15:13:19.323+0000] {logging_mixin.py:190} WARNING - [nltk_data]   Package stopwords is already up-to-date!
[2025-05-06T15:13:19.324+0000] {logging_mixin.py:190} WARNING - [nltk_data] Downloading package punkt_tab to
[nltk_data]     /home/airflow/nltk_data...
[2025-05-06T15:13:19.351+0000] {logging_mixin.py:190} WARNING - [nltk_data]   Package punkt_tab is already up-to-date!
[2025-05-06T15:13:19.354+0000] {logging_mixin.py:190} INFO - [2025-05-06T15:13:19.353+0000] {client.py:194} INFO - API queries_quota: 60
[2025-05-06T15:13:19.376+0000] {processor.py:925} INFO - DAG(s) 'google_maps_reviews' retrieved from /opt/airflow/dags/airflowdag.py
[2025-05-06T15:13:19.440+0000] {logging_mixin.py:190} INFO - [2025-05-06T15:13:19.439+0000] {dag.py:3239} INFO - Sync 1 DAGs
[2025-05-06T15:13:19.484+0000] {logging_mixin.py:190} INFO - [2025-05-06T15:13:19.483+0000] {dag.py:4180} INFO - Setting next_dagrun for google_maps_reviews to 2025-05-06 00:00:00+00:00, run_after=2025-05-07 00:00:00+00:00
[2025-05-06T15:13:19.719+0000] {processor.py:208} INFO - Processing /opt/airflow/dags/airflowdag.py took 3.085 seconds
[2025-05-06T15:13:50.065+0000] {processor.py:186} INFO - Started process (PID=19086) to work on /opt/airflow/dags/airflowdag.py
[2025-05-06T15:13:50.068+0000] {processor.py:914} INFO - Processing file /opt/airflow/dags/airflowdag.py for tasks to queue
[2025-05-06T15:13:50.073+0000] {logging_mixin.py:190} INFO - [2025-05-06T15:13:50.072+0000] {dagbag.py:588} INFO - Filling up the DagBag from /opt/airflow/dags/airflowdag.py
[2025-05-06T15:13:56.516+0000] {logging_mixin.py:190} WARNING - [nltk_data] Downloading package stopwords to
[nltk_data]     /home/airflow/nltk_data...
[2025-05-06T15:13:56.519+0000] {logging_mixin.py:190} WARNING - [nltk_data]   Package stopwords is already up-to-date!
[2025-05-06T15:13:56.521+0000] {logging_mixin.py:190} WARNING - [nltk_data] Downloading package punkt_tab to
[nltk_data]     /home/airflow/nltk_data...
[2025-05-06T15:13:56.539+0000] {logging_mixin.py:190} WARNING - [nltk_data]   Package punkt_tab is already up-to-date!
[2025-05-06T15:13:56.542+0000] {logging_mixin.py:190} INFO - [2025-05-06T15:13:56.541+0000] {client.py:194} INFO - API queries_quota: 60
[2025-05-06T15:13:56.561+0000] {processor.py:925} INFO - DAG(s) 'google_maps_reviews' retrieved from /opt/airflow/dags/airflowdag.py
[2025-05-06T15:13:56.610+0000] {logging_mixin.py:190} INFO - [2025-05-06T15:13:56.609+0000] {dag.py:3239} INFO - Sync 1 DAGs
[2025-05-06T15:13:56.672+0000] {logging_mixin.py:190} INFO - [2025-05-06T15:13:56.672+0000] {dag.py:4180} INFO - Setting next_dagrun for google_maps_reviews to 2025-05-06 00:00:00+00:00, run_after=2025-05-07 00:00:00+00:00
[2025-05-06T15:13:56.950+0000] {processor.py:208} INFO - Processing /opt/airflow/dags/airflowdag.py took 6.898 seconds
[2025-05-06T15:14:27.061+0000] {processor.py:186} INFO - Started process (PID=19189) to work on /opt/airflow/dags/airflowdag.py
[2025-05-06T15:14:27.063+0000] {processor.py:914} INFO - Processing file /opt/airflow/dags/airflowdag.py for tasks to queue
[2025-05-06T15:14:27.068+0000] {logging_mixin.py:190} INFO - [2025-05-06T15:14:27.067+0000] {dagbag.py:588} INFO - Filling up the DagBag from /opt/airflow/dags/airflowdag.py
[2025-05-06T15:14:30.024+0000] {logging_mixin.py:190} WARNING - [nltk_data] Downloading package stopwords to
[nltk_data]     /home/airflow/nltk_data...
[2025-05-06T15:14:30.026+0000] {logging_mixin.py:190} WARNING - [nltk_data]   Package stopwords is already up-to-date!
[2025-05-06T15:14:30.027+0000] {logging_mixin.py:190} WARNING - [nltk_data] Downloading package punkt_tab to
[nltk_data]     /home/airflow/nltk_data...
[2025-05-06T15:14:30.045+0000] {logging_mixin.py:190} WARNING - [nltk_data]   Package punkt_tab is already up-to-date!
[2025-05-06T15:14:30.048+0000] {logging_mixin.py:190} INFO - [2025-05-06T15:14:30.046+0000] {client.py:194} INFO - API queries_quota: 60
[2025-05-06T15:14:30.064+0000] {processor.py:925} INFO - DAG(s) 'google_maps_reviews' retrieved from /opt/airflow/dags/airflowdag.py
[2025-05-06T15:14:30.110+0000] {logging_mixin.py:190} INFO - [2025-05-06T15:14:30.110+0000] {dag.py:3239} INFO - Sync 1 DAGs
[2025-05-06T15:14:30.394+0000] {logging_mixin.py:190} INFO - [2025-05-06T15:14:30.393+0000] {dag.py:4180} INFO - Setting next_dagrun for google_maps_reviews to 2025-05-06 00:00:00+00:00, run_after=2025-05-07 00:00:00+00:00
[2025-05-06T15:14:30.464+0000] {processor.py:208} INFO - Processing /opt/airflow/dags/airflowdag.py took 3.416 seconds
[2025-05-06T15:15:00.995+0000] {processor.py:186} INFO - Started process (PID=19291) to work on /opt/airflow/dags/airflowdag.py
[2025-05-06T15:15:00.998+0000] {processor.py:914} INFO - Processing file /opt/airflow/dags/airflowdag.py for tasks to queue
[2025-05-06T15:15:01.003+0000] {logging_mixin.py:190} INFO - [2025-05-06T15:15:01.002+0000] {dagbag.py:588} INFO - Filling up the DagBag from /opt/airflow/dags/airflowdag.py
[2025-05-06T15:15:04.203+0000] {logging_mixin.py:190} WARNING - [nltk_data] Downloading package stopwords to
[nltk_data]     /home/airflow/nltk_data...
[2025-05-06T15:15:04.205+0000] {logging_mixin.py:190} WARNING - [nltk_data]   Package stopwords is already up-to-date!
[2025-05-06T15:15:04.206+0000] {logging_mixin.py:190} WARNING - [nltk_data] Downloading package punkt_tab to
[nltk_data]     /home/airflow/nltk_data...
[2025-05-06T15:15:04.223+0000] {logging_mixin.py:190} WARNING - [nltk_data]   Package punkt_tab is already up-to-date!
[2025-05-06T15:15:04.226+0000] {logging_mixin.py:190} INFO - [2025-05-06T15:15:04.225+0000] {client.py:194} INFO - API queries_quota: 60
[2025-05-06T15:15:04.242+0000] {processor.py:925} INFO - DAG(s) 'google_maps_reviews' retrieved from /opt/airflow/dags/airflowdag.py
[2025-05-06T15:15:04.302+0000] {logging_mixin.py:190} INFO - [2025-05-06T15:15:04.301+0000] {dag.py:3239} INFO - Sync 1 DAGs
[2025-05-06T15:15:04.354+0000] {logging_mixin.py:190} INFO - [2025-05-06T15:15:04.353+0000] {dag.py:4180} INFO - Setting next_dagrun for google_maps_reviews to 2025-05-06 00:00:00+00:00, run_after=2025-05-07 00:00:00+00:00
[2025-05-06T15:15:04.424+0000] {processor.py:208} INFO - Processing /opt/airflow/dags/airflowdag.py took 3.442 seconds
[2025-05-06T15:15:35.192+0000] {processor.py:186} INFO - Started process (PID=19386) to work on /opt/airflow/dags/airflowdag.py
[2025-05-06T15:15:35.195+0000] {processor.py:914} INFO - Processing file /opt/airflow/dags/airflowdag.py for tasks to queue
[2025-05-06T15:15:35.199+0000] {logging_mixin.py:190} INFO - [2025-05-06T15:15:35.199+0000] {dagbag.py:588} INFO - Filling up the DagBag from /opt/airflow/dags/airflowdag.py
[2025-05-06T15:15:38.292+0000] {logging_mixin.py:190} WARNING - [nltk_data] Downloading package stopwords to
[nltk_data]     /home/airflow/nltk_data...
[2025-05-06T15:15:38.295+0000] {logging_mixin.py:190} WARNING - [nltk_data]   Package stopwords is already up-to-date!
[2025-05-06T15:15:38.297+0000] {logging_mixin.py:190} WARNING - [nltk_data] Downloading package punkt_tab to
[nltk_data]     /home/airflow/nltk_data...
[2025-05-06T15:15:38.316+0000] {logging_mixin.py:190} WARNING - [nltk_data]   Package punkt_tab is already up-to-date!
[2025-05-06T15:15:38.319+0000] {logging_mixin.py:190} INFO - [2025-05-06T15:15:38.318+0000] {client.py:194} INFO - API queries_quota: 60
[2025-05-06T15:15:38.335+0000] {processor.py:925} INFO - DAG(s) 'google_maps_reviews' retrieved from /opt/airflow/dags/airflowdag.py
[2025-05-06T15:15:38.379+0000] {logging_mixin.py:190} INFO - [2025-05-06T15:15:38.378+0000] {dag.py:3239} INFO - Sync 1 DAGs
[2025-05-06T15:15:38.428+0000] {logging_mixin.py:190} INFO - [2025-05-06T15:15:38.428+0000] {dag.py:4180} INFO - Setting next_dagrun for google_maps_reviews to 2025-05-06 00:00:00+00:00, run_after=2025-05-07 00:00:00+00:00
[2025-05-06T15:15:38.490+0000] {processor.py:208} INFO - Processing /opt/airflow/dags/airflowdag.py took 3.315 seconds
[2025-05-06T15:16:09.195+0000] {processor.py:186} INFO - Started process (PID=19481) to work on /opt/airflow/dags/airflowdag.py
[2025-05-06T15:16:09.197+0000] {processor.py:914} INFO - Processing file /opt/airflow/dags/airflowdag.py for tasks to queue
[2025-05-06T15:16:09.201+0000] {logging_mixin.py:190} INFO - [2025-05-06T15:16:09.200+0000] {dagbag.py:588} INFO - Filling up the DagBag from /opt/airflow/dags/airflowdag.py
[2025-05-06T15:16:12.425+0000] {logging_mixin.py:190} WARNING - [nltk_data] Downloading package stopwords to
[nltk_data]     /home/airflow/nltk_data...
[2025-05-06T15:16:12.428+0000] {logging_mixin.py:190} WARNING - [nltk_data]   Package stopwords is already up-to-date!
[2025-05-06T15:16:12.430+0000] {logging_mixin.py:190} WARNING - [nltk_data] Downloading package punkt_tab to
[nltk_data]     /home/airflow/nltk_data...
[2025-05-06T15:16:12.452+0000] {logging_mixin.py:190} WARNING - [nltk_data]   Package punkt_tab is already up-to-date!
[2025-05-06T15:16:12.456+0000] {logging_mixin.py:190} INFO - [2025-05-06T15:16:12.454+0000] {client.py:194} INFO - API queries_quota: 60
[2025-05-06T15:16:12.474+0000] {processor.py:925} INFO - DAG(s) 'google_maps_reviews' retrieved from /opt/airflow/dags/airflowdag.py
[2025-05-06T15:16:12.526+0000] {logging_mixin.py:190} INFO - [2025-05-06T15:16:12.526+0000] {dag.py:3239} INFO - Sync 1 DAGs
[2025-05-06T15:16:12.577+0000] {logging_mixin.py:190} INFO - [2025-05-06T15:16:12.577+0000] {dag.py:4180} INFO - Setting next_dagrun for google_maps_reviews to 2025-05-06 00:00:00+00:00, run_after=2025-05-07 00:00:00+00:00
[2025-05-06T15:16:12.653+0000] {processor.py:208} INFO - Processing /opt/airflow/dags/airflowdag.py took 3.474 seconds
[2025-05-06T15:16:43.016+0000] {processor.py:186} INFO - Started process (PID=19577) to work on /opt/airflow/dags/airflowdag.py
[2025-05-06T15:16:43.019+0000] {processor.py:914} INFO - Processing file /opt/airflow/dags/airflowdag.py for tasks to queue
[2025-05-06T15:16:43.024+0000] {logging_mixin.py:190} INFO - [2025-05-06T15:16:43.023+0000] {dagbag.py:588} INFO - Filling up the DagBag from /opt/airflow/dags/airflowdag.py
[2025-05-06T15:16:46.004+0000] {logging_mixin.py:190} WARNING - [nltk_data] Downloading package stopwords to
[nltk_data]     /home/airflow/nltk_data...
[2025-05-06T15:16:46.006+0000] {logging_mixin.py:190} WARNING - [nltk_data]   Package stopwords is already up-to-date!
[2025-05-06T15:16:46.007+0000] {logging_mixin.py:190} WARNING - [nltk_data] Downloading package punkt_tab to
[nltk_data]     /home/airflow/nltk_data...
[2025-05-06T15:16:46.024+0000] {logging_mixin.py:190} WARNING - [nltk_data]   Package punkt_tab is already up-to-date!
[2025-05-06T15:16:46.027+0000] {logging_mixin.py:190} INFO - [2025-05-06T15:16:46.026+0000] {client.py:194} INFO - API queries_quota: 60
[2025-05-06T15:16:46.046+0000] {processor.py:925} INFO - DAG(s) 'google_maps_reviews' retrieved from /opt/airflow/dags/airflowdag.py
[2025-05-06T15:16:46.095+0000] {logging_mixin.py:190} INFO - [2025-05-06T15:16:46.095+0000] {dag.py:3239} INFO - Sync 1 DAGs
[2025-05-06T15:16:46.144+0000] {logging_mixin.py:190} INFO - [2025-05-06T15:16:46.143+0000] {dag.py:4180} INFO - Setting next_dagrun for google_maps_reviews to 2025-05-06 00:00:00+00:00, run_after=2025-05-07 00:00:00+00:00
[2025-05-06T15:16:46.187+0000] {processor.py:208} INFO - Processing /opt/airflow/dags/airflowdag.py took 3.182 seconds
[2025-05-06T15:17:16.496+0000] {processor.py:186} INFO - Started process (PID=19675) to work on /opt/airflow/dags/airflowdag.py
[2025-05-06T15:17:16.498+0000] {processor.py:914} INFO - Processing file /opt/airflow/dags/airflowdag.py for tasks to queue
[2025-05-06T15:17:16.502+0000] {logging_mixin.py:190} INFO - [2025-05-06T15:17:16.502+0000] {dagbag.py:588} INFO - Filling up the DagBag from /opt/airflow/dags/airflowdag.py
[2025-05-06T15:17:19.406+0000] {logging_mixin.py:190} WARNING - [nltk_data] Downloading package stopwords to
[nltk_data]     /home/airflow/nltk_data...
[2025-05-06T15:17:19.411+0000] {logging_mixin.py:190} WARNING - [nltk_data]   Package stopwords is already up-to-date!
[2025-05-06T15:17:19.413+0000] {logging_mixin.py:190} WARNING - [nltk_data] Downloading package punkt_tab to
[nltk_data]     /home/airflow/nltk_data...
[2025-05-06T15:17:19.430+0000] {logging_mixin.py:190} WARNING - [nltk_data]   Package punkt_tab is already up-to-date!
[2025-05-06T15:17:19.435+0000] {logging_mixin.py:190} INFO - [2025-05-06T15:17:19.433+0000] {client.py:194} INFO - API queries_quota: 60
[2025-05-06T15:17:19.458+0000] {processor.py:925} INFO - DAG(s) 'google_maps_reviews' retrieved from /opt/airflow/dags/airflowdag.py
[2025-05-06T15:17:19.511+0000] {logging_mixin.py:190} INFO - [2025-05-06T15:17:19.510+0000] {dag.py:3239} INFO - Sync 1 DAGs
[2025-05-06T15:17:19.587+0000] {logging_mixin.py:190} INFO - [2025-05-06T15:17:19.587+0000] {dag.py:4180} INFO - Setting next_dagrun for google_maps_reviews to 2025-05-06 00:00:00+00:00, run_after=2025-05-07 00:00:00+00:00
[2025-05-06T15:17:19.628+0000] {processor.py:208} INFO - Processing /opt/airflow/dags/airflowdag.py took 3.148 seconds
[2025-05-06T15:17:49.747+0000] {processor.py:186} INFO - Started process (PID=19772) to work on /opt/airflow/dags/airflowdag.py
[2025-05-06T15:17:49.751+0000] {processor.py:914} INFO - Processing file /opt/airflow/dags/airflowdag.py for tasks to queue
[2025-05-06T15:17:49.758+0000] {logging_mixin.py:190} INFO - [2025-05-06T15:17:49.758+0000] {dagbag.py:588} INFO - Filling up the DagBag from /opt/airflow/dags/airflowdag.py
[2025-05-06T15:17:55.299+0000] {logging_mixin.py:190} WARNING - [nltk_data] Downloading package stopwords to
[nltk_data]     /home/airflow/nltk_data...
[2025-05-06T15:17:55.304+0000] {logging_mixin.py:190} WARNING - [nltk_data]   Package stopwords is already up-to-date!
[2025-05-06T15:17:55.306+0000] {logging_mixin.py:190} WARNING - [nltk_data] Downloading package punkt_tab to
[nltk_data]     /home/airflow/nltk_data...
[2025-05-06T15:17:55.326+0000] {logging_mixin.py:190} WARNING - [nltk_data]   Package punkt_tab is already up-to-date!
[2025-05-06T15:17:55.329+0000] {logging_mixin.py:190} INFO - [2025-05-06T15:17:55.327+0000] {client.py:194} INFO - API queries_quota: 60
[2025-05-06T15:17:55.348+0000] {processor.py:925} INFO - DAG(s) 'google_maps_reviews' retrieved from /opt/airflow/dags/airflowdag.py
[2025-05-06T15:17:55.393+0000] {logging_mixin.py:190} INFO - [2025-05-06T15:17:55.392+0000] {dag.py:3239} INFO - Sync 1 DAGs
[2025-05-06T15:17:55.444+0000] {logging_mixin.py:190} INFO - [2025-05-06T15:17:55.444+0000] {dag.py:4180} INFO - Setting next_dagrun for google_maps_reviews to 2025-05-06 00:00:00+00:00, run_after=2025-05-07 00:00:00+00:00
[2025-05-06T15:17:55.520+0000] {processor.py:208} INFO - Processing /opt/airflow/dags/airflowdag.py took 5.784 seconds
