[2025-05-08T22:25:53.708+0000] {local_task_job_runner.py:123} INFO - ::group::Pre task execution logs
[2025-05-08T22:25:53.751+0000] {taskinstance.py:2614} INFO - Dependencies all met for dep_context=non-requeueable deps ti=<TaskInstance: google_maps_reviews.detect_language manual__2025-05-08T22:12:11.230444+00:00 [queued]>
[2025-05-08T22:25:53.774+0000] {taskinstance.py:2614} INFO - Dependencies all met for dep_context=requeueable deps ti=<TaskInstance: google_maps_reviews.detect_language manual__2025-05-08T22:12:11.230444+00:00 [queued]>
[2025-05-08T22:25:53.793+0000] {taskinstance.py:2867} INFO - Starting attempt 2 of 3
[2025-05-08T22:25:53.826+0000] {taskinstance.py:2890} INFO - Executing <Task(PythonOperator): detect_language> on 2025-05-08 22:12:11.230444+00:00
[2025-05-08T22:25:53.849+0000] {warnings.py:112} WARNING - /home/***/.local/lib/python3.12/site-packages/***/task/task_runner/standard_task_runner.py:70: DeprecationWarning: This process (pid=674) is multi-threaded, use of fork() may lead to deadlocks in the child.
  pid = os.fork()

[2025-05-08T22:25:53.854+0000] {standard_task_runner.py:72} INFO - Started process 696 to run task
[2025-05-08T22:25:53.856+0000] {standard_task_runner.py:104} INFO - Running: ['***', 'tasks', 'run', 'google_maps_reviews', 'detect_language', 'manual__2025-05-08T22:12:11.230444+00:00', '--job-id', '920', '--raw', '--subdir', 'DAGS_FOLDER/***dag.py', '--cfg-path', '/tmp/tmpb7g6epwt']
[2025-05-08T22:25:53.862+0000] {standard_task_runner.py:105} INFO - Job 920: Subtask detect_language
[2025-05-08T22:25:53.954+0000] {task_command.py:467} INFO - Running <TaskInstance: google_maps_reviews.detect_language manual__2025-05-08T22:12:11.230444+00:00 [running]> on host ff2d23694728
[2025-05-08T22:25:54.189+0000] {taskinstance.py:3134} INFO - Exporting env vars: AIRFLOW_CTX_DAG_EMAIL='elkhalfimaryame@gmail.com' AIRFLOW_CTX_DAG_OWNER='***' AIRFLOW_CTX_DAG_ID='google_maps_reviews' AIRFLOW_CTX_TASK_ID='detect_language' AIRFLOW_CTX_EXECUTION_DATE='2025-05-08T22:12:11.230444+00:00' AIRFLOW_CTX_TRY_NUMBER='2' AIRFLOW_CTX_DAG_RUN_ID='manual__2025-05-08T22:12:11.230444+00:00'
[2025-05-08T22:25:54.192+0000] {logging_mixin.py:190} INFO - Task instance is in running state
[2025-05-08T22:25:54.193+0000] {logging_mixin.py:190} INFO -  Previous state of the Task instance: queued
[2025-05-08T22:25:54.194+0000] {logging_mixin.py:190} INFO - Current task name:detect_language state:running start_date:2025-05-08 22:25:53.753616+00:00
[2025-05-08T22:25:54.195+0000] {logging_mixin.py:190} INFO - Dag name:google_maps_reviews and current dag run status:running
[2025-05-08T22:25:54.196+0000] {taskinstance.py:732} INFO - ::endgroup::
[2025-05-08T22:25:54.215+0000] {base.py:84} INFO - Retrieving connection 'postgres_defaut'
[2025-05-08T22:26:18.671+0000] {warnings.py:112} WARNING - /opt/***/dags/storeData.py:376: UserWarning: pandas only supports SQLAlchemy connectable (engine/connection) or database string URI or sqlite3 DBAPI2 connection. Other DBAPI2 objects are not tested. Please consider using SQLAlchemy.
  df = pd.read_sql_query(query, conn)

[2025-05-08T22:26:18.915+0000] {logging_mixin.py:190} INFO - Language detection completed.
[2025-05-08T22:26:18.919+0000] {python.py:240} INFO - Done. Returned value was: None
[2025-05-08T22:26:18.943+0000] {taskinstance.py:341} INFO - ::group::Post task execution logs
[2025-05-08T22:26:18.945+0000] {taskinstance.py:353} INFO - Marking task as SUCCESS. dag_id=google_maps_reviews, task_id=detect_language, run_id=manual__2025-05-08T22:12:11.230444+00:00, execution_date=20250508T221211, start_date=20250508T222553, end_date=20250508T222618
[2025-05-08T22:26:18.991+0000] {logging_mixin.py:190} INFO - Task instance in success state
[2025-05-08T22:26:18.993+0000] {logging_mixin.py:190} INFO -  Previous state of the Task instance: running
[2025-05-08T22:26:18.994+0000] {logging_mixin.py:190} INFO - Dag name:google_maps_reviews queued_at:2025-05-08 22:23:32.243800+00:00
[2025-05-08T22:26:18.995+0000] {logging_mixin.py:190} INFO - Task hostname:ff2d23694728 operator:PythonOperator
[2025-05-08T22:26:19.035+0000] {local_task_job_runner.py:266} INFO - Task exited with return code 0
[2025-05-08T22:26:19.101+0000] {taskinstance.py:3901} INFO - 1 downstream tasks scheduled from follow-on schedule check
[2025-05-08T22:26:19.105+0000] {local_task_job_runner.py:245} INFO - ::endgroup::
