[2025-05-02T19:26:30.630+0000] {local_task_job_runner.py:123} INFO - ::group::Pre task execution logs
[2025-05-02T19:26:30.675+0000] {taskinstance.py:2614} INFO - Dependencies all met for dep_context=non-requeueable deps ti=<TaskInstance: google_maps_reviews.extract_topics manual__2025-05-02T19:25:35.067225+00:00 [queued]>
[2025-05-02T19:26:30.697+0000] {taskinstance.py:2614} INFO - Dependencies all met for dep_context=requeueable deps ti=<TaskInstance: google_maps_reviews.extract_topics manual__2025-05-02T19:25:35.067225+00:00 [queued]>
[2025-05-02T19:26:30.699+0000] {taskinstance.py:2867} INFO - Starting attempt 1 of 2
[2025-05-02T19:26:30.722+0000] {taskinstance.py:2890} INFO - Executing <Task(PythonOperator): extract_topics> on 2025-05-02 19:25:35.067225+00:00
[2025-05-02T19:26:30.741+0000] {warnings.py:112} WARNING - /home/***/.local/lib/python3.12/site-packages/***/task/task_runner/standard_task_runner.py:70: DeprecationWarning: This process (pid=1169) is multi-threaded, use of fork() may lead to deadlocks in the child.
  pid = os.fork()

[2025-05-02T19:26:30.745+0000] {standard_task_runner.py:104} INFO - Running: ['***', 'tasks', 'run', 'google_maps_reviews', 'extract_topics', 'manual__2025-05-02T19:25:35.067225+00:00', '--job-id', '157', '--raw', '--subdir', 'DAGS_FOLDER/***dag.py', '--cfg-path', '/tmp/tmpllu4tj0z']
[2025-05-02T19:26:30.746+0000] {standard_task_runner.py:72} INFO - Started process 1184 to run task
[2025-05-02T19:26:30.748+0000] {standard_task_runner.py:105} INFO - Job 157: Subtask extract_topics
[2025-05-02T19:26:30.837+0000] {task_command.py:467} INFO - Running <TaskInstance: google_maps_reviews.extract_topics manual__2025-05-02T19:25:35.067225+00:00 [running]> on host 6ca499d7a39a
[2025-05-02T19:26:31.000+0000] {taskinstance.py:3134} INFO - Exporting env vars: AIRFLOW_CTX_DAG_OWNER='***' AIRFLOW_CTX_DAG_ID='google_maps_reviews' AIRFLOW_CTX_TASK_ID='extract_topics' AIRFLOW_CTX_EXECUTION_DATE='2025-05-02T19:25:35.067225+00:00' AIRFLOW_CTX_TRY_NUMBER='1' AIRFLOW_CTX_DAG_RUN_ID='manual__2025-05-02T19:25:35.067225+00:00'
[2025-05-02T19:26:31.004+0000] {logging_mixin.py:190} INFO - Task instance is in running state
[2025-05-02T19:26:31.005+0000] {logging_mixin.py:190} INFO -  Previous state of the Task instance: queued
[2025-05-02T19:26:31.006+0000] {logging_mixin.py:190} INFO - Current task name:extract_topics state:running start_date:2025-05-02 19:26:30.677296+00:00
[2025-05-02T19:26:31.008+0000] {logging_mixin.py:190} INFO - Dag name:google_maps_reviews and current dag run status:running
[2025-05-02T19:26:31.010+0000] {taskinstance.py:732} INFO - ::endgroup::
[2025-05-02T19:26:31.025+0000] {base.py:84} INFO - Retrieving connection 'postgres_defaut'
[2025-05-02T19:26:31.121+0000] {dictionary.py:201} INFO - adding document #0 to Dictionary<0 unique tokens: []>
[2025-05-02T19:26:31.139+0000] {dictionary.py:206} INFO - built Dictionary<334 unique tokens: ['bond', 'is', 'mr', 'our', 'word']...> from 387 documents (total 7222 corpus positions)
[2025-05-02T19:26:31.142+0000] {utils.py:447} INFO - Dictionary lifecycle event {'msg': "built Dictionary<334 unique tokens: ['bond', 'is', 'mr', 'our', 'word']...> from 387 documents (total 7222 corpus positions)", 'datetime': '2025-05-02T19:26:31.141933', 'gensim': '4.3.3', 'python': '3.12.9 (main, Feb  6 2025, 22:37:05) [GCC 12.2.0]', 'platform': 'Linux-5.15.167.4-microsoft-standard-WSL2-x86_64-with-glibc2.36', 'event': 'created'}
[2025-05-02T19:26:31.153+0000] {ldamodel.py:577} INFO - using symmetric alpha at 0.3333333333333333
[2025-05-02T19:26:31.154+0000] {ldamodel.py:577} INFO - using symmetric eta at 0.3333333333333333
[2025-05-02T19:26:31.156+0000] {ldamodel.py:482} INFO - using serial LDA version on this node
[2025-05-02T19:26:31.158+0000] {ldamodel.py:948} INFO - running online (multi-pass) LDA training, 3 topics, 10 passes over the supplied corpus of 387 documents, updating model once every 387 documents, evaluating perplexity every 387 documents, iterating 50x with a convergence threshold of 0.001000
[2025-05-02T19:26:31.555+0000] {ldamodel.py:848} INFO - -6.412 per-word bound, 85.1 perplexity estimate based on a held-out corpus of 387 documents with 7222 words
[2025-05-02T19:26:31.556+0000] {ldamodel.py:1002} INFO - PROGRESS: pass 0, at document #387/387
[2025-05-02T19:26:31.831+0000] {ldamodel.py:1197} INFO - topic #0 (0.333): 0.051*"the" + 0.046*"nan" + 0.041*"to" + 0.026*"agency" + 0.024*"i" + 0.021*"of" + 0.021*"with" + 0.018*"and" + 0.016*"for" + 0.015*"my"
[2025-05-02T19:26:31.833+0000] {ldamodel.py:1197} INFO - topic #1 (0.333): 0.048*"the" + 0.031*"a" + 0.028*"is" + 0.025*"to" + 0.022*"you" + 0.017*"i" + 0.016*"in" + 0.015*"if" + 0.014*"they" + 0.013*"with"
[2025-05-02T19:26:31.835+0000] {ldamodel.py:1197} INFO - topic #2 (0.333): 0.057*"to" + 0.043*"the" + 0.031*"a" + 0.029*"and" + 0.024*"i" + 0.016*"agency" + 0.014*"of" + 0.013*"for" + 0.012*"is" + 0.012*"you"
[2025-05-02T19:26:31.836+0000] {ldamodel.py:1075} INFO - topic diff=1.394893, rho=1.000000
[2025-05-02T19:26:31.998+0000] {ldamodel.py:848} INFO - -5.242 per-word bound, 37.9 perplexity estimate based on a held-out corpus of 387 documents with 7222 words
[2025-05-02T19:26:32.000+0000] {ldamodel.py:1002} INFO - PROGRESS: pass 1, at document #387/387
[2025-05-02T19:26:32.121+0000] {ldamodel.py:1197} INFO - topic #0 (0.333): 0.055*"the" + 0.051*"to" + 0.037*"nan" + 0.029*"agency" + 0.027*"i" + 0.023*"and" + 0.020*"for" + 0.018*"with" + 0.018*"my" + 0.018*"of"
[2025-05-02T19:26:32.122+0000] {ldamodel.py:1197} INFO - topic #1 (0.333): 0.052*"the" + 0.034*"a" + 0.031*"is" + 0.023*"you" + 0.019*"to" + 0.018*"in" + 0.017*"i" + 0.016*"if" + 0.016*"they" + 0.014*"with"
[2025-05-02T19:26:32.123+0000] {ldamodel.py:1197} INFO - topic #2 (0.333): 0.055*"to" + 0.037*"the" + 0.035*"a" + 0.028*"and" + 0.022*"i" + 0.014*"of" + 0.014*"it" + 0.014*"is" + 0.013*"agency" + 0.013*"you"
[2025-05-02T19:26:32.124+0000] {ldamodel.py:1075} INFO - topic diff=0.508702, rho=0.577350
[2025-05-02T19:26:32.248+0000] {ldamodel.py:848} INFO - -5.102 per-word bound, 34.4 perplexity estimate based on a held-out corpus of 387 documents with 7222 words
[2025-05-02T19:26:32.250+0000] {ldamodel.py:1002} INFO - PROGRESS: pass 2, at document #387/387
[2025-05-02T19:26:32.331+0000] {ldamodel.py:1197} INFO - topic #0 (0.333): 0.056*"the" + 0.054*"to" + 0.035*"nan" + 0.031*"agency" + 0.028*"i" + 0.024*"and" + 0.021*"for" + 0.019*"my" + 0.018*"with" + 0.017*"of"
[2025-05-02T19:26:32.332+0000] {ldamodel.py:1197} INFO - topic #1 (0.333): 0.054*"the" + 0.035*"a" + 0.032*"is" + 0.023*"you" + 0.019*"in" + 0.017*"if" + 0.017*"to" + 0.017*"they" + 0.016*"i" + 0.015*"with"
[2025-05-02T19:26:32.334+0000] {ldamodel.py:1197} INFO - topic #2 (0.333): 0.055*"to" + 0.036*"a" + 0.034*"the" + 0.027*"and" + 0.021*"i" + 0.015*"it" + 0.015*"is" + 0.015*"of" + 0.013*"you" + 0.011*"agency"
[2025-05-02T19:26:32.336+0000] {ldamodel.py:1075} INFO - topic diff=0.330733, rho=0.500000
[2025-05-02T19:26:32.456+0000] {ldamodel.py:848} INFO - -5.062 per-word bound, 33.4 perplexity estimate based on a held-out corpus of 387 documents with 7222 words
[2025-05-02T19:26:32.458+0000] {ldamodel.py:1002} INFO - PROGRESS: pass 3, at document #387/387
[2025-05-02T19:26:32.534+0000] {ldamodel.py:1197} INFO - topic #0 (0.333): 0.056*"the" + 0.055*"to" + 0.035*"nan" + 0.031*"agency" + 0.028*"i" + 0.025*"and" + 0.022*"for" + 0.020*"my" + 0.017*"with" + 0.017*"of"
[2025-05-02T19:26:32.536+0000] {ldamodel.py:1197} INFO - topic #1 (0.333): 0.055*"the" + 0.036*"a" + 0.033*"is" + 0.023*"you" + 0.019*"in" + 0.017*"if" + 0.017*"they" + 0.016*"i" + 0.015*"to" + 0.015*"with"
[2025-05-02T19:26:32.538+0000] {ldamodel.py:1197} INFO - topic #2 (0.333): 0.055*"to" + 0.037*"a" + 0.033*"the" + 0.027*"and" + 0.021*"i" + 0.016*"it" + 0.015*"is" + 0.015*"of" + 0.013*"you" + 0.011*"agency"
[2025-05-02T19:26:32.540+0000] {ldamodel.py:1075} INFO - topic diff=0.243778, rho=0.447214
[2025-05-02T19:26:32.689+0000] {ldamodel.py:848} INFO - -5.044 per-word bound, 33.0 perplexity estimate based on a held-out corpus of 387 documents with 7222 words
[2025-05-02T19:26:32.693+0000] {ldamodel.py:1002} INFO - PROGRESS: pass 4, at document #387/387
[2025-05-02T19:26:32.774+0000] {ldamodel.py:1197} INFO - topic #0 (0.333): 0.056*"the" + 0.056*"to" + 0.034*"nan" + 0.031*"agency" + 0.028*"i" + 0.025*"and" + 0.022*"for" + 0.020*"my" + 0.017*"with" + 0.017*"of"
[2025-05-02T19:26:32.776+0000] {ldamodel.py:1197} INFO - topic #1 (0.333): 0.055*"the" + 0.036*"a" + 0.033*"is" + 0.022*"you" + 0.019*"in" + 0.017*"if" + 0.017*"they" + 0.017*"i" + 0.016*"with" + 0.015*"to"
[2025-05-02T19:26:32.777+0000] {ldamodel.py:1197} INFO - topic #2 (0.333): 0.054*"to" + 0.038*"a" + 0.032*"the" + 0.027*"and" + 0.020*"i" + 0.016*"it" + 0.015*"is" + 0.015*"of" + 0.013*"you" + 0.010*"agency"
[2025-05-02T19:26:32.778+0000] {ldamodel.py:1075} INFO - topic diff=0.182728, rho=0.408248
[2025-05-02T19:26:32.905+0000] {ldamodel.py:848} INFO - -5.035 per-word bound, 32.8 perplexity estimate based on a held-out corpus of 387 documents with 7222 words
[2025-05-02T19:26:32.906+0000] {ldamodel.py:1002} INFO - PROGRESS: pass 5, at document #387/387
[2025-05-02T19:26:32.982+0000] {ldamodel.py:1197} INFO - topic #0 (0.333): 0.056*"to" + 0.056*"the" + 0.034*"nan" + 0.032*"agency" + 0.028*"i" + 0.025*"and" + 0.022*"for" + 0.021*"my" + 0.016*"with" + 0.016*"of"
[2025-05-02T19:26:32.983+0000] {ldamodel.py:1197} INFO - topic #1 (0.333): 0.056*"the" + 0.036*"a" + 0.033*"is" + 0.022*"you" + 0.019*"in" + 0.017*"i" + 0.017*"if" + 0.017*"they" + 0.016*"with" + 0.014*"to"
[2025-05-02T19:26:32.985+0000] {ldamodel.py:1197} INFO - topic #2 (0.333): 0.054*"to" + 0.038*"a" + 0.032*"the" + 0.027*"and" + 0.020*"i" + 0.016*"it" + 0.015*"is" + 0.015*"of" + 0.013*"you" + 0.010*"with"
[2025-05-02T19:26:32.986+0000] {ldamodel.py:1075} INFO - topic diff=0.136885, rho=0.377964
[2025-05-02T19:26:33.109+0000] {ldamodel.py:848} INFO - -5.029 per-word bound, 32.7 perplexity estimate based on a held-out corpus of 387 documents with 7222 words
[2025-05-02T19:26:33.111+0000] {ldamodel.py:1002} INFO - PROGRESS: pass 6, at document #387/387
[2025-05-02T19:26:33.193+0000] {ldamodel.py:1197} INFO - topic #0 (0.333): 0.057*"to" + 0.056*"the" + 0.034*"nan" + 0.032*"agency" + 0.028*"i" + 0.025*"and" + 0.022*"for" + 0.021*"my" + 0.016*"of" + 0.016*"with"
[2025-05-02T19:26:33.194+0000] {ldamodel.py:1197} INFO - topic #1 (0.333): 0.056*"the" + 0.035*"a" + 0.033*"is" + 0.022*"you" + 0.019*"in" + 0.017*"i" + 0.017*"if" + 0.017*"they" + 0.016*"with" + 0.014*"to"
[2025-05-02T19:26:33.196+0000] {ldamodel.py:1197} INFO - topic #2 (0.333): 0.054*"to" + 0.038*"a" + 0.031*"the" + 0.026*"and" + 0.020*"i" + 0.016*"it" + 0.015*"is" + 0.015*"of" + 0.013*"you" + 0.010*"with"
[2025-05-02T19:26:33.197+0000] {ldamodel.py:1075} INFO - topic diff=0.102503, rho=0.353553
[2025-05-02T19:26:33.322+0000] {ldamodel.py:848} INFO - -5.026 per-word bound, 32.6 perplexity estimate based on a held-out corpus of 387 documents with 7222 words
[2025-05-02T19:26:33.324+0000] {ldamodel.py:1002} INFO - PROGRESS: pass 7, at document #387/387
[2025-05-02T19:26:33.419+0000] {ldamodel.py:1197} INFO - topic #0 (0.333): 0.057*"to" + 0.057*"the" + 0.034*"nan" + 0.032*"agency" + 0.028*"i" + 0.025*"and" + 0.022*"for" + 0.021*"my" + 0.016*"of" + 0.016*"with"
[2025-05-02T19:26:33.420+0000] {ldamodel.py:1197} INFO - topic #1 (0.333): 0.056*"the" + 0.035*"a" + 0.033*"is" + 0.022*"you" + 0.019*"in" + 0.017*"i" + 0.017*"with" + 0.016*"if" + 0.016*"they" + 0.014*"to"
[2025-05-02T19:26:33.422+0000] {ldamodel.py:1197} INFO - topic #2 (0.333): 0.054*"to" + 0.038*"a" + 0.031*"the" + 0.026*"and" + 0.020*"i" + 0.016*"it" + 0.016*"is" + 0.015*"of" + 0.013*"you" + 0.010*"with"
[2025-05-02T19:26:33.424+0000] {ldamodel.py:1075} INFO - topic diff=0.076786, rho=0.333333
[2025-05-02T19:26:33.594+0000] {ldamodel.py:848} INFO - -5.024 per-word bound, 32.5 perplexity estimate based on a held-out corpus of 387 documents with 7222 words
[2025-05-02T19:26:33.596+0000] {ldamodel.py:1002} INFO - PROGRESS: pass 8, at document #387/387
[2025-05-02T19:26:33.673+0000] {ldamodel.py:1197} INFO - topic #0 (0.333): 0.057*"to" + 0.057*"the" + 0.034*"nan" + 0.032*"agency" + 0.028*"i" + 0.025*"and" + 0.022*"for" + 0.021*"my" + 0.016*"of" + 0.016*"with"
[2025-05-02T19:26:33.675+0000] {ldamodel.py:1197} INFO - topic #1 (0.333): 0.056*"the" + 0.035*"a" + 0.033*"is" + 0.022*"you" + 0.019*"in" + 0.018*"i" + 0.017*"with" + 0.016*"if" + 0.016*"they" + 0.014*"to"
[2025-05-02T19:26:33.677+0000] {ldamodel.py:1197} INFO - topic #2 (0.333): 0.054*"to" + 0.039*"a" + 0.030*"the" + 0.026*"and" + 0.020*"i" + 0.016*"it" + 0.016*"is" + 0.015*"of" + 0.013*"you" + 0.010*"service"
[2025-05-02T19:26:33.679+0000] {ldamodel.py:1075} INFO - topic diff=0.057695, rho=0.316228
[2025-05-02T19:26:33.808+0000] {ldamodel.py:848} INFO - -5.023 per-word bound, 32.5 perplexity estimate based on a held-out corpus of 387 documents with 7222 words
[2025-05-02T19:26:33.809+0000] {ldamodel.py:1002} INFO - PROGRESS: pass 9, at document #387/387
[2025-05-02T19:26:33.878+0000] {ldamodel.py:1197} INFO - topic #0 (0.333): 0.058*"to" + 0.057*"the" + 0.034*"nan" + 0.032*"agency" + 0.027*"i" + 0.025*"and" + 0.022*"for" + 0.021*"my" + 0.016*"of" + 0.016*"with"
[2025-05-02T19:26:33.880+0000] {ldamodel.py:1197} INFO - topic #1 (0.333): 0.056*"the" + 0.035*"a" + 0.033*"is" + 0.022*"you" + 0.019*"in" + 0.018*"i" + 0.017*"with" + 0.016*"if" + 0.016*"they" + 0.014*"to"
[2025-05-02T19:26:33.881+0000] {ldamodel.py:1197} INFO - topic #2 (0.333): 0.054*"to" + 0.039*"a" + 0.030*"the" + 0.026*"and" + 0.020*"i" + 0.016*"it" + 0.016*"is" + 0.015*"of" + 0.013*"you" + 0.010*"work"
[2025-05-02T19:26:33.882+0000] {ldamodel.py:1075} INFO - topic diff=0.043577, rho=0.301511
[2025-05-02T19:26:33.883+0000] {utils.py:447} INFO - LdaModel lifecycle event {'msg': 'trained LdaModel<num_terms=334, num_topics=3, decay=0.5, chunksize=2000> in 2.73s', 'datetime': '2025-05-02T19:26:33.883650', 'gensim': '4.3.3', 'python': '3.12.9 (main, Feb  6 2025, 22:37:05) [GCC 12.2.0]', 'platform': 'Linux-5.15.167.4-microsoft-standard-WSL2-x86_64-with-glibc2.36', 'event': 'created'}
[2025-05-02T19:26:33.885+0000] {ldamodel.py:1197} INFO - topic #0 (0.333): 0.058*"to" + 0.057*"the" + 0.034*"nan" + 0.032*"agency" + 0.027*"i" + 0.025*"and" + 0.022*"for" + 0.021*"my" + 0.016*"of" + 0.016*"with"
[2025-05-02T19:26:33.886+0000] {ldamodel.py:1197} INFO - topic #1 (0.333): 0.056*"the" + 0.035*"a" + 0.033*"is" + 0.022*"you" + 0.019*"in" + 0.018*"i" + 0.017*"with" + 0.016*"if" + 0.016*"they" + 0.014*"to"
[2025-05-02T19:26:33.887+0000] {ldamodel.py:1197} INFO - topic #2 (0.333): 0.054*"to" + 0.039*"a" + 0.030*"the" + 0.026*"and" + 0.020*"i" + 0.016*"it" + 0.016*"is" + 0.015*"of" + 0.013*"you" + 0.010*"work"
[2025-05-02T19:26:33.888+0000] {logging_mixin.py:190} INFO - Extracted topics: [(0, '0.058*"to" + 0.057*"the" + 0.034*"nan" + 0.032*"agency" + 0.027*"i" + 0.025*"and" + 0.022*"for" + 0.021*"my" + 0.016*"of" + 0.016*"with"'), (1, '0.056*"the" + 0.035*"a" + 0.033*"is" + 0.022*"you" + 0.019*"in" + 0.018*"i" + 0.017*"with" + 0.016*"if" + 0.016*"they" + 0.014*"to"'), (2, '0.054*"to" + 0.039*"a" + 0.030*"the" + 0.026*"and" + 0.020*"i" + 0.016*"it" + 0.016*"is" + 0.015*"of" + 0.013*"you" + 0.010*"work"')]
[2025-05-02T19:26:33.891+0000] {python.py:240} INFO - Done. Returned value was: None
[2025-05-02T19:26:33.913+0000] {taskinstance.py:341} INFO - ::group::Post task execution logs
[2025-05-02T19:26:33.914+0000] {taskinstance.py:353} INFO - Marking task as SUCCESS. dag_id=google_maps_reviews, task_id=extract_topics, run_id=manual__2025-05-02T19:25:35.067225+00:00, execution_date=20250502T192535, start_date=20250502T192630, end_date=20250502T192633
[2025-05-02T19:26:33.986+0000] {logging_mixin.py:190} INFO - Task instance in success state
[2025-05-02T19:26:33.988+0000] {logging_mixin.py:190} INFO -  Previous state of the Task instance: running
[2025-05-02T19:26:33.989+0000] {logging_mixin.py:190} INFO - Dag name:google_maps_reviews queued_at:2025-05-02 19:25:35.100723+00:00
[2025-05-02T19:26:33.990+0000] {logging_mixin.py:190} INFO - Task hostname:6ca499d7a39a operator:PythonOperator
[2025-05-02T19:26:34.025+0000] {local_task_job_runner.py:266} INFO - Task exited with return code 0
[2025-05-02T19:26:34.102+0000] {taskinstance.py:3901} INFO - 1 downstream tasks scheduled from follow-on schedule check
[2025-05-02T19:26:34.124+0000] {local_task_job_runner.py:245} INFO - ::endgroup::
