[2025-05-07T12:10:23.502+0000] {local_task_job_runner.py:123} INFO - ::group::Pre task execution logs
[2025-05-07T12:10:23.546+0000] {taskinstance.py:2614} INFO - Dependencies all met for dep_context=non-requeueable deps ti=<TaskInstance: google_maps_reviews.Load_reviews1 manual__2025-05-07T12:08:42.928678+00:00 [queued]>
[2025-05-07T12:10:23.567+0000] {taskinstance.py:2614} INFO - Dependencies all met for dep_context=requeueable deps ti=<TaskInstance: google_maps_reviews.Load_reviews1 manual__2025-05-07T12:08:42.928678+00:00 [queued]>
[2025-05-07T12:10:23.569+0000] {taskinstance.py:2867} INFO - Starting attempt 1 of 2
[2025-05-07T12:10:23.592+0000] {taskinstance.py:2890} INFO - Executing <Task(PythonOperator): Load_reviews1> on 2025-05-07 12:08:42.928678+00:00
[2025-05-07T12:10:23.607+0000] {warnings.py:112} WARNING - /home/***/.local/lib/python3.12/site-packages/***/task/task_runner/standard_task_runner.py:70: DeprecationWarning: This process (pid=119) is multi-threaded, use of fork() may lead to deadlocks in the child.
  pid = os.fork()

[2025-05-07T12:10:23.612+0000] {standard_task_runner.py:72} INFO - Started process 134 to run task
[2025-05-07T12:10:23.611+0000] {standard_task_runner.py:104} INFO - Running: ['***', 'tasks', 'run', 'google_maps_reviews', 'Load_reviews1', 'manual__2025-05-07T12:08:42.928678+00:00', '--job-id', '765', '--raw', '--subdir', 'DAGS_FOLDER/***dag.py', '--cfg-path', '/tmp/tmpv641sz_n']
[2025-05-07T12:10:23.614+0000] {standard_task_runner.py:105} INFO - Job 765: Subtask Load_reviews1
[2025-05-07T12:10:23.699+0000] {task_command.py:467} INFO - Running <TaskInstance: google_maps_reviews.Load_reviews1 manual__2025-05-07T12:08:42.928678+00:00 [running]> on host 8280c28b7f0f
[2025-05-07T12:10:23.860+0000] {taskinstance.py:3134} INFO - Exporting env vars: AIRFLOW_CTX_DAG_OWNER='***' AIRFLOW_CTX_DAG_ID='google_maps_reviews' AIRFLOW_CTX_TASK_ID='Load_reviews1' AIRFLOW_CTX_EXECUTION_DATE='2025-05-07T12:08:42.928678+00:00' AIRFLOW_CTX_TRY_NUMBER='1' AIRFLOW_CTX_DAG_RUN_ID='manual__2025-05-07T12:08:42.928678+00:00'
[2025-05-07T12:10:23.864+0000] {logging_mixin.py:190} INFO - Task instance is in running state
[2025-05-07T12:10:23.865+0000] {logging_mixin.py:190} INFO -  Previous state of the Task instance: queued
[2025-05-07T12:10:23.867+0000] {logging_mixin.py:190} INFO - Current task name:Load_reviews1 state:running start_date:2025-05-07 12:10:23.547705+00:00
[2025-05-07T12:10:23.868+0000] {logging_mixin.py:190} INFO - Dag name:google_maps_reviews and current dag run status:running
[2025-05-07T12:10:23.869+0000] {taskinstance.py:732} INFO - ::endgroup::
[2025-05-07T12:10:23.923+0000] {logging_mixin.py:190} INFO - Current directory: /opt/***/dags
[2025-05-07T12:10:23.925+0000] {logging_mixin.py:190} INFO - Data path: /opt/***/dags/input/reviews.csv
[2025-05-07T12:10:23.965+0000] {base.py:84} INFO - Retrieving connection 'postgres_defaut'
[2025-05-07T12:10:24.183+0000] {warnings.py:112} WARNING - /opt/***/dags/storeData.py:529: UserWarning: pandas only supports SQLAlchemy connectable (engine/connection) or database string URI or sqlite3 DBAPI2 connection. Other DBAPI2 objects are not tested. Please consider using SQLAlchemy.
  df = pd.read_sql_query(query, conn)

[2025-05-07T12:10:24.436+0000] {logging_mixin.py:190} INFO - Data stored in PostgreSQL.
[2025-05-07T12:10:24.440+0000] {python.py:240} INFO - Done. Returned value was: None
[2025-05-07T12:10:24.457+0000] {taskinstance.py:341} INFO - ::group::Post task execution logs
[2025-05-07T12:10:24.459+0000] {taskinstance.py:353} INFO - Marking task as SUCCESS. dag_id=google_maps_reviews, task_id=Load_reviews1, run_id=manual__2025-05-07T12:08:42.928678+00:00, execution_date=20250507T120842, start_date=20250507T121023, end_date=20250507T121024
[2025-05-07T12:10:24.521+0000] {logging_mixin.py:190} INFO - Task instance in success state
[2025-05-07T12:10:24.523+0000] {logging_mixin.py:190} INFO -  Previous state of the Task instance: running
[2025-05-07T12:10:24.524+0000] {logging_mixin.py:190} INFO - Dag name:google_maps_reviews queued_at:2025-05-07 12:08:42.960578+00:00
[2025-05-07T12:10:24.525+0000] {logging_mixin.py:190} INFO - Task hostname:8280c28b7f0f operator:PythonOperator
[2025-05-07T12:10:24.555+0000] {local_task_job_runner.py:266} INFO - Task exited with return code 0
[2025-05-07T12:10:24.616+0000] {taskinstance.py:3901} INFO - 1 downstream tasks scheduled from follow-on schedule check
[2025-05-07T12:10:24.619+0000] {local_task_job_runner.py:245} INFO - ::endgroup::
