[2025-05-07T00:03:02.652+0000] {local_task_job_runner.py:123} INFO - ::group::Pre task execution logs
[2025-05-07T00:03:02.693+0000] {taskinstance.py:2614} INFO - Dependencies all met for dep_context=non-requeueable deps ti=<TaskInstance: google_maps_reviews.analyze_sentiment scheduled__2025-05-06T00:00:00+00:00 [queued]>
[2025-05-07T00:03:02.712+0000] {taskinstance.py:2614} INFO - Dependencies all met for dep_context=requeueable deps ti=<TaskInstance: google_maps_reviews.analyze_sentiment scheduled__2025-05-06T00:00:00+00:00 [queued]>
[2025-05-07T00:03:02.714+0000] {taskinstance.py:2867} INFO - Starting attempt 1 of 2
[2025-05-07T00:03:02.739+0000] {taskinstance.py:2890} INFO - Executing <Task(PythonOperator): analyze_sentiment> on 2025-05-06 00:00:00+00:00
[2025-05-07T00:03:02.761+0000] {warnings.py:112} WARNING - /home/***/.local/lib/python3.12/site-packages/***/task/task_runner/standard_task_runner.py:70: DeprecationWarning: This process (pid=10316) is multi-threaded, use of fork() may lead to deadlocks in the child.
  pid = os.fork()

[2025-05-07T00:03:02.765+0000] {standard_task_runner.py:72} INFO - Started process 10331 to run task
[2025-05-07T00:03:02.769+0000] {standard_task_runner.py:104} INFO - Running: ['***', 'tasks', 'run', 'google_maps_reviews', 'analyze_sentiment', 'scheduled__2025-05-06T00:00:00+00:00', '--job-id', '672', '--raw', '--subdir', 'DAGS_FOLDER/***dag.py', '--cfg-path', '/tmp/tmpy8b4cd5e']
[2025-05-07T00:03:02.771+0000] {standard_task_runner.py:105} INFO - Job 672: Subtask analyze_sentiment
[2025-05-07T00:03:02.870+0000] {task_command.py:467} INFO - Running <TaskInstance: google_maps_reviews.analyze_sentiment scheduled__2025-05-06T00:00:00+00:00 [running]> on host 8280c28b7f0f
[2025-05-07T00:03:03.053+0000] {taskinstance.py:3134} INFO - Exporting env vars: AIRFLOW_CTX_DAG_OWNER='***' AIRFLOW_CTX_DAG_ID='google_maps_reviews' AIRFLOW_CTX_TASK_ID='analyze_sentiment' AIRFLOW_CTX_EXECUTION_DATE='2025-05-06T00:00:00+00:00' AIRFLOW_CTX_TRY_NUMBER='1' AIRFLOW_CTX_DAG_RUN_ID='scheduled__2025-05-06T00:00:00+00:00'
[2025-05-07T00:03:03.055+0000] {logging_mixin.py:190} INFO - Task instance is in running state
[2025-05-07T00:03:03.057+0000] {logging_mixin.py:190} INFO -  Previous state of the Task instance: queued
[2025-05-07T00:03:03.057+0000] {logging_mixin.py:190} INFO - Current task name:analyze_sentiment state:running start_date:2025-05-07 00:03:02.694960+00:00
[2025-05-07T00:03:03.058+0000] {logging_mixin.py:190} INFO - Dag name:google_maps_reviews and current dag run status:running
[2025-05-07T00:03:03.058+0000] {taskinstance.py:732} INFO - ::endgroup::
[2025-05-07T00:03:03.074+0000] {base.py:84} INFO - Retrieving connection 'postgres_defaut'
[2025-05-07T00:03:04.711+0000] {logging_mixin.py:190} INFO - Sentiment analysis completed.
[2025-05-07T00:03:04.712+0000] {python.py:240} INFO - Done. Returned value was: None
[2025-05-07T00:03:04.728+0000] {taskinstance.py:341} INFO - ::group::Post task execution logs
[2025-05-07T00:03:04.730+0000] {taskinstance.py:353} INFO - Marking task as SUCCESS. dag_id=google_maps_reviews, task_id=analyze_sentiment, run_id=scheduled__2025-05-06T00:00:00+00:00, execution_date=20250506T000000, start_date=20250507T000302, end_date=20250507T000304
[2025-05-07T00:03:04.771+0000] {logging_mixin.py:190} INFO - Task instance in success state
[2025-05-07T00:03:04.772+0000] {logging_mixin.py:190} INFO -  Previous state of the Task instance: running
[2025-05-07T00:03:04.773+0000] {logging_mixin.py:190} INFO - Dag name:google_maps_reviews queued_at:2025-05-07 00:00:00.040155+00:00
[2025-05-07T00:03:04.774+0000] {logging_mixin.py:190} INFO - Task hostname:8280c28b7f0f operator:PythonOperator
[2025-05-07T00:03:04.802+0000] {local_task_job_runner.py:266} INFO - Task exited with return code 0
[2025-05-07T00:03:04.855+0000] {taskinstance.py:3901} INFO - 1 downstream tasks scheduled from follow-on schedule check
[2025-05-07T00:03:04.859+0000] {local_task_job_runner.py:245} INFO - ::endgroup::
