[2025-05-04T01:09:06.161+0000] {local_task_job_runner.py:123} INFO - ::group::Pre task execution logs
[2025-05-04T01:09:06.198+0000] {taskinstance.py:2614} INFO - Dependencies all met for dep_context=non-requeueable deps ti=<TaskInstance: google_maps_reviews.generate_dbt_docs scheduled__2025-05-03T00:00:00+00:00 [queued]>
[2025-05-04T01:09:06.219+0000] {taskinstance.py:2614} INFO - Dependencies all met for dep_context=requeueable deps ti=<TaskInstance: google_maps_reviews.generate_dbt_docs scheduled__2025-05-03T00:00:00+00:00 [queued]>
[2025-05-04T01:09:06.221+0000] {taskinstance.py:2867} INFO - Starting attempt 1 of 2
[2025-05-04T01:09:06.248+0000] {taskinstance.py:2890} INFO - Executing <Task(BashOperator): generate_dbt_docs> on 2025-05-03 00:00:00+00:00
[2025-05-04T01:09:06.268+0000] {warnings.py:112} WARNING - /home/***/.local/lib/python3.12/site-packages/***/task/task_runner/standard_task_runner.py:70: DeprecationWarning: This process (pid=284) is multi-threaded, use of fork() may lead to deadlocks in the child.
  pid = os.fork()

[2025-05-04T01:09:06.272+0000] {standard_task_runner.py:72} INFO - Started process 299 to run task
[2025-05-04T01:09:06.271+0000] {standard_task_runner.py:104} INFO - Running: ['***', 'tasks', 'run', 'google_maps_reviews', 'generate_dbt_docs', 'scheduled__2025-05-03T00:00:00+00:00', '--job-id', '418', '--raw', '--subdir', 'DAGS_FOLDER/***dag.py', '--cfg-path', '/tmp/tmpriy1b90m']
[2025-05-04T01:09:06.274+0000] {standard_task_runner.py:105} INFO - Job 418: Subtask generate_dbt_docs
[2025-05-04T01:09:06.357+0000] {task_command.py:467} INFO - Running <TaskInstance: google_maps_reviews.generate_dbt_docs scheduled__2025-05-03T00:00:00+00:00 [running]> on host 8280c28b7f0f
[2025-05-04T01:09:06.542+0000] {taskinstance.py:3134} INFO - Exporting env vars: AIRFLOW_CTX_DAG_OWNER='***' AIRFLOW_CTX_DAG_ID='google_maps_reviews' AIRFLOW_CTX_TASK_ID='generate_dbt_docs' AIRFLOW_CTX_EXECUTION_DATE='2025-05-03T00:00:00+00:00' AIRFLOW_CTX_TRY_NUMBER='1' AIRFLOW_CTX_DAG_RUN_ID='scheduled__2025-05-03T00:00:00+00:00'
[2025-05-04T01:09:06.544+0000] {logging_mixin.py:190} INFO - Task instance is in running state
[2025-05-04T01:09:06.545+0000] {logging_mixin.py:190} INFO -  Previous state of the Task instance: queued
[2025-05-04T01:09:06.547+0000] {logging_mixin.py:190} INFO - Current task name:generate_dbt_docs state:running start_date:2025-05-04 01:09:06.200138+00:00
[2025-05-04T01:09:06.548+0000] {logging_mixin.py:190} INFO - Dag name:google_maps_reviews and current dag run status:running
[2025-05-04T01:09:06.549+0000] {taskinstance.py:732} INFO - ::endgroup::
[2025-05-04T01:09:06.551+0000] {subprocess.py:78} INFO - Tmp dir root location: /tmp
[2025-05-04T01:09:06.553+0000] {subprocess.py:88} INFO - Running command: ['/usr/bin/bash', '-c', 'cd /opt/***/dbt_project/bank_reviews_dbt && dbt docs generate']
[2025-05-04T01:09:06.577+0000] {subprocess.py:99} INFO - Output:
[2025-05-04T01:09:09.909+0000] {subprocess.py:106} INFO - [0m01:09:09  Running with dbt=1.9.4
[2025-05-04T01:09:10.494+0000] {subprocess.py:106} INFO - [0m01:09:10  Registered adapter: postgres=1.9.0
[2025-05-04T01:09:11.228+0000] {subprocess.py:106} INFO - [0m01:09:11  Found 5 models, 12 data tests, 433 macros
[2025-05-04T01:09:11.238+0000] {subprocess.py:106} INFO - [0m01:09:11
[2025-05-04T01:09:11.240+0000] {subprocess.py:106} INFO - [0m01:09:11  Concurrency: 1 threads (target='dev')
[2025-05-04T01:09:11.242+0000] {subprocess.py:106} INFO - [0m01:09:11
[2025-05-04T01:09:12.419+0000] {subprocess.py:106} INFO - [0m01:09:12  Building catalog
[2025-05-04T01:09:12.652+0000] {subprocess.py:106} INFO - [0m01:09:12  Catalog written to /opt/***/dbt_project/bank_reviews_dbt/target/catalog.json
[2025-05-04T01:09:14.188+0000] {subprocess.py:110} INFO - Command exited with return code 0
[2025-05-04T01:09:14.234+0000] {taskinstance.py:341} INFO - ::group::Post task execution logs
[2025-05-04T01:09:14.236+0000] {taskinstance.py:353} INFO - Marking task as SUCCESS. dag_id=google_maps_reviews, task_id=generate_dbt_docs, run_id=scheduled__2025-05-03T00:00:00+00:00, execution_date=20250503T000000, start_date=20250504T010906, end_date=20250504T010914
[2025-05-04T01:09:14.282+0000] {logging_mixin.py:190} INFO - Task instance in success state
[2025-05-04T01:09:14.284+0000] {logging_mixin.py:190} INFO -  Previous state of the Task instance: running
[2025-05-04T01:09:14.285+0000] {logging_mixin.py:190} INFO - Dag name:google_maps_reviews queued_at:2025-05-04 01:07:00.790536+00:00
[2025-05-04T01:09:14.285+0000] {logging_mixin.py:190} INFO - Task hostname:8280c28b7f0f operator:BashOperator
[2025-05-04T01:09:14.306+0000] {local_task_job_runner.py:266} INFO - Task exited with return code 0
[2025-05-04T01:09:14.352+0000] {taskinstance.py:3901} INFO - 1 downstream tasks scheduled from follow-on schedule check
[2025-05-04T01:09:14.356+0000] {local_task_job_runner.py:245} INFO - ::endgroup::
