[2025-04-21T23:35:16.829+0000] {processor.py:186} INFO - Started process (PID=70) to work on /opt/airflow/dags/airflowdag.py
[2025-04-21T23:35:16.834+0000] {processor.py:914} INFO - Processing file /opt/airflow/dags/airflowdag.py for tasks to queue
[2025-04-21T23:35:16.854+0000] {logging_mixin.py:190} INFO - [2025-04-21T23:35:16.853+0000] {dagbag.py:588} INFO - Filling up the DagBag from /opt/airflow/dags/airflowdag.py
[2025-04-21T23:35:23.483+0000] {logging_mixin.py:190} WARNING - [nltk_data] Downloading package stopwords to
[nltk_data]     /home/airflow/nltk_data...
[2025-04-21T23:35:23.642+0000] {logging_mixin.py:190} WARNING - [nltk_data]   Unzipping corpora/stopwords.zip.
[2025-04-21T23:35:23.677+0000] {logging_mixin.py:190} WARNING - [nltk_data] Downloading package punkt_tab to
[nltk_data]     /home/airflow/nltk_data...
[2025-04-21T23:35:25.183+0000] {logging_mixin.py:190} WARNING - [nltk_data]   Unzipping tokenizers/punkt_tab.zip.
[2025-04-21T23:35:25.322+0000] {processor.py:925} INFO - DAG(s) 'google_maps_reviews_pipeline' retrieved from /opt/airflow/dags/airflowdag.py
[2025-04-21T23:35:25.438+0000] {logging_mixin.py:190} INFO - [2025-04-21T23:35:25.437+0000] {dag.py:3239} INFO - Sync 1 DAGs
[2025-04-21T23:35:25.498+0000] {logging_mixin.py:190} INFO - [2025-04-21T23:35:25.497+0000] {dag.py:4180} INFO - Setting next_dagrun for google_maps_reviews_pipeline to 2025-04-21 00:00:00+00:00, run_after=2025-04-22 00:00:00+00:00
[2025-04-21T23:35:25.549+0000] {processor.py:208} INFO - Processing /opt/airflow/dags/airflowdag.py took 8.731 seconds
[2025-04-21T23:35:55.649+0000] {processor.py:186} INFO - Started process (PID=180) to work on /opt/airflow/dags/airflowdag.py
[2025-04-21T23:35:55.650+0000] {processor.py:914} INFO - Processing file /opt/airflow/dags/airflowdag.py for tasks to queue
[2025-04-21T23:35:55.654+0000] {logging_mixin.py:190} INFO - [2025-04-21T23:35:55.654+0000] {dagbag.py:588} INFO - Filling up the DagBag from /opt/airflow/dags/airflowdag.py
[2025-04-21T23:35:57.481+0000] {logging_mixin.py:190} WARNING - [nltk_data] Downloading package stopwords to
[nltk_data]     /home/airflow/nltk_data...
[2025-04-21T23:35:57.483+0000] {logging_mixin.py:190} WARNING - [nltk_data]   Package stopwords is already up-to-date!
[2025-04-21T23:35:57.484+0000] {logging_mixin.py:190} WARNING - [nltk_data] Downloading package punkt_tab to
[nltk_data]     /home/airflow/nltk_data...
[2025-04-21T23:35:57.495+0000] {logging_mixin.py:190} WARNING - [nltk_data]   Package punkt_tab is already up-to-date!
[2025-04-21T23:35:57.503+0000] {processor.py:925} INFO - DAG(s) 'google_maps_reviews_pipeline' retrieved from /opt/airflow/dags/airflowdag.py
[2025-04-21T23:35:57.531+0000] {logging_mixin.py:190} INFO - [2025-04-21T23:35:57.530+0000] {dag.py:3239} INFO - Sync 1 DAGs
[2025-04-21T23:35:57.569+0000] {logging_mixin.py:190} INFO - [2025-04-21T23:35:57.569+0000] {dag.py:4180} INFO - Setting next_dagrun for google_maps_reviews_pipeline to 2025-04-21 00:00:00+00:00, run_after=2025-04-22 00:00:00+00:00
[2025-04-21T23:35:57.616+0000] {processor.py:208} INFO - Processing /opt/airflow/dags/airflowdag.py took 1.975 seconds
[2025-04-21T23:36:28.561+0000] {processor.py:186} INFO - Started process (PID=271) to work on /opt/airflow/dags/airflowdag.py
[2025-04-21T23:36:28.563+0000] {processor.py:914} INFO - Processing file /opt/airflow/dags/airflowdag.py for tasks to queue
[2025-04-21T23:36:28.566+0000] {logging_mixin.py:190} INFO - [2025-04-21T23:36:28.565+0000] {dagbag.py:588} INFO - Filling up the DagBag from /opt/airflow/dags/airflowdag.py
[2025-04-21T23:36:30.124+0000] {logging_mixin.py:190} WARNING - [nltk_data] Downloading package stopwords to
[nltk_data]     /home/airflow/nltk_data...
[2025-04-21T23:36:30.126+0000] {logging_mixin.py:190} WARNING - [nltk_data]   Package stopwords is already up-to-date!
[2025-04-21T23:36:30.127+0000] {logging_mixin.py:190} WARNING - [nltk_data] Downloading package punkt_tab to
[nltk_data]     /home/airflow/nltk_data...
[2025-04-21T23:36:30.135+0000] {logging_mixin.py:190} WARNING - [nltk_data]   Package punkt_tab is already up-to-date!
[2025-04-21T23:36:30.141+0000] {processor.py:925} INFO - DAG(s) 'google_maps_reviews_pipeline' retrieved from /opt/airflow/dags/airflowdag.py
[2025-04-21T23:36:30.164+0000] {logging_mixin.py:190} INFO - [2025-04-21T23:36:30.164+0000] {dag.py:3239} INFO - Sync 1 DAGs
[2025-04-21T23:36:30.190+0000] {logging_mixin.py:190} INFO - [2025-04-21T23:36:30.189+0000] {dag.py:4180} INFO - Setting next_dagrun for google_maps_reviews_pipeline to 2025-04-21 00:00:00+00:00, run_after=2025-04-22 00:00:00+00:00
[2025-04-21T23:36:30.234+0000] {processor.py:208} INFO - Processing /opt/airflow/dags/airflowdag.py took 1.680 seconds
[2025-04-21T23:37:00.536+0000] {processor.py:186} INFO - Started process (PID=362) to work on /opt/airflow/dags/airflowdag.py
[2025-04-21T23:37:00.538+0000] {processor.py:914} INFO - Processing file /opt/airflow/dags/airflowdag.py for tasks to queue
[2025-04-21T23:37:00.544+0000] {logging_mixin.py:190} INFO - [2025-04-21T23:37:00.544+0000] {dagbag.py:588} INFO - Filling up the DagBag from /opt/airflow/dags/airflowdag.py
[2025-04-21T23:37:02.157+0000] {logging_mixin.py:190} WARNING - [nltk_data] Downloading package stopwords to
[nltk_data]     /home/airflow/nltk_data...
[2025-04-21T23:37:02.159+0000] {logging_mixin.py:190} WARNING - [nltk_data]   Package stopwords is already up-to-date!
[2025-04-21T23:37:02.162+0000] {logging_mixin.py:190} WARNING - [nltk_data] Downloading package punkt_tab to
[nltk_data]     /home/airflow/nltk_data...
[2025-04-21T23:37:02.183+0000] {logging_mixin.py:190} WARNING - [nltk_data]   Package punkt_tab is already up-to-date!
[2025-04-21T23:37:02.190+0000] {processor.py:925} INFO - DAG(s) 'google_maps_reviews_pipeline' retrieved from /opt/airflow/dags/airflowdag.py
[2025-04-21T23:37:02.208+0000] {logging_mixin.py:190} INFO - [2025-04-21T23:37:02.208+0000] {dag.py:3239} INFO - Sync 1 DAGs
[2025-04-21T23:37:02.230+0000] {logging_mixin.py:190} INFO - [2025-04-21T23:37:02.230+0000] {dag.py:4180} INFO - Setting next_dagrun for google_maps_reviews_pipeline to 2025-04-21 00:00:00+00:00, run_after=2025-04-22 00:00:00+00:00
[2025-04-21T23:37:02.268+0000] {processor.py:208} INFO - Processing /opt/airflow/dags/airflowdag.py took 1.743 seconds
[2025-04-21T23:37:33.318+0000] {processor.py:186} INFO - Started process (PID=453) to work on /opt/airflow/dags/airflowdag.py
[2025-04-21T23:37:33.321+0000] {processor.py:914} INFO - Processing file /opt/airflow/dags/airflowdag.py for tasks to queue
[2025-04-21T23:37:33.324+0000] {logging_mixin.py:190} INFO - [2025-04-21T23:37:33.324+0000] {dagbag.py:588} INFO - Filling up the DagBag from /opt/airflow/dags/airflowdag.py
[2025-04-21T23:37:35.658+0000] {logging_mixin.py:190} WARNING - [nltk_data] Downloading package stopwords to
[nltk_data]     /home/airflow/nltk_data...
[2025-04-21T23:37:35.660+0000] {logging_mixin.py:190} WARNING - [nltk_data]   Package stopwords is already up-to-date!
[2025-04-21T23:37:35.661+0000] {logging_mixin.py:190} WARNING - [nltk_data] Downloading package punkt_tab to
[nltk_data]     /home/airflow/nltk_data...
[2025-04-21T23:37:35.675+0000] {logging_mixin.py:190} WARNING - [nltk_data]   Package punkt_tab is already up-to-date!
[2025-04-21T23:37:35.684+0000] {processor.py:925} INFO - DAG(s) 'google_maps_reviews_pipeline' retrieved from /opt/airflow/dags/airflowdag.py
[2025-04-21T23:37:35.720+0000] {logging_mixin.py:190} INFO - [2025-04-21T23:37:35.719+0000] {dag.py:3239} INFO - Sync 1 DAGs
[2025-04-21T23:37:35.842+0000] {logging_mixin.py:190} INFO - [2025-04-21T23:37:35.842+0000] {dag.py:4180} INFO - Setting next_dagrun for google_maps_reviews_pipeline to 2025-04-21 00:00:00+00:00, run_after=2025-04-22 00:00:00+00:00
[2025-04-21T23:37:35.901+0000] {processor.py:208} INFO - Processing /opt/airflow/dags/airflowdag.py took 2.589 seconds
[2025-04-21T23:38:06.040+0000] {processor.py:186} INFO - Started process (PID=550) to work on /opt/airflow/dags/airflowdag.py
[2025-04-21T23:38:06.041+0000] {processor.py:914} INFO - Processing file /opt/airflow/dags/airflowdag.py for tasks to queue
[2025-04-21T23:38:06.043+0000] {logging_mixin.py:190} INFO - [2025-04-21T23:38:06.043+0000] {dagbag.py:588} INFO - Filling up the DagBag from /opt/airflow/dags/airflowdag.py
[2025-04-21T23:38:07.529+0000] {logging_mixin.py:190} WARNING - [nltk_data] Downloading package stopwords to
[nltk_data]     /home/airflow/nltk_data...
[2025-04-21T23:38:07.530+0000] {logging_mixin.py:190} WARNING - [nltk_data]   Package stopwords is already up-to-date!
[2025-04-21T23:38:07.531+0000] {logging_mixin.py:190} WARNING - [nltk_data] Downloading package punkt_tab to
[nltk_data]     /home/airflow/nltk_data...
[2025-04-21T23:38:07.541+0000] {logging_mixin.py:190} WARNING - [nltk_data]   Package punkt_tab is already up-to-date!
[2025-04-21T23:38:07.547+0000] {processor.py:925} INFO - DAG(s) 'google_maps_reviews_pipeline' retrieved from /opt/airflow/dags/airflowdag.py
[2025-04-21T23:38:07.567+0000] {logging_mixin.py:190} INFO - [2025-04-21T23:38:07.567+0000] {dag.py:3239} INFO - Sync 1 DAGs
[2025-04-21T23:38:07.586+0000] {logging_mixin.py:190} INFO - [2025-04-21T23:38:07.585+0000] {dag.py:4180} INFO - Setting next_dagrun for google_maps_reviews_pipeline to 2025-04-21 00:00:00+00:00, run_after=2025-04-22 00:00:00+00:00
[2025-04-21T23:38:07.603+0000] {processor.py:208} INFO - Processing /opt/airflow/dags/airflowdag.py took 1.568 seconds
[2025-04-21T23:38:38.035+0000] {processor.py:186} INFO - Started process (PID=646) to work on /opt/airflow/dags/airflowdag.py
[2025-04-21T23:38:38.037+0000] {processor.py:914} INFO - Processing file /opt/airflow/dags/airflowdag.py for tasks to queue
[2025-04-21T23:38:38.039+0000] {logging_mixin.py:190} INFO - [2025-04-21T23:38:38.039+0000] {dagbag.py:588} INFO - Filling up the DagBag from /opt/airflow/dags/airflowdag.py
[2025-04-21T23:38:39.498+0000] {logging_mixin.py:190} WARNING - [nltk_data] Downloading package stopwords to
[nltk_data]     /home/airflow/nltk_data...
[2025-04-21T23:38:39.499+0000] {logging_mixin.py:190} WARNING - [nltk_data]   Package stopwords is already up-to-date!
[2025-04-21T23:38:39.500+0000] {logging_mixin.py:190} WARNING - [nltk_data] Downloading package punkt_tab to
[nltk_data]     /home/airflow/nltk_data...
[2025-04-21T23:38:39.508+0000] {logging_mixin.py:190} WARNING - [nltk_data]   Package punkt_tab is already up-to-date!
[2025-04-21T23:38:39.516+0000] {processor.py:925} INFO - DAG(s) 'google_maps_reviews_pipeline' retrieved from /opt/airflow/dags/airflowdag.py
[2025-04-21T23:38:39.536+0000] {logging_mixin.py:190} INFO - [2025-04-21T23:38:39.536+0000] {dag.py:3239} INFO - Sync 1 DAGs
[2025-04-21T23:38:39.559+0000] {logging_mixin.py:190} INFO - [2025-04-21T23:38:39.559+0000] {dag.py:4180} INFO - Setting next_dagrun for google_maps_reviews_pipeline to 2025-04-21 00:00:00+00:00, run_after=2025-04-22 00:00:00+00:00
[2025-04-21T23:38:39.580+0000] {processor.py:208} INFO - Processing /opt/airflow/dags/airflowdag.py took 1.549 seconds
[2025-04-21T23:39:10.064+0000] {processor.py:186} INFO - Started process (PID=737) to work on /opt/airflow/dags/airflowdag.py
[2025-04-21T23:39:10.073+0000] {processor.py:914} INFO - Processing file /opt/airflow/dags/airflowdag.py for tasks to queue
[2025-04-21T23:39:10.076+0000] {logging_mixin.py:190} INFO - [2025-04-21T23:39:10.076+0000] {dagbag.py:588} INFO - Filling up the DagBag from /opt/airflow/dags/airflowdag.py
[2025-04-21T23:39:11.606+0000] {logging_mixin.py:190} WARNING - [nltk_data] Downloading package stopwords to
[nltk_data]     /home/airflow/nltk_data...
[2025-04-21T23:39:11.607+0000] {logging_mixin.py:190} WARNING - [nltk_data]   Package stopwords is already up-to-date!
[2025-04-21T23:39:11.608+0000] {logging_mixin.py:190} WARNING - [nltk_data] Downloading package punkt_tab to
[nltk_data]     /home/airflow/nltk_data...
[2025-04-21T23:39:11.615+0000] {logging_mixin.py:190} WARNING - [nltk_data]   Package punkt_tab is already up-to-date!
[2025-04-21T23:39:11.620+0000] {processor.py:925} INFO - DAG(s) 'google_maps_reviews_pipeline' retrieved from /opt/airflow/dags/airflowdag.py
[2025-04-21T23:39:11.637+0000] {logging_mixin.py:190} INFO - [2025-04-21T23:39:11.637+0000] {dag.py:3239} INFO - Sync 1 DAGs
[2025-04-21T23:39:11.659+0000] {logging_mixin.py:190} INFO - [2025-04-21T23:39:11.658+0000] {dag.py:4180} INFO - Setting next_dagrun for google_maps_reviews_pipeline to 2025-04-21 00:00:00+00:00, run_after=2025-04-22 00:00:00+00:00
[2025-04-21T23:39:11.697+0000] {processor.py:208} INFO - Processing /opt/airflow/dags/airflowdag.py took 1.650 seconds
[2025-04-21T23:39:42.271+0000] {processor.py:186} INFO - Started process (PID=835) to work on /opt/airflow/dags/airflowdag.py
[2025-04-21T23:39:42.274+0000] {processor.py:914} INFO - Processing file /opt/airflow/dags/airflowdag.py for tasks to queue
[2025-04-21T23:39:42.277+0000] {logging_mixin.py:190} INFO - [2025-04-21T23:39:42.276+0000] {dagbag.py:588} INFO - Filling up the DagBag from /opt/airflow/dags/airflowdag.py
[2025-04-21T23:39:43.742+0000] {logging_mixin.py:190} WARNING - [nltk_data] Downloading package stopwords to
[nltk_data]     /home/airflow/nltk_data...
[2025-04-21T23:39:43.744+0000] {logging_mixin.py:190} WARNING - [nltk_data]   Package stopwords is already up-to-date!
[2025-04-21T23:39:43.745+0000] {logging_mixin.py:190} WARNING - [nltk_data] Downloading package punkt_tab to
[nltk_data]     /home/airflow/nltk_data...
[2025-04-21T23:39:43.755+0000] {logging_mixin.py:190} WARNING - [nltk_data]   Package punkt_tab is already up-to-date!
[2025-04-21T23:39:43.765+0000] {processor.py:925} INFO - DAG(s) 'google_maps_reviews_pipeline' retrieved from /opt/airflow/dags/airflowdag.py
[2025-04-21T23:39:43.791+0000] {logging_mixin.py:190} INFO - [2025-04-21T23:39:43.791+0000] {dag.py:3239} INFO - Sync 1 DAGs
[2025-04-21T23:39:43.810+0000] {logging_mixin.py:190} INFO - [2025-04-21T23:39:43.810+0000] {dag.py:4180} INFO - Setting next_dagrun for google_maps_reviews_pipeline to 2025-04-21 00:00:00+00:00, run_after=2025-04-22 00:00:00+00:00
[2025-04-21T23:39:43.854+0000] {processor.py:208} INFO - Processing /opt/airflow/dags/airflowdag.py took 1.588 seconds
[2025-04-21T23:40:14.318+0000] {processor.py:186} INFO - Started process (PID=932) to work on /opt/airflow/dags/airflowdag.py
[2025-04-21T23:40:14.322+0000] {processor.py:914} INFO - Processing file /opt/airflow/dags/airflowdag.py for tasks to queue
[2025-04-21T23:40:14.325+0000] {logging_mixin.py:190} INFO - [2025-04-21T23:40:14.324+0000] {dagbag.py:588} INFO - Filling up the DagBag from /opt/airflow/dags/airflowdag.py
[2025-04-21T23:40:15.632+0000] {logging_mixin.py:190} WARNING - [nltk_data] Downloading package stopwords to
[nltk_data]     /home/airflow/nltk_data...
[2025-04-21T23:40:15.633+0000] {logging_mixin.py:190} WARNING - [nltk_data]   Package stopwords is already up-to-date!
[2025-04-21T23:40:15.634+0000] {logging_mixin.py:190} WARNING - [nltk_data] Downloading package punkt_tab to
[nltk_data]     /home/airflow/nltk_data...
[2025-04-21T23:40:15.640+0000] {logging_mixin.py:190} WARNING - [nltk_data]   Package punkt_tab is already up-to-date!
[2025-04-21T23:40:15.646+0000] {processor.py:925} INFO - DAG(s) 'google_maps_reviews_pipeline' retrieved from /opt/airflow/dags/airflowdag.py
[2025-04-21T23:40:15.666+0000] {logging_mixin.py:190} INFO - [2025-04-21T23:40:15.665+0000] {dag.py:3239} INFO - Sync 1 DAGs
[2025-04-21T23:40:15.688+0000] {logging_mixin.py:190} INFO - [2025-04-21T23:40:15.688+0000] {dag.py:4180} INFO - Setting next_dagrun for google_maps_reviews_pipeline to 2025-04-21 00:00:00+00:00, run_after=2025-04-22 00:00:00+00:00
[2025-04-21T23:40:15.730+0000] {processor.py:208} INFO - Processing /opt/airflow/dags/airflowdag.py took 1.417 seconds
[2025-04-21T23:40:46.619+0000] {processor.py:186} INFO - Started process (PID=1022) to work on /opt/airflow/dags/airflowdag.py
[2025-04-21T23:40:46.621+0000] {processor.py:914} INFO - Processing file /opt/airflow/dags/airflowdag.py for tasks to queue
[2025-04-21T23:40:46.623+0000] {logging_mixin.py:190} INFO - [2025-04-21T23:40:46.623+0000] {dagbag.py:588} INFO - Filling up the DagBag from /opt/airflow/dags/airflowdag.py
[2025-04-21T23:40:48.035+0000] {logging_mixin.py:190} WARNING - [nltk_data] Downloading package stopwords to
[nltk_data]     /home/airflow/nltk_data...
[2025-04-21T23:40:48.037+0000] {logging_mixin.py:190} WARNING - [nltk_data]   Package stopwords is already up-to-date!
[2025-04-21T23:40:48.039+0000] {logging_mixin.py:190} WARNING - [nltk_data] Downloading package punkt_tab to
[nltk_data]     /home/airflow/nltk_data...
[2025-04-21T23:40:48.049+0000] {logging_mixin.py:190} WARNING - [nltk_data]   Package punkt_tab is already up-to-date!
[2025-04-21T23:40:48.056+0000] {processor.py:925} INFO - DAG(s) 'google_maps_reviews_pipeline' retrieved from /opt/airflow/dags/airflowdag.py
[2025-04-21T23:40:48.072+0000] {logging_mixin.py:190} INFO - [2025-04-21T23:40:48.071+0000] {dag.py:3239} INFO - Sync 1 DAGs
[2025-04-21T23:40:48.088+0000] {logging_mixin.py:190} INFO - [2025-04-21T23:40:48.088+0000] {dag.py:4180} INFO - Setting next_dagrun for google_maps_reviews_pipeline to 2025-04-21 00:00:00+00:00, run_after=2025-04-22 00:00:00+00:00
[2025-04-21T23:40:48.120+0000] {processor.py:208} INFO - Processing /opt/airflow/dags/airflowdag.py took 1.506 seconds
[2025-04-21T23:41:18.447+0000] {processor.py:186} INFO - Started process (PID=1117) to work on /opt/airflow/dags/airflowdag.py
[2025-04-21T23:41:18.448+0000] {processor.py:914} INFO - Processing file /opt/airflow/dags/airflowdag.py for tasks to queue
[2025-04-21T23:41:18.451+0000] {logging_mixin.py:190} INFO - [2025-04-21T23:41:18.451+0000] {dagbag.py:588} INFO - Filling up the DagBag from /opt/airflow/dags/airflowdag.py
[2025-04-21T23:41:20.135+0000] {logging_mixin.py:190} WARNING - [nltk_data] Downloading package stopwords to
[nltk_data]     /home/airflow/nltk_data...
[2025-04-21T23:41:20.137+0000] {logging_mixin.py:190} WARNING - [nltk_data]   Package stopwords is already up-to-date!
[2025-04-21T23:41:20.138+0000] {logging_mixin.py:190} WARNING - [nltk_data] Downloading package punkt_tab to
[nltk_data]     /home/airflow/nltk_data...
[2025-04-21T23:41:20.146+0000] {logging_mixin.py:190} WARNING - [nltk_data]   Package punkt_tab is already up-to-date!
[2025-04-21T23:41:20.151+0000] {processor.py:925} INFO - DAG(s) 'google_maps_reviews_pipeline' retrieved from /opt/airflow/dags/airflowdag.py
[2025-04-21T23:41:20.170+0000] {logging_mixin.py:190} INFO - [2025-04-21T23:41:20.169+0000] {dag.py:3239} INFO - Sync 1 DAGs
[2025-04-21T23:41:20.191+0000] {logging_mixin.py:190} INFO - [2025-04-21T23:41:20.191+0000] {dag.py:4180} INFO - Setting next_dagrun for google_maps_reviews_pipeline to 2025-04-21 00:00:00+00:00, run_after=2025-04-22 00:00:00+00:00
[2025-04-21T23:41:20.218+0000] {processor.py:208} INFO - Processing /opt/airflow/dags/airflowdag.py took 1.777 seconds
[2025-04-21T23:41:50.492+0000] {processor.py:186} INFO - Started process (PID=1219) to work on /opt/airflow/dags/airflowdag.py
[2025-04-21T23:41:50.493+0000] {processor.py:914} INFO - Processing file /opt/airflow/dags/airflowdag.py for tasks to queue
[2025-04-21T23:41:50.495+0000] {logging_mixin.py:190} INFO - [2025-04-21T23:41:50.495+0000] {dagbag.py:588} INFO - Filling up the DagBag from /opt/airflow/dags/airflowdag.py
[2025-04-21T23:41:51.990+0000] {logging_mixin.py:190} WARNING - [nltk_data] Downloading package stopwords to
[nltk_data]     /home/airflow/nltk_data...
[2025-04-21T23:41:51.991+0000] {logging_mixin.py:190} WARNING - [nltk_data]   Package stopwords is already up-to-date!
[2025-04-21T23:41:51.992+0000] {logging_mixin.py:190} WARNING - [nltk_data] Downloading package punkt_tab to
[nltk_data]     /home/airflow/nltk_data...
[2025-04-21T23:41:51.999+0000] {logging_mixin.py:190} WARNING - [nltk_data]   Package punkt_tab is already up-to-date!
[2025-04-21T23:41:52.005+0000] {processor.py:925} INFO - DAG(s) 'google_maps_reviews_pipeline' retrieved from /opt/airflow/dags/airflowdag.py
[2025-04-21T23:41:52.024+0000] {logging_mixin.py:190} INFO - [2025-04-21T23:41:52.023+0000] {dag.py:3239} INFO - Sync 1 DAGs
[2025-04-21T23:41:52.046+0000] {logging_mixin.py:190} INFO - [2025-04-21T23:41:52.046+0000] {dag.py:4180} INFO - Setting next_dagrun for google_maps_reviews_pipeline to 2025-04-21 00:00:00+00:00, run_after=2025-04-22 00:00:00+00:00
[2025-04-21T23:41:52.064+0000] {processor.py:208} INFO - Processing /opt/airflow/dags/airflowdag.py took 1.576 seconds
[2025-04-21T23:42:22.256+0000] {processor.py:186} INFO - Started process (PID=1314) to work on /opt/airflow/dags/airflowdag.py
[2025-04-21T23:42:22.259+0000] {processor.py:914} INFO - Processing file /opt/airflow/dags/airflowdag.py for tasks to queue
[2025-04-21T23:42:22.267+0000] {logging_mixin.py:190} INFO - [2025-04-21T23:42:22.267+0000] {dagbag.py:588} INFO - Filling up the DagBag from /opt/airflow/dags/airflowdag.py
[2025-04-21T23:42:23.802+0000] {logging_mixin.py:190} WARNING - [nltk_data] Downloading package stopwords to
[nltk_data]     /home/airflow/nltk_data...
[2025-04-21T23:42:23.805+0000] {logging_mixin.py:190} WARNING - [nltk_data]   Package stopwords is already up-to-date!
[2025-04-21T23:42:23.808+0000] {logging_mixin.py:190} WARNING - [nltk_data] Downloading package punkt_tab to
[nltk_data]     /home/airflow/nltk_data...
[2025-04-21T23:42:23.818+0000] {logging_mixin.py:190} WARNING - [nltk_data]   Package punkt_tab is already up-to-date!
[2025-04-21T23:42:23.838+0000] {processor.py:925} INFO - DAG(s) 'google_maps_reviews_pipeline' retrieved from /opt/airflow/dags/airflowdag.py
[2025-04-21T23:42:23.894+0000] {logging_mixin.py:190} INFO - [2025-04-21T23:42:23.894+0000] {dag.py:3239} INFO - Sync 1 DAGs
[2025-04-21T23:42:23.938+0000] {logging_mixin.py:190} INFO - [2025-04-21T23:42:23.937+0000] {dag.py:4180} INFO - Setting next_dagrun for google_maps_reviews_pipeline to 2025-04-21 00:00:00+00:00, run_after=2025-04-22 00:00:00+00:00
[2025-04-21T23:42:23.967+0000] {processor.py:208} INFO - Processing /opt/airflow/dags/airflowdag.py took 1.716 seconds
[2025-04-21T23:42:54.130+0000] {processor.py:186} INFO - Started process (PID=1415) to work on /opt/airflow/dags/airflowdag.py
[2025-04-21T23:42:54.131+0000] {processor.py:914} INFO - Processing file /opt/airflow/dags/airflowdag.py for tasks to queue
[2025-04-21T23:42:54.133+0000] {logging_mixin.py:190} INFO - [2025-04-21T23:42:54.133+0000] {dagbag.py:588} INFO - Filling up the DagBag from /opt/airflow/dags/airflowdag.py
[2025-04-21T23:42:55.578+0000] {logging_mixin.py:190} WARNING - [nltk_data] Downloading package stopwords to
[nltk_data]     /home/airflow/nltk_data...
[2025-04-21T23:42:55.579+0000] {logging_mixin.py:190} WARNING - [nltk_data]   Package stopwords is already up-to-date!
[2025-04-21T23:42:55.581+0000] {logging_mixin.py:190} WARNING - [nltk_data] Downloading package punkt_tab to
[nltk_data]     /home/airflow/nltk_data...
[2025-04-21T23:42:55.588+0000] {logging_mixin.py:190} WARNING - [nltk_data]   Package punkt_tab is already up-to-date!
[2025-04-21T23:42:55.597+0000] {processor.py:925} INFO - DAG(s) 'google_maps_reviews_pipeline' retrieved from /opt/airflow/dags/airflowdag.py
[2025-04-21T23:42:55.624+0000] {logging_mixin.py:190} INFO - [2025-04-21T23:42:55.623+0000] {dag.py:3239} INFO - Sync 1 DAGs
[2025-04-21T23:42:55.651+0000] {logging_mixin.py:190} INFO - [2025-04-21T23:42:55.651+0000] {dag.py:4180} INFO - Setting next_dagrun for google_maps_reviews_pipeline to 2025-04-21 00:00:00+00:00, run_after=2025-04-22 00:00:00+00:00
[2025-04-21T23:42:55.682+0000] {processor.py:208} INFO - Processing /opt/airflow/dags/airflowdag.py took 1.557 seconds
[2025-04-21T23:43:25.846+0000] {processor.py:186} INFO - Started process (PID=1509) to work on /opt/airflow/dags/airflowdag.py
[2025-04-21T23:43:25.847+0000] {processor.py:914} INFO - Processing file /opt/airflow/dags/airflowdag.py for tasks to queue
[2025-04-21T23:43:25.849+0000] {logging_mixin.py:190} INFO - [2025-04-21T23:43:25.849+0000] {dagbag.py:588} INFO - Filling up the DagBag from /opt/airflow/dags/airflowdag.py
[2025-04-21T23:43:27.264+0000] {logging_mixin.py:190} WARNING - [nltk_data] Downloading package stopwords to
[nltk_data]     /home/airflow/nltk_data...
[2025-04-21T23:43:27.265+0000] {logging_mixin.py:190} WARNING - [nltk_data]   Package stopwords is already up-to-date!
[2025-04-21T23:43:27.266+0000] {logging_mixin.py:190} WARNING - [nltk_data] Downloading package punkt_tab to
[nltk_data]     /home/airflow/nltk_data...
[2025-04-21T23:43:27.273+0000] {logging_mixin.py:190} WARNING - [nltk_data]   Package punkt_tab is already up-to-date!
[2025-04-21T23:43:27.282+0000] {processor.py:925} INFO - DAG(s) 'google_maps_reviews_pipeline' retrieved from /opt/airflow/dags/airflowdag.py
[2025-04-21T23:43:27.302+0000] {logging_mixin.py:190} INFO - [2025-04-21T23:43:27.302+0000] {dag.py:3239} INFO - Sync 1 DAGs
[2025-04-21T23:43:27.326+0000] {logging_mixin.py:190} INFO - [2025-04-21T23:43:27.325+0000] {dag.py:4180} INFO - Setting next_dagrun for google_maps_reviews_pipeline to 2025-04-21 00:00:00+00:00, run_after=2025-04-22 00:00:00+00:00
[2025-04-21T23:43:27.361+0000] {processor.py:208} INFO - Processing /opt/airflow/dags/airflowdag.py took 1.521 seconds
[2025-04-21T23:43:57.410+0000] {processor.py:186} INFO - Started process (PID=1606) to work on /opt/airflow/dags/airflowdag.py
[2025-04-21T23:43:57.411+0000] {processor.py:914} INFO - Processing file /opt/airflow/dags/airflowdag.py for tasks to queue
[2025-04-21T23:43:57.413+0000] {logging_mixin.py:190} INFO - [2025-04-21T23:43:57.413+0000] {dagbag.py:588} INFO - Filling up the DagBag from /opt/airflow/dags/airflowdag.py
[2025-04-21T23:43:58.989+0000] {logging_mixin.py:190} WARNING - [nltk_data] Downloading package stopwords to
[nltk_data]     /home/airflow/nltk_data...
[2025-04-21T23:43:58.990+0000] {logging_mixin.py:190} WARNING - [nltk_data]   Package stopwords is already up-to-date!
[2025-04-21T23:43:58.990+0000] {logging_mixin.py:190} WARNING - [nltk_data] Downloading package punkt_tab to
[nltk_data]     /home/airflow/nltk_data...
[2025-04-21T23:43:58.997+0000] {logging_mixin.py:190} WARNING - [nltk_data]   Package punkt_tab is already up-to-date!
[2025-04-21T23:43:59.003+0000] {processor.py:925} INFO - DAG(s) 'google_maps_reviews_pipeline' retrieved from /opt/airflow/dags/airflowdag.py
[2025-04-21T23:43:59.023+0000] {logging_mixin.py:190} INFO - [2025-04-21T23:43:59.023+0000] {dag.py:3239} INFO - Sync 1 DAGs
[2025-04-21T23:43:59.046+0000] {logging_mixin.py:190} INFO - [2025-04-21T23:43:59.046+0000] {dag.py:4180} INFO - Setting next_dagrun for google_maps_reviews_pipeline to 2025-04-21 00:00:00+00:00, run_after=2025-04-22 00:00:00+00:00
[2025-04-21T23:43:59.087+0000] {processor.py:208} INFO - Processing /opt/airflow/dags/airflowdag.py took 1.683 seconds
