[2025-04-21T23:35:30.183+0000] {processor.py:186} INFO - Started process (PID=124) to work on /home/airflow/.local/lib/python3.12/site-packages/airflow/example_dags/example_inlet_event_extra.py
[2025-04-21T23:35:30.185+0000] {processor.py:914} INFO - Processing file /home/airflow/.local/lib/python3.12/site-packages/airflow/example_dags/example_inlet_event_extra.py for tasks to queue
[2025-04-21T23:35:30.190+0000] {logging_mixin.py:190} INFO - [2025-04-21T23:35:30.189+0000] {dagbag.py:588} INFO - Filling up the DagBag from /home/airflow/.local/lib/python3.12/site-packages/airflow/example_dags/example_inlet_event_extra.py
[2025-04-21T23:35:31.336+0000] {processor.py:925} INFO - DAG(s) 'read_dataset_event_from_classic', 'read_dataset_event' retrieved from /home/airflow/.local/lib/python3.12/site-packages/airflow/example_dags/example_inlet_event_extra.py
[2025-04-21T23:35:31.410+0000] {logging_mixin.py:190} INFO - [2025-04-21T23:35:31.409+0000] {dag.py:3239} INFO - Sync 2 DAGs
[2025-04-21T23:35:31.489+0000] {logging_mixin.py:190} INFO - [2025-04-21T23:35:31.488+0000] {dag.py:4180} INFO - Setting next_dagrun for read_dataset_event to 2025-04-20 00:00:00+00:00, run_after=2025-04-21 00:00:00+00:00
[2025-04-21T23:35:31.503+0000] {logging_mixin.py:190} INFO - [2025-04-21T23:35:31.503+0000] {dag.py:4180} INFO - Setting next_dagrun for read_dataset_event_from_classic to 2025-04-20 00:00:00+00:00, run_after=2025-04-21 00:00:00+00:00
[2025-04-21T23:35:31.543+0000] {processor.py:208} INFO - Processing /home/airflow/.local/lib/python3.12/site-packages/airflow/example_dags/example_inlet_event_extra.py took 1.368 seconds
[2025-04-21T23:36:02.815+0000] {processor.py:186} INFO - Started process (PID=227) to work on /home/airflow/.local/lib/python3.12/site-packages/airflow/example_dags/example_inlet_event_extra.py
[2025-04-21T23:36:02.817+0000] {processor.py:914} INFO - Processing file /home/airflow/.local/lib/python3.12/site-packages/airflow/example_dags/example_inlet_event_extra.py for tasks to queue
[2025-04-21T23:36:02.827+0000] {logging_mixin.py:190} INFO - [2025-04-21T23:36:02.825+0000] {dagbag.py:588} INFO - Filling up the DagBag from /home/airflow/.local/lib/python3.12/site-packages/airflow/example_dags/example_inlet_event_extra.py
[2025-04-21T23:36:03.882+0000] {processor.py:925} INFO - DAG(s) 'read_dataset_event_from_classic', 'read_dataset_event' retrieved from /home/airflow/.local/lib/python3.12/site-packages/airflow/example_dags/example_inlet_event_extra.py
[2025-04-21T23:36:03.920+0000] {logging_mixin.py:190} INFO - [2025-04-21T23:36:03.920+0000] {dag.py:3239} INFO - Sync 2 DAGs
[2025-04-21T23:36:03.961+0000] {logging_mixin.py:190} INFO - [2025-04-21T23:36:03.960+0000] {dag.py:4180} INFO - Setting next_dagrun for read_dataset_event to 2025-04-20 00:00:00+00:00, run_after=2025-04-21 00:00:00+00:00
[2025-04-21T23:36:03.970+0000] {logging_mixin.py:190} INFO - [2025-04-21T23:36:03.970+0000] {dag.py:4180} INFO - Setting next_dagrun for read_dataset_event_from_classic to 2025-04-20 00:00:00+00:00, run_after=2025-04-21 00:00:00+00:00
[2025-04-21T23:36:03.997+0000] {processor.py:208} INFO - Processing /home/airflow/.local/lib/python3.12/site-packages/airflow/example_dags/example_inlet_event_extra.py took 1.189 seconds
[2025-04-21T23:36:34.523+0000] {processor.py:186} INFO - Started process (PID=321) to work on /home/airflow/.local/lib/python3.12/site-packages/airflow/example_dags/example_inlet_event_extra.py
[2025-04-21T23:36:34.525+0000] {processor.py:914} INFO - Processing file /home/airflow/.local/lib/python3.12/site-packages/airflow/example_dags/example_inlet_event_extra.py for tasks to queue
[2025-04-21T23:36:34.528+0000] {logging_mixin.py:190} INFO - [2025-04-21T23:36:34.527+0000] {dagbag.py:588} INFO - Filling up the DagBag from /home/airflow/.local/lib/python3.12/site-packages/airflow/example_dags/example_inlet_event_extra.py
[2025-04-21T23:36:35.099+0000] {processor.py:925} INFO - DAG(s) 'read_dataset_event_from_classic', 'read_dataset_event' retrieved from /home/airflow/.local/lib/python3.12/site-packages/airflow/example_dags/example_inlet_event_extra.py
[2025-04-21T23:36:35.121+0000] {logging_mixin.py:190} INFO - [2025-04-21T23:36:35.120+0000] {dag.py:3239} INFO - Sync 2 DAGs
[2025-04-21T23:36:35.143+0000] {logging_mixin.py:190} INFO - [2025-04-21T23:36:35.142+0000] {dag.py:4180} INFO - Setting next_dagrun for read_dataset_event to 2025-04-20 00:00:00+00:00, run_after=2025-04-21 00:00:00+00:00
[2025-04-21T23:36:35.150+0000] {logging_mixin.py:190} INFO - [2025-04-21T23:36:35.150+0000] {dag.py:4180} INFO - Setting next_dagrun for read_dataset_event_from_classic to 2025-04-20 00:00:00+00:00, run_after=2025-04-21 00:00:00+00:00
[2025-04-21T23:36:35.183+0000] {processor.py:208} INFO - Processing /home/airflow/.local/lib/python3.12/site-packages/airflow/example_dags/example_inlet_event_extra.py took 0.665 seconds
[2025-04-21T23:37:05.645+0000] {processor.py:186} INFO - Started process (PID=412) to work on /home/airflow/.local/lib/python3.12/site-packages/airflow/example_dags/example_inlet_event_extra.py
[2025-04-21T23:37:05.647+0000] {processor.py:914} INFO - Processing file /home/airflow/.local/lib/python3.12/site-packages/airflow/example_dags/example_inlet_event_extra.py for tasks to queue
[2025-04-21T23:37:05.650+0000] {logging_mixin.py:190} INFO - [2025-04-21T23:37:05.649+0000] {dagbag.py:588} INFO - Filling up the DagBag from /home/airflow/.local/lib/python3.12/site-packages/airflow/example_dags/example_inlet_event_extra.py
[2025-04-21T23:37:06.508+0000] {processor.py:925} INFO - DAG(s) 'read_dataset_event', 'read_dataset_event_from_classic' retrieved from /home/airflow/.local/lib/python3.12/site-packages/airflow/example_dags/example_inlet_event_extra.py
[2025-04-21T23:37:06.546+0000] {logging_mixin.py:190} INFO - [2025-04-21T23:37:06.545+0000] {dag.py:3239} INFO - Sync 2 DAGs
[2025-04-21T23:37:06.591+0000] {logging_mixin.py:190} INFO - [2025-04-21T23:37:06.590+0000] {dag.py:4180} INFO - Setting next_dagrun for read_dataset_event to 2025-04-20 00:00:00+00:00, run_after=2025-04-21 00:00:00+00:00
[2025-04-21T23:37:06.600+0000] {logging_mixin.py:190} INFO - [2025-04-21T23:37:06.599+0000] {dag.py:4180} INFO - Setting next_dagrun for read_dataset_event_from_classic to 2025-04-20 00:00:00+00:00, run_after=2025-04-21 00:00:00+00:00
[2025-04-21T23:37:06.649+0000] {processor.py:208} INFO - Processing /home/airflow/.local/lib/python3.12/site-packages/airflow/example_dags/example_inlet_event_extra.py took 1.012 seconds
[2025-04-21T23:37:39.063+0000] {processor.py:186} INFO - Started process (PID=502) to work on /home/airflow/.local/lib/python3.12/site-packages/airflow/example_dags/example_inlet_event_extra.py
[2025-04-21T23:37:39.065+0000] {processor.py:914} INFO - Processing file /home/airflow/.local/lib/python3.12/site-packages/airflow/example_dags/example_inlet_event_extra.py for tasks to queue
[2025-04-21T23:37:39.070+0000] {logging_mixin.py:190} INFO - [2025-04-21T23:37:39.069+0000] {dagbag.py:588} INFO - Filling up the DagBag from /home/airflow/.local/lib/python3.12/site-packages/airflow/example_dags/example_inlet_event_extra.py
[2025-04-21T23:37:40.011+0000] {processor.py:925} INFO - DAG(s) 'read_dataset_event_from_classic', 'read_dataset_event' retrieved from /home/airflow/.local/lib/python3.12/site-packages/airflow/example_dags/example_inlet_event_extra.py
[2025-04-21T23:37:40.044+0000] {logging_mixin.py:190} INFO - [2025-04-21T23:37:40.044+0000] {dag.py:3239} INFO - Sync 2 DAGs
[2025-04-21T23:37:40.090+0000] {logging_mixin.py:190} INFO - [2025-04-21T23:37:40.090+0000] {dag.py:4180} INFO - Setting next_dagrun for read_dataset_event to 2025-04-20 00:00:00+00:00, run_after=2025-04-21 00:00:00+00:00
[2025-04-21T23:37:40.098+0000] {logging_mixin.py:190} INFO - [2025-04-21T23:37:40.098+0000] {dag.py:4180} INFO - Setting next_dagrun for read_dataset_event_from_classic to 2025-04-20 00:00:00+00:00, run_after=2025-04-21 00:00:00+00:00
[2025-04-21T23:37:40.135+0000] {processor.py:208} INFO - Processing /home/airflow/.local/lib/python3.12/site-packages/airflow/example_dags/example_inlet_event_extra.py took 1.082 seconds
[2025-04-21T23:38:10.470+0000] {processor.py:186} INFO - Started process (PID=594) to work on /home/airflow/.local/lib/python3.12/site-packages/airflow/example_dags/example_inlet_event_extra.py
[2025-04-21T23:38:10.472+0000] {processor.py:914} INFO - Processing file /home/airflow/.local/lib/python3.12/site-packages/airflow/example_dags/example_inlet_event_extra.py for tasks to queue
[2025-04-21T23:38:10.478+0000] {logging_mixin.py:190} INFO - [2025-04-21T23:38:10.477+0000] {dagbag.py:588} INFO - Filling up the DagBag from /home/airflow/.local/lib/python3.12/site-packages/airflow/example_dags/example_inlet_event_extra.py
[2025-04-21T23:38:11.019+0000] {processor.py:925} INFO - DAG(s) 'read_dataset_event', 'read_dataset_event_from_classic' retrieved from /home/airflow/.local/lib/python3.12/site-packages/airflow/example_dags/example_inlet_event_extra.py
[2025-04-21T23:38:11.041+0000] {logging_mixin.py:190} INFO - [2025-04-21T23:38:11.040+0000] {dag.py:3239} INFO - Sync 2 DAGs
[2025-04-21T23:38:11.065+0000] {logging_mixin.py:190} INFO - [2025-04-21T23:38:11.065+0000] {dag.py:4180} INFO - Setting next_dagrun for read_dataset_event to 2025-04-20 00:00:00+00:00, run_after=2025-04-21 00:00:00+00:00
[2025-04-21T23:38:11.071+0000] {logging_mixin.py:190} INFO - [2025-04-21T23:38:11.071+0000] {dag.py:4180} INFO - Setting next_dagrun for read_dataset_event_from_classic to 2025-04-20 00:00:00+00:00, run_after=2025-04-21 00:00:00+00:00
[2025-04-21T23:38:11.097+0000] {processor.py:208} INFO - Processing /home/airflow/.local/lib/python3.12/site-packages/airflow/example_dags/example_inlet_event_extra.py took 0.636 seconds
[2025-04-21T23:38:41.653+0000] {processor.py:186} INFO - Started process (PID=687) to work on /home/airflow/.local/lib/python3.12/site-packages/airflow/example_dags/example_inlet_event_extra.py
[2025-04-21T23:38:41.654+0000] {processor.py:914} INFO - Processing file /home/airflow/.local/lib/python3.12/site-packages/airflow/example_dags/example_inlet_event_extra.py for tasks to queue
[2025-04-21T23:38:41.658+0000] {logging_mixin.py:190} INFO - [2025-04-21T23:38:41.657+0000] {dagbag.py:588} INFO - Filling up the DagBag from /home/airflow/.local/lib/python3.12/site-packages/airflow/example_dags/example_inlet_event_extra.py
[2025-04-21T23:38:42.306+0000] {processor.py:925} INFO - DAG(s) 'read_dataset_event_from_classic', 'read_dataset_event' retrieved from /home/airflow/.local/lib/python3.12/site-packages/airflow/example_dags/example_inlet_event_extra.py
[2025-04-21T23:38:42.339+0000] {logging_mixin.py:190} INFO - [2025-04-21T23:38:42.339+0000] {dag.py:3239} INFO - Sync 2 DAGs
[2025-04-21T23:38:42.376+0000] {logging_mixin.py:190} INFO - [2025-04-21T23:38:42.376+0000] {dag.py:4180} INFO - Setting next_dagrun for read_dataset_event to 2025-04-20 00:00:00+00:00, run_after=2025-04-21 00:00:00+00:00
[2025-04-21T23:38:42.387+0000] {logging_mixin.py:190} INFO - [2025-04-21T23:38:42.386+0000] {dag.py:4180} INFO - Setting next_dagrun for read_dataset_event_from_classic to 2025-04-20 00:00:00+00:00, run_after=2025-04-21 00:00:00+00:00
[2025-04-21T23:38:42.425+0000] {processor.py:208} INFO - Processing /home/airflow/.local/lib/python3.12/site-packages/airflow/example_dags/example_inlet_event_extra.py took 0.778 seconds
[2025-04-21T23:39:12.886+0000] {processor.py:186} INFO - Started process (PID=764) to work on /home/airflow/.local/lib/python3.12/site-packages/airflow/example_dags/example_inlet_event_extra.py
[2025-04-21T23:39:12.887+0000] {processor.py:914} INFO - Processing file /home/airflow/.local/lib/python3.12/site-packages/airflow/example_dags/example_inlet_event_extra.py for tasks to queue
[2025-04-21T23:39:12.889+0000] {logging_mixin.py:190} INFO - [2025-04-21T23:39:12.889+0000] {dagbag.py:588} INFO - Filling up the DagBag from /home/airflow/.local/lib/python3.12/site-packages/airflow/example_dags/example_inlet_event_extra.py
[2025-04-21T23:39:13.453+0000] {processor.py:925} INFO - DAG(s) 'read_dataset_event', 'read_dataset_event_from_classic' retrieved from /home/airflow/.local/lib/python3.12/site-packages/airflow/example_dags/example_inlet_event_extra.py
[2025-04-21T23:39:13.475+0000] {logging_mixin.py:190} INFO - [2025-04-21T23:39:13.475+0000] {dag.py:3239} INFO - Sync 2 DAGs
[2025-04-21T23:39:13.507+0000] {logging_mixin.py:190} INFO - [2025-04-21T23:39:13.507+0000] {dag.py:4180} INFO - Setting next_dagrun for read_dataset_event to 2025-04-20 00:00:00+00:00, run_after=2025-04-21 00:00:00+00:00
[2025-04-21T23:39:13.515+0000] {logging_mixin.py:190} INFO - [2025-04-21T23:39:13.515+0000] {dag.py:4180} INFO - Setting next_dagrun for read_dataset_event_from_classic to 2025-04-20 00:00:00+00:00, run_after=2025-04-21 00:00:00+00:00
[2025-04-21T23:39:13.532+0000] {processor.py:208} INFO - Processing /home/airflow/.local/lib/python3.12/site-packages/airflow/example_dags/example_inlet_event_extra.py took 0.651 seconds
[2025-04-21T23:39:43.950+0000] {processor.py:186} INFO - Started process (PID=855) to work on /home/airflow/.local/lib/python3.12/site-packages/airflow/example_dags/example_inlet_event_extra.py
[2025-04-21T23:39:43.951+0000] {processor.py:914} INFO - Processing file /home/airflow/.local/lib/python3.12/site-packages/airflow/example_dags/example_inlet_event_extra.py for tasks to queue
[2025-04-21T23:39:43.955+0000] {logging_mixin.py:190} INFO - [2025-04-21T23:39:43.955+0000] {dagbag.py:588} INFO - Filling up the DagBag from /home/airflow/.local/lib/python3.12/site-packages/airflow/example_dags/example_inlet_event_extra.py
[2025-04-21T23:39:44.552+0000] {processor.py:925} INFO - DAG(s) 'read_dataset_event', 'read_dataset_event_from_classic' retrieved from /home/airflow/.local/lib/python3.12/site-packages/airflow/example_dags/example_inlet_event_extra.py
[2025-04-21T23:39:44.576+0000] {logging_mixin.py:190} INFO - [2025-04-21T23:39:44.575+0000] {dag.py:3239} INFO - Sync 2 DAGs
[2025-04-21T23:39:44.607+0000] {logging_mixin.py:190} INFO - [2025-04-21T23:39:44.607+0000] {dag.py:4180} INFO - Setting next_dagrun for read_dataset_event to 2025-04-20 00:00:00+00:00, run_after=2025-04-21 00:00:00+00:00
[2025-04-21T23:39:44.612+0000] {logging_mixin.py:190} INFO - [2025-04-21T23:39:44.612+0000] {dag.py:4180} INFO - Setting next_dagrun for read_dataset_event_from_classic to 2025-04-20 00:00:00+00:00, run_after=2025-04-21 00:00:00+00:00
[2025-04-21T23:39:44.635+0000] {processor.py:208} INFO - Processing /home/airflow/.local/lib/python3.12/site-packages/airflow/example_dags/example_inlet_event_extra.py took 0.695 seconds
[2025-04-21T23:40:15.335+0000] {processor.py:186} INFO - Started process (PID=946) to work on /home/airflow/.local/lib/python3.12/site-packages/airflow/example_dags/example_inlet_event_extra.py
[2025-04-21T23:40:15.336+0000] {processor.py:914} INFO - Processing file /home/airflow/.local/lib/python3.12/site-packages/airflow/example_dags/example_inlet_event_extra.py for tasks to queue
[2025-04-21T23:40:15.339+0000] {logging_mixin.py:190} INFO - [2025-04-21T23:40:15.338+0000] {dagbag.py:588} INFO - Filling up the DagBag from /home/airflow/.local/lib/python3.12/site-packages/airflow/example_dags/example_inlet_event_extra.py
[2025-04-21T23:40:15.858+0000] {processor.py:925} INFO - DAG(s) 'read_dataset_event_from_classic', 'read_dataset_event' retrieved from /home/airflow/.local/lib/python3.12/site-packages/airflow/example_dags/example_inlet_event_extra.py
[2025-04-21T23:40:15.876+0000] {logging_mixin.py:190} INFO - [2025-04-21T23:40:15.876+0000] {dag.py:3239} INFO - Sync 2 DAGs
[2025-04-21T23:40:15.897+0000] {logging_mixin.py:190} INFO - [2025-04-21T23:40:15.897+0000] {dag.py:4180} INFO - Setting next_dagrun for read_dataset_event to 2025-04-20 00:00:00+00:00, run_after=2025-04-21 00:00:00+00:00
[2025-04-21T23:40:15.902+0000] {logging_mixin.py:190} INFO - [2025-04-21T23:40:15.902+0000] {dag.py:4180} INFO - Setting next_dagrun for read_dataset_event_from_classic to 2025-04-20 00:00:00+00:00, run_after=2025-04-21 00:00:00+00:00
[2025-04-21T23:40:15.924+0000] {processor.py:208} INFO - Processing /home/airflow/.local/lib/python3.12/site-packages/airflow/example_dags/example_inlet_event_extra.py took 0.594 seconds
[2025-04-21T23:40:46.629+0000] {processor.py:186} INFO - Started process (PID=1023) to work on /home/airflow/.local/lib/python3.12/site-packages/airflow/example_dags/example_inlet_event_extra.py
[2025-04-21T23:40:46.630+0000] {processor.py:914} INFO - Processing file /home/airflow/.local/lib/python3.12/site-packages/airflow/example_dags/example_inlet_event_extra.py for tasks to queue
[2025-04-21T23:40:46.632+0000] {logging_mixin.py:190} INFO - [2025-04-21T23:40:46.632+0000] {dagbag.py:588} INFO - Filling up the DagBag from /home/airflow/.local/lib/python3.12/site-packages/airflow/example_dags/example_inlet_event_extra.py
[2025-04-21T23:40:47.253+0000] {processor.py:925} INFO - DAG(s) 'read_dataset_event_from_classic', 'read_dataset_event' retrieved from /home/airflow/.local/lib/python3.12/site-packages/airflow/example_dags/example_inlet_event_extra.py
[2025-04-21T23:40:47.275+0000] {logging_mixin.py:190} INFO - [2025-04-21T23:40:47.275+0000] {dag.py:3239} INFO - Sync 2 DAGs
[2025-04-21T23:40:47.306+0000] {logging_mixin.py:190} INFO - [2025-04-21T23:40:47.305+0000] {dag.py:4180} INFO - Setting next_dagrun for read_dataset_event to 2025-04-20 00:00:00+00:00, run_after=2025-04-21 00:00:00+00:00
[2025-04-21T23:40:47.314+0000] {logging_mixin.py:190} INFO - [2025-04-21T23:40:47.314+0000] {dag.py:4180} INFO - Setting next_dagrun for read_dataset_event_from_classic to 2025-04-20 00:00:00+00:00, run_after=2025-04-21 00:00:00+00:00
[2025-04-21T23:40:47.378+0000] {processor.py:208} INFO - Processing /home/airflow/.local/lib/python3.12/site-packages/airflow/example_dags/example_inlet_event_extra.py took 0.754 seconds
[2025-04-21T23:41:17.907+0000] {processor.py:186} INFO - Started process (PID=1113) to work on /home/airflow/.local/lib/python3.12/site-packages/airflow/example_dags/example_inlet_event_extra.py
[2025-04-21T23:41:17.908+0000] {processor.py:914} INFO - Processing file /home/airflow/.local/lib/python3.12/site-packages/airflow/example_dags/example_inlet_event_extra.py for tasks to queue
[2025-04-21T23:41:17.912+0000] {logging_mixin.py:190} INFO - [2025-04-21T23:41:17.912+0000] {dagbag.py:588} INFO - Filling up the DagBag from /home/airflow/.local/lib/python3.12/site-packages/airflow/example_dags/example_inlet_event_extra.py
[2025-04-21T23:41:18.468+0000] {processor.py:925} INFO - DAG(s) 'read_dataset_event_from_classic', 'read_dataset_event' retrieved from /home/airflow/.local/lib/python3.12/site-packages/airflow/example_dags/example_inlet_event_extra.py
[2025-04-21T23:41:18.485+0000] {logging_mixin.py:190} INFO - [2025-04-21T23:41:18.485+0000] {dag.py:3239} INFO - Sync 2 DAGs
[2025-04-21T23:41:18.506+0000] {logging_mixin.py:190} INFO - [2025-04-21T23:41:18.506+0000] {dag.py:4180} INFO - Setting next_dagrun for read_dataset_event to 2025-04-20 00:00:00+00:00, run_after=2025-04-21 00:00:00+00:00
[2025-04-21T23:41:18.529+0000] {logging_mixin.py:190} INFO - [2025-04-21T23:41:18.528+0000] {dag.py:4180} INFO - Setting next_dagrun for read_dataset_event_from_classic to 2025-04-20 00:00:00+00:00, run_after=2025-04-21 00:00:00+00:00
[2025-04-21T23:41:18.629+0000] {processor.py:208} INFO - Processing /home/airflow/.local/lib/python3.12/site-packages/airflow/example_dags/example_inlet_event_extra.py took 0.729 seconds
[2025-04-21T23:41:48.983+0000] {processor.py:186} INFO - Started process (PID=1207) to work on /home/airflow/.local/lib/python3.12/site-packages/airflow/example_dags/example_inlet_event_extra.py
[2025-04-21T23:41:48.985+0000] {processor.py:914} INFO - Processing file /home/airflow/.local/lib/python3.12/site-packages/airflow/example_dags/example_inlet_event_extra.py for tasks to queue
[2025-04-21T23:41:48.988+0000] {logging_mixin.py:190} INFO - [2025-04-21T23:41:48.987+0000] {dagbag.py:588} INFO - Filling up the DagBag from /home/airflow/.local/lib/python3.12/site-packages/airflow/example_dags/example_inlet_event_extra.py
[2025-04-21T23:41:49.652+0000] {processor.py:925} INFO - DAG(s) 'read_dataset_event_from_classic', 'read_dataset_event' retrieved from /home/airflow/.local/lib/python3.12/site-packages/airflow/example_dags/example_inlet_event_extra.py
[2025-04-21T23:41:49.696+0000] {logging_mixin.py:190} INFO - [2025-04-21T23:41:49.696+0000] {dag.py:3239} INFO - Sync 2 DAGs
[2025-04-21T23:41:49.717+0000] {logging_mixin.py:190} INFO - [2025-04-21T23:41:49.717+0000] {dag.py:4180} INFO - Setting next_dagrun for read_dataset_event to 2025-04-20 00:00:00+00:00, run_after=2025-04-21 00:00:00+00:00
[2025-04-21T23:41:49.722+0000] {logging_mixin.py:190} INFO - [2025-04-21T23:41:49.722+0000] {dag.py:4180} INFO - Setting next_dagrun for read_dataset_event_from_classic to 2025-04-20 00:00:00+00:00, run_after=2025-04-21 00:00:00+00:00
[2025-04-21T23:41:49.753+0000] {processor.py:208} INFO - Processing /home/airflow/.local/lib/python3.12/site-packages/airflow/example_dags/example_inlet_event_extra.py took 0.778 seconds
[2025-04-21T23:42:20.623+0000] {processor.py:186} INFO - Started process (PID=1306) to work on /home/airflow/.local/lib/python3.12/site-packages/airflow/example_dags/example_inlet_event_extra.py
[2025-04-21T23:42:20.624+0000] {processor.py:914} INFO - Processing file /home/airflow/.local/lib/python3.12/site-packages/airflow/example_dags/example_inlet_event_extra.py for tasks to queue
[2025-04-21T23:42:20.629+0000] {logging_mixin.py:190} INFO - [2025-04-21T23:42:20.629+0000] {dagbag.py:588} INFO - Filling up the DagBag from /home/airflow/.local/lib/python3.12/site-packages/airflow/example_dags/example_inlet_event_extra.py
[2025-04-21T23:42:21.304+0000] {processor.py:925} INFO - DAG(s) 'read_dataset_event', 'read_dataset_event_from_classic' retrieved from /home/airflow/.local/lib/python3.12/site-packages/airflow/example_dags/example_inlet_event_extra.py
[2025-04-21T23:42:21.332+0000] {logging_mixin.py:190} INFO - [2025-04-21T23:42:21.331+0000] {dag.py:3239} INFO - Sync 2 DAGs
[2025-04-21T23:42:21.358+0000] {logging_mixin.py:190} INFO - [2025-04-21T23:42:21.357+0000] {dag.py:4180} INFO - Setting next_dagrun for read_dataset_event to 2025-04-20 00:00:00+00:00, run_after=2025-04-21 00:00:00+00:00
[2025-04-21T23:42:21.365+0000] {logging_mixin.py:190} INFO - [2025-04-21T23:42:21.365+0000] {dag.py:4180} INFO - Setting next_dagrun for read_dataset_event_from_classic to 2025-04-20 00:00:00+00:00, run_after=2025-04-21 00:00:00+00:00
[2025-04-21T23:42:21.381+0000] {processor.py:208} INFO - Processing /home/airflow/.local/lib/python3.12/site-packages/airflow/example_dags/example_inlet_event_extra.py took 0.768 seconds
[2025-04-21T23:42:51.973+0000] {processor.py:186} INFO - Started process (PID=1397) to work on /home/airflow/.local/lib/python3.12/site-packages/airflow/example_dags/example_inlet_event_extra.py
[2025-04-21T23:42:51.975+0000] {processor.py:914} INFO - Processing file /home/airflow/.local/lib/python3.12/site-packages/airflow/example_dags/example_inlet_event_extra.py for tasks to queue
[2025-04-21T23:42:51.978+0000] {logging_mixin.py:190} INFO - [2025-04-21T23:42:51.978+0000] {dagbag.py:588} INFO - Filling up the DagBag from /home/airflow/.local/lib/python3.12/site-packages/airflow/example_dags/example_inlet_event_extra.py
[2025-04-21T23:42:52.476+0000] {processor.py:925} INFO - DAG(s) 'read_dataset_event_from_classic', 'read_dataset_event' retrieved from /home/airflow/.local/lib/python3.12/site-packages/airflow/example_dags/example_inlet_event_extra.py
[2025-04-21T23:42:52.498+0000] {logging_mixin.py:190} INFO - [2025-04-21T23:42:52.497+0000] {dag.py:3239} INFO - Sync 2 DAGs
[2025-04-21T23:42:52.519+0000] {logging_mixin.py:190} INFO - [2025-04-21T23:42:52.518+0000] {dag.py:4180} INFO - Setting next_dagrun for read_dataset_event to 2025-04-20 00:00:00+00:00, run_after=2025-04-21 00:00:00+00:00
[2025-04-21T23:42:52.528+0000] {logging_mixin.py:190} INFO - [2025-04-21T23:42:52.527+0000] {dag.py:4180} INFO - Setting next_dagrun for read_dataset_event_from_classic to 2025-04-20 00:00:00+00:00, run_after=2025-04-21 00:00:00+00:00
[2025-04-21T23:42:52.593+0000] {processor.py:208} INFO - Processing /home/airflow/.local/lib/python3.12/site-packages/airflow/example_dags/example_inlet_event_extra.py took 0.627 seconds
[2025-04-21T23:43:23.379+0000] {processor.py:186} INFO - Started process (PID=1488) to work on /home/airflow/.local/lib/python3.12/site-packages/airflow/example_dags/example_inlet_event_extra.py
[2025-04-21T23:43:23.384+0000] {processor.py:914} INFO - Processing file /home/airflow/.local/lib/python3.12/site-packages/airflow/example_dags/example_inlet_event_extra.py for tasks to queue
[2025-04-21T23:43:23.390+0000] {logging_mixin.py:190} INFO - [2025-04-21T23:43:23.390+0000] {dagbag.py:588} INFO - Filling up the DagBag from /home/airflow/.local/lib/python3.12/site-packages/airflow/example_dags/example_inlet_event_extra.py
[2025-04-21T23:43:23.957+0000] {processor.py:925} INFO - DAG(s) 'read_dataset_event', 'read_dataset_event_from_classic' retrieved from /home/airflow/.local/lib/python3.12/site-packages/airflow/example_dags/example_inlet_event_extra.py
[2025-04-21T23:43:23.978+0000] {logging_mixin.py:190} INFO - [2025-04-21T23:43:23.978+0000] {dag.py:3239} INFO - Sync 2 DAGs
[2025-04-21T23:43:23.998+0000] {logging_mixin.py:190} INFO - [2025-04-21T23:43:23.998+0000] {dag.py:4180} INFO - Setting next_dagrun for read_dataset_event to 2025-04-20 00:00:00+00:00, run_after=2025-04-21 00:00:00+00:00
[2025-04-21T23:43:24.003+0000] {logging_mixin.py:190} INFO - [2025-04-21T23:43:24.003+0000] {dag.py:4180} INFO - Setting next_dagrun for read_dataset_event_from_classic to 2025-04-20 00:00:00+00:00, run_after=2025-04-21 00:00:00+00:00
[2025-04-21T23:43:24.034+0000] {processor.py:208} INFO - Processing /home/airflow/.local/lib/python3.12/site-packages/airflow/example_dags/example_inlet_event_extra.py took 0.659 seconds
[2025-04-21T23:43:54.124+0000] {processor.py:186} INFO - Started process (PID=1579) to work on /home/airflow/.local/lib/python3.12/site-packages/airflow/example_dags/example_inlet_event_extra.py
[2025-04-21T23:43:54.126+0000] {processor.py:914} INFO - Processing file /home/airflow/.local/lib/python3.12/site-packages/airflow/example_dags/example_inlet_event_extra.py for tasks to queue
[2025-04-21T23:43:54.129+0000] {logging_mixin.py:190} INFO - [2025-04-21T23:43:54.128+0000] {dagbag.py:588} INFO - Filling up the DagBag from /home/airflow/.local/lib/python3.12/site-packages/airflow/example_dags/example_inlet_event_extra.py
[2025-04-21T23:43:54.703+0000] {processor.py:925} INFO - DAG(s) 'read_dataset_event_from_classic', 'read_dataset_event' retrieved from /home/airflow/.local/lib/python3.12/site-packages/airflow/example_dags/example_inlet_event_extra.py
[2025-04-21T23:43:54.722+0000] {logging_mixin.py:190} INFO - [2025-04-21T23:43:54.722+0000] {dag.py:3239} INFO - Sync 2 DAGs
[2025-04-21T23:43:54.741+0000] {logging_mixin.py:190} INFO - [2025-04-21T23:43:54.741+0000] {dag.py:4180} INFO - Setting next_dagrun for read_dataset_event to 2025-04-20 00:00:00+00:00, run_after=2025-04-21 00:00:00+00:00
[2025-04-21T23:43:54.745+0000] {logging_mixin.py:190} INFO - [2025-04-21T23:43:54.745+0000] {dag.py:4180} INFO - Setting next_dagrun for read_dataset_event_from_classic to 2025-04-20 00:00:00+00:00, run_after=2025-04-21 00:00:00+00:00
[2025-04-21T23:43:54.776+0000] {processor.py:208} INFO - Processing /home/airflow/.local/lib/python3.12/site-packages/airflow/example_dags/example_inlet_event_extra.py took 0.657 seconds
