[2025-04-21T23:35:34.363+0000] {processor.py:186} INFO - Started process (PID=141) to work on /home/airflow/.local/lib/python3.12/site-packages/airflow/example_dags/example_task_group.py
[2025-04-21T23:35:34.365+0000] {processor.py:914} INFO - Processing file /home/airflow/.local/lib/python3.12/site-packages/airflow/example_dags/example_task_group.py for tasks to queue
[2025-04-21T23:35:34.370+0000] {logging_mixin.py:190} INFO - [2025-04-21T23:35:34.369+0000] {dagbag.py:588} INFO - Filling up the DagBag from /home/airflow/.local/lib/python3.12/site-packages/airflow/example_dags/example_task_group.py
[2025-04-21T23:35:34.389+0000] {processor.py:925} INFO - DAG(s) 'example_task_group' retrieved from /home/airflow/.local/lib/python3.12/site-packages/airflow/example_dags/example_task_group.py
[2025-04-21T23:35:34.441+0000] {logging_mixin.py:190} INFO - [2025-04-21T23:35:34.441+0000] {dag.py:3239} INFO - Sync 1 DAGs
[2025-04-21T23:35:34.467+0000] {logging_mixin.py:190} INFO - [2025-04-21T23:35:34.467+0000] {dag.py:4180} INFO - Setting next_dagrun for example_task_group to None, run_after=None
[2025-04-21T23:35:34.514+0000] {processor.py:208} INFO - Processing /home/airflow/.local/lib/python3.12/site-packages/airflow/example_dags/example_task_group.py took 0.164 seconds
[2025-04-21T23:36:06.143+0000] {processor.py:186} INFO - Started process (PID=244) to work on /home/airflow/.local/lib/python3.12/site-packages/airflow/example_dags/example_task_group.py
[2025-04-21T23:36:06.147+0000] {processor.py:914} INFO - Processing file /home/airflow/.local/lib/python3.12/site-packages/airflow/example_dags/example_task_group.py for tasks to queue
[2025-04-21T23:36:06.149+0000] {logging_mixin.py:190} INFO - [2025-04-21T23:36:06.149+0000] {dagbag.py:588} INFO - Filling up the DagBag from /home/airflow/.local/lib/python3.12/site-packages/airflow/example_dags/example_task_group.py
[2025-04-21T23:36:06.161+0000] {processor.py:925} INFO - DAG(s) 'example_task_group' retrieved from /home/airflow/.local/lib/python3.12/site-packages/airflow/example_dags/example_task_group.py
[2025-04-21T23:36:06.191+0000] {logging_mixin.py:190} INFO - [2025-04-21T23:36:06.191+0000] {dag.py:3239} INFO - Sync 1 DAGs
[2025-04-21T23:36:06.209+0000] {logging_mixin.py:190} INFO - [2025-04-21T23:36:06.208+0000] {dag.py:4180} INFO - Setting next_dagrun for example_task_group to None, run_after=None
[2025-04-21T23:36:06.236+0000] {processor.py:208} INFO - Processing /home/airflow/.local/lib/python3.12/site-packages/airflow/example_dags/example_task_group.py took 0.100 seconds
[2025-04-21T23:36:36.787+0000] {processor.py:186} INFO - Started process (PID=335) to work on /home/airflow/.local/lib/python3.12/site-packages/airflow/example_dags/example_task_group.py
[2025-04-21T23:36:36.789+0000] {processor.py:914} INFO - Processing file /home/airflow/.local/lib/python3.12/site-packages/airflow/example_dags/example_task_group.py for tasks to queue
[2025-04-21T23:36:36.791+0000] {logging_mixin.py:190} INFO - [2025-04-21T23:36:36.791+0000] {dagbag.py:588} INFO - Filling up the DagBag from /home/airflow/.local/lib/python3.12/site-packages/airflow/example_dags/example_task_group.py
[2025-04-21T23:36:36.798+0000] {processor.py:925} INFO - DAG(s) 'example_task_group' retrieved from /home/airflow/.local/lib/python3.12/site-packages/airflow/example_dags/example_task_group.py
[2025-04-21T23:36:36.818+0000] {logging_mixin.py:190} INFO - [2025-04-21T23:36:36.818+0000] {dag.py:3239} INFO - Sync 1 DAGs
[2025-04-21T23:36:36.831+0000] {logging_mixin.py:190} INFO - [2025-04-21T23:36:36.830+0000] {dag.py:4180} INFO - Setting next_dagrun for example_task_group to None, run_after=None
[2025-04-21T23:36:36.855+0000] {processor.py:208} INFO - Processing /home/airflow/.local/lib/python3.12/site-packages/airflow/example_dags/example_task_group.py took 0.072 seconds
[2025-04-21T23:37:08.786+0000] {processor.py:186} INFO - Started process (PID=426) to work on /home/airflow/.local/lib/python3.12/site-packages/airflow/example_dags/example_task_group.py
[2025-04-21T23:37:08.789+0000] {processor.py:914} INFO - Processing file /home/airflow/.local/lib/python3.12/site-packages/airflow/example_dags/example_task_group.py for tasks to queue
[2025-04-21T23:37:08.796+0000] {logging_mixin.py:190} INFO - [2025-04-21T23:37:08.795+0000] {dagbag.py:588} INFO - Filling up the DagBag from /home/airflow/.local/lib/python3.12/site-packages/airflow/example_dags/example_task_group.py
[2025-04-21T23:37:08.820+0000] {processor.py:925} INFO - DAG(s) 'example_task_group' retrieved from /home/airflow/.local/lib/python3.12/site-packages/airflow/example_dags/example_task_group.py
[2025-04-21T23:37:08.908+0000] {logging_mixin.py:190} INFO - [2025-04-21T23:37:08.907+0000] {dag.py:3239} INFO - Sync 1 DAGs
[2025-04-21T23:37:08.948+0000] {logging_mixin.py:190} INFO - [2025-04-21T23:37:08.947+0000] {dag.py:4180} INFO - Setting next_dagrun for example_task_group to None, run_after=None
[2025-04-21T23:37:09.014+0000] {processor.py:208} INFO - Processing /home/airflow/.local/lib/python3.12/site-packages/airflow/example_dags/example_task_group.py took 0.245 seconds
[2025-04-21T23:37:42.854+0000] {processor.py:186} INFO - Started process (PID=517) to work on /home/airflow/.local/lib/python3.12/site-packages/airflow/example_dags/example_task_group.py
[2025-04-21T23:37:42.855+0000] {processor.py:914} INFO - Processing file /home/airflow/.local/lib/python3.12/site-packages/airflow/example_dags/example_task_group.py for tasks to queue
[2025-04-21T23:37:42.858+0000] {logging_mixin.py:190} INFO - [2025-04-21T23:37:42.858+0000] {dagbag.py:588} INFO - Filling up the DagBag from /home/airflow/.local/lib/python3.12/site-packages/airflow/example_dags/example_task_group.py
[2025-04-21T23:37:42.868+0000] {processor.py:925} INFO - DAG(s) 'example_task_group' retrieved from /home/airflow/.local/lib/python3.12/site-packages/airflow/example_dags/example_task_group.py
[2025-04-21T23:37:42.891+0000] {logging_mixin.py:190} INFO - [2025-04-21T23:37:42.891+0000] {dag.py:3239} INFO - Sync 1 DAGs
[2025-04-21T23:37:42.912+0000] {logging_mixin.py:190} INFO - [2025-04-21T23:37:42.911+0000] {dag.py:4180} INFO - Setting next_dagrun for example_task_group to None, run_after=None
[2025-04-21T23:37:42.937+0000] {processor.py:208} INFO - Processing /home/airflow/.local/lib/python3.12/site-packages/airflow/example_dags/example_task_group.py took 0.089 seconds
[2025-04-21T23:38:14.220+0000] {processor.py:186} INFO - Started process (PID=608) to work on /home/airflow/.local/lib/python3.12/site-packages/airflow/example_dags/example_task_group.py
[2025-04-21T23:38:14.223+0000] {processor.py:914} INFO - Processing file /home/airflow/.local/lib/python3.12/site-packages/airflow/example_dags/example_task_group.py for tasks to queue
[2025-04-21T23:38:14.229+0000] {logging_mixin.py:190} INFO - [2025-04-21T23:38:14.228+0000] {dagbag.py:588} INFO - Filling up the DagBag from /home/airflow/.local/lib/python3.12/site-packages/airflow/example_dags/example_task_group.py
[2025-04-21T23:38:14.247+0000] {processor.py:925} INFO - DAG(s) 'example_task_group' retrieved from /home/airflow/.local/lib/python3.12/site-packages/airflow/example_dags/example_task_group.py
[2025-04-21T23:38:14.282+0000] {logging_mixin.py:190} INFO - [2025-04-21T23:38:14.282+0000] {dag.py:3239} INFO - Sync 1 DAGs
[2025-04-21T23:38:14.302+0000] {logging_mixin.py:190} INFO - [2025-04-21T23:38:14.302+0000] {dag.py:4180} INFO - Setting next_dagrun for example_task_group to None, run_after=None
[2025-04-21T23:38:14.330+0000] {processor.py:208} INFO - Processing /home/airflow/.local/lib/python3.12/site-packages/airflow/example_dags/example_task_group.py took 0.125 seconds
[2025-04-21T23:38:45.595+0000] {processor.py:186} INFO - Started process (PID=699) to work on /home/airflow/.local/lib/python3.12/site-packages/airflow/example_dags/example_task_group.py
[2025-04-21T23:38:45.596+0000] {processor.py:914} INFO - Processing file /home/airflow/.local/lib/python3.12/site-packages/airflow/example_dags/example_task_group.py for tasks to queue
[2025-04-21T23:38:45.599+0000] {logging_mixin.py:190} INFO - [2025-04-21T23:38:45.599+0000] {dagbag.py:588} INFO - Filling up the DagBag from /home/airflow/.local/lib/python3.12/site-packages/airflow/example_dags/example_task_group.py
[2025-04-21T23:38:45.612+0000] {processor.py:925} INFO - DAG(s) 'example_task_group' retrieved from /home/airflow/.local/lib/python3.12/site-packages/airflow/example_dags/example_task_group.py
[2025-04-21T23:38:45.643+0000] {logging_mixin.py:190} INFO - [2025-04-21T23:38:45.642+0000] {dag.py:3239} INFO - Sync 1 DAGs
[2025-04-21T23:38:45.665+0000] {logging_mixin.py:190} INFO - [2025-04-21T23:38:45.665+0000] {dag.py:4180} INFO - Setting next_dagrun for example_task_group to None, run_after=None
[2025-04-21T23:38:45.702+0000] {processor.py:208} INFO - Processing /home/airflow/.local/lib/python3.12/site-packages/airflow/example_dags/example_task_group.py took 0.115 seconds
[2025-04-21T23:39:16.472+0000] {processor.py:186} INFO - Started process (PID=790) to work on /home/airflow/.local/lib/python3.12/site-packages/airflow/example_dags/example_task_group.py
[2025-04-21T23:39:16.474+0000] {processor.py:914} INFO - Processing file /home/airflow/.local/lib/python3.12/site-packages/airflow/example_dags/example_task_group.py for tasks to queue
[2025-04-21T23:39:16.477+0000] {logging_mixin.py:190} INFO - [2025-04-21T23:39:16.476+0000] {dagbag.py:588} INFO - Filling up the DagBag from /home/airflow/.local/lib/python3.12/site-packages/airflow/example_dags/example_task_group.py
[2025-04-21T23:39:16.485+0000] {processor.py:925} INFO - DAG(s) 'example_task_group' retrieved from /home/airflow/.local/lib/python3.12/site-packages/airflow/example_dags/example_task_group.py
[2025-04-21T23:39:16.507+0000] {logging_mixin.py:190} INFO - [2025-04-21T23:39:16.507+0000] {dag.py:3239} INFO - Sync 1 DAGs
[2025-04-21T23:39:16.523+0000] {logging_mixin.py:190} INFO - [2025-04-21T23:39:16.523+0000] {dag.py:4180} INFO - Setting next_dagrun for example_task_group to None, run_after=None
[2025-04-21T23:39:16.546+0000] {processor.py:208} INFO - Processing /home/airflow/.local/lib/python3.12/site-packages/airflow/example_dags/example_task_group.py took 0.080 seconds
[2025-04-21T23:39:47.197+0000] {processor.py:186} INFO - Started process (PID=881) to work on /home/airflow/.local/lib/python3.12/site-packages/airflow/example_dags/example_task_group.py
[2025-04-21T23:39:47.198+0000] {processor.py:914} INFO - Processing file /home/airflow/.local/lib/python3.12/site-packages/airflow/example_dags/example_task_group.py for tasks to queue
[2025-04-21T23:39:47.200+0000] {logging_mixin.py:190} INFO - [2025-04-21T23:39:47.200+0000] {dagbag.py:588} INFO - Filling up the DagBag from /home/airflow/.local/lib/python3.12/site-packages/airflow/example_dags/example_task_group.py
[2025-04-21T23:39:47.209+0000] {processor.py:925} INFO - DAG(s) 'example_task_group' retrieved from /home/airflow/.local/lib/python3.12/site-packages/airflow/example_dags/example_task_group.py
[2025-04-21T23:39:47.227+0000] {logging_mixin.py:190} INFO - [2025-04-21T23:39:47.227+0000] {dag.py:3239} INFO - Sync 1 DAGs
[2025-04-21T23:39:47.242+0000] {logging_mixin.py:190} INFO - [2025-04-21T23:39:47.242+0000] {dag.py:4180} INFO - Setting next_dagrun for example_task_group to None, run_after=None
[2025-04-21T23:39:47.279+0000] {processor.py:208} INFO - Processing /home/airflow/.local/lib/python3.12/site-packages/airflow/example_dags/example_task_group.py took 0.088 seconds
[2025-04-21T23:40:18.882+0000] {processor.py:186} INFO - Started process (PID=972) to work on /home/airflow/.local/lib/python3.12/site-packages/airflow/example_dags/example_task_group.py
[2025-04-21T23:40:18.883+0000] {processor.py:914} INFO - Processing file /home/airflow/.local/lib/python3.12/site-packages/airflow/example_dags/example_task_group.py for tasks to queue
[2025-04-21T23:40:18.885+0000] {logging_mixin.py:190} INFO - [2025-04-21T23:40:18.885+0000] {dagbag.py:588} INFO - Filling up the DagBag from /home/airflow/.local/lib/python3.12/site-packages/airflow/example_dags/example_task_group.py
[2025-04-21T23:40:18.896+0000] {processor.py:925} INFO - DAG(s) 'example_task_group' retrieved from /home/airflow/.local/lib/python3.12/site-packages/airflow/example_dags/example_task_group.py
[2025-04-21T23:40:18.919+0000] {logging_mixin.py:190} INFO - [2025-04-21T23:40:18.918+0000] {dag.py:3239} INFO - Sync 1 DAGs
[2025-04-21T23:40:18.937+0000] {logging_mixin.py:190} INFO - [2025-04-21T23:40:18.937+0000] {dag.py:4180} INFO - Setting next_dagrun for example_task_group to None, run_after=None
[2025-04-21T23:40:18.959+0000] {processor.py:208} INFO - Processing /home/airflow/.local/lib/python3.12/site-packages/airflow/example_dags/example_task_group.py took 0.084 seconds
[2025-04-21T23:40:50.099+0000] {processor.py:186} INFO - Started process (PID=1054) to work on /home/airflow/.local/lib/python3.12/site-packages/airflow/example_dags/example_task_group.py
[2025-04-21T23:40:50.100+0000] {processor.py:914} INFO - Processing file /home/airflow/.local/lib/python3.12/site-packages/airflow/example_dags/example_task_group.py for tasks to queue
[2025-04-21T23:40:50.102+0000] {logging_mixin.py:190} INFO - [2025-04-21T23:40:50.102+0000] {dagbag.py:588} INFO - Filling up the DagBag from /home/airflow/.local/lib/python3.12/site-packages/airflow/example_dags/example_task_group.py
[2025-04-21T23:40:50.109+0000] {processor.py:925} INFO - DAG(s) 'example_task_group' retrieved from /home/airflow/.local/lib/python3.12/site-packages/airflow/example_dags/example_task_group.py
[2025-04-21T23:40:50.134+0000] {logging_mixin.py:190} INFO - [2025-04-21T23:40:50.134+0000] {dag.py:3239} INFO - Sync 1 DAGs
[2025-04-21T23:40:50.149+0000] {logging_mixin.py:190} INFO - [2025-04-21T23:40:50.148+0000] {dag.py:4180} INFO - Setting next_dagrun for example_task_group to None, run_after=None
[2025-04-21T23:40:50.190+0000] {processor.py:208} INFO - Processing /home/airflow/.local/lib/python3.12/site-packages/airflow/example_dags/example_task_group.py took 0.098 seconds
[2025-04-21T23:41:20.456+0000] {processor.py:186} INFO - Started process (PID=1145) to work on /home/airflow/.local/lib/python3.12/site-packages/airflow/example_dags/example_task_group.py
[2025-04-21T23:41:20.458+0000] {processor.py:914} INFO - Processing file /home/airflow/.local/lib/python3.12/site-packages/airflow/example_dags/example_task_group.py for tasks to queue
[2025-04-21T23:41:20.460+0000] {logging_mixin.py:190} INFO - [2025-04-21T23:41:20.460+0000] {dagbag.py:588} INFO - Filling up the DagBag from /home/airflow/.local/lib/python3.12/site-packages/airflow/example_dags/example_task_group.py
[2025-04-21T23:41:20.468+0000] {processor.py:925} INFO - DAG(s) 'example_task_group' retrieved from /home/airflow/.local/lib/python3.12/site-packages/airflow/example_dags/example_task_group.py
[2025-04-21T23:41:20.488+0000] {logging_mixin.py:190} INFO - [2025-04-21T23:41:20.488+0000] {dag.py:3239} INFO - Sync 1 DAGs
[2025-04-21T23:41:20.500+0000] {logging_mixin.py:190} INFO - [2025-04-21T23:41:20.500+0000] {dag.py:4180} INFO - Setting next_dagrun for example_task_group to None, run_after=None
[2025-04-21T23:41:20.515+0000] {processor.py:208} INFO - Processing /home/airflow/.local/lib/python3.12/site-packages/airflow/example_dags/example_task_group.py took 0.064 seconds
[2025-04-21T23:41:51.614+0000] {processor.py:186} INFO - Started process (PID=1236) to work on /home/airflow/.local/lib/python3.12/site-packages/airflow/example_dags/example_task_group.py
[2025-04-21T23:41:51.616+0000] {processor.py:914} INFO - Processing file /home/airflow/.local/lib/python3.12/site-packages/airflow/example_dags/example_task_group.py for tasks to queue
[2025-04-21T23:41:51.619+0000] {logging_mixin.py:190} INFO - [2025-04-21T23:41:51.618+0000] {dagbag.py:588} INFO - Filling up the DagBag from /home/airflow/.local/lib/python3.12/site-packages/airflow/example_dags/example_task_group.py
[2025-04-21T23:41:51.628+0000] {processor.py:925} INFO - DAG(s) 'example_task_group' retrieved from /home/airflow/.local/lib/python3.12/site-packages/airflow/example_dags/example_task_group.py
[2025-04-21T23:41:51.650+0000] {logging_mixin.py:190} INFO - [2025-04-21T23:41:51.650+0000] {dag.py:3239} INFO - Sync 1 DAGs
[2025-04-21T23:41:51.664+0000] {logging_mixin.py:190} INFO - [2025-04-21T23:41:51.663+0000] {dag.py:4180} INFO - Setting next_dagrun for example_task_group to None, run_after=None
[2025-04-21T23:41:51.702+0000] {processor.py:208} INFO - Processing /home/airflow/.local/lib/python3.12/site-packages/airflow/example_dags/example_task_group.py took 0.093 seconds
[2025-04-21T23:42:21.862+0000] {processor.py:186} INFO - Started process (PID=1313) to work on /home/airflow/.local/lib/python3.12/site-packages/airflow/example_dags/example_task_group.py
[2025-04-21T23:42:21.865+0000] {processor.py:914} INFO - Processing file /home/airflow/.local/lib/python3.12/site-packages/airflow/example_dags/example_task_group.py for tasks to queue
[2025-04-21T23:42:21.868+0000] {logging_mixin.py:190} INFO - [2025-04-21T23:42:21.868+0000] {dagbag.py:588} INFO - Filling up the DagBag from /home/airflow/.local/lib/python3.12/site-packages/airflow/example_dags/example_task_group.py
[2025-04-21T23:42:21.877+0000] {processor.py:925} INFO - DAG(s) 'example_task_group' retrieved from /home/airflow/.local/lib/python3.12/site-packages/airflow/example_dags/example_task_group.py
[2025-04-21T23:42:21.899+0000] {logging_mixin.py:190} INFO - [2025-04-21T23:42:21.899+0000] {dag.py:3239} INFO - Sync 1 DAGs
[2025-04-21T23:42:21.917+0000] {logging_mixin.py:190} INFO - [2025-04-21T23:42:21.917+0000] {dag.py:4180} INFO - Setting next_dagrun for example_task_group to None, run_after=None
[2025-04-21T23:42:21.954+0000] {processor.py:208} INFO - Processing /home/airflow/.local/lib/python3.12/site-packages/airflow/example_dags/example_task_group.py took 0.098 seconds
[2025-04-21T23:42:52.985+0000] {processor.py:186} INFO - Started process (PID=1404) to work on /home/airflow/.local/lib/python3.12/site-packages/airflow/example_dags/example_task_group.py
[2025-04-21T23:42:52.986+0000] {processor.py:914} INFO - Processing file /home/airflow/.local/lib/python3.12/site-packages/airflow/example_dags/example_task_group.py for tasks to queue
[2025-04-21T23:42:52.990+0000] {logging_mixin.py:190} INFO - [2025-04-21T23:42:52.989+0000] {dagbag.py:588} INFO - Filling up the DagBag from /home/airflow/.local/lib/python3.12/site-packages/airflow/example_dags/example_task_group.py
[2025-04-21T23:42:53.001+0000] {processor.py:925} INFO - DAG(s) 'example_task_group' retrieved from /home/airflow/.local/lib/python3.12/site-packages/airflow/example_dags/example_task_group.py
[2025-04-21T23:42:53.023+0000] {logging_mixin.py:190} INFO - [2025-04-21T23:42:53.023+0000] {dag.py:3239} INFO - Sync 1 DAGs
[2025-04-21T23:42:53.038+0000] {logging_mixin.py:190} INFO - [2025-04-21T23:42:53.038+0000] {dag.py:4180} INFO - Setting next_dagrun for example_task_group to None, run_after=None
[2025-04-21T23:42:53.079+0000] {processor.py:208} INFO - Processing /home/airflow/.local/lib/python3.12/site-packages/airflow/example_dags/example_task_group.py took 0.101 seconds
[2025-04-21T23:43:24.562+0000] {processor.py:186} INFO - Started process (PID=1494) to work on /home/airflow/.local/lib/python3.12/site-packages/airflow/example_dags/example_task_group.py
[2025-04-21T23:43:24.564+0000] {processor.py:914} INFO - Processing file /home/airflow/.local/lib/python3.12/site-packages/airflow/example_dags/example_task_group.py for tasks to queue
[2025-04-21T23:43:24.566+0000] {logging_mixin.py:190} INFO - [2025-04-21T23:43:24.566+0000] {dagbag.py:588} INFO - Filling up the DagBag from /home/airflow/.local/lib/python3.12/site-packages/airflow/example_dags/example_task_group.py
[2025-04-21T23:43:24.574+0000] {processor.py:925} INFO - DAG(s) 'example_task_group' retrieved from /home/airflow/.local/lib/python3.12/site-packages/airflow/example_dags/example_task_group.py
[2025-04-21T23:43:24.608+0000] {logging_mixin.py:190} INFO - [2025-04-21T23:43:24.608+0000] {dag.py:3239} INFO - Sync 1 DAGs
[2025-04-21T23:43:24.629+0000] {logging_mixin.py:190} INFO - [2025-04-21T23:43:24.628+0000] {dag.py:4180} INFO - Setting next_dagrun for example_task_group to None, run_after=None
[2025-04-21T23:43:24.647+0000] {processor.py:208} INFO - Processing /home/airflow/.local/lib/python3.12/site-packages/airflow/example_dags/example_task_group.py took 0.093 seconds
[2025-04-21T23:43:55.499+0000] {processor.py:186} INFO - Started process (PID=1585) to work on /home/airflow/.local/lib/python3.12/site-packages/airflow/example_dags/example_task_group.py
[2025-04-21T23:43:55.500+0000] {processor.py:914} INFO - Processing file /home/airflow/.local/lib/python3.12/site-packages/airflow/example_dags/example_task_group.py for tasks to queue
[2025-04-21T23:43:55.502+0000] {logging_mixin.py:190} INFO - [2025-04-21T23:43:55.502+0000] {dagbag.py:588} INFO - Filling up the DagBag from /home/airflow/.local/lib/python3.12/site-packages/airflow/example_dags/example_task_group.py
[2025-04-21T23:43:55.509+0000] {processor.py:925} INFO - DAG(s) 'example_task_group' retrieved from /home/airflow/.local/lib/python3.12/site-packages/airflow/example_dags/example_task_group.py
[2025-04-21T23:43:55.531+0000] {logging_mixin.py:190} INFO - [2025-04-21T23:43:55.531+0000] {dag.py:3239} INFO - Sync 1 DAGs
[2025-04-21T23:43:55.545+0000] {logging_mixin.py:190} INFO - [2025-04-21T23:43:55.544+0000] {dag.py:4180} INFO - Setting next_dagrun for example_task_group to None, run_after=None
[2025-04-21T23:43:55.567+0000] {processor.py:208} INFO - Processing /home/airflow/.local/lib/python3.12/site-packages/airflow/example_dags/example_task_group.py took 0.073 seconds
