[2025-04-21T23:35:29.256+0000] {processor.py:186} INFO - Started process (PID=116) to work on /home/airflow/.local/lib/python3.12/site-packages/airflow/example_dags/example_branch_labels.py
[2025-04-21T23:35:29.258+0000] {processor.py:914} INFO - Processing file /home/airflow/.local/lib/python3.12/site-packages/airflow/example_dags/example_branch_labels.py for tasks to queue
[2025-04-21T23:35:29.262+0000] {logging_mixin.py:190} INFO - [2025-04-21T23:35:29.261+0000] {dagbag.py:588} INFO - Filling up the DagBag from /home/airflow/.local/lib/python3.12/site-packages/airflow/example_dags/example_branch_labels.py
[2025-04-21T23:35:29.281+0000] {processor.py:925} INFO - DAG(s) 'example_branch_labels' retrieved from /home/airflow/.local/lib/python3.12/site-packages/airflow/example_dags/example_branch_labels.py
[2025-04-21T23:35:29.333+0000] {logging_mixin.py:190} INFO - [2025-04-21T23:35:29.332+0000] {dag.py:3239} INFO - Sync 1 DAGs
[2025-04-21T23:35:29.373+0000] {logging_mixin.py:190} INFO - [2025-04-21T23:35:29.373+0000] {dag.py:4180} INFO - Setting next_dagrun for example_branch_labels to 2025-04-20 00:00:00+00:00, run_after=2025-04-21 00:00:00+00:00
[2025-04-21T23:35:29.408+0000] {processor.py:208} INFO - Processing /home/airflow/.local/lib/python3.12/site-packages/airflow/example_dags/example_branch_labels.py took 0.163 seconds
[2025-04-21T23:36:01.714+0000] {processor.py:186} INFO - Started process (PID=219) to work on /home/airflow/.local/lib/python3.12/site-packages/airflow/example_dags/example_branch_labels.py
[2025-04-21T23:36:01.716+0000] {processor.py:914} INFO - Processing file /home/airflow/.local/lib/python3.12/site-packages/airflow/example_dags/example_branch_labels.py for tasks to queue
[2025-04-21T23:36:01.719+0000] {logging_mixin.py:190} INFO - [2025-04-21T23:36:01.719+0000] {dagbag.py:588} INFO - Filling up the DagBag from /home/airflow/.local/lib/python3.12/site-packages/airflow/example_dags/example_branch_labels.py
[2025-04-21T23:36:01.739+0000] {processor.py:925} INFO - DAG(s) 'example_branch_labels' retrieved from /home/airflow/.local/lib/python3.12/site-packages/airflow/example_dags/example_branch_labels.py
[2025-04-21T23:36:01.767+0000] {logging_mixin.py:190} INFO - [2025-04-21T23:36:01.767+0000] {dag.py:3239} INFO - Sync 1 DAGs
[2025-04-21T23:36:01.807+0000] {logging_mixin.py:190} INFO - [2025-04-21T23:36:01.807+0000] {dag.py:4180} INFO - Setting next_dagrun for example_branch_labels to 2025-04-20 00:00:00+00:00, run_after=2025-04-21 00:00:00+00:00
[2025-04-21T23:36:01.855+0000] {processor.py:208} INFO - Processing /home/airflow/.local/lib/python3.12/site-packages/airflow/example_dags/example_branch_labels.py took 0.150 seconds
[2025-04-21T23:36:32.139+0000] {processor.py:186} INFO - Started process (PID=310) to work on /home/airflow/.local/lib/python3.12/site-packages/airflow/example_dags/example_branch_labels.py
[2025-04-21T23:36:32.140+0000] {processor.py:914} INFO - Processing file /home/airflow/.local/lib/python3.12/site-packages/airflow/example_dags/example_branch_labels.py for tasks to queue
[2025-04-21T23:36:32.143+0000] {logging_mixin.py:190} INFO - [2025-04-21T23:36:32.142+0000] {dagbag.py:588} INFO - Filling up the DagBag from /home/airflow/.local/lib/python3.12/site-packages/airflow/example_dags/example_branch_labels.py
[2025-04-21T23:36:32.151+0000] {processor.py:925} INFO - DAG(s) 'example_branch_labels' retrieved from /home/airflow/.local/lib/python3.12/site-packages/airflow/example_dags/example_branch_labels.py
[2025-04-21T23:36:32.168+0000] {logging_mixin.py:190} INFO - [2025-04-21T23:36:32.168+0000] {dag.py:3239} INFO - Sync 1 DAGs
[2025-04-21T23:36:32.189+0000] {logging_mixin.py:190} INFO - [2025-04-21T23:36:32.189+0000] {dag.py:4180} INFO - Setting next_dagrun for example_branch_labels to 2025-04-20 00:00:00+00:00, run_after=2025-04-21 00:00:00+00:00
[2025-04-21T23:36:32.213+0000] {processor.py:208} INFO - Processing /home/airflow/.local/lib/python3.12/site-packages/airflow/example_dags/example_branch_labels.py took 0.079 seconds
[2025-04-21T23:37:04.019+0000] {processor.py:186} INFO - Started process (PID=401) to work on /home/airflow/.local/lib/python3.12/site-packages/airflow/example_dags/example_branch_labels.py
[2025-04-21T23:37:04.020+0000] {processor.py:914} INFO - Processing file /home/airflow/.local/lib/python3.12/site-packages/airflow/example_dags/example_branch_labels.py for tasks to queue
[2025-04-21T23:37:04.026+0000] {logging_mixin.py:190} INFO - [2025-04-21T23:37:04.025+0000] {dagbag.py:588} INFO - Filling up the DagBag from /home/airflow/.local/lib/python3.12/site-packages/airflow/example_dags/example_branch_labels.py
[2025-04-21T23:37:04.038+0000] {processor.py:925} INFO - DAG(s) 'example_branch_labels' retrieved from /home/airflow/.local/lib/python3.12/site-packages/airflow/example_dags/example_branch_labels.py
[2025-04-21T23:37:04.067+0000] {logging_mixin.py:190} INFO - [2025-04-21T23:37:04.067+0000] {dag.py:3239} INFO - Sync 1 DAGs
[2025-04-21T23:37:04.114+0000] {logging_mixin.py:190} INFO - [2025-04-21T23:37:04.114+0000] {dag.py:4180} INFO - Setting next_dagrun for example_branch_labels to 2025-04-20 00:00:00+00:00, run_after=2025-04-21 00:00:00+00:00
[2025-04-21T23:37:04.151+0000] {processor.py:208} INFO - Processing /home/airflow/.local/lib/python3.12/site-packages/airflow/example_dags/example_branch_labels.py took 0.139 seconds
[2025-04-21T23:37:36.938+0000] {processor.py:186} INFO - Started process (PID=492) to work on /home/airflow/.local/lib/python3.12/site-packages/airflow/example_dags/example_branch_labels.py
[2025-04-21T23:37:36.940+0000] {processor.py:914} INFO - Processing file /home/airflow/.local/lib/python3.12/site-packages/airflow/example_dags/example_branch_labels.py for tasks to queue
[2025-04-21T23:37:36.950+0000] {logging_mixin.py:190} INFO - [2025-04-21T23:37:36.943+0000] {dagbag.py:588} INFO - Filling up the DagBag from /home/airflow/.local/lib/python3.12/site-packages/airflow/example_dags/example_branch_labels.py
[2025-04-21T23:37:36.973+0000] {processor.py:925} INFO - DAG(s) 'example_branch_labels' retrieved from /home/airflow/.local/lib/python3.12/site-packages/airflow/example_dags/example_branch_labels.py
[2025-04-21T23:37:37.018+0000] {logging_mixin.py:190} INFO - [2025-04-21T23:37:37.017+0000] {dag.py:3239} INFO - Sync 1 DAGs
[2025-04-21T23:37:37.072+0000] {logging_mixin.py:190} INFO - [2025-04-21T23:37:37.072+0000] {dag.py:4180} INFO - Setting next_dagrun for example_branch_labels to 2025-04-20 00:00:00+00:00, run_after=2025-04-21 00:00:00+00:00
[2025-04-21T23:37:37.107+0000] {processor.py:208} INFO - Processing /home/airflow/.local/lib/python3.12/site-packages/airflow/example_dags/example_branch_labels.py took 0.178 seconds
[2025-04-21T23:38:07.668+0000] {processor.py:186} INFO - Started process (PID=569) to work on /home/airflow/.local/lib/python3.12/site-packages/airflow/example_dags/example_branch_labels.py
[2025-04-21T23:38:07.669+0000] {processor.py:914} INFO - Processing file /home/airflow/.local/lib/python3.12/site-packages/airflow/example_dags/example_branch_labels.py for tasks to queue
[2025-04-21T23:38:07.672+0000] {logging_mixin.py:190} INFO - [2025-04-21T23:38:07.671+0000] {dagbag.py:588} INFO - Filling up the DagBag from /home/airflow/.local/lib/python3.12/site-packages/airflow/example_dags/example_branch_labels.py
[2025-04-21T23:38:07.682+0000] {processor.py:925} INFO - DAG(s) 'example_branch_labels' retrieved from /home/airflow/.local/lib/python3.12/site-packages/airflow/example_dags/example_branch_labels.py
[2025-04-21T23:38:07.702+0000] {logging_mixin.py:190} INFO - [2025-04-21T23:38:07.702+0000] {dag.py:3239} INFO - Sync 1 DAGs
[2025-04-21T23:38:07.733+0000] {logging_mixin.py:190} INFO - [2025-04-21T23:38:07.733+0000] {dag.py:4180} INFO - Setting next_dagrun for example_branch_labels to 2025-04-20 00:00:00+00:00, run_after=2025-04-21 00:00:00+00:00
[2025-04-21T23:38:07.780+0000] {processor.py:208} INFO - Processing /home/airflow/.local/lib/python3.12/site-packages/airflow/example_dags/example_branch_labels.py took 0.118 seconds
[2025-04-21T23:38:38.926+0000] {processor.py:186} INFO - Started process (PID=660) to work on /home/airflow/.local/lib/python3.12/site-packages/airflow/example_dags/example_branch_labels.py
[2025-04-21T23:38:38.927+0000] {processor.py:914} INFO - Processing file /home/airflow/.local/lib/python3.12/site-packages/airflow/example_dags/example_branch_labels.py for tasks to queue
[2025-04-21T23:38:38.929+0000] {logging_mixin.py:190} INFO - [2025-04-21T23:38:38.929+0000] {dagbag.py:588} INFO - Filling up the DagBag from /home/airflow/.local/lib/python3.12/site-packages/airflow/example_dags/example_branch_labels.py
[2025-04-21T23:38:38.937+0000] {processor.py:925} INFO - DAG(s) 'example_branch_labels' retrieved from /home/airflow/.local/lib/python3.12/site-packages/airflow/example_dags/example_branch_labels.py
[2025-04-21T23:38:38.957+0000] {logging_mixin.py:190} INFO - [2025-04-21T23:38:38.957+0000] {dag.py:3239} INFO - Sync 1 DAGs
[2025-04-21T23:38:38.982+0000] {logging_mixin.py:190} INFO - [2025-04-21T23:38:38.982+0000] {dag.py:4180} INFO - Setting next_dagrun for example_branch_labels to 2025-04-20 00:00:00+00:00, run_after=2025-04-21 00:00:00+00:00
[2025-04-21T23:38:39.020+0000] {processor.py:208} INFO - Processing /home/airflow/.local/lib/python3.12/site-packages/airflow/example_dags/example_branch_labels.py took 0.100 seconds
[2025-04-21T23:39:10.073+0000] {processor.py:186} INFO - Started process (PID=738) to work on /home/airflow/.local/lib/python3.12/site-packages/airflow/example_dags/example_branch_labels.py
[2025-04-21T23:39:10.074+0000] {processor.py:914} INFO - Processing file /home/airflow/.local/lib/python3.12/site-packages/airflow/example_dags/example_branch_labels.py for tasks to queue
[2025-04-21T23:39:10.078+0000] {logging_mixin.py:190} INFO - [2025-04-21T23:39:10.077+0000] {dagbag.py:588} INFO - Filling up the DagBag from /home/airflow/.local/lib/python3.12/site-packages/airflow/example_dags/example_branch_labels.py
[2025-04-21T23:39:10.100+0000] {processor.py:925} INFO - DAG(s) 'example_branch_labels' retrieved from /home/airflow/.local/lib/python3.12/site-packages/airflow/example_dags/example_branch_labels.py
[2025-04-21T23:39:10.124+0000] {logging_mixin.py:190} INFO - [2025-04-21T23:39:10.124+0000] {dag.py:3239} INFO - Sync 1 DAGs
[2025-04-21T23:39:10.147+0000] {logging_mixin.py:190} INFO - [2025-04-21T23:39:10.147+0000] {dag.py:4180} INFO - Setting next_dagrun for example_branch_labels to 2025-04-20 00:00:00+00:00, run_after=2025-04-21 00:00:00+00:00
[2025-04-21T23:39:10.170+0000] {processor.py:208} INFO - Processing /home/airflow/.local/lib/python3.12/site-packages/airflow/example_dags/example_branch_labels.py took 0.105 seconds
[2025-04-21T23:39:40.357+0000] {processor.py:186} INFO - Started process (PID=828) to work on /home/airflow/.local/lib/python3.12/site-packages/airflow/example_dags/example_branch_labels.py
[2025-04-21T23:39:40.359+0000] {processor.py:914} INFO - Processing file /home/airflow/.local/lib/python3.12/site-packages/airflow/example_dags/example_branch_labels.py for tasks to queue
[2025-04-21T23:39:40.361+0000] {logging_mixin.py:190} INFO - [2025-04-21T23:39:40.360+0000] {dagbag.py:588} INFO - Filling up the DagBag from /home/airflow/.local/lib/python3.12/site-packages/airflow/example_dags/example_branch_labels.py
[2025-04-21T23:39:40.368+0000] {processor.py:925} INFO - DAG(s) 'example_branch_labels' retrieved from /home/airflow/.local/lib/python3.12/site-packages/airflow/example_dags/example_branch_labels.py
[2025-04-21T23:39:40.386+0000] {logging_mixin.py:190} INFO - [2025-04-21T23:39:40.386+0000] {dag.py:3239} INFO - Sync 1 DAGs
[2025-04-21T23:39:40.410+0000] {logging_mixin.py:190} INFO - [2025-04-21T23:39:40.409+0000] {dag.py:4180} INFO - Setting next_dagrun for example_branch_labels to 2025-04-20 00:00:00+00:00, run_after=2025-04-21 00:00:00+00:00
[2025-04-21T23:39:40.446+0000] {processor.py:208} INFO - Processing /home/airflow/.local/lib/python3.12/site-packages/airflow/example_dags/example_branch_labels.py took 0.097 seconds
[2025-04-21T23:40:10.731+0000] {processor.py:186} INFO - Started process (PID=919) to work on /home/airflow/.local/lib/python3.12/site-packages/airflow/example_dags/example_branch_labels.py
[2025-04-21T23:40:10.733+0000] {processor.py:914} INFO - Processing file /home/airflow/.local/lib/python3.12/site-packages/airflow/example_dags/example_branch_labels.py for tasks to queue
[2025-04-21T23:40:10.736+0000] {logging_mixin.py:190} INFO - [2025-04-21T23:40:10.735+0000] {dagbag.py:588} INFO - Filling up the DagBag from /home/airflow/.local/lib/python3.12/site-packages/airflow/example_dags/example_branch_labels.py
[2025-04-21T23:40:10.745+0000] {processor.py:925} INFO - DAG(s) 'example_branch_labels' retrieved from /home/airflow/.local/lib/python3.12/site-packages/airflow/example_dags/example_branch_labels.py
[2025-04-21T23:40:10.762+0000] {logging_mixin.py:190} INFO - [2025-04-21T23:40:10.762+0000] {dag.py:3239} INFO - Sync 1 DAGs
[2025-04-21T23:40:10.784+0000] {logging_mixin.py:190} INFO - [2025-04-21T23:40:10.784+0000] {dag.py:4180} INFO - Setting next_dagrun for example_branch_labels to 2025-04-20 00:00:00+00:00, run_after=2025-04-21 00:00:00+00:00
[2025-04-21T23:40:10.859+0000] {processor.py:208} INFO - Processing /home/airflow/.local/lib/python3.12/site-packages/airflow/example_dags/example_branch_labels.py took 0.135 seconds
[2025-04-21T23:40:41.582+0000] {processor.py:186} INFO - Started process (PID=1009) to work on /home/airflow/.local/lib/python3.12/site-packages/airflow/example_dags/example_branch_labels.py
[2025-04-21T23:40:41.583+0000] {processor.py:914} INFO - Processing file /home/airflow/.local/lib/python3.12/site-packages/airflow/example_dags/example_branch_labels.py for tasks to queue
[2025-04-21T23:40:41.586+0000] {logging_mixin.py:190} INFO - [2025-04-21T23:40:41.585+0000] {dagbag.py:588} INFO - Filling up the DagBag from /home/airflow/.local/lib/python3.12/site-packages/airflow/example_dags/example_branch_labels.py
[2025-04-21T23:40:41.593+0000] {processor.py:925} INFO - DAG(s) 'example_branch_labels' retrieved from /home/airflow/.local/lib/python3.12/site-packages/airflow/example_dags/example_branch_labels.py
[2025-04-21T23:40:41.616+0000] {logging_mixin.py:190} INFO - [2025-04-21T23:40:41.615+0000] {dag.py:3239} INFO - Sync 1 DAGs
[2025-04-21T23:40:41.642+0000] {logging_mixin.py:190} INFO - [2025-04-21T23:40:41.642+0000] {dag.py:4180} INFO - Setting next_dagrun for example_branch_labels to 2025-04-20 00:00:00+00:00, run_after=2025-04-21 00:00:00+00:00
[2025-04-21T23:40:41.679+0000] {processor.py:208} INFO - Processing /home/airflow/.local/lib/python3.12/site-packages/airflow/example_dags/example_branch_labels.py took 0.102 seconds
[2025-04-21T23:41:11.883+0000] {processor.py:186} INFO - Started process (PID=1100) to work on /home/airflow/.local/lib/python3.12/site-packages/airflow/example_dags/example_branch_labels.py
[2025-04-21T23:41:11.884+0000] {processor.py:914} INFO - Processing file /home/airflow/.local/lib/python3.12/site-packages/airflow/example_dags/example_branch_labels.py for tasks to queue
[2025-04-21T23:41:11.890+0000] {logging_mixin.py:190} INFO - [2025-04-21T23:41:11.890+0000] {dagbag.py:588} INFO - Filling up the DagBag from /home/airflow/.local/lib/python3.12/site-packages/airflow/example_dags/example_branch_labels.py
[2025-04-21T23:41:11.902+0000] {processor.py:925} INFO - DAG(s) 'example_branch_labels' retrieved from /home/airflow/.local/lib/python3.12/site-packages/airflow/example_dags/example_branch_labels.py
[2025-04-21T23:41:11.948+0000] {logging_mixin.py:190} INFO - [2025-04-21T23:41:11.947+0000] {dag.py:3239} INFO - Sync 1 DAGs
[2025-04-21T23:41:11.977+0000] {logging_mixin.py:190} INFO - [2025-04-21T23:41:11.977+0000] {dag.py:4180} INFO - Setting next_dagrun for example_branch_labels to 2025-04-20 00:00:00+00:00, run_after=2025-04-21 00:00:00+00:00
[2025-04-21T23:41:12.013+0000] {processor.py:208} INFO - Processing /home/airflow/.local/lib/python3.12/site-packages/airflow/example_dags/example_branch_labels.py took 0.135 seconds
[2025-04-21T23:41:42.285+0000] {processor.py:186} INFO - Started process (PID=1191) to work on /home/airflow/.local/lib/python3.12/site-packages/airflow/example_dags/example_branch_labels.py
[2025-04-21T23:41:42.286+0000] {processor.py:914} INFO - Processing file /home/airflow/.local/lib/python3.12/site-packages/airflow/example_dags/example_branch_labels.py for tasks to queue
[2025-04-21T23:41:42.288+0000] {logging_mixin.py:190} INFO - [2025-04-21T23:41:42.288+0000] {dagbag.py:588} INFO - Filling up the DagBag from /home/airflow/.local/lib/python3.12/site-packages/airflow/example_dags/example_branch_labels.py
[2025-04-21T23:41:42.296+0000] {processor.py:925} INFO - DAG(s) 'example_branch_labels' retrieved from /home/airflow/.local/lib/python3.12/site-packages/airflow/example_dags/example_branch_labels.py
[2025-04-21T23:41:42.314+0000] {logging_mixin.py:190} INFO - [2025-04-21T23:41:42.314+0000] {dag.py:3239} INFO - Sync 1 DAGs
[2025-04-21T23:41:42.338+0000] {logging_mixin.py:190} INFO - [2025-04-21T23:41:42.338+0000] {dag.py:4180} INFO - Setting next_dagrun for example_branch_labels to 2025-04-20 00:00:00+00:00, run_after=2025-04-21 00:00:00+00:00
[2025-04-21T23:41:42.371+0000] {processor.py:208} INFO - Processing /home/airflow/.local/lib/python3.12/site-packages/airflow/example_dags/example_branch_labels.py took 0.091 seconds
[2025-04-21T23:42:12.525+0000] {processor.py:186} INFO - Started process (PID=1281) to work on /home/airflow/.local/lib/python3.12/site-packages/airflow/example_dags/example_branch_labels.py
[2025-04-21T23:42:12.526+0000] {processor.py:914} INFO - Processing file /home/airflow/.local/lib/python3.12/site-packages/airflow/example_dags/example_branch_labels.py for tasks to queue
[2025-04-21T23:42:12.535+0000] {logging_mixin.py:190} INFO - [2025-04-21T23:42:12.535+0000] {dagbag.py:588} INFO - Filling up the DagBag from /home/airflow/.local/lib/python3.12/site-packages/airflow/example_dags/example_branch_labels.py
[2025-04-21T23:42:12.545+0000] {processor.py:925} INFO - DAG(s) 'example_branch_labels' retrieved from /home/airflow/.local/lib/python3.12/site-packages/airflow/example_dags/example_branch_labels.py
[2025-04-21T23:42:12.563+0000] {logging_mixin.py:190} INFO - [2025-04-21T23:42:12.563+0000] {dag.py:3239} INFO - Sync 1 DAGs
[2025-04-21T23:42:12.582+0000] {logging_mixin.py:190} INFO - [2025-04-21T23:42:12.582+0000] {dag.py:4180} INFO - Setting next_dagrun for example_branch_labels to 2025-04-20 00:00:00+00:00, run_after=2025-04-21 00:00:00+00:00
[2025-04-21T23:42:12.616+0000] {processor.py:208} INFO - Processing /home/airflow/.local/lib/python3.12/site-packages/airflow/example_dags/example_branch_labels.py took 0.096 seconds
[2025-04-21T23:42:42.882+0000] {processor.py:186} INFO - Started process (PID=1372) to work on /home/airflow/.local/lib/python3.12/site-packages/airflow/example_dags/example_branch_labels.py
[2025-04-21T23:42:42.883+0000] {processor.py:914} INFO - Processing file /home/airflow/.local/lib/python3.12/site-packages/airflow/example_dags/example_branch_labels.py for tasks to queue
[2025-04-21T23:42:42.886+0000] {logging_mixin.py:190} INFO - [2025-04-21T23:42:42.885+0000] {dagbag.py:588} INFO - Filling up the DagBag from /home/airflow/.local/lib/python3.12/site-packages/airflow/example_dags/example_branch_labels.py
[2025-04-21T23:42:42.894+0000] {processor.py:925} INFO - DAG(s) 'example_branch_labels' retrieved from /home/airflow/.local/lib/python3.12/site-packages/airflow/example_dags/example_branch_labels.py
[2025-04-21T23:42:42.916+0000] {logging_mixin.py:190} INFO - [2025-04-21T23:42:42.916+0000] {dag.py:3239} INFO - Sync 1 DAGs
[2025-04-21T23:42:42.945+0000] {logging_mixin.py:190} INFO - [2025-04-21T23:42:42.945+0000] {dag.py:4180} INFO - Setting next_dagrun for example_branch_labels to 2025-04-20 00:00:00+00:00, run_after=2025-04-21 00:00:00+00:00
[2025-04-21T23:42:42.984+0000] {processor.py:208} INFO - Processing /home/airflow/.local/lib/python3.12/site-packages/airflow/example_dags/example_branch_labels.py took 0.113 seconds
[2025-04-21T23:43:13.418+0000] {processor.py:186} INFO - Started process (PID=1463) to work on /home/airflow/.local/lib/python3.12/site-packages/airflow/example_dags/example_branch_labels.py
[2025-04-21T23:43:13.419+0000] {processor.py:914} INFO - Processing file /home/airflow/.local/lib/python3.12/site-packages/airflow/example_dags/example_branch_labels.py for tasks to queue
[2025-04-21T23:43:13.421+0000] {logging_mixin.py:190} INFO - [2025-04-21T23:43:13.421+0000] {dagbag.py:588} INFO - Filling up the DagBag from /home/airflow/.local/lib/python3.12/site-packages/airflow/example_dags/example_branch_labels.py
[2025-04-21T23:43:13.428+0000] {processor.py:925} INFO - DAG(s) 'example_branch_labels' retrieved from /home/airflow/.local/lib/python3.12/site-packages/airflow/example_dags/example_branch_labels.py
[2025-04-21T23:43:13.449+0000] {logging_mixin.py:190} INFO - [2025-04-21T23:43:13.449+0000] {dag.py:3239} INFO - Sync 1 DAGs
[2025-04-21T23:43:13.470+0000] {logging_mixin.py:190} INFO - [2025-04-21T23:43:13.470+0000] {dag.py:4180} INFO - Setting next_dagrun for example_branch_labels to 2025-04-20 00:00:00+00:00, run_after=2025-04-21 00:00:00+00:00
[2025-04-21T23:43:13.510+0000] {processor.py:208} INFO - Processing /home/airflow/.local/lib/python3.12/site-packages/airflow/example_dags/example_branch_labels.py took 0.097 seconds
[2025-04-21T23:43:44.211+0000] {processor.py:186} INFO - Started process (PID=1554) to work on /home/airflow/.local/lib/python3.12/site-packages/airflow/example_dags/example_branch_labels.py
[2025-04-21T23:43:44.212+0000] {processor.py:914} INFO - Processing file /home/airflow/.local/lib/python3.12/site-packages/airflow/example_dags/example_branch_labels.py for tasks to queue
[2025-04-21T23:43:44.214+0000] {logging_mixin.py:190} INFO - [2025-04-21T23:43:44.214+0000] {dagbag.py:588} INFO - Filling up the DagBag from /home/airflow/.local/lib/python3.12/site-packages/airflow/example_dags/example_branch_labels.py
[2025-04-21T23:43:44.222+0000] {processor.py:925} INFO - DAG(s) 'example_branch_labels' retrieved from /home/airflow/.local/lib/python3.12/site-packages/airflow/example_dags/example_branch_labels.py
[2025-04-21T23:43:44.242+0000] {logging_mixin.py:190} INFO - [2025-04-21T23:43:44.242+0000] {dag.py:3239} INFO - Sync 1 DAGs
[2025-04-21T23:43:44.260+0000] {logging_mixin.py:190} INFO - [2025-04-21T23:43:44.260+0000] {dag.py:4180} INFO - Setting next_dagrun for example_branch_labels to 2025-04-20 00:00:00+00:00, run_after=2025-04-21 00:00:00+00:00
[2025-04-21T23:43:44.291+0000] {processor.py:208} INFO - Processing /home/airflow/.local/lib/python3.12/site-packages/airflow/example_dags/example_branch_labels.py took 0.085 seconds
[2025-04-21T23:44:14.591+0000] {processor.py:186} INFO - Started process (PID=1645) to work on /home/airflow/.local/lib/python3.12/site-packages/airflow/example_dags/example_branch_labels.py
[2025-04-21T23:44:14.593+0000] {processor.py:914} INFO - Processing file /home/airflow/.local/lib/python3.12/site-packages/airflow/example_dags/example_branch_labels.py for tasks to queue
[2025-04-21T23:44:14.596+0000] {logging_mixin.py:190} INFO - [2025-04-21T23:44:14.596+0000] {dagbag.py:588} INFO - Filling up the DagBag from /home/airflow/.local/lib/python3.12/site-packages/airflow/example_dags/example_branch_labels.py
[2025-04-21T23:44:14.604+0000] {processor.py:925} INFO - DAG(s) 'example_branch_labels' retrieved from /home/airflow/.local/lib/python3.12/site-packages/airflow/example_dags/example_branch_labels.py
[2025-04-21T23:44:14.635+0000] {logging_mixin.py:190} INFO - [2025-04-21T23:44:14.634+0000] {dag.py:3239} INFO - Sync 1 DAGs
[2025-04-21T23:44:14.679+0000] {logging_mixin.py:190} INFO - [2025-04-21T23:44:14.679+0000] {dag.py:4180} INFO - Setting next_dagrun for example_branch_labels to 2025-04-20 00:00:00+00:00, run_after=2025-04-21 00:00:00+00:00
[2025-04-21T23:44:14.699+0000] {processor.py:208} INFO - Processing /home/airflow/.local/lib/python3.12/site-packages/airflow/example_dags/example_branch_labels.py took 0.113 seconds
