[2025-04-21T23:35:29.355+0000] {processor.py:186} INFO - Started process (PID=117) to work on /home/airflow/.local/lib/python3.12/site-packages/airflow/example_dags/example_xcomargs.py
[2025-04-21T23:35:29.357+0000] {processor.py:914} INFO - Processing file /home/airflow/.local/lib/python3.12/site-packages/airflow/example_dags/example_xcomargs.py for tasks to queue
[2025-04-21T23:35:29.361+0000] {logging_mixin.py:190} INFO - [2025-04-21T23:35:29.360+0000] {dagbag.py:588} INFO - Filling up the DagBag from /home/airflow/.local/lib/python3.12/site-packages/airflow/example_dags/example_xcomargs.py
[2025-04-21T23:35:29.385+0000] {processor.py:925} INFO - DAG(s) 'example_xcom_args', 'example_xcom_args_with_operators' retrieved from /home/airflow/.local/lib/python3.12/site-packages/airflow/example_dags/example_xcomargs.py
[2025-04-21T23:35:29.445+0000] {logging_mixin.py:190} INFO - [2025-04-21T23:35:29.445+0000] {dag.py:3239} INFO - Sync 2 DAGs
[2025-04-21T23:35:29.471+0000] {logging_mixin.py:190} INFO - [2025-04-21T23:35:29.470+0000] {dag.py:4180} INFO - Setting next_dagrun for example_xcom_args to None, run_after=None
[2025-04-21T23:35:29.483+0000] {logging_mixin.py:190} INFO - [2025-04-21T23:35:29.482+0000] {dag.py:4180} INFO - Setting next_dagrun for example_xcom_args_with_operators to None, run_after=None
[2025-04-21T23:35:29.524+0000] {processor.py:208} INFO - Processing /home/airflow/.local/lib/python3.12/site-packages/airflow/example_dags/example_xcomargs.py took 0.177 seconds
[2025-04-21T23:36:01.714+0000] {processor.py:186} INFO - Started process (PID=220) to work on /home/airflow/.local/lib/python3.12/site-packages/airflow/example_dags/example_xcomargs.py
[2025-04-21T23:36:01.716+0000] {processor.py:914} INFO - Processing file /home/airflow/.local/lib/python3.12/site-packages/airflow/example_dags/example_xcomargs.py for tasks to queue
[2025-04-21T23:36:01.719+0000] {logging_mixin.py:190} INFO - [2025-04-21T23:36:01.719+0000] {dagbag.py:588} INFO - Filling up the DagBag from /home/airflow/.local/lib/python3.12/site-packages/airflow/example_dags/example_xcomargs.py
[2025-04-21T23:36:01.739+0000] {processor.py:925} INFO - DAG(s) 'example_xcom_args', 'example_xcom_args_with_operators' retrieved from /home/airflow/.local/lib/python3.12/site-packages/airflow/example_dags/example_xcomargs.py
[2025-04-21T23:36:01.779+0000] {logging_mixin.py:190} INFO - [2025-04-21T23:36:01.778+0000] {dag.py:3239} INFO - Sync 2 DAGs
[2025-04-21T23:36:01.804+0000] {logging_mixin.py:190} INFO - [2025-04-21T23:36:01.803+0000] {dag.py:4180} INFO - Setting next_dagrun for example_xcom_args to None, run_after=None
[2025-04-21T23:36:01.811+0000] {logging_mixin.py:190} INFO - [2025-04-21T23:36:01.811+0000] {dag.py:4180} INFO - Setting next_dagrun for example_xcom_args_with_operators to None, run_after=None
[2025-04-21T23:36:01.859+0000] {processor.py:208} INFO - Processing /home/airflow/.local/lib/python3.12/site-packages/airflow/example_dags/example_xcomargs.py took 0.154 seconds
[2025-04-21T23:36:32.167+0000] {processor.py:186} INFO - Started process (PID=311) to work on /home/airflow/.local/lib/python3.12/site-packages/airflow/example_dags/example_xcomargs.py
[2025-04-21T23:36:32.169+0000] {processor.py:914} INFO - Processing file /home/airflow/.local/lib/python3.12/site-packages/airflow/example_dags/example_xcomargs.py for tasks to queue
[2025-04-21T23:36:32.171+0000] {logging_mixin.py:190} INFO - [2025-04-21T23:36:32.171+0000] {dagbag.py:588} INFO - Filling up the DagBag from /home/airflow/.local/lib/python3.12/site-packages/airflow/example_dags/example_xcomargs.py
[2025-04-21T23:36:32.180+0000] {processor.py:925} INFO - DAG(s) 'example_xcom_args_with_operators', 'example_xcom_args' retrieved from /home/airflow/.local/lib/python3.12/site-packages/airflow/example_dags/example_xcomargs.py
[2025-04-21T23:36:32.201+0000] {logging_mixin.py:190} INFO - [2025-04-21T23:36:32.201+0000] {dag.py:3239} INFO - Sync 2 DAGs
[2025-04-21T23:36:32.215+0000] {logging_mixin.py:190} INFO - [2025-04-21T23:36:32.215+0000] {dag.py:4180} INFO - Setting next_dagrun for example_xcom_args to None, run_after=None
[2025-04-21T23:36:32.219+0000] {logging_mixin.py:190} INFO - [2025-04-21T23:36:32.219+0000] {dag.py:4180} INFO - Setting next_dagrun for example_xcom_args_with_operators to None, run_after=None
[2025-04-21T23:36:32.237+0000] {processor.py:208} INFO - Processing /home/airflow/.local/lib/python3.12/site-packages/airflow/example_dags/example_xcomargs.py took 0.074 seconds
[2025-04-21T23:37:04.206+0000] {processor.py:186} INFO - Started process (PID=402) to work on /home/airflow/.local/lib/python3.12/site-packages/airflow/example_dags/example_xcomargs.py
[2025-04-21T23:37:04.208+0000] {processor.py:914} INFO - Processing file /home/airflow/.local/lib/python3.12/site-packages/airflow/example_dags/example_xcomargs.py for tasks to queue
[2025-04-21T23:37:04.213+0000] {logging_mixin.py:190} INFO - [2025-04-21T23:37:04.212+0000] {dagbag.py:588} INFO - Filling up the DagBag from /home/airflow/.local/lib/python3.12/site-packages/airflow/example_dags/example_xcomargs.py
[2025-04-21T23:37:04.227+0000] {processor.py:925} INFO - DAG(s) 'example_xcom_args_with_operators', 'example_xcom_args' retrieved from /home/airflow/.local/lib/python3.12/site-packages/airflow/example_dags/example_xcomargs.py
[2025-04-21T23:37:04.267+0000] {logging_mixin.py:190} INFO - [2025-04-21T23:37:04.266+0000] {dag.py:3239} INFO - Sync 2 DAGs
[2025-04-21T23:37:04.287+0000] {logging_mixin.py:190} INFO - [2025-04-21T23:37:04.287+0000] {dag.py:4180} INFO - Setting next_dagrun for example_xcom_args to None, run_after=None
[2025-04-21T23:37:04.296+0000] {logging_mixin.py:190} INFO - [2025-04-21T23:37:04.295+0000] {dag.py:4180} INFO - Setting next_dagrun for example_xcom_args_with_operators to None, run_after=None
[2025-04-21T23:37:04.328+0000] {processor.py:208} INFO - Processing /home/airflow/.local/lib/python3.12/site-packages/airflow/example_dags/example_xcomargs.py took 0.130 seconds
[2025-04-21T23:37:37.180+0000] {processor.py:186} INFO - Started process (PID=493) to work on /home/airflow/.local/lib/python3.12/site-packages/airflow/example_dags/example_xcomargs.py
[2025-04-21T23:37:37.183+0000] {processor.py:914} INFO - Processing file /home/airflow/.local/lib/python3.12/site-packages/airflow/example_dags/example_xcomargs.py for tasks to queue
[2025-04-21T23:37:37.190+0000] {logging_mixin.py:190} INFO - [2025-04-21T23:37:37.189+0000] {dagbag.py:588} INFO - Filling up the DagBag from /home/airflow/.local/lib/python3.12/site-packages/airflow/example_dags/example_xcomargs.py
[2025-04-21T23:37:37.211+0000] {processor.py:925} INFO - DAG(s) 'example_xcom_args_with_operators', 'example_xcom_args' retrieved from /home/airflow/.local/lib/python3.12/site-packages/airflow/example_dags/example_xcomargs.py
[2025-04-21T23:37:37.259+0000] {logging_mixin.py:190} INFO - [2025-04-21T23:37:37.258+0000] {dag.py:3239} INFO - Sync 2 DAGs
[2025-04-21T23:37:37.284+0000] {logging_mixin.py:190} INFO - [2025-04-21T23:37:37.284+0000] {dag.py:4180} INFO - Setting next_dagrun for example_xcom_args to None, run_after=None
[2025-04-21T23:37:37.291+0000] {logging_mixin.py:190} INFO - [2025-04-21T23:37:37.291+0000] {dag.py:4180} INFO - Setting next_dagrun for example_xcom_args_with_operators to None, run_after=None
[2025-04-21T23:37:37.338+0000] {processor.py:208} INFO - Processing /home/airflow/.local/lib/python3.12/site-packages/airflow/example_dags/example_xcomargs.py took 0.173 seconds
[2025-04-21T23:38:07.842+0000] {processor.py:186} INFO - Started process (PID=570) to work on /home/airflow/.local/lib/python3.12/site-packages/airflow/example_dags/example_xcomargs.py
[2025-04-21T23:38:07.843+0000] {processor.py:914} INFO - Processing file /home/airflow/.local/lib/python3.12/site-packages/airflow/example_dags/example_xcomargs.py for tasks to queue
[2025-04-21T23:38:07.845+0000] {logging_mixin.py:190} INFO - [2025-04-21T23:38:07.845+0000] {dagbag.py:588} INFO - Filling up the DagBag from /home/airflow/.local/lib/python3.12/site-packages/airflow/example_dags/example_xcomargs.py
[2025-04-21T23:38:07.855+0000] {processor.py:925} INFO - DAG(s) 'example_xcom_args_with_operators', 'example_xcom_args' retrieved from /home/airflow/.local/lib/python3.12/site-packages/airflow/example_dags/example_xcomargs.py
[2025-04-21T23:38:07.876+0000] {logging_mixin.py:190} INFO - [2025-04-21T23:38:07.876+0000] {dag.py:3239} INFO - Sync 2 DAGs
[2025-04-21T23:38:07.890+0000] {logging_mixin.py:190} INFO - [2025-04-21T23:38:07.889+0000] {dag.py:4180} INFO - Setting next_dagrun for example_xcom_args to None, run_after=None
[2025-04-21T23:38:07.893+0000] {logging_mixin.py:190} INFO - [2025-04-21T23:38:07.893+0000] {dag.py:4180} INFO - Setting next_dagrun for example_xcom_args_with_operators to None, run_after=None
[2025-04-21T23:38:07.928+0000] {processor.py:208} INFO - Processing /home/airflow/.local/lib/python3.12/site-packages/airflow/example_dags/example_xcomargs.py took 0.093 seconds
[2025-04-21T23:38:39.064+0000] {processor.py:186} INFO - Started process (PID=661) to work on /home/airflow/.local/lib/python3.12/site-packages/airflow/example_dags/example_xcomargs.py
[2025-04-21T23:38:39.066+0000] {processor.py:914} INFO - Processing file /home/airflow/.local/lib/python3.12/site-packages/airflow/example_dags/example_xcomargs.py for tasks to queue
[2025-04-21T23:38:39.068+0000] {logging_mixin.py:190} INFO - [2025-04-21T23:38:39.068+0000] {dagbag.py:588} INFO - Filling up the DagBag from /home/airflow/.local/lib/python3.12/site-packages/airflow/example_dags/example_xcomargs.py
[2025-04-21T23:38:39.079+0000] {processor.py:925} INFO - DAG(s) 'example_xcom_args', 'example_xcom_args_with_operators' retrieved from /home/airflow/.local/lib/python3.12/site-packages/airflow/example_dags/example_xcomargs.py
[2025-04-21T23:38:39.099+0000] {logging_mixin.py:190} INFO - [2025-04-21T23:38:39.099+0000] {dag.py:3239} INFO - Sync 2 DAGs
[2025-04-21T23:38:39.113+0000] {logging_mixin.py:190} INFO - [2025-04-21T23:38:39.113+0000] {dag.py:4180} INFO - Setting next_dagrun for example_xcom_args to None, run_after=None
[2025-04-21T23:38:39.117+0000] {logging_mixin.py:190} INFO - [2025-04-21T23:38:39.117+0000] {dag.py:4180} INFO - Setting next_dagrun for example_xcom_args_with_operators to None, run_after=None
[2025-04-21T23:38:39.157+0000] {processor.py:208} INFO - Processing /home/airflow/.local/lib/python3.12/site-packages/airflow/example_dags/example_xcomargs.py took 0.098 seconds
[2025-04-21T23:39:10.351+0000] {processor.py:186} INFO - Started process (PID=752) to work on /home/airflow/.local/lib/python3.12/site-packages/airflow/example_dags/example_xcomargs.py
[2025-04-21T23:39:10.353+0000] {processor.py:914} INFO - Processing file /home/airflow/.local/lib/python3.12/site-packages/airflow/example_dags/example_xcomargs.py for tasks to queue
[2025-04-21T23:39:10.357+0000] {logging_mixin.py:190} INFO - [2025-04-21T23:39:10.356+0000] {dagbag.py:588} INFO - Filling up the DagBag from /home/airflow/.local/lib/python3.12/site-packages/airflow/example_dags/example_xcomargs.py
[2025-04-21T23:39:10.367+0000] {processor.py:925} INFO - DAG(s) 'example_xcom_args', 'example_xcom_args_with_operators' retrieved from /home/airflow/.local/lib/python3.12/site-packages/airflow/example_dags/example_xcomargs.py
[2025-04-21T23:39:10.390+0000] {logging_mixin.py:190} INFO - [2025-04-21T23:39:10.389+0000] {dag.py:3239} INFO - Sync 2 DAGs
[2025-04-21T23:39:10.405+0000] {logging_mixin.py:190} INFO - [2025-04-21T23:39:10.405+0000] {dag.py:4180} INFO - Setting next_dagrun for example_xcom_args to None, run_after=None
[2025-04-21T23:39:10.409+0000] {logging_mixin.py:190} INFO - [2025-04-21T23:39:10.409+0000] {dag.py:4180} INFO - Setting next_dagrun for example_xcom_args_with_operators to None, run_after=None
[2025-04-21T23:39:10.450+0000] {processor.py:208} INFO - Processing /home/airflow/.local/lib/python3.12/site-packages/airflow/example_dags/example_xcomargs.py took 0.105 seconds
[2025-04-21T23:39:40.510+0000] {processor.py:186} INFO - Started process (PID=829) to work on /home/airflow/.local/lib/python3.12/site-packages/airflow/example_dags/example_xcomargs.py
[2025-04-21T23:39:40.511+0000] {processor.py:914} INFO - Processing file /home/airflow/.local/lib/python3.12/site-packages/airflow/example_dags/example_xcomargs.py for tasks to queue
[2025-04-21T23:39:40.513+0000] {logging_mixin.py:190} INFO - [2025-04-21T23:39:40.513+0000] {dagbag.py:588} INFO - Filling up the DagBag from /home/airflow/.local/lib/python3.12/site-packages/airflow/example_dags/example_xcomargs.py
[2025-04-21T23:39:40.523+0000] {processor.py:925} INFO - DAG(s) 'example_xcom_args', 'example_xcom_args_with_operators' retrieved from /home/airflow/.local/lib/python3.12/site-packages/airflow/example_dags/example_xcomargs.py
[2025-04-21T23:39:40.544+0000] {logging_mixin.py:190} INFO - [2025-04-21T23:39:40.543+0000] {dag.py:3239} INFO - Sync 2 DAGs
[2025-04-21T23:39:40.564+0000] {logging_mixin.py:190} INFO - [2025-04-21T23:39:40.563+0000] {dag.py:4180} INFO - Setting next_dagrun for example_xcom_args to None, run_after=None
[2025-04-21T23:39:40.568+0000] {logging_mixin.py:190} INFO - [2025-04-21T23:39:40.568+0000] {dag.py:4180} INFO - Setting next_dagrun for example_xcom_args_with_operators to None, run_after=None
[2025-04-21T23:39:40.609+0000] {processor.py:208} INFO - Processing /home/airflow/.local/lib/python3.12/site-packages/airflow/example_dags/example_xcomargs.py took 0.103 seconds
[2025-04-21T23:40:10.732+0000] {processor.py:186} INFO - Started process (PID=920) to work on /home/airflow/.local/lib/python3.12/site-packages/airflow/example_dags/example_xcomargs.py
[2025-04-21T23:40:10.733+0000] {processor.py:914} INFO - Processing file /home/airflow/.local/lib/python3.12/site-packages/airflow/example_dags/example_xcomargs.py for tasks to queue
[2025-04-21T23:40:10.736+0000] {logging_mixin.py:190} INFO - [2025-04-21T23:40:10.735+0000] {dagbag.py:588} INFO - Filling up the DagBag from /home/airflow/.local/lib/python3.12/site-packages/airflow/example_dags/example_xcomargs.py
[2025-04-21T23:40:10.744+0000] {processor.py:925} INFO - DAG(s) 'example_xcom_args_with_operators', 'example_xcom_args' retrieved from /home/airflow/.local/lib/python3.12/site-packages/airflow/example_dags/example_xcomargs.py
[2025-04-21T23:40:10.768+0000] {logging_mixin.py:190} INFO - [2025-04-21T23:40:10.767+0000] {dag.py:3239} INFO - Sync 2 DAGs
[2025-04-21T23:40:10.792+0000] {logging_mixin.py:190} INFO - [2025-04-21T23:40:10.792+0000] {dag.py:4180} INFO - Setting next_dagrun for example_xcom_args to None, run_after=None
[2025-04-21T23:40:10.840+0000] {logging_mixin.py:190} INFO - [2025-04-21T23:40:10.839+0000] {dag.py:4180} INFO - Setting next_dagrun for example_xcom_args_with_operators to None, run_after=None
[2025-04-21T23:40:10.866+0000] {processor.py:208} INFO - Processing /home/airflow/.local/lib/python3.12/site-packages/airflow/example_dags/example_xcomargs.py took 0.141 seconds
[2025-04-21T23:40:41.584+0000] {processor.py:186} INFO - Started process (PID=1010) to work on /home/airflow/.local/lib/python3.12/site-packages/airflow/example_dags/example_xcomargs.py
[2025-04-21T23:40:41.585+0000] {processor.py:914} INFO - Processing file /home/airflow/.local/lib/python3.12/site-packages/airflow/example_dags/example_xcomargs.py for tasks to queue
[2025-04-21T23:40:41.588+0000] {logging_mixin.py:190} INFO - [2025-04-21T23:40:41.588+0000] {dagbag.py:588} INFO - Filling up the DagBag from /home/airflow/.local/lib/python3.12/site-packages/airflow/example_dags/example_xcomargs.py
[2025-04-21T23:40:41.598+0000] {processor.py:925} INFO - DAG(s) 'example_xcom_args', 'example_xcom_args_with_operators' retrieved from /home/airflow/.local/lib/python3.12/site-packages/airflow/example_dags/example_xcomargs.py
[2025-04-21T23:40:41.617+0000] {logging_mixin.py:190} INFO - [2025-04-21T23:40:41.617+0000] {dag.py:3239} INFO - Sync 2 DAGs
[2025-04-21T23:40:41.634+0000] {logging_mixin.py:190} INFO - [2025-04-21T23:40:41.634+0000] {dag.py:4180} INFO - Setting next_dagrun for example_xcom_args to None, run_after=None
[2025-04-21T23:40:41.641+0000] {logging_mixin.py:190} INFO - [2025-04-21T23:40:41.640+0000] {dag.py:4180} INFO - Setting next_dagrun for example_xcom_args_with_operators to None, run_after=None
[2025-04-21T23:40:41.677+0000] {processor.py:208} INFO - Processing /home/airflow/.local/lib/python3.12/site-packages/airflow/example_dags/example_xcomargs.py took 0.099 seconds
[2025-04-21T23:41:11.886+0000] {processor.py:186} INFO - Started process (PID=1101) to work on /home/airflow/.local/lib/python3.12/site-packages/airflow/example_dags/example_xcomargs.py
[2025-04-21T23:41:11.886+0000] {processor.py:914} INFO - Processing file /home/airflow/.local/lib/python3.12/site-packages/airflow/example_dags/example_xcomargs.py for tasks to queue
[2025-04-21T23:41:11.889+0000] {logging_mixin.py:190} INFO - [2025-04-21T23:41:11.888+0000] {dagbag.py:588} INFO - Filling up the DagBag from /home/airflow/.local/lib/python3.12/site-packages/airflow/example_dags/example_xcomargs.py
[2025-04-21T23:41:11.905+0000] {processor.py:925} INFO - DAG(s) 'example_xcom_args_with_operators', 'example_xcom_args' retrieved from /home/airflow/.local/lib/python3.12/site-packages/airflow/example_dags/example_xcomargs.py
[2025-04-21T23:41:11.980+0000] {logging_mixin.py:190} INFO - [2025-04-21T23:41:11.980+0000] {dag.py:3239} INFO - Sync 2 DAGs
[2025-04-21T23:41:11.994+0000] {logging_mixin.py:190} INFO - [2025-04-21T23:41:11.994+0000] {dag.py:4180} INFO - Setting next_dagrun for example_xcom_args to None, run_after=None
[2025-04-21T23:41:11.998+0000] {logging_mixin.py:190} INFO - [2025-04-21T23:41:11.998+0000] {dag.py:4180} INFO - Setting next_dagrun for example_xcom_args_with_operators to None, run_after=None
[2025-04-21T23:41:12.014+0000] {processor.py:208} INFO - Processing /home/airflow/.local/lib/python3.12/site-packages/airflow/example_dags/example_xcomargs.py took 0.133 seconds
[2025-04-21T23:41:42.409+0000] {processor.py:186} INFO - Started process (PID=1192) to work on /home/airflow/.local/lib/python3.12/site-packages/airflow/example_dags/example_xcomargs.py
[2025-04-21T23:41:42.410+0000] {processor.py:914} INFO - Processing file /home/airflow/.local/lib/python3.12/site-packages/airflow/example_dags/example_xcomargs.py for tasks to queue
[2025-04-21T23:41:42.413+0000] {logging_mixin.py:190} INFO - [2025-04-21T23:41:42.413+0000] {dagbag.py:588} INFO - Filling up the DagBag from /home/airflow/.local/lib/python3.12/site-packages/airflow/example_dags/example_xcomargs.py
[2025-04-21T23:41:42.424+0000] {processor.py:925} INFO - DAG(s) 'example_xcom_args', 'example_xcom_args_with_operators' retrieved from /home/airflow/.local/lib/python3.12/site-packages/airflow/example_dags/example_xcomargs.py
[2025-04-21T23:41:42.446+0000] {logging_mixin.py:190} INFO - [2025-04-21T23:41:42.446+0000] {dag.py:3239} INFO - Sync 2 DAGs
[2025-04-21T23:41:42.462+0000] {logging_mixin.py:190} INFO - [2025-04-21T23:41:42.462+0000] {dag.py:4180} INFO - Setting next_dagrun for example_xcom_args to None, run_after=None
[2025-04-21T23:41:42.469+0000] {logging_mixin.py:190} INFO - [2025-04-21T23:41:42.469+0000] {dag.py:4180} INFO - Setting next_dagrun for example_xcom_args_with_operators to None, run_after=None
[2025-04-21T23:41:42.503+0000] {processor.py:208} INFO - Processing /home/airflow/.local/lib/python3.12/site-packages/airflow/example_dags/example_xcomargs.py took 0.100 seconds
[2025-04-21T23:42:12.679+0000] {processor.py:186} INFO - Started process (PID=1282) to work on /home/airflow/.local/lib/python3.12/site-packages/airflow/example_dags/example_xcomargs.py
[2025-04-21T23:42:12.681+0000] {processor.py:914} INFO - Processing file /home/airflow/.local/lib/python3.12/site-packages/airflow/example_dags/example_xcomargs.py for tasks to queue
[2025-04-21T23:42:12.684+0000] {logging_mixin.py:190} INFO - [2025-04-21T23:42:12.683+0000] {dagbag.py:588} INFO - Filling up the DagBag from /home/airflow/.local/lib/python3.12/site-packages/airflow/example_dags/example_xcomargs.py
[2025-04-21T23:42:12.694+0000] {processor.py:925} INFO - DAG(s) 'example_xcom_args_with_operators', 'example_xcom_args' retrieved from /home/airflow/.local/lib/python3.12/site-packages/airflow/example_dags/example_xcomargs.py
[2025-04-21T23:42:12.717+0000] {logging_mixin.py:190} INFO - [2025-04-21T23:42:12.717+0000] {dag.py:3239} INFO - Sync 2 DAGs
[2025-04-21T23:42:12.736+0000] {logging_mixin.py:190} INFO - [2025-04-21T23:42:12.736+0000] {dag.py:4180} INFO - Setting next_dagrun for example_xcom_args to None, run_after=None
[2025-04-21T23:42:12.741+0000] {logging_mixin.py:190} INFO - [2025-04-21T23:42:12.740+0000] {dag.py:4180} INFO - Setting next_dagrun for example_xcom_args_with_operators to None, run_after=None
[2025-04-21T23:42:12.775+0000] {processor.py:208} INFO - Processing /home/airflow/.local/lib/python3.12/site-packages/airflow/example_dags/example_xcomargs.py took 0.104 seconds
[2025-04-21T23:42:43.054+0000] {processor.py:186} INFO - Started process (PID=1373) to work on /home/airflow/.local/lib/python3.12/site-packages/airflow/example_dags/example_xcomargs.py
[2025-04-21T23:42:43.056+0000] {processor.py:914} INFO - Processing file /home/airflow/.local/lib/python3.12/site-packages/airflow/example_dags/example_xcomargs.py for tasks to queue
[2025-04-21T23:42:43.063+0000] {logging_mixin.py:190} INFO - [2025-04-21T23:42:43.062+0000] {dagbag.py:588} INFO - Filling up the DagBag from /home/airflow/.local/lib/python3.12/site-packages/airflow/example_dags/example_xcomargs.py
[2025-04-21T23:42:43.079+0000] {processor.py:925} INFO - DAG(s) 'example_xcom_args', 'example_xcom_args_with_operators' retrieved from /home/airflow/.local/lib/python3.12/site-packages/airflow/example_dags/example_xcomargs.py
[2025-04-21T23:42:43.104+0000] {logging_mixin.py:190} INFO - [2025-04-21T23:42:43.104+0000] {dag.py:3239} INFO - Sync 2 DAGs
[2025-04-21T23:42:43.119+0000] {logging_mixin.py:190} INFO - [2025-04-21T23:42:43.119+0000] {dag.py:4180} INFO - Setting next_dagrun for example_xcom_args to None, run_after=None
[2025-04-21T23:42:43.123+0000] {logging_mixin.py:190} INFO - [2025-04-21T23:42:43.123+0000] {dag.py:4180} INFO - Setting next_dagrun for example_xcom_args_with_operators to None, run_after=None
[2025-04-21T23:42:43.163+0000] {processor.py:208} INFO - Processing /home/airflow/.local/lib/python3.12/site-packages/airflow/example_dags/example_xcomargs.py took 0.118 seconds
[2025-04-21T23:43:13.605+0000] {processor.py:186} INFO - Started process (PID=1464) to work on /home/airflow/.local/lib/python3.12/site-packages/airflow/example_dags/example_xcomargs.py
[2025-04-21T23:43:13.606+0000] {processor.py:914} INFO - Processing file /home/airflow/.local/lib/python3.12/site-packages/airflow/example_dags/example_xcomargs.py for tasks to queue
[2025-04-21T23:43:13.608+0000] {logging_mixin.py:190} INFO - [2025-04-21T23:43:13.608+0000] {dagbag.py:588} INFO - Filling up the DagBag from /home/airflow/.local/lib/python3.12/site-packages/airflow/example_dags/example_xcomargs.py
[2025-04-21T23:43:13.616+0000] {processor.py:925} INFO - DAG(s) 'example_xcom_args', 'example_xcom_args_with_operators' retrieved from /home/airflow/.local/lib/python3.12/site-packages/airflow/example_dags/example_xcomargs.py
[2025-04-21T23:43:13.638+0000] {logging_mixin.py:190} INFO - [2025-04-21T23:43:13.637+0000] {dag.py:3239} INFO - Sync 2 DAGs
[2025-04-21T23:43:13.649+0000] {logging_mixin.py:190} INFO - [2025-04-21T23:43:13.649+0000] {dag.py:4180} INFO - Setting next_dagrun for example_xcom_args to None, run_after=None
[2025-04-21T23:43:13.653+0000] {logging_mixin.py:190} INFO - [2025-04-21T23:43:13.653+0000] {dag.py:4180} INFO - Setting next_dagrun for example_xcom_args_with_operators to None, run_after=None
[2025-04-21T23:43:13.684+0000] {processor.py:208} INFO - Processing /home/airflow/.local/lib/python3.12/site-packages/airflow/example_dags/example_xcomargs.py took 0.089 seconds
[2025-04-21T23:43:44.328+0000] {processor.py:186} INFO - Started process (PID=1555) to work on /home/airflow/.local/lib/python3.12/site-packages/airflow/example_dags/example_xcomargs.py
[2025-04-21T23:43:44.330+0000] {processor.py:914} INFO - Processing file /home/airflow/.local/lib/python3.12/site-packages/airflow/example_dags/example_xcomargs.py for tasks to queue
[2025-04-21T23:43:44.332+0000] {logging_mixin.py:190} INFO - [2025-04-21T23:43:44.332+0000] {dagbag.py:588} INFO - Filling up the DagBag from /home/airflow/.local/lib/python3.12/site-packages/airflow/example_dags/example_xcomargs.py
[2025-04-21T23:43:44.343+0000] {processor.py:925} INFO - DAG(s) 'example_xcom_args', 'example_xcom_args_with_operators' retrieved from /home/airflow/.local/lib/python3.12/site-packages/airflow/example_dags/example_xcomargs.py
[2025-04-21T23:43:44.362+0000] {logging_mixin.py:190} INFO - [2025-04-21T23:43:44.362+0000] {dag.py:3239} INFO - Sync 2 DAGs
[2025-04-21T23:43:44.373+0000] {logging_mixin.py:190} INFO - [2025-04-21T23:43:44.373+0000] {dag.py:4180} INFO - Setting next_dagrun for example_xcom_args to None, run_after=None
[2025-04-21T23:43:44.376+0000] {logging_mixin.py:190} INFO - [2025-04-21T23:43:44.376+0000] {dag.py:4180} INFO - Setting next_dagrun for example_xcom_args_with_operators to None, run_after=None
[2025-04-21T23:43:44.389+0000] {processor.py:208} INFO - Processing /home/airflow/.local/lib/python3.12/site-packages/airflow/example_dags/example_xcomargs.py took 0.065 seconds
[2025-04-21T23:44:14.738+0000] {processor.py:186} INFO - Started process (PID=1646) to work on /home/airflow/.local/lib/python3.12/site-packages/airflow/example_dags/example_xcomargs.py
[2025-04-21T23:44:14.739+0000] {processor.py:914} INFO - Processing file /home/airflow/.local/lib/python3.12/site-packages/airflow/example_dags/example_xcomargs.py for tasks to queue
[2025-04-21T23:44:14.741+0000] {logging_mixin.py:190} INFO - [2025-04-21T23:44:14.741+0000] {dagbag.py:588} INFO - Filling up the DagBag from /home/airflow/.local/lib/python3.12/site-packages/airflow/example_dags/example_xcomargs.py
[2025-04-21T23:44:14.752+0000] {processor.py:925} INFO - DAG(s) 'example_xcom_args_with_operators', 'example_xcom_args' retrieved from /home/airflow/.local/lib/python3.12/site-packages/airflow/example_dags/example_xcomargs.py
[2025-04-21T23:44:14.771+0000] {logging_mixin.py:190} INFO - [2025-04-21T23:44:14.771+0000] {dag.py:3239} INFO - Sync 2 DAGs
[2025-04-21T23:44:14.785+0000] {logging_mixin.py:190} INFO - [2025-04-21T23:44:14.784+0000] {dag.py:4180} INFO - Setting next_dagrun for example_xcom_args to None, run_after=None
[2025-04-21T23:44:14.789+0000] {logging_mixin.py:190} INFO - [2025-04-21T23:44:14.789+0000] {dag.py:4180} INFO - Setting next_dagrun for example_xcom_args_with_operators to None, run_after=None
[2025-04-21T23:44:14.805+0000] {processor.py:208} INFO - Processing /home/airflow/.local/lib/python3.12/site-packages/airflow/example_dags/example_xcomargs.py took 0.071 seconds
[2025-04-21T23:44:45.586+0000] {processor.py:186} INFO - Started process (PID=1737) to work on /home/airflow/.local/lib/python3.12/site-packages/airflow/example_dags/example_xcomargs.py
[2025-04-21T23:44:45.588+0000] {processor.py:914} INFO - Processing file /home/airflow/.local/lib/python3.12/site-packages/airflow/example_dags/example_xcomargs.py for tasks to queue
[2025-04-21T23:44:45.591+0000] {logging_mixin.py:190} INFO - [2025-04-21T23:44:45.591+0000] {dagbag.py:588} INFO - Filling up the DagBag from /home/airflow/.local/lib/python3.12/site-packages/airflow/example_dags/example_xcomargs.py
[2025-04-21T23:44:45.602+0000] {processor.py:925} INFO - DAG(s) 'example_xcom_args_with_operators', 'example_xcom_args' retrieved from /home/airflow/.local/lib/python3.12/site-packages/airflow/example_dags/example_xcomargs.py
[2025-04-21T23:44:45.630+0000] {logging_mixin.py:190} INFO - [2025-04-21T23:44:45.630+0000] {dag.py:3239} INFO - Sync 2 DAGs
[2025-04-21T23:44:45.644+0000] {logging_mixin.py:190} INFO - [2025-04-21T23:44:45.644+0000] {dag.py:4180} INFO - Setting next_dagrun for example_xcom_args to None, run_after=None
[2025-04-21T23:44:45.650+0000] {logging_mixin.py:190} INFO - [2025-04-21T23:44:45.650+0000] {dag.py:4180} INFO - Setting next_dagrun for example_xcom_args_with_operators to None, run_after=None
[2025-04-21T23:44:45.691+0000] {processor.py:208} INFO - Processing /home/airflow/.local/lib/python3.12/site-packages/airflow/example_dags/example_xcomargs.py took 0.112 seconds
[2025-04-21T23:45:16.571+0000] {processor.py:186} INFO - Started process (PID=1829) to work on /home/airflow/.local/lib/python3.12/site-packages/airflow/example_dags/example_xcomargs.py
[2025-04-21T23:45:16.573+0000] {processor.py:914} INFO - Processing file /home/airflow/.local/lib/python3.12/site-packages/airflow/example_dags/example_xcomargs.py for tasks to queue
[2025-04-21T23:45:16.575+0000] {logging_mixin.py:190} INFO - [2025-04-21T23:45:16.575+0000] {dagbag.py:588} INFO - Filling up the DagBag from /home/airflow/.local/lib/python3.12/site-packages/airflow/example_dags/example_xcomargs.py
[2025-04-21T23:45:16.590+0000] {processor.py:925} INFO - DAG(s) 'example_xcom_args', 'example_xcom_args_with_operators' retrieved from /home/airflow/.local/lib/python3.12/site-packages/airflow/example_dags/example_xcomargs.py
[2025-04-21T23:45:16.611+0000] {logging_mixin.py:190} INFO - [2025-04-21T23:45:16.611+0000] {dag.py:3239} INFO - Sync 2 DAGs
[2025-04-21T23:45:16.624+0000] {logging_mixin.py:190} INFO - [2025-04-21T23:45:16.623+0000] {dag.py:4180} INFO - Setting next_dagrun for example_xcom_args to None, run_after=None
[2025-04-21T23:45:16.627+0000] {logging_mixin.py:190} INFO - [2025-04-21T23:45:16.627+0000] {dag.py:4180} INFO - Setting next_dagrun for example_xcom_args_with_operators to None, run_after=None
[2025-04-21T23:45:16.641+0000] {processor.py:208} INFO - Processing /home/airflow/.local/lib/python3.12/site-packages/airflow/example_dags/example_xcomargs.py took 0.075 seconds
[2025-04-21T23:45:47.093+0000] {processor.py:186} INFO - Started process (PID=1920) to work on /home/airflow/.local/lib/python3.12/site-packages/airflow/example_dags/example_xcomargs.py
[2025-04-21T23:45:47.094+0000] {processor.py:914} INFO - Processing file /home/airflow/.local/lib/python3.12/site-packages/airflow/example_dags/example_xcomargs.py for tasks to queue
[2025-04-21T23:45:47.097+0000] {logging_mixin.py:190} INFO - [2025-04-21T23:45:47.096+0000] {dagbag.py:588} INFO - Filling up the DagBag from /home/airflow/.local/lib/python3.12/site-packages/airflow/example_dags/example_xcomargs.py
[2025-04-21T23:45:47.106+0000] {processor.py:925} INFO - DAG(s) 'example_xcom_args', 'example_xcom_args_with_operators' retrieved from /home/airflow/.local/lib/python3.12/site-packages/airflow/example_dags/example_xcomargs.py
[2025-04-21T23:45:47.157+0000] {logging_mixin.py:190} INFO - [2025-04-21T23:45:47.157+0000] {dag.py:3239} INFO - Sync 2 DAGs
[2025-04-21T23:45:47.179+0000] {logging_mixin.py:190} INFO - [2025-04-21T23:45:47.179+0000] {dag.py:4180} INFO - Setting next_dagrun for example_xcom_args to None, run_after=None
[2025-04-21T23:45:47.189+0000] {logging_mixin.py:190} INFO - [2025-04-21T23:45:47.188+0000] {dag.py:4180} INFO - Setting next_dagrun for example_xcom_args_with_operators to None, run_after=None
[2025-04-21T23:45:47.227+0000] {processor.py:208} INFO - Processing /home/airflow/.local/lib/python3.12/site-packages/airflow/example_dags/example_xcomargs.py took 0.144 seconds
[2025-04-21T23:46:17.552+0000] {processor.py:186} INFO - Started process (PID=2011) to work on /home/airflow/.local/lib/python3.12/site-packages/airflow/example_dags/example_xcomargs.py
[2025-04-21T23:46:17.554+0000] {processor.py:914} INFO - Processing file /home/airflow/.local/lib/python3.12/site-packages/airflow/example_dags/example_xcomargs.py for tasks to queue
[2025-04-21T23:46:17.557+0000] {logging_mixin.py:190} INFO - [2025-04-21T23:46:17.557+0000] {dagbag.py:588} INFO - Filling up the DagBag from /home/airflow/.local/lib/python3.12/site-packages/airflow/example_dags/example_xcomargs.py
[2025-04-21T23:46:17.568+0000] {processor.py:925} INFO - DAG(s) 'example_xcom_args', 'example_xcom_args_with_operators' retrieved from /home/airflow/.local/lib/python3.12/site-packages/airflow/example_dags/example_xcomargs.py
[2025-04-21T23:46:17.597+0000] {logging_mixin.py:190} INFO - [2025-04-21T23:46:17.597+0000] {dag.py:3239} INFO - Sync 2 DAGs
[2025-04-21T23:46:17.614+0000] {logging_mixin.py:190} INFO - [2025-04-21T23:46:17.614+0000] {dag.py:4180} INFO - Setting next_dagrun for example_xcom_args to None, run_after=None
[2025-04-21T23:46:17.623+0000] {logging_mixin.py:190} INFO - [2025-04-21T23:46:17.622+0000] {dag.py:4180} INFO - Setting next_dagrun for example_xcom_args_with_operators to None, run_after=None
[2025-04-21T23:46:17.670+0000] {processor.py:208} INFO - Processing /home/airflow/.local/lib/python3.12/site-packages/airflow/example_dags/example_xcomargs.py took 0.127 seconds
