[2025-04-21T23:35:29.472+0000] {processor.py:186} INFO - Started process (PID=118) to work on /home/airflow/.local/lib/python3.12/site-packages/airflow/example_dags/example_branch_day_of_week_operator.py
[2025-04-21T23:35:29.475+0000] {processor.py:914} INFO - Processing file /home/airflow/.local/lib/python3.12/site-packages/airflow/example_dags/example_branch_day_of_week_operator.py for tasks to queue
[2025-04-21T23:35:29.479+0000] {logging_mixin.py:190} INFO - [2025-04-21T23:35:29.479+0000] {dagbag.py:588} INFO - Filling up the DagBag from /home/airflow/.local/lib/python3.12/site-packages/airflow/example_dags/example_branch_day_of_week_operator.py
[2025-04-21T23:35:29.501+0000] {processor.py:925} INFO - DAG(s) 'example_weekday_branch_operator' retrieved from /home/airflow/.local/lib/python3.12/site-packages/airflow/example_dags/example_branch_day_of_week_operator.py
[2025-04-21T23:35:29.551+0000] {logging_mixin.py:190} INFO - [2025-04-21T23:35:29.551+0000] {dag.py:3239} INFO - Sync 1 DAGs
[2025-04-21T23:35:29.598+0000] {logging_mixin.py:190} INFO - [2025-04-21T23:35:29.598+0000] {dag.py:4180} INFO - Setting next_dagrun for example_weekday_branch_operator to 2025-04-20 00:00:00+00:00, run_after=2025-04-21 00:00:00+00:00
[2025-04-21T23:35:29.631+0000] {processor.py:208} INFO - Processing /home/airflow/.local/lib/python3.12/site-packages/airflow/example_dags/example_branch_day_of_week_operator.py took 0.171 seconds
[2025-04-21T23:36:01.950+0000] {processor.py:186} INFO - Started process (PID=221) to work on /home/airflow/.local/lib/python3.12/site-packages/airflow/example_dags/example_branch_day_of_week_operator.py
[2025-04-21T23:36:01.952+0000] {processor.py:914} INFO - Processing file /home/airflow/.local/lib/python3.12/site-packages/airflow/example_dags/example_branch_day_of_week_operator.py for tasks to queue
[2025-04-21T23:36:01.955+0000] {logging_mixin.py:190} INFO - [2025-04-21T23:36:01.955+0000] {dagbag.py:588} INFO - Filling up the DagBag from /home/airflow/.local/lib/python3.12/site-packages/airflow/example_dags/example_branch_day_of_week_operator.py
[2025-04-21T23:36:01.968+0000] {processor.py:925} INFO - DAG(s) 'example_weekday_branch_operator' retrieved from /home/airflow/.local/lib/python3.12/site-packages/airflow/example_dags/example_branch_day_of_week_operator.py
[2025-04-21T23:36:01.997+0000] {logging_mixin.py:190} INFO - [2025-04-21T23:36:01.997+0000] {dag.py:3239} INFO - Sync 1 DAGs
[2025-04-21T23:36:02.042+0000] {logging_mixin.py:190} INFO - [2025-04-21T23:36:02.042+0000] {dag.py:4180} INFO - Setting next_dagrun for example_weekday_branch_operator to 2025-04-20 00:00:00+00:00, run_after=2025-04-21 00:00:00+00:00
[2025-04-21T23:36:02.084+0000] {processor.py:208} INFO - Processing /home/airflow/.local/lib/python3.12/site-packages/airflow/example_dags/example_branch_day_of_week_operator.py took 0.144 seconds
[2025-04-21T23:36:32.267+0000] {processor.py:186} INFO - Started process (PID=312) to work on /home/airflow/.local/lib/python3.12/site-packages/airflow/example_dags/example_branch_day_of_week_operator.py
[2025-04-21T23:36:32.269+0000] {processor.py:914} INFO - Processing file /home/airflow/.local/lib/python3.12/site-packages/airflow/example_dags/example_branch_day_of_week_operator.py for tasks to queue
[2025-04-21T23:36:32.271+0000] {logging_mixin.py:190} INFO - [2025-04-21T23:36:32.270+0000] {dagbag.py:588} INFO - Filling up the DagBag from /home/airflow/.local/lib/python3.12/site-packages/airflow/example_dags/example_branch_day_of_week_operator.py
[2025-04-21T23:36:32.282+0000] {processor.py:925} INFO - DAG(s) 'example_weekday_branch_operator' retrieved from /home/airflow/.local/lib/python3.12/site-packages/airflow/example_dags/example_branch_day_of_week_operator.py
[2025-04-21T23:36:32.301+0000] {logging_mixin.py:190} INFO - [2025-04-21T23:36:32.301+0000] {dag.py:3239} INFO - Sync 1 DAGs
[2025-04-21T23:36:32.329+0000] {logging_mixin.py:190} INFO - [2025-04-21T23:36:32.329+0000] {dag.py:4180} INFO - Setting next_dagrun for example_weekday_branch_operator to 2025-04-20 00:00:00+00:00, run_after=2025-04-21 00:00:00+00:00
[2025-04-21T23:36:32.367+0000] {processor.py:208} INFO - Processing /home/airflow/.local/lib/python3.12/site-packages/airflow/example_dags/example_branch_day_of_week_operator.py took 0.105 seconds
[2025-04-21T23:37:04.396+0000] {processor.py:186} INFO - Started process (PID=403) to work on /home/airflow/.local/lib/python3.12/site-packages/airflow/example_dags/example_branch_day_of_week_operator.py
[2025-04-21T23:37:04.397+0000] {processor.py:914} INFO - Processing file /home/airflow/.local/lib/python3.12/site-packages/airflow/example_dags/example_branch_day_of_week_operator.py for tasks to queue
[2025-04-21T23:37:04.402+0000] {logging_mixin.py:190} INFO - [2025-04-21T23:37:04.401+0000] {dagbag.py:588} INFO - Filling up the DagBag from /home/airflow/.local/lib/python3.12/site-packages/airflow/example_dags/example_branch_day_of_week_operator.py
[2025-04-21T23:37:04.415+0000] {processor.py:925} INFO - DAG(s) 'example_weekday_branch_operator' retrieved from /home/airflow/.local/lib/python3.12/site-packages/airflow/example_dags/example_branch_day_of_week_operator.py
[2025-04-21T23:37:04.443+0000] {logging_mixin.py:190} INFO - [2025-04-21T23:37:04.443+0000] {dag.py:3239} INFO - Sync 1 DAGs
[2025-04-21T23:37:04.480+0000] {logging_mixin.py:190} INFO - [2025-04-21T23:37:04.479+0000] {dag.py:4180} INFO - Setting next_dagrun for example_weekday_branch_operator to 2025-04-20 00:00:00+00:00, run_after=2025-04-21 00:00:00+00:00
[2025-04-21T23:37:04.521+0000] {processor.py:208} INFO - Processing /home/airflow/.local/lib/python3.12/site-packages/airflow/example_dags/example_branch_day_of_week_operator.py took 0.133 seconds
[2025-04-21T23:37:37.414+0000] {processor.py:186} INFO - Started process (PID=494) to work on /home/airflow/.local/lib/python3.12/site-packages/airflow/example_dags/example_branch_day_of_week_operator.py
[2025-04-21T23:37:37.416+0000] {processor.py:914} INFO - Processing file /home/airflow/.local/lib/python3.12/site-packages/airflow/example_dags/example_branch_day_of_week_operator.py for tasks to queue
[2025-04-21T23:37:37.419+0000] {logging_mixin.py:190} INFO - [2025-04-21T23:37:37.418+0000] {dagbag.py:588} INFO - Filling up the DagBag from /home/airflow/.local/lib/python3.12/site-packages/airflow/example_dags/example_branch_day_of_week_operator.py
[2025-04-21T23:37:37.440+0000] {processor.py:925} INFO - DAG(s) 'example_weekday_branch_operator' retrieved from /home/airflow/.local/lib/python3.12/site-packages/airflow/example_dags/example_branch_day_of_week_operator.py
[2025-04-21T23:37:37.480+0000] {logging_mixin.py:190} INFO - [2025-04-21T23:37:37.480+0000] {dag.py:3239} INFO - Sync 1 DAGs
[2025-04-21T23:37:37.534+0000] {logging_mixin.py:190} INFO - [2025-04-21T23:37:37.534+0000] {dag.py:4180} INFO - Setting next_dagrun for example_weekday_branch_operator to 2025-04-20 00:00:00+00:00, run_after=2025-04-21 00:00:00+00:00
[2025-04-21T23:37:37.570+0000] {processor.py:208} INFO - Processing /home/airflow/.local/lib/python3.12/site-packages/airflow/example_dags/example_branch_day_of_week_operator.py took 0.164 seconds
[2025-04-21T23:38:07.841+0000] {processor.py:186} INFO - Started process (PID=571) to work on /home/airflow/.local/lib/python3.12/site-packages/airflow/example_dags/example_branch_day_of_week_operator.py
[2025-04-21T23:38:07.842+0000] {processor.py:914} INFO - Processing file /home/airflow/.local/lib/python3.12/site-packages/airflow/example_dags/example_branch_day_of_week_operator.py for tasks to queue
[2025-04-21T23:38:07.844+0000] {logging_mixin.py:190} INFO - [2025-04-21T23:38:07.844+0000] {dagbag.py:588} INFO - Filling up the DagBag from /home/airflow/.local/lib/python3.12/site-packages/airflow/example_dags/example_branch_day_of_week_operator.py
[2025-04-21T23:38:07.853+0000] {processor.py:925} INFO - DAG(s) 'example_weekday_branch_operator' retrieved from /home/airflow/.local/lib/python3.12/site-packages/airflow/example_dags/example_branch_day_of_week_operator.py
[2025-04-21T23:38:07.873+0000] {logging_mixin.py:190} INFO - [2025-04-21T23:38:07.873+0000] {dag.py:3239} INFO - Sync 1 DAGs
[2025-04-21T23:38:07.892+0000] {logging_mixin.py:190} INFO - [2025-04-21T23:38:07.891+0000] {dag.py:4180} INFO - Setting next_dagrun for example_weekday_branch_operator to 2025-04-20 00:00:00+00:00, run_after=2025-04-21 00:00:00+00:00
[2025-04-21T23:38:07.927+0000] {processor.py:208} INFO - Processing /home/airflow/.local/lib/python3.12/site-packages/airflow/example_dags/example_branch_day_of_week_operator.py took 0.092 seconds
[2025-04-21T23:38:39.203+0000] {processor.py:186} INFO - Started process (PID=662) to work on /home/airflow/.local/lib/python3.12/site-packages/airflow/example_dags/example_branch_day_of_week_operator.py
[2025-04-21T23:38:39.204+0000] {processor.py:914} INFO - Processing file /home/airflow/.local/lib/python3.12/site-packages/airflow/example_dags/example_branch_day_of_week_operator.py for tasks to queue
[2025-04-21T23:38:39.207+0000] {logging_mixin.py:190} INFO - [2025-04-21T23:38:39.206+0000] {dagbag.py:588} INFO - Filling up the DagBag from /home/airflow/.local/lib/python3.12/site-packages/airflow/example_dags/example_branch_day_of_week_operator.py
[2025-04-21T23:38:39.215+0000] {processor.py:925} INFO - DAG(s) 'example_weekday_branch_operator' retrieved from /home/airflow/.local/lib/python3.12/site-packages/airflow/example_dags/example_branch_day_of_week_operator.py
[2025-04-21T23:38:39.234+0000] {logging_mixin.py:190} INFO - [2025-04-21T23:38:39.234+0000] {dag.py:3239} INFO - Sync 1 DAGs
[2025-04-21T23:38:39.256+0000] {logging_mixin.py:190} INFO - [2025-04-21T23:38:39.256+0000] {dag.py:4180} INFO - Setting next_dagrun for example_weekday_branch_operator to 2025-04-20 00:00:00+00:00, run_after=2025-04-21 00:00:00+00:00
[2025-04-21T23:38:39.293+0000] {processor.py:208} INFO - Processing /home/airflow/.local/lib/python3.12/site-packages/airflow/example_dags/example_branch_day_of_week_operator.py took 0.097 seconds
[2025-04-21T23:39:10.510+0000] {processor.py:186} INFO - Started process (PID=753) to work on /home/airflow/.local/lib/python3.12/site-packages/airflow/example_dags/example_branch_day_of_week_operator.py
[2025-04-21T23:39:10.514+0000] {processor.py:914} INFO - Processing file /home/airflow/.local/lib/python3.12/site-packages/airflow/example_dags/example_branch_day_of_week_operator.py for tasks to queue
[2025-04-21T23:39:10.519+0000] {logging_mixin.py:190} INFO - [2025-04-21T23:39:10.519+0000] {dagbag.py:588} INFO - Filling up the DagBag from /home/airflow/.local/lib/python3.12/site-packages/airflow/example_dags/example_branch_day_of_week_operator.py
[2025-04-21T23:39:10.529+0000] {processor.py:925} INFO - DAG(s) 'example_weekday_branch_operator' retrieved from /home/airflow/.local/lib/python3.12/site-packages/airflow/example_dags/example_branch_day_of_week_operator.py
[2025-04-21T23:39:10.549+0000] {logging_mixin.py:190} INFO - [2025-04-21T23:39:10.549+0000] {dag.py:3239} INFO - Sync 1 DAGs
[2025-04-21T23:39:10.568+0000] {logging_mixin.py:190} INFO - [2025-04-21T23:39:10.568+0000] {dag.py:4180} INFO - Setting next_dagrun for example_weekday_branch_operator to 2025-04-20 00:00:00+00:00, run_after=2025-04-21 00:00:00+00:00
[2025-04-21T23:39:10.605+0000] {processor.py:208} INFO - Processing /home/airflow/.local/lib/python3.12/site-packages/airflow/example_dags/example_branch_day_of_week_operator.py took 0.100 seconds
[2025-04-21T23:39:40.720+0000] {processor.py:186} INFO - Started process (PID=830) to work on /home/airflow/.local/lib/python3.12/site-packages/airflow/example_dags/example_branch_day_of_week_operator.py
[2025-04-21T23:39:40.721+0000] {processor.py:914} INFO - Processing file /home/airflow/.local/lib/python3.12/site-packages/airflow/example_dags/example_branch_day_of_week_operator.py for tasks to queue
[2025-04-21T23:39:40.723+0000] {logging_mixin.py:190} INFO - [2025-04-21T23:39:40.723+0000] {dagbag.py:588} INFO - Filling up the DagBag from /home/airflow/.local/lib/python3.12/site-packages/airflow/example_dags/example_branch_day_of_week_operator.py
[2025-04-21T23:39:40.731+0000] {processor.py:925} INFO - DAG(s) 'example_weekday_branch_operator' retrieved from /home/airflow/.local/lib/python3.12/site-packages/airflow/example_dags/example_branch_day_of_week_operator.py
[2025-04-21T23:39:40.752+0000] {logging_mixin.py:190} INFO - [2025-04-21T23:39:40.751+0000] {dag.py:3239} INFO - Sync 1 DAGs
[2025-04-21T23:39:40.773+0000] {logging_mixin.py:190} INFO - [2025-04-21T23:39:40.773+0000] {dag.py:4180} INFO - Setting next_dagrun for example_weekday_branch_operator to 2025-04-20 00:00:00+00:00, run_after=2025-04-21 00:00:00+00:00
[2025-04-21T23:39:40.792+0000] {processor.py:208} INFO - Processing /home/airflow/.local/lib/python3.12/site-packages/airflow/example_dags/example_branch_day_of_week_operator.py took 0.078 seconds
[2025-04-21T23:40:10.943+0000] {processor.py:186} INFO - Started process (PID=921) to work on /home/airflow/.local/lib/python3.12/site-packages/airflow/example_dags/example_branch_day_of_week_operator.py
[2025-04-21T23:40:10.945+0000] {processor.py:914} INFO - Processing file /home/airflow/.local/lib/python3.12/site-packages/airflow/example_dags/example_branch_day_of_week_operator.py for tasks to queue
[2025-04-21T23:40:10.949+0000] {logging_mixin.py:190} INFO - [2025-04-21T23:40:10.948+0000] {dagbag.py:588} INFO - Filling up the DagBag from /home/airflow/.local/lib/python3.12/site-packages/airflow/example_dags/example_branch_day_of_week_operator.py
[2025-04-21T23:40:10.960+0000] {processor.py:925} INFO - DAG(s) 'example_weekday_branch_operator' retrieved from /home/airflow/.local/lib/python3.12/site-packages/airflow/example_dags/example_branch_day_of_week_operator.py
[2025-04-21T23:40:10.991+0000] {logging_mixin.py:190} INFO - [2025-04-21T23:40:10.991+0000] {dag.py:3239} INFO - Sync 1 DAGs
[2025-04-21T23:40:11.061+0000] {logging_mixin.py:190} INFO - [2025-04-21T23:40:11.061+0000] {dag.py:4180} INFO - Setting next_dagrun for example_weekday_branch_operator to 2025-04-20 00:00:00+00:00, run_after=2025-04-21 00:00:00+00:00
[2025-04-21T23:40:11.103+0000] {processor.py:208} INFO - Processing /home/airflow/.local/lib/python3.12/site-packages/airflow/example_dags/example_branch_day_of_week_operator.py took 0.174 seconds
[2025-04-21T23:40:41.734+0000] {processor.py:186} INFO - Started process (PID=1011) to work on /home/airflow/.local/lib/python3.12/site-packages/airflow/example_dags/example_branch_day_of_week_operator.py
[2025-04-21T23:40:41.735+0000] {processor.py:914} INFO - Processing file /home/airflow/.local/lib/python3.12/site-packages/airflow/example_dags/example_branch_day_of_week_operator.py for tasks to queue
[2025-04-21T23:40:41.738+0000] {logging_mixin.py:190} INFO - [2025-04-21T23:40:41.738+0000] {dagbag.py:588} INFO - Filling up the DagBag from /home/airflow/.local/lib/python3.12/site-packages/airflow/example_dags/example_branch_day_of_week_operator.py
[2025-04-21T23:40:41.746+0000] {processor.py:925} INFO - DAG(s) 'example_weekday_branch_operator' retrieved from /home/airflow/.local/lib/python3.12/site-packages/airflow/example_dags/example_branch_day_of_week_operator.py
[2025-04-21T23:40:41.763+0000] {logging_mixin.py:190} INFO - [2025-04-21T23:40:41.763+0000] {dag.py:3239} INFO - Sync 1 DAGs
[2025-04-21T23:40:41.783+0000] {logging_mixin.py:190} INFO - [2025-04-21T23:40:41.783+0000] {dag.py:4180} INFO - Setting next_dagrun for example_weekday_branch_operator to 2025-04-20 00:00:00+00:00, run_after=2025-04-21 00:00:00+00:00
[2025-04-21T23:40:41.853+0000] {processor.py:208} INFO - Processing /home/airflow/.local/lib/python3.12/site-packages/airflow/example_dags/example_branch_day_of_week_operator.py took 0.124 seconds
[2025-04-21T23:41:12.100+0000] {processor.py:186} INFO - Started process (PID=1102) to work on /home/airflow/.local/lib/python3.12/site-packages/airflow/example_dags/example_branch_day_of_week_operator.py
[2025-04-21T23:41:12.102+0000] {processor.py:914} INFO - Processing file /home/airflow/.local/lib/python3.12/site-packages/airflow/example_dags/example_branch_day_of_week_operator.py for tasks to queue
[2025-04-21T23:41:12.110+0000] {logging_mixin.py:190} INFO - [2025-04-21T23:41:12.110+0000] {dagbag.py:588} INFO - Filling up the DagBag from /home/airflow/.local/lib/python3.12/site-packages/airflow/example_dags/example_branch_day_of_week_operator.py
[2025-04-21T23:41:12.142+0000] {processor.py:925} INFO - DAG(s) 'example_weekday_branch_operator' retrieved from /home/airflow/.local/lib/python3.12/site-packages/airflow/example_dags/example_branch_day_of_week_operator.py
[2025-04-21T23:41:12.185+0000] {logging_mixin.py:190} INFO - [2025-04-21T23:41:12.185+0000] {dag.py:3239} INFO - Sync 1 DAGs
[2025-04-21T23:41:12.204+0000] {logging_mixin.py:190} INFO - [2025-04-21T23:41:12.204+0000] {dag.py:4180} INFO - Setting next_dagrun for example_weekday_branch_operator to 2025-04-20 00:00:00+00:00, run_after=2025-04-21 00:00:00+00:00
[2025-04-21T23:41:12.224+0000] {processor.py:208} INFO - Processing /home/airflow/.local/lib/python3.12/site-packages/airflow/example_dags/example_branch_day_of_week_operator.py took 0.132 seconds
[2025-04-21T23:41:42.564+0000] {processor.py:186} INFO - Started process (PID=1193) to work on /home/airflow/.local/lib/python3.12/site-packages/airflow/example_dags/example_branch_day_of_week_operator.py
[2025-04-21T23:41:42.567+0000] {processor.py:914} INFO - Processing file /home/airflow/.local/lib/python3.12/site-packages/airflow/example_dags/example_branch_day_of_week_operator.py for tasks to queue
[2025-04-21T23:41:42.569+0000] {logging_mixin.py:190} INFO - [2025-04-21T23:41:42.569+0000] {dagbag.py:588} INFO - Filling up the DagBag from /home/airflow/.local/lib/python3.12/site-packages/airflow/example_dags/example_branch_day_of_week_operator.py
[2025-04-21T23:41:42.577+0000] {processor.py:925} INFO - DAG(s) 'example_weekday_branch_operator' retrieved from /home/airflow/.local/lib/python3.12/site-packages/airflow/example_dags/example_branch_day_of_week_operator.py
[2025-04-21T23:41:42.596+0000] {logging_mixin.py:190} INFO - [2025-04-21T23:41:42.596+0000] {dag.py:3239} INFO - Sync 1 DAGs
[2025-04-21T23:41:42.618+0000] {logging_mixin.py:190} INFO - [2025-04-21T23:41:42.617+0000] {dag.py:4180} INFO - Setting next_dagrun for example_weekday_branch_operator to 2025-04-20 00:00:00+00:00, run_after=2025-04-21 00:00:00+00:00
[2025-04-21T23:41:42.653+0000] {processor.py:208} INFO - Processing /home/airflow/.local/lib/python3.12/site-packages/airflow/example_dags/example_branch_day_of_week_operator.py took 0.095 seconds
[2025-04-21T23:42:12.852+0000] {processor.py:186} INFO - Started process (PID=1284) to work on /home/airflow/.local/lib/python3.12/site-packages/airflow/example_dags/example_branch_day_of_week_operator.py
[2025-04-21T23:42:12.853+0000] {processor.py:914} INFO - Processing file /home/airflow/.local/lib/python3.12/site-packages/airflow/example_dags/example_branch_day_of_week_operator.py for tasks to queue
[2025-04-21T23:42:12.856+0000] {logging_mixin.py:190} INFO - [2025-04-21T23:42:12.855+0000] {dagbag.py:588} INFO - Filling up the DagBag from /home/airflow/.local/lib/python3.12/site-packages/airflow/example_dags/example_branch_day_of_week_operator.py
[2025-04-21T23:42:12.864+0000] {processor.py:925} INFO - DAG(s) 'example_weekday_branch_operator' retrieved from /home/airflow/.local/lib/python3.12/site-packages/airflow/example_dags/example_branch_day_of_week_operator.py
[2025-04-21T23:42:12.882+0000] {logging_mixin.py:190} INFO - [2025-04-21T23:42:12.882+0000] {dag.py:3239} INFO - Sync 1 DAGs
[2025-04-21T23:42:12.903+0000] {logging_mixin.py:190} INFO - [2025-04-21T23:42:12.903+0000] {dag.py:4180} INFO - Setting next_dagrun for example_weekday_branch_operator to 2025-04-20 00:00:00+00:00, run_after=2025-04-21 00:00:00+00:00
[2025-04-21T23:42:12.942+0000] {processor.py:208} INFO - Processing /home/airflow/.local/lib/python3.12/site-packages/airflow/example_dags/example_branch_day_of_week_operator.py took 0.096 seconds
[2025-04-21T23:42:43.207+0000] {processor.py:186} INFO - Started process (PID=1374) to work on /home/airflow/.local/lib/python3.12/site-packages/airflow/example_dags/example_branch_day_of_week_operator.py
[2025-04-21T23:42:43.208+0000] {processor.py:914} INFO - Processing file /home/airflow/.local/lib/python3.12/site-packages/airflow/example_dags/example_branch_day_of_week_operator.py for tasks to queue
[2025-04-21T23:42:43.210+0000] {logging_mixin.py:190} INFO - [2025-04-21T23:42:43.210+0000] {dagbag.py:588} INFO - Filling up the DagBag from /home/airflow/.local/lib/python3.12/site-packages/airflow/example_dags/example_branch_day_of_week_operator.py
[2025-04-21T23:42:43.219+0000] {processor.py:925} INFO - DAG(s) 'example_weekday_branch_operator' retrieved from /home/airflow/.local/lib/python3.12/site-packages/airflow/example_dags/example_branch_day_of_week_operator.py
[2025-04-21T23:42:43.237+0000] {logging_mixin.py:190} INFO - [2025-04-21T23:42:43.236+0000] {dag.py:3239} INFO - Sync 1 DAGs
[2025-04-21T23:42:43.260+0000] {logging_mixin.py:190} INFO - [2025-04-21T23:42:43.260+0000] {dag.py:4180} INFO - Setting next_dagrun for example_weekday_branch_operator to 2025-04-20 00:00:00+00:00, run_after=2025-04-21 00:00:00+00:00
[2025-04-21T23:42:43.286+0000] {processor.py:208} INFO - Processing /home/airflow/.local/lib/python3.12/site-packages/airflow/example_dags/example_branch_day_of_week_operator.py took 0.086 seconds
[2025-04-21T23:43:13.603+0000] {processor.py:186} INFO - Started process (PID=1465) to work on /home/airflow/.local/lib/python3.12/site-packages/airflow/example_dags/example_branch_day_of_week_operator.py
[2025-04-21T23:43:13.604+0000] {processor.py:914} INFO - Processing file /home/airflow/.local/lib/python3.12/site-packages/airflow/example_dags/example_branch_day_of_week_operator.py for tasks to queue
[2025-04-21T23:43:13.607+0000] {logging_mixin.py:190} INFO - [2025-04-21T23:43:13.607+0000] {dagbag.py:588} INFO - Filling up the DagBag from /home/airflow/.local/lib/python3.12/site-packages/airflow/example_dags/example_branch_day_of_week_operator.py
[2025-04-21T23:43:13.615+0000] {processor.py:925} INFO - DAG(s) 'example_weekday_branch_operator' retrieved from /home/airflow/.local/lib/python3.12/site-packages/airflow/example_dags/example_branch_day_of_week_operator.py
[2025-04-21T23:43:13.636+0000] {logging_mixin.py:190} INFO - [2025-04-21T23:43:13.636+0000] {dag.py:3239} INFO - Sync 1 DAGs
[2025-04-21T23:43:13.658+0000] {logging_mixin.py:190} INFO - [2025-04-21T23:43:13.657+0000] {dag.py:4180} INFO - Setting next_dagrun for example_weekday_branch_operator to 2025-04-20 00:00:00+00:00, run_after=2025-04-21 00:00:00+00:00
[2025-04-21T23:43:13.685+0000] {processor.py:208} INFO - Processing /home/airflow/.local/lib/python3.12/site-packages/airflow/example_dags/example_branch_day_of_week_operator.py took 0.090 seconds
[2025-04-21T23:43:44.328+0000] {processor.py:186} INFO - Started process (PID=1556) to work on /home/airflow/.local/lib/python3.12/site-packages/airflow/example_dags/example_branch_day_of_week_operator.py
[2025-04-21T23:43:44.330+0000] {processor.py:914} INFO - Processing file /home/airflow/.local/lib/python3.12/site-packages/airflow/example_dags/example_branch_day_of_week_operator.py for tasks to queue
[2025-04-21T23:43:44.332+0000] {logging_mixin.py:190} INFO - [2025-04-21T23:43:44.331+0000] {dagbag.py:588} INFO - Filling up the DagBag from /home/airflow/.local/lib/python3.12/site-packages/airflow/example_dags/example_branch_day_of_week_operator.py
[2025-04-21T23:43:44.339+0000] {processor.py:925} INFO - DAG(s) 'example_weekday_branch_operator' retrieved from /home/airflow/.local/lib/python3.12/site-packages/airflow/example_dags/example_branch_day_of_week_operator.py
[2025-04-21T23:43:44.357+0000] {logging_mixin.py:190} INFO - [2025-04-21T23:43:44.357+0000] {dag.py:3239} INFO - Sync 1 DAGs
[2025-04-21T23:43:44.374+0000] {logging_mixin.py:190} INFO - [2025-04-21T23:43:44.374+0000] {dag.py:4180} INFO - Setting next_dagrun for example_weekday_branch_operator to 2025-04-20 00:00:00+00:00, run_after=2025-04-21 00:00:00+00:00
[2025-04-21T23:43:44.389+0000] {processor.py:208} INFO - Processing /home/airflow/.local/lib/python3.12/site-packages/airflow/example_dags/example_branch_day_of_week_operator.py took 0.064 seconds
[2025-04-21T23:44:14.751+0000] {processor.py:186} INFO - Started process (PID=1647) to work on /home/airflow/.local/lib/python3.12/site-packages/airflow/example_dags/example_branch_day_of_week_operator.py
[2025-04-21T23:44:14.752+0000] {processor.py:914} INFO - Processing file /home/airflow/.local/lib/python3.12/site-packages/airflow/example_dags/example_branch_day_of_week_operator.py for tasks to queue
[2025-04-21T23:44:14.754+0000] {logging_mixin.py:190} INFO - [2025-04-21T23:44:14.754+0000] {dagbag.py:588} INFO - Filling up the DagBag from /home/airflow/.local/lib/python3.12/site-packages/airflow/example_dags/example_branch_day_of_week_operator.py
[2025-04-21T23:44:14.763+0000] {processor.py:925} INFO - DAG(s) 'example_weekday_branch_operator' retrieved from /home/airflow/.local/lib/python3.12/site-packages/airflow/example_dags/example_branch_day_of_week_operator.py
[2025-04-21T23:44:14.781+0000] {logging_mixin.py:190} INFO - [2025-04-21T23:44:14.780+0000] {dag.py:3239} INFO - Sync 1 DAGs
[2025-04-21T23:44:14.799+0000] {logging_mixin.py:190} INFO - [2025-04-21T23:44:14.799+0000] {dag.py:4180} INFO - Setting next_dagrun for example_weekday_branch_operator to 2025-04-20 00:00:00+00:00, run_after=2025-04-21 00:00:00+00:00
[2025-04-21T23:44:14.816+0000] {processor.py:208} INFO - Processing /home/airflow/.local/lib/python3.12/site-packages/airflow/example_dags/example_branch_day_of_week_operator.py took 0.070 seconds
