[2025-04-21T23:35:25.637+0000] {processor.py:186} INFO - Started process (PID=105) to work on /home/airflow/.local/lib/python3.12/site-packages/airflow/example_dags/example_datasets.py
[2025-04-21T23:35:25.640+0000] {processor.py:914} INFO - Processing file /home/airflow/.local/lib/python3.12/site-packages/airflow/example_dags/example_datasets.py for tasks to queue
[2025-04-21T23:35:25.645+0000] {logging_mixin.py:190} INFO - [2025-04-21T23:35:25.644+0000] {dagbag.py:588} INFO - Filling up the DagBag from /home/airflow/.local/lib/python3.12/site-packages/airflow/example_dags/example_datasets.py
[2025-04-21T23:35:27.787+0000] {processor.py:925} INFO - DAG(s) 'consume_1_or_both_2_and_3_with_dataset_expressions', 'consume_1_and_2_with_dataset_expressions', 'dataset_consumes_1_and_2', 'consume_1_or_2_with_dataset_expressions', 'conditional_dataset_and_time_based_timetable', 'dataset_consumes_1_never_scheduled', 'dataset_produces_2', 'dataset_consumes_1', 'dataset_consumes_unknown_never_scheduled', 'dataset_produces_1' retrieved from /home/airflow/.local/lib/python3.12/site-packages/airflow/example_dags/example_datasets.py
[2025-04-21T23:35:27.899+0000] {logging_mixin.py:190} INFO - [2025-04-21T23:35:27.898+0000] {dag.py:3239} INFO - Sync 10 DAGs
[2025-04-21T23:35:27.946+0000] {logging_mixin.py:190} INFO - [2025-04-21T23:35:27.946+0000] {dag.py:4180} INFO - Setting next_dagrun for conditional_dataset_and_time_based_timetable to 2025-04-16 01:00:00+00:00, run_after=2025-04-16 01:00:00+00:00
[2025-04-21T23:35:27.957+0000] {logging_mixin.py:190} INFO - [2025-04-21T23:35:27.956+0000] {dag.py:4180} INFO - Setting next_dagrun for consume_1_and_2_with_dataset_expressions to None, run_after=None
[2025-04-21T23:35:27.960+0000] {logging_mixin.py:190} INFO - [2025-04-21T23:35:27.960+0000] {dag.py:4180} INFO - Setting next_dagrun for consume_1_or_2_with_dataset_expressions to None, run_after=None
[2025-04-21T23:35:27.963+0000] {logging_mixin.py:190} INFO - [2025-04-21T23:35:27.962+0000] {dag.py:4180} INFO - Setting next_dagrun for consume_1_or_both_2_and_3_with_dataset_expressions to None, run_after=None
[2025-04-21T23:35:27.965+0000] {logging_mixin.py:190} INFO - [2025-04-21T23:35:27.965+0000] {dag.py:4180} INFO - Setting next_dagrun for dataset_consumes_1 to None, run_after=None
[2025-04-21T23:35:27.968+0000] {logging_mixin.py:190} INFO - [2025-04-21T23:35:27.968+0000] {dag.py:4180} INFO - Setting next_dagrun for dataset_consumes_1_and_2 to None, run_after=None
[2025-04-21T23:35:27.970+0000] {logging_mixin.py:190} INFO - [2025-04-21T23:35:27.970+0000] {dag.py:4180} INFO - Setting next_dagrun for dataset_consumes_1_never_scheduled to None, run_after=None
[2025-04-21T23:35:27.973+0000] {logging_mixin.py:190} INFO - [2025-04-21T23:35:27.972+0000] {dag.py:4180} INFO - Setting next_dagrun for dataset_consumes_unknown_never_scheduled to None, run_after=None
[2025-04-21T23:35:27.977+0000] {logging_mixin.py:190} INFO - [2025-04-21T23:35:27.976+0000] {dag.py:4180} INFO - Setting next_dagrun for dataset_produces_1 to 2025-04-20 00:00:00+00:00, run_after=2025-04-21 00:00:00+00:00
[2025-04-21T23:35:27.980+0000] {logging_mixin.py:190} INFO - [2025-04-21T23:35:27.980+0000] {dag.py:4180} INFO - Setting next_dagrun for dataset_produces_2 to None, run_after=None
[2025-04-21T23:35:28.051+0000] {processor.py:208} INFO - Processing /home/airflow/.local/lib/python3.12/site-packages/airflow/example_dags/example_datasets.py took 2.424 seconds
[2025-04-21T23:35:58.717+0000] {processor.py:186} INFO - Started process (PID=208) to work on /home/airflow/.local/lib/python3.12/site-packages/airflow/example_dags/example_datasets.py
[2025-04-21T23:35:58.718+0000] {processor.py:914} INFO - Processing file /home/airflow/.local/lib/python3.12/site-packages/airflow/example_dags/example_datasets.py for tasks to queue
[2025-04-21T23:35:58.722+0000] {logging_mixin.py:190} INFO - [2025-04-21T23:35:58.721+0000] {dagbag.py:588} INFO - Filling up the DagBag from /home/airflow/.local/lib/python3.12/site-packages/airflow/example_dags/example_datasets.py
[2025-04-21T23:35:59.644+0000] {processor.py:925} INFO - DAG(s) 'dataset_consumes_1_and_2', 'consume_1_or_2_with_dataset_expressions', 'consume_1_or_both_2_and_3_with_dataset_expressions', 'consume_1_and_2_with_dataset_expressions', 'dataset_consumes_unknown_never_scheduled', 'dataset_produces_1', 'conditional_dataset_and_time_based_timetable', 'dataset_produces_2', 'dataset_consumes_1', 'dataset_consumes_1_never_scheduled' retrieved from /home/airflow/.local/lib/python3.12/site-packages/airflow/example_dags/example_datasets.py
[2025-04-21T23:35:59.724+0000] {logging_mixin.py:190} INFO - [2025-04-21T23:35:59.724+0000] {dag.py:3239} INFO - Sync 10 DAGs
[2025-04-21T23:35:59.767+0000] {logging_mixin.py:190} INFO - [2025-04-21T23:35:59.766+0000] {dag.py:4180} INFO - Setting next_dagrun for conditional_dataset_and_time_based_timetable to 2025-04-16 01:00:00+00:00, run_after=2025-04-16 01:00:00+00:00
[2025-04-21T23:35:59.774+0000] {logging_mixin.py:190} INFO - [2025-04-21T23:35:59.773+0000] {dag.py:4180} INFO - Setting next_dagrun for consume_1_and_2_with_dataset_expressions to None, run_after=None
[2025-04-21T23:35:59.777+0000] {logging_mixin.py:190} INFO - [2025-04-21T23:35:59.777+0000] {dag.py:4180} INFO - Setting next_dagrun for consume_1_or_2_with_dataset_expressions to None, run_after=None
[2025-04-21T23:35:59.780+0000] {logging_mixin.py:190} INFO - [2025-04-21T23:35:59.779+0000] {dag.py:4180} INFO - Setting next_dagrun for consume_1_or_both_2_and_3_with_dataset_expressions to None, run_after=None
[2025-04-21T23:35:59.783+0000] {logging_mixin.py:190} INFO - [2025-04-21T23:35:59.783+0000] {dag.py:4180} INFO - Setting next_dagrun for dataset_consumes_1 to None, run_after=None
[2025-04-21T23:35:59.786+0000] {logging_mixin.py:190} INFO - [2025-04-21T23:35:59.786+0000] {dag.py:4180} INFO - Setting next_dagrun for dataset_consumes_1_and_2 to None, run_after=None
[2025-04-21T23:35:59.789+0000] {logging_mixin.py:190} INFO - [2025-04-21T23:35:59.789+0000] {dag.py:4180} INFO - Setting next_dagrun for dataset_consumes_1_never_scheduled to None, run_after=None
[2025-04-21T23:35:59.791+0000] {logging_mixin.py:190} INFO - [2025-04-21T23:35:59.791+0000] {dag.py:4180} INFO - Setting next_dagrun for dataset_consumes_unknown_never_scheduled to None, run_after=None
[2025-04-21T23:35:59.795+0000] {logging_mixin.py:190} INFO - [2025-04-21T23:35:59.795+0000] {dag.py:4180} INFO - Setting next_dagrun for dataset_produces_1 to 2025-04-20 00:00:00+00:00, run_after=2025-04-21 00:00:00+00:00
[2025-04-21T23:35:59.798+0000] {logging_mixin.py:190} INFO - [2025-04-21T23:35:59.797+0000] {dag.py:4180} INFO - Setting next_dagrun for dataset_produces_2 to None, run_after=None
[2025-04-21T23:35:59.851+0000] {processor.py:208} INFO - Processing /home/airflow/.local/lib/python3.12/site-packages/airflow/example_dags/example_datasets.py took 1.145 seconds
[2025-04-21T23:36:30.376+0000] {processor.py:186} INFO - Started process (PID=286) to work on /home/airflow/.local/lib/python3.12/site-packages/airflow/example_dags/example_datasets.py
[2025-04-21T23:36:30.383+0000] {processor.py:914} INFO - Processing file /home/airflow/.local/lib/python3.12/site-packages/airflow/example_dags/example_datasets.py for tasks to queue
[2025-04-21T23:36:30.397+0000] {logging_mixin.py:190} INFO - [2025-04-21T23:36:30.397+0000] {dagbag.py:588} INFO - Filling up the DagBag from /home/airflow/.local/lib/python3.12/site-packages/airflow/example_dags/example_datasets.py
[2025-04-21T23:36:31.013+0000] {processor.py:925} INFO - DAG(s) 'consume_1_or_both_2_and_3_with_dataset_expressions', 'dataset_produces_2', 'conditional_dataset_and_time_based_timetable', 'dataset_consumes_1_never_scheduled', 'dataset_consumes_unknown_never_scheduled', 'consume_1_or_2_with_dataset_expressions', 'dataset_consumes_1_and_2', 'dataset_consumes_1', 'consume_1_and_2_with_dataset_expressions', 'dataset_produces_1' retrieved from /home/airflow/.local/lib/python3.12/site-packages/airflow/example_dags/example_datasets.py
[2025-04-21T23:36:31.056+0000] {logging_mixin.py:190} INFO - [2025-04-21T23:36:31.056+0000] {dag.py:3239} INFO - Sync 10 DAGs
[2025-04-21T23:36:31.080+0000] {logging_mixin.py:190} INFO - [2025-04-21T23:36:31.080+0000] {dag.py:4180} INFO - Setting next_dagrun for conditional_dataset_and_time_based_timetable to 2025-04-16 01:00:00+00:00, run_after=2025-04-16 01:00:00+00:00
[2025-04-21T23:36:31.084+0000] {logging_mixin.py:190} INFO - [2025-04-21T23:36:31.084+0000] {dag.py:4180} INFO - Setting next_dagrun for consume_1_and_2_with_dataset_expressions to None, run_after=None
[2025-04-21T23:36:31.086+0000] {logging_mixin.py:190} INFO - [2025-04-21T23:36:31.086+0000] {dag.py:4180} INFO - Setting next_dagrun for consume_1_or_2_with_dataset_expressions to None, run_after=None
[2025-04-21T23:36:31.088+0000] {logging_mixin.py:190} INFO - [2025-04-21T23:36:31.088+0000] {dag.py:4180} INFO - Setting next_dagrun for consume_1_or_both_2_and_3_with_dataset_expressions to None, run_after=None
[2025-04-21T23:36:31.091+0000] {logging_mixin.py:190} INFO - [2025-04-21T23:36:31.091+0000] {dag.py:4180} INFO - Setting next_dagrun for dataset_consumes_1 to None, run_after=None
[2025-04-21T23:36:31.093+0000] {logging_mixin.py:190} INFO - [2025-04-21T23:36:31.093+0000] {dag.py:4180} INFO - Setting next_dagrun for dataset_consumes_1_and_2 to None, run_after=None
[2025-04-21T23:36:31.095+0000] {logging_mixin.py:190} INFO - [2025-04-21T23:36:31.094+0000] {dag.py:4180} INFO - Setting next_dagrun for dataset_consumes_1_never_scheduled to None, run_after=None
[2025-04-21T23:36:31.097+0000] {logging_mixin.py:190} INFO - [2025-04-21T23:36:31.096+0000] {dag.py:4180} INFO - Setting next_dagrun for dataset_consumes_unknown_never_scheduled to None, run_after=None
[2025-04-21T23:36:31.099+0000] {logging_mixin.py:190} INFO - [2025-04-21T23:36:31.099+0000] {dag.py:4180} INFO - Setting next_dagrun for dataset_produces_1 to 2025-04-20 00:00:00+00:00, run_after=2025-04-21 00:00:00+00:00
[2025-04-21T23:36:31.101+0000] {logging_mixin.py:190} INFO - [2025-04-21T23:36:31.101+0000] {dag.py:4180} INFO - Setting next_dagrun for dataset_produces_2 to None, run_after=None
[2025-04-21T23:36:31.156+0000] {processor.py:208} INFO - Processing /home/airflow/.local/lib/python3.12/site-packages/airflow/example_dags/example_datasets.py took 0.787 seconds
[2025-04-21T23:37:01.546+0000] {processor.py:186} INFO - Started process (PID=376) to work on /home/airflow/.local/lib/python3.12/site-packages/airflow/example_dags/example_datasets.py
[2025-04-21T23:37:01.552+0000] {processor.py:914} INFO - Processing file /home/airflow/.local/lib/python3.12/site-packages/airflow/example_dags/example_datasets.py for tasks to queue
[2025-04-21T23:37:01.562+0000] {logging_mixin.py:190} INFO - [2025-04-21T23:37:01.561+0000] {dagbag.py:588} INFO - Filling up the DagBag from /home/airflow/.local/lib/python3.12/site-packages/airflow/example_dags/example_datasets.py
[2025-04-21T23:37:02.183+0000] {processor.py:925} INFO - DAG(s) 'dataset_consumes_1_never_scheduled', 'conditional_dataset_and_time_based_timetable', 'dataset_consumes_1', 'consume_1_or_2_with_dataset_expressions', 'dataset_produces_1', 'dataset_produces_2', 'dataset_consumes_1_and_2', 'dataset_consumes_unknown_never_scheduled', 'consume_1_or_both_2_and_3_with_dataset_expressions', 'consume_1_and_2_with_dataset_expressions' retrieved from /home/airflow/.local/lib/python3.12/site-packages/airflow/example_dags/example_datasets.py
[2025-04-21T23:37:02.228+0000] {logging_mixin.py:190} INFO - [2025-04-21T23:37:02.228+0000] {dag.py:3239} INFO - Sync 10 DAGs
[2025-04-21T23:37:02.251+0000] {logging_mixin.py:190} INFO - [2025-04-21T23:37:02.250+0000] {dag.py:4180} INFO - Setting next_dagrun for conditional_dataset_and_time_based_timetable to 2025-04-16 01:00:00+00:00, run_after=2025-04-16 01:00:00+00:00
[2025-04-21T23:37:02.254+0000] {logging_mixin.py:190} INFO - [2025-04-21T23:37:02.254+0000] {dag.py:4180} INFO - Setting next_dagrun for consume_1_and_2_with_dataset_expressions to None, run_after=None
[2025-04-21T23:37:02.257+0000] {logging_mixin.py:190} INFO - [2025-04-21T23:37:02.257+0000] {dag.py:4180} INFO - Setting next_dagrun for consume_1_or_2_with_dataset_expressions to None, run_after=None
[2025-04-21T23:37:02.259+0000] {logging_mixin.py:190} INFO - [2025-04-21T23:37:02.259+0000] {dag.py:4180} INFO - Setting next_dagrun for consume_1_or_both_2_and_3_with_dataset_expressions to None, run_after=None
[2025-04-21T23:37:02.261+0000] {logging_mixin.py:190} INFO - [2025-04-21T23:37:02.261+0000] {dag.py:4180} INFO - Setting next_dagrun for dataset_consumes_1 to None, run_after=None
[2025-04-21T23:37:02.263+0000] {logging_mixin.py:190} INFO - [2025-04-21T23:37:02.263+0000] {dag.py:4180} INFO - Setting next_dagrun for dataset_consumes_1_and_2 to None, run_after=None
[2025-04-21T23:37:02.265+0000] {logging_mixin.py:190} INFO - [2025-04-21T23:37:02.264+0000] {dag.py:4180} INFO - Setting next_dagrun for dataset_consumes_1_never_scheduled to None, run_after=None
[2025-04-21T23:37:02.266+0000] {logging_mixin.py:190} INFO - [2025-04-21T23:37:02.266+0000] {dag.py:4180} INFO - Setting next_dagrun for dataset_consumes_unknown_never_scheduled to None, run_after=None
[2025-04-21T23:37:02.269+0000] {logging_mixin.py:190} INFO - [2025-04-21T23:37:02.268+0000] {dag.py:4180} INFO - Setting next_dagrun for dataset_produces_1 to 2025-04-20 00:00:00+00:00, run_after=2025-04-21 00:00:00+00:00
[2025-04-21T23:37:02.271+0000] {logging_mixin.py:190} INFO - [2025-04-21T23:37:02.271+0000] {dag.py:4180} INFO - Setting next_dagrun for dataset_produces_2 to None, run_after=None
[2025-04-21T23:37:02.309+0000] {processor.py:208} INFO - Processing /home/airflow/.local/lib/python3.12/site-packages/airflow/example_dags/example_datasets.py took 0.771 seconds
[2025-04-21T23:37:33.339+0000] {processor.py:186} INFO - Started process (PID=454) to work on /home/airflow/.local/lib/python3.12/site-packages/airflow/example_dags/example_datasets.py
[2025-04-21T23:37:33.340+0000] {processor.py:914} INFO - Processing file /home/airflow/.local/lib/python3.12/site-packages/airflow/example_dags/example_datasets.py for tasks to queue
[2025-04-21T23:37:33.342+0000] {logging_mixin.py:190} INFO - [2025-04-21T23:37:33.342+0000] {dagbag.py:588} INFO - Filling up the DagBag from /home/airflow/.local/lib/python3.12/site-packages/airflow/example_dags/example_datasets.py
[2025-04-21T23:37:34.346+0000] {processor.py:925} INFO - DAG(s) 'consume_1_and_2_with_dataset_expressions', 'dataset_consumes_1_never_scheduled', 'dataset_consumes_unknown_never_scheduled', 'dataset_consumes_1_and_2', 'consume_1_or_both_2_and_3_with_dataset_expressions', 'dataset_consumes_1', 'dataset_produces_1', 'conditional_dataset_and_time_based_timetable', 'consume_1_or_2_with_dataset_expressions', 'dataset_produces_2' retrieved from /home/airflow/.local/lib/python3.12/site-packages/airflow/example_dags/example_datasets.py
[2025-04-21T23:37:34.409+0000] {logging_mixin.py:190} INFO - [2025-04-21T23:37:34.409+0000] {dag.py:3239} INFO - Sync 10 DAGs
[2025-04-21T23:37:34.449+0000] {logging_mixin.py:190} INFO - [2025-04-21T23:37:34.449+0000] {dag.py:4180} INFO - Setting next_dagrun for conditional_dataset_and_time_based_timetable to 2025-04-16 01:00:00+00:00, run_after=2025-04-16 01:00:00+00:00
[2025-04-21T23:37:34.457+0000] {logging_mixin.py:190} INFO - [2025-04-21T23:37:34.456+0000] {dag.py:4180} INFO - Setting next_dagrun for consume_1_and_2_with_dataset_expressions to None, run_after=None
[2025-04-21T23:37:34.459+0000] {logging_mixin.py:190} INFO - [2025-04-21T23:37:34.459+0000] {dag.py:4180} INFO - Setting next_dagrun for consume_1_or_2_with_dataset_expressions to None, run_after=None
[2025-04-21T23:37:34.461+0000] {logging_mixin.py:190} INFO - [2025-04-21T23:37:34.461+0000] {dag.py:4180} INFO - Setting next_dagrun for consume_1_or_both_2_and_3_with_dataset_expressions to None, run_after=None
[2025-04-21T23:37:34.463+0000] {logging_mixin.py:190} INFO - [2025-04-21T23:37:34.463+0000] {dag.py:4180} INFO - Setting next_dagrun for dataset_consumes_1 to None, run_after=None
[2025-04-21T23:37:34.465+0000] {logging_mixin.py:190} INFO - [2025-04-21T23:37:34.465+0000] {dag.py:4180} INFO - Setting next_dagrun for dataset_consumes_1_and_2 to None, run_after=None
[2025-04-21T23:37:34.466+0000] {logging_mixin.py:190} INFO - [2025-04-21T23:37:34.466+0000] {dag.py:4180} INFO - Setting next_dagrun for dataset_consumes_1_never_scheduled to None, run_after=None
[2025-04-21T23:37:34.468+0000] {logging_mixin.py:190} INFO - [2025-04-21T23:37:34.468+0000] {dag.py:4180} INFO - Setting next_dagrun for dataset_consumes_unknown_never_scheduled to None, run_after=None
[2025-04-21T23:37:34.471+0000] {logging_mixin.py:190} INFO - [2025-04-21T23:37:34.471+0000] {dag.py:4180} INFO - Setting next_dagrun for dataset_produces_1 to 2025-04-20 00:00:00+00:00, run_after=2025-04-21 00:00:00+00:00
[2025-04-21T23:37:34.473+0000] {logging_mixin.py:190} INFO - [2025-04-21T23:37:34.473+0000] {dag.py:4180} INFO - Setting next_dagrun for dataset_produces_2 to None, run_after=None
[2025-04-21T23:37:34.528+0000] {processor.py:208} INFO - Processing /home/airflow/.local/lib/python3.12/site-packages/airflow/example_dags/example_datasets.py took 1.198 seconds
[2025-04-21T23:38:04.627+0000] {processor.py:186} INFO - Started process (PID=544) to work on /home/airflow/.local/lib/python3.12/site-packages/airflow/example_dags/example_datasets.py
[2025-04-21T23:38:04.628+0000] {processor.py:914} INFO - Processing file /home/airflow/.local/lib/python3.12/site-packages/airflow/example_dags/example_datasets.py for tasks to queue
[2025-04-21T23:38:04.633+0000] {logging_mixin.py:190} INFO - [2025-04-21T23:38:04.632+0000] {dagbag.py:588} INFO - Filling up the DagBag from /home/airflow/.local/lib/python3.12/site-packages/airflow/example_dags/example_datasets.py
[2025-04-21T23:38:05.240+0000] {processor.py:925} INFO - DAG(s) 'conditional_dataset_and_time_based_timetable', 'dataset_consumes_1_and_2', 'consume_1_and_2_with_dataset_expressions', 'dataset_consumes_unknown_never_scheduled', 'dataset_consumes_1_never_scheduled', 'dataset_produces_1', 'dataset_produces_2', 'consume_1_or_2_with_dataset_expressions', 'dataset_consumes_1', 'consume_1_or_both_2_and_3_with_dataset_expressions' retrieved from /home/airflow/.local/lib/python3.12/site-packages/airflow/example_dags/example_datasets.py
[2025-04-21T23:38:05.289+0000] {logging_mixin.py:190} INFO - [2025-04-21T23:38:05.289+0000] {dag.py:3239} INFO - Sync 10 DAGs
[2025-04-21T23:38:05.316+0000] {logging_mixin.py:190} INFO - [2025-04-21T23:38:05.316+0000] {dag.py:4180} INFO - Setting next_dagrun for conditional_dataset_and_time_based_timetable to 2025-04-16 01:00:00+00:00, run_after=2025-04-16 01:00:00+00:00
[2025-04-21T23:38:05.319+0000] {logging_mixin.py:190} INFO - [2025-04-21T23:38:05.319+0000] {dag.py:4180} INFO - Setting next_dagrun for consume_1_and_2_with_dataset_expressions to None, run_after=None
[2025-04-21T23:38:05.322+0000] {logging_mixin.py:190} INFO - [2025-04-21T23:38:05.322+0000] {dag.py:4180} INFO - Setting next_dagrun for consume_1_or_2_with_dataset_expressions to None, run_after=None
[2025-04-21T23:38:05.324+0000] {logging_mixin.py:190} INFO - [2025-04-21T23:38:05.323+0000] {dag.py:4180} INFO - Setting next_dagrun for consume_1_or_both_2_and_3_with_dataset_expressions to None, run_after=None
[2025-04-21T23:38:05.325+0000] {logging_mixin.py:190} INFO - [2025-04-21T23:38:05.324+0000] {dag.py:4180} INFO - Setting next_dagrun for dataset_consumes_1 to None, run_after=None
[2025-04-21T23:38:05.326+0000] {logging_mixin.py:190} INFO - [2025-04-21T23:38:05.326+0000] {dag.py:4180} INFO - Setting next_dagrun for dataset_consumes_1_and_2 to None, run_after=None
[2025-04-21T23:38:05.328+0000] {logging_mixin.py:190} INFO - [2025-04-21T23:38:05.328+0000] {dag.py:4180} INFO - Setting next_dagrun for dataset_consumes_1_never_scheduled to None, run_after=None
[2025-04-21T23:38:05.330+0000] {logging_mixin.py:190} INFO - [2025-04-21T23:38:05.330+0000] {dag.py:4180} INFO - Setting next_dagrun for dataset_consumes_unknown_never_scheduled to None, run_after=None
[2025-04-21T23:38:05.333+0000] {logging_mixin.py:190} INFO - [2025-04-21T23:38:05.332+0000] {dag.py:4180} INFO - Setting next_dagrun for dataset_produces_1 to 2025-04-20 00:00:00+00:00, run_after=2025-04-21 00:00:00+00:00
[2025-04-21T23:38:05.334+0000] {logging_mixin.py:190} INFO - [2025-04-21T23:38:05.334+0000] {dag.py:4180} INFO - Setting next_dagrun for dataset_produces_2 to None, run_after=None
[2025-04-21T23:38:05.391+0000] {processor.py:208} INFO - Processing /home/airflow/.local/lib/python3.12/site-packages/airflow/example_dags/example_datasets.py took 0.771 seconds
[2025-04-21T23:38:35.557+0000] {processor.py:186} INFO - Started process (PID=635) to work on /home/airflow/.local/lib/python3.12/site-packages/airflow/example_dags/example_datasets.py
[2025-04-21T23:38:35.562+0000] {processor.py:914} INFO - Processing file /home/airflow/.local/lib/python3.12/site-packages/airflow/example_dags/example_datasets.py for tasks to queue
[2025-04-21T23:38:35.568+0000] {logging_mixin.py:190} INFO - [2025-04-21T23:38:35.567+0000] {dagbag.py:588} INFO - Filling up the DagBag from /home/airflow/.local/lib/python3.12/site-packages/airflow/example_dags/example_datasets.py
[2025-04-21T23:38:36.181+0000] {processor.py:925} INFO - DAG(s) 'dataset_produces_2', 'conditional_dataset_and_time_based_timetable', 'dataset_consumes_unknown_never_scheduled', 'dataset_produces_1', 'dataset_consumes_1_and_2', 'consume_1_and_2_with_dataset_expressions', 'consume_1_or_both_2_and_3_with_dataset_expressions', 'consume_1_or_2_with_dataset_expressions', 'dataset_consumes_1_never_scheduled', 'dataset_consumes_1' retrieved from /home/airflow/.local/lib/python3.12/site-packages/airflow/example_dags/example_datasets.py
[2025-04-21T23:38:36.239+0000] {logging_mixin.py:190} INFO - [2025-04-21T23:38:36.239+0000] {dag.py:3239} INFO - Sync 10 DAGs
[2025-04-21T23:38:36.266+0000] {logging_mixin.py:190} INFO - [2025-04-21T23:38:36.266+0000] {dag.py:4180} INFO - Setting next_dagrun for conditional_dataset_and_time_based_timetable to 2025-04-16 01:00:00+00:00, run_after=2025-04-16 01:00:00+00:00
[2025-04-21T23:38:36.270+0000] {logging_mixin.py:190} INFO - [2025-04-21T23:38:36.270+0000] {dag.py:4180} INFO - Setting next_dagrun for consume_1_and_2_with_dataset_expressions to None, run_after=None
[2025-04-21T23:38:36.273+0000] {logging_mixin.py:190} INFO - [2025-04-21T23:38:36.273+0000] {dag.py:4180} INFO - Setting next_dagrun for consume_1_or_2_with_dataset_expressions to None, run_after=None
[2025-04-21T23:38:36.275+0000] {logging_mixin.py:190} INFO - [2025-04-21T23:38:36.275+0000] {dag.py:4180} INFO - Setting next_dagrun for consume_1_or_both_2_and_3_with_dataset_expressions to None, run_after=None
[2025-04-21T23:38:36.277+0000] {logging_mixin.py:190} INFO - [2025-04-21T23:38:36.276+0000] {dag.py:4180} INFO - Setting next_dagrun for dataset_consumes_1 to None, run_after=None
[2025-04-21T23:38:36.278+0000] {logging_mixin.py:190} INFO - [2025-04-21T23:38:36.278+0000] {dag.py:4180} INFO - Setting next_dagrun for dataset_consumes_1_and_2 to None, run_after=None
[2025-04-21T23:38:36.280+0000] {logging_mixin.py:190} INFO - [2025-04-21T23:38:36.280+0000] {dag.py:4180} INFO - Setting next_dagrun for dataset_consumes_1_never_scheduled to None, run_after=None
[2025-04-21T23:38:36.282+0000] {logging_mixin.py:190} INFO - [2025-04-21T23:38:36.282+0000] {dag.py:4180} INFO - Setting next_dagrun for dataset_consumes_unknown_never_scheduled to None, run_after=None
[2025-04-21T23:38:36.284+0000] {logging_mixin.py:190} INFO - [2025-04-21T23:38:36.284+0000] {dag.py:4180} INFO - Setting next_dagrun for dataset_produces_1 to 2025-04-20 00:00:00+00:00, run_after=2025-04-21 00:00:00+00:00
[2025-04-21T23:38:36.286+0000] {logging_mixin.py:190} INFO - [2025-04-21T23:38:36.286+0000] {dag.py:4180} INFO - Setting next_dagrun for dataset_produces_2 to None, run_after=None
[2025-04-21T23:38:36.338+0000] {processor.py:208} INFO - Processing /home/airflow/.local/lib/python3.12/site-packages/airflow/example_dags/example_datasets.py took 0.799 seconds
[2025-04-21T23:39:06.796+0000] {processor.py:186} INFO - Started process (PID=726) to work on /home/airflow/.local/lib/python3.12/site-packages/airflow/example_dags/example_datasets.py
[2025-04-21T23:39:06.799+0000] {processor.py:914} INFO - Processing file /home/airflow/.local/lib/python3.12/site-packages/airflow/example_dags/example_datasets.py for tasks to queue
[2025-04-21T23:39:06.801+0000] {logging_mixin.py:190} INFO - [2025-04-21T23:39:06.801+0000] {dagbag.py:588} INFO - Filling up the DagBag from /home/airflow/.local/lib/python3.12/site-packages/airflow/example_dags/example_datasets.py
[2025-04-21T23:39:07.336+0000] {processor.py:925} INFO - DAG(s) 'dataset_consumes_1_and_2', 'dataset_produces_1', 'dataset_consumes_1', 'dataset_consumes_unknown_never_scheduled', 'dataset_produces_2', 'consume_1_or_both_2_and_3_with_dataset_expressions', 'conditional_dataset_and_time_based_timetable', 'consume_1_or_2_with_dataset_expressions', 'dataset_consumes_1_never_scheduled', 'consume_1_and_2_with_dataset_expressions' retrieved from /home/airflow/.local/lib/python3.12/site-packages/airflow/example_dags/example_datasets.py
[2025-04-21T23:39:07.380+0000] {logging_mixin.py:190} INFO - [2025-04-21T23:39:07.380+0000] {dag.py:3239} INFO - Sync 10 DAGs
[2025-04-21T23:39:07.403+0000] {logging_mixin.py:190} INFO - [2025-04-21T23:39:07.403+0000] {dag.py:4180} INFO - Setting next_dagrun for conditional_dataset_and_time_based_timetable to 2025-04-16 01:00:00+00:00, run_after=2025-04-16 01:00:00+00:00
[2025-04-21T23:39:07.409+0000] {logging_mixin.py:190} INFO - [2025-04-21T23:39:07.409+0000] {dag.py:4180} INFO - Setting next_dagrun for consume_1_and_2_with_dataset_expressions to None, run_after=None
[2025-04-21T23:39:07.411+0000] {logging_mixin.py:190} INFO - [2025-04-21T23:39:07.411+0000] {dag.py:4180} INFO - Setting next_dagrun for consume_1_or_2_with_dataset_expressions to None, run_after=None
[2025-04-21T23:39:07.412+0000] {logging_mixin.py:190} INFO - [2025-04-21T23:39:07.412+0000] {dag.py:4180} INFO - Setting next_dagrun for consume_1_or_both_2_and_3_with_dataset_expressions to None, run_after=None
[2025-04-21T23:39:07.413+0000] {logging_mixin.py:190} INFO - [2025-04-21T23:39:07.413+0000] {dag.py:4180} INFO - Setting next_dagrun for dataset_consumes_1 to None, run_after=None
[2025-04-21T23:39:07.415+0000] {logging_mixin.py:190} INFO - [2025-04-21T23:39:07.415+0000] {dag.py:4180} INFO - Setting next_dagrun for dataset_consumes_1_and_2 to None, run_after=None
[2025-04-21T23:39:07.416+0000] {logging_mixin.py:190} INFO - [2025-04-21T23:39:07.416+0000] {dag.py:4180} INFO - Setting next_dagrun for dataset_consumes_1_never_scheduled to None, run_after=None
[2025-04-21T23:39:07.418+0000] {logging_mixin.py:190} INFO - [2025-04-21T23:39:07.418+0000] {dag.py:4180} INFO - Setting next_dagrun for dataset_consumes_unknown_never_scheduled to None, run_after=None
[2025-04-21T23:39:07.421+0000] {logging_mixin.py:190} INFO - [2025-04-21T23:39:07.421+0000] {dag.py:4180} INFO - Setting next_dagrun for dataset_produces_1 to 2025-04-20 00:00:00+00:00, run_after=2025-04-21 00:00:00+00:00
[2025-04-21T23:39:07.423+0000] {logging_mixin.py:190} INFO - [2025-04-21T23:39:07.423+0000] {dag.py:4180} INFO - Setting next_dagrun for dataset_produces_2 to None, run_after=None
[2025-04-21T23:39:07.455+0000] {processor.py:208} INFO - Processing /home/airflow/.local/lib/python3.12/site-packages/airflow/example_dags/example_datasets.py took 0.673 seconds
[2025-04-21T23:39:37.784+0000] {processor.py:186} INFO - Started process (PID=822) to work on /home/airflow/.local/lib/python3.12/site-packages/airflow/example_dags/example_datasets.py
[2025-04-21T23:39:37.785+0000] {processor.py:914} INFO - Processing file /home/airflow/.local/lib/python3.12/site-packages/airflow/example_dags/example_datasets.py for tasks to queue
[2025-04-21T23:39:37.788+0000] {logging_mixin.py:190} INFO - [2025-04-21T23:39:37.788+0000] {dagbag.py:588} INFO - Filling up the DagBag from /home/airflow/.local/lib/python3.12/site-packages/airflow/example_dags/example_datasets.py
[2025-04-21T23:39:38.324+0000] {processor.py:925} INFO - DAG(s) 'consume_1_or_2_with_dataset_expressions', 'dataset_consumes_1_and_2', 'dataset_consumes_1', 'consume_1_and_2_with_dataset_expressions', 'dataset_consumes_unknown_never_scheduled', 'consume_1_or_both_2_and_3_with_dataset_expressions', 'dataset_produces_2', 'conditional_dataset_and_time_based_timetable', 'dataset_produces_1', 'dataset_consumes_1_never_scheduled' retrieved from /home/airflow/.local/lib/python3.12/site-packages/airflow/example_dags/example_datasets.py
[2025-04-21T23:39:38.365+0000] {logging_mixin.py:190} INFO - [2025-04-21T23:39:38.365+0000] {dag.py:3239} INFO - Sync 10 DAGs
[2025-04-21T23:39:38.388+0000] {logging_mixin.py:190} INFO - [2025-04-21T23:39:38.388+0000] {dag.py:4180} INFO - Setting next_dagrun for conditional_dataset_and_time_based_timetable to 2025-04-16 01:00:00+00:00, run_after=2025-04-16 01:00:00+00:00
[2025-04-21T23:39:38.391+0000] {logging_mixin.py:190} INFO - [2025-04-21T23:39:38.391+0000] {dag.py:4180} INFO - Setting next_dagrun for consume_1_and_2_with_dataset_expressions to None, run_after=None
[2025-04-21T23:39:38.393+0000] {logging_mixin.py:190} INFO - [2025-04-21T23:39:38.393+0000] {dag.py:4180} INFO - Setting next_dagrun for consume_1_or_2_with_dataset_expressions to None, run_after=None
[2025-04-21T23:39:38.395+0000] {logging_mixin.py:190} INFO - [2025-04-21T23:39:38.394+0000] {dag.py:4180} INFO - Setting next_dagrun for consume_1_or_both_2_and_3_with_dataset_expressions to None, run_after=None
[2025-04-21T23:39:38.396+0000] {logging_mixin.py:190} INFO - [2025-04-21T23:39:38.396+0000] {dag.py:4180} INFO - Setting next_dagrun for dataset_consumes_1 to None, run_after=None
[2025-04-21T23:39:38.397+0000] {logging_mixin.py:190} INFO - [2025-04-21T23:39:38.397+0000] {dag.py:4180} INFO - Setting next_dagrun for dataset_consumes_1_and_2 to None, run_after=None
[2025-04-21T23:39:38.398+0000] {logging_mixin.py:190} INFO - [2025-04-21T23:39:38.398+0000] {dag.py:4180} INFO - Setting next_dagrun for dataset_consumes_1_never_scheduled to None, run_after=None
[2025-04-21T23:39:38.400+0000] {logging_mixin.py:190} INFO - [2025-04-21T23:39:38.400+0000] {dag.py:4180} INFO - Setting next_dagrun for dataset_consumes_unknown_never_scheduled to None, run_after=None
[2025-04-21T23:39:38.403+0000] {logging_mixin.py:190} INFO - [2025-04-21T23:39:38.402+0000] {dag.py:4180} INFO - Setting next_dagrun for dataset_produces_1 to 2025-04-20 00:00:00+00:00, run_after=2025-04-21 00:00:00+00:00
[2025-04-21T23:39:38.404+0000] {logging_mixin.py:190} INFO - [2025-04-21T23:39:38.404+0000] {dag.py:4180} INFO - Setting next_dagrun for dataset_produces_2 to None, run_after=None
[2025-04-21T23:39:38.456+0000] {processor.py:208} INFO - Processing /home/airflow/.local/lib/python3.12/site-packages/airflow/example_dags/example_datasets.py took 0.677 seconds
[2025-04-21T23:40:09.116+0000] {processor.py:186} INFO - Started process (PID=913) to work on /home/airflow/.local/lib/python3.12/site-packages/airflow/example_dags/example_datasets.py
[2025-04-21T23:40:09.118+0000] {processor.py:914} INFO - Processing file /home/airflow/.local/lib/python3.12/site-packages/airflow/example_dags/example_datasets.py for tasks to queue
[2025-04-21T23:40:09.120+0000] {logging_mixin.py:190} INFO - [2025-04-21T23:40:09.120+0000] {dagbag.py:588} INFO - Filling up the DagBag from /home/airflow/.local/lib/python3.12/site-packages/airflow/example_dags/example_datasets.py
[2025-04-21T23:40:09.655+0000] {processor.py:925} INFO - DAG(s) 'dataset_produces_2', 'dataset_consumes_1_never_scheduled', 'dataset_consumes_1', 'consume_1_or_both_2_and_3_with_dataset_expressions', 'dataset_consumes_unknown_never_scheduled', 'conditional_dataset_and_time_based_timetable', 'consume_1_and_2_with_dataset_expressions', 'dataset_produces_1', 'dataset_consumes_1_and_2', 'consume_1_or_2_with_dataset_expressions' retrieved from /home/airflow/.local/lib/python3.12/site-packages/airflow/example_dags/example_datasets.py
[2025-04-21T23:40:09.698+0000] {logging_mixin.py:190} INFO - [2025-04-21T23:40:09.698+0000] {dag.py:3239} INFO - Sync 10 DAGs
[2025-04-21T23:40:09.730+0000] {logging_mixin.py:190} INFO - [2025-04-21T23:40:09.730+0000] {dag.py:4180} INFO - Setting next_dagrun for conditional_dataset_and_time_based_timetable to 2025-04-16 01:00:00+00:00, run_after=2025-04-16 01:00:00+00:00
[2025-04-21T23:40:09.735+0000] {logging_mixin.py:190} INFO - [2025-04-21T23:40:09.735+0000] {dag.py:4180} INFO - Setting next_dagrun for consume_1_and_2_with_dataset_expressions to None, run_after=None
[2025-04-21T23:40:09.738+0000] {logging_mixin.py:190} INFO - [2025-04-21T23:40:09.738+0000] {dag.py:4180} INFO - Setting next_dagrun for consume_1_or_2_with_dataset_expressions to None, run_after=None
[2025-04-21T23:40:09.740+0000] {logging_mixin.py:190} INFO - [2025-04-21T23:40:09.740+0000] {dag.py:4180} INFO - Setting next_dagrun for consume_1_or_both_2_and_3_with_dataset_expressions to None, run_after=None
[2025-04-21T23:40:09.743+0000] {logging_mixin.py:190} INFO - [2025-04-21T23:40:09.742+0000] {dag.py:4180} INFO - Setting next_dagrun for dataset_consumes_1 to None, run_after=None
[2025-04-21T23:40:09.744+0000] {logging_mixin.py:190} INFO - [2025-04-21T23:40:09.744+0000] {dag.py:4180} INFO - Setting next_dagrun for dataset_consumes_1_and_2 to None, run_after=None
[2025-04-21T23:40:09.746+0000] {logging_mixin.py:190} INFO - [2025-04-21T23:40:09.746+0000] {dag.py:4180} INFO - Setting next_dagrun for dataset_consumes_1_never_scheduled to None, run_after=None
[2025-04-21T23:40:09.748+0000] {logging_mixin.py:190} INFO - [2025-04-21T23:40:09.748+0000] {dag.py:4180} INFO - Setting next_dagrun for dataset_consumes_unknown_never_scheduled to None, run_after=None
[2025-04-21T23:40:09.751+0000] {logging_mixin.py:190} INFO - [2025-04-21T23:40:09.751+0000] {dag.py:4180} INFO - Setting next_dagrun for dataset_produces_1 to 2025-04-20 00:00:00+00:00, run_after=2025-04-21 00:00:00+00:00
[2025-04-21T23:40:09.754+0000] {logging_mixin.py:190} INFO - [2025-04-21T23:40:09.753+0000] {dag.py:4180} INFO - Setting next_dagrun for dataset_produces_2 to None, run_after=None
[2025-04-21T23:40:09.811+0000] {processor.py:208} INFO - Processing /home/airflow/.local/lib/python3.12/site-packages/airflow/example_dags/example_datasets.py took 0.700 seconds
[2025-04-21T23:40:40.000+0000] {processor.py:186} INFO - Started process (PID=1003) to work on /home/airflow/.local/lib/python3.12/site-packages/airflow/example_dags/example_datasets.py
[2025-04-21T23:40:40.002+0000] {processor.py:914} INFO - Processing file /home/airflow/.local/lib/python3.12/site-packages/airflow/example_dags/example_datasets.py for tasks to queue
[2025-04-21T23:40:40.004+0000] {logging_mixin.py:190} INFO - [2025-04-21T23:40:40.003+0000] {dagbag.py:588} INFO - Filling up the DagBag from /home/airflow/.local/lib/python3.12/site-packages/airflow/example_dags/example_datasets.py
[2025-04-21T23:40:40.530+0000] {processor.py:925} INFO - DAG(s) 'consume_1_and_2_with_dataset_expressions', 'dataset_consumes_1', 'dataset_produces_2', 'dataset_produces_1', 'consume_1_or_both_2_and_3_with_dataset_expressions', 'dataset_consumes_1_and_2', 'dataset_consumes_unknown_never_scheduled', 'conditional_dataset_and_time_based_timetable', 'dataset_consumes_1_never_scheduled', 'consume_1_or_2_with_dataset_expressions' retrieved from /home/airflow/.local/lib/python3.12/site-packages/airflow/example_dags/example_datasets.py
[2025-04-21T23:40:40.563+0000] {logging_mixin.py:190} INFO - [2025-04-21T23:40:40.563+0000] {dag.py:3239} INFO - Sync 10 DAGs
[2025-04-21T23:40:40.583+0000] {logging_mixin.py:190} INFO - [2025-04-21T23:40:40.583+0000] {dag.py:4180} INFO - Setting next_dagrun for conditional_dataset_and_time_based_timetable to 2025-04-16 01:00:00+00:00, run_after=2025-04-16 01:00:00+00:00
[2025-04-21T23:40:40.589+0000] {logging_mixin.py:190} INFO - [2025-04-21T23:40:40.588+0000] {dag.py:4180} INFO - Setting next_dagrun for consume_1_and_2_with_dataset_expressions to None, run_after=None
[2025-04-21T23:40:40.591+0000] {logging_mixin.py:190} INFO - [2025-04-21T23:40:40.590+0000] {dag.py:4180} INFO - Setting next_dagrun for consume_1_or_2_with_dataset_expressions to None, run_after=None
[2025-04-21T23:40:40.592+0000] {logging_mixin.py:190} INFO - [2025-04-21T23:40:40.592+0000] {dag.py:4180} INFO - Setting next_dagrun for consume_1_or_both_2_and_3_with_dataset_expressions to None, run_after=None
[2025-04-21T23:40:40.593+0000] {logging_mixin.py:190} INFO - [2025-04-21T23:40:40.593+0000] {dag.py:4180} INFO - Setting next_dagrun for dataset_consumes_1 to None, run_after=None
[2025-04-21T23:40:40.595+0000] {logging_mixin.py:190} INFO - [2025-04-21T23:40:40.595+0000] {dag.py:4180} INFO - Setting next_dagrun for dataset_consumes_1_and_2 to None, run_after=None
[2025-04-21T23:40:40.596+0000] {logging_mixin.py:190} INFO - [2025-04-21T23:40:40.596+0000] {dag.py:4180} INFO - Setting next_dagrun for dataset_consumes_1_never_scheduled to None, run_after=None
[2025-04-21T23:40:40.601+0000] {logging_mixin.py:190} INFO - [2025-04-21T23:40:40.601+0000] {dag.py:4180} INFO - Setting next_dagrun for dataset_consumes_unknown_never_scheduled to None, run_after=None
[2025-04-21T23:40:40.606+0000] {logging_mixin.py:190} INFO - [2025-04-21T23:40:40.606+0000] {dag.py:4180} INFO - Setting next_dagrun for dataset_produces_1 to 2025-04-20 00:00:00+00:00, run_after=2025-04-21 00:00:00+00:00
[2025-04-21T23:40:40.610+0000] {logging_mixin.py:190} INFO - [2025-04-21T23:40:40.610+0000] {dag.py:4180} INFO - Setting next_dagrun for dataset_produces_2 to None, run_after=None
[2025-04-21T23:40:40.643+0000] {processor.py:208} INFO - Processing /home/airflow/.local/lib/python3.12/site-packages/airflow/example_dags/example_datasets.py took 0.651 seconds
[2025-04-21T23:41:10.928+0000] {processor.py:186} INFO - Started process (PID=1098) to work on /home/airflow/.local/lib/python3.12/site-packages/airflow/example_dags/example_datasets.py
[2025-04-21T23:41:10.930+0000] {processor.py:914} INFO - Processing file /home/airflow/.local/lib/python3.12/site-packages/airflow/example_dags/example_datasets.py for tasks to queue
[2025-04-21T23:41:10.933+0000] {logging_mixin.py:190} INFO - [2025-04-21T23:41:10.933+0000] {dagbag.py:588} INFO - Filling up the DagBag from /home/airflow/.local/lib/python3.12/site-packages/airflow/example_dags/example_datasets.py
[2025-04-21T23:41:11.524+0000] {processor.py:925} INFO - DAG(s) 'consume_1_or_2_with_dataset_expressions', 'dataset_consumes_1_never_scheduled', 'consume_1_and_2_with_dataset_expressions', 'dataset_consumes_unknown_never_scheduled', 'dataset_produces_1', 'dataset_produces_2', 'dataset_consumes_1', 'consume_1_or_both_2_and_3_with_dataset_expressions', 'conditional_dataset_and_time_based_timetable', 'dataset_consumes_1_and_2' retrieved from /home/airflow/.local/lib/python3.12/site-packages/airflow/example_dags/example_datasets.py
[2025-04-21T23:41:11.565+0000] {logging_mixin.py:190} INFO - [2025-04-21T23:41:11.565+0000] {dag.py:3239} INFO - Sync 10 DAGs
[2025-04-21T23:41:11.591+0000] {logging_mixin.py:190} INFO - [2025-04-21T23:41:11.591+0000] {dag.py:4180} INFO - Setting next_dagrun for conditional_dataset_and_time_based_timetable to 2025-04-16 01:00:00+00:00, run_after=2025-04-16 01:00:00+00:00
[2025-04-21T23:41:11.596+0000] {logging_mixin.py:190} INFO - [2025-04-21T23:41:11.595+0000] {dag.py:4180} INFO - Setting next_dagrun for consume_1_and_2_with_dataset_expressions to None, run_after=None
[2025-04-21T23:41:11.598+0000] {logging_mixin.py:190} INFO - [2025-04-21T23:41:11.597+0000] {dag.py:4180} INFO - Setting next_dagrun for consume_1_or_2_with_dataset_expressions to None, run_after=None
[2025-04-21T23:41:11.599+0000] {logging_mixin.py:190} INFO - [2025-04-21T23:41:11.599+0000] {dag.py:4180} INFO - Setting next_dagrun for consume_1_or_both_2_and_3_with_dataset_expressions to None, run_after=None
[2025-04-21T23:41:11.601+0000] {logging_mixin.py:190} INFO - [2025-04-21T23:41:11.600+0000] {dag.py:4180} INFO - Setting next_dagrun for dataset_consumes_1 to None, run_after=None
[2025-04-21T23:41:11.602+0000] {logging_mixin.py:190} INFO - [2025-04-21T23:41:11.602+0000] {dag.py:4180} INFO - Setting next_dagrun for dataset_consumes_1_and_2 to None, run_after=None
[2025-04-21T23:41:11.604+0000] {logging_mixin.py:190} INFO - [2025-04-21T23:41:11.604+0000] {dag.py:4180} INFO - Setting next_dagrun for dataset_consumes_1_never_scheduled to None, run_after=None
[2025-04-21T23:41:11.605+0000] {logging_mixin.py:190} INFO - [2025-04-21T23:41:11.605+0000] {dag.py:4180} INFO - Setting next_dagrun for dataset_consumes_unknown_never_scheduled to None, run_after=None
[2025-04-21T23:41:11.607+0000] {logging_mixin.py:190} INFO - [2025-04-21T23:41:11.607+0000] {dag.py:4180} INFO - Setting next_dagrun for dataset_produces_1 to 2025-04-20 00:00:00+00:00, run_after=2025-04-21 00:00:00+00:00
[2025-04-21T23:41:11.609+0000] {logging_mixin.py:190} INFO - [2025-04-21T23:41:11.609+0000] {dag.py:4180} INFO - Setting next_dagrun for dataset_produces_2 to None, run_after=None
[2025-04-21T23:41:11.673+0000] {processor.py:208} INFO - Processing /home/airflow/.local/lib/python3.12/site-packages/airflow/example_dags/example_datasets.py took 0.756 seconds
[2025-04-21T23:41:42.141+0000] {processor.py:186} INFO - Started process (PID=1189) to work on /home/airflow/.local/lib/python3.12/site-packages/airflow/example_dags/example_datasets.py
[2025-04-21T23:41:42.142+0000] {processor.py:914} INFO - Processing file /home/airflow/.local/lib/python3.12/site-packages/airflow/example_dags/example_datasets.py for tasks to queue
[2025-04-21T23:41:42.145+0000] {logging_mixin.py:190} INFO - [2025-04-21T23:41:42.145+0000] {dagbag.py:588} INFO - Filling up the DagBag from /home/airflow/.local/lib/python3.12/site-packages/airflow/example_dags/example_datasets.py
[2025-04-21T23:41:42.635+0000] {processor.py:925} INFO - DAG(s) 'dataset_produces_1', 'dataset_produces_2', 'dataset_consumes_1_never_scheduled', 'consume_1_and_2_with_dataset_expressions', 'dataset_consumes_1_and_2', 'consume_1_or_2_with_dataset_expressions', 'conditional_dataset_and_time_based_timetable', 'dataset_consumes_unknown_never_scheduled', 'consume_1_or_both_2_and_3_with_dataset_expressions', 'dataset_consumes_1' retrieved from /home/airflow/.local/lib/python3.12/site-packages/airflow/example_dags/example_datasets.py
[2025-04-21T23:41:42.670+0000] {logging_mixin.py:190} INFO - [2025-04-21T23:41:42.670+0000] {dag.py:3239} INFO - Sync 10 DAGs
[2025-04-21T23:41:42.695+0000] {logging_mixin.py:190} INFO - [2025-04-21T23:41:42.695+0000] {dag.py:4180} INFO - Setting next_dagrun for conditional_dataset_and_time_based_timetable to 2025-04-16 01:00:00+00:00, run_after=2025-04-16 01:00:00+00:00
[2025-04-21T23:41:42.699+0000] {logging_mixin.py:190} INFO - [2025-04-21T23:41:42.699+0000] {dag.py:4180} INFO - Setting next_dagrun for consume_1_and_2_with_dataset_expressions to None, run_after=None
[2025-04-21T23:41:42.701+0000] {logging_mixin.py:190} INFO - [2025-04-21T23:41:42.701+0000] {dag.py:4180} INFO - Setting next_dagrun for consume_1_or_2_with_dataset_expressions to None, run_after=None
[2025-04-21T23:41:42.702+0000] {logging_mixin.py:190} INFO - [2025-04-21T23:41:42.702+0000] {dag.py:4180} INFO - Setting next_dagrun for consume_1_or_both_2_and_3_with_dataset_expressions to None, run_after=None
[2025-04-21T23:41:42.704+0000] {logging_mixin.py:190} INFO - [2025-04-21T23:41:42.703+0000] {dag.py:4180} INFO - Setting next_dagrun for dataset_consumes_1 to None, run_after=None
[2025-04-21T23:41:42.705+0000] {logging_mixin.py:190} INFO - [2025-04-21T23:41:42.704+0000] {dag.py:4180} INFO - Setting next_dagrun for dataset_consumes_1_and_2 to None, run_after=None
[2025-04-21T23:41:42.706+0000] {logging_mixin.py:190} INFO - [2025-04-21T23:41:42.706+0000] {dag.py:4180} INFO - Setting next_dagrun for dataset_consumes_1_never_scheduled to None, run_after=None
[2025-04-21T23:41:42.707+0000] {logging_mixin.py:190} INFO - [2025-04-21T23:41:42.707+0000] {dag.py:4180} INFO - Setting next_dagrun for dataset_consumes_unknown_never_scheduled to None, run_after=None
[2025-04-21T23:41:42.709+0000] {logging_mixin.py:190} INFO - [2025-04-21T23:41:42.709+0000] {dag.py:4180} INFO - Setting next_dagrun for dataset_produces_1 to 2025-04-20 00:00:00+00:00, run_after=2025-04-21 00:00:00+00:00
[2025-04-21T23:41:42.710+0000] {logging_mixin.py:190} INFO - [2025-04-21T23:41:42.710+0000] {dag.py:4180} INFO - Setting next_dagrun for dataset_produces_2 to None, run_after=None
[2025-04-21T23:41:42.736+0000] {processor.py:208} INFO - Processing /home/airflow/.local/lib/python3.12/site-packages/airflow/example_dags/example_datasets.py took 0.601 seconds
[2025-04-21T23:42:12.852+0000] {processor.py:186} INFO - Started process (PID=1283) to work on /home/airflow/.local/lib/python3.12/site-packages/airflow/example_dags/example_datasets.py
[2025-04-21T23:42:12.853+0000] {processor.py:914} INFO - Processing file /home/airflow/.local/lib/python3.12/site-packages/airflow/example_dags/example_datasets.py for tasks to queue
[2025-04-21T23:42:12.856+0000] {logging_mixin.py:190} INFO - [2025-04-21T23:42:12.855+0000] {dagbag.py:588} INFO - Filling up the DagBag from /home/airflow/.local/lib/python3.12/site-packages/airflow/example_dags/example_datasets.py
[2025-04-21T23:42:13.349+0000] {processor.py:925} INFO - DAG(s) 'consume_1_and_2_with_dataset_expressions', 'dataset_consumes_unknown_never_scheduled', 'dataset_consumes_1_never_scheduled', 'dataset_produces_1', 'consume_1_or_both_2_and_3_with_dataset_expressions', 'consume_1_or_2_with_dataset_expressions', 'dataset_produces_2', 'dataset_consumes_1_and_2', 'conditional_dataset_and_time_based_timetable', 'dataset_consumes_1' retrieved from /home/airflow/.local/lib/python3.12/site-packages/airflow/example_dags/example_datasets.py
[2025-04-21T23:42:13.396+0000] {logging_mixin.py:190} INFO - [2025-04-21T23:42:13.395+0000] {dag.py:3239} INFO - Sync 10 DAGs
[2025-04-21T23:42:13.418+0000] {logging_mixin.py:190} INFO - [2025-04-21T23:42:13.417+0000] {dag.py:4180} INFO - Setting next_dagrun for conditional_dataset_and_time_based_timetable to 2025-04-16 01:00:00+00:00, run_after=2025-04-16 01:00:00+00:00
[2025-04-21T23:42:13.421+0000] {logging_mixin.py:190} INFO - [2025-04-21T23:42:13.420+0000] {dag.py:4180} INFO - Setting next_dagrun for consume_1_and_2_with_dataset_expressions to None, run_after=None
[2025-04-21T23:42:13.422+0000] {logging_mixin.py:190} INFO - [2025-04-21T23:42:13.422+0000] {dag.py:4180} INFO - Setting next_dagrun for consume_1_or_2_with_dataset_expressions to None, run_after=None
[2025-04-21T23:42:13.424+0000] {logging_mixin.py:190} INFO - [2025-04-21T23:42:13.424+0000] {dag.py:4180} INFO - Setting next_dagrun for consume_1_or_both_2_and_3_with_dataset_expressions to None, run_after=None
[2025-04-21T23:42:13.425+0000] {logging_mixin.py:190} INFO - [2025-04-21T23:42:13.425+0000] {dag.py:4180} INFO - Setting next_dagrun for dataset_consumes_1 to None, run_after=None
[2025-04-21T23:42:13.426+0000] {logging_mixin.py:190} INFO - [2025-04-21T23:42:13.426+0000] {dag.py:4180} INFO - Setting next_dagrun for dataset_consumes_1_and_2 to None, run_after=None
[2025-04-21T23:42:13.428+0000] {logging_mixin.py:190} INFO - [2025-04-21T23:42:13.427+0000] {dag.py:4180} INFO - Setting next_dagrun for dataset_consumes_1_never_scheduled to None, run_after=None
[2025-04-21T23:42:13.429+0000] {logging_mixin.py:190} INFO - [2025-04-21T23:42:13.428+0000] {dag.py:4180} INFO - Setting next_dagrun for dataset_consumes_unknown_never_scheduled to None, run_after=None
[2025-04-21T23:42:13.431+0000] {logging_mixin.py:190} INFO - [2025-04-21T23:42:13.431+0000] {dag.py:4180} INFO - Setting next_dagrun for dataset_produces_1 to 2025-04-20 00:00:00+00:00, run_after=2025-04-21 00:00:00+00:00
[2025-04-21T23:42:13.432+0000] {logging_mixin.py:190} INFO - [2025-04-21T23:42:13.432+0000] {dag.py:4180} INFO - Setting next_dagrun for dataset_produces_2 to None, run_after=None
[2025-04-21T23:42:13.456+0000] {processor.py:208} INFO - Processing /home/airflow/.local/lib/python3.12/site-packages/airflow/example_dags/example_datasets.py took 0.609 seconds
[2025-04-21T23:42:43.529+0000] {processor.py:186} INFO - Started process (PID=1377) to work on /home/airflow/.local/lib/python3.12/site-packages/airflow/example_dags/example_datasets.py
[2025-04-21T23:42:43.530+0000] {processor.py:914} INFO - Processing file /home/airflow/.local/lib/python3.12/site-packages/airflow/example_dags/example_datasets.py for tasks to queue
[2025-04-21T23:42:43.534+0000] {logging_mixin.py:190} INFO - [2025-04-21T23:42:43.533+0000] {dagbag.py:588} INFO - Filling up the DagBag from /home/airflow/.local/lib/python3.12/site-packages/airflow/example_dags/example_datasets.py
[2025-04-21T23:42:44.162+0000] {processor.py:925} INFO - DAG(s) 'dataset_consumes_unknown_never_scheduled', 'consume_1_and_2_with_dataset_expressions', 'dataset_consumes_1_and_2', 'dataset_consumes_1', 'consume_1_or_both_2_and_3_with_dataset_expressions', 'dataset_produces_2', 'dataset_produces_1', 'consume_1_or_2_with_dataset_expressions', 'conditional_dataset_and_time_based_timetable', 'dataset_consumes_1_never_scheduled' retrieved from /home/airflow/.local/lib/python3.12/site-packages/airflow/example_dags/example_datasets.py
[2025-04-21T23:42:44.210+0000] {logging_mixin.py:190} INFO - [2025-04-21T23:42:44.209+0000] {dag.py:3239} INFO - Sync 10 DAGs
[2025-04-21T23:42:44.235+0000] {logging_mixin.py:190} INFO - [2025-04-21T23:42:44.235+0000] {dag.py:4180} INFO - Setting next_dagrun for conditional_dataset_and_time_based_timetable to 2025-04-16 01:00:00+00:00, run_after=2025-04-16 01:00:00+00:00
[2025-04-21T23:42:44.239+0000] {logging_mixin.py:190} INFO - [2025-04-21T23:42:44.239+0000] {dag.py:4180} INFO - Setting next_dagrun for consume_1_and_2_with_dataset_expressions to None, run_after=None
[2025-04-21T23:42:44.242+0000] {logging_mixin.py:190} INFO - [2025-04-21T23:42:44.242+0000] {dag.py:4180} INFO - Setting next_dagrun for consume_1_or_2_with_dataset_expressions to None, run_after=None
[2025-04-21T23:42:44.245+0000] {logging_mixin.py:190} INFO - [2025-04-21T23:42:44.245+0000] {dag.py:4180} INFO - Setting next_dagrun for consume_1_or_both_2_and_3_with_dataset_expressions to None, run_after=None
[2025-04-21T23:42:44.247+0000] {logging_mixin.py:190} INFO - [2025-04-21T23:42:44.247+0000] {dag.py:4180} INFO - Setting next_dagrun for dataset_consumes_1 to None, run_after=None
[2025-04-21T23:42:44.249+0000] {logging_mixin.py:190} INFO - [2025-04-21T23:42:44.249+0000] {dag.py:4180} INFO - Setting next_dagrun for dataset_consumes_1_and_2 to None, run_after=None
[2025-04-21T23:42:44.250+0000] {logging_mixin.py:190} INFO - [2025-04-21T23:42:44.250+0000] {dag.py:4180} INFO - Setting next_dagrun for dataset_consumes_1_never_scheduled to None, run_after=None
[2025-04-21T23:42:44.252+0000] {logging_mixin.py:190} INFO - [2025-04-21T23:42:44.252+0000] {dag.py:4180} INFO - Setting next_dagrun for dataset_consumes_unknown_never_scheduled to None, run_after=None
[2025-04-21T23:42:44.254+0000] {logging_mixin.py:190} INFO - [2025-04-21T23:42:44.254+0000] {dag.py:4180} INFO - Setting next_dagrun for dataset_produces_1 to 2025-04-20 00:00:00+00:00, run_after=2025-04-21 00:00:00+00:00
[2025-04-21T23:42:44.256+0000] {logging_mixin.py:190} INFO - [2025-04-21T23:42:44.256+0000] {dag.py:4180} INFO - Setting next_dagrun for dataset_produces_2 to None, run_after=None
[2025-04-21T23:42:44.325+0000] {processor.py:208} INFO - Processing /home/airflow/.local/lib/python3.12/site-packages/airflow/example_dags/example_datasets.py took 0.804 seconds
[2025-04-21T23:43:15.110+0000] {processor.py:186} INFO - Started process (PID=1470) to work on /home/airflow/.local/lib/python3.12/site-packages/airflow/example_dags/example_datasets.py
[2025-04-21T23:43:15.111+0000] {processor.py:914} INFO - Processing file /home/airflow/.local/lib/python3.12/site-packages/airflow/example_dags/example_datasets.py for tasks to queue
[2025-04-21T23:43:15.113+0000] {logging_mixin.py:190} INFO - [2025-04-21T23:43:15.113+0000] {dagbag.py:588} INFO - Filling up the DagBag from /home/airflow/.local/lib/python3.12/site-packages/airflow/example_dags/example_datasets.py
[2025-04-21T23:43:15.629+0000] {processor.py:925} INFO - DAG(s) 'dataset_consumes_1_never_scheduled', 'consume_1_and_2_with_dataset_expressions', 'dataset_consumes_unknown_never_scheduled', 'dataset_produces_1', 'dataset_consumes_1', 'dataset_consumes_1_and_2', 'consume_1_or_both_2_and_3_with_dataset_expressions', 'dataset_produces_2', 'consume_1_or_2_with_dataset_expressions', 'conditional_dataset_and_time_based_timetable' retrieved from /home/airflow/.local/lib/python3.12/site-packages/airflow/example_dags/example_datasets.py
[2025-04-21T23:43:15.662+0000] {logging_mixin.py:190} INFO - [2025-04-21T23:43:15.662+0000] {dag.py:3239} INFO - Sync 10 DAGs
[2025-04-21T23:43:15.693+0000] {logging_mixin.py:190} INFO - [2025-04-21T23:43:15.693+0000] {dag.py:4180} INFO - Setting next_dagrun for conditional_dataset_and_time_based_timetable to 2025-04-16 01:00:00+00:00, run_after=2025-04-16 01:00:00+00:00
[2025-04-21T23:43:15.696+0000] {logging_mixin.py:190} INFO - [2025-04-21T23:43:15.696+0000] {dag.py:4180} INFO - Setting next_dagrun for consume_1_and_2_with_dataset_expressions to None, run_after=None
[2025-04-21T23:43:15.698+0000] {logging_mixin.py:190} INFO - [2025-04-21T23:43:15.698+0000] {dag.py:4180} INFO - Setting next_dagrun for consume_1_or_2_with_dataset_expressions to None, run_after=None
[2025-04-21T23:43:15.699+0000] {logging_mixin.py:190} INFO - [2025-04-21T23:43:15.699+0000] {dag.py:4180} INFO - Setting next_dagrun for consume_1_or_both_2_and_3_with_dataset_expressions to None, run_after=None
[2025-04-21T23:43:15.701+0000] {logging_mixin.py:190} INFO - [2025-04-21T23:43:15.700+0000] {dag.py:4180} INFO - Setting next_dagrun for dataset_consumes_1 to None, run_after=None
[2025-04-21T23:43:15.702+0000] {logging_mixin.py:190} INFO - [2025-04-21T23:43:15.702+0000] {dag.py:4180} INFO - Setting next_dagrun for dataset_consumes_1_and_2 to None, run_after=None
[2025-04-21T23:43:15.703+0000] {logging_mixin.py:190} INFO - [2025-04-21T23:43:15.703+0000] {dag.py:4180} INFO - Setting next_dagrun for dataset_consumes_1_never_scheduled to None, run_after=None
[2025-04-21T23:43:15.705+0000] {logging_mixin.py:190} INFO - [2025-04-21T23:43:15.704+0000] {dag.py:4180} INFO - Setting next_dagrun for dataset_consumes_unknown_never_scheduled to None, run_after=None
[2025-04-21T23:43:15.707+0000] {logging_mixin.py:190} INFO - [2025-04-21T23:43:15.706+0000] {dag.py:4180} INFO - Setting next_dagrun for dataset_produces_1 to 2025-04-20 00:00:00+00:00, run_after=2025-04-21 00:00:00+00:00
[2025-04-21T23:43:15.710+0000] {logging_mixin.py:190} INFO - [2025-04-21T23:43:15.710+0000] {dag.py:4180} INFO - Setting next_dagrun for dataset_produces_2 to None, run_after=None
[2025-04-21T23:43:15.735+0000] {processor.py:208} INFO - Processing /home/airflow/.local/lib/python3.12/site-packages/airflow/example_dags/example_datasets.py took 0.637 seconds
[2025-04-21T23:43:45.847+0000] {processor.py:186} INFO - Started process (PID=1561) to work on /home/airflow/.local/lib/python3.12/site-packages/airflow/example_dags/example_datasets.py
[2025-04-21T23:43:45.849+0000] {processor.py:914} INFO - Processing file /home/airflow/.local/lib/python3.12/site-packages/airflow/example_dags/example_datasets.py for tasks to queue
[2025-04-21T23:43:45.853+0000] {logging_mixin.py:190} INFO - [2025-04-21T23:43:45.853+0000] {dagbag.py:588} INFO - Filling up the DagBag from /home/airflow/.local/lib/python3.12/site-packages/airflow/example_dags/example_datasets.py
[2025-04-21T23:43:46.397+0000] {processor.py:925} INFO - DAG(s) 'consume_1_or_2_with_dataset_expressions', 'dataset_consumes_1', 'conditional_dataset_and_time_based_timetable', 'dataset_consumes_1_and_2', 'dataset_consumes_unknown_never_scheduled', 'dataset_produces_2', 'dataset_consumes_1_never_scheduled', 'consume_1_and_2_with_dataset_expressions', 'consume_1_or_both_2_and_3_with_dataset_expressions', 'dataset_produces_1' retrieved from /home/airflow/.local/lib/python3.12/site-packages/airflow/example_dags/example_datasets.py
[2025-04-21T23:43:46.435+0000] {logging_mixin.py:190} INFO - [2025-04-21T23:43:46.435+0000] {dag.py:3239} INFO - Sync 10 DAGs
[2025-04-21T23:43:46.457+0000] {logging_mixin.py:190} INFO - [2025-04-21T23:43:46.457+0000] {dag.py:4180} INFO - Setting next_dagrun for conditional_dataset_and_time_based_timetable to 2025-04-16 01:00:00+00:00, run_after=2025-04-16 01:00:00+00:00
[2025-04-21T23:43:46.461+0000] {logging_mixin.py:190} INFO - [2025-04-21T23:43:46.460+0000] {dag.py:4180} INFO - Setting next_dagrun for consume_1_and_2_with_dataset_expressions to None, run_after=None
[2025-04-21T23:43:46.463+0000] {logging_mixin.py:190} INFO - [2025-04-21T23:43:46.463+0000] {dag.py:4180} INFO - Setting next_dagrun for consume_1_or_2_with_dataset_expressions to None, run_after=None
[2025-04-21T23:43:46.466+0000] {logging_mixin.py:190} INFO - [2025-04-21T23:43:46.466+0000] {dag.py:4180} INFO - Setting next_dagrun for consume_1_or_both_2_and_3_with_dataset_expressions to None, run_after=None
[2025-04-21T23:43:46.468+0000] {logging_mixin.py:190} INFO - [2025-04-21T23:43:46.468+0000] {dag.py:4180} INFO - Setting next_dagrun for dataset_consumes_1 to None, run_after=None
[2025-04-21T23:43:46.469+0000] {logging_mixin.py:190} INFO - [2025-04-21T23:43:46.469+0000] {dag.py:4180} INFO - Setting next_dagrun for dataset_consumes_1_and_2 to None, run_after=None
[2025-04-21T23:43:46.472+0000] {logging_mixin.py:190} INFO - [2025-04-21T23:43:46.472+0000] {dag.py:4180} INFO - Setting next_dagrun for dataset_consumes_1_never_scheduled to None, run_after=None
[2025-04-21T23:43:46.473+0000] {logging_mixin.py:190} INFO - [2025-04-21T23:43:46.473+0000] {dag.py:4180} INFO - Setting next_dagrun for dataset_consumes_unknown_never_scheduled to None, run_after=None
[2025-04-21T23:43:46.476+0000] {logging_mixin.py:190} INFO - [2025-04-21T23:43:46.475+0000] {dag.py:4180} INFO - Setting next_dagrun for dataset_produces_1 to 2025-04-20 00:00:00+00:00, run_after=2025-04-21 00:00:00+00:00
[2025-04-21T23:43:46.479+0000] {logging_mixin.py:190} INFO - [2025-04-21T23:43:46.478+0000] {dag.py:4180} INFO - Setting next_dagrun for dataset_produces_2 to None, run_after=None
[2025-04-21T23:43:46.508+0000] {processor.py:208} INFO - Processing /home/airflow/.local/lib/python3.12/site-packages/airflow/example_dags/example_datasets.py took 0.667 seconds
[2025-04-21T23:44:16.640+0000] {processor.py:186} INFO - Started process (PID=1655) to work on /home/airflow/.local/lib/python3.12/site-packages/airflow/example_dags/example_datasets.py
[2025-04-21T23:44:16.642+0000] {processor.py:914} INFO - Processing file /home/airflow/.local/lib/python3.12/site-packages/airflow/example_dags/example_datasets.py for tasks to queue
[2025-04-21T23:44:16.648+0000] {logging_mixin.py:190} INFO - [2025-04-21T23:44:16.646+0000] {dagbag.py:588} INFO - Filling up the DagBag from /home/airflow/.local/lib/python3.12/site-packages/airflow/example_dags/example_datasets.py
[2025-04-21T23:44:17.372+0000] {processor.py:925} INFO - DAG(s) 'dataset_produces_1', 'dataset_produces_2', 'consume_1_or_both_2_and_3_with_dataset_expressions', 'consume_1_or_2_with_dataset_expressions', 'consume_1_and_2_with_dataset_expressions', 'dataset_consumes_unknown_never_scheduled', 'dataset_consumes_1_never_scheduled', 'dataset_consumes_1', 'dataset_consumes_1_and_2', 'conditional_dataset_and_time_based_timetable' retrieved from /home/airflow/.local/lib/python3.12/site-packages/airflow/example_dags/example_datasets.py
[2025-04-21T23:44:17.415+0000] {logging_mixin.py:190} INFO - [2025-04-21T23:44:17.415+0000] {dag.py:3239} INFO - Sync 10 DAGs
[2025-04-21T23:44:17.442+0000] {logging_mixin.py:190} INFO - [2025-04-21T23:44:17.442+0000] {dag.py:4180} INFO - Setting next_dagrun for conditional_dataset_and_time_based_timetable to 2025-04-16 01:00:00+00:00, run_after=2025-04-16 01:00:00+00:00
[2025-04-21T23:44:17.446+0000] {logging_mixin.py:190} INFO - [2025-04-21T23:44:17.446+0000] {dag.py:4180} INFO - Setting next_dagrun for consume_1_and_2_with_dataset_expressions to None, run_after=None
[2025-04-21T23:44:17.448+0000] {logging_mixin.py:190} INFO - [2025-04-21T23:44:17.448+0000] {dag.py:4180} INFO - Setting next_dagrun for consume_1_or_2_with_dataset_expressions to None, run_after=None
[2025-04-21T23:44:17.452+0000] {logging_mixin.py:190} INFO - [2025-04-21T23:44:17.452+0000] {dag.py:4180} INFO - Setting next_dagrun for consume_1_or_both_2_and_3_with_dataset_expressions to None, run_after=None
[2025-04-21T23:44:17.454+0000] {logging_mixin.py:190} INFO - [2025-04-21T23:44:17.453+0000] {dag.py:4180} INFO - Setting next_dagrun for dataset_consumes_1 to None, run_after=None
[2025-04-21T23:44:17.455+0000] {logging_mixin.py:190} INFO - [2025-04-21T23:44:17.455+0000] {dag.py:4180} INFO - Setting next_dagrun for dataset_consumes_1_and_2 to None, run_after=None
[2025-04-21T23:44:17.456+0000] {logging_mixin.py:190} INFO - [2025-04-21T23:44:17.456+0000] {dag.py:4180} INFO - Setting next_dagrun for dataset_consumes_1_never_scheduled to None, run_after=None
[2025-04-21T23:44:17.459+0000] {logging_mixin.py:190} INFO - [2025-04-21T23:44:17.458+0000] {dag.py:4180} INFO - Setting next_dagrun for dataset_consumes_unknown_never_scheduled to None, run_after=None
[2025-04-21T23:44:17.462+0000] {logging_mixin.py:190} INFO - [2025-04-21T23:44:17.461+0000] {dag.py:4180} INFO - Setting next_dagrun for dataset_produces_1 to 2025-04-20 00:00:00+00:00, run_after=2025-04-21 00:00:00+00:00
[2025-04-21T23:44:17.463+0000] {logging_mixin.py:190} INFO - [2025-04-21T23:44:17.463+0000] {dag.py:4180} INFO - Setting next_dagrun for dataset_produces_2 to None, run_after=None
[2025-04-21T23:44:17.515+0000] {processor.py:208} INFO - Processing /home/airflow/.local/lib/python3.12/site-packages/airflow/example_dags/example_datasets.py took 0.879 seconds
