[2025-04-21T23:35:30.824+0000] {processor.py:186} INFO - Started process (PID=126) to work on /home/airflow/.local/lib/python3.12/site-packages/airflow/example_dags/tutorial.py
[2025-04-21T23:35:30.828+0000] {processor.py:914} INFO - Processing file /home/airflow/.local/lib/python3.12/site-packages/airflow/example_dags/tutorial.py for tasks to queue
[2025-04-21T23:35:30.834+0000] {logging_mixin.py:190} INFO - [2025-04-21T23:35:30.833+0000] {dagbag.py:588} INFO - Filling up the DagBag from /home/airflow/.local/lib/python3.12/site-packages/airflow/example_dags/tutorial.py
[2025-04-21T23:35:30.855+0000] {processor.py:925} INFO - DAG(s) 'tutorial' retrieved from /home/airflow/.local/lib/python3.12/site-packages/airflow/example_dags/tutorial.py
[2025-04-21T23:35:30.906+0000] {logging_mixin.py:190} INFO - [2025-04-21T23:35:30.906+0000] {dag.py:3239} INFO - Sync 1 DAGs
[2025-04-21T23:35:30.984+0000] {logging_mixin.py:190} INFO - [2025-04-21T23:35:30.983+0000] {dag.py:4180} INFO - Setting next_dagrun for tutorial to 2025-04-20 00:00:00+00:00, run_after=2025-04-21 00:00:00+00:00
[2025-04-21T23:35:31.043+0000] {processor.py:208} INFO - Processing /home/airflow/.local/lib/python3.12/site-packages/airflow/example_dags/tutorial.py took 0.227 seconds
[2025-04-21T23:36:03.038+0000] {processor.py:186} INFO - Started process (PID=229) to work on /home/airflow/.local/lib/python3.12/site-packages/airflow/example_dags/tutorial.py
[2025-04-21T23:36:03.043+0000] {processor.py:914} INFO - Processing file /home/airflow/.local/lib/python3.12/site-packages/airflow/example_dags/tutorial.py for tasks to queue
[2025-04-21T23:36:03.046+0000] {logging_mixin.py:190} INFO - [2025-04-21T23:36:03.045+0000] {dagbag.py:588} INFO - Filling up the DagBag from /home/airflow/.local/lib/python3.12/site-packages/airflow/example_dags/tutorial.py
[2025-04-21T23:36:03.059+0000] {processor.py:925} INFO - DAG(s) 'tutorial' retrieved from /home/airflow/.local/lib/python3.12/site-packages/airflow/example_dags/tutorial.py
[2025-04-21T23:36:03.089+0000] {logging_mixin.py:190} INFO - [2025-04-21T23:36:03.089+0000] {dag.py:3239} INFO - Sync 1 DAGs
[2025-04-21T23:36:03.125+0000] {logging_mixin.py:190} INFO - [2025-04-21T23:36:03.124+0000] {dag.py:4180} INFO - Setting next_dagrun for tutorial to 2025-04-20 00:00:00+00:00, run_after=2025-04-21 00:00:00+00:00
[2025-04-21T23:36:03.150+0000] {processor.py:208} INFO - Processing /home/airflow/.local/lib/python3.12/site-packages/airflow/example_dags/tutorial.py took 0.120 seconds
[2025-04-21T23:36:33.314+0000] {processor.py:186} INFO - Started process (PID=319) to work on /home/airflow/.local/lib/python3.12/site-packages/airflow/example_dags/tutorial.py
[2025-04-21T23:36:33.315+0000] {processor.py:914} INFO - Processing file /home/airflow/.local/lib/python3.12/site-packages/airflow/example_dags/tutorial.py for tasks to queue
[2025-04-21T23:36:33.317+0000] {logging_mixin.py:190} INFO - [2025-04-21T23:36:33.317+0000] {dagbag.py:588} INFO - Filling up the DagBag from /home/airflow/.local/lib/python3.12/site-packages/airflow/example_dags/tutorial.py
[2025-04-21T23:36:33.325+0000] {processor.py:925} INFO - DAG(s) 'tutorial' retrieved from /home/airflow/.local/lib/python3.12/site-packages/airflow/example_dags/tutorial.py
[2025-04-21T23:36:33.364+0000] {logging_mixin.py:190} INFO - [2025-04-21T23:36:33.364+0000] {dag.py:3239} INFO - Sync 1 DAGs
[2025-04-21T23:36:33.397+0000] {logging_mixin.py:190} INFO - [2025-04-21T23:36:33.397+0000] {dag.py:4180} INFO - Setting next_dagrun for tutorial to 2025-04-20 00:00:00+00:00, run_after=2025-04-21 00:00:00+00:00
[2025-04-21T23:36:33.421+0000] {processor.py:208} INFO - Processing /home/airflow/.local/lib/python3.12/site-packages/airflow/example_dags/tutorial.py took 0.112 seconds
[2025-04-21T23:37:05.294+0000] {processor.py:186} INFO - Started process (PID=410) to work on /home/airflow/.local/lib/python3.12/site-packages/airflow/example_dags/tutorial.py
[2025-04-21T23:37:05.295+0000] {processor.py:914} INFO - Processing file /home/airflow/.local/lib/python3.12/site-packages/airflow/example_dags/tutorial.py for tasks to queue
[2025-04-21T23:37:05.299+0000] {logging_mixin.py:190} INFO - [2025-04-21T23:37:05.299+0000] {dagbag.py:588} INFO - Filling up the DagBag from /home/airflow/.local/lib/python3.12/site-packages/airflow/example_dags/tutorial.py
[2025-04-21T23:37:05.313+0000] {processor.py:925} INFO - DAG(s) 'tutorial' retrieved from /home/airflow/.local/lib/python3.12/site-packages/airflow/example_dags/tutorial.py
[2025-04-21T23:37:05.345+0000] {logging_mixin.py:190} INFO - [2025-04-21T23:37:05.345+0000] {dag.py:3239} INFO - Sync 1 DAGs
[2025-04-21T23:37:05.383+0000] {logging_mixin.py:190} INFO - [2025-04-21T23:37:05.383+0000] {dag.py:4180} INFO - Setting next_dagrun for tutorial to 2025-04-20 00:00:00+00:00, run_after=2025-04-21 00:00:00+00:00
[2025-04-21T23:37:05.421+0000] {processor.py:208} INFO - Processing /home/airflow/.local/lib/python3.12/site-packages/airflow/example_dags/tutorial.py took 0.137 seconds
[2025-04-21T23:37:38.863+0000] {processor.py:186} INFO - Started process (PID=501) to work on /home/airflow/.local/lib/python3.12/site-packages/airflow/example_dags/tutorial.py
[2025-04-21T23:37:38.864+0000] {processor.py:914} INFO - Processing file /home/airflow/.local/lib/python3.12/site-packages/airflow/example_dags/tutorial.py for tasks to queue
[2025-04-21T23:37:38.868+0000] {logging_mixin.py:190} INFO - [2025-04-21T23:37:38.867+0000] {dagbag.py:588} INFO - Filling up the DagBag from /home/airflow/.local/lib/python3.12/site-packages/airflow/example_dags/tutorial.py
[2025-04-21T23:37:38.880+0000] {processor.py:925} INFO - DAG(s) 'tutorial' retrieved from /home/airflow/.local/lib/python3.12/site-packages/airflow/example_dags/tutorial.py
[2025-04-21T23:37:38.913+0000] {logging_mixin.py:190} INFO - [2025-04-21T23:37:38.913+0000] {dag.py:3239} INFO - Sync 1 DAGs
[2025-04-21T23:37:38.954+0000] {logging_mixin.py:190} INFO - [2025-04-21T23:37:38.954+0000] {dag.py:4180} INFO - Setting next_dagrun for tutorial to 2025-04-20 00:00:00+00:00, run_after=2025-04-21 00:00:00+00:00
[2025-04-21T23:37:39.000+0000] {processor.py:208} INFO - Processing /home/airflow/.local/lib/python3.12/site-packages/airflow/example_dags/tutorial.py took 0.152 seconds
[2025-04-21T23:38:09.503+0000] {processor.py:186} INFO - Started process (PID=592) to work on /home/airflow/.local/lib/python3.12/site-packages/airflow/example_dags/tutorial.py
[2025-04-21T23:38:09.505+0000] {processor.py:914} INFO - Processing file /home/airflow/.local/lib/python3.12/site-packages/airflow/example_dags/tutorial.py for tasks to queue
[2025-04-21T23:38:09.507+0000] {logging_mixin.py:190} INFO - [2025-04-21T23:38:09.507+0000] {dagbag.py:588} INFO - Filling up the DagBag from /home/airflow/.local/lib/python3.12/site-packages/airflow/example_dags/tutorial.py
[2025-04-21T23:38:09.514+0000] {processor.py:925} INFO - DAG(s) 'tutorial' retrieved from /home/airflow/.local/lib/python3.12/site-packages/airflow/example_dags/tutorial.py
[2025-04-21T23:38:09.533+0000] {logging_mixin.py:190} INFO - [2025-04-21T23:38:09.532+0000] {dag.py:3239} INFO - Sync 1 DAGs
[2025-04-21T23:38:09.552+0000] {logging_mixin.py:190} INFO - [2025-04-21T23:38:09.552+0000] {dag.py:4180} INFO - Setting next_dagrun for tutorial to 2025-04-20 00:00:00+00:00, run_after=2025-04-21 00:00:00+00:00
[2025-04-21T23:38:09.588+0000] {processor.py:208} INFO - Processing /home/airflow/.local/lib/python3.12/site-packages/airflow/example_dags/tutorial.py took 0.090 seconds
[2025-04-21T23:38:39.920+0000] {processor.py:186} INFO - Started process (PID=669) to work on /home/airflow/.local/lib/python3.12/site-packages/airflow/example_dags/tutorial.py
[2025-04-21T23:38:39.922+0000] {processor.py:914} INFO - Processing file /home/airflow/.local/lib/python3.12/site-packages/airflow/example_dags/tutorial.py for tasks to queue
[2025-04-21T23:38:39.930+0000] {logging_mixin.py:190} INFO - [2025-04-21T23:38:39.930+0000] {dagbag.py:588} INFO - Filling up the DagBag from /home/airflow/.local/lib/python3.12/site-packages/airflow/example_dags/tutorial.py
[2025-04-21T23:38:39.944+0000] {processor.py:925} INFO - DAG(s) 'tutorial' retrieved from /home/airflow/.local/lib/python3.12/site-packages/airflow/example_dags/tutorial.py
[2025-04-21T23:38:39.964+0000] {logging_mixin.py:190} INFO - [2025-04-21T23:38:39.963+0000] {dag.py:3239} INFO - Sync 1 DAGs
[2025-04-21T23:38:39.986+0000] {logging_mixin.py:190} INFO - [2025-04-21T23:38:39.985+0000] {dag.py:4180} INFO - Setting next_dagrun for tutorial to 2025-04-20 00:00:00+00:00, run_after=2025-04-21 00:00:00+00:00
[2025-04-21T23:38:40.005+0000] {processor.py:208} INFO - Processing /home/airflow/.local/lib/python3.12/site-packages/airflow/example_dags/tutorial.py took 0.090 seconds
[2025-04-21T23:39:11.484+0000] {processor.py:186} INFO - Started process (PID=760) to work on /home/airflow/.local/lib/python3.12/site-packages/airflow/example_dags/tutorial.py
[2025-04-21T23:39:11.485+0000] {processor.py:914} INFO - Processing file /home/airflow/.local/lib/python3.12/site-packages/airflow/example_dags/tutorial.py for tasks to queue
[2025-04-21T23:39:11.487+0000] {logging_mixin.py:190} INFO - [2025-04-21T23:39:11.487+0000] {dagbag.py:588} INFO - Filling up the DagBag from /home/airflow/.local/lib/python3.12/site-packages/airflow/example_dags/tutorial.py
[2025-04-21T23:39:11.494+0000] {processor.py:925} INFO - DAG(s) 'tutorial' retrieved from /home/airflow/.local/lib/python3.12/site-packages/airflow/example_dags/tutorial.py
[2025-04-21T23:39:11.512+0000] {logging_mixin.py:190} INFO - [2025-04-21T23:39:11.511+0000] {dag.py:3239} INFO - Sync 1 DAGs
[2025-04-21T23:39:11.530+0000] {logging_mixin.py:190} INFO - [2025-04-21T23:39:11.530+0000] {dag.py:4180} INFO - Setting next_dagrun for tutorial to 2025-04-20 00:00:00+00:00, run_after=2025-04-21 00:00:00+00:00
[2025-04-21T23:39:11.546+0000] {processor.py:208} INFO - Processing /home/airflow/.local/lib/python3.12/site-packages/airflow/example_dags/tutorial.py took 0.068 seconds
[2025-04-21T23:39:42.668+0000] {processor.py:186} INFO - Started process (PID=851) to work on /home/airflow/.local/lib/python3.12/site-packages/airflow/example_dags/tutorial.py
[2025-04-21T23:39:42.670+0000] {processor.py:914} INFO - Processing file /home/airflow/.local/lib/python3.12/site-packages/airflow/example_dags/tutorial.py for tasks to queue
[2025-04-21T23:39:42.672+0000] {logging_mixin.py:190} INFO - [2025-04-21T23:39:42.672+0000] {dagbag.py:588} INFO - Filling up the DagBag from /home/airflow/.local/lib/python3.12/site-packages/airflow/example_dags/tutorial.py
[2025-04-21T23:39:42.681+0000] {processor.py:925} INFO - DAG(s) 'tutorial' retrieved from /home/airflow/.local/lib/python3.12/site-packages/airflow/example_dags/tutorial.py
[2025-04-21T23:39:42.702+0000] {logging_mixin.py:190} INFO - [2025-04-21T23:39:42.702+0000] {dag.py:3239} INFO - Sync 1 DAGs
[2025-04-21T23:39:42.721+0000] {logging_mixin.py:190} INFO - [2025-04-21T23:39:42.721+0000] {dag.py:4180} INFO - Setting next_dagrun for tutorial to 2025-04-20 00:00:00+00:00, run_after=2025-04-21 00:00:00+00:00
[2025-04-21T23:39:42.762+0000] {processor.py:208} INFO - Processing /home/airflow/.local/lib/python3.12/site-packages/airflow/example_dags/tutorial.py took 0.098 seconds
[2025-04-21T23:40:12.886+0000] {processor.py:186} INFO - Started process (PID=928) to work on /home/airflow/.local/lib/python3.12/site-packages/airflow/example_dags/tutorial.py
[2025-04-21T23:40:12.888+0000] {processor.py:914} INFO - Processing file /home/airflow/.local/lib/python3.12/site-packages/airflow/example_dags/tutorial.py for tasks to queue
[2025-04-21T23:40:12.891+0000] {logging_mixin.py:190} INFO - [2025-04-21T23:40:12.890+0000] {dagbag.py:588} INFO - Filling up the DagBag from /home/airflow/.local/lib/python3.12/site-packages/airflow/example_dags/tutorial.py
[2025-04-21T23:40:12.898+0000] {processor.py:925} INFO - DAG(s) 'tutorial' retrieved from /home/airflow/.local/lib/python3.12/site-packages/airflow/example_dags/tutorial.py
[2025-04-21T23:40:12.925+0000] {logging_mixin.py:190} INFO - [2025-04-21T23:40:12.924+0000] {dag.py:3239} INFO - Sync 1 DAGs
[2025-04-21T23:40:12.959+0000] {logging_mixin.py:190} INFO - [2025-04-21T23:40:12.959+0000] {dag.py:4180} INFO - Setting next_dagrun for tutorial to 2025-04-20 00:00:00+00:00, run_after=2025-04-21 00:00:00+00:00
[2025-04-21T23:40:12.994+0000] {processor.py:208} INFO - Processing /home/airflow/.local/lib/python3.12/site-packages/airflow/example_dags/tutorial.py took 0.112 seconds
[2025-04-21T23:40:43.313+0000] {processor.py:186} INFO - Started process (PID=1018) to work on /home/airflow/.local/lib/python3.12/site-packages/airflow/example_dags/tutorial.py
[2025-04-21T23:40:43.315+0000] {processor.py:914} INFO - Processing file /home/airflow/.local/lib/python3.12/site-packages/airflow/example_dags/tutorial.py for tasks to queue
[2025-04-21T23:40:43.319+0000] {logging_mixin.py:190} INFO - [2025-04-21T23:40:43.319+0000] {dagbag.py:588} INFO - Filling up the DagBag from /home/airflow/.local/lib/python3.12/site-packages/airflow/example_dags/tutorial.py
[2025-04-21T23:40:43.329+0000] {processor.py:925} INFO - DAG(s) 'tutorial' retrieved from /home/airflow/.local/lib/python3.12/site-packages/airflow/example_dags/tutorial.py
[2025-04-21T23:40:43.356+0000] {logging_mixin.py:190} INFO - [2025-04-21T23:40:43.355+0000] {dag.py:3239} INFO - Sync 1 DAGs
[2025-04-21T23:40:43.377+0000] {logging_mixin.py:190} INFO - [2025-04-21T23:40:43.377+0000] {dag.py:4180} INFO - Setting next_dagrun for tutorial to 2025-04-20 00:00:00+00:00, run_after=2025-04-21 00:00:00+00:00
[2025-04-21T23:40:43.411+0000] {processor.py:208} INFO - Processing /home/airflow/.local/lib/python3.12/site-packages/airflow/example_dags/tutorial.py took 0.106 seconds
[2025-04-21T23:41:13.637+0000] {processor.py:186} INFO - Started process (PID=1109) to work on /home/airflow/.local/lib/python3.12/site-packages/airflow/example_dags/tutorial.py
[2025-04-21T23:41:13.639+0000] {processor.py:914} INFO - Processing file /home/airflow/.local/lib/python3.12/site-packages/airflow/example_dags/tutorial.py for tasks to queue
[2025-04-21T23:41:13.642+0000] {logging_mixin.py:190} INFO - [2025-04-21T23:41:13.641+0000] {dagbag.py:588} INFO - Filling up the DagBag from /home/airflow/.local/lib/python3.12/site-packages/airflow/example_dags/tutorial.py
[2025-04-21T23:41:13.649+0000] {processor.py:925} INFO - DAG(s) 'tutorial' retrieved from /home/airflow/.local/lib/python3.12/site-packages/airflow/example_dags/tutorial.py
[2025-04-21T23:41:13.668+0000] {logging_mixin.py:190} INFO - [2025-04-21T23:41:13.668+0000] {dag.py:3239} INFO - Sync 1 DAGs
[2025-04-21T23:41:13.687+0000] {logging_mixin.py:190} INFO - [2025-04-21T23:41:13.687+0000] {dag.py:4180} INFO - Setting next_dagrun for tutorial to 2025-04-20 00:00:00+00:00, run_after=2025-04-21 00:00:00+00:00
[2025-04-21T23:41:13.711+0000] {processor.py:208} INFO - Processing /home/airflow/.local/lib/python3.12/site-packages/airflow/example_dags/tutorial.py took 0.078 seconds
[2025-04-21T23:41:44.162+0000] {processor.py:186} INFO - Started process (PID=1200) to work on /home/airflow/.local/lib/python3.12/site-packages/airflow/example_dags/tutorial.py
[2025-04-21T23:41:44.164+0000] {processor.py:914} INFO - Processing file /home/airflow/.local/lib/python3.12/site-packages/airflow/example_dags/tutorial.py for tasks to queue
[2025-04-21T23:41:44.167+0000] {logging_mixin.py:190} INFO - [2025-04-21T23:41:44.166+0000] {dagbag.py:588} INFO - Filling up the DagBag from /home/airflow/.local/lib/python3.12/site-packages/airflow/example_dags/tutorial.py
[2025-04-21T23:41:44.173+0000] {processor.py:925} INFO - DAG(s) 'tutorial' retrieved from /home/airflow/.local/lib/python3.12/site-packages/airflow/example_dags/tutorial.py
[2025-04-21T23:41:44.195+0000] {logging_mixin.py:190} INFO - [2025-04-21T23:41:44.195+0000] {dag.py:3239} INFO - Sync 1 DAGs
[2025-04-21T23:41:44.217+0000] {logging_mixin.py:190} INFO - [2025-04-21T23:41:44.217+0000] {dag.py:4180} INFO - Setting next_dagrun for tutorial to 2025-04-20 00:00:00+00:00, run_after=2025-04-21 00:00:00+00:00
[2025-04-21T23:41:44.233+0000] {processor.py:208} INFO - Processing /home/airflow/.local/lib/python3.12/site-packages/airflow/example_dags/tutorial.py took 0.077 seconds
[2025-04-21T23:42:14.657+0000] {processor.py:186} INFO - Started process (PID=1291) to work on /home/airflow/.local/lib/python3.12/site-packages/airflow/example_dags/tutorial.py
[2025-04-21T23:42:14.659+0000] {processor.py:914} INFO - Processing file /home/airflow/.local/lib/python3.12/site-packages/airflow/example_dags/tutorial.py for tasks to queue
[2025-04-21T23:42:14.661+0000] {logging_mixin.py:190} INFO - [2025-04-21T23:42:14.660+0000] {dagbag.py:588} INFO - Filling up the DagBag from /home/airflow/.local/lib/python3.12/site-packages/airflow/example_dags/tutorial.py
[2025-04-21T23:42:14.667+0000] {processor.py:925} INFO - DAG(s) 'tutorial' retrieved from /home/airflow/.local/lib/python3.12/site-packages/airflow/example_dags/tutorial.py
[2025-04-21T23:42:14.685+0000] {logging_mixin.py:190} INFO - [2025-04-21T23:42:14.685+0000] {dag.py:3239} INFO - Sync 1 DAGs
[2025-04-21T23:42:14.714+0000] {logging_mixin.py:190} INFO - [2025-04-21T23:42:14.714+0000] {dag.py:4180} INFO - Setting next_dagrun for tutorial to 2025-04-20 00:00:00+00:00, run_after=2025-04-21 00:00:00+00:00
[2025-04-21T23:42:14.760+0000] {processor.py:208} INFO - Processing /home/airflow/.local/lib/python3.12/site-packages/airflow/example_dags/tutorial.py took 0.108 seconds
[2025-04-21T23:42:44.968+0000] {processor.py:186} INFO - Started process (PID=1382) to work on /home/airflow/.local/lib/python3.12/site-packages/airflow/example_dags/tutorial.py
[2025-04-21T23:42:44.970+0000] {processor.py:914} INFO - Processing file /home/airflow/.local/lib/python3.12/site-packages/airflow/example_dags/tutorial.py for tasks to queue
[2025-04-21T23:42:44.972+0000] {logging_mixin.py:190} INFO - [2025-04-21T23:42:44.971+0000] {dagbag.py:588} INFO - Filling up the DagBag from /home/airflow/.local/lib/python3.12/site-packages/airflow/example_dags/tutorial.py
[2025-04-21T23:42:44.982+0000] {processor.py:925} INFO - DAG(s) 'tutorial' retrieved from /home/airflow/.local/lib/python3.12/site-packages/airflow/example_dags/tutorial.py
[2025-04-21T23:42:45.000+0000] {logging_mixin.py:190} INFO - [2025-04-21T23:42:45.000+0000] {dag.py:3239} INFO - Sync 1 DAGs
[2025-04-21T23:42:45.024+0000] {logging_mixin.py:190} INFO - [2025-04-21T23:42:45.023+0000] {dag.py:4180} INFO - Setting next_dagrun for tutorial to 2025-04-20 00:00:00+00:00, run_after=2025-04-21 00:00:00+00:00
[2025-04-21T23:42:45.039+0000] {processor.py:208} INFO - Processing /home/airflow/.local/lib/python3.12/site-packages/airflow/example_dags/tutorial.py took 0.077 seconds
[2025-04-21T23:43:15.427+0000] {processor.py:186} INFO - Started process (PID=1473) to work on /home/airflow/.local/lib/python3.12/site-packages/airflow/example_dags/tutorial.py
[2025-04-21T23:43:15.428+0000] {processor.py:914} INFO - Processing file /home/airflow/.local/lib/python3.12/site-packages/airflow/example_dags/tutorial.py for tasks to queue
[2025-04-21T23:43:15.431+0000] {logging_mixin.py:190} INFO - [2025-04-21T23:43:15.430+0000] {dagbag.py:588} INFO - Filling up the DagBag from /home/airflow/.local/lib/python3.12/site-packages/airflow/example_dags/tutorial.py
[2025-04-21T23:43:15.439+0000] {processor.py:925} INFO - DAG(s) 'tutorial' retrieved from /home/airflow/.local/lib/python3.12/site-packages/airflow/example_dags/tutorial.py
[2025-04-21T23:43:15.459+0000] {logging_mixin.py:190} INFO - [2025-04-21T23:43:15.459+0000] {dag.py:3239} INFO - Sync 1 DAGs
[2025-04-21T23:43:15.482+0000] {logging_mixin.py:190} INFO - [2025-04-21T23:43:15.482+0000] {dag.py:4180} INFO - Setting next_dagrun for tutorial to 2025-04-20 00:00:00+00:00, run_after=2025-04-21 00:00:00+00:00
[2025-04-21T23:43:15.503+0000] {processor.py:208} INFO - Processing /home/airflow/.local/lib/python3.12/site-packages/airflow/example_dags/tutorial.py took 0.082 seconds
[2025-04-21T23:43:46.161+0000] {processor.py:186} INFO - Started process (PID=1564) to work on /home/airflow/.local/lib/python3.12/site-packages/airflow/example_dags/tutorial.py
[2025-04-21T23:43:46.163+0000] {processor.py:914} INFO - Processing file /home/airflow/.local/lib/python3.12/site-packages/airflow/example_dags/tutorial.py for tasks to queue
[2025-04-21T23:43:46.168+0000] {logging_mixin.py:190} INFO - [2025-04-21T23:43:46.168+0000] {dagbag.py:588} INFO - Filling up the DagBag from /home/airflow/.local/lib/python3.12/site-packages/airflow/example_dags/tutorial.py
[2025-04-21T23:43:46.178+0000] {processor.py:925} INFO - DAG(s) 'tutorial' retrieved from /home/airflow/.local/lib/python3.12/site-packages/airflow/example_dags/tutorial.py
[2025-04-21T23:43:46.203+0000] {logging_mixin.py:190} INFO - [2025-04-21T23:43:46.203+0000] {dag.py:3239} INFO - Sync 1 DAGs
[2025-04-21T23:43:46.236+0000] {logging_mixin.py:190} INFO - [2025-04-21T23:43:46.235+0000] {dag.py:4180} INFO - Setting next_dagrun for tutorial to 2025-04-20 00:00:00+00:00, run_after=2025-04-21 00:00:00+00:00
[2025-04-21T23:43:46.258+0000] {processor.py:208} INFO - Processing /home/airflow/.local/lib/python3.12/site-packages/airflow/example_dags/tutorial.py took 0.102 seconds
[2025-04-21T23:44:16.486+0000] {processor.py:186} INFO - Started process (PID=1654) to work on /home/airflow/.local/lib/python3.12/site-packages/airflow/example_dags/tutorial.py
[2025-04-21T23:44:16.510+0000] {processor.py:914} INFO - Processing file /home/airflow/.local/lib/python3.12/site-packages/airflow/example_dags/tutorial.py for tasks to queue
[2025-04-21T23:44:16.515+0000] {logging_mixin.py:190} INFO - [2025-04-21T23:44:16.514+0000] {dagbag.py:588} INFO - Filling up the DagBag from /home/airflow/.local/lib/python3.12/site-packages/airflow/example_dags/tutorial.py
[2025-04-21T23:44:16.526+0000] {processor.py:925} INFO - DAG(s) 'tutorial' retrieved from /home/airflow/.local/lib/python3.12/site-packages/airflow/example_dags/tutorial.py
[2025-04-21T23:44:16.545+0000] {logging_mixin.py:190} INFO - [2025-04-21T23:44:16.544+0000] {dag.py:3239} INFO - Sync 1 DAGs
[2025-04-21T23:44:16.571+0000] {logging_mixin.py:190} INFO - [2025-04-21T23:44:16.570+0000] {dag.py:4180} INFO - Setting next_dagrun for tutorial to 2025-04-20 00:00:00+00:00, run_after=2025-04-21 00:00:00+00:00
[2025-04-21T23:44:16.587+0000] {processor.py:208} INFO - Processing /home/airflow/.local/lib/python3.12/site-packages/airflow/example_dags/tutorial.py took 0.124 seconds
