[2025-05-03T15:12:17.608+0000] {local_task_job_runner.py:123} INFO - ::group::Pre task execution logs
[2025-05-03T15:12:17.626+0000] {taskinstance.py:2614} INFO - Dependencies all met for dep_context=non-requeueable deps ti=<TaskInstance: google_maps_reviews.export_to_csv manual__2025-05-03T15:04:48.168882+00:00 [queued]>
[2025-05-03T15:12:17.635+0000] {taskinstance.py:2614} INFO - Dependencies all met for dep_context=requeueable deps ti=<TaskInstance: google_maps_reviews.export_to_csv manual__2025-05-03T15:04:48.168882+00:00 [queued]>
[2025-05-03T15:12:17.635+0000] {taskinstance.py:2867} INFO - Starting attempt 1 of 2
[2025-05-03T15:12:17.645+0000] {taskinstance.py:2890} INFO - Executing <Task(PythonOperator): export_to_csv> on 2025-05-03 15:04:48.168882+00:00
[2025-05-03T15:12:17.658+0000] {warnings.py:112} WARNING - /home/***/.local/lib/python3.12/site-packages/***/task/task_runner/standard_task_runner.py:70: DeprecationWarning: This process (pid=5503) is multi-threaded, use of fork() may lead to deadlocks in the child.
  pid = os.fork()

[2025-05-03T15:12:17.660+0000] {standard_task_runner.py:72} INFO - Started process 5518 to run task
[2025-05-03T15:12:17.661+0000] {standard_task_runner.py:104} INFO - Running: ['***', 'tasks', 'run', 'google_maps_reviews', 'export_to_csv', 'manual__2025-05-03T15:04:48.168882+00:00', '--job-id', '342', '--raw', '--subdir', 'DAGS_FOLDER/***dag.py', '--cfg-path', '/tmp/tmp6w0uyv0j']
[2025-05-03T15:12:17.664+0000] {standard_task_runner.py:105} INFO - Job 342: Subtask export_to_csv
[2025-05-03T15:12:17.706+0000] {task_command.py:467} INFO - Running <TaskInstance: google_maps_reviews.export_to_csv manual__2025-05-03T15:04:48.168882+00:00 [running]> on host 8280c28b7f0f
[2025-05-03T15:12:17.785+0000] {taskinstance.py:3134} INFO - Exporting env vars: AIRFLOW_CTX_DAG_OWNER='***' AIRFLOW_CTX_DAG_ID='google_maps_reviews' AIRFLOW_CTX_TASK_ID='export_to_csv' AIRFLOW_CTX_EXECUTION_DATE='2025-05-03T15:04:48.168882+00:00' AIRFLOW_CTX_TRY_NUMBER='1' AIRFLOW_CTX_DAG_RUN_ID='manual__2025-05-03T15:04:48.168882+00:00'
[2025-05-03T15:12:17.788+0000] {logging_mixin.py:190} INFO - Task instance is in running state
[2025-05-03T15:12:17.789+0000] {logging_mixin.py:190} INFO -  Previous state of the Task instance: queued
[2025-05-03T15:12:17.790+0000] {logging_mixin.py:190} INFO - Current task name:export_to_csv state:running start_date:2025-05-03 15:12:17.627344+00:00
[2025-05-03T15:12:17.790+0000] {logging_mixin.py:190} INFO - Dag name:google_maps_reviews and current dag run status:running
[2025-05-03T15:12:17.791+0000] {taskinstance.py:732} INFO - ::endgroup::
[2025-05-03T15:12:17.801+0000] {base.py:84} INFO - Retrieving connection 'postgres_defaut'
[2025-05-03T15:12:17.816+0000] {warnings.py:112} WARNING - /opt/***/dags/storeData.py:42: UserWarning: pandas only supports SQLAlchemy connectable (engine/connection) or database string URI or sqlite3 DBAPI2 connection. Other DBAPI2 objects are not tested. Please consider using SQLAlchemy.
  df = pd.read_sql_query(query, conn)

[2025-05-03T15:12:17.845+0000] {logging_mixin.py:190} INFO - ✅ Données exportées avec succès vers reviews_export.csv
[2025-05-03T15:12:17.847+0000] {python.py:240} INFO - Done. Returned value was: None
[2025-05-03T15:12:17.860+0000] {taskinstance.py:341} INFO - ::group::Post task execution logs
[2025-05-03T15:12:17.862+0000] {taskinstance.py:353} INFO - Marking task as SUCCESS. dag_id=google_maps_reviews, task_id=export_to_csv, run_id=manual__2025-05-03T15:04:48.168882+00:00, execution_date=20250503T150448, start_date=20250503T151217, end_date=20250503T151217
[2025-05-03T15:12:17.895+0000] {logging_mixin.py:190} INFO - Task instance in success state
[2025-05-03T15:12:17.897+0000] {logging_mixin.py:190} INFO -  Previous state of the Task instance: running
[2025-05-03T15:12:17.897+0000] {logging_mixin.py:190} INFO - Dag name:google_maps_reviews queued_at:2025-05-03 15:04:48.193059+00:00
[2025-05-03T15:12:17.898+0000] {logging_mixin.py:190} INFO - Task hostname:8280c28b7f0f operator:PythonOperator
[2025-05-03T15:12:17.917+0000] {local_task_job_runner.py:266} INFO - Task exited with return code 0
[2025-05-03T15:12:17.944+0000] {taskinstance.py:3901} INFO - 0 downstream tasks scheduled from follow-on schedule check
[2025-05-03T15:12:17.947+0000] {local_task_job_runner.py:245} INFO - ::endgroup::
