[2025-05-07T00:55:38.246+0000] {local_task_job_runner.py:123} INFO - ::group::Pre task execution logs
[2025-05-07T00:55:38.299+0000] {taskinstance.py:2614} INFO - Dependencies all met for dep_context=non-requeueable deps ti=<TaskInstance: google_maps_reviews.normalize_and_clean_data manual__2025-05-06T20:00:25.137792+00:00 [queued]>
[2025-05-07T00:55:38.321+0000] {taskinstance.py:2614} INFO - Dependencies all met for dep_context=requeueable deps ti=<TaskInstance: google_maps_reviews.normalize_and_clean_data manual__2025-05-06T20:00:25.137792+00:00 [queued]>
[2025-05-07T00:55:38.323+0000] {taskinstance.py:2867} INFO - Starting attempt 19 of 20
[2025-05-07T00:55:38.353+0000] {taskinstance.py:2890} INFO - Executing <Task(PythonOperator): normalize_and_clean_data> on 2025-05-06 20:00:25.137792+00:00
[2025-05-07T00:55:38.380+0000] {warnings.py:112} WARNING - /home/***/.local/lib/python3.12/site-packages/***/task/task_runner/standard_task_runner.py:70: DeprecationWarning: This process (pid=11574) is multi-threaded, use of fork() may lead to deadlocks in the child.
  pid = os.fork()

[2025-05-07T00:55:38.384+0000] {standard_task_runner.py:72} INFO - Started process 11589 to run task
[2025-05-07T00:55:38.386+0000] {standard_task_runner.py:104} INFO - Running: ['***', 'tasks', 'run', 'google_maps_reviews', 'normalize_and_clean_data', 'manual__2025-05-06T20:00:25.137792+00:00', '--job-id', '706', '--raw', '--subdir', 'DAGS_FOLDER/***dag.py', '--cfg-path', '/tmp/tmpbbx9awha']
[2025-05-07T00:55:38.388+0000] {standard_task_runner.py:105} INFO - Job 706: Subtask normalize_and_clean_data
[2025-05-07T00:55:38.489+0000] {task_command.py:467} INFO - Running <TaskInstance: google_maps_reviews.normalize_and_clean_data manual__2025-05-06T20:00:25.137792+00:00 [running]> on host 8280c28b7f0f
[2025-05-07T00:55:38.692+0000] {taskinstance.py:3134} INFO - Exporting env vars: AIRFLOW_CTX_DAG_OWNER='***' AIRFLOW_CTX_DAG_ID='google_maps_reviews' AIRFLOW_CTX_TASK_ID='normalize_and_clean_data' AIRFLOW_CTX_EXECUTION_DATE='2025-05-06T20:00:25.137792+00:00' AIRFLOW_CTX_TRY_NUMBER='19' AIRFLOW_CTX_DAG_RUN_ID='manual__2025-05-06T20:00:25.137792+00:00'
[2025-05-07T00:55:38.696+0000] {logging_mixin.py:190} INFO - Task instance is in running state
[2025-05-07T00:55:38.697+0000] {logging_mixin.py:190} INFO -  Previous state of the Task instance: queued
[2025-05-07T00:55:38.699+0000] {logging_mixin.py:190} INFO - Current task name:normalize_and_clean_data state:running start_date:2025-05-07 00:55:38.300804+00:00
[2025-05-07T00:55:38.699+0000] {logging_mixin.py:190} INFO - Dag name:google_maps_reviews and current dag run status:running
[2025-05-07T00:55:38.700+0000] {taskinstance.py:732} INFO - ::endgroup::
[2025-05-07T00:55:38.719+0000] {base.py:84} INFO - Retrieving connection 'postgres_defaut'
[2025-05-07T00:55:38.736+0000] {warnings.py:112} WARNING - /opt/***/dags/storeData.py:380: UserWarning: pandas only supports SQLAlchemy connectable (engine/connection) or database string URI or sqlite3 DBAPI2 connection. Other DBAPI2 objects are not tested. Please consider using SQLAlchemy.
  df = pd.read_sql("SELECT * FROM review.raw_reviews", conn)

[2025-05-07T00:55:38.835+0000] {taskinstance.py:3313} ERROR - Task failed with exception
Traceback (most recent call last):
  File "/home/airflow/.local/lib/python3.12/site-packages/airflow/models/taskinstance.py", line 768, in _execute_task
    result = _execute_callable(context=context, **execute_callable_kwargs)
             ^^^^^^^^^^^^^^^^^^^^^^^^^^^^^^^^^^^^^^^^^^^^^^^^^^^^^^^^^^^^^
  File "/home/airflow/.local/lib/python3.12/site-packages/airflow/models/taskinstance.py", line 734, in _execute_callable
    return ExecutionCallableRunner(
           ^^^^^^^^^^^^^^^^^^^^^^^^
  File "/home/airflow/.local/lib/python3.12/site-packages/airflow/utils/operator_helpers.py", line 252, in run
    return self.func(*args, **kwargs)
           ^^^^^^^^^^^^^^^^^^^^^^^^^^
  File "/home/airflow/.local/lib/python3.12/site-packages/airflow/models/baseoperator.py", line 424, in wrapper
    return func(self, *args, **kwargs)
           ^^^^^^^^^^^^^^^^^^^^^^^^^^^
  File "/home/airflow/.local/lib/python3.12/site-packages/airflow/operators/python.py", line 238, in execute
    return_value = self.execute_callable()
                   ^^^^^^^^^^^^^^^^^^^^^^^
  File "/home/airflow/.local/lib/python3.12/site-packages/airflow/operators/python.py", line 256, in execute_callable
    return runner.run(*self.op_args, **self.op_kwargs)
           ^^^^^^^^^^^^^^^^^^^^^^^^^^^^^^^^^^^^^^^^^^^
  File "/home/airflow/.local/lib/python3.12/site-packages/airflow/utils/operator_helpers.py", line 252, in run
    return self.func(*args, **kwargs)
           ^^^^^^^^^^^^^^^^^^^^^^^^^^
  File "/opt/airflow/dags/storeData.py", line 395, in normalize_and_clean_data
    cur.execute("""
psycopg2.errors.UndefinedFunction: operator does not exist: text = integer
LINE 4:             WHERE place_id = 1
                                   ^
HINT:  No operator matches the given name and argument types. You might need to add explicit type casts.

[2025-05-07T00:55:38.863+0000] {logging_mixin.py:190} INFO - Task instance in failure state
[2025-05-07T00:55:38.866+0000] {logging_mixin.py:190} INFO - Task start:2025-05-07 00:55:38.300804+00:00 end:2025-05-07 00:55:38.862213+00:00 duration:0.561409
[2025-05-07T00:55:38.867+0000] {logging_mixin.py:190} INFO - Task:<Task(PythonOperator): normalize_and_clean_data> dag:<DAG: google_maps_reviews> dagrun:<DagRun google_maps_reviews @ 2025-05-06 20:00:25.137792+00:00: manual__2025-05-06T20:00:25.137792+00:00, state:running, queued_at: 2025-05-07 00:53:28.168200+00:00. externally triggered: True>
[2025-05-07T00:55:38.869+0000] {logging_mixin.py:190} INFO - Failure caused by operator does not exist: text = integer
LINE 4:             WHERE place_id = 1
                                   ^
HINT:  No operator matches the given name and argument types. You might need to add explicit type casts.
[2025-05-07T00:55:38.870+0000] {taskinstance.py:1226} INFO - Marking task as UP_FOR_RETRY. dag_id=google_maps_reviews, task_id=normalize_and_clean_data, run_id=manual__2025-05-06T20:00:25.137792+00:00, execution_date=20250506T200025, start_date=20250507T005538, end_date=20250507T005538
[2025-05-07T00:55:38.950+0000] {taskinstance.py:341} INFO - ::group::Post task execution logs
[2025-05-07T00:55:38.952+0000] {standard_task_runner.py:124} ERROR - Failed to execute job 706 for task normalize_and_clean_data (operator does not exist: text = integer
LINE 4:             WHERE place_id = 1
                                   ^
HINT:  No operator matches the given name and argument types. You might need to add explicit type casts.
; 11589)
Traceback (most recent call last):
  File "/home/airflow/.local/lib/python3.12/site-packages/airflow/task/task_runner/standard_task_runner.py", line 117, in _start_by_fork
    ret = args.func(args, dag=self.dag)
          ^^^^^^^^^^^^^^^^^^^^^^^^^^^^^
  File "/home/airflow/.local/lib/python3.12/site-packages/airflow/cli/cli_config.py", line 49, in command
    return func(*args, **kwargs)
           ^^^^^^^^^^^^^^^^^^^^^
  File "/home/airflow/.local/lib/python3.12/site-packages/airflow/utils/cli.py", line 116, in wrapper
    return f(*args, **kwargs)
           ^^^^^^^^^^^^^^^^^^
  File "/home/airflow/.local/lib/python3.12/site-packages/airflow/cli/commands/task_command.py", line 483, in task_run
    task_return_code = _run_task_by_selected_method(args, _dag, ti)
                       ^^^^^^^^^^^^^^^^^^^^^^^^^^^^^^^^^^^^^^^^^^^^
  File "/home/airflow/.local/lib/python3.12/site-packages/airflow/cli/commands/task_command.py", line 256, in _run_task_by_selected_method
    return _run_raw_task(args, ti)
           ^^^^^^^^^^^^^^^^^^^^^^^
  File "/home/airflow/.local/lib/python3.12/site-packages/airflow/cli/commands/task_command.py", line 341, in _run_raw_task
    return ti._run_raw_task(
           ^^^^^^^^^^^^^^^^^
  File "/home/airflow/.local/lib/python3.12/site-packages/airflow/utils/session.py", line 97, in wrapper
    return func(*args, session=session, **kwargs)
           ^^^^^^^^^^^^^^^^^^^^^^^^^^^^^^^^^^^^^^
  File "/home/airflow/.local/lib/python3.12/site-packages/airflow/models/taskinstance.py", line 3006, in _run_raw_task
    return _run_raw_task(
           ^^^^^^^^^^^^^^
  File "/home/airflow/.local/lib/python3.12/site-packages/airflow/models/taskinstance.py", line 274, in _run_raw_task
    TaskInstance._execute_task_with_callbacks(
  File "/home/airflow/.local/lib/python3.12/site-packages/airflow/models/taskinstance.py", line 3161, in _execute_task_with_callbacks
    result = self._execute_task(context, task_orig)
             ^^^^^^^^^^^^^^^^^^^^^^^^^^^^^^^^^^^^^^
  File "/home/airflow/.local/lib/python3.12/site-packages/airflow/models/taskinstance.py", line 3185, in _execute_task
    return _execute_task(self, context, task_orig)
           ^^^^^^^^^^^^^^^^^^^^^^^^^^^^^^^^^^^^^^^
  File "/home/airflow/.local/lib/python3.12/site-packages/airflow/models/taskinstance.py", line 768, in _execute_task
    result = _execute_callable(context=context, **execute_callable_kwargs)
             ^^^^^^^^^^^^^^^^^^^^^^^^^^^^^^^^^^^^^^^^^^^^^^^^^^^^^^^^^^^^^
  File "/home/airflow/.local/lib/python3.12/site-packages/airflow/models/taskinstance.py", line 734, in _execute_callable
    return ExecutionCallableRunner(
           ^^^^^^^^^^^^^^^^^^^^^^^^
  File "/home/airflow/.local/lib/python3.12/site-packages/airflow/utils/operator_helpers.py", line 252, in run
    return self.func(*args, **kwargs)
           ^^^^^^^^^^^^^^^^^^^^^^^^^^
  File "/home/airflow/.local/lib/python3.12/site-packages/airflow/models/baseoperator.py", line 424, in wrapper
    return func(self, *args, **kwargs)
           ^^^^^^^^^^^^^^^^^^^^^^^^^^^
  File "/home/airflow/.local/lib/python3.12/site-packages/airflow/operators/python.py", line 238, in execute
    return_value = self.execute_callable()
                   ^^^^^^^^^^^^^^^^^^^^^^^
  File "/home/airflow/.local/lib/python3.12/site-packages/airflow/operators/python.py", line 256, in execute_callable
    return runner.run(*self.op_args, **self.op_kwargs)
           ^^^^^^^^^^^^^^^^^^^^^^^^^^^^^^^^^^^^^^^^^^^
  File "/home/airflow/.local/lib/python3.12/site-packages/airflow/utils/operator_helpers.py", line 252, in run
    return self.func(*args, **kwargs)
           ^^^^^^^^^^^^^^^^^^^^^^^^^^
  File "/opt/airflow/dags/storeData.py", line 395, in normalize_and_clean_data
    cur.execute("""
psycopg2.errors.UndefinedFunction: operator does not exist: text = integer
LINE 4:             WHERE place_id = 1
                                   ^
HINT:  No operator matches the given name and argument types. You might need to add explicit type casts.

[2025-05-07T00:55:39.006+0000] {local_task_job_runner.py:266} INFO - Task exited with return code 1
[2025-05-07T00:55:39.065+0000] {taskinstance.py:3901} INFO - 0 downstream tasks scheduled from follow-on schedule check
[2025-05-07T00:55:39.085+0000] {local_task_job_runner.py:245} INFO - ::endgroup::
