[2025-05-06T23:02:52.897+0000] {local_task_job_runner.py:123} INFO - ::group::Pre task execution logs
[2025-05-06T23:02:52.943+0000] {taskinstance.py:2614} INFO - Dependencies all met for dep_context=non-requeueable deps ti=<TaskInstance: google_maps_reviews.Load_reviews1 manual__2025-05-06T20:00:25.137792+00:00 [queued]>
[2025-05-06T23:02:52.964+0000] {taskinstance.py:2614} INFO - Dependencies all met for dep_context=requeueable deps ti=<TaskInstance: google_maps_reviews.Load_reviews1 manual__2025-05-06T20:00:25.137792+00:00 [queued]>
[2025-05-06T23:02:52.976+0000] {taskinstance.py:2867} INFO - Starting attempt 10 of 11
[2025-05-06T23:02:53.007+0000] {taskinstance.py:2890} INFO - Executing <Task(PythonOperator): Load_reviews1> on 2025-05-06 20:00:25.137792+00:00
[2025-05-06T23:02:53.030+0000] {standard_task_runner.py:104} INFO - Running: ['***', 'tasks', 'run', 'google_maps_reviews', 'Load_reviews1', 'manual__2025-05-06T20:00:25.137792+00:00', '--job-id', '655', '--raw', '--subdir', 'DAGS_FOLDER/***dag.py', '--cfg-path', '/tmp/tmpggzrzubk']
[2025-05-06T23:02:53.027+0000] {warnings.py:112} WARNING - /home/***/.local/lib/python3.12/site-packages/***/task/task_runner/standard_task_runner.py:70: DeprecationWarning: This process (pid=9288) is multi-threaded, use of fork() may lead to deadlocks in the child.
  pid = os.fork()

[2025-05-06T23:02:53.034+0000] {standard_task_runner.py:105} INFO - Job 655: Subtask Load_reviews1
[2025-05-06T23:02:53.035+0000] {standard_task_runner.py:72} INFO - Started process 9303 to run task
[2025-05-06T23:02:53.122+0000] {task_command.py:467} INFO - Running <TaskInstance: google_maps_reviews.Load_reviews1 manual__2025-05-06T20:00:25.137792+00:00 [running]> on host 8280c28b7f0f
[2025-05-06T23:02:53.300+0000] {taskinstance.py:3134} INFO - Exporting env vars: AIRFLOW_CTX_DAG_OWNER='***' AIRFLOW_CTX_DAG_ID='google_maps_reviews' AIRFLOW_CTX_TASK_ID='Load_reviews1' AIRFLOW_CTX_EXECUTION_DATE='2025-05-06T20:00:25.137792+00:00' AIRFLOW_CTX_TRY_NUMBER='10' AIRFLOW_CTX_DAG_RUN_ID='manual__2025-05-06T20:00:25.137792+00:00'
[2025-05-06T23:02:53.303+0000] {logging_mixin.py:190} INFO - Task instance is in running state
[2025-05-06T23:02:53.304+0000] {logging_mixin.py:190} INFO -  Previous state of the Task instance: queued
[2025-05-06T23:02:53.305+0000] {logging_mixin.py:190} INFO - Current task name:Load_reviews1 state:running start_date:2025-05-06 23:02:52.944791+00:00
[2025-05-06T23:02:53.306+0000] {logging_mixin.py:190} INFO - Dag name:google_maps_reviews and current dag run status:running
[2025-05-06T23:02:53.307+0000] {taskinstance.py:732} INFO - ::endgroup::
[2025-05-06T23:02:53.348+0000] {logging_mixin.py:190} INFO - Current directory: /opt/***/dags
[2025-05-06T23:02:53.349+0000] {logging_mixin.py:190} INFO - Data path: /opt/***/dags/input/reviews.csv
[2025-05-06T23:02:53.389+0000] {base.py:84} INFO - Retrieving connection 'postgres_defaut'
[2025-05-06T23:02:53.575+0000] {logging_mixin.py:190} INFO - Data stored in PostgreSQL.
[2025-05-06T23:02:53.577+0000] {python.py:240} INFO - Done. Returned value was: None
[2025-05-06T23:02:53.594+0000] {taskinstance.py:341} INFO - ::group::Post task execution logs
[2025-05-06T23:02:53.595+0000] {taskinstance.py:353} INFO - Marking task as SUCCESS. dag_id=google_maps_reviews, task_id=Load_reviews1, run_id=manual__2025-05-06T20:00:25.137792+00:00, execution_date=20250506T200025, start_date=20250506T230252, end_date=20250506T230253
[2025-05-06T23:02:53.640+0000] {logging_mixin.py:190} INFO - Task instance in success state
[2025-05-06T23:02:53.645+0000] {logging_mixin.py:190} INFO -  Previous state of the Task instance: running
[2025-05-06T23:02:53.646+0000] {logging_mixin.py:190} INFO - Dag name:google_maps_reviews queued_at:2025-05-06 23:00:53.773813+00:00
[2025-05-06T23:02:53.646+0000] {logging_mixin.py:190} INFO - Task hostname:8280c28b7f0f operator:PythonOperator
[2025-05-06T23:02:53.696+0000] {local_task_job_runner.py:266} INFO - Task exited with return code 0
[2025-05-06T23:02:53.750+0000] {taskinstance.py:3901} INFO - 1 downstream tasks scheduled from follow-on schedule check
[2025-05-06T23:02:53.772+0000] {local_task_job_runner.py:245} INFO - ::endgroup::
