[2025-05-03T06:59:57.889+0000] {local_task_job_runner.py:123} INFO - ::group::Pre task execution logs
[2025-05-03T06:59:57.943+0000] {taskinstance.py:2614} INFO - Dependencies all met for dep_context=non-requeueable deps ti=<TaskInstance: google_maps_reviews.run_dbt_models manual__2025-05-03T06:53:22.169245+00:00 [queued]>
[2025-05-03T06:59:57.971+0000] {taskinstance.py:2614} INFO - Dependencies all met for dep_context=requeueable deps ti=<TaskInstance: google_maps_reviews.run_dbt_models manual__2025-05-03T06:53:22.169245+00:00 [queued]>
[2025-05-03T06:59:57.975+0000] {taskinstance.py:2867} INFO - Starting attempt 1 of 2
[2025-05-03T06:59:58.009+0000] {taskinstance.py:2890} INFO - Executing <Task(BashOperator): run_dbt_models> on 2025-05-03 06:53:22.169245+00:00
[2025-05-03T06:59:58.026+0000] {warnings.py:112} WARNING - /home/***/.local/lib/python3.12/site-packages/***/task/task_runner/standard_task_runner.py:70: DeprecationWarning: This process (pid=1246) is multi-threaded, use of fork() may lead to deadlocks in the child.
  pid = os.fork()

[2025-05-03T06:59:58.031+0000] {standard_task_runner.py:72} INFO - Started process 1263 to run task
[2025-05-03T06:59:58.031+0000] {standard_task_runner.py:104} INFO - Running: ['***', 'tasks', 'run', 'google_maps_reviews', 'run_dbt_models', 'manual__2025-05-03T06:53:22.169245+00:00', '--job-id', '228', '--raw', '--subdir', 'DAGS_FOLDER/***dag.py', '--cfg-path', '/tmp/tmp6u992xx7']
[2025-05-03T06:59:58.034+0000] {standard_task_runner.py:105} INFO - Job 228: Subtask run_dbt_models
[2025-05-03T06:59:58.138+0000] {task_command.py:467} INFO - Running <TaskInstance: google_maps_reviews.run_dbt_models manual__2025-05-03T06:53:22.169245+00:00 [running]> on host 8280c28b7f0f
[2025-05-03T06:59:58.334+0000] {taskinstance.py:3134} INFO - Exporting env vars: AIRFLOW_CTX_DAG_OWNER='***' AIRFLOW_CTX_DAG_ID='google_maps_reviews' AIRFLOW_CTX_TASK_ID='run_dbt_models' AIRFLOW_CTX_EXECUTION_DATE='2025-05-03T06:53:22.169245+00:00' AIRFLOW_CTX_TRY_NUMBER='1' AIRFLOW_CTX_DAG_RUN_ID='manual__2025-05-03T06:53:22.169245+00:00'
[2025-05-03T06:59:58.338+0000] {logging_mixin.py:190} INFO - Task instance is in running state
[2025-05-03T06:59:58.339+0000] {logging_mixin.py:190} INFO -  Previous state of the Task instance: queued
[2025-05-03T06:59:58.341+0000] {logging_mixin.py:190} INFO - Current task name:run_dbt_models state:running start_date:2025-05-03 06:59:57.945704+00:00
[2025-05-03T06:59:58.342+0000] {logging_mixin.py:190} INFO - Dag name:google_maps_reviews and current dag run status:running
[2025-05-03T06:59:58.344+0000] {taskinstance.py:732} INFO - ::endgroup::
[2025-05-03T06:59:58.346+0000] {subprocess.py:78} INFO - Tmp dir root location: /tmp
[2025-05-03T06:59:58.348+0000] {subprocess.py:88} INFO - Running command: ['/usr/bin/bash', '-c', 'cd /opt/***/dbt_project/bank_reviews_dbt && dbt run --profiles-dir .']
[2025-05-03T06:59:58.375+0000] {subprocess.py:99} INFO - Output:
[2025-05-03T07:00:02.273+0000] {subprocess.py:106} INFO - [0m07:00:02  Running with dbt=1.9.4
[2025-05-03T07:00:02.809+0000] {subprocess.py:106} INFO - [0m07:00:02  Registered adapter: postgres=1.9.0
[2025-05-03T07:00:03.861+0000] {subprocess.py:106} INFO - [0m07:00:03  Found 5 models, 12 data tests, 433 macros
[2025-05-03T07:00:03.883+0000] {subprocess.py:106} INFO - [0m07:00:03
[2025-05-03T07:00:03.886+0000] {subprocess.py:106} INFO - [0m07:00:03  Concurrency: 1 threads (target='dev')
[2025-05-03T07:00:03.888+0000] {subprocess.py:106} INFO - [0m07:00:03
[2025-05-03T07:00:04.154+0000] {subprocess.py:106} INFO - [0m07:00:04  1 of 5 START sql table model review.dim_bank ................................... [RUN]
[2025-05-03T07:00:04.532+0000] {subprocess.py:106} INFO - [0m07:00:04  1 of 5 OK created sql table model review.dim_bank .............................. [[32mSELECT 42[0m in 0.37s]
[2025-05-03T07:00:04.538+0000] {subprocess.py:106} INFO - [0m07:00:04  2 of 5 START sql table model review.dim_branch ................................. [RUN]
[2025-05-03T07:00:04.715+0000] {subprocess.py:106} INFO - [0m07:00:04  2 of 5 OK created sql table model review.dim_branch ............................ [[32mSELECT 42[0m in 0.17s]
[2025-05-03T07:00:04.720+0000] {subprocess.py:106} INFO - [0m07:00:04  3 of 5 START sql table model review.dim_location ............................... [RUN]
[2025-05-03T07:00:04.867+0000] {subprocess.py:106} INFO - [0m07:00:04  3 of 5 OK created sql table model review.dim_location .......................... [[32mSELECT 43[0m in 0.14s]
[2025-05-03T07:00:04.873+0000] {subprocess.py:106} INFO - [0m07:00:04  4 of 5 START sql table model review.dim_sentiment .............................. [RUN]
[2025-05-03T07:00:05.078+0000] {subprocess.py:106} INFO - [0m07:00:05  4 of 5 OK created sql table model review.dim_sentiment ......................... [[32mSELECT 1[0m in 0.18s]
[2025-05-03T07:00:05.133+0000] {subprocess.py:106} INFO - [0m07:00:05  5 of 5 START sql table model review.fact_reviews ............................... [RUN]
[2025-05-03T07:00:05.329+0000] {subprocess.py:106} INFO - [0m07:00:05  5 of 5 OK created sql table model review.fact_reviews .......................... [[32mSELECT 397[0m in 0.19s]
[2025-05-03T07:00:05.364+0000] {subprocess.py:106} INFO - [0m07:00:05
[2025-05-03T07:00:05.366+0000] {subprocess.py:106} INFO - [0m07:00:05  Finished running 5 table models in 0 hours 0 minutes and 1.47 seconds (1.47s).
[2025-05-03T07:00:05.543+0000] {subprocess.py:106} INFO - [0m07:00:05
[2025-05-03T07:00:05.545+0000] {subprocess.py:106} INFO - [0m07:00:05  [32mCompleted successfully[0m
[2025-05-03T07:00:05.547+0000] {subprocess.py:106} INFO - [0m07:00:05
[2025-05-03T07:00:05.548+0000] {subprocess.py:106} INFO - [0m07:00:05  Done. PASS=5 WARN=0 ERROR=0 SKIP=0 TOTAL=5
[2025-05-03T07:00:07.711+0000] {subprocess.py:110} INFO - Command exited with return code 0
[2025-05-03T07:00:07.775+0000] {taskinstance.py:341} INFO - ::group::Post task execution logs
[2025-05-03T07:00:07.778+0000] {taskinstance.py:353} INFO - Marking task as SUCCESS. dag_id=google_maps_reviews, task_id=run_dbt_models, run_id=manual__2025-05-03T06:53:22.169245+00:00, execution_date=20250503T065322, start_date=20250503T065957, end_date=20250503T070007
[2025-05-03T07:00:07.837+0000] {logging_mixin.py:190} INFO - Task instance in success state
[2025-05-03T07:00:07.840+0000] {logging_mixin.py:190} INFO -  Previous state of the Task instance: running
[2025-05-03T07:00:07.842+0000] {logging_mixin.py:190} INFO - Dag name:google_maps_reviews queued_at:2025-05-03 06:53:22.213155+00:00
[2025-05-03T07:00:07.847+0000] {logging_mixin.py:190} INFO - Task hostname:8280c28b7f0f operator:BashOperator
[2025-05-03T07:00:07.887+0000] {local_task_job_runner.py:266} INFO - Task exited with return code 0
[2025-05-03T07:00:07.935+0000] {taskinstance.py:3901} INFO - 1 downstream tasks scheduled from follow-on schedule check
[2025-05-03T07:00:07.939+0000] {local_task_job_runner.py:245} INFO - ::endgroup::
