[2025-05-04T01:08:10.064+0000] {local_task_job_runner.py:123} INFO - ::group::Pre task execution logs
[2025-05-04T01:08:10.102+0000] {taskinstance.py:2614} INFO - Dependencies all met for dep_context=non-requeueable deps ti=<TaskInstance: google_maps_reviews.analyze_sentiment scheduled__2025-05-03T00:00:00+00:00 [queued]>
[2025-05-04T01:08:10.121+0000] {taskinstance.py:2614} INFO - Dependencies all met for dep_context=requeueable deps ti=<TaskInstance: google_maps_reviews.analyze_sentiment scheduled__2025-05-03T00:00:00+00:00 [queued]>
[2025-05-04T01:08:10.124+0000] {taskinstance.py:2867} INFO - Starting attempt 1 of 2
[2025-05-04T01:08:10.150+0000] {taskinstance.py:2890} INFO - Executing <Task(PythonOperator): analyze_sentiment> on 2025-05-03 00:00:00+00:00
[2025-05-04T01:08:10.172+0000] {warnings.py:112} WARNING - /home/***/.local/lib/python3.12/site-packages/***/task/task_runner/standard_task_runner.py:70: DeprecationWarning: This process (pid=167) is multi-threaded, use of fork() may lead to deadlocks in the child.
  pid = os.fork()

[2025-05-04T01:08:10.177+0000] {standard_task_runner.py:72} INFO - Started process 190 to run task
[2025-05-04T01:08:10.178+0000] {standard_task_runner.py:104} INFO - Running: ['***', 'tasks', 'run', 'google_maps_reviews', 'analyze_sentiment', 'scheduled__2025-05-03T00:00:00+00:00', '--job-id', '413', '--raw', '--subdir', 'DAGS_FOLDER/***dag.py', '--cfg-path', '/tmp/tmpr4m9jhia']
[2025-05-04T01:08:10.181+0000] {standard_task_runner.py:105} INFO - Job 413: Subtask analyze_sentiment
[2025-05-04T01:08:10.279+0000] {task_command.py:467} INFO - Running <TaskInstance: google_maps_reviews.analyze_sentiment scheduled__2025-05-03T00:00:00+00:00 [running]> on host 8280c28b7f0f
[2025-05-04T01:08:10.479+0000] {taskinstance.py:3134} INFO - Exporting env vars: AIRFLOW_CTX_DAG_OWNER='***' AIRFLOW_CTX_DAG_ID='google_maps_reviews' AIRFLOW_CTX_TASK_ID='analyze_sentiment' AIRFLOW_CTX_EXECUTION_DATE='2025-05-03T00:00:00+00:00' AIRFLOW_CTX_TRY_NUMBER='1' AIRFLOW_CTX_DAG_RUN_ID='scheduled__2025-05-03T00:00:00+00:00'
[2025-05-04T01:08:10.482+0000] {logging_mixin.py:190} INFO - Task instance is in running state
[2025-05-04T01:08:10.484+0000] {logging_mixin.py:190} INFO -  Previous state of the Task instance: queued
[2025-05-04T01:08:10.485+0000] {logging_mixin.py:190} INFO - Current task name:analyze_sentiment state:running start_date:2025-05-04 01:08:10.103526+00:00
[2025-05-04T01:08:10.486+0000] {logging_mixin.py:190} INFO - Dag name:google_maps_reviews and current dag run status:running
[2025-05-04T01:08:10.486+0000] {taskinstance.py:732} INFO - ::endgroup::
[2025-05-04T01:08:10.504+0000] {base.py:84} INFO - Retrieving connection 'postgres_defaut'
[2025-05-04T01:08:10.686+0000] {logging_mixin.py:190} INFO - Sentiment analysis completed.
[2025-05-04T01:08:10.688+0000] {python.py:240} INFO - Done. Returned value was: None
[2025-05-04T01:08:10.706+0000] {taskinstance.py:341} INFO - ::group::Post task execution logs
[2025-05-04T01:08:10.708+0000] {taskinstance.py:353} INFO - Marking task as SUCCESS. dag_id=google_maps_reviews, task_id=analyze_sentiment, run_id=scheduled__2025-05-03T00:00:00+00:00, execution_date=20250503T000000, start_date=20250504T010810, end_date=20250504T010810
[2025-05-04T01:08:10.757+0000] {logging_mixin.py:190} INFO - Task instance in success state
[2025-05-04T01:08:10.759+0000] {logging_mixin.py:190} INFO -  Previous state of the Task instance: running
[2025-05-04T01:08:10.760+0000] {logging_mixin.py:190} INFO - Dag name:google_maps_reviews queued_at:2025-05-04 01:07:00.790536+00:00
[2025-05-04T01:08:10.761+0000] {logging_mixin.py:190} INFO - Task hostname:8280c28b7f0f operator:PythonOperator
[2025-05-04T01:08:10.802+0000] {local_task_job_runner.py:266} INFO - Task exited with return code 0
[2025-05-04T01:08:10.857+0000] {taskinstance.py:3901} INFO - 1 downstream tasks scheduled from follow-on schedule check
[2025-05-04T01:08:10.882+0000] {local_task_job_runner.py:245} INFO - ::endgroup::
