[2025-04-04T18:57:43.077+0000] {local_task_job_runner.py:123} INFO - ::group::Pre task execution logs
[2025-04-04T18:57:43.118+0000] {taskinstance.py:2614} INFO - Dependencies all met for dep_context=non-requeueable deps ti=<TaskInstance: google_maps_reviews_pipeline.analyze_sentiment manual__2025-04-04T18:56:57.108267+00:00 [queued]>
[2025-04-04T18:57:43.139+0000] {taskinstance.py:2614} INFO - Dependencies all met for dep_context=requeueable deps ti=<TaskInstance: google_maps_reviews_pipeline.analyze_sentiment manual__2025-04-04T18:56:57.108267+00:00 [queued]>
[2025-04-04T18:57:43.140+0000] {taskinstance.py:2867} INFO - Starting attempt 1 of 2
[2025-04-04T18:57:43.167+0000] {taskinstance.py:2890} INFO - Executing <Task(PythonOperator): analyze_sentiment> on 2025-04-04 18:56:57.108267+00:00
[2025-04-04T18:57:43.191+0000] {warnings.py:112} WARNING - /home/***/.local/lib/python3.12/site-packages/***/task/task_runner/standard_task_runner.py:70: DeprecationWarning: This process (pid=411) is multi-threaded, use of fork() may lead to deadlocks in the child.
  pid = os.fork()

[2025-04-04T18:57:43.197+0000] {standard_task_runner.py:72} INFO - Started process 426 to run task
[2025-04-04T18:57:43.196+0000] {standard_task_runner.py:104} INFO - Running: ['***', 'tasks', 'run', 'google_maps_reviews_pipeline', 'analyze_sentiment', 'manual__2025-04-04T18:56:57.108267+00:00', '--job-id', '35', '--raw', '--subdir', 'DAGS_FOLDER/***dag.py', '--cfg-path', '/tmp/tmp5ihudqbv']
[2025-04-04T18:57:43.201+0000] {standard_task_runner.py:105} INFO - Job 35: Subtask analyze_sentiment
[2025-04-04T18:57:43.324+0000] {task_command.py:467} INFO - Running <TaskInstance: google_maps_reviews_pipeline.analyze_sentiment manual__2025-04-04T18:56:57.108267+00:00 [running]> on host c3eecb2684dd
[2025-04-04T18:57:43.528+0000] {taskinstance.py:3134} INFO - Exporting env vars: AIRFLOW_CTX_DAG_OWNER='***' AIRFLOW_CTX_DAG_ID='google_maps_reviews_pipeline' AIRFLOW_CTX_TASK_ID='analyze_sentiment' AIRFLOW_CTX_EXECUTION_DATE='2025-04-04T18:56:57.108267+00:00' AIRFLOW_CTX_TRY_NUMBER='1' AIRFLOW_CTX_DAG_RUN_ID='manual__2025-04-04T18:56:57.108267+00:00'
[2025-04-04T18:57:43.530+0000] {logging_mixin.py:190} INFO - Task instance is in running state
[2025-04-04T18:57:43.531+0000] {logging_mixin.py:190} INFO -  Previous state of the Task instance: queued
[2025-04-04T18:57:43.532+0000] {logging_mixin.py:190} INFO - Current task name:analyze_sentiment state:running start_date:2025-04-04 18:57:43.119943+00:00
[2025-04-04T18:57:43.534+0000] {logging_mixin.py:190} INFO - Dag name:google_maps_reviews_pipeline and current dag run status:running
[2025-04-04T18:57:43.535+0000] {taskinstance.py:732} INFO - ::endgroup::
[2025-04-04T18:57:43.556+0000] {base.py:84} INFO - Retrieving connection 'postgres_defaut'
[2025-04-04T18:57:43.569+0000] {logging_mixin.py:190} INFO - Sentiment analysis completed.
[2025-04-04T18:57:43.570+0000] {python.py:240} INFO - Done. Returned value was: None
[2025-04-04T18:57:43.587+0000] {taskinstance.py:341} INFO - ::group::Post task execution logs
[2025-04-04T18:57:43.588+0000] {taskinstance.py:353} INFO - Marking task as SUCCESS. dag_id=google_maps_reviews_pipeline, task_id=analyze_sentiment, run_id=manual__2025-04-04T18:56:57.108267+00:00, execution_date=20250404T185657, start_date=20250404T185743, end_date=20250404T185743
[2025-04-04T18:57:43.630+0000] {logging_mixin.py:190} INFO - Task instance in success state
[2025-04-04T18:57:43.632+0000] {logging_mixin.py:190} INFO -  Previous state of the Task instance: running
[2025-04-04T18:57:43.633+0000] {logging_mixin.py:190} INFO - Dag name:google_maps_reviews_pipeline queued_at:2025-04-04 18:56:57.160682+00:00
[2025-04-04T18:57:43.634+0000] {logging_mixin.py:190} INFO - Task hostname:c3eecb2684dd operator:PythonOperator
[2025-04-04T18:57:43.661+0000] {local_task_job_runner.py:266} INFO - Task exited with return code 0
[2025-04-04T18:57:43.711+0000] {taskinstance.py:3901} INFO - 0 downstream tasks scheduled from follow-on schedule check
[2025-04-04T18:57:43.715+0000] {local_task_job_runner.py:245} INFO - ::endgroup::
