[2025-05-02T19:26:40.965+0000] {local_task_job_runner.py:123} INFO - ::group::Pre task execution logs
[2025-05-02T19:26:41.011+0000] {taskinstance.py:2614} INFO - Dependencies all met for dep_context=non-requeueable deps ti=<TaskInstance: google_maps_reviews.model_data manual__2025-05-02T19:25:35.067225+00:00 [queued]>
[2025-05-02T19:26:41.038+0000] {taskinstance.py:2614} INFO - Dependencies all met for dep_context=requeueable deps ti=<TaskInstance: google_maps_reviews.model_data manual__2025-05-02T19:25:35.067225+00:00 [queued]>
[2025-05-02T19:26:41.057+0000] {taskinstance.py:2867} INFO - Starting attempt 1 of 2
[2025-05-02T19:26:41.088+0000] {taskinstance.py:2890} INFO - Executing <Task(PythonOperator): model_data> on 2025-05-02 19:25:35.067225+00:00
[2025-05-02T19:26:41.112+0000] {standard_task_runner.py:104} INFO - Running: ['***', 'tasks', 'run', 'google_maps_reviews', 'model_data', 'manual__2025-05-02T19:25:35.067225+00:00', '--job-id', '158', '--raw', '--subdir', 'DAGS_FOLDER/***dag.py', '--cfg-path', '/tmp/tmpdlzbne4l']
[2025-05-02T19:26:41.109+0000] {warnings.py:112} WARNING - /home/***/.local/lib/python3.12/site-packages/***/task/task_runner/standard_task_runner.py:70: DeprecationWarning: This process (pid=1186) is multi-threaded, use of fork() may lead to deadlocks in the child.
  pid = os.fork()

[2025-05-02T19:26:41.115+0000] {standard_task_runner.py:105} INFO - Job 158: Subtask model_data
[2025-05-02T19:26:41.115+0000] {standard_task_runner.py:72} INFO - Started process 1201 to run task
[2025-05-02T19:26:41.231+0000] {task_command.py:467} INFO - Running <TaskInstance: google_maps_reviews.model_data manual__2025-05-02T19:25:35.067225+00:00 [running]> on host 6ca499d7a39a
[2025-05-02T19:26:41.387+0000] {taskinstance.py:3134} INFO - Exporting env vars: AIRFLOW_CTX_DAG_OWNER='***' AIRFLOW_CTX_DAG_ID='google_maps_reviews' AIRFLOW_CTX_TASK_ID='model_data' AIRFLOW_CTX_EXECUTION_DATE='2025-05-02T19:25:35.067225+00:00' AIRFLOW_CTX_TRY_NUMBER='1' AIRFLOW_CTX_DAG_RUN_ID='manual__2025-05-02T19:25:35.067225+00:00'
[2025-05-02T19:26:41.391+0000] {logging_mixin.py:190} INFO - Task instance is in running state
[2025-05-02T19:26:41.392+0000] {logging_mixin.py:190} INFO -  Previous state of the Task instance: queued
[2025-05-02T19:26:41.394+0000] {logging_mixin.py:190} INFO - Current task name:model_data state:running start_date:2025-05-02 19:26:41.013276+00:00
[2025-05-02T19:26:41.395+0000] {logging_mixin.py:190} INFO - Dag name:google_maps_reviews and current dag run status:running
[2025-05-02T19:26:41.396+0000] {taskinstance.py:732} INFO - ::endgroup::
[2025-05-02T19:26:41.413+0000] {base.py:84} INFO - Retrieving connection 'postgres_defaut'
[2025-05-02T19:26:41.550+0000] {python.py:240} INFO - Done. Returned value was: None
[2025-05-02T19:26:41.571+0000] {taskinstance.py:341} INFO - ::group::Post task execution logs
[2025-05-02T19:26:41.572+0000] {taskinstance.py:353} INFO - Marking task as SUCCESS. dag_id=google_maps_reviews, task_id=model_data, run_id=manual__2025-05-02T19:25:35.067225+00:00, execution_date=20250502T192535, start_date=20250502T192641, end_date=20250502T192641
[2025-05-02T19:26:41.615+0000] {logging_mixin.py:190} INFO - Task instance in success state
[2025-05-02T19:26:41.617+0000] {logging_mixin.py:190} INFO -  Previous state of the Task instance: running
[2025-05-02T19:26:41.619+0000] {logging_mixin.py:190} INFO - Dag name:google_maps_reviews queued_at:2025-05-02 19:25:35.100723+00:00
[2025-05-02T19:26:41.620+0000] {logging_mixin.py:190} INFO - Task hostname:6ca499d7a39a operator:PythonOperator
[2025-05-02T19:26:41.657+0000] {local_task_job_runner.py:266} INFO - Task exited with return code 0
[2025-05-02T19:26:41.710+0000] {taskinstance.py:3901} INFO - 1 downstream tasks scheduled from follow-on schedule check
[2025-05-02T19:26:41.713+0000] {local_task_job_runner.py:245} INFO - ::endgroup::
