[2025-05-03T13:21:25.409+0000] {local_task_job_runner.py:123} INFO - ::group::Pre task execution logs
[2025-05-03T13:21:25.451+0000] {taskinstance.py:2614} INFO - Dependencies all met for dep_context=non-requeueable deps ti=<TaskInstance: google_maps_reviews.Load_reviews1 manual__2025-05-03T13:20:54.258715+00:00 [queued]>
[2025-05-03T13:21:25.476+0000] {taskinstance.py:2614} INFO - Dependencies all met for dep_context=requeueable deps ti=<TaskInstance: google_maps_reviews.Load_reviews1 manual__2025-05-03T13:20:54.258715+00:00 [queued]>
[2025-05-03T13:21:25.494+0000] {taskinstance.py:2867} INFO - Starting attempt 1 of 2
[2025-05-03T13:21:25.521+0000] {taskinstance.py:2890} INFO - Executing <Task(PythonOperator): Load_reviews1> on 2025-05-03 13:20:54.258715+00:00
[2025-05-03T13:21:25.540+0000] {warnings.py:112} WARNING - /home/***/.local/lib/python3.12/site-packages/***/task/task_runner/standard_task_runner.py:70: DeprecationWarning: This process (pid=3436) is multi-threaded, use of fork() may lead to deadlocks in the child.
  pid = os.fork()

[2025-05-03T13:21:25.544+0000] {standard_task_runner.py:72} INFO - Started process 3451 to run task
[2025-05-03T13:21:25.546+0000] {standard_task_runner.py:104} INFO - Running: ['***', 'tasks', 'run', 'google_maps_reviews', 'Load_reviews1', 'manual__2025-05-03T13:20:54.258715+00:00', '--job-id', '283', '--raw', '--subdir', 'DAGS_FOLDER/***dag.py', '--cfg-path', '/tmp/tmpj5588mrg']
[2025-05-03T13:21:25.549+0000] {standard_task_runner.py:105} INFO - Job 283: Subtask Load_reviews1
[2025-05-03T13:21:25.625+0000] {task_command.py:467} INFO - Running <TaskInstance: google_maps_reviews.Load_reviews1 manual__2025-05-03T13:20:54.258715+00:00 [running]> on host 8280c28b7f0f
[2025-05-03T13:21:25.776+0000] {taskinstance.py:3134} INFO - Exporting env vars: AIRFLOW_CTX_DAG_OWNER='***' AIRFLOW_CTX_DAG_ID='google_maps_reviews' AIRFLOW_CTX_TASK_ID='Load_reviews1' AIRFLOW_CTX_EXECUTION_DATE='2025-05-03T13:20:54.258715+00:00' AIRFLOW_CTX_TRY_NUMBER='1' AIRFLOW_CTX_DAG_RUN_ID='manual__2025-05-03T13:20:54.258715+00:00'
[2025-05-03T13:21:25.779+0000] {logging_mixin.py:190} INFO - Task instance is in running state
[2025-05-03T13:21:25.780+0000] {logging_mixin.py:190} INFO -  Previous state of the Task instance: queued
[2025-05-03T13:21:25.781+0000] {logging_mixin.py:190} INFO - Current task name:Load_reviews1 state:running start_date:2025-05-03 13:21:25.453381+00:00
[2025-05-03T13:21:25.781+0000] {logging_mixin.py:190} INFO - Dag name:google_maps_reviews and current dag run status:running
[2025-05-03T13:21:25.782+0000] {taskinstance.py:732} INFO - ::endgroup::
[2025-05-03T13:21:25.816+0000] {logging_mixin.py:190} INFO - Current directory: /opt/***/dags
[2025-05-03T13:21:25.817+0000] {logging_mixin.py:190} INFO - Data path: /opt/***/dags/input/reviews.csv
[2025-05-03T13:21:25.853+0000] {base.py:84} INFO - Retrieving connection 'postgres_defaut'
[2025-05-03T13:21:25.916+0000] {logging_mixin.py:190} INFO - Data stored in PostgreSQL.
[2025-05-03T13:21:25.918+0000] {python.py:240} INFO - Done. Returned value was: None
[2025-05-03T13:21:25.936+0000] {taskinstance.py:341} INFO - ::group::Post task execution logs
[2025-05-03T13:21:25.937+0000] {taskinstance.py:353} INFO - Marking task as SUCCESS. dag_id=google_maps_reviews, task_id=Load_reviews1, run_id=manual__2025-05-03T13:20:54.258715+00:00, execution_date=20250503T132054, start_date=20250503T132125, end_date=20250503T132125
[2025-05-03T13:21:25.983+0000] {logging_mixin.py:190} INFO - Task instance in success state
[2025-05-03T13:21:25.984+0000] {logging_mixin.py:190} INFO -  Previous state of the Task instance: running
[2025-05-03T13:21:25.986+0000] {logging_mixin.py:190} INFO - Dag name:google_maps_reviews queued_at:2025-05-03 13:20:54.308778+00:00
[2025-05-03T13:21:25.987+0000] {logging_mixin.py:190} INFO - Task hostname:8280c28b7f0f operator:PythonOperator
[2025-05-03T13:21:26.044+0000] {local_task_job_runner.py:266} INFO - Task exited with return code 0
[2025-05-03T13:21:26.111+0000] {taskinstance.py:3901} INFO - 1 downstream tasks scheduled from follow-on schedule check
[2025-05-03T13:21:26.137+0000] {local_task_job_runner.py:245} INFO - ::endgroup::
