[2025-05-04T16:19:57.301+0000] {local_task_job_runner.py:123} INFO - ::group::Pre task execution logs
[2025-05-04T16:19:57.347+0000] {taskinstance.py:2614} INFO - Dependencies all met for dep_context=non-requeueable deps ti=<TaskInstance: google_maps_reviews.normalize_and_clean_data manual__2025-05-04T16:19:25.800169+00:00 [queued]>
[2025-05-04T16:19:57.371+0000] {taskinstance.py:2614} INFO - Dependencies all met for dep_context=requeueable deps ti=<TaskInstance: google_maps_reviews.normalize_and_clean_data manual__2025-05-04T16:19:25.800169+00:00 [queued]>
[2025-05-04T16:19:57.373+0000] {taskinstance.py:2867} INFO - Starting attempt 1 of 2
[2025-05-04T16:19:57.401+0000] {taskinstance.py:2890} INFO - Executing <Task(PythonOperator): normalize_and_clean_data> on 2025-05-04 16:19:25.800169+00:00
[2025-05-04T16:19:57.421+0000] {warnings.py:112} WARNING - /home/***/.local/lib/python3.12/site-packages/***/task/task_runner/standard_task_runner.py:70: DeprecationWarning: This process (pid=870) is multi-threaded, use of fork() may lead to deadlocks in the child.
  pid = os.fork()

[2025-05-04T16:19:57.425+0000] {standard_task_runner.py:72} INFO - Started process 885 to run task
[2025-05-04T16:19:57.424+0000] {standard_task_runner.py:104} INFO - Running: ['***', 'tasks', 'run', 'google_maps_reviews', 'normalize_and_clean_data', 'manual__2025-05-04T16:19:25.800169+00:00', '--job-id', '445', '--raw', '--subdir', 'DAGS_FOLDER/***dag.py', '--cfg-path', '/tmp/tmpgohx8dbp']
[2025-05-04T16:19:57.428+0000] {standard_task_runner.py:105} INFO - Job 445: Subtask normalize_and_clean_data
[2025-05-04T16:19:57.529+0000] {task_command.py:467} INFO - Running <TaskInstance: google_maps_reviews.normalize_and_clean_data manual__2025-05-04T16:19:25.800169+00:00 [running]> on host 8280c28b7f0f
[2025-05-04T16:19:57.700+0000] {taskinstance.py:3134} INFO - Exporting env vars: AIRFLOW_CTX_DAG_OWNER='***' AIRFLOW_CTX_DAG_ID='google_maps_reviews' AIRFLOW_CTX_TASK_ID='normalize_and_clean_data' AIRFLOW_CTX_EXECUTION_DATE='2025-05-04T16:19:25.800169+00:00' AIRFLOW_CTX_TRY_NUMBER='1' AIRFLOW_CTX_DAG_RUN_ID='manual__2025-05-04T16:19:25.800169+00:00'
[2025-05-04T16:19:57.704+0000] {logging_mixin.py:190} INFO - Task instance is in running state
[2025-05-04T16:19:57.705+0000] {logging_mixin.py:190} INFO -  Previous state of the Task instance: queued
[2025-05-04T16:19:57.706+0000] {logging_mixin.py:190} INFO - Current task name:normalize_and_clean_data state:running start_date:2025-05-04 16:19:57.349460+00:00
[2025-05-04T16:19:57.707+0000] {logging_mixin.py:190} INFO - Dag name:google_maps_reviews and current dag run status:running
[2025-05-04T16:19:57.708+0000] {taskinstance.py:732} INFO - ::endgroup::
[2025-05-04T16:19:57.726+0000] {base.py:84} INFO - Retrieving connection 'postgres_defaut'
[2025-05-04T16:19:57.743+0000] {warnings.py:112} WARNING - /opt/***/dags/storeData.py:286: UserWarning: pandas only supports SQLAlchemy connectable (engine/connection) or database string URI or sqlite3 DBAPI2 connection. Other DBAPI2 objects are not tested. Please consider using SQLAlchemy.
  df = pd.read_sql("SELECT * FROM review.raw_reviews", conn)

[2025-05-04T16:19:57.857+0000] {logging_mixin.py:190} INFO - Data normalized and cleaned successfully.
[2025-05-04T16:19:57.858+0000] {python.py:240} INFO - Done. Returned value was: None
[2025-05-04T16:19:57.874+0000] {taskinstance.py:341} INFO - ::group::Post task execution logs
[2025-05-04T16:19:57.875+0000] {taskinstance.py:353} INFO - Marking task as SUCCESS. dag_id=google_maps_reviews, task_id=normalize_and_clean_data, run_id=manual__2025-05-04T16:19:25.800169+00:00, execution_date=20250504T161925, start_date=20250504T161957, end_date=20250504T161957
[2025-05-04T16:19:57.912+0000] {logging_mixin.py:190} INFO - Task instance in success state
[2025-05-04T16:19:57.913+0000] {logging_mixin.py:190} INFO -  Previous state of the Task instance: running
[2025-05-04T16:19:57.914+0000] {logging_mixin.py:190} INFO - Dag name:google_maps_reviews queued_at:2025-05-04 16:19:25.872407+00:00
[2025-05-04T16:19:57.915+0000] {logging_mixin.py:190} INFO - Task hostname:8280c28b7f0f operator:PythonOperator
[2025-05-04T16:19:57.967+0000] {local_task_job_runner.py:266} INFO - Task exited with return code 0
[2025-05-04T16:19:58.024+0000] {taskinstance.py:3901} INFO - 1 downstream tasks scheduled from follow-on schedule check
[2025-05-04T16:19:58.028+0000] {local_task_job_runner.py:245} INFO - ::endgroup::
