[2025-05-06T16:59:28.282+0000] {local_task_job_runner.py:123} INFO - ::group::Pre task execution logs
[2025-05-06T16:59:28.323+0000] {taskinstance.py:2614} INFO - Dependencies all met for dep_context=non-requeueable deps ti=<TaskInstance: google_maps_reviews.remove_duplicates scheduled__2025-05-05T00:00:00+00:00 [queued]>
[2025-05-06T16:59:28.347+0000] {taskinstance.py:2614} INFO - Dependencies all met for dep_context=requeueable deps ti=<TaskInstance: google_maps_reviews.remove_duplicates scheduled__2025-05-05T00:00:00+00:00 [queued]>
[2025-05-06T16:59:28.365+0000] {taskinstance.py:2867} INFO - Starting attempt 3 of 4
[2025-05-06T16:59:28.395+0000] {taskinstance.py:2890} INFO - Executing <Task(PythonOperator): remove_duplicates> on 2025-05-05 00:00:00+00:00
[2025-05-06T16:59:28.422+0000] {warnings.py:112} WARNING - /home/***/.local/lib/python3.12/site-packages/***/task/task_runner/standard_task_runner.py:70: DeprecationWarning: This process (pid=4462) is multi-threaded, use of fork() may lead to deadlocks in the child.
  pid = os.fork()

[2025-05-06T16:59:28.428+0000] {standard_task_runner.py:72} INFO - Started process 4477 to run task
[2025-05-06T16:59:28.428+0000] {standard_task_runner.py:104} INFO - Running: ['***', 'tasks', 'run', 'google_maps_reviews', 'remove_duplicates', 'scheduled__2025-05-05T00:00:00+00:00', '--job-id', '571', '--raw', '--subdir', 'DAGS_FOLDER/***dag.py', '--cfg-path', '/tmp/tmpujfgfbp4']
[2025-05-06T16:59:28.431+0000] {standard_task_runner.py:105} INFO - Job 571: Subtask remove_duplicates
[2025-05-06T16:59:28.518+0000] {task_command.py:467} INFO - Running <TaskInstance: google_maps_reviews.remove_duplicates scheduled__2025-05-05T00:00:00+00:00 [running]> on host 8280c28b7f0f
[2025-05-06T16:59:28.709+0000] {taskinstance.py:3134} INFO - Exporting env vars: AIRFLOW_CTX_DAG_OWNER='***' AIRFLOW_CTX_DAG_ID='google_maps_reviews' AIRFLOW_CTX_TASK_ID='remove_duplicates' AIRFLOW_CTX_EXECUTION_DATE='2025-05-05T00:00:00+00:00' AIRFLOW_CTX_TRY_NUMBER='3' AIRFLOW_CTX_DAG_RUN_ID='scheduled__2025-05-05T00:00:00+00:00'
[2025-05-06T16:59:28.712+0000] {logging_mixin.py:190} INFO - Task instance is in running state
[2025-05-06T16:59:28.713+0000] {logging_mixin.py:190} INFO -  Previous state of the Task instance: queued
[2025-05-06T16:59:28.714+0000] {logging_mixin.py:190} INFO - Current task name:remove_duplicates state:running start_date:2025-05-06 16:59:28.325946+00:00
[2025-05-06T16:59:28.716+0000] {logging_mixin.py:190} INFO - Dag name:google_maps_reviews and current dag run status:running
[2025-05-06T16:59:28.717+0000] {taskinstance.py:732} INFO - ::endgroup::
[2025-05-06T16:59:28.738+0000] {base.py:84} INFO - Retrieving connection 'postgres_defaut'
[2025-05-06T16:59:28.830+0000] {logging_mixin.py:190} INFO - Duplicate reviews removed.
[2025-05-06T16:59:28.832+0000] {python.py:240} INFO - Done. Returned value was: None
[2025-05-06T16:59:28.854+0000] {taskinstance.py:341} INFO - ::group::Post task execution logs
[2025-05-06T16:59:28.855+0000] {taskinstance.py:353} INFO - Marking task as SUCCESS. dag_id=google_maps_reviews, task_id=remove_duplicates, run_id=scheduled__2025-05-05T00:00:00+00:00, execution_date=20250505T000000, start_date=20250506T165928, end_date=20250506T165928
[2025-05-06T16:59:28.904+0000] {logging_mixin.py:190} INFO - Task instance in success state
[2025-05-06T16:59:28.906+0000] {logging_mixin.py:190} INFO -  Previous state of the Task instance: running
[2025-05-06T16:59:28.907+0000] {logging_mixin.py:190} INFO - Dag name:google_maps_reviews queued_at:2025-05-06 16:57:14.643605+00:00
[2025-05-06T16:59:28.909+0000] {logging_mixin.py:190} INFO - Task hostname:8280c28b7f0f operator:PythonOperator
[2025-05-06T16:59:28.970+0000] {local_task_job_runner.py:266} INFO - Task exited with return code 0
[2025-05-06T16:59:29.040+0000] {taskinstance.py:3901} INFO - 1 downstream tasks scheduled from follow-on schedule check
[2025-05-06T16:59:29.046+0000] {local_task_job_runner.py:245} INFO - ::endgroup::
