[2025-05-02T11:18:55.083+0000] {local_task_job_runner.py:123} INFO - ::group::Pre task execution logs
[2025-05-02T11:18:55.132+0000] {taskinstance.py:2614} INFO - Dependencies all met for dep_context=non-requeueable deps ti=<TaskInstance: google_maps_reviews_pipeline.remove_duplicates manual__2025-05-02T11:18:28.506452+00:00 [queued]>
[2025-05-02T11:18:55.152+0000] {taskinstance.py:2614} INFO - Dependencies all met for dep_context=requeueable deps ti=<TaskInstance: google_maps_reviews_pipeline.remove_duplicates manual__2025-05-02T11:18:28.506452+00:00 [queued]>
[2025-05-02T11:18:55.153+0000] {taskinstance.py:2867} INFO - Starting attempt 1 of 2
[2025-05-02T11:18:55.180+0000] {taskinstance.py:2890} INFO - Executing <Task(PythonOperator): remove_duplicates> on 2025-05-02 11:18:28.506452+00:00
[2025-05-02T11:18:55.200+0000] {warnings.py:112} WARNING - /home/***/.local/lib/python3.12/site-packages/***/task/task_runner/standard_task_runner.py:70: DeprecationWarning: This process (pid=576) is multi-threaded, use of fork() may lead to deadlocks in the child.
  pid = os.fork()

[2025-05-02T11:18:55.205+0000] {standard_task_runner.py:72} INFO - Started process 591 to run task
[2025-05-02T11:18:55.205+0000] {standard_task_runner.py:104} INFO - Running: ['***', 'tasks', 'run', 'google_maps_reviews_pipeline', 'remove_duplicates', 'manual__2025-05-02T11:18:28.506452+00:00', '--job-id', '84', '--raw', '--subdir', 'DAGS_FOLDER/***dag.py', '--cfg-path', '/tmp/tmp8588222j']
[2025-05-02T11:18:55.209+0000] {standard_task_runner.py:105} INFO - Job 84: Subtask remove_duplicates
[2025-05-02T11:18:55.307+0000] {task_command.py:467} INFO - Running <TaskInstance: google_maps_reviews_pipeline.remove_duplicates manual__2025-05-02T11:18:28.506452+00:00 [running]> on host 95fe2406fe61
[2025-05-02T11:18:55.507+0000] {taskinstance.py:3134} INFO - Exporting env vars: AIRFLOW_CTX_DAG_OWNER='***' AIRFLOW_CTX_DAG_ID='google_maps_reviews_pipeline' AIRFLOW_CTX_TASK_ID='remove_duplicates' AIRFLOW_CTX_EXECUTION_DATE='2025-05-02T11:18:28.506452+00:00' AIRFLOW_CTX_TRY_NUMBER='1' AIRFLOW_CTX_DAG_RUN_ID='manual__2025-05-02T11:18:28.506452+00:00'
[2025-05-02T11:18:55.512+0000] {logging_mixin.py:190} INFO - Task instance is in running state
[2025-05-02T11:18:55.513+0000] {logging_mixin.py:190} INFO -  Previous state of the Task instance: queued
[2025-05-02T11:18:55.515+0000] {logging_mixin.py:190} INFO - Current task name:remove_duplicates state:running start_date:2025-05-02 11:18:55.134001+00:00
[2025-05-02T11:18:55.515+0000] {logging_mixin.py:190} INFO - Dag name:google_maps_reviews_pipeline and current dag run status:running
[2025-05-02T11:18:55.516+0000] {taskinstance.py:732} INFO - ::endgroup::
[2025-05-02T11:18:55.542+0000] {base.py:84} INFO - Retrieving connection 'postgres_defaut'
[2025-05-02T11:18:55.558+0000] {logging_mixin.py:190} INFO - Duplicate reviews removed.
[2025-05-02T11:18:55.560+0000] {python.py:240} INFO - Done. Returned value was: None
[2025-05-02T11:18:55.579+0000] {taskinstance.py:341} INFO - ::group::Post task execution logs
[2025-05-02T11:18:55.580+0000] {taskinstance.py:353} INFO - Marking task as SUCCESS. dag_id=google_maps_reviews_pipeline, task_id=remove_duplicates, run_id=manual__2025-05-02T11:18:28.506452+00:00, execution_date=20250502T111828, start_date=20250502T111855, end_date=20250502T111855
[2025-05-02T11:18:55.624+0000] {logging_mixin.py:190} INFO - Task instance in success state
[2025-05-02T11:18:55.626+0000] {logging_mixin.py:190} INFO -  Previous state of the Task instance: running
[2025-05-02T11:18:55.627+0000] {logging_mixin.py:190} INFO - Dag name:google_maps_reviews_pipeline queued_at:2025-05-02 11:18:28.572452+00:00
[2025-05-02T11:18:55.628+0000] {logging_mixin.py:190} INFO - Task hostname:95fe2406fe61 operator:PythonOperator
[2025-05-02T11:18:55.667+0000] {local_task_job_runner.py:266} INFO - Task exited with return code 0
[2025-05-02T11:18:55.729+0000] {taskinstance.py:3901} INFO - 1 downstream tasks scheduled from follow-on schedule check
[2025-05-02T11:18:55.734+0000] {local_task_job_runner.py:245} INFO - ::endgroup::
