[2025-05-02T20:53:16.663+0000] {local_task_job_runner.py:123} INFO - ::group::Pre task execution logs
[2025-05-02T20:53:16.697+0000] {taskinstance.py:2614} INFO - Dependencies all met for dep_context=non-requeueable deps ti=<TaskInstance: google_maps_reviews.fetch_google_reviews manual__2025-05-02T20:53:08.420732+00:00 [queued]>
[2025-05-02T20:53:16.715+0000] {taskinstance.py:2614} INFO - Dependencies all met for dep_context=requeueable deps ti=<TaskInstance: google_maps_reviews.fetch_google_reviews manual__2025-05-02T20:53:08.420732+00:00 [queued]>
[2025-05-02T20:53:16.717+0000] {taskinstance.py:2867} INFO - Starting attempt 1 of 2
[2025-05-02T20:53:16.746+0000] {taskinstance.py:2890} INFO - Executing <Task(PythonOperator): fetch_google_reviews> on 2025-05-02 20:53:08.420732+00:00
[2025-05-02T20:53:16.766+0000] {warnings.py:112} WARNING - /home/***/.local/lib/python3.12/site-packages/***/task/task_runner/standard_task_runner.py:70: DeprecationWarning: This process (pid=1829) is multi-threaded, use of fork() may lead to deadlocks in the child.
  pid = os.fork()

[2025-05-02T20:53:16.772+0000] {standard_task_runner.py:72} INFO - Started process 1844 to run task
[2025-05-02T20:53:16.773+0000] {standard_task_runner.py:104} INFO - Running: ['***', 'tasks', 'run', 'google_maps_reviews', 'fetch_google_reviews', 'manual__2025-05-02T20:53:08.420732+00:00', '--job-id', '161', '--raw', '--subdir', 'DAGS_FOLDER/***dag.py', '--cfg-path', '/tmp/tmpam29tc4b']
[2025-05-02T20:53:16.776+0000] {standard_task_runner.py:105} INFO - Job 161: Subtask fetch_google_reviews
[2025-05-02T20:53:16.879+0000] {task_command.py:467} INFO - Running <TaskInstance: google_maps_reviews.fetch_google_reviews manual__2025-05-02T20:53:08.420732+00:00 [running]> on host 6ca499d7a39a
[2025-05-02T20:53:17.052+0000] {taskinstance.py:3134} INFO - Exporting env vars: AIRFLOW_CTX_DAG_OWNER='***' AIRFLOW_CTX_DAG_ID='google_maps_reviews' AIRFLOW_CTX_TASK_ID='fetch_google_reviews' AIRFLOW_CTX_EXECUTION_DATE='2025-05-02T20:53:08.420732+00:00' AIRFLOW_CTX_TRY_NUMBER='1' AIRFLOW_CTX_DAG_RUN_ID='manual__2025-05-02T20:53:08.420732+00:00'
[2025-05-02T20:53:17.054+0000] {logging_mixin.py:190} INFO - Task instance is in running state
[2025-05-02T20:53:17.055+0000] {logging_mixin.py:190} INFO -  Previous state of the Task instance: queued
[2025-05-02T20:53:17.056+0000] {logging_mixin.py:190} INFO - Current task name:fetch_google_reviews state:running start_date:2025-05-02 20:53:16.698604+00:00
[2025-05-02T20:53:17.056+0000] {logging_mixin.py:190} INFO - Dag name:google_maps_reviews and current dag run status:running
[2025-05-02T20:53:17.057+0000] {taskinstance.py:732} INFO - ::endgroup::
[2025-05-02T20:53:17.059+0000] {client.py:194} INFO - API queries_quota: 60
[2025-05-02T20:53:21.005+0000] {logging_mixin.py:190} INFO - Data successfully saved to /opt/***/dags/input/reviews.csv
[2025-05-02T20:53:21.008+0000] {python.py:240} INFO - Done. Returned value was: None
[2025-05-02T20:53:21.032+0000] {taskinstance.py:341} INFO - ::group::Post task execution logs
[2025-05-02T20:53:21.034+0000] {taskinstance.py:353} INFO - Marking task as SUCCESS. dag_id=google_maps_reviews, task_id=fetch_google_reviews, run_id=manual__2025-05-02T20:53:08.420732+00:00, execution_date=20250502T205308, start_date=20250502T205316, end_date=20250502T205321
[2025-05-02T20:53:21.099+0000] {logging_mixin.py:190} INFO - Task instance in success state
[2025-05-02T20:53:21.101+0000] {logging_mixin.py:190} INFO -  Previous state of the Task instance: running
[2025-05-02T20:53:21.102+0000] {logging_mixin.py:190} INFO - Dag name:google_maps_reviews queued_at:2025-05-02 20:53:08.523646+00:00
[2025-05-02T20:53:21.103+0000] {logging_mixin.py:190} INFO - Task hostname:6ca499d7a39a operator:PythonOperator
[2025-05-02T20:53:21.128+0000] {local_task_job_runner.py:266} INFO - Task exited with return code 0
[2025-05-02T20:53:21.201+0000] {taskinstance.py:3901} INFO - 1 downstream tasks scheduled from follow-on schedule check
[2025-05-02T20:53:21.223+0000] {local_task_job_runner.py:245} INFO - ::endgroup::
