[2025-05-03T22:00:23.963+0000] {local_task_job_runner.py:123} INFO - ::group::Pre task execution logs
[2025-05-03T22:00:24.005+0000] {taskinstance.py:2614} INFO - Dependencies all met for dep_context=non-requeueable deps ti=<TaskInstance: google_maps_reviews.run_dbt_models manual__2025-05-03T21:58:42.338366+00:00 [queued]>
[2025-05-03T22:00:24.032+0000] {taskinstance.py:2614} INFO - Dependencies all met for dep_context=requeueable deps ti=<TaskInstance: google_maps_reviews.run_dbt_models manual__2025-05-03T21:58:42.338366+00:00 [queued]>
[2025-05-03T22:00:24.034+0000] {taskinstance.py:2867} INFO - Starting attempt 1 of 2
[2025-05-03T22:00:24.059+0000] {taskinstance.py:2890} INFO - Executing <Task(BashOperator): run_dbt_models> on 2025-05-03 21:58:42.338366+00:00
[2025-05-03T22:00:24.079+0000] {warnings.py:112} WARNING - /home/***/.local/lib/python3.12/site-packages/***/task/task_runner/standard_task_runner.py:70: DeprecationWarning: This process (pid=8389) is multi-threaded, use of fork() may lead to deadlocks in the child.
  pid = os.fork()

[2025-05-03T22:00:24.083+0000] {standard_task_runner.py:72} INFO - Started process 8404 to run task
[2025-05-03T22:00:24.083+0000] {standard_task_runner.py:104} INFO - Running: ['***', 'tasks', 'run', 'google_maps_reviews', 'run_dbt_models', 'manual__2025-05-03T21:58:42.338366+00:00', '--job-id', '402', '--raw', '--subdir', 'DAGS_FOLDER/***dag.py', '--cfg-path', '/tmp/tmpyuyuz51z']
[2025-05-03T22:00:24.085+0000] {standard_task_runner.py:105} INFO - Job 402: Subtask run_dbt_models
[2025-05-03T22:00:24.171+0000] {task_command.py:467} INFO - Running <TaskInstance: google_maps_reviews.run_dbt_models manual__2025-05-03T21:58:42.338366+00:00 [running]> on host 8280c28b7f0f
[2025-05-03T22:00:24.330+0000] {taskinstance.py:3134} INFO - Exporting env vars: AIRFLOW_CTX_DAG_OWNER='***' AIRFLOW_CTX_DAG_ID='google_maps_reviews' AIRFLOW_CTX_TASK_ID='run_dbt_models' AIRFLOW_CTX_EXECUTION_DATE='2025-05-03T21:58:42.338366+00:00' AIRFLOW_CTX_TRY_NUMBER='1' AIRFLOW_CTX_DAG_RUN_ID='manual__2025-05-03T21:58:42.338366+00:00'
[2025-05-03T22:00:24.332+0000] {logging_mixin.py:190} INFO - Task instance is in running state
[2025-05-03T22:00:24.333+0000] {logging_mixin.py:190} INFO -  Previous state of the Task instance: queued
[2025-05-03T22:00:24.334+0000] {logging_mixin.py:190} INFO - Current task name:run_dbt_models state:running start_date:2025-05-03 22:00:24.007127+00:00
[2025-05-03T22:00:24.335+0000] {logging_mixin.py:190} INFO - Dag name:google_maps_reviews and current dag run status:running
[2025-05-03T22:00:24.335+0000] {taskinstance.py:732} INFO - ::endgroup::
[2025-05-03T22:00:24.337+0000] {subprocess.py:78} INFO - Tmp dir root location: /tmp
[2025-05-03T22:00:24.345+0000] {subprocess.py:88} INFO - Running command: ['/usr/bin/bash', '-c', 'cd /opt/***/dbt_project/bank_reviews_dbt && dbt run --profiles-dir .']
[2025-05-03T22:00:24.371+0000] {subprocess.py:99} INFO - Output:
[2025-05-03T22:00:29.402+0000] {subprocess.py:106} INFO - [0m22:00:29  Running with dbt=1.9.4
[2025-05-03T22:00:30.008+0000] {subprocess.py:106} INFO - [0m22:00:30  Registered adapter: postgres=1.9.0
[2025-05-03T22:00:31.183+0000] {subprocess.py:106} INFO - [0m22:00:31  Found 5 models, 12 data tests, 433 macros
[2025-05-03T22:00:31.190+0000] {subprocess.py:106} INFO - [0m22:00:31
[2025-05-03T22:00:31.193+0000] {subprocess.py:106} INFO - [0m22:00:31  Concurrency: 1 threads (target='dev')
[2025-05-03T22:00:31.196+0000] {subprocess.py:106} INFO - [0m22:00:31
[2025-05-03T22:00:31.498+0000] {subprocess.py:106} INFO - [0m22:00:31  1 of 5 START sql table model review.dim_bank ................................... [RUN]
[2025-05-03T22:00:31.869+0000] {subprocess.py:106} INFO - [0m22:00:31  1 of 5 OK created sql table model review.dim_bank .............................. [[32mSELECT 20[0m in 0.36s]
[2025-05-03T22:00:31.874+0000] {subprocess.py:106} INFO - [0m22:00:31  2 of 5 START sql table model review.dim_branch ................................. [RUN]
[2025-05-03T22:00:32.054+0000] {subprocess.py:106} INFO - [0m22:00:32  2 of 5 OK created sql table model review.dim_branch ............................ [[32mSELECT 20[0m in 0.18s]
[2025-05-03T22:00:32.060+0000] {subprocess.py:106} INFO - [0m22:00:32  3 of 5 START sql table model review.dim_location ............................... [RUN]
[2025-05-03T22:00:32.208+0000] {subprocess.py:106} INFO - [0m22:00:32  3 of 5 OK created sql table model review.dim_location .......................... [[32mSELECT 20[0m in 0.14s]
[2025-05-03T22:00:32.214+0000] {subprocess.py:106} INFO - [0m22:00:32  4 of 5 START sql table model review.dim_sentiment .............................. [RUN]
[2025-05-03T22:00:32.358+0000] {subprocess.py:106} INFO - [0m22:00:32  4 of 5 OK created sql table model review.dim_sentiment ......................... [[32mSELECT 3[0m in 0.14s]
[2025-05-03T22:00:32.363+0000] {subprocess.py:106} INFO - [0m22:00:32  5 of 5 START sql table model review.fact_reviews ............................... [RUN]
[2025-05-03T22:00:32.503+0000] {subprocess.py:106} INFO - [0m22:00:32  5 of 5 OK created sql table model review.fact_reviews .......................... [[32mSELECT 95[0m in 0.14s]
[2025-05-03T22:00:32.538+0000] {subprocess.py:106} INFO - [0m22:00:32
[2025-05-03T22:00:32.540+0000] {subprocess.py:106} INFO - [0m22:00:32  Finished running 5 table models in 0 hours 0 minutes and 1.34 seconds (1.34s).
[2025-05-03T22:00:32.665+0000] {subprocess.py:106} INFO - [0m22:00:32
[2025-05-03T22:00:32.667+0000] {subprocess.py:106} INFO - [0m22:00:32  [32mCompleted successfully[0m
[2025-05-03T22:00:32.668+0000] {subprocess.py:106} INFO - [0m22:00:32
[2025-05-03T22:00:32.669+0000] {subprocess.py:106} INFO - [0m22:00:32  Done. PASS=5 WARN=0 ERROR=0 SKIP=0 TOTAL=5
[2025-05-03T22:00:34.996+0000] {subprocess.py:110} INFO - Command exited with return code 0
[2025-05-03T22:00:35.058+0000] {taskinstance.py:341} INFO - ::group::Post task execution logs
[2025-05-03T22:00:35.059+0000] {taskinstance.py:353} INFO - Marking task as SUCCESS. dag_id=google_maps_reviews, task_id=run_dbt_models, run_id=manual__2025-05-03T21:58:42.338366+00:00, execution_date=20250503T215842, start_date=20250503T220024, end_date=20250503T220035
[2025-05-03T22:00:35.118+0000] {logging_mixin.py:190} INFO - Task instance in success state
[2025-05-03T22:00:35.119+0000] {logging_mixin.py:190} INFO -  Previous state of the Task instance: running
[2025-05-03T22:00:35.120+0000] {logging_mixin.py:190} INFO - Dag name:google_maps_reviews queued_at:2025-05-03 21:58:42.581191+00:00
[2025-05-03T22:00:35.121+0000] {logging_mixin.py:190} INFO - Task hostname:8280c28b7f0f operator:BashOperator
[2025-05-03T22:00:35.179+0000] {local_task_job_runner.py:266} INFO - Task exited with return code 0
[2025-05-03T22:00:35.237+0000] {taskinstance.py:3901} INFO - 1 downstream tasks scheduled from follow-on schedule check
[2025-05-03T22:00:35.241+0000] {local_task_job_runner.py:245} INFO - ::endgroup::
