[2025-05-03T21:08:37.935+0000] {local_task_job_runner.py:123} INFO - ::group::Pre task execution logs
[2025-05-03T21:08:37.979+0000] {taskinstance.py:2614} INFO - Dependencies all met for dep_context=non-requeueable deps ti=<TaskInstance: google_maps_reviews.detect_language manual__2025-05-03T21:07:58.706563+00:00 [queued]>
[2025-05-03T21:08:37.999+0000] {taskinstance.py:2614} INFO - Dependencies all met for dep_context=requeueable deps ti=<TaskInstance: google_maps_reviews.detect_language manual__2025-05-03T21:07:58.706563+00:00 [queued]>
[2025-05-03T21:08:38.018+0000] {taskinstance.py:2867} INFO - Starting attempt 1 of 2
[2025-05-03T21:08:38.054+0000] {taskinstance.py:2890} INFO - Executing <Task(PythonOperator): detect_language> on 2025-05-03 21:07:58.706563+00:00
[2025-05-03T21:08:38.075+0000] {warnings.py:112} WARNING - /home/***/.local/lib/python3.12/site-packages/***/task/task_runner/standard_task_runner.py:70: DeprecationWarning: This process (pid=7474) is multi-threaded, use of fork() may lead to deadlocks in the child.
  pid = os.fork()

[2025-05-03T21:08:38.081+0000] {standard_task_runner.py:72} INFO - Started process 7489 to run task
[2025-05-03T21:08:38.080+0000] {standard_task_runner.py:104} INFO - Running: ['***', 'tasks', 'run', 'google_maps_reviews', 'detect_language', 'manual__2025-05-03T21:07:58.706563+00:00', '--job-id', '386', '--raw', '--subdir', 'DAGS_FOLDER/***dag.py', '--cfg-path', '/tmp/tmpzdua15xm']
[2025-05-03T21:08:38.083+0000] {standard_task_runner.py:105} INFO - Job 386: Subtask detect_language
[2025-05-03T21:08:38.173+0000] {task_command.py:467} INFO - Running <TaskInstance: google_maps_reviews.detect_language manual__2025-05-03T21:07:58.706563+00:00 [running]> on host 8280c28b7f0f
[2025-05-03T21:08:38.358+0000] {taskinstance.py:3134} INFO - Exporting env vars: AIRFLOW_CTX_DAG_OWNER='***' AIRFLOW_CTX_DAG_ID='google_maps_reviews' AIRFLOW_CTX_TASK_ID='detect_language' AIRFLOW_CTX_EXECUTION_DATE='2025-05-03T21:07:58.706563+00:00' AIRFLOW_CTX_TRY_NUMBER='1' AIRFLOW_CTX_DAG_RUN_ID='manual__2025-05-03T21:07:58.706563+00:00'
[2025-05-03T21:08:38.362+0000] {logging_mixin.py:190} INFO - Task instance is in running state
[2025-05-03T21:08:38.363+0000] {logging_mixin.py:190} INFO -  Previous state of the Task instance: queued
[2025-05-03T21:08:38.364+0000] {logging_mixin.py:190} INFO - Current task name:detect_language state:running start_date:2025-05-03 21:08:37.981153+00:00
[2025-05-03T21:08:38.365+0000] {logging_mixin.py:190} INFO - Dag name:google_maps_reviews and current dag run status:running
[2025-05-03T21:08:38.365+0000] {taskinstance.py:732} INFO - ::endgroup::
[2025-05-03T21:08:38.384+0000] {base.py:84} INFO - Retrieving connection 'postgres_defaut'
[2025-05-03T21:08:40.476+0000] {logging_mixin.py:190} INFO - Language detection completed.
[2025-05-03T21:08:40.478+0000] {python.py:240} INFO - Done. Returned value was: None
[2025-05-03T21:08:40.502+0000] {taskinstance.py:341} INFO - ::group::Post task execution logs
[2025-05-03T21:08:40.503+0000] {taskinstance.py:353} INFO - Marking task as SUCCESS. dag_id=google_maps_reviews, task_id=detect_language, run_id=manual__2025-05-03T21:07:58.706563+00:00, execution_date=20250503T210758, start_date=20250503T210837, end_date=20250503T210840
[2025-05-03T21:08:40.559+0000] {logging_mixin.py:190} INFO - Task instance in success state
[2025-05-03T21:08:40.562+0000] {logging_mixin.py:190} INFO -  Previous state of the Task instance: running
[2025-05-03T21:08:40.564+0000] {logging_mixin.py:190} INFO - Dag name:google_maps_reviews queued_at:2025-05-03 21:07:58.734732+00:00
[2025-05-03T21:08:40.565+0000] {logging_mixin.py:190} INFO - Task hostname:8280c28b7f0f operator:PythonOperator
[2025-05-03T21:08:40.636+0000] {local_task_job_runner.py:266} INFO - Task exited with return code 0
[2025-05-03T21:08:40.705+0000] {taskinstance.py:3901} INFO - 1 downstream tasks scheduled from follow-on schedule check
[2025-05-03T21:08:40.709+0000] {local_task_job_runner.py:245} INFO - ::endgroup::
