[2025-05-06T14:48:21.997+0000] {processor.py:186} INFO - Started process (PID=14882) to work on /home/airflow/.local/lib/python3.12/site-packages/airflow/example_dags/example_kubernetes_executor.py
[2025-05-06T14:48:21.998+0000] {processor.py:914} INFO - Processing file /home/airflow/.local/lib/python3.12/site-packages/airflow/example_dags/example_kubernetes_executor.py for tasks to queue
[2025-05-06T14:48:22.001+0000] {logging_mixin.py:190} INFO - [2025-05-06T14:48:22.001+0000] {dagbag.py:588} INFO - Filling up the DagBag from /home/airflow/.local/lib/python3.12/site-packages/airflow/example_dags/example_kubernetes_executor.py
[2025-05-06T14:48:22.017+0000] {processor.py:925} INFO - DAG(s) 'example_kubernetes_executor' retrieved from /home/airflow/.local/lib/python3.12/site-packages/airflow/example_dags/example_kubernetes_executor.py
[2025-05-06T14:48:22.049+0000] {logging_mixin.py:190} INFO - [2025-05-06T14:48:22.048+0000] {dag.py:3239} INFO - Sync 1 DAGs
[2025-05-06T14:48:22.064+0000] {logging_mixin.py:190} INFO - [2025-05-06T14:48:22.064+0000] {dag.py:4180} INFO - Setting next_dagrun for example_kubernetes_executor to None, run_after=None
[2025-05-06T14:48:22.092+0000] {processor.py:208} INFO - Processing /home/airflow/.local/lib/python3.12/site-packages/airflow/example_dags/example_kubernetes_executor.py took 0.101 seconds
[2025-05-06T14:49:05.181+0000] {processor.py:186} INFO - Started process (PID=14979) to work on /home/airflow/.local/lib/python3.12/site-packages/airflow/example_dags/example_kubernetes_executor.py
[2025-05-06T14:49:05.189+0000] {processor.py:914} INFO - Processing file /home/airflow/.local/lib/python3.12/site-packages/airflow/example_dags/example_kubernetes_executor.py for tasks to queue
[2025-05-06T14:49:05.211+0000] {logging_mixin.py:190} INFO - [2025-05-06T14:49:05.208+0000] {dagbag.py:588} INFO - Filling up the DagBag from /home/airflow/.local/lib/python3.12/site-packages/airflow/example_dags/example_kubernetes_executor.py
[2025-05-06T14:49:05.334+0000] {processor.py:925} INFO - DAG(s) 'example_kubernetes_executor' retrieved from /home/airflow/.local/lib/python3.12/site-packages/airflow/example_dags/example_kubernetes_executor.py
[2025-05-06T14:49:05.531+0000] {logging_mixin.py:190} INFO - [2025-05-06T14:49:05.530+0000] {dag.py:3239} INFO - Sync 1 DAGs
[2025-05-06T14:49:05.665+0000] {logging_mixin.py:190} INFO - [2025-05-06T14:49:05.662+0000] {dag.py:4180} INFO - Setting next_dagrun for example_kubernetes_executor to None, run_after=None
[2025-05-06T14:49:05.850+0000] {processor.py:208} INFO - Processing /home/airflow/.local/lib/python3.12/site-packages/airflow/example_dags/example_kubernetes_executor.py took 0.718 seconds
[2025-05-06T14:50:29.373+0000] {processor.py:186} INFO - Started process (PID=15083) to work on /home/airflow/.local/lib/python3.12/site-packages/airflow/example_dags/example_kubernetes_executor.py
[2025-05-06T14:50:29.379+0000] {processor.py:914} INFO - Processing file /home/airflow/.local/lib/python3.12/site-packages/airflow/example_dags/example_kubernetes_executor.py for tasks to queue
[2025-05-06T14:50:29.398+0000] {logging_mixin.py:190} INFO - [2025-05-06T14:50:29.395+0000] {dagbag.py:588} INFO - Filling up the DagBag from /home/airflow/.local/lib/python3.12/site-packages/airflow/example_dags/example_kubernetes_executor.py
[2025-05-06T14:50:29.505+0000] {processor.py:925} INFO - DAG(s) 'example_kubernetes_executor' retrieved from /home/airflow/.local/lib/python3.12/site-packages/airflow/example_dags/example_kubernetes_executor.py
[2025-05-06T14:50:29.704+0000] {logging_mixin.py:190} INFO - [2025-05-06T14:50:29.702+0000] {dag.py:3239} INFO - Sync 1 DAGs
[2025-05-06T14:50:29.840+0000] {logging_mixin.py:190} INFO - [2025-05-06T14:50:29.838+0000] {dag.py:4180} INFO - Setting next_dagrun for example_kubernetes_executor to None, run_after=None
[2025-05-06T14:50:30.022+0000] {processor.py:208} INFO - Processing /home/airflow/.local/lib/python3.12/site-packages/airflow/example_dags/example_kubernetes_executor.py took 0.687 seconds
[2025-05-06T14:51:00.611+0000] {processor.py:186} INFO - Started process (PID=15174) to work on /home/airflow/.local/lib/python3.12/site-packages/airflow/example_dags/example_kubernetes_executor.py
[2025-05-06T14:51:00.613+0000] {processor.py:914} INFO - Processing file /home/airflow/.local/lib/python3.12/site-packages/airflow/example_dags/example_kubernetes_executor.py for tasks to queue
[2025-05-06T14:51:00.618+0000] {logging_mixin.py:190} INFO - [2025-05-06T14:51:00.617+0000] {dagbag.py:588} INFO - Filling up the DagBag from /home/airflow/.local/lib/python3.12/site-packages/airflow/example_dags/example_kubernetes_executor.py
[2025-05-06T14:51:00.645+0000] {processor.py:925} INFO - DAG(s) 'example_kubernetes_executor' retrieved from /home/airflow/.local/lib/python3.12/site-packages/airflow/example_dags/example_kubernetes_executor.py
[2025-05-06T14:51:00.689+0000] {logging_mixin.py:190} INFO - [2025-05-06T14:51:00.689+0000] {dag.py:3239} INFO - Sync 1 DAGs
[2025-05-06T14:51:00.716+0000] {logging_mixin.py:190} INFO - [2025-05-06T14:51:00.716+0000] {dag.py:4180} INFO - Setting next_dagrun for example_kubernetes_executor to None, run_after=None
[2025-05-06T14:51:00.754+0000] {processor.py:208} INFO - Processing /home/airflow/.local/lib/python3.12/site-packages/airflow/example_dags/example_kubernetes_executor.py took 0.155 seconds
[2025-05-06T14:51:31.455+0000] {processor.py:186} INFO - Started process (PID=15265) to work on /home/airflow/.local/lib/python3.12/site-packages/airflow/example_dags/example_kubernetes_executor.py
[2025-05-06T14:51:31.457+0000] {processor.py:914} INFO - Processing file /home/airflow/.local/lib/python3.12/site-packages/airflow/example_dags/example_kubernetes_executor.py for tasks to queue
[2025-05-06T14:51:31.462+0000] {logging_mixin.py:190} INFO - [2025-05-06T14:51:31.462+0000] {dagbag.py:588} INFO - Filling up the DagBag from /home/airflow/.local/lib/python3.12/site-packages/airflow/example_dags/example_kubernetes_executor.py
[2025-05-06T14:51:31.495+0000] {processor.py:925} INFO - DAG(s) 'example_kubernetes_executor' retrieved from /home/airflow/.local/lib/python3.12/site-packages/airflow/example_dags/example_kubernetes_executor.py
[2025-05-06T14:51:31.546+0000] {logging_mixin.py:190} INFO - [2025-05-06T14:51:31.545+0000] {dag.py:3239} INFO - Sync 1 DAGs
[2025-05-06T14:51:31.574+0000] {logging_mixin.py:190} INFO - [2025-05-06T14:51:31.574+0000] {dag.py:4180} INFO - Setting next_dagrun for example_kubernetes_executor to None, run_after=None
[2025-05-06T14:51:31.613+0000] {processor.py:208} INFO - Processing /home/airflow/.local/lib/python3.12/site-packages/airflow/example_dags/example_kubernetes_executor.py took 0.173 seconds
[2025-05-06T14:52:02.348+0000] {processor.py:186} INFO - Started process (PID=15356) to work on /home/airflow/.local/lib/python3.12/site-packages/airflow/example_dags/example_kubernetes_executor.py
[2025-05-06T14:52:02.350+0000] {processor.py:914} INFO - Processing file /home/airflow/.local/lib/python3.12/site-packages/airflow/example_dags/example_kubernetes_executor.py for tasks to queue
[2025-05-06T14:52:02.354+0000] {logging_mixin.py:190} INFO - [2025-05-06T14:52:02.353+0000] {dagbag.py:588} INFO - Filling up the DagBag from /home/airflow/.local/lib/python3.12/site-packages/airflow/example_dags/example_kubernetes_executor.py
[2025-05-06T14:52:02.381+0000] {processor.py:925} INFO - DAG(s) 'example_kubernetes_executor' retrieved from /home/airflow/.local/lib/python3.12/site-packages/airflow/example_dags/example_kubernetes_executor.py
[2025-05-06T14:52:02.434+0000] {logging_mixin.py:190} INFO - [2025-05-06T14:52:02.433+0000] {dag.py:3239} INFO - Sync 1 DAGs
[2025-05-06T14:52:02.466+0000] {logging_mixin.py:190} INFO - [2025-05-06T14:52:02.466+0000] {dag.py:4180} INFO - Setting next_dagrun for example_kubernetes_executor to None, run_after=None
[2025-05-06T14:52:02.511+0000] {processor.py:208} INFO - Processing /home/airflow/.local/lib/python3.12/site-packages/airflow/example_dags/example_kubernetes_executor.py took 0.175 seconds
[2025-05-06T14:52:34.227+0000] {processor.py:186} INFO - Started process (PID=15447) to work on /home/airflow/.local/lib/python3.12/site-packages/airflow/example_dags/example_kubernetes_executor.py
[2025-05-06T14:52:34.230+0000] {processor.py:914} INFO - Processing file /home/airflow/.local/lib/python3.12/site-packages/airflow/example_dags/example_kubernetes_executor.py for tasks to queue
[2025-05-06T14:52:34.235+0000] {logging_mixin.py:190} INFO - [2025-05-06T14:52:34.234+0000] {dagbag.py:588} INFO - Filling up the DagBag from /home/airflow/.local/lib/python3.12/site-packages/airflow/example_dags/example_kubernetes_executor.py
[2025-05-06T14:52:34.275+0000] {processor.py:925} INFO - DAG(s) 'example_kubernetes_executor' retrieved from /home/airflow/.local/lib/python3.12/site-packages/airflow/example_dags/example_kubernetes_executor.py
[2025-05-06T14:52:34.346+0000] {logging_mixin.py:190} INFO - [2025-05-06T14:52:34.345+0000] {dag.py:3239} INFO - Sync 1 DAGs
[2025-05-06T14:52:34.375+0000] {logging_mixin.py:190} INFO - [2025-05-06T14:52:34.374+0000] {dag.py:4180} INFO - Setting next_dagrun for example_kubernetes_executor to None, run_after=None
[2025-05-06T14:52:34.414+0000] {processor.py:208} INFO - Processing /home/airflow/.local/lib/python3.12/site-packages/airflow/example_dags/example_kubernetes_executor.py took 0.199 seconds
[2025-05-06T14:53:04.531+0000] {processor.py:186} INFO - Started process (PID=15524) to work on /home/airflow/.local/lib/python3.12/site-packages/airflow/example_dags/example_kubernetes_executor.py
[2025-05-06T14:53:04.533+0000] {processor.py:914} INFO - Processing file /home/airflow/.local/lib/python3.12/site-packages/airflow/example_dags/example_kubernetes_executor.py for tasks to queue
[2025-05-06T14:53:04.537+0000] {logging_mixin.py:190} INFO - [2025-05-06T14:53:04.536+0000] {dagbag.py:588} INFO - Filling up the DagBag from /home/airflow/.local/lib/python3.12/site-packages/airflow/example_dags/example_kubernetes_executor.py
[2025-05-06T14:53:04.568+0000] {processor.py:925} INFO - DAG(s) 'example_kubernetes_executor' retrieved from /home/airflow/.local/lib/python3.12/site-packages/airflow/example_dags/example_kubernetes_executor.py
[2025-05-06T14:53:04.618+0000] {logging_mixin.py:190} INFO - [2025-05-06T14:53:04.618+0000] {dag.py:3239} INFO - Sync 1 DAGs
[2025-05-06T14:53:04.646+0000] {logging_mixin.py:190} INFO - [2025-05-06T14:53:04.645+0000] {dag.py:4180} INFO - Setting next_dagrun for example_kubernetes_executor to None, run_after=None
[2025-05-06T14:53:04.684+0000] {processor.py:208} INFO - Processing /home/airflow/.local/lib/python3.12/site-packages/airflow/example_dags/example_kubernetes_executor.py took 0.166 seconds
[2025-05-06T14:53:35.669+0000] {processor.py:186} INFO - Started process (PID=15615) to work on /home/airflow/.local/lib/python3.12/site-packages/airflow/example_dags/example_kubernetes_executor.py
[2025-05-06T14:53:35.671+0000] {processor.py:914} INFO - Processing file /home/airflow/.local/lib/python3.12/site-packages/airflow/example_dags/example_kubernetes_executor.py for tasks to queue
[2025-05-06T14:53:35.677+0000] {logging_mixin.py:190} INFO - [2025-05-06T14:53:35.676+0000] {dagbag.py:588} INFO - Filling up the DagBag from /home/airflow/.local/lib/python3.12/site-packages/airflow/example_dags/example_kubernetes_executor.py
[2025-05-06T14:53:35.704+0000] {processor.py:925} INFO - DAG(s) 'example_kubernetes_executor' retrieved from /home/airflow/.local/lib/python3.12/site-packages/airflow/example_dags/example_kubernetes_executor.py
[2025-05-06T14:53:35.759+0000] {logging_mixin.py:190} INFO - [2025-05-06T14:53:35.758+0000] {dag.py:3239} INFO - Sync 1 DAGs
[2025-05-06T14:53:35.786+0000] {logging_mixin.py:190} INFO - [2025-05-06T14:53:35.786+0000] {dag.py:4180} INFO - Setting next_dagrun for example_kubernetes_executor to None, run_after=None
[2025-05-06T14:53:35.820+0000] {processor.py:208} INFO - Processing /home/airflow/.local/lib/python3.12/site-packages/airflow/example_dags/example_kubernetes_executor.py took 0.163 seconds
[2025-05-06T14:54:07.913+0000] {processor.py:186} INFO - Started process (PID=15706) to work on /home/airflow/.local/lib/python3.12/site-packages/airflow/example_dags/example_kubernetes_executor.py
[2025-05-06T14:54:07.915+0000] {processor.py:914} INFO - Processing file /home/airflow/.local/lib/python3.12/site-packages/airflow/example_dags/example_kubernetes_executor.py for tasks to queue
[2025-05-06T14:54:07.919+0000] {logging_mixin.py:190} INFO - [2025-05-06T14:54:07.918+0000] {dagbag.py:588} INFO - Filling up the DagBag from /home/airflow/.local/lib/python3.12/site-packages/airflow/example_dags/example_kubernetes_executor.py
[2025-05-06T14:54:07.946+0000] {processor.py:925} INFO - DAG(s) 'example_kubernetes_executor' retrieved from /home/airflow/.local/lib/python3.12/site-packages/airflow/example_dags/example_kubernetes_executor.py
[2025-05-06T14:54:07.990+0000] {logging_mixin.py:190} INFO - [2025-05-06T14:54:07.989+0000] {dag.py:3239} INFO - Sync 1 DAGs
[2025-05-06T14:54:08.017+0000] {logging_mixin.py:190} INFO - [2025-05-06T14:54:08.016+0000] {dag.py:4180} INFO - Setting next_dagrun for example_kubernetes_executor to None, run_after=None
[2025-05-06T14:54:08.076+0000] {processor.py:208} INFO - Processing /home/airflow/.local/lib/python3.12/site-packages/airflow/example_dags/example_kubernetes_executor.py took 0.175 seconds
[2025-05-06T14:54:40.717+0000] {processor.py:186} INFO - Started process (PID=15797) to work on /home/airflow/.local/lib/python3.12/site-packages/airflow/example_dags/example_kubernetes_executor.py
[2025-05-06T14:54:40.719+0000] {processor.py:914} INFO - Processing file /home/airflow/.local/lib/python3.12/site-packages/airflow/example_dags/example_kubernetes_executor.py for tasks to queue
[2025-05-06T14:54:40.724+0000] {logging_mixin.py:190} INFO - [2025-05-06T14:54:40.723+0000] {dagbag.py:588} INFO - Filling up the DagBag from /home/airflow/.local/lib/python3.12/site-packages/airflow/example_dags/example_kubernetes_executor.py
[2025-05-06T14:54:40.750+0000] {processor.py:925} INFO - DAG(s) 'example_kubernetes_executor' retrieved from /home/airflow/.local/lib/python3.12/site-packages/airflow/example_dags/example_kubernetes_executor.py
[2025-05-06T14:54:40.793+0000] {logging_mixin.py:190} INFO - [2025-05-06T14:54:40.792+0000] {dag.py:3239} INFO - Sync 1 DAGs
[2025-05-06T14:54:40.820+0000] {logging_mixin.py:190} INFO - [2025-05-06T14:54:40.819+0000] {dag.py:4180} INFO - Setting next_dagrun for example_kubernetes_executor to None, run_after=None
[2025-05-06T14:54:40.872+0000] {processor.py:208} INFO - Processing /home/airflow/.local/lib/python3.12/site-packages/airflow/example_dags/example_kubernetes_executor.py took 0.166 seconds
[2025-05-06T14:55:12.375+0000] {processor.py:186} INFO - Started process (PID=15888) to work on /home/airflow/.local/lib/python3.12/site-packages/airflow/example_dags/example_kubernetes_executor.py
[2025-05-06T14:55:12.377+0000] {processor.py:914} INFO - Processing file /home/airflow/.local/lib/python3.12/site-packages/airflow/example_dags/example_kubernetes_executor.py for tasks to queue
[2025-05-06T14:55:12.382+0000] {logging_mixin.py:190} INFO - [2025-05-06T14:55:12.381+0000] {dagbag.py:588} INFO - Filling up the DagBag from /home/airflow/.local/lib/python3.12/site-packages/airflow/example_dags/example_kubernetes_executor.py
[2025-05-06T14:55:12.420+0000] {processor.py:925} INFO - DAG(s) 'example_kubernetes_executor' retrieved from /home/airflow/.local/lib/python3.12/site-packages/airflow/example_dags/example_kubernetes_executor.py
[2025-05-06T14:55:12.489+0000] {logging_mixin.py:190} INFO - [2025-05-06T14:55:12.488+0000] {dag.py:3239} INFO - Sync 1 DAGs
[2025-05-06T14:55:12.523+0000] {logging_mixin.py:190} INFO - [2025-05-06T14:55:12.523+0000] {dag.py:4180} INFO - Setting next_dagrun for example_kubernetes_executor to None, run_after=None
[2025-05-06T14:55:12.588+0000] {processor.py:208} INFO - Processing /home/airflow/.local/lib/python3.12/site-packages/airflow/example_dags/example_kubernetes_executor.py took 0.224 seconds
[2025-05-06T14:55:43.007+0000] {processor.py:186} INFO - Started process (PID=15965) to work on /home/airflow/.local/lib/python3.12/site-packages/airflow/example_dags/example_kubernetes_executor.py
[2025-05-06T14:55:43.009+0000] {processor.py:914} INFO - Processing file /home/airflow/.local/lib/python3.12/site-packages/airflow/example_dags/example_kubernetes_executor.py for tasks to queue
[2025-05-06T14:55:43.015+0000] {logging_mixin.py:190} INFO - [2025-05-06T14:55:43.014+0000] {dagbag.py:588} INFO - Filling up the DagBag from /home/airflow/.local/lib/python3.12/site-packages/airflow/example_dags/example_kubernetes_executor.py
[2025-05-06T14:55:43.044+0000] {processor.py:925} INFO - DAG(s) 'example_kubernetes_executor' retrieved from /home/airflow/.local/lib/python3.12/site-packages/airflow/example_dags/example_kubernetes_executor.py
[2025-05-06T14:55:43.094+0000] {logging_mixin.py:190} INFO - [2025-05-06T14:55:43.093+0000] {dag.py:3239} INFO - Sync 1 DAGs
[2025-05-06T14:55:43.119+0000] {logging_mixin.py:190} INFO - [2025-05-06T14:55:43.119+0000] {dag.py:4180} INFO - Setting next_dagrun for example_kubernetes_executor to None, run_after=None
[2025-05-06T14:55:43.168+0000] {processor.py:208} INFO - Processing /home/airflow/.local/lib/python3.12/site-packages/airflow/example_dags/example_kubernetes_executor.py took 0.172 seconds
[2025-05-06T14:56:13.534+0000] {processor.py:186} INFO - Started process (PID=16055) to work on /home/airflow/.local/lib/python3.12/site-packages/airflow/example_dags/example_kubernetes_executor.py
[2025-05-06T14:56:13.537+0000] {processor.py:914} INFO - Processing file /home/airflow/.local/lib/python3.12/site-packages/airflow/example_dags/example_kubernetes_executor.py for tasks to queue
[2025-05-06T14:56:13.542+0000] {logging_mixin.py:190} INFO - [2025-05-06T14:56:13.541+0000] {dagbag.py:588} INFO - Filling up the DagBag from /home/airflow/.local/lib/python3.12/site-packages/airflow/example_dags/example_kubernetes_executor.py
[2025-05-06T14:56:13.572+0000] {processor.py:925} INFO - DAG(s) 'example_kubernetes_executor' retrieved from /home/airflow/.local/lib/python3.12/site-packages/airflow/example_dags/example_kubernetes_executor.py
[2025-05-06T14:56:13.618+0000] {logging_mixin.py:190} INFO - [2025-05-06T14:56:13.618+0000] {dag.py:3239} INFO - Sync 1 DAGs
[2025-05-06T14:56:13.648+0000] {logging_mixin.py:190} INFO - [2025-05-06T14:56:13.648+0000] {dag.py:4180} INFO - Setting next_dagrun for example_kubernetes_executor to None, run_after=None
[2025-05-06T14:56:13.687+0000] {processor.py:208} INFO - Processing /home/airflow/.local/lib/python3.12/site-packages/airflow/example_dags/example_kubernetes_executor.py took 0.164 seconds
[2025-05-06T14:56:43.898+0000] {processor.py:186} INFO - Started process (PID=16146) to work on /home/airflow/.local/lib/python3.12/site-packages/airflow/example_dags/example_kubernetes_executor.py
[2025-05-06T14:56:43.900+0000] {processor.py:914} INFO - Processing file /home/airflow/.local/lib/python3.12/site-packages/airflow/example_dags/example_kubernetes_executor.py for tasks to queue
[2025-05-06T14:56:43.904+0000] {logging_mixin.py:190} INFO - [2025-05-06T14:56:43.904+0000] {dagbag.py:588} INFO - Filling up the DagBag from /home/airflow/.local/lib/python3.12/site-packages/airflow/example_dags/example_kubernetes_executor.py
[2025-05-06T14:56:43.931+0000] {processor.py:925} INFO - DAG(s) 'example_kubernetes_executor' retrieved from /home/airflow/.local/lib/python3.12/site-packages/airflow/example_dags/example_kubernetes_executor.py
[2025-05-06T14:56:43.983+0000] {logging_mixin.py:190} INFO - [2025-05-06T14:56:43.983+0000] {dag.py:3239} INFO - Sync 1 DAGs
[2025-05-06T14:56:44.014+0000] {logging_mixin.py:190} INFO - [2025-05-06T14:56:44.013+0000] {dag.py:4180} INFO - Setting next_dagrun for example_kubernetes_executor to None, run_after=None
[2025-05-06T14:56:44.053+0000] {processor.py:208} INFO - Processing /home/airflow/.local/lib/python3.12/site-packages/airflow/example_dags/example_kubernetes_executor.py took 0.167 seconds
[2025-05-06T14:57:14.646+0000] {processor.py:186} INFO - Started process (PID=16237) to work on /home/airflow/.local/lib/python3.12/site-packages/airflow/example_dags/example_kubernetes_executor.py
[2025-05-06T14:57:14.648+0000] {processor.py:914} INFO - Processing file /home/airflow/.local/lib/python3.12/site-packages/airflow/example_dags/example_kubernetes_executor.py for tasks to queue
[2025-05-06T14:57:14.652+0000] {logging_mixin.py:190} INFO - [2025-05-06T14:57:14.652+0000] {dagbag.py:588} INFO - Filling up the DagBag from /home/airflow/.local/lib/python3.12/site-packages/airflow/example_dags/example_kubernetes_executor.py
[2025-05-06T14:57:14.682+0000] {processor.py:925} INFO - DAG(s) 'example_kubernetes_executor' retrieved from /home/airflow/.local/lib/python3.12/site-packages/airflow/example_dags/example_kubernetes_executor.py
[2025-05-06T14:57:14.726+0000] {logging_mixin.py:190} INFO - [2025-05-06T14:57:14.726+0000] {dag.py:3239} INFO - Sync 1 DAGs
[2025-05-06T14:57:14.754+0000] {logging_mixin.py:190} INFO - [2025-05-06T14:57:14.753+0000] {dag.py:4180} INFO - Setting next_dagrun for example_kubernetes_executor to None, run_after=None
[2025-05-06T14:57:14.784+0000] {processor.py:208} INFO - Processing /home/airflow/.local/lib/python3.12/site-packages/airflow/example_dags/example_kubernetes_executor.py took 0.146 seconds
[2025-05-06T14:57:46.399+0000] {processor.py:186} INFO - Started process (PID=16328) to work on /home/airflow/.local/lib/python3.12/site-packages/airflow/example_dags/example_kubernetes_executor.py
[2025-05-06T14:57:46.404+0000] {processor.py:914} INFO - Processing file /home/airflow/.local/lib/python3.12/site-packages/airflow/example_dags/example_kubernetes_executor.py for tasks to queue
[2025-05-06T14:57:46.409+0000] {logging_mixin.py:190} INFO - [2025-05-06T14:57:46.409+0000] {dagbag.py:588} INFO - Filling up the DagBag from /home/airflow/.local/lib/python3.12/site-packages/airflow/example_dags/example_kubernetes_executor.py
[2025-05-06T14:57:46.438+0000] {processor.py:925} INFO - DAG(s) 'example_kubernetes_executor' retrieved from /home/airflow/.local/lib/python3.12/site-packages/airflow/example_dags/example_kubernetes_executor.py
[2025-05-06T14:57:46.481+0000] {logging_mixin.py:190} INFO - [2025-05-06T14:57:46.480+0000] {dag.py:3239} INFO - Sync 1 DAGs
[2025-05-06T14:57:46.516+0000] {logging_mixin.py:190} INFO - [2025-05-06T14:57:46.516+0000] {dag.py:4180} INFO - Setting next_dagrun for example_kubernetes_executor to None, run_after=None
[2025-05-06T14:57:46.561+0000] {processor.py:208} INFO - Processing /home/airflow/.local/lib/python3.12/site-packages/airflow/example_dags/example_kubernetes_executor.py took 0.173 seconds
[2025-05-06T14:58:17.216+0000] {processor.py:186} INFO - Started process (PID=16419) to work on /home/airflow/.local/lib/python3.12/site-packages/airflow/example_dags/example_kubernetes_executor.py
[2025-05-06T14:58:17.219+0000] {processor.py:914} INFO - Processing file /home/airflow/.local/lib/python3.12/site-packages/airflow/example_dags/example_kubernetes_executor.py for tasks to queue
[2025-05-06T14:58:17.224+0000] {logging_mixin.py:190} INFO - [2025-05-06T14:58:17.224+0000] {dagbag.py:588} INFO - Filling up the DagBag from /home/airflow/.local/lib/python3.12/site-packages/airflow/example_dags/example_kubernetes_executor.py
[2025-05-06T14:58:17.257+0000] {processor.py:925} INFO - DAG(s) 'example_kubernetes_executor' retrieved from /home/airflow/.local/lib/python3.12/site-packages/airflow/example_dags/example_kubernetes_executor.py
[2025-05-06T14:58:17.315+0000] {logging_mixin.py:190} INFO - [2025-05-06T14:58:17.314+0000] {dag.py:3239} INFO - Sync 1 DAGs
[2025-05-06T14:58:17.344+0000] {logging_mixin.py:190} INFO - [2025-05-06T14:58:17.344+0000] {dag.py:4180} INFO - Setting next_dagrun for example_kubernetes_executor to None, run_after=None
[2025-05-06T14:58:17.405+0000] {processor.py:208} INFO - Processing /home/airflow/.local/lib/python3.12/site-packages/airflow/example_dags/example_kubernetes_executor.py took 0.201 seconds
[2025-05-06T14:58:48.253+0000] {processor.py:186} INFO - Started process (PID=16509) to work on /home/airflow/.local/lib/python3.12/site-packages/airflow/example_dags/example_kubernetes_executor.py
[2025-05-06T14:58:48.255+0000] {processor.py:914} INFO - Processing file /home/airflow/.local/lib/python3.12/site-packages/airflow/example_dags/example_kubernetes_executor.py for tasks to queue
[2025-05-06T14:58:48.264+0000] {logging_mixin.py:190} INFO - [2025-05-06T14:58:48.263+0000] {dagbag.py:588} INFO - Filling up the DagBag from /home/airflow/.local/lib/python3.12/site-packages/airflow/example_dags/example_kubernetes_executor.py
[2025-05-06T14:58:48.303+0000] {processor.py:925} INFO - DAG(s) 'example_kubernetes_executor' retrieved from /home/airflow/.local/lib/python3.12/site-packages/airflow/example_dags/example_kubernetes_executor.py
[2025-05-06T14:58:48.372+0000] {logging_mixin.py:190} INFO - [2025-05-06T14:58:48.372+0000] {dag.py:3239} INFO - Sync 1 DAGs
[2025-05-06T14:58:48.410+0000] {logging_mixin.py:190} INFO - [2025-05-06T14:58:48.409+0000] {dag.py:4180} INFO - Setting next_dagrun for example_kubernetes_executor to None, run_after=None
[2025-05-06T14:58:48.450+0000] {processor.py:208} INFO - Processing /home/airflow/.local/lib/python3.12/site-packages/airflow/example_dags/example_kubernetes_executor.py took 0.212 seconds
[2025-05-06T14:59:19.506+0000] {processor.py:186} INFO - Started process (PID=16588) to work on /home/airflow/.local/lib/python3.12/site-packages/airflow/example_dags/example_kubernetes_executor.py
[2025-05-06T14:59:19.508+0000] {processor.py:914} INFO - Processing file /home/airflow/.local/lib/python3.12/site-packages/airflow/example_dags/example_kubernetes_executor.py for tasks to queue
[2025-05-06T14:59:19.513+0000] {logging_mixin.py:190} INFO - [2025-05-06T14:59:19.512+0000] {dagbag.py:588} INFO - Filling up the DagBag from /home/airflow/.local/lib/python3.12/site-packages/airflow/example_dags/example_kubernetes_executor.py
[2025-05-06T14:59:19.541+0000] {processor.py:925} INFO - DAG(s) 'example_kubernetes_executor' retrieved from /home/airflow/.local/lib/python3.12/site-packages/airflow/example_dags/example_kubernetes_executor.py
[2025-05-06T14:59:19.583+0000] {logging_mixin.py:190} INFO - [2025-05-06T14:59:19.583+0000] {dag.py:3239} INFO - Sync 1 DAGs
[2025-05-06T14:59:19.618+0000] {logging_mixin.py:190} INFO - [2025-05-06T14:59:19.618+0000] {dag.py:4180} INFO - Setting next_dagrun for example_kubernetes_executor to None, run_after=None
[2025-05-06T14:59:19.719+0000] {processor.py:208} INFO - Processing /home/airflow/.local/lib/python3.12/site-packages/airflow/example_dags/example_kubernetes_executor.py took 0.224 seconds
[2025-05-06T14:59:50.067+0000] {processor.py:186} INFO - Started process (PID=16678) to work on /home/airflow/.local/lib/python3.12/site-packages/airflow/example_dags/example_kubernetes_executor.py
[2025-05-06T14:59:50.071+0000] {processor.py:914} INFO - Processing file /home/airflow/.local/lib/python3.12/site-packages/airflow/example_dags/example_kubernetes_executor.py for tasks to queue
[2025-05-06T14:59:50.076+0000] {logging_mixin.py:190} INFO - [2025-05-06T14:59:50.076+0000] {dagbag.py:588} INFO - Filling up the DagBag from /home/airflow/.local/lib/python3.12/site-packages/airflow/example_dags/example_kubernetes_executor.py
[2025-05-06T14:59:50.104+0000] {processor.py:925} INFO - DAG(s) 'example_kubernetes_executor' retrieved from /home/airflow/.local/lib/python3.12/site-packages/airflow/example_dags/example_kubernetes_executor.py
[2025-05-06T14:59:50.148+0000] {logging_mixin.py:190} INFO - [2025-05-06T14:59:50.147+0000] {dag.py:3239} INFO - Sync 1 DAGs
[2025-05-06T14:59:50.172+0000] {logging_mixin.py:190} INFO - [2025-05-06T14:59:50.172+0000] {dag.py:4180} INFO - Setting next_dagrun for example_kubernetes_executor to None, run_after=None
[2025-05-06T14:59:50.224+0000] {processor.py:208} INFO - Processing /home/airflow/.local/lib/python3.12/site-packages/airflow/example_dags/example_kubernetes_executor.py took 0.168 seconds
[2025-05-06T15:00:20.470+0000] {processor.py:186} INFO - Started process (PID=16769) to work on /home/airflow/.local/lib/python3.12/site-packages/airflow/example_dags/example_kubernetes_executor.py
[2025-05-06T15:00:20.472+0000] {processor.py:914} INFO - Processing file /home/airflow/.local/lib/python3.12/site-packages/airflow/example_dags/example_kubernetes_executor.py for tasks to queue
[2025-05-06T15:00:20.478+0000] {logging_mixin.py:190} INFO - [2025-05-06T15:00:20.477+0000] {dagbag.py:588} INFO - Filling up the DagBag from /home/airflow/.local/lib/python3.12/site-packages/airflow/example_dags/example_kubernetes_executor.py
[2025-05-06T15:00:20.507+0000] {processor.py:925} INFO - DAG(s) 'example_kubernetes_executor' retrieved from /home/airflow/.local/lib/python3.12/site-packages/airflow/example_dags/example_kubernetes_executor.py
[2025-05-06T15:00:20.550+0000] {logging_mixin.py:190} INFO - [2025-05-06T15:00:20.550+0000] {dag.py:3239} INFO - Sync 1 DAGs
[2025-05-06T15:00:20.582+0000] {logging_mixin.py:190} INFO - [2025-05-06T15:00:20.582+0000] {dag.py:4180} INFO - Setting next_dagrun for example_kubernetes_executor to None, run_after=None
[2025-05-06T15:00:20.633+0000] {processor.py:208} INFO - Processing /home/airflow/.local/lib/python3.12/site-packages/airflow/example_dags/example_kubernetes_executor.py took 0.174 seconds
[2025-05-06T15:00:51.667+0000] {processor.py:186} INFO - Started process (PID=16860) to work on /home/airflow/.local/lib/python3.12/site-packages/airflow/example_dags/example_kubernetes_executor.py
[2025-05-06T15:00:51.669+0000] {processor.py:914} INFO - Processing file /home/airflow/.local/lib/python3.12/site-packages/airflow/example_dags/example_kubernetes_executor.py for tasks to queue
[2025-05-06T15:00:51.673+0000] {logging_mixin.py:190} INFO - [2025-05-06T15:00:51.672+0000] {dagbag.py:588} INFO - Filling up the DagBag from /home/airflow/.local/lib/python3.12/site-packages/airflow/example_dags/example_kubernetes_executor.py
[2025-05-06T15:00:51.702+0000] {processor.py:925} INFO - DAG(s) 'example_kubernetes_executor' retrieved from /home/airflow/.local/lib/python3.12/site-packages/airflow/example_dags/example_kubernetes_executor.py
[2025-05-06T15:00:51.749+0000] {logging_mixin.py:190} INFO - [2025-05-06T15:00:51.748+0000] {dag.py:3239} INFO - Sync 1 DAGs
[2025-05-06T15:00:51.780+0000] {logging_mixin.py:190} INFO - [2025-05-06T15:00:51.780+0000] {dag.py:4180} INFO - Setting next_dagrun for example_kubernetes_executor to None, run_after=None
[2025-05-06T15:00:51.819+0000] {processor.py:208} INFO - Processing /home/airflow/.local/lib/python3.12/site-packages/airflow/example_dags/example_kubernetes_executor.py took 0.166 seconds
[2025-05-06T15:01:23.578+0000] {processor.py:186} INFO - Started process (PID=16951) to work on /home/airflow/.local/lib/python3.12/site-packages/airflow/example_dags/example_kubernetes_executor.py
[2025-05-06T15:01:23.580+0000] {processor.py:914} INFO - Processing file /home/airflow/.local/lib/python3.12/site-packages/airflow/example_dags/example_kubernetes_executor.py for tasks to queue
[2025-05-06T15:01:23.585+0000] {logging_mixin.py:190} INFO - [2025-05-06T15:01:23.584+0000] {dagbag.py:588} INFO - Filling up the DagBag from /home/airflow/.local/lib/python3.12/site-packages/airflow/example_dags/example_kubernetes_executor.py
[2025-05-06T15:01:23.613+0000] {processor.py:925} INFO - DAG(s) 'example_kubernetes_executor' retrieved from /home/airflow/.local/lib/python3.12/site-packages/airflow/example_dags/example_kubernetes_executor.py
[2025-05-06T15:01:23.661+0000] {logging_mixin.py:190} INFO - [2025-05-06T15:01:23.660+0000] {dag.py:3239} INFO - Sync 1 DAGs
[2025-05-06T15:01:23.696+0000] {logging_mixin.py:190} INFO - [2025-05-06T15:01:23.695+0000] {dag.py:4180} INFO - Setting next_dagrun for example_kubernetes_executor to None, run_after=None
[2025-05-06T15:01:23.732+0000] {processor.py:208} INFO - Processing /home/airflow/.local/lib/python3.12/site-packages/airflow/example_dags/example_kubernetes_executor.py took 0.166 seconds
[2025-05-06T15:01:54.458+0000] {processor.py:186} INFO - Started process (PID=17028) to work on /home/airflow/.local/lib/python3.12/site-packages/airflow/example_dags/example_kubernetes_executor.py
[2025-05-06T15:01:54.461+0000] {processor.py:914} INFO - Processing file /home/airflow/.local/lib/python3.12/site-packages/airflow/example_dags/example_kubernetes_executor.py for tasks to queue
[2025-05-06T15:01:54.467+0000] {logging_mixin.py:190} INFO - [2025-05-06T15:01:54.467+0000] {dagbag.py:588} INFO - Filling up the DagBag from /home/airflow/.local/lib/python3.12/site-packages/airflow/example_dags/example_kubernetes_executor.py
[2025-05-06T15:01:54.495+0000] {processor.py:925} INFO - DAG(s) 'example_kubernetes_executor' retrieved from /home/airflow/.local/lib/python3.12/site-packages/airflow/example_dags/example_kubernetes_executor.py
[2025-05-06T15:01:54.540+0000] {logging_mixin.py:190} INFO - [2025-05-06T15:01:54.540+0000] {dag.py:3239} INFO - Sync 1 DAGs
[2025-05-06T15:01:54.568+0000] {logging_mixin.py:190} INFO - [2025-05-06T15:01:54.567+0000] {dag.py:4180} INFO - Setting next_dagrun for example_kubernetes_executor to None, run_after=None
[2025-05-06T15:01:54.602+0000] {processor.py:208} INFO - Processing /home/airflow/.local/lib/python3.12/site-packages/airflow/example_dags/example_kubernetes_executor.py took 0.155 seconds
[2025-05-06T15:02:25.853+0000] {processor.py:186} INFO - Started process (PID=17119) to work on /home/airflow/.local/lib/python3.12/site-packages/airflow/example_dags/example_kubernetes_executor.py
[2025-05-06T15:02:25.856+0000] {processor.py:914} INFO - Processing file /home/airflow/.local/lib/python3.12/site-packages/airflow/example_dags/example_kubernetes_executor.py for tasks to queue
[2025-05-06T15:02:25.861+0000] {logging_mixin.py:190} INFO - [2025-05-06T15:02:25.861+0000] {dagbag.py:588} INFO - Filling up the DagBag from /home/airflow/.local/lib/python3.12/site-packages/airflow/example_dags/example_kubernetes_executor.py
[2025-05-06T15:02:25.894+0000] {processor.py:925} INFO - DAG(s) 'example_kubernetes_executor' retrieved from /home/airflow/.local/lib/python3.12/site-packages/airflow/example_dags/example_kubernetes_executor.py
[2025-05-06T15:02:25.944+0000] {logging_mixin.py:190} INFO - [2025-05-06T15:02:25.944+0000] {dag.py:3239} INFO - Sync 1 DAGs
[2025-05-06T15:02:25.975+0000] {logging_mixin.py:190} INFO - [2025-05-06T15:02:25.975+0000] {dag.py:4180} INFO - Setting next_dagrun for example_kubernetes_executor to None, run_after=None
[2025-05-06T15:02:26.032+0000] {processor.py:208} INFO - Processing /home/airflow/.local/lib/python3.12/site-packages/airflow/example_dags/example_kubernetes_executor.py took 0.190 seconds
[2025-05-06T15:02:57.580+0000] {processor.py:186} INFO - Started process (PID=17219) to work on /home/airflow/.local/lib/python3.12/site-packages/airflow/example_dags/example_kubernetes_executor.py
[2025-05-06T15:02:57.582+0000] {processor.py:914} INFO - Processing file /home/airflow/.local/lib/python3.12/site-packages/airflow/example_dags/example_kubernetes_executor.py for tasks to queue
[2025-05-06T15:02:57.588+0000] {logging_mixin.py:190} INFO - [2025-05-06T15:02:57.587+0000] {dagbag.py:588} INFO - Filling up the DagBag from /home/airflow/.local/lib/python3.12/site-packages/airflow/example_dags/example_kubernetes_executor.py
[2025-05-06T15:02:57.619+0000] {processor.py:925} INFO - DAG(s) 'example_kubernetes_executor' retrieved from /home/airflow/.local/lib/python3.12/site-packages/airflow/example_dags/example_kubernetes_executor.py
[2025-05-06T15:02:57.674+0000] {logging_mixin.py:190} INFO - [2025-05-06T15:02:57.674+0000] {dag.py:3239} INFO - Sync 1 DAGs
[2025-05-06T15:02:57.709+0000] {logging_mixin.py:190} INFO - [2025-05-06T15:02:57.708+0000] {dag.py:4180} INFO - Setting next_dagrun for example_kubernetes_executor to None, run_after=None
[2025-05-06T15:02:57.763+0000] {processor.py:208} INFO - Processing /home/airflow/.local/lib/python3.12/site-packages/airflow/example_dags/example_kubernetes_executor.py took 0.195 seconds
[2025-05-06T15:03:28.926+0000] {processor.py:186} INFO - Started process (PID=17310) to work on /home/airflow/.local/lib/python3.12/site-packages/airflow/example_dags/example_kubernetes_executor.py
[2025-05-06T15:03:28.930+0000] {processor.py:914} INFO - Processing file /home/airflow/.local/lib/python3.12/site-packages/airflow/example_dags/example_kubernetes_executor.py for tasks to queue
[2025-05-06T15:03:28.935+0000] {logging_mixin.py:190} INFO - [2025-05-06T15:03:28.935+0000] {dagbag.py:588} INFO - Filling up the DagBag from /home/airflow/.local/lib/python3.12/site-packages/airflow/example_dags/example_kubernetes_executor.py
[2025-05-06T15:03:28.969+0000] {processor.py:925} INFO - DAG(s) 'example_kubernetes_executor' retrieved from /home/airflow/.local/lib/python3.12/site-packages/airflow/example_dags/example_kubernetes_executor.py
[2025-05-06T15:03:29.040+0000] {logging_mixin.py:190} INFO - [2025-05-06T15:03:29.038+0000] {dag.py:3239} INFO - Sync 1 DAGs
[2025-05-06T15:03:29.073+0000] {logging_mixin.py:190} INFO - [2025-05-06T15:03:29.072+0000] {dag.py:4180} INFO - Setting next_dagrun for example_kubernetes_executor to None, run_after=None
[2025-05-06T15:03:29.104+0000] {processor.py:208} INFO - Processing /home/airflow/.local/lib/python3.12/site-packages/airflow/example_dags/example_kubernetes_executor.py took 0.191 seconds
[2025-05-06T15:04:00.112+0000] {processor.py:186} INFO - Started process (PID=17401) to work on /home/airflow/.local/lib/python3.12/site-packages/airflow/example_dags/example_kubernetes_executor.py
[2025-05-06T15:04:00.114+0000] {processor.py:914} INFO - Processing file /home/airflow/.local/lib/python3.12/site-packages/airflow/example_dags/example_kubernetes_executor.py for tasks to queue
[2025-05-06T15:04:00.119+0000] {logging_mixin.py:190} INFO - [2025-05-06T15:04:00.118+0000] {dagbag.py:588} INFO - Filling up the DagBag from /home/airflow/.local/lib/python3.12/site-packages/airflow/example_dags/example_kubernetes_executor.py
[2025-05-06T15:04:00.145+0000] {processor.py:925} INFO - DAG(s) 'example_kubernetes_executor' retrieved from /home/airflow/.local/lib/python3.12/site-packages/airflow/example_dags/example_kubernetes_executor.py
[2025-05-06T15:04:00.191+0000] {logging_mixin.py:190} INFO - [2025-05-06T15:04:00.190+0000] {dag.py:3239} INFO - Sync 1 DAGs
[2025-05-06T15:04:00.218+0000] {logging_mixin.py:190} INFO - [2025-05-06T15:04:00.218+0000] {dag.py:4180} INFO - Setting next_dagrun for example_kubernetes_executor to None, run_after=None
[2025-05-06T15:04:00.250+0000] {processor.py:208} INFO - Processing /home/airflow/.local/lib/python3.12/site-packages/airflow/example_dags/example_kubernetes_executor.py took 0.149 seconds
[2025-05-06T15:04:31.684+0000] {processor.py:186} INFO - Started process (PID=17492) to work on /home/airflow/.local/lib/python3.12/site-packages/airflow/example_dags/example_kubernetes_executor.py
[2025-05-06T15:04:31.686+0000] {processor.py:914} INFO - Processing file /home/airflow/.local/lib/python3.12/site-packages/airflow/example_dags/example_kubernetes_executor.py for tasks to queue
[2025-05-06T15:04:31.691+0000] {logging_mixin.py:190} INFO - [2025-05-06T15:04:31.690+0000] {dagbag.py:588} INFO - Filling up the DagBag from /home/airflow/.local/lib/python3.12/site-packages/airflow/example_dags/example_kubernetes_executor.py
[2025-05-06T15:04:31.718+0000] {processor.py:925} INFO - DAG(s) 'example_kubernetes_executor' retrieved from /home/airflow/.local/lib/python3.12/site-packages/airflow/example_dags/example_kubernetes_executor.py
[2025-05-06T15:04:31.767+0000] {logging_mixin.py:190} INFO - [2025-05-06T15:04:31.767+0000] {dag.py:3239} INFO - Sync 1 DAGs
[2025-05-06T15:04:31.795+0000] {logging_mixin.py:190} INFO - [2025-05-06T15:04:31.795+0000] {dag.py:4180} INFO - Setting next_dagrun for example_kubernetes_executor to None, run_after=None
[2025-05-06T15:04:31.853+0000] {processor.py:208} INFO - Processing /home/airflow/.local/lib/python3.12/site-packages/airflow/example_dags/example_kubernetes_executor.py took 0.180 seconds
[2025-05-06T15:05:01.962+0000] {processor.py:186} INFO - Started process (PID=17582) to work on /home/airflow/.local/lib/python3.12/site-packages/airflow/example_dags/example_kubernetes_executor.py
[2025-05-06T15:05:01.965+0000] {processor.py:914} INFO - Processing file /home/airflow/.local/lib/python3.12/site-packages/airflow/example_dags/example_kubernetes_executor.py for tasks to queue
[2025-05-06T15:05:01.969+0000] {logging_mixin.py:190} INFO - [2025-05-06T15:05:01.968+0000] {dagbag.py:588} INFO - Filling up the DagBag from /home/airflow/.local/lib/python3.12/site-packages/airflow/example_dags/example_kubernetes_executor.py
[2025-05-06T15:05:02.000+0000] {processor.py:925} INFO - DAG(s) 'example_kubernetes_executor' retrieved from /home/airflow/.local/lib/python3.12/site-packages/airflow/example_dags/example_kubernetes_executor.py
[2025-05-06T15:05:02.047+0000] {logging_mixin.py:190} INFO - [2025-05-06T15:05:02.047+0000] {dag.py:3239} INFO - Sync 1 DAGs
[2025-05-06T15:05:02.074+0000] {logging_mixin.py:190} INFO - [2025-05-06T15:05:02.074+0000] {dag.py:4180} INFO - Setting next_dagrun for example_kubernetes_executor to None, run_after=None
[2025-05-06T15:05:02.114+0000] {processor.py:208} INFO - Processing /home/airflow/.local/lib/python3.12/site-packages/airflow/example_dags/example_kubernetes_executor.py took 0.163 seconds
[2025-05-06T15:05:33.017+0000] {processor.py:186} INFO - Started process (PID=17674) to work on /home/airflow/.local/lib/python3.12/site-packages/airflow/example_dags/example_kubernetes_executor.py
[2025-05-06T15:05:33.020+0000] {processor.py:914} INFO - Processing file /home/airflow/.local/lib/python3.12/site-packages/airflow/example_dags/example_kubernetes_executor.py for tasks to queue
[2025-05-06T15:05:33.025+0000] {logging_mixin.py:190} INFO - [2025-05-06T15:05:33.025+0000] {dagbag.py:588} INFO - Filling up the DagBag from /home/airflow/.local/lib/python3.12/site-packages/airflow/example_dags/example_kubernetes_executor.py
[2025-05-06T15:05:33.055+0000] {processor.py:925} INFO - DAG(s) 'example_kubernetes_executor' retrieved from /home/airflow/.local/lib/python3.12/site-packages/airflow/example_dags/example_kubernetes_executor.py
[2025-05-06T15:05:33.101+0000] {logging_mixin.py:190} INFO - [2025-05-06T15:05:33.100+0000] {dag.py:3239} INFO - Sync 1 DAGs
[2025-05-06T15:05:33.137+0000] {logging_mixin.py:190} INFO - [2025-05-06T15:05:33.137+0000] {dag.py:4180} INFO - Setting next_dagrun for example_kubernetes_executor to None, run_after=None
[2025-05-06T15:05:33.194+0000] {processor.py:208} INFO - Processing /home/airflow/.local/lib/python3.12/site-packages/airflow/example_dags/example_kubernetes_executor.py took 0.190 seconds
[2025-05-06T15:06:03.778+0000] {processor.py:186} INFO - Started process (PID=17765) to work on /home/airflow/.local/lib/python3.12/site-packages/airflow/example_dags/example_kubernetes_executor.py
[2025-05-06T15:06:03.780+0000] {processor.py:914} INFO - Processing file /home/airflow/.local/lib/python3.12/site-packages/airflow/example_dags/example_kubernetes_executor.py for tasks to queue
[2025-05-06T15:06:03.783+0000] {logging_mixin.py:190} INFO - [2025-05-06T15:06:03.783+0000] {dagbag.py:588} INFO - Filling up the DagBag from /home/airflow/.local/lib/python3.12/site-packages/airflow/example_dags/example_kubernetes_executor.py
[2025-05-06T15:06:03.812+0000] {processor.py:925} INFO - DAG(s) 'example_kubernetes_executor' retrieved from /home/airflow/.local/lib/python3.12/site-packages/airflow/example_dags/example_kubernetes_executor.py
[2025-05-06T15:06:03.856+0000] {logging_mixin.py:190} INFO - [2025-05-06T15:06:03.855+0000] {dag.py:3239} INFO - Sync 1 DAGs
[2025-05-06T15:06:03.883+0000] {logging_mixin.py:190} INFO - [2025-05-06T15:06:03.883+0000] {dag.py:4180} INFO - Setting next_dagrun for example_kubernetes_executor to None, run_after=None
[2025-05-06T15:06:03.919+0000] {processor.py:208} INFO - Processing /home/airflow/.local/lib/python3.12/site-packages/airflow/example_dags/example_kubernetes_executor.py took 0.153 seconds
[2025-05-06T15:06:35.192+0000] {processor.py:186} INFO - Started process (PID=17857) to work on /home/airflow/.local/lib/python3.12/site-packages/airflow/example_dags/example_kubernetes_executor.py
[2025-05-06T15:06:35.195+0000] {processor.py:914} INFO - Processing file /home/airflow/.local/lib/python3.12/site-packages/airflow/example_dags/example_kubernetes_executor.py for tasks to queue
[2025-05-06T15:06:35.200+0000] {logging_mixin.py:190} INFO - [2025-05-06T15:06:35.199+0000] {dagbag.py:588} INFO - Filling up the DagBag from /home/airflow/.local/lib/python3.12/site-packages/airflow/example_dags/example_kubernetes_executor.py
[2025-05-06T15:06:35.229+0000] {processor.py:925} INFO - DAG(s) 'example_kubernetes_executor' retrieved from /home/airflow/.local/lib/python3.12/site-packages/airflow/example_dags/example_kubernetes_executor.py
[2025-05-06T15:06:35.294+0000] {logging_mixin.py:190} INFO - [2025-05-06T15:06:35.293+0000] {dag.py:3239} INFO - Sync 1 DAGs
[2025-05-06T15:06:35.327+0000] {logging_mixin.py:190} INFO - [2025-05-06T15:06:35.326+0000] {dag.py:4180} INFO - Setting next_dagrun for example_kubernetes_executor to None, run_after=None
[2025-05-06T15:06:35.373+0000] {processor.py:208} INFO - Processing /home/airflow/.local/lib/python3.12/site-packages/airflow/example_dags/example_kubernetes_executor.py took 0.193 seconds
[2025-05-06T15:07:05.463+0000] {processor.py:186} INFO - Started process (PID=17934) to work on /home/airflow/.local/lib/python3.12/site-packages/airflow/example_dags/example_kubernetes_executor.py
[2025-05-06T15:07:05.465+0000] {processor.py:914} INFO - Processing file /home/airflow/.local/lib/python3.12/site-packages/airflow/example_dags/example_kubernetes_executor.py for tasks to queue
[2025-05-06T15:07:05.470+0000] {logging_mixin.py:190} INFO - [2025-05-06T15:07:05.469+0000] {dagbag.py:588} INFO - Filling up the DagBag from /home/airflow/.local/lib/python3.12/site-packages/airflow/example_dags/example_kubernetes_executor.py
[2025-05-06T15:07:05.497+0000] {processor.py:925} INFO - DAG(s) 'example_kubernetes_executor' retrieved from /home/airflow/.local/lib/python3.12/site-packages/airflow/example_dags/example_kubernetes_executor.py
[2025-05-06T15:07:05.543+0000] {logging_mixin.py:190} INFO - [2025-05-06T15:07:05.542+0000] {dag.py:3239} INFO - Sync 1 DAGs
[2025-05-06T15:07:05.581+0000] {logging_mixin.py:190} INFO - [2025-05-06T15:07:05.581+0000] {dag.py:4180} INFO - Setting next_dagrun for example_kubernetes_executor to None, run_after=None
[2025-05-06T15:07:05.613+0000] {processor.py:208} INFO - Processing /home/airflow/.local/lib/python3.12/site-packages/airflow/example_dags/example_kubernetes_executor.py took 0.161 seconds
[2025-05-06T15:07:36.201+0000] {processor.py:186} INFO - Started process (PID=18025) to work on /home/airflow/.local/lib/python3.12/site-packages/airflow/example_dags/example_kubernetes_executor.py
[2025-05-06T15:07:36.204+0000] {processor.py:914} INFO - Processing file /home/airflow/.local/lib/python3.12/site-packages/airflow/example_dags/example_kubernetes_executor.py for tasks to queue
[2025-05-06T15:07:36.209+0000] {logging_mixin.py:190} INFO - [2025-05-06T15:07:36.208+0000] {dagbag.py:588} INFO - Filling up the DagBag from /home/airflow/.local/lib/python3.12/site-packages/airflow/example_dags/example_kubernetes_executor.py
[2025-05-06T15:07:36.237+0000] {processor.py:925} INFO - DAG(s) 'example_kubernetes_executor' retrieved from /home/airflow/.local/lib/python3.12/site-packages/airflow/example_dags/example_kubernetes_executor.py
[2025-05-06T15:07:36.281+0000] {logging_mixin.py:190} INFO - [2025-05-06T15:07:36.280+0000] {dag.py:3239} INFO - Sync 1 DAGs
[2025-05-06T15:07:36.308+0000] {logging_mixin.py:190} INFO - [2025-05-06T15:07:36.307+0000] {dag.py:4180} INFO - Setting next_dagrun for example_kubernetes_executor to None, run_after=None
[2025-05-06T15:07:36.342+0000] {processor.py:208} INFO - Processing /home/airflow/.local/lib/python3.12/site-packages/airflow/example_dags/example_kubernetes_executor.py took 0.152 seconds
[2025-05-06T15:08:07.577+0000] {processor.py:186} INFO - Started process (PID=18116) to work on /home/airflow/.local/lib/python3.12/site-packages/airflow/example_dags/example_kubernetes_executor.py
[2025-05-06T15:08:07.579+0000] {processor.py:914} INFO - Processing file /home/airflow/.local/lib/python3.12/site-packages/airflow/example_dags/example_kubernetes_executor.py for tasks to queue
[2025-05-06T15:08:07.589+0000] {logging_mixin.py:190} INFO - [2025-05-06T15:08:07.588+0000] {dagbag.py:588} INFO - Filling up the DagBag from /home/airflow/.local/lib/python3.12/site-packages/airflow/example_dags/example_kubernetes_executor.py
[2025-05-06T15:08:07.616+0000] {processor.py:925} INFO - DAG(s) 'example_kubernetes_executor' retrieved from /home/airflow/.local/lib/python3.12/site-packages/airflow/example_dags/example_kubernetes_executor.py
[2025-05-06T15:08:07.667+0000] {logging_mixin.py:190} INFO - [2025-05-06T15:08:07.666+0000] {dag.py:3239} INFO - Sync 1 DAGs
[2025-05-06T15:08:07.694+0000] {logging_mixin.py:190} INFO - [2025-05-06T15:08:07.693+0000] {dag.py:4180} INFO - Setting next_dagrun for example_kubernetes_executor to None, run_after=None
[2025-05-06T15:08:07.754+0000] {processor.py:208} INFO - Processing /home/airflow/.local/lib/python3.12/site-packages/airflow/example_dags/example_kubernetes_executor.py took 0.191 seconds
[2025-05-06T15:08:40.530+0000] {processor.py:186} INFO - Started process (PID=18207) to work on /home/airflow/.local/lib/python3.12/site-packages/airflow/example_dags/example_kubernetes_executor.py
[2025-05-06T15:08:40.532+0000] {processor.py:914} INFO - Processing file /home/airflow/.local/lib/python3.12/site-packages/airflow/example_dags/example_kubernetes_executor.py for tasks to queue
[2025-05-06T15:08:40.536+0000] {logging_mixin.py:190} INFO - [2025-05-06T15:08:40.536+0000] {dagbag.py:588} INFO - Filling up the DagBag from /home/airflow/.local/lib/python3.12/site-packages/airflow/example_dags/example_kubernetes_executor.py
[2025-05-06T15:08:40.562+0000] {processor.py:925} INFO - DAG(s) 'example_kubernetes_executor' retrieved from /home/airflow/.local/lib/python3.12/site-packages/airflow/example_dags/example_kubernetes_executor.py
[2025-05-06T15:08:40.611+0000] {logging_mixin.py:190} INFO - [2025-05-06T15:08:40.610+0000] {dag.py:3239} INFO - Sync 1 DAGs
[2025-05-06T15:08:40.641+0000] {logging_mixin.py:190} INFO - [2025-05-06T15:08:40.640+0000] {dag.py:4180} INFO - Setting next_dagrun for example_kubernetes_executor to None, run_after=None
[2025-05-06T15:08:40.699+0000] {processor.py:208} INFO - Processing /home/airflow/.local/lib/python3.12/site-packages/airflow/example_dags/example_kubernetes_executor.py took 0.180 seconds
[2025-05-06T15:09:13.871+0000] {processor.py:186} INFO - Started process (PID=18302) to work on /home/airflow/.local/lib/python3.12/site-packages/airflow/example_dags/example_kubernetes_executor.py
[2025-05-06T15:09:13.873+0000] {processor.py:914} INFO - Processing file /home/airflow/.local/lib/python3.12/site-packages/airflow/example_dags/example_kubernetes_executor.py for tasks to queue
[2025-05-06T15:09:13.879+0000] {logging_mixin.py:190} INFO - [2025-05-06T15:09:13.878+0000] {dagbag.py:588} INFO - Filling up the DagBag from /home/airflow/.local/lib/python3.12/site-packages/airflow/example_dags/example_kubernetes_executor.py
[2025-05-06T15:09:13.907+0000] {processor.py:925} INFO - DAG(s) 'example_kubernetes_executor' retrieved from /home/airflow/.local/lib/python3.12/site-packages/airflow/example_dags/example_kubernetes_executor.py
[2025-05-06T15:09:13.954+0000] {logging_mixin.py:190} INFO - [2025-05-06T15:09:13.954+0000] {dag.py:3239} INFO - Sync 1 DAGs
[2025-05-06T15:09:13.988+0000] {logging_mixin.py:190} INFO - [2025-05-06T15:09:13.987+0000] {dag.py:4180} INFO - Setting next_dagrun for example_kubernetes_executor to None, run_after=None
[2025-05-06T15:09:14.041+0000] {processor.py:208} INFO - Processing /home/airflow/.local/lib/python3.12/site-packages/airflow/example_dags/example_kubernetes_executor.py took 0.183 seconds
[2025-05-06T15:09:45.366+0000] {processor.py:186} INFO - Started process (PID=18393) to work on /home/airflow/.local/lib/python3.12/site-packages/airflow/example_dags/example_kubernetes_executor.py
[2025-05-06T15:09:45.369+0000] {processor.py:914} INFO - Processing file /home/airflow/.local/lib/python3.12/site-packages/airflow/example_dags/example_kubernetes_executor.py for tasks to queue
[2025-05-06T15:09:45.374+0000] {logging_mixin.py:190} INFO - [2025-05-06T15:09:45.373+0000] {dagbag.py:588} INFO - Filling up the DagBag from /home/airflow/.local/lib/python3.12/site-packages/airflow/example_dags/example_kubernetes_executor.py
[2025-05-06T15:09:45.403+0000] {processor.py:925} INFO - DAG(s) 'example_kubernetes_executor' retrieved from /home/airflow/.local/lib/python3.12/site-packages/airflow/example_dags/example_kubernetes_executor.py
[2025-05-06T15:09:45.451+0000] {logging_mixin.py:190} INFO - [2025-05-06T15:09:45.450+0000] {dag.py:3239} INFO - Sync 1 DAGs
[2025-05-06T15:09:45.479+0000] {logging_mixin.py:190} INFO - [2025-05-06T15:09:45.478+0000] {dag.py:4180} INFO - Setting next_dagrun for example_kubernetes_executor to None, run_after=None
[2025-05-06T15:09:45.533+0000] {processor.py:208} INFO - Processing /home/airflow/.local/lib/python3.12/site-packages/airflow/example_dags/example_kubernetes_executor.py took 0.183 seconds
[2025-05-06T15:10:15.641+0000] {processor.py:186} INFO - Started process (PID=18470) to work on /home/airflow/.local/lib/python3.12/site-packages/airflow/example_dags/example_kubernetes_executor.py
[2025-05-06T15:10:15.643+0000] {processor.py:914} INFO - Processing file /home/airflow/.local/lib/python3.12/site-packages/airflow/example_dags/example_kubernetes_executor.py for tasks to queue
[2025-05-06T15:10:15.649+0000] {logging_mixin.py:190} INFO - [2025-05-06T15:10:15.648+0000] {dagbag.py:588} INFO - Filling up the DagBag from /home/airflow/.local/lib/python3.12/site-packages/airflow/example_dags/example_kubernetes_executor.py
[2025-05-06T15:10:15.680+0000] {processor.py:925} INFO - DAG(s) 'example_kubernetes_executor' retrieved from /home/airflow/.local/lib/python3.12/site-packages/airflow/example_dags/example_kubernetes_executor.py
[2025-05-06T15:10:15.732+0000] {logging_mixin.py:190} INFO - [2025-05-06T15:10:15.731+0000] {dag.py:3239} INFO - Sync 1 DAGs
[2025-05-06T15:10:15.767+0000] {logging_mixin.py:190} INFO - [2025-05-06T15:10:15.767+0000] {dag.py:4180} INFO - Setting next_dagrun for example_kubernetes_executor to None, run_after=None
[2025-05-06T15:10:15.826+0000] {processor.py:208} INFO - Processing /home/airflow/.local/lib/python3.12/site-packages/airflow/example_dags/example_kubernetes_executor.py took 0.198 seconds
[2025-05-06T15:10:46.483+0000] {processor.py:186} INFO - Started process (PID=18561) to work on /home/airflow/.local/lib/python3.12/site-packages/airflow/example_dags/example_kubernetes_executor.py
[2025-05-06T15:10:46.486+0000] {processor.py:914} INFO - Processing file /home/airflow/.local/lib/python3.12/site-packages/airflow/example_dags/example_kubernetes_executor.py for tasks to queue
[2025-05-06T15:10:46.491+0000] {logging_mixin.py:190} INFO - [2025-05-06T15:10:46.491+0000] {dagbag.py:588} INFO - Filling up the DagBag from /home/airflow/.local/lib/python3.12/site-packages/airflow/example_dags/example_kubernetes_executor.py
[2025-05-06T15:10:46.519+0000] {processor.py:925} INFO - DAG(s) 'example_kubernetes_executor' retrieved from /home/airflow/.local/lib/python3.12/site-packages/airflow/example_dags/example_kubernetes_executor.py
[2025-05-06T15:10:46.567+0000] {logging_mixin.py:190} INFO - [2025-05-06T15:10:46.566+0000] {dag.py:3239} INFO - Sync 1 DAGs
[2025-05-06T15:10:46.601+0000] {logging_mixin.py:190} INFO - [2025-05-06T15:10:46.601+0000] {dag.py:4180} INFO - Setting next_dagrun for example_kubernetes_executor to None, run_after=None
[2025-05-06T15:10:46.663+0000] {processor.py:208} INFO - Processing /home/airflow/.local/lib/python3.12/site-packages/airflow/example_dags/example_kubernetes_executor.py took 0.192 seconds
[2025-05-06T15:11:16.732+0000] {processor.py:186} INFO - Started process (PID=18651) to work on /home/airflow/.local/lib/python3.12/site-packages/airflow/example_dags/example_kubernetes_executor.py
[2025-05-06T15:11:16.734+0000] {processor.py:914} INFO - Processing file /home/airflow/.local/lib/python3.12/site-packages/airflow/example_dags/example_kubernetes_executor.py for tasks to queue
[2025-05-06T15:11:16.739+0000] {logging_mixin.py:190} INFO - [2025-05-06T15:11:16.738+0000] {dagbag.py:588} INFO - Filling up the DagBag from /home/airflow/.local/lib/python3.12/site-packages/airflow/example_dags/example_kubernetes_executor.py
[2025-05-06T15:11:16.769+0000] {processor.py:925} INFO - DAG(s) 'example_kubernetes_executor' retrieved from /home/airflow/.local/lib/python3.12/site-packages/airflow/example_dags/example_kubernetes_executor.py
[2025-05-06T15:11:16.823+0000] {logging_mixin.py:190} INFO - [2025-05-06T15:11:16.823+0000] {dag.py:3239} INFO - Sync 1 DAGs
[2025-05-06T15:11:16.851+0000] {logging_mixin.py:190} INFO - [2025-05-06T15:11:16.850+0000] {dag.py:4180} INFO - Setting next_dagrun for example_kubernetes_executor to None, run_after=None
[2025-05-06T15:11:16.905+0000] {processor.py:208} INFO - Processing /home/airflow/.local/lib/python3.12/site-packages/airflow/example_dags/example_kubernetes_executor.py took 0.185 seconds
[2025-05-06T15:11:47.562+0000] {processor.py:186} INFO - Started process (PID=18742) to work on /home/airflow/.local/lib/python3.12/site-packages/airflow/example_dags/example_kubernetes_executor.py
[2025-05-06T15:11:47.564+0000] {processor.py:914} INFO - Processing file /home/airflow/.local/lib/python3.12/site-packages/airflow/example_dags/example_kubernetes_executor.py for tasks to queue
[2025-05-06T15:11:47.568+0000] {logging_mixin.py:190} INFO - [2025-05-06T15:11:47.567+0000] {dagbag.py:588} INFO - Filling up the DagBag from /home/airflow/.local/lib/python3.12/site-packages/airflow/example_dags/example_kubernetes_executor.py
[2025-05-06T15:11:47.594+0000] {processor.py:925} INFO - DAG(s) 'example_kubernetes_executor' retrieved from /home/airflow/.local/lib/python3.12/site-packages/airflow/example_dags/example_kubernetes_executor.py
[2025-05-06T15:11:47.647+0000] {logging_mixin.py:190} INFO - [2025-05-06T15:11:47.646+0000] {dag.py:3239} INFO - Sync 1 DAGs
[2025-05-06T15:11:47.682+0000] {logging_mixin.py:190} INFO - [2025-05-06T15:11:47.682+0000] {dag.py:4180} INFO - Setting next_dagrun for example_kubernetes_executor to None, run_after=None
[2025-05-06T15:11:47.724+0000] {processor.py:208} INFO - Processing /home/airflow/.local/lib/python3.12/site-packages/airflow/example_dags/example_kubernetes_executor.py took 0.176 seconds
[2025-05-06T15:12:18.218+0000] {processor.py:186} INFO - Started process (PID=18831) to work on /home/airflow/.local/lib/python3.12/site-packages/airflow/example_dags/example_kubernetes_executor.py
[2025-05-06T15:12:18.220+0000] {processor.py:914} INFO - Processing file /home/airflow/.local/lib/python3.12/site-packages/airflow/example_dags/example_kubernetes_executor.py for tasks to queue
[2025-05-06T15:12:18.225+0000] {logging_mixin.py:190} INFO - [2025-05-06T15:12:18.224+0000] {dagbag.py:588} INFO - Filling up the DagBag from /home/airflow/.local/lib/python3.12/site-packages/airflow/example_dags/example_kubernetes_executor.py
[2025-05-06T15:12:18.250+0000] {processor.py:925} INFO - DAG(s) 'example_kubernetes_executor' retrieved from /home/airflow/.local/lib/python3.12/site-packages/airflow/example_dags/example_kubernetes_executor.py
[2025-05-06T15:12:18.292+0000] {logging_mixin.py:190} INFO - [2025-05-06T15:12:18.292+0000] {dag.py:3239} INFO - Sync 1 DAGs
[2025-05-06T15:12:18.322+0000] {logging_mixin.py:190} INFO - [2025-05-06T15:12:18.321+0000] {dag.py:4180} INFO - Setting next_dagrun for example_kubernetes_executor to None, run_after=None
[2025-05-06T15:12:18.391+0000] {processor.py:208} INFO - Processing /home/airflow/.local/lib/python3.12/site-packages/airflow/example_dags/example_kubernetes_executor.py took 0.184 seconds
[2025-05-06T15:12:48.816+0000] {processor.py:186} INFO - Started process (PID=18922) to work on /home/airflow/.local/lib/python3.12/site-packages/airflow/example_dags/example_kubernetes_executor.py
[2025-05-06T15:12:48.818+0000] {processor.py:914} INFO - Processing file /home/airflow/.local/lib/python3.12/site-packages/airflow/example_dags/example_kubernetes_executor.py for tasks to queue
[2025-05-06T15:12:48.822+0000] {logging_mixin.py:190} INFO - [2025-05-06T15:12:48.821+0000] {dagbag.py:588} INFO - Filling up the DagBag from /home/airflow/.local/lib/python3.12/site-packages/airflow/example_dags/example_kubernetes_executor.py
[2025-05-06T15:12:48.850+0000] {processor.py:925} INFO - DAG(s) 'example_kubernetes_executor' retrieved from /home/airflow/.local/lib/python3.12/site-packages/airflow/example_dags/example_kubernetes_executor.py
[2025-05-06T15:12:48.892+0000] {logging_mixin.py:190} INFO - [2025-05-06T15:12:48.891+0000] {dag.py:3239} INFO - Sync 1 DAGs
[2025-05-06T15:12:48.923+0000] {logging_mixin.py:190} INFO - [2025-05-06T15:12:48.923+0000] {dag.py:4180} INFO - Setting next_dagrun for example_kubernetes_executor to None, run_after=None
[2025-05-06T15:12:48.960+0000] {processor.py:208} INFO - Processing /home/airflow/.local/lib/python3.12/site-packages/airflow/example_dags/example_kubernetes_executor.py took 0.155 seconds
[2025-05-06T15:13:20.665+0000] {processor.py:186} INFO - Started process (PID=19013) to work on /home/airflow/.local/lib/python3.12/site-packages/airflow/example_dags/example_kubernetes_executor.py
[2025-05-06T15:13:20.667+0000] {processor.py:914} INFO - Processing file /home/airflow/.local/lib/python3.12/site-packages/airflow/example_dags/example_kubernetes_executor.py for tasks to queue
[2025-05-06T15:13:20.672+0000] {logging_mixin.py:190} INFO - [2025-05-06T15:13:20.671+0000] {dagbag.py:588} INFO - Filling up the DagBag from /home/airflow/.local/lib/python3.12/site-packages/airflow/example_dags/example_kubernetes_executor.py
[2025-05-06T15:13:20.698+0000] {processor.py:925} INFO - DAG(s) 'example_kubernetes_executor' retrieved from /home/airflow/.local/lib/python3.12/site-packages/airflow/example_dags/example_kubernetes_executor.py
[2025-05-06T15:13:20.745+0000] {logging_mixin.py:190} INFO - [2025-05-06T15:13:20.745+0000] {dag.py:3239} INFO - Sync 1 DAGs
[2025-05-06T15:13:20.778+0000] {logging_mixin.py:190} INFO - [2025-05-06T15:13:20.777+0000] {dag.py:4180} INFO - Setting next_dagrun for example_kubernetes_executor to None, run_after=None
[2025-05-06T15:13:20.814+0000] {processor.py:208} INFO - Processing /home/airflow/.local/lib/python3.12/site-packages/airflow/example_dags/example_kubernetes_executor.py took 0.161 seconds
[2025-05-06T15:13:54.880+0000] {processor.py:186} INFO - Started process (PID=19109) to work on /home/airflow/.local/lib/python3.12/site-packages/airflow/example_dags/example_kubernetes_executor.py
[2025-05-06T15:13:54.883+0000] {processor.py:914} INFO - Processing file /home/airflow/.local/lib/python3.12/site-packages/airflow/example_dags/example_kubernetes_executor.py for tasks to queue
[2025-05-06T15:13:54.889+0000] {logging_mixin.py:190} INFO - [2025-05-06T15:13:54.888+0000] {dagbag.py:588} INFO - Filling up the DagBag from /home/airflow/.local/lib/python3.12/site-packages/airflow/example_dags/example_kubernetes_executor.py
[2025-05-06T15:13:54.925+0000] {processor.py:925} INFO - DAG(s) 'example_kubernetes_executor' retrieved from /home/airflow/.local/lib/python3.12/site-packages/airflow/example_dags/example_kubernetes_executor.py
[2025-05-06T15:13:54.971+0000] {logging_mixin.py:190} INFO - [2025-05-06T15:13:54.971+0000] {dag.py:3239} INFO - Sync 1 DAGs
[2025-05-06T15:13:55.006+0000] {logging_mixin.py:190} INFO - [2025-05-06T15:13:55.006+0000] {dag.py:4180} INFO - Setting next_dagrun for example_kubernetes_executor to None, run_after=None
[2025-05-06T15:13:55.329+0000] {processor.py:208} INFO - Processing /home/airflow/.local/lib/python3.12/site-packages/airflow/example_dags/example_kubernetes_executor.py took 0.464 seconds
[2025-05-06T15:14:25.482+0000] {processor.py:186} INFO - Started process (PID=19186) to work on /home/airflow/.local/lib/python3.12/site-packages/airflow/example_dags/example_kubernetes_executor.py
[2025-05-06T15:14:25.484+0000] {processor.py:914} INFO - Processing file /home/airflow/.local/lib/python3.12/site-packages/airflow/example_dags/example_kubernetes_executor.py for tasks to queue
[2025-05-06T15:14:25.490+0000] {logging_mixin.py:190} INFO - [2025-05-06T15:14:25.489+0000] {dagbag.py:588} INFO - Filling up the DagBag from /home/airflow/.local/lib/python3.12/site-packages/airflow/example_dags/example_kubernetes_executor.py
[2025-05-06T15:14:25.534+0000] {processor.py:925} INFO - DAG(s) 'example_kubernetes_executor' retrieved from /home/airflow/.local/lib/python3.12/site-packages/airflow/example_dags/example_kubernetes_executor.py
[2025-05-06T15:14:25.609+0000] {logging_mixin.py:190} INFO - [2025-05-06T15:14:25.608+0000] {dag.py:3239} INFO - Sync 1 DAGs
[2025-05-06T15:14:25.641+0000] {logging_mixin.py:190} INFO - [2025-05-06T15:14:25.640+0000] {dag.py:4180} INFO - Setting next_dagrun for example_kubernetes_executor to None, run_after=None
[2025-05-06T15:14:25.963+0000] {processor.py:208} INFO - Processing /home/airflow/.local/lib/python3.12/site-packages/airflow/example_dags/example_kubernetes_executor.py took 0.493 seconds
[2025-05-06T15:14:56.071+0000] {processor.py:186} INFO - Started process (PID=19277) to work on /home/airflow/.local/lib/python3.12/site-packages/airflow/example_dags/example_kubernetes_executor.py
[2025-05-06T15:14:56.074+0000] {processor.py:914} INFO - Processing file /home/airflow/.local/lib/python3.12/site-packages/airflow/example_dags/example_kubernetes_executor.py for tasks to queue
[2025-05-06T15:14:56.080+0000] {logging_mixin.py:190} INFO - [2025-05-06T15:14:56.079+0000] {dagbag.py:588} INFO - Filling up the DagBag from /home/airflow/.local/lib/python3.12/site-packages/airflow/example_dags/example_kubernetes_executor.py
[2025-05-06T15:14:56.110+0000] {processor.py:925} INFO - DAG(s) 'example_kubernetes_executor' retrieved from /home/airflow/.local/lib/python3.12/site-packages/airflow/example_dags/example_kubernetes_executor.py
[2025-05-06T15:14:56.158+0000] {logging_mixin.py:190} INFO - [2025-05-06T15:14:56.158+0000] {dag.py:3239} INFO - Sync 1 DAGs
[2025-05-06T15:14:56.188+0000] {logging_mixin.py:190} INFO - [2025-05-06T15:14:56.187+0000] {dag.py:4180} INFO - Setting next_dagrun for example_kubernetes_executor to None, run_after=None
[2025-05-06T15:14:56.248+0000] {processor.py:208} INFO - Processing /home/airflow/.local/lib/python3.12/site-packages/airflow/example_dags/example_kubernetes_executor.py took 0.188 seconds
[2025-05-06T15:15:26.738+0000] {processor.py:186} INFO - Started process (PID=19368) to work on /home/airflow/.local/lib/python3.12/site-packages/airflow/example_dags/example_kubernetes_executor.py
[2025-05-06T15:15:26.740+0000] {processor.py:914} INFO - Processing file /home/airflow/.local/lib/python3.12/site-packages/airflow/example_dags/example_kubernetes_executor.py for tasks to queue
[2025-05-06T15:15:26.745+0000] {logging_mixin.py:190} INFO - [2025-05-06T15:15:26.745+0000] {dagbag.py:588} INFO - Filling up the DagBag from /home/airflow/.local/lib/python3.12/site-packages/airflow/example_dags/example_kubernetes_executor.py
[2025-05-06T15:15:26.769+0000] {processor.py:925} INFO - DAG(s) 'example_kubernetes_executor' retrieved from /home/airflow/.local/lib/python3.12/site-packages/airflow/example_dags/example_kubernetes_executor.py
[2025-05-06T15:15:26.813+0000] {logging_mixin.py:190} INFO - [2025-05-06T15:15:26.813+0000] {dag.py:3239} INFO - Sync 1 DAGs
[2025-05-06T15:15:26.841+0000] {logging_mixin.py:190} INFO - [2025-05-06T15:15:26.840+0000] {dag.py:4180} INFO - Setting next_dagrun for example_kubernetes_executor to None, run_after=None
[2025-05-06T15:15:26.890+0000] {processor.py:208} INFO - Processing /home/airflow/.local/lib/python3.12/site-packages/airflow/example_dags/example_kubernetes_executor.py took 0.164 seconds
[2025-05-06T15:15:57.714+0000] {processor.py:186} INFO - Started process (PID=19459) to work on /home/airflow/.local/lib/python3.12/site-packages/airflow/example_dags/example_kubernetes_executor.py
[2025-05-06T15:15:57.716+0000] {processor.py:914} INFO - Processing file /home/airflow/.local/lib/python3.12/site-packages/airflow/example_dags/example_kubernetes_executor.py for tasks to queue
[2025-05-06T15:15:57.720+0000] {logging_mixin.py:190} INFO - [2025-05-06T15:15:57.720+0000] {dagbag.py:588} INFO - Filling up the DagBag from /home/airflow/.local/lib/python3.12/site-packages/airflow/example_dags/example_kubernetes_executor.py
[2025-05-06T15:15:57.747+0000] {processor.py:925} INFO - DAG(s) 'example_kubernetes_executor' retrieved from /home/airflow/.local/lib/python3.12/site-packages/airflow/example_dags/example_kubernetes_executor.py
[2025-05-06T15:15:57.795+0000] {logging_mixin.py:190} INFO - [2025-05-06T15:15:57.794+0000] {dag.py:3239} INFO - Sync 1 DAGs
[2025-05-06T15:15:57.825+0000] {logging_mixin.py:190} INFO - [2025-05-06T15:15:57.824+0000] {dag.py:4180} INFO - Setting next_dagrun for example_kubernetes_executor to None, run_after=None
[2025-05-06T15:15:57.881+0000] {processor.py:208} INFO - Processing /home/airflow/.local/lib/python3.12/site-packages/airflow/example_dags/example_kubernetes_executor.py took 0.178 seconds
[2025-05-06T15:16:28.743+0000] {processor.py:186} INFO - Started process (PID=19550) to work on /home/airflow/.local/lib/python3.12/site-packages/airflow/example_dags/example_kubernetes_executor.py
[2025-05-06T15:16:28.745+0000] {processor.py:914} INFO - Processing file /home/airflow/.local/lib/python3.12/site-packages/airflow/example_dags/example_kubernetes_executor.py for tasks to queue
[2025-05-06T15:16:28.751+0000] {logging_mixin.py:190} INFO - [2025-05-06T15:16:28.750+0000] {dagbag.py:588} INFO - Filling up the DagBag from /home/airflow/.local/lib/python3.12/site-packages/airflow/example_dags/example_kubernetes_executor.py
[2025-05-06T15:16:29.055+0000] {processor.py:925} INFO - DAG(s) 'example_kubernetes_executor' retrieved from /home/airflow/.local/lib/python3.12/site-packages/airflow/example_dags/example_kubernetes_executor.py
[2025-05-06T15:16:29.097+0000] {logging_mixin.py:190} INFO - [2025-05-06T15:16:29.097+0000] {dag.py:3239} INFO - Sync 1 DAGs
[2025-05-06T15:16:29.127+0000] {logging_mixin.py:190} INFO - [2025-05-06T15:16:29.127+0000] {dag.py:4180} INFO - Setting next_dagrun for example_kubernetes_executor to None, run_after=None
[2025-05-06T15:16:29.183+0000] {processor.py:208} INFO - Processing /home/airflow/.local/lib/python3.12/site-packages/airflow/example_dags/example_kubernetes_executor.py took 0.453 seconds
[2025-05-06T15:17:00.295+0000] {processor.py:186} INFO - Started process (PID=19648) to work on /home/airflow/.local/lib/python3.12/site-packages/airflow/example_dags/example_kubernetes_executor.py
[2025-05-06T15:17:00.298+0000] {processor.py:914} INFO - Processing file /home/airflow/.local/lib/python3.12/site-packages/airflow/example_dags/example_kubernetes_executor.py for tasks to queue
[2025-05-06T15:17:00.304+0000] {logging_mixin.py:190} INFO - [2025-05-06T15:17:00.303+0000] {dagbag.py:588} INFO - Filling up the DagBag from /home/airflow/.local/lib/python3.12/site-packages/airflow/example_dags/example_kubernetes_executor.py
[2025-05-06T15:17:00.332+0000] {processor.py:925} INFO - DAG(s) 'example_kubernetes_executor' retrieved from /home/airflow/.local/lib/python3.12/site-packages/airflow/example_dags/example_kubernetes_executor.py
[2025-05-06T15:17:00.378+0000] {logging_mixin.py:190} INFO - [2025-05-06T15:17:00.377+0000] {dag.py:3239} INFO - Sync 1 DAGs
[2025-05-06T15:17:00.409+0000] {logging_mixin.py:190} INFO - [2025-05-06T15:17:00.408+0000] {dag.py:4180} INFO - Setting next_dagrun for example_kubernetes_executor to None, run_after=None
[2025-05-06T15:17:00.460+0000] {processor.py:208} INFO - Processing /home/airflow/.local/lib/python3.12/site-packages/airflow/example_dags/example_kubernetes_executor.py took 0.178 seconds
[2025-05-06T15:17:30.606+0000] {processor.py:186} INFO - Started process (PID=19725) to work on /home/airflow/.local/lib/python3.12/site-packages/airflow/example_dags/example_kubernetes_executor.py
[2025-05-06T15:17:30.609+0000] {processor.py:914} INFO - Processing file /home/airflow/.local/lib/python3.12/site-packages/airflow/example_dags/example_kubernetes_executor.py for tasks to queue
[2025-05-06T15:17:30.614+0000] {logging_mixin.py:190} INFO - [2025-05-06T15:17:30.614+0000] {dagbag.py:588} INFO - Filling up the DagBag from /home/airflow/.local/lib/python3.12/site-packages/airflow/example_dags/example_kubernetes_executor.py
[2025-05-06T15:17:30.643+0000] {processor.py:925} INFO - DAG(s) 'example_kubernetes_executor' retrieved from /home/airflow/.local/lib/python3.12/site-packages/airflow/example_dags/example_kubernetes_executor.py
[2025-05-06T15:17:30.693+0000] {logging_mixin.py:190} INFO - [2025-05-06T15:17:30.692+0000] {dag.py:3239} INFO - Sync 1 DAGs
[2025-05-06T15:17:30.723+0000] {logging_mixin.py:190} INFO - [2025-05-06T15:17:30.723+0000] {dag.py:4180} INFO - Setting next_dagrun for example_kubernetes_executor to None, run_after=None
[2025-05-06T15:17:30.763+0000] {processor.py:208} INFO - Processing /home/airflow/.local/lib/python3.12/site-packages/airflow/example_dags/example_kubernetes_executor.py took 0.168 seconds
[2025-05-06T15:18:00.989+0000] {processor.py:186} INFO - Started process (PID=19816) to work on /home/airflow/.local/lib/python3.12/site-packages/airflow/example_dags/example_kubernetes_executor.py
[2025-05-06T15:18:00.991+0000] {processor.py:914} INFO - Processing file /home/airflow/.local/lib/python3.12/site-packages/airflow/example_dags/example_kubernetes_executor.py for tasks to queue
[2025-05-06T15:18:00.999+0000] {logging_mixin.py:190} INFO - [2025-05-06T15:18:00.998+0000] {dagbag.py:588} INFO - Filling up the DagBag from /home/airflow/.local/lib/python3.12/site-packages/airflow/example_dags/example_kubernetes_executor.py
[2025-05-06T15:18:01.027+0000] {processor.py:925} INFO - DAG(s) 'example_kubernetes_executor' retrieved from /home/airflow/.local/lib/python3.12/site-packages/airflow/example_dags/example_kubernetes_executor.py
[2025-05-06T15:18:01.077+0000] {logging_mixin.py:190} INFO - [2025-05-06T15:18:01.076+0000] {dag.py:3239} INFO - Sync 1 DAGs
[2025-05-06T15:18:01.107+0000] {logging_mixin.py:190} INFO - [2025-05-06T15:18:01.107+0000] {dag.py:4180} INFO - Setting next_dagrun for example_kubernetes_executor to None, run_after=None
[2025-05-06T15:18:01.157+0000] {processor.py:208} INFO - Processing /home/airflow/.local/lib/python3.12/site-packages/airflow/example_dags/example_kubernetes_executor.py took 0.180 seconds
