[2025-05-06T14:48:19.460+0000] {processor.py:186} INFO - Started process (PID=14862) to work on /home/airflow/.local/lib/python3.12/site-packages/airflow/example_dags/example_params_trigger_ui.py
[2025-05-06T14:48:19.462+0000] {processor.py:914} INFO - Processing file /home/airflow/.local/lib/python3.12/site-packages/airflow/example_dags/example_params_trigger_ui.py for tasks to queue
[2025-05-06T14:48:19.465+0000] {logging_mixin.py:190} INFO - [2025-05-06T14:48:19.465+0000] {dagbag.py:588} INFO - Filling up the DagBag from /home/airflow/.local/lib/python3.12/site-packages/airflow/example_dags/example_params_trigger_ui.py
[2025-05-06T14:48:19.477+0000] {processor.py:925} INFO - DAG(s) 'example_params_trigger_ui' retrieved from /home/airflow/.local/lib/python3.12/site-packages/airflow/example_dags/example_params_trigger_ui.py
[2025-05-06T14:48:19.538+0000] {logging_mixin.py:190} INFO - [2025-05-06T14:48:19.538+0000] {dag.py:3239} INFO - Sync 1 DAGs
[2025-05-06T14:48:19.553+0000] {logging_mixin.py:190} INFO - [2025-05-06T14:48:19.553+0000] {dag.py:4180} INFO - Setting next_dagrun for example_params_trigger_ui to None, run_after=None
[2025-05-06T14:48:19.576+0000] {processor.py:208} INFO - Processing /home/airflow/.local/lib/python3.12/site-packages/airflow/example_dags/example_params_trigger_ui.py took 0.123 seconds
[2025-05-06T14:48:51.273+0000] {processor.py:186} INFO - Started process (PID=14953) to work on /home/airflow/.local/lib/python3.12/site-packages/airflow/example_dags/example_params_trigger_ui.py
[2025-05-06T14:48:51.275+0000] {processor.py:914} INFO - Processing file /home/airflow/.local/lib/python3.12/site-packages/airflow/example_dags/example_params_trigger_ui.py for tasks to queue
[2025-05-06T14:48:51.279+0000] {logging_mixin.py:190} INFO - [2025-05-06T14:48:51.279+0000] {dagbag.py:588} INFO - Filling up the DagBag from /home/airflow/.local/lib/python3.12/site-packages/airflow/example_dags/example_params_trigger_ui.py
[2025-05-06T14:48:51.303+0000] {processor.py:925} INFO - DAG(s) 'example_params_trigger_ui' retrieved from /home/airflow/.local/lib/python3.12/site-packages/airflow/example_dags/example_params_trigger_ui.py
[2025-05-06T14:48:51.382+0000] {logging_mixin.py:190} INFO - [2025-05-06T14:48:51.381+0000] {dag.py:3239} INFO - Sync 1 DAGs
[2025-05-06T14:48:51.406+0000] {logging_mixin.py:190} INFO - [2025-05-06T14:48:51.405+0000] {dag.py:4180} INFO - Setting next_dagrun for example_params_trigger_ui to None, run_after=None
[2025-05-06T14:48:51.468+0000] {processor.py:208} INFO - Processing /home/airflow/.local/lib/python3.12/site-packages/airflow/example_dags/example_params_trigger_ui.py took 0.207 seconds
[2025-05-06T14:50:08.348+0000] {processor.py:186} INFO - Started process (PID=15056) to work on /home/airflow/.local/lib/python3.12/site-packages/airflow/example_dags/example_params_trigger_ui.py
[2025-05-06T14:50:08.361+0000] {processor.py:914} INFO - Processing file /home/airflow/.local/lib/python3.12/site-packages/airflow/example_dags/example_params_trigger_ui.py for tasks to queue
[2025-05-06T14:50:08.398+0000] {logging_mixin.py:190} INFO - [2025-05-06T14:50:08.395+0000] {dagbag.py:588} INFO - Filling up the DagBag from /home/airflow/.local/lib/python3.12/site-packages/airflow/example_dags/example_params_trigger_ui.py
[2025-05-06T14:50:08.590+0000] {processor.py:925} INFO - DAG(s) 'example_params_trigger_ui' retrieved from /home/airflow/.local/lib/python3.12/site-packages/airflow/example_dags/example_params_trigger_ui.py
[2025-05-06T14:50:09.511+0000] {logging_mixin.py:190} INFO - [2025-05-06T14:50:09.508+0000] {dag.py:3239} INFO - Sync 1 DAGs
[2025-05-06T14:50:09.674+0000] {logging_mixin.py:190} INFO - [2025-05-06T14:50:09.671+0000] {dag.py:4180} INFO - Setting next_dagrun for example_params_trigger_ui to None, run_after=None
[2025-05-06T14:50:09.898+0000] {processor.py:208} INFO - Processing /home/airflow/.local/lib/python3.12/site-packages/airflow/example_dags/example_params_trigger_ui.py took 1.651 seconds
[2025-05-06T14:50:50.783+0000] {processor.py:186} INFO - Started process (PID=15148) to work on /home/airflow/.local/lib/python3.12/site-packages/airflow/example_dags/example_params_trigger_ui.py
[2025-05-06T14:50:50.787+0000] {processor.py:914} INFO - Processing file /home/airflow/.local/lib/python3.12/site-packages/airflow/example_dags/example_params_trigger_ui.py for tasks to queue
[2025-05-06T14:50:50.794+0000] {logging_mixin.py:190} INFO - [2025-05-06T14:50:50.793+0000] {dagbag.py:588} INFO - Filling up the DagBag from /home/airflow/.local/lib/python3.12/site-packages/airflow/example_dags/example_params_trigger_ui.py
[2025-05-06T14:50:50.829+0000] {processor.py:925} INFO - DAG(s) 'example_params_trigger_ui' retrieved from /home/airflow/.local/lib/python3.12/site-packages/airflow/example_dags/example_params_trigger_ui.py
[2025-05-06T14:50:50.970+0000] {logging_mixin.py:190} INFO - [2025-05-06T14:50:50.969+0000] {dag.py:3239} INFO - Sync 1 DAGs
[2025-05-06T14:50:51.020+0000] {logging_mixin.py:190} INFO - [2025-05-06T14:50:51.020+0000] {dag.py:4180} INFO - Setting next_dagrun for example_params_trigger_ui to None, run_after=None
[2025-05-06T14:50:51.095+0000] {processor.py:208} INFO - Processing /home/airflow/.local/lib/python3.12/site-packages/airflow/example_dags/example_params_trigger_ui.py took 0.333 seconds
[2025-05-06T14:51:21.391+0000] {processor.py:186} INFO - Started process (PID=15225) to work on /home/airflow/.local/lib/python3.12/site-packages/airflow/example_dags/example_params_trigger_ui.py
[2025-05-06T14:51:21.394+0000] {processor.py:914} INFO - Processing file /home/airflow/.local/lib/python3.12/site-packages/airflow/example_dags/example_params_trigger_ui.py for tasks to queue
[2025-05-06T14:51:21.402+0000] {logging_mixin.py:190} INFO - [2025-05-06T14:51:21.401+0000] {dagbag.py:588} INFO - Filling up the DagBag from /home/airflow/.local/lib/python3.12/site-packages/airflow/example_dags/example_params_trigger_ui.py
[2025-05-06T14:51:21.438+0000] {processor.py:925} INFO - DAG(s) 'example_params_trigger_ui' retrieved from /home/airflow/.local/lib/python3.12/site-packages/airflow/example_dags/example_params_trigger_ui.py
[2025-05-06T14:51:21.569+0000] {logging_mixin.py:190} INFO - [2025-05-06T14:51:21.568+0000] {dag.py:3239} INFO - Sync 1 DAGs
[2025-05-06T14:51:21.613+0000] {logging_mixin.py:190} INFO - [2025-05-06T14:51:21.612+0000] {dag.py:4180} INFO - Setting next_dagrun for example_params_trigger_ui to None, run_after=None
[2025-05-06T14:51:21.682+0000] {processor.py:208} INFO - Processing /home/airflow/.local/lib/python3.12/site-packages/airflow/example_dags/example_params_trigger_ui.py took 0.310 seconds
[2025-05-06T14:51:51.950+0000] {processor.py:186} INFO - Started process (PID=15316) to work on /home/airflow/.local/lib/python3.12/site-packages/airflow/example_dags/example_params_trigger_ui.py
[2025-05-06T14:51:51.952+0000] {processor.py:914} INFO - Processing file /home/airflow/.local/lib/python3.12/site-packages/airflow/example_dags/example_params_trigger_ui.py for tasks to queue
[2025-05-06T14:51:51.956+0000] {logging_mixin.py:190} INFO - [2025-05-06T14:51:51.956+0000] {dagbag.py:588} INFO - Filling up the DagBag from /home/airflow/.local/lib/python3.12/site-packages/airflow/example_dags/example_params_trigger_ui.py
[2025-05-06T14:51:51.979+0000] {processor.py:925} INFO - DAG(s) 'example_params_trigger_ui' retrieved from /home/airflow/.local/lib/python3.12/site-packages/airflow/example_dags/example_params_trigger_ui.py
[2025-05-06T14:51:52.069+0000] {logging_mixin.py:190} INFO - [2025-05-06T14:51:52.068+0000] {dag.py:3239} INFO - Sync 1 DAGs
[2025-05-06T14:51:52.097+0000] {logging_mixin.py:190} INFO - [2025-05-06T14:51:52.096+0000] {dag.py:4180} INFO - Setting next_dagrun for example_params_trigger_ui to None, run_after=None
[2025-05-06T14:51:52.153+0000] {processor.py:208} INFO - Processing /home/airflow/.local/lib/python3.12/site-packages/airflow/example_dags/example_params_trigger_ui.py took 0.214 seconds
[2025-05-06T14:52:22.815+0000] {processor.py:186} INFO - Started process (PID=15406) to work on /home/airflow/.local/lib/python3.12/site-packages/airflow/example_dags/example_params_trigger_ui.py
[2025-05-06T14:52:22.818+0000] {processor.py:914} INFO - Processing file /home/airflow/.local/lib/python3.12/site-packages/airflow/example_dags/example_params_trigger_ui.py for tasks to queue
[2025-05-06T14:52:22.824+0000] {logging_mixin.py:190} INFO - [2025-05-06T14:52:22.823+0000] {dagbag.py:588} INFO - Filling up the DagBag from /home/airflow/.local/lib/python3.12/site-packages/airflow/example_dags/example_params_trigger_ui.py
[2025-05-06T14:52:22.844+0000] {processor.py:925} INFO - DAG(s) 'example_params_trigger_ui' retrieved from /home/airflow/.local/lib/python3.12/site-packages/airflow/example_dags/example_params_trigger_ui.py
[2025-05-06T14:52:22.921+0000] {logging_mixin.py:190} INFO - [2025-05-06T14:52:22.920+0000] {dag.py:3239} INFO - Sync 1 DAGs
[2025-05-06T14:52:22.953+0000] {logging_mixin.py:190} INFO - [2025-05-06T14:52:22.952+0000] {dag.py:4180} INFO - Setting next_dagrun for example_params_trigger_ui to None, run_after=None
[2025-05-06T14:52:23.013+0000] {processor.py:208} INFO - Processing /home/airflow/.local/lib/python3.12/site-packages/airflow/example_dags/example_params_trigger_ui.py took 0.210 seconds
[2025-05-06T14:52:53.338+0000] {processor.py:186} INFO - Started process (PID=15483) to work on /home/airflow/.local/lib/python3.12/site-packages/airflow/example_dags/example_params_trigger_ui.py
[2025-05-06T14:52:53.340+0000] {processor.py:914} INFO - Processing file /home/airflow/.local/lib/python3.12/site-packages/airflow/example_dags/example_params_trigger_ui.py for tasks to queue
[2025-05-06T14:52:53.345+0000] {logging_mixin.py:190} INFO - [2025-05-06T14:52:53.344+0000] {dagbag.py:588} INFO - Filling up the DagBag from /home/airflow/.local/lib/python3.12/site-packages/airflow/example_dags/example_params_trigger_ui.py
[2025-05-06T14:52:53.368+0000] {processor.py:925} INFO - DAG(s) 'example_params_trigger_ui' retrieved from /home/airflow/.local/lib/python3.12/site-packages/airflow/example_dags/example_params_trigger_ui.py
[2025-05-06T14:52:53.479+0000] {logging_mixin.py:190} INFO - [2025-05-06T14:52:53.479+0000] {dag.py:3239} INFO - Sync 1 DAGs
[2025-05-06T14:52:53.507+0000] {logging_mixin.py:190} INFO - [2025-05-06T14:52:53.506+0000] {dag.py:4180} INFO - Setting next_dagrun for example_params_trigger_ui to None, run_after=None
[2025-05-06T14:52:53.549+0000] {processor.py:208} INFO - Processing /home/airflow/.local/lib/python3.12/site-packages/airflow/example_dags/example_params_trigger_ui.py took 0.223 seconds
[2025-05-06T14:53:23.942+0000] {processor.py:186} INFO - Started process (PID=15574) to work on /home/airflow/.local/lib/python3.12/site-packages/airflow/example_dags/example_params_trigger_ui.py
[2025-05-06T14:53:23.944+0000] {processor.py:914} INFO - Processing file /home/airflow/.local/lib/python3.12/site-packages/airflow/example_dags/example_params_trigger_ui.py for tasks to queue
[2025-05-06T14:53:23.951+0000] {logging_mixin.py:190} INFO - [2025-05-06T14:53:23.950+0000] {dagbag.py:588} INFO - Filling up the DagBag from /home/airflow/.local/lib/python3.12/site-packages/airflow/example_dags/example_params_trigger_ui.py
[2025-05-06T14:53:23.980+0000] {processor.py:925} INFO - DAG(s) 'example_params_trigger_ui' retrieved from /home/airflow/.local/lib/python3.12/site-packages/airflow/example_dags/example_params_trigger_ui.py
[2025-05-06T14:53:24.078+0000] {logging_mixin.py:190} INFO - [2025-05-06T14:53:24.078+0000] {dag.py:3239} INFO - Sync 1 DAGs
[2025-05-06T14:53:24.112+0000] {logging_mixin.py:190} INFO - [2025-05-06T14:53:24.111+0000] {dag.py:4180} INFO - Setting next_dagrun for example_params_trigger_ui to None, run_after=None
[2025-05-06T14:53:24.162+0000] {processor.py:208} INFO - Processing /home/airflow/.local/lib/python3.12/site-packages/airflow/example_dags/example_params_trigger_ui.py took 0.232 seconds
[2025-05-06T14:53:54.325+0000] {processor.py:186} INFO - Started process (PID=15665) to work on /home/airflow/.local/lib/python3.12/site-packages/airflow/example_dags/example_params_trigger_ui.py
[2025-05-06T14:53:54.327+0000] {processor.py:914} INFO - Processing file /home/airflow/.local/lib/python3.12/site-packages/airflow/example_dags/example_params_trigger_ui.py for tasks to queue
[2025-05-06T14:53:54.331+0000] {logging_mixin.py:190} INFO - [2025-05-06T14:53:54.331+0000] {dagbag.py:588} INFO - Filling up the DagBag from /home/airflow/.local/lib/python3.12/site-packages/airflow/example_dags/example_params_trigger_ui.py
[2025-05-06T14:53:54.352+0000] {processor.py:925} INFO - DAG(s) 'example_params_trigger_ui' retrieved from /home/airflow/.local/lib/python3.12/site-packages/airflow/example_dags/example_params_trigger_ui.py
[2025-05-06T14:53:54.450+0000] {logging_mixin.py:190} INFO - [2025-05-06T14:53:54.450+0000] {dag.py:3239} INFO - Sync 1 DAGs
[2025-05-06T14:53:54.477+0000] {logging_mixin.py:190} INFO - [2025-05-06T14:53:54.477+0000] {dag.py:4180} INFO - Setting next_dagrun for example_params_trigger_ui to None, run_after=None
[2025-05-06T14:53:54.513+0000] {processor.py:208} INFO - Processing /home/airflow/.local/lib/python3.12/site-packages/airflow/example_dags/example_params_trigger_ui.py took 0.200 seconds
[2025-05-06T14:54:24.890+0000] {processor.py:186} INFO - Started process (PID=15756) to work on /home/airflow/.local/lib/python3.12/site-packages/airflow/example_dags/example_params_trigger_ui.py
[2025-05-06T14:54:24.894+0000] {processor.py:914} INFO - Processing file /home/airflow/.local/lib/python3.12/site-packages/airflow/example_dags/example_params_trigger_ui.py for tasks to queue
[2025-05-06T14:54:24.901+0000] {logging_mixin.py:190} INFO - [2025-05-06T14:54:24.901+0000] {dagbag.py:588} INFO - Filling up the DagBag from /home/airflow/.local/lib/python3.12/site-packages/airflow/example_dags/example_params_trigger_ui.py
[2025-05-06T14:54:24.926+0000] {processor.py:925} INFO - DAG(s) 'example_params_trigger_ui' retrieved from /home/airflow/.local/lib/python3.12/site-packages/airflow/example_dags/example_params_trigger_ui.py
[2025-05-06T14:54:25.013+0000] {logging_mixin.py:190} INFO - [2025-05-06T14:54:25.012+0000] {dag.py:3239} INFO - Sync 1 DAGs
[2025-05-06T14:54:25.041+0000] {logging_mixin.py:190} INFO - [2025-05-06T14:54:25.040+0000] {dag.py:4180} INFO - Setting next_dagrun for example_params_trigger_ui to None, run_after=None
[2025-05-06T14:54:25.083+0000] {processor.py:208} INFO - Processing /home/airflow/.local/lib/python3.12/site-packages/airflow/example_dags/example_params_trigger_ui.py took 0.207 seconds
[2025-05-06T14:54:56.052+0000] {processor.py:186} INFO - Started process (PID=15853) to work on /home/airflow/.local/lib/python3.12/site-packages/airflow/example_dags/example_params_trigger_ui.py
[2025-05-06T14:54:56.055+0000] {processor.py:914} INFO - Processing file /home/airflow/.local/lib/python3.12/site-packages/airflow/example_dags/example_params_trigger_ui.py for tasks to queue
[2025-05-06T14:54:56.060+0000] {logging_mixin.py:190} INFO - [2025-05-06T14:54:56.059+0000] {dagbag.py:588} INFO - Filling up the DagBag from /home/airflow/.local/lib/python3.12/site-packages/airflow/example_dags/example_params_trigger_ui.py
[2025-05-06T14:54:56.082+0000] {processor.py:925} INFO - DAG(s) 'example_params_trigger_ui' retrieved from /home/airflow/.local/lib/python3.12/site-packages/airflow/example_dags/example_params_trigger_ui.py
[2025-05-06T14:54:56.171+0000] {logging_mixin.py:190} INFO - [2025-05-06T14:54:56.170+0000] {dag.py:3239} INFO - Sync 1 DAGs
[2025-05-06T14:54:56.198+0000] {logging_mixin.py:190} INFO - [2025-05-06T14:54:56.197+0000] {dag.py:4180} INFO - Setting next_dagrun for example_params_trigger_ui to None, run_after=None
[2025-05-06T14:54:56.232+0000] {processor.py:208} INFO - Processing /home/airflow/.local/lib/python3.12/site-packages/airflow/example_dags/example_params_trigger_ui.py took 0.191 seconds
[2025-05-06T14:55:26.853+0000] {processor.py:186} INFO - Started process (PID=15944) to work on /home/airflow/.local/lib/python3.12/site-packages/airflow/example_dags/example_params_trigger_ui.py
[2025-05-06T14:55:26.856+0000] {processor.py:914} INFO - Processing file /home/airflow/.local/lib/python3.12/site-packages/airflow/example_dags/example_params_trigger_ui.py for tasks to queue
[2025-05-06T14:55:26.860+0000] {logging_mixin.py:190} INFO - [2025-05-06T14:55:26.860+0000] {dagbag.py:588} INFO - Filling up the DagBag from /home/airflow/.local/lib/python3.12/site-packages/airflow/example_dags/example_params_trigger_ui.py
[2025-05-06T14:55:26.884+0000] {processor.py:925} INFO - DAG(s) 'example_params_trigger_ui' retrieved from /home/airflow/.local/lib/python3.12/site-packages/airflow/example_dags/example_params_trigger_ui.py
[2025-05-06T14:55:26.973+0000] {logging_mixin.py:190} INFO - [2025-05-06T14:55:26.973+0000] {dag.py:3239} INFO - Sync 1 DAGs
[2025-05-06T14:55:27.000+0000] {logging_mixin.py:190} INFO - [2025-05-06T14:55:26.999+0000] {dag.py:4180} INFO - Setting next_dagrun for example_params_trigger_ui to None, run_after=None
[2025-05-06T14:55:27.059+0000] {processor.py:208} INFO - Processing /home/airflow/.local/lib/python3.12/site-packages/airflow/example_dags/example_params_trigger_ui.py took 0.218 seconds
[2025-05-06T14:55:57.537+0000] {processor.py:186} INFO - Started process (PID=16034) to work on /home/airflow/.local/lib/python3.12/site-packages/airflow/example_dags/example_params_trigger_ui.py
[2025-05-06T14:55:57.539+0000] {processor.py:914} INFO - Processing file /home/airflow/.local/lib/python3.12/site-packages/airflow/example_dags/example_params_trigger_ui.py for tasks to queue
[2025-05-06T14:55:57.544+0000] {logging_mixin.py:190} INFO - [2025-05-06T14:55:57.543+0000] {dagbag.py:588} INFO - Filling up the DagBag from /home/airflow/.local/lib/python3.12/site-packages/airflow/example_dags/example_params_trigger_ui.py
[2025-05-06T14:55:57.565+0000] {processor.py:925} INFO - DAG(s) 'example_params_trigger_ui' retrieved from /home/airflow/.local/lib/python3.12/site-packages/airflow/example_dags/example_params_trigger_ui.py
[2025-05-06T14:55:57.652+0000] {logging_mixin.py:190} INFO - [2025-05-06T14:55:57.652+0000] {dag.py:3239} INFO - Sync 1 DAGs
[2025-05-06T14:55:57.681+0000] {logging_mixin.py:190} INFO - [2025-05-06T14:55:57.680+0000] {dag.py:4180} INFO - Setting next_dagrun for example_params_trigger_ui to None, run_after=None
[2025-05-06T14:55:57.735+0000] {processor.py:208} INFO - Processing /home/airflow/.local/lib/python3.12/site-packages/airflow/example_dags/example_params_trigger_ui.py took 0.209 seconds
[2025-05-06T14:56:28.200+0000] {processor.py:186} INFO - Started process (PID=16111) to work on /home/airflow/.local/lib/python3.12/site-packages/airflow/example_dags/example_params_trigger_ui.py
[2025-05-06T14:56:28.204+0000] {processor.py:914} INFO - Processing file /home/airflow/.local/lib/python3.12/site-packages/airflow/example_dags/example_params_trigger_ui.py for tasks to queue
[2025-05-06T14:56:28.209+0000] {logging_mixin.py:190} INFO - [2025-05-06T14:56:28.208+0000] {dagbag.py:588} INFO - Filling up the DagBag from /home/airflow/.local/lib/python3.12/site-packages/airflow/example_dags/example_params_trigger_ui.py
[2025-05-06T14:56:28.237+0000] {processor.py:925} INFO - DAG(s) 'example_params_trigger_ui' retrieved from /home/airflow/.local/lib/python3.12/site-packages/airflow/example_dags/example_params_trigger_ui.py
[2025-05-06T14:56:28.332+0000] {logging_mixin.py:190} INFO - [2025-05-06T14:56:28.331+0000] {dag.py:3239} INFO - Sync 1 DAGs
[2025-05-06T14:56:28.375+0000] {logging_mixin.py:190} INFO - [2025-05-06T14:56:28.375+0000] {dag.py:4180} INFO - Setting next_dagrun for example_params_trigger_ui to None, run_after=None
[2025-05-06T14:56:28.415+0000] {processor.py:208} INFO - Processing /home/airflow/.local/lib/python3.12/site-packages/airflow/example_dags/example_params_trigger_ui.py took 0.230 seconds
[2025-05-06T14:56:58.932+0000] {processor.py:186} INFO - Started process (PID=16202) to work on /home/airflow/.local/lib/python3.12/site-packages/airflow/example_dags/example_params_trigger_ui.py
[2025-05-06T14:56:58.933+0000] {processor.py:914} INFO - Processing file /home/airflow/.local/lib/python3.12/site-packages/airflow/example_dags/example_params_trigger_ui.py for tasks to queue
[2025-05-06T14:56:58.938+0000] {logging_mixin.py:190} INFO - [2025-05-06T14:56:58.938+0000] {dagbag.py:588} INFO - Filling up the DagBag from /home/airflow/.local/lib/python3.12/site-packages/airflow/example_dags/example_params_trigger_ui.py
[2025-05-06T14:56:58.958+0000] {processor.py:925} INFO - DAG(s) 'example_params_trigger_ui' retrieved from /home/airflow/.local/lib/python3.12/site-packages/airflow/example_dags/example_params_trigger_ui.py
[2025-05-06T14:56:59.039+0000] {logging_mixin.py:190} INFO - [2025-05-06T14:56:59.039+0000] {dag.py:3239} INFO - Sync 1 DAGs
[2025-05-06T14:56:59.067+0000] {logging_mixin.py:190} INFO - [2025-05-06T14:56:59.067+0000] {dag.py:4180} INFO - Setting next_dagrun for example_params_trigger_ui to None, run_after=None
[2025-05-06T14:56:59.103+0000] {processor.py:208} INFO - Processing /home/airflow/.local/lib/python3.12/site-packages/airflow/example_dags/example_params_trigger_ui.py took 0.184 seconds
[2025-05-06T14:57:29.449+0000] {processor.py:186} INFO - Started process (PID=16292) to work on /home/airflow/.local/lib/python3.12/site-packages/airflow/example_dags/example_params_trigger_ui.py
[2025-05-06T14:57:29.453+0000] {processor.py:914} INFO - Processing file /home/airflow/.local/lib/python3.12/site-packages/airflow/example_dags/example_params_trigger_ui.py for tasks to queue
[2025-05-06T14:57:29.456+0000] {logging_mixin.py:190} INFO - [2025-05-06T14:57:29.456+0000] {dagbag.py:588} INFO - Filling up the DagBag from /home/airflow/.local/lib/python3.12/site-packages/airflow/example_dags/example_params_trigger_ui.py
[2025-05-06T14:57:29.477+0000] {processor.py:925} INFO - DAG(s) 'example_params_trigger_ui' retrieved from /home/airflow/.local/lib/python3.12/site-packages/airflow/example_dags/example_params_trigger_ui.py
[2025-05-06T14:57:29.560+0000] {logging_mixin.py:190} INFO - [2025-05-06T14:57:29.559+0000] {dag.py:3239} INFO - Sync 1 DAGs
[2025-05-06T14:57:29.590+0000] {logging_mixin.py:190} INFO - [2025-05-06T14:57:29.589+0000] {dag.py:4180} INFO - Setting next_dagrun for example_params_trigger_ui to None, run_after=None
[2025-05-06T14:57:29.647+0000] {processor.py:208} INFO - Processing /home/airflow/.local/lib/python3.12/site-packages/airflow/example_dags/example_params_trigger_ui.py took 0.208 seconds
[2025-05-06T14:58:00.607+0000] {processor.py:186} INFO - Started process (PID=16369) to work on /home/airflow/.local/lib/python3.12/site-packages/airflow/example_dags/example_params_trigger_ui.py
[2025-05-06T14:58:00.609+0000] {processor.py:914} INFO - Processing file /home/airflow/.local/lib/python3.12/site-packages/airflow/example_dags/example_params_trigger_ui.py for tasks to queue
[2025-05-06T14:58:00.615+0000] {logging_mixin.py:190} INFO - [2025-05-06T14:58:00.614+0000] {dagbag.py:588} INFO - Filling up the DagBag from /home/airflow/.local/lib/python3.12/site-packages/airflow/example_dags/example_params_trigger_ui.py
[2025-05-06T14:58:00.637+0000] {processor.py:925} INFO - DAG(s) 'example_params_trigger_ui' retrieved from /home/airflow/.local/lib/python3.12/site-packages/airflow/example_dags/example_params_trigger_ui.py
[2025-05-06T14:58:00.726+0000] {logging_mixin.py:190} INFO - [2025-05-06T14:58:00.725+0000] {dag.py:3239} INFO - Sync 1 DAGs
[2025-05-06T14:58:00.755+0000] {logging_mixin.py:190} INFO - [2025-05-06T14:58:00.754+0000] {dag.py:4180} INFO - Setting next_dagrun for example_params_trigger_ui to None, run_after=None
[2025-05-06T14:58:00.841+0000] {processor.py:208} INFO - Processing /home/airflow/.local/lib/python3.12/site-packages/airflow/example_dags/example_params_trigger_ui.py took 0.248 seconds
[2025-05-06T14:58:30.927+0000] {processor.py:186} INFO - Started process (PID=16460) to work on /home/airflow/.local/lib/python3.12/site-packages/airflow/example_dags/example_params_trigger_ui.py
[2025-05-06T14:58:30.929+0000] {processor.py:914} INFO - Processing file /home/airflow/.local/lib/python3.12/site-packages/airflow/example_dags/example_params_trigger_ui.py for tasks to queue
[2025-05-06T14:58:30.934+0000] {logging_mixin.py:190} INFO - [2025-05-06T14:58:30.933+0000] {dagbag.py:588} INFO - Filling up the DagBag from /home/airflow/.local/lib/python3.12/site-packages/airflow/example_dags/example_params_trigger_ui.py
[2025-05-06T14:58:30.959+0000] {processor.py:925} INFO - DAG(s) 'example_params_trigger_ui' retrieved from /home/airflow/.local/lib/python3.12/site-packages/airflow/example_dags/example_params_trigger_ui.py
[2025-05-06T14:58:31.044+0000] {logging_mixin.py:190} INFO - [2025-05-06T14:58:31.043+0000] {dag.py:3239} INFO - Sync 1 DAGs
[2025-05-06T14:58:31.072+0000] {logging_mixin.py:190} INFO - [2025-05-06T14:58:31.071+0000] {dag.py:4180} INFO - Setting next_dagrun for example_params_trigger_ui to None, run_after=None
[2025-05-06T14:58:31.131+0000] {processor.py:208} INFO - Processing /home/airflow/.local/lib/python3.12/site-packages/airflow/example_dags/example_params_trigger_ui.py took 0.215 seconds
[2025-05-06T14:59:01.686+0000] {processor.py:186} INFO - Started process (PID=16552) to work on /home/airflow/.local/lib/python3.12/site-packages/airflow/example_dags/example_params_trigger_ui.py
[2025-05-06T14:59:01.688+0000] {processor.py:914} INFO - Processing file /home/airflow/.local/lib/python3.12/site-packages/airflow/example_dags/example_params_trigger_ui.py for tasks to queue
[2025-05-06T14:59:01.692+0000] {logging_mixin.py:190} INFO - [2025-05-06T14:59:01.692+0000] {dagbag.py:588} INFO - Filling up the DagBag from /home/airflow/.local/lib/python3.12/site-packages/airflow/example_dags/example_params_trigger_ui.py
[2025-05-06T14:59:01.713+0000] {processor.py:925} INFO - DAG(s) 'example_params_trigger_ui' retrieved from /home/airflow/.local/lib/python3.12/site-packages/airflow/example_dags/example_params_trigger_ui.py
[2025-05-06T14:59:01.791+0000] {logging_mixin.py:190} INFO - [2025-05-06T14:59:01.790+0000] {dag.py:3239} INFO - Sync 1 DAGs
[2025-05-06T14:59:01.821+0000] {logging_mixin.py:190} INFO - [2025-05-06T14:59:01.820+0000] {dag.py:4180} INFO - Setting next_dagrun for example_params_trigger_ui to None, run_after=None
[2025-05-06T14:59:01.876+0000] {processor.py:208} INFO - Processing /home/airflow/.local/lib/python3.12/site-packages/airflow/example_dags/example_params_trigger_ui.py took 0.202 seconds
[2025-05-06T14:59:32.236+0000] {processor.py:186} INFO - Started process (PID=16643) to work on /home/airflow/.local/lib/python3.12/site-packages/airflow/example_dags/example_params_trigger_ui.py
[2025-05-06T14:59:32.239+0000] {processor.py:914} INFO - Processing file /home/airflow/.local/lib/python3.12/site-packages/airflow/example_dags/example_params_trigger_ui.py for tasks to queue
[2025-05-06T14:59:32.245+0000] {logging_mixin.py:190} INFO - [2025-05-06T14:59:32.244+0000] {dagbag.py:588} INFO - Filling up the DagBag from /home/airflow/.local/lib/python3.12/site-packages/airflow/example_dags/example_params_trigger_ui.py
[2025-05-06T14:59:32.269+0000] {processor.py:925} INFO - DAG(s) 'example_params_trigger_ui' retrieved from /home/airflow/.local/lib/python3.12/site-packages/airflow/example_dags/example_params_trigger_ui.py
[2025-05-06T14:59:32.374+0000] {logging_mixin.py:190} INFO - [2025-05-06T14:59:32.373+0000] {dag.py:3239} INFO - Sync 1 DAGs
[2025-05-06T14:59:32.405+0000] {logging_mixin.py:190} INFO - [2025-05-06T14:59:32.404+0000] {dag.py:4180} INFO - Setting next_dagrun for example_params_trigger_ui to None, run_after=None
[2025-05-06T14:59:32.459+0000] {processor.py:208} INFO - Processing /home/airflow/.local/lib/python3.12/site-packages/airflow/example_dags/example_params_trigger_ui.py took 0.236 seconds
[2025-05-06T15:00:02.594+0000] {processor.py:186} INFO - Started process (PID=16734) to work on /home/airflow/.local/lib/python3.12/site-packages/airflow/example_dags/example_params_trigger_ui.py
[2025-05-06T15:00:02.596+0000] {processor.py:914} INFO - Processing file /home/airflow/.local/lib/python3.12/site-packages/airflow/example_dags/example_params_trigger_ui.py for tasks to queue
[2025-05-06T15:00:02.602+0000] {logging_mixin.py:190} INFO - [2025-05-06T15:00:02.601+0000] {dagbag.py:588} INFO - Filling up the DagBag from /home/airflow/.local/lib/python3.12/site-packages/airflow/example_dags/example_params_trigger_ui.py
[2025-05-06T15:00:02.629+0000] {processor.py:925} INFO - DAG(s) 'example_params_trigger_ui' retrieved from /home/airflow/.local/lib/python3.12/site-packages/airflow/example_dags/example_params_trigger_ui.py
[2025-05-06T15:00:02.710+0000] {logging_mixin.py:190} INFO - [2025-05-06T15:00:02.710+0000] {dag.py:3239} INFO - Sync 1 DAGs
[2025-05-06T15:00:02.740+0000] {logging_mixin.py:190} INFO - [2025-05-06T15:00:02.739+0000] {dag.py:4180} INFO - Setting next_dagrun for example_params_trigger_ui to None, run_after=None
[2025-05-06T15:00:02.792+0000] {processor.py:208} INFO - Processing /home/airflow/.local/lib/python3.12/site-packages/airflow/example_dags/example_params_trigger_ui.py took 0.210 seconds
[2025-05-06T15:00:33.036+0000] {processor.py:186} INFO - Started process (PID=16825) to work on /home/airflow/.local/lib/python3.12/site-packages/airflow/example_dags/example_params_trigger_ui.py
[2025-05-06T15:00:33.047+0000] {processor.py:914} INFO - Processing file /home/airflow/.local/lib/python3.12/site-packages/airflow/example_dags/example_params_trigger_ui.py for tasks to queue
[2025-05-06T15:00:33.053+0000] {logging_mixin.py:190} INFO - [2025-05-06T15:00:33.052+0000] {dagbag.py:588} INFO - Filling up the DagBag from /home/airflow/.local/lib/python3.12/site-packages/airflow/example_dags/example_params_trigger_ui.py
[2025-05-06T15:00:33.085+0000] {processor.py:925} INFO - DAG(s) 'example_params_trigger_ui' retrieved from /home/airflow/.local/lib/python3.12/site-packages/airflow/example_dags/example_params_trigger_ui.py
[2025-05-06T15:00:33.181+0000] {logging_mixin.py:190} INFO - [2025-05-06T15:00:33.180+0000] {dag.py:3239} INFO - Sync 1 DAGs
[2025-05-06T15:00:33.210+0000] {logging_mixin.py:190} INFO - [2025-05-06T15:00:33.210+0000] {dag.py:4180} INFO - Setting next_dagrun for example_params_trigger_ui to None, run_after=None
[2025-05-06T15:00:33.269+0000] {processor.py:208} INFO - Processing /home/airflow/.local/lib/python3.12/site-packages/airflow/example_dags/example_params_trigger_ui.py took 0.245 seconds
[2025-05-06T15:01:03.508+0000] {processor.py:186} INFO - Started process (PID=16916) to work on /home/airflow/.local/lib/python3.12/site-packages/airflow/example_dags/example_params_trigger_ui.py
[2025-05-06T15:01:03.510+0000] {processor.py:914} INFO - Processing file /home/airflow/.local/lib/python3.12/site-packages/airflow/example_dags/example_params_trigger_ui.py for tasks to queue
[2025-05-06T15:01:03.516+0000] {logging_mixin.py:190} INFO - [2025-05-06T15:01:03.516+0000] {dagbag.py:588} INFO - Filling up the DagBag from /home/airflow/.local/lib/python3.12/site-packages/airflow/example_dags/example_params_trigger_ui.py
[2025-05-06T15:01:03.538+0000] {processor.py:925} INFO - DAG(s) 'example_params_trigger_ui' retrieved from /home/airflow/.local/lib/python3.12/site-packages/airflow/example_dags/example_params_trigger_ui.py
[2025-05-06T15:01:03.618+0000] {logging_mixin.py:190} INFO - [2025-05-06T15:01:03.618+0000] {dag.py:3239} INFO - Sync 1 DAGs
[2025-05-06T15:01:03.648+0000] {logging_mixin.py:190} INFO - [2025-05-06T15:01:03.647+0000] {dag.py:4180} INFO - Setting next_dagrun for example_params_trigger_ui to None, run_after=None
[2025-05-06T15:01:03.700+0000] {processor.py:208} INFO - Processing /home/airflow/.local/lib/python3.12/site-packages/airflow/example_dags/example_params_trigger_ui.py took 0.203 seconds
[2025-05-06T15:01:34.701+0000] {processor.py:186} INFO - Started process (PID=17006) to work on /home/airflow/.local/lib/python3.12/site-packages/airflow/example_dags/example_params_trigger_ui.py
[2025-05-06T15:01:34.704+0000] {processor.py:914} INFO - Processing file /home/airflow/.local/lib/python3.12/site-packages/airflow/example_dags/example_params_trigger_ui.py for tasks to queue
[2025-05-06T15:01:34.709+0000] {logging_mixin.py:190} INFO - [2025-05-06T15:01:34.708+0000] {dagbag.py:588} INFO - Filling up the DagBag from /home/airflow/.local/lib/python3.12/site-packages/airflow/example_dags/example_params_trigger_ui.py
[2025-05-06T15:01:34.739+0000] {processor.py:925} INFO - DAG(s) 'example_params_trigger_ui' retrieved from /home/airflow/.local/lib/python3.12/site-packages/airflow/example_dags/example_params_trigger_ui.py
[2025-05-06T15:01:34.820+0000] {logging_mixin.py:190} INFO - [2025-05-06T15:01:34.820+0000] {dag.py:3239} INFO - Sync 1 DAGs
[2025-05-06T15:01:34.849+0000] {logging_mixin.py:190} INFO - [2025-05-06T15:01:34.848+0000] {dag.py:4180} INFO - Setting next_dagrun for example_params_trigger_ui to None, run_after=None
[2025-05-06T15:01:34.909+0000] {processor.py:208} INFO - Processing /home/airflow/.local/lib/python3.12/site-packages/airflow/example_dags/example_params_trigger_ui.py took 0.222 seconds
[2025-05-06T15:02:05.187+0000] {processor.py:186} INFO - Started process (PID=17083) to work on /home/airflow/.local/lib/python3.12/site-packages/airflow/example_dags/example_params_trigger_ui.py
[2025-05-06T15:02:05.189+0000] {processor.py:914} INFO - Processing file /home/airflow/.local/lib/python3.12/site-packages/airflow/example_dags/example_params_trigger_ui.py for tasks to queue
[2025-05-06T15:02:05.193+0000] {logging_mixin.py:190} INFO - [2025-05-06T15:02:05.193+0000] {dagbag.py:588} INFO - Filling up the DagBag from /home/airflow/.local/lib/python3.12/site-packages/airflow/example_dags/example_params_trigger_ui.py
[2025-05-06T15:02:05.219+0000] {processor.py:925} INFO - DAG(s) 'example_params_trigger_ui' retrieved from /home/airflow/.local/lib/python3.12/site-packages/airflow/example_dags/example_params_trigger_ui.py
[2025-05-06T15:02:05.314+0000] {logging_mixin.py:190} INFO - [2025-05-06T15:02:05.313+0000] {dag.py:3239} INFO - Sync 1 DAGs
[2025-05-06T15:02:05.343+0000] {logging_mixin.py:190} INFO - [2025-05-06T15:02:05.343+0000] {dag.py:4180} INFO - Setting next_dagrun for example_params_trigger_ui to None, run_after=None
[2025-05-06T15:02:05.400+0000] {processor.py:208} INFO - Processing /home/airflow/.local/lib/python3.12/site-packages/airflow/example_dags/example_params_trigger_ui.py took 0.225 seconds
[2025-05-06T15:02:35.745+0000] {processor.py:186} INFO - Started process (PID=17174) to work on /home/airflow/.local/lib/python3.12/site-packages/airflow/example_dags/example_params_trigger_ui.py
[2025-05-06T15:02:35.748+0000] {processor.py:914} INFO - Processing file /home/airflow/.local/lib/python3.12/site-packages/airflow/example_dags/example_params_trigger_ui.py for tasks to queue
[2025-05-06T15:02:35.752+0000] {logging_mixin.py:190} INFO - [2025-05-06T15:02:35.751+0000] {dagbag.py:588} INFO - Filling up the DagBag from /home/airflow/.local/lib/python3.12/site-packages/airflow/example_dags/example_params_trigger_ui.py
[2025-05-06T15:02:35.773+0000] {processor.py:925} INFO - DAG(s) 'example_params_trigger_ui' retrieved from /home/airflow/.local/lib/python3.12/site-packages/airflow/example_dags/example_params_trigger_ui.py
[2025-05-06T15:02:35.859+0000] {logging_mixin.py:190} INFO - [2025-05-06T15:02:35.859+0000] {dag.py:3239} INFO - Sync 1 DAGs
[2025-05-06T15:02:35.888+0000] {logging_mixin.py:190} INFO - [2025-05-06T15:02:35.887+0000] {dag.py:4180} INFO - Setting next_dagrun for example_params_trigger_ui to None, run_after=None
[2025-05-06T15:02:35.935+0000] {processor.py:208} INFO - Processing /home/airflow/.local/lib/python3.12/site-packages/airflow/example_dags/example_params_trigger_ui.py took 0.200 seconds
[2025-05-06T15:03:06.522+0000] {processor.py:186} INFO - Started process (PID=17265) to work on /home/airflow/.local/lib/python3.12/site-packages/airflow/example_dags/example_params_trigger_ui.py
[2025-05-06T15:03:06.524+0000] {processor.py:914} INFO - Processing file /home/airflow/.local/lib/python3.12/site-packages/airflow/example_dags/example_params_trigger_ui.py for tasks to queue
[2025-05-06T15:03:06.529+0000] {logging_mixin.py:190} INFO - [2025-05-06T15:03:06.529+0000] {dagbag.py:588} INFO - Filling up the DagBag from /home/airflow/.local/lib/python3.12/site-packages/airflow/example_dags/example_params_trigger_ui.py
[2025-05-06T15:03:06.550+0000] {processor.py:925} INFO - DAG(s) 'example_params_trigger_ui' retrieved from /home/airflow/.local/lib/python3.12/site-packages/airflow/example_dags/example_params_trigger_ui.py
[2025-05-06T15:03:06.627+0000] {logging_mixin.py:190} INFO - [2025-05-06T15:03:06.626+0000] {dag.py:3239} INFO - Sync 1 DAGs
[2025-05-06T15:03:06.652+0000] {logging_mixin.py:190} INFO - [2025-05-06T15:03:06.652+0000] {dag.py:4180} INFO - Setting next_dagrun for example_params_trigger_ui to None, run_after=None
[2025-05-06T15:03:06.686+0000] {processor.py:208} INFO - Processing /home/airflow/.local/lib/python3.12/site-packages/airflow/example_dags/example_params_trigger_ui.py took 0.179 seconds
[2025-05-06T15:03:37.995+0000] {processor.py:186} INFO - Started process (PID=17355) to work on /home/airflow/.local/lib/python3.12/site-packages/airflow/example_dags/example_params_trigger_ui.py
[2025-05-06T15:03:37.997+0000] {processor.py:914} INFO - Processing file /home/airflow/.local/lib/python3.12/site-packages/airflow/example_dags/example_params_trigger_ui.py for tasks to queue
[2025-05-06T15:03:38.004+0000] {logging_mixin.py:190} INFO - [2025-05-06T15:03:38.003+0000] {dagbag.py:588} INFO - Filling up the DagBag from /home/airflow/.local/lib/python3.12/site-packages/airflow/example_dags/example_params_trigger_ui.py
[2025-05-06T15:03:38.030+0000] {processor.py:925} INFO - DAG(s) 'example_params_trigger_ui' retrieved from /home/airflow/.local/lib/python3.12/site-packages/airflow/example_dags/example_params_trigger_ui.py
[2025-05-06T15:03:38.121+0000] {logging_mixin.py:190} INFO - [2025-05-06T15:03:38.120+0000] {dag.py:3239} INFO - Sync 1 DAGs
[2025-05-06T15:03:38.145+0000] {logging_mixin.py:190} INFO - [2025-05-06T15:03:38.145+0000] {dag.py:4180} INFO - Setting next_dagrun for example_params_trigger_ui to None, run_after=None
[2025-05-06T15:03:38.209+0000] {processor.py:208} INFO - Processing /home/airflow/.local/lib/python3.12/site-packages/airflow/example_dags/example_params_trigger_ui.py took 0.237 seconds
[2025-05-06T15:04:08.760+0000] {processor.py:186} INFO - Started process (PID=17446) to work on /home/airflow/.local/lib/python3.12/site-packages/airflow/example_dags/example_params_trigger_ui.py
[2025-05-06T15:04:08.763+0000] {processor.py:914} INFO - Processing file /home/airflow/.local/lib/python3.12/site-packages/airflow/example_dags/example_params_trigger_ui.py for tasks to queue
[2025-05-06T15:04:08.767+0000] {logging_mixin.py:190} INFO - [2025-05-06T15:04:08.767+0000] {dagbag.py:588} INFO - Filling up the DagBag from /home/airflow/.local/lib/python3.12/site-packages/airflow/example_dags/example_params_trigger_ui.py
[2025-05-06T15:04:08.787+0000] {processor.py:925} INFO - DAG(s) 'example_params_trigger_ui' retrieved from /home/airflow/.local/lib/python3.12/site-packages/airflow/example_dags/example_params_trigger_ui.py
[2025-05-06T15:04:08.877+0000] {logging_mixin.py:190} INFO - [2025-05-06T15:04:08.876+0000] {dag.py:3239} INFO - Sync 1 DAGs
[2025-05-06T15:04:08.912+0000] {logging_mixin.py:190} INFO - [2025-05-06T15:04:08.911+0000] {dag.py:4180} INFO - Setting next_dagrun for example_params_trigger_ui to None, run_after=None
[2025-05-06T15:04:08.976+0000] {processor.py:208} INFO - Processing /home/airflow/.local/lib/python3.12/site-packages/airflow/example_dags/example_params_trigger_ui.py took 0.228 seconds
[2025-05-06T15:04:39.293+0000] {processor.py:186} INFO - Started process (PID=17523) to work on /home/airflow/.local/lib/python3.12/site-packages/airflow/example_dags/example_params_trigger_ui.py
[2025-05-06T15:04:39.295+0000] {processor.py:914} INFO - Processing file /home/airflow/.local/lib/python3.12/site-packages/airflow/example_dags/example_params_trigger_ui.py for tasks to queue
[2025-05-06T15:04:39.299+0000] {logging_mixin.py:190} INFO - [2025-05-06T15:04:39.299+0000] {dagbag.py:588} INFO - Filling up the DagBag from /home/airflow/.local/lib/python3.12/site-packages/airflow/example_dags/example_params_trigger_ui.py
[2025-05-06T15:04:39.319+0000] {processor.py:925} INFO - DAG(s) 'example_params_trigger_ui' retrieved from /home/airflow/.local/lib/python3.12/site-packages/airflow/example_dags/example_params_trigger_ui.py
[2025-05-06T15:04:39.394+0000] {logging_mixin.py:190} INFO - [2025-05-06T15:04:39.393+0000] {dag.py:3239} INFO - Sync 1 DAGs
[2025-05-06T15:04:39.420+0000] {logging_mixin.py:190} INFO - [2025-05-06T15:04:39.419+0000] {dag.py:4180} INFO - Setting next_dagrun for example_params_trigger_ui to None, run_after=None
[2025-05-06T15:04:39.456+0000] {processor.py:208} INFO - Processing /home/airflow/.local/lib/python3.12/site-packages/airflow/example_dags/example_params_trigger_ui.py took 0.176 seconds
[2025-05-06T15:05:09.939+0000] {processor.py:186} INFO - Started process (PID=17614) to work on /home/airflow/.local/lib/python3.12/site-packages/airflow/example_dags/example_params_trigger_ui.py
[2025-05-06T15:05:09.942+0000] {processor.py:914} INFO - Processing file /home/airflow/.local/lib/python3.12/site-packages/airflow/example_dags/example_params_trigger_ui.py for tasks to queue
[2025-05-06T15:05:09.948+0000] {logging_mixin.py:190} INFO - [2025-05-06T15:05:09.947+0000] {dagbag.py:588} INFO - Filling up the DagBag from /home/airflow/.local/lib/python3.12/site-packages/airflow/example_dags/example_params_trigger_ui.py
[2025-05-06T15:05:09.972+0000] {processor.py:925} INFO - DAG(s) 'example_params_trigger_ui' retrieved from /home/airflow/.local/lib/python3.12/site-packages/airflow/example_dags/example_params_trigger_ui.py
[2025-05-06T15:05:10.065+0000] {logging_mixin.py:190} INFO - [2025-05-06T15:05:10.064+0000] {dag.py:3239} INFO - Sync 1 DAGs
[2025-05-06T15:05:10.098+0000] {logging_mixin.py:190} INFO - [2025-05-06T15:05:10.098+0000] {dag.py:4180} INFO - Setting next_dagrun for example_params_trigger_ui to None, run_after=None
[2025-05-06T15:05:10.155+0000] {processor.py:208} INFO - Processing /home/airflow/.local/lib/python3.12/site-packages/airflow/example_dags/example_params_trigger_ui.py took 0.231 seconds
[2025-05-06T15:05:40.432+0000] {processor.py:186} INFO - Started process (PID=17705) to work on /home/airflow/.local/lib/python3.12/site-packages/airflow/example_dags/example_params_trigger_ui.py
[2025-05-06T15:05:40.434+0000] {processor.py:914} INFO - Processing file /home/airflow/.local/lib/python3.12/site-packages/airflow/example_dags/example_params_trigger_ui.py for tasks to queue
[2025-05-06T15:05:40.438+0000] {logging_mixin.py:190} INFO - [2025-05-06T15:05:40.437+0000] {dagbag.py:588} INFO - Filling up the DagBag from /home/airflow/.local/lib/python3.12/site-packages/airflow/example_dags/example_params_trigger_ui.py
[2025-05-06T15:05:40.459+0000] {processor.py:925} INFO - DAG(s) 'example_params_trigger_ui' retrieved from /home/airflow/.local/lib/python3.12/site-packages/airflow/example_dags/example_params_trigger_ui.py
[2025-05-06T15:05:40.543+0000] {logging_mixin.py:190} INFO - [2025-05-06T15:05:40.542+0000] {dag.py:3239} INFO - Sync 1 DAGs
[2025-05-06T15:05:40.571+0000] {logging_mixin.py:190} INFO - [2025-05-06T15:05:40.570+0000] {dag.py:4180} INFO - Setting next_dagrun for example_params_trigger_ui to None, run_after=None
[2025-05-06T15:05:40.629+0000] {processor.py:208} INFO - Processing /home/airflow/.local/lib/python3.12/site-packages/airflow/example_dags/example_params_trigger_ui.py took 0.209 seconds
[2025-05-06T15:06:11.384+0000] {processor.py:186} INFO - Started process (PID=17796) to work on /home/airflow/.local/lib/python3.12/site-packages/airflow/example_dags/example_params_trigger_ui.py
[2025-05-06T15:06:11.387+0000] {processor.py:914} INFO - Processing file /home/airflow/.local/lib/python3.12/site-packages/airflow/example_dags/example_params_trigger_ui.py for tasks to queue
[2025-05-06T15:06:11.392+0000] {logging_mixin.py:190} INFO - [2025-05-06T15:06:11.392+0000] {dagbag.py:588} INFO - Filling up the DagBag from /home/airflow/.local/lib/python3.12/site-packages/airflow/example_dags/example_params_trigger_ui.py
[2025-05-06T15:06:11.419+0000] {processor.py:925} INFO - DAG(s) 'example_params_trigger_ui' retrieved from /home/airflow/.local/lib/python3.12/site-packages/airflow/example_dags/example_params_trigger_ui.py
[2025-05-06T15:06:11.508+0000] {logging_mixin.py:190} INFO - [2025-05-06T15:06:11.507+0000] {dag.py:3239} INFO - Sync 1 DAGs
[2025-05-06T15:06:11.540+0000] {logging_mixin.py:190} INFO - [2025-05-06T15:06:11.540+0000] {dag.py:4180} INFO - Setting next_dagrun for example_params_trigger_ui to None, run_after=None
[2025-05-06T15:06:11.583+0000] {processor.py:208} INFO - Processing /home/airflow/.local/lib/python3.12/site-packages/airflow/example_dags/example_params_trigger_ui.py took 0.214 seconds
[2025-05-06T15:06:42.167+0000] {processor.py:186} INFO - Started process (PID=17887) to work on /home/airflow/.local/lib/python3.12/site-packages/airflow/example_dags/example_params_trigger_ui.py
[2025-05-06T15:06:42.170+0000] {processor.py:914} INFO - Processing file /home/airflow/.local/lib/python3.12/site-packages/airflow/example_dags/example_params_trigger_ui.py for tasks to queue
[2025-05-06T15:06:42.174+0000] {logging_mixin.py:190} INFO - [2025-05-06T15:06:42.173+0000] {dagbag.py:588} INFO - Filling up the DagBag from /home/airflow/.local/lib/python3.12/site-packages/airflow/example_dags/example_params_trigger_ui.py
[2025-05-06T15:06:42.194+0000] {processor.py:925} INFO - DAG(s) 'example_params_trigger_ui' retrieved from /home/airflow/.local/lib/python3.12/site-packages/airflow/example_dags/example_params_trigger_ui.py
[2025-05-06T15:06:42.276+0000] {logging_mixin.py:190} INFO - [2025-05-06T15:06:42.276+0000] {dag.py:3239} INFO - Sync 1 DAGs
[2025-05-06T15:06:42.309+0000] {logging_mixin.py:190} INFO - [2025-05-06T15:06:42.308+0000] {dag.py:4180} INFO - Setting next_dagrun for example_params_trigger_ui to None, run_after=None
[2025-05-06T15:06:42.345+0000] {processor.py:208} INFO - Processing /home/airflow/.local/lib/python3.12/site-packages/airflow/example_dags/example_params_trigger_ui.py took 0.189 seconds
[2025-05-06T15:07:12.996+0000] {processor.py:186} INFO - Started process (PID=17978) to work on /home/airflow/.local/lib/python3.12/site-packages/airflow/example_dags/example_params_trigger_ui.py
[2025-05-06T15:07:12.999+0000] {processor.py:914} INFO - Processing file /home/airflow/.local/lib/python3.12/site-packages/airflow/example_dags/example_params_trigger_ui.py for tasks to queue
[2025-05-06T15:07:13.004+0000] {logging_mixin.py:190} INFO - [2025-05-06T15:07:13.003+0000] {dagbag.py:588} INFO - Filling up the DagBag from /home/airflow/.local/lib/python3.12/site-packages/airflow/example_dags/example_params_trigger_ui.py
[2025-05-06T15:07:13.029+0000] {processor.py:925} INFO - DAG(s) 'example_params_trigger_ui' retrieved from /home/airflow/.local/lib/python3.12/site-packages/airflow/example_dags/example_params_trigger_ui.py
[2025-05-06T15:07:13.113+0000] {logging_mixin.py:190} INFO - [2025-05-06T15:07:13.112+0000] {dag.py:3239} INFO - Sync 1 DAGs
[2025-05-06T15:07:13.146+0000] {logging_mixin.py:190} INFO - [2025-05-06T15:07:13.146+0000] {dag.py:4180} INFO - Setting next_dagrun for example_params_trigger_ui to None, run_after=None
[2025-05-06T15:07:13.188+0000] {processor.py:208} INFO - Processing /home/airflow/.local/lib/python3.12/site-packages/airflow/example_dags/example_params_trigger_ui.py took 0.206 seconds
[2025-05-06T15:07:44.639+0000] {processor.py:186} INFO - Started process (PID=18069) to work on /home/airflow/.local/lib/python3.12/site-packages/airflow/example_dags/example_params_trigger_ui.py
[2025-05-06T15:07:44.642+0000] {processor.py:914} INFO - Processing file /home/airflow/.local/lib/python3.12/site-packages/airflow/example_dags/example_params_trigger_ui.py for tasks to queue
[2025-05-06T15:07:44.647+0000] {logging_mixin.py:190} INFO - [2025-05-06T15:07:44.647+0000] {dagbag.py:588} INFO - Filling up the DagBag from /home/airflow/.local/lib/python3.12/site-packages/airflow/example_dags/example_params_trigger_ui.py
[2025-05-06T15:07:44.669+0000] {processor.py:925} INFO - DAG(s) 'example_params_trigger_ui' retrieved from /home/airflow/.local/lib/python3.12/site-packages/airflow/example_dags/example_params_trigger_ui.py
[2025-05-06T15:07:44.756+0000] {logging_mixin.py:190} INFO - [2025-05-06T15:07:44.755+0000] {dag.py:3239} INFO - Sync 1 DAGs
[2025-05-06T15:07:44.784+0000] {logging_mixin.py:190} INFO - [2025-05-06T15:07:44.784+0000] {dag.py:4180} INFO - Setting next_dagrun for example_params_trigger_ui to None, run_after=None
[2025-05-06T15:07:44.839+0000] {processor.py:208} INFO - Processing /home/airflow/.local/lib/python3.12/site-packages/airflow/example_dags/example_params_trigger_ui.py took 0.211 seconds
[2025-05-06T15:08:15.440+0000] {processor.py:186} INFO - Started process (PID=18160) to work on /home/airflow/.local/lib/python3.12/site-packages/airflow/example_dags/example_params_trigger_ui.py
[2025-05-06T15:08:15.444+0000] {processor.py:914} INFO - Processing file /home/airflow/.local/lib/python3.12/site-packages/airflow/example_dags/example_params_trigger_ui.py for tasks to queue
[2025-05-06T15:08:15.450+0000] {logging_mixin.py:190} INFO - [2025-05-06T15:08:15.449+0000] {dagbag.py:588} INFO - Filling up the DagBag from /home/airflow/.local/lib/python3.12/site-packages/airflow/example_dags/example_params_trigger_ui.py
[2025-05-06T15:08:15.471+0000] {processor.py:925} INFO - DAG(s) 'example_params_trigger_ui' retrieved from /home/airflow/.local/lib/python3.12/site-packages/airflow/example_dags/example_params_trigger_ui.py
[2025-05-06T15:08:15.564+0000] {logging_mixin.py:190} INFO - [2025-05-06T15:08:15.564+0000] {dag.py:3239} INFO - Sync 1 DAGs
[2025-05-06T15:08:15.590+0000] {logging_mixin.py:190} INFO - [2025-05-06T15:08:15.589+0000] {dag.py:4180} INFO - Setting next_dagrun for example_params_trigger_ui to None, run_after=None
[2025-05-06T15:08:15.647+0000] {processor.py:208} INFO - Processing /home/airflow/.local/lib/python3.12/site-packages/airflow/example_dags/example_params_trigger_ui.py took 0.221 seconds
[2025-05-06T15:08:45.965+0000] {processor.py:186} INFO - Started process (PID=18237) to work on /home/airflow/.local/lib/python3.12/site-packages/airflow/example_dags/example_params_trigger_ui.py
[2025-05-06T15:08:45.967+0000] {processor.py:914} INFO - Processing file /home/airflow/.local/lib/python3.12/site-packages/airflow/example_dags/example_params_trigger_ui.py for tasks to queue
[2025-05-06T15:08:45.973+0000] {logging_mixin.py:190} INFO - [2025-05-06T15:08:45.972+0000] {dagbag.py:588} INFO - Filling up the DagBag from /home/airflow/.local/lib/python3.12/site-packages/airflow/example_dags/example_params_trigger_ui.py
[2025-05-06T15:08:45.997+0000] {processor.py:925} INFO - DAG(s) 'example_params_trigger_ui' retrieved from /home/airflow/.local/lib/python3.12/site-packages/airflow/example_dags/example_params_trigger_ui.py
[2025-05-06T15:08:46.082+0000] {logging_mixin.py:190} INFO - [2025-05-06T15:08:46.082+0000] {dag.py:3239} INFO - Sync 1 DAGs
[2025-05-06T15:08:46.112+0000] {logging_mixin.py:190} INFO - [2025-05-06T15:08:46.112+0000] {dag.py:4180} INFO - Setting next_dagrun for example_params_trigger_ui to None, run_after=None
[2025-05-06T15:08:46.170+0000] {processor.py:208} INFO - Processing /home/airflow/.local/lib/python3.12/site-packages/airflow/example_dags/example_params_trigger_ui.py took 0.221 seconds
[2025-05-06T15:09:18.526+0000] {processor.py:186} INFO - Started process (PID=18328) to work on /home/airflow/.local/lib/python3.12/site-packages/airflow/example_dags/example_params_trigger_ui.py
[2025-05-06T15:09:18.528+0000] {processor.py:914} INFO - Processing file /home/airflow/.local/lib/python3.12/site-packages/airflow/example_dags/example_params_trigger_ui.py for tasks to queue
[2025-05-06T15:09:18.533+0000] {logging_mixin.py:190} INFO - [2025-05-06T15:09:18.532+0000] {dagbag.py:588} INFO - Filling up the DagBag from /home/airflow/.local/lib/python3.12/site-packages/airflow/example_dags/example_params_trigger_ui.py
[2025-05-06T15:09:18.553+0000] {processor.py:925} INFO - DAG(s) 'example_params_trigger_ui' retrieved from /home/airflow/.local/lib/python3.12/site-packages/airflow/example_dags/example_params_trigger_ui.py
[2025-05-06T15:09:18.642+0000] {logging_mixin.py:190} INFO - [2025-05-06T15:09:18.641+0000] {dag.py:3239} INFO - Sync 1 DAGs
[2025-05-06T15:09:18.671+0000] {logging_mixin.py:190} INFO - [2025-05-06T15:09:18.671+0000] {dag.py:4180} INFO - Setting next_dagrun for example_params_trigger_ui to None, run_after=None
[2025-05-06T15:09:18.713+0000] {processor.py:208} INFO - Processing /home/airflow/.local/lib/python3.12/site-packages/airflow/example_dags/example_params_trigger_ui.py took 0.199 seconds
[2025-05-06T15:09:49.465+0000] {processor.py:186} INFO - Started process (PID=18419) to work on /home/airflow/.local/lib/python3.12/site-packages/airflow/example_dags/example_params_trigger_ui.py
[2025-05-06T15:09:49.468+0000] {processor.py:914} INFO - Processing file /home/airflow/.local/lib/python3.12/site-packages/airflow/example_dags/example_params_trigger_ui.py for tasks to queue
[2025-05-06T15:09:49.474+0000] {logging_mixin.py:190} INFO - [2025-05-06T15:09:49.473+0000] {dagbag.py:588} INFO - Filling up the DagBag from /home/airflow/.local/lib/python3.12/site-packages/airflow/example_dags/example_params_trigger_ui.py
[2025-05-06T15:09:49.497+0000] {processor.py:925} INFO - DAG(s) 'example_params_trigger_ui' retrieved from /home/airflow/.local/lib/python3.12/site-packages/airflow/example_dags/example_params_trigger_ui.py
[2025-05-06T15:09:49.609+0000] {logging_mixin.py:190} INFO - [2025-05-06T15:09:49.608+0000] {dag.py:3239} INFO - Sync 1 DAGs
[2025-05-06T15:09:49.639+0000] {logging_mixin.py:190} INFO - [2025-05-06T15:09:49.638+0000] {dag.py:4180} INFO - Setting next_dagrun for example_params_trigger_ui to None, run_after=None
[2025-05-06T15:09:49.679+0000] {processor.py:208} INFO - Processing /home/airflow/.local/lib/python3.12/site-packages/airflow/example_dags/example_params_trigger_ui.py took 0.229 seconds
[2025-05-06T15:10:21.027+0000] {processor.py:186} INFO - Started process (PID=18508) to work on /home/airflow/.local/lib/python3.12/site-packages/airflow/example_dags/example_params_trigger_ui.py
[2025-05-06T15:10:21.029+0000] {processor.py:914} INFO - Processing file /home/airflow/.local/lib/python3.12/site-packages/airflow/example_dags/example_params_trigger_ui.py for tasks to queue
[2025-05-06T15:10:21.035+0000] {logging_mixin.py:190} INFO - [2025-05-06T15:10:21.034+0000] {dagbag.py:588} INFO - Filling up the DagBag from /home/airflow/.local/lib/python3.12/site-packages/airflow/example_dags/example_params_trigger_ui.py
[2025-05-06T15:10:21.054+0000] {processor.py:925} INFO - DAG(s) 'example_params_trigger_ui' retrieved from /home/airflow/.local/lib/python3.12/site-packages/airflow/example_dags/example_params_trigger_ui.py
[2025-05-06T15:10:21.144+0000] {logging_mixin.py:190} INFO - [2025-05-06T15:10:21.144+0000] {dag.py:3239} INFO - Sync 1 DAGs
[2025-05-06T15:10:21.169+0000] {logging_mixin.py:190} INFO - [2025-05-06T15:10:21.169+0000] {dag.py:4180} INFO - Setting next_dagrun for example_params_trigger_ui to None, run_after=None
[2025-05-06T15:10:21.230+0000] {processor.py:208} INFO - Processing /home/airflow/.local/lib/python3.12/site-packages/airflow/example_dags/example_params_trigger_ui.py took 0.213 seconds
[2025-05-06T15:10:51.725+0000] {processor.py:186} INFO - Started process (PID=18595) to work on /home/airflow/.local/lib/python3.12/site-packages/airflow/example_dags/example_params_trigger_ui.py
[2025-05-06T15:10:51.728+0000] {processor.py:914} INFO - Processing file /home/airflow/.local/lib/python3.12/site-packages/airflow/example_dags/example_params_trigger_ui.py for tasks to queue
[2025-05-06T15:10:51.732+0000] {logging_mixin.py:190} INFO - [2025-05-06T15:10:51.732+0000] {dagbag.py:588} INFO - Filling up the DagBag from /home/airflow/.local/lib/python3.12/site-packages/airflow/example_dags/example_params_trigger_ui.py
[2025-05-06T15:10:51.754+0000] {processor.py:925} INFO - DAG(s) 'example_params_trigger_ui' retrieved from /home/airflow/.local/lib/python3.12/site-packages/airflow/example_dags/example_params_trigger_ui.py
[2025-05-06T15:10:51.833+0000] {logging_mixin.py:190} INFO - [2025-05-06T15:10:51.833+0000] {dag.py:3239} INFO - Sync 1 DAGs
[2025-05-06T15:10:51.862+0000] {logging_mixin.py:190} INFO - [2025-05-06T15:10:51.862+0000] {dag.py:4180} INFO - Setting next_dagrun for example_params_trigger_ui to None, run_after=None
[2025-05-06T15:10:51.924+0000] {processor.py:208} INFO - Processing /home/airflow/.local/lib/python3.12/site-packages/airflow/example_dags/example_params_trigger_ui.py took 0.212 seconds
[2025-05-06T15:11:22.006+0000] {processor.py:186} INFO - Started process (PID=18672) to work on /home/airflow/.local/lib/python3.12/site-packages/airflow/example_dags/example_params_trigger_ui.py
[2025-05-06T15:11:22.010+0000] {processor.py:914} INFO - Processing file /home/airflow/.local/lib/python3.12/site-packages/airflow/example_dags/example_params_trigger_ui.py for tasks to queue
[2025-05-06T15:11:22.016+0000] {logging_mixin.py:190} INFO - [2025-05-06T15:11:22.015+0000] {dagbag.py:588} INFO - Filling up the DagBag from /home/airflow/.local/lib/python3.12/site-packages/airflow/example_dags/example_params_trigger_ui.py
[2025-05-06T15:11:22.039+0000] {processor.py:925} INFO - DAG(s) 'example_params_trigger_ui' retrieved from /home/airflow/.local/lib/python3.12/site-packages/airflow/example_dags/example_params_trigger_ui.py
[2025-05-06T15:11:22.123+0000] {logging_mixin.py:190} INFO - [2025-05-06T15:11:22.122+0000] {dag.py:3239} INFO - Sync 1 DAGs
[2025-05-06T15:11:22.153+0000] {logging_mixin.py:190} INFO - [2025-05-06T15:11:22.152+0000] {dag.py:4180} INFO - Setting next_dagrun for example_params_trigger_ui to None, run_after=None
[2025-05-06T15:11:22.208+0000] {processor.py:208} INFO - Processing /home/airflow/.local/lib/python3.12/site-packages/airflow/example_dags/example_params_trigger_ui.py took 0.214 seconds
[2025-05-06T15:11:52.999+0000] {processor.py:186} INFO - Started process (PID=18762) to work on /home/airflow/.local/lib/python3.12/site-packages/airflow/example_dags/example_params_trigger_ui.py
[2025-05-06T15:11:53.003+0000] {processor.py:914} INFO - Processing file /home/airflow/.local/lib/python3.12/site-packages/airflow/example_dags/example_params_trigger_ui.py for tasks to queue
[2025-05-06T15:11:53.007+0000] {logging_mixin.py:190} INFO - [2025-05-06T15:11:53.007+0000] {dagbag.py:588} INFO - Filling up the DagBag from /home/airflow/.local/lib/python3.12/site-packages/airflow/example_dags/example_params_trigger_ui.py
[2025-05-06T15:11:53.034+0000] {processor.py:925} INFO - DAG(s) 'example_params_trigger_ui' retrieved from /home/airflow/.local/lib/python3.12/site-packages/airflow/example_dags/example_params_trigger_ui.py
[2025-05-06T15:11:53.128+0000] {logging_mixin.py:190} INFO - [2025-05-06T15:11:53.128+0000] {dag.py:3239} INFO - Sync 1 DAGs
[2025-05-06T15:11:53.157+0000] {logging_mixin.py:190} INFO - [2025-05-06T15:11:53.156+0000] {dag.py:4180} INFO - Setting next_dagrun for example_params_trigger_ui to None, run_after=None
[2025-05-06T15:11:53.214+0000] {processor.py:208} INFO - Processing /home/airflow/.local/lib/python3.12/site-packages/airflow/example_dags/example_params_trigger_ui.py took 0.228 seconds
[2025-05-06T15:12:23.284+0000] {processor.py:186} INFO - Started process (PID=18852) to work on /home/airflow/.local/lib/python3.12/site-packages/airflow/example_dags/example_params_trigger_ui.py
[2025-05-06T15:12:23.287+0000] {processor.py:914} INFO - Processing file /home/airflow/.local/lib/python3.12/site-packages/airflow/example_dags/example_params_trigger_ui.py for tasks to queue
[2025-05-06T15:12:23.291+0000] {logging_mixin.py:190} INFO - [2025-05-06T15:12:23.290+0000] {dagbag.py:588} INFO - Filling up the DagBag from /home/airflow/.local/lib/python3.12/site-packages/airflow/example_dags/example_params_trigger_ui.py
[2025-05-06T15:12:23.313+0000] {processor.py:925} INFO - DAG(s) 'example_params_trigger_ui' retrieved from /home/airflow/.local/lib/python3.12/site-packages/airflow/example_dags/example_params_trigger_ui.py
[2025-05-06T15:12:23.387+0000] {logging_mixin.py:190} INFO - [2025-05-06T15:12:23.387+0000] {dag.py:3239} INFO - Sync 1 DAGs
[2025-05-06T15:12:23.414+0000] {logging_mixin.py:190} INFO - [2025-05-06T15:12:23.413+0000] {dag.py:4180} INFO - Setting next_dagrun for example_params_trigger_ui to None, run_after=None
[2025-05-06T15:12:23.449+0000] {processor.py:208} INFO - Processing /home/airflow/.local/lib/python3.12/site-packages/airflow/example_dags/example_params_trigger_ui.py took 0.176 seconds
[2025-05-06T15:12:54.516+0000] {processor.py:186} INFO - Started process (PID=18943) to work on /home/airflow/.local/lib/python3.12/site-packages/airflow/example_dags/example_params_trigger_ui.py
[2025-05-06T15:12:54.519+0000] {processor.py:914} INFO - Processing file /home/airflow/.local/lib/python3.12/site-packages/airflow/example_dags/example_params_trigger_ui.py for tasks to queue
[2025-05-06T15:12:54.524+0000] {logging_mixin.py:190} INFO - [2025-05-06T15:12:54.523+0000] {dagbag.py:588} INFO - Filling up the DagBag from /home/airflow/.local/lib/python3.12/site-packages/airflow/example_dags/example_params_trigger_ui.py
[2025-05-06T15:12:54.544+0000] {processor.py:925} INFO - DAG(s) 'example_params_trigger_ui' retrieved from /home/airflow/.local/lib/python3.12/site-packages/airflow/example_dags/example_params_trigger_ui.py
[2025-05-06T15:12:54.632+0000] {logging_mixin.py:190} INFO - [2025-05-06T15:12:54.632+0000] {dag.py:3239} INFO - Sync 1 DAGs
[2025-05-06T15:12:54.660+0000] {logging_mixin.py:190} INFO - [2025-05-06T15:12:54.660+0000] {dag.py:4180} INFO - Setting next_dagrun for example_params_trigger_ui to None, run_after=None
[2025-05-06T15:12:54.703+0000] {processor.py:208} INFO - Processing /home/airflow/.local/lib/python3.12/site-packages/airflow/example_dags/example_params_trigger_ui.py took 0.199 seconds
[2025-05-06T15:13:25.063+0000] {processor.py:186} INFO - Started process (PID=19034) to work on /home/airflow/.local/lib/python3.12/site-packages/airflow/example_dags/example_params_trigger_ui.py
[2025-05-06T15:13:25.065+0000] {processor.py:914} INFO - Processing file /home/airflow/.local/lib/python3.12/site-packages/airflow/example_dags/example_params_trigger_ui.py for tasks to queue
[2025-05-06T15:13:25.071+0000] {logging_mixin.py:190} INFO - [2025-05-06T15:13:25.070+0000] {dagbag.py:588} INFO - Filling up the DagBag from /home/airflow/.local/lib/python3.12/site-packages/airflow/example_dags/example_params_trigger_ui.py
[2025-05-06T15:13:25.090+0000] {processor.py:925} INFO - DAG(s) 'example_params_trigger_ui' retrieved from /home/airflow/.local/lib/python3.12/site-packages/airflow/example_dags/example_params_trigger_ui.py
[2025-05-06T15:13:25.184+0000] {logging_mixin.py:190} INFO - [2025-05-06T15:13:25.184+0000] {dag.py:3239} INFO - Sync 1 DAGs
[2025-05-06T15:13:25.210+0000] {logging_mixin.py:190} INFO - [2025-05-06T15:13:25.210+0000] {dag.py:4180} INFO - Setting next_dagrun for example_params_trigger_ui to None, run_after=None
[2025-05-06T15:13:25.249+0000] {processor.py:208} INFO - Processing /home/airflow/.local/lib/python3.12/site-packages/airflow/example_dags/example_params_trigger_ui.py took 0.198 seconds
[2025-05-06T15:13:58.997+0000] {processor.py:186} INFO - Started process (PID=19129) to work on /home/airflow/.local/lib/python3.12/site-packages/airflow/example_dags/example_params_trigger_ui.py
[2025-05-06T15:13:58.999+0000] {processor.py:914} INFO - Processing file /home/airflow/.local/lib/python3.12/site-packages/airflow/example_dags/example_params_trigger_ui.py for tasks to queue
[2025-05-06T15:13:59.005+0000] {logging_mixin.py:190} INFO - [2025-05-06T15:13:59.004+0000] {dagbag.py:588} INFO - Filling up the DagBag from /home/airflow/.local/lib/python3.12/site-packages/airflow/example_dags/example_params_trigger_ui.py
[2025-05-06T15:13:59.027+0000] {processor.py:925} INFO - DAG(s) 'example_params_trigger_ui' retrieved from /home/airflow/.local/lib/python3.12/site-packages/airflow/example_dags/example_params_trigger_ui.py
[2025-05-06T15:13:59.111+0000] {logging_mixin.py:190} INFO - [2025-05-06T15:13:59.111+0000] {dag.py:3239} INFO - Sync 1 DAGs
[2025-05-06T15:13:59.139+0000] {logging_mixin.py:190} INFO - [2025-05-06T15:13:59.138+0000] {dag.py:4180} INFO - Setting next_dagrun for example_params_trigger_ui to None, run_after=None
[2025-05-06T15:13:59.191+0000] {processor.py:208} INFO - Processing /home/airflow/.local/lib/python3.12/site-packages/airflow/example_dags/example_params_trigger_ui.py took 0.206 seconds
[2025-05-06T15:14:31.873+0000] {processor.py:186} INFO - Started process (PID=19220) to work on /home/airflow/.local/lib/python3.12/site-packages/airflow/example_dags/example_params_trigger_ui.py
[2025-05-06T15:14:31.875+0000] {processor.py:914} INFO - Processing file /home/airflow/.local/lib/python3.12/site-packages/airflow/example_dags/example_params_trigger_ui.py for tasks to queue
[2025-05-06T15:14:31.880+0000] {logging_mixin.py:190} INFO - [2025-05-06T15:14:31.879+0000] {dagbag.py:588} INFO - Filling up the DagBag from /home/airflow/.local/lib/python3.12/site-packages/airflow/example_dags/example_params_trigger_ui.py
[2025-05-06T15:14:31.904+0000] {processor.py:925} INFO - DAG(s) 'example_params_trigger_ui' retrieved from /home/airflow/.local/lib/python3.12/site-packages/airflow/example_dags/example_params_trigger_ui.py
[2025-05-06T15:14:32.008+0000] {logging_mixin.py:190} INFO - [2025-05-06T15:14:32.007+0000] {dag.py:3239} INFO - Sync 1 DAGs
[2025-05-06T15:14:32.046+0000] {logging_mixin.py:190} INFO - [2025-05-06T15:14:32.046+0000] {dag.py:4180} INFO - Setting next_dagrun for example_params_trigger_ui to None, run_after=None
[2025-05-06T15:14:32.095+0000] {processor.py:208} INFO - Processing /home/airflow/.local/lib/python3.12/site-packages/airflow/example_dags/example_params_trigger_ui.py took 0.236 seconds
[2025-05-06T15:15:04.773+0000] {processor.py:186} INFO - Started process (PID=19311) to work on /home/airflow/.local/lib/python3.12/site-packages/airflow/example_dags/example_params_trigger_ui.py
[2025-05-06T15:15:04.775+0000] {processor.py:914} INFO - Processing file /home/airflow/.local/lib/python3.12/site-packages/airflow/example_dags/example_params_trigger_ui.py for tasks to queue
[2025-05-06T15:15:04.782+0000] {logging_mixin.py:190} INFO - [2025-05-06T15:15:04.781+0000] {dagbag.py:588} INFO - Filling up the DagBag from /home/airflow/.local/lib/python3.12/site-packages/airflow/example_dags/example_params_trigger_ui.py
[2025-05-06T15:15:04.806+0000] {processor.py:925} INFO - DAG(s) 'example_params_trigger_ui' retrieved from /home/airflow/.local/lib/python3.12/site-packages/airflow/example_dags/example_params_trigger_ui.py
[2025-05-06T15:15:04.896+0000] {logging_mixin.py:190} INFO - [2025-05-06T15:15:04.896+0000] {dag.py:3239} INFO - Sync 1 DAGs
[2025-05-06T15:15:05.202+0000] {logging_mixin.py:190} INFO - [2025-05-06T15:15:05.201+0000] {dag.py:4180} INFO - Setting next_dagrun for example_params_trigger_ui to None, run_after=None
[2025-05-06T15:15:05.255+0000] {processor.py:208} INFO - Processing /home/airflow/.local/lib/python3.12/site-packages/airflow/example_dags/example_params_trigger_ui.py took 0.493 seconds
[2025-05-06T15:15:36.931+0000] {processor.py:186} INFO - Started process (PID=19402) to work on /home/airflow/.local/lib/python3.12/site-packages/airflow/example_dags/example_params_trigger_ui.py
[2025-05-06T15:15:36.934+0000] {processor.py:914} INFO - Processing file /home/airflow/.local/lib/python3.12/site-packages/airflow/example_dags/example_params_trigger_ui.py for tasks to queue
[2025-05-06T15:15:36.940+0000] {logging_mixin.py:190} INFO - [2025-05-06T15:15:36.939+0000] {dagbag.py:588} INFO - Filling up the DagBag from /home/airflow/.local/lib/python3.12/site-packages/airflow/example_dags/example_params_trigger_ui.py
[2025-05-06T15:15:36.960+0000] {processor.py:925} INFO - DAG(s) 'example_params_trigger_ui' retrieved from /home/airflow/.local/lib/python3.12/site-packages/airflow/example_dags/example_params_trigger_ui.py
[2025-05-06T15:15:37.060+0000] {logging_mixin.py:190} INFO - [2025-05-06T15:15:37.059+0000] {dag.py:3239} INFO - Sync 1 DAGs
[2025-05-06T15:15:37.092+0000] {logging_mixin.py:190} INFO - [2025-05-06T15:15:37.091+0000] {dag.py:4180} INFO - Setting next_dagrun for example_params_trigger_ui to None, run_after=None
[2025-05-06T15:15:37.459+0000] {processor.py:208} INFO - Processing /home/airflow/.local/lib/python3.12/site-packages/airflow/example_dags/example_params_trigger_ui.py took 0.539 seconds
[2025-05-06T15:16:07.717+0000] {processor.py:186} INFO - Started process (PID=19479) to work on /home/airflow/.local/lib/python3.12/site-packages/airflow/example_dags/example_params_trigger_ui.py
[2025-05-06T15:16:07.720+0000] {processor.py:914} INFO - Processing file /home/airflow/.local/lib/python3.12/site-packages/airflow/example_dags/example_params_trigger_ui.py for tasks to queue
[2025-05-06T15:16:07.726+0000] {logging_mixin.py:190} INFO - [2025-05-06T15:16:07.725+0000] {dagbag.py:588} INFO - Filling up the DagBag from /home/airflow/.local/lib/python3.12/site-packages/airflow/example_dags/example_params_trigger_ui.py
[2025-05-06T15:16:07.749+0000] {processor.py:925} INFO - DAG(s) 'example_params_trigger_ui' retrieved from /home/airflow/.local/lib/python3.12/site-packages/airflow/example_dags/example_params_trigger_ui.py
[2025-05-06T15:16:07.833+0000] {logging_mixin.py:190} INFO - [2025-05-06T15:16:07.832+0000] {dag.py:3239} INFO - Sync 1 DAGs
[2025-05-06T15:16:07.865+0000] {logging_mixin.py:190} INFO - [2025-05-06T15:16:07.865+0000] {dag.py:4180} INFO - Setting next_dagrun for example_params_trigger_ui to None, run_after=None
[2025-05-06T15:16:08.164+0000] {processor.py:208} INFO - Processing /home/airflow/.local/lib/python3.12/site-packages/airflow/example_dags/example_params_trigger_ui.py took 0.457 seconds
[2025-05-06T15:16:38.589+0000] {processor.py:186} INFO - Started process (PID=19570) to work on /home/airflow/.local/lib/python3.12/site-packages/airflow/example_dags/example_params_trigger_ui.py
[2025-05-06T15:16:38.591+0000] {processor.py:914} INFO - Processing file /home/airflow/.local/lib/python3.12/site-packages/airflow/example_dags/example_params_trigger_ui.py for tasks to queue
[2025-05-06T15:16:38.597+0000] {logging_mixin.py:190} INFO - [2025-05-06T15:16:38.597+0000] {dagbag.py:588} INFO - Filling up the DagBag from /home/airflow/.local/lib/python3.12/site-packages/airflow/example_dags/example_params_trigger_ui.py
[2025-05-06T15:16:38.618+0000] {processor.py:925} INFO - DAG(s) 'example_params_trigger_ui' retrieved from /home/airflow/.local/lib/python3.12/site-packages/airflow/example_dags/example_params_trigger_ui.py
[2025-05-06T15:16:38.709+0000] {logging_mixin.py:190} INFO - [2025-05-06T15:16:38.708+0000] {dag.py:3239} INFO - Sync 1 DAGs
[2025-05-06T15:16:38.738+0000] {logging_mixin.py:190} INFO - [2025-05-06T15:16:38.737+0000] {dag.py:4180} INFO - Setting next_dagrun for example_params_trigger_ui to None, run_after=None
[2025-05-06T15:16:38.799+0000] {processor.py:208} INFO - Processing /home/airflow/.local/lib/python3.12/site-packages/airflow/example_dags/example_params_trigger_ui.py took 0.221 seconds
[2025-05-06T15:17:09.216+0000] {processor.py:186} INFO - Started process (PID=19661) to work on /home/airflow/.local/lib/python3.12/site-packages/airflow/example_dags/example_params_trigger_ui.py
[2025-05-06T15:17:09.219+0000] {processor.py:914} INFO - Processing file /home/airflow/.local/lib/python3.12/site-packages/airflow/example_dags/example_params_trigger_ui.py for tasks to queue
[2025-05-06T15:17:09.223+0000] {logging_mixin.py:190} INFO - [2025-05-06T15:17:09.223+0000] {dagbag.py:588} INFO - Filling up the DagBag from /home/airflow/.local/lib/python3.12/site-packages/airflow/example_dags/example_params_trigger_ui.py
[2025-05-06T15:17:09.246+0000] {processor.py:925} INFO - DAG(s) 'example_params_trigger_ui' retrieved from /home/airflow/.local/lib/python3.12/site-packages/airflow/example_dags/example_params_trigger_ui.py
[2025-05-06T15:17:09.336+0000] {logging_mixin.py:190} INFO - [2025-05-06T15:17:09.336+0000] {dag.py:3239} INFO - Sync 1 DAGs
[2025-05-06T15:17:09.364+0000] {logging_mixin.py:190} INFO - [2025-05-06T15:17:09.364+0000] {dag.py:4180} INFO - Setting next_dagrun for example_params_trigger_ui to None, run_after=None
[2025-05-06T15:17:09.396+0000] {processor.py:208} INFO - Processing /home/airflow/.local/lib/python3.12/site-packages/airflow/example_dags/example_params_trigger_ui.py took 0.192 seconds
[2025-05-06T15:17:39.724+0000] {processor.py:186} INFO - Started process (PID=19752) to work on /home/airflow/.local/lib/python3.12/site-packages/airflow/example_dags/example_params_trigger_ui.py
[2025-05-06T15:17:39.726+0000] {processor.py:914} INFO - Processing file /home/airflow/.local/lib/python3.12/site-packages/airflow/example_dags/example_params_trigger_ui.py for tasks to queue
[2025-05-06T15:17:39.731+0000] {logging_mixin.py:190} INFO - [2025-05-06T15:17:39.730+0000] {dagbag.py:588} INFO - Filling up the DagBag from /home/airflow/.local/lib/python3.12/site-packages/airflow/example_dags/example_params_trigger_ui.py
[2025-05-06T15:17:39.752+0000] {processor.py:925} INFO - DAG(s) 'example_params_trigger_ui' retrieved from /home/airflow/.local/lib/python3.12/site-packages/airflow/example_dags/example_params_trigger_ui.py
[2025-05-06T15:17:39.865+0000] {logging_mixin.py:190} INFO - [2025-05-06T15:17:39.864+0000] {dag.py:3239} INFO - Sync 1 DAGs
[2025-05-06T15:17:39.896+0000] {logging_mixin.py:190} INFO - [2025-05-06T15:17:39.896+0000] {dag.py:4180} INFO - Setting next_dagrun for example_params_trigger_ui to None, run_after=None
[2025-05-06T15:17:39.940+0000] {processor.py:208} INFO - Processing /home/airflow/.local/lib/python3.12/site-packages/airflow/example_dags/example_params_trigger_ui.py took 0.229 seconds
[2025-05-06T15:18:10.786+0000] {processor.py:186} INFO - Started process (PID=19843) to work on /home/airflow/.local/lib/python3.12/site-packages/airflow/example_dags/example_params_trigger_ui.py
[2025-05-06T15:18:10.789+0000] {processor.py:914} INFO - Processing file /home/airflow/.local/lib/python3.12/site-packages/airflow/example_dags/example_params_trigger_ui.py for tasks to queue
[2025-05-06T15:18:10.794+0000] {logging_mixin.py:190} INFO - [2025-05-06T15:18:10.794+0000] {dagbag.py:588} INFO - Filling up the DagBag from /home/airflow/.local/lib/python3.12/site-packages/airflow/example_dags/example_params_trigger_ui.py
[2025-05-06T15:18:10.819+0000] {processor.py:925} INFO - DAG(s) 'example_params_trigger_ui' retrieved from /home/airflow/.local/lib/python3.12/site-packages/airflow/example_dags/example_params_trigger_ui.py
[2025-05-06T15:18:10.915+0000] {logging_mixin.py:190} INFO - [2025-05-06T15:18:10.915+0000] {dag.py:3239} INFO - Sync 1 DAGs
[2025-05-06T15:18:10.948+0000] {logging_mixin.py:190} INFO - [2025-05-06T15:18:10.947+0000] {dag.py:4180} INFO - Setting next_dagrun for example_params_trigger_ui to None, run_after=None
[2025-05-06T15:18:10.981+0000] {processor.py:208} INFO - Processing /home/airflow/.local/lib/python3.12/site-packages/airflow/example_dags/example_params_trigger_ui.py took 0.210 seconds
