[2025-05-06T14:48:21.145+0000] {processor.py:186} INFO - Started process (PID=14874) to work on /home/airflow/.local/lib/python3.12/site-packages/airflow/example_dags/example_skip_dag.py
[2025-05-06T14:48:21.147+0000] {processor.py:914} INFO - Processing file /home/airflow/.local/lib/python3.12/site-packages/airflow/example_dags/example_skip_dag.py for tasks to queue
[2025-05-06T14:48:21.151+0000] {logging_mixin.py:190} INFO - [2025-05-06T14:48:21.151+0000] {dagbag.py:588} INFO - Filling up the DagBag from /home/airflow/.local/lib/python3.12/site-packages/airflow/example_dags/example_skip_dag.py
[2025-05-06T14:48:21.161+0000] {processor.py:925} INFO - DAG(s) 'example_skip_dag' retrieved from /home/airflow/.local/lib/python3.12/site-packages/airflow/example_dags/example_skip_dag.py
[2025-05-06T14:48:21.191+0000] {logging_mixin.py:190} INFO - [2025-05-06T14:48:21.190+0000] {dag.py:3239} INFO - Sync 1 DAGs
[2025-05-06T14:48:21.213+0000] {logging_mixin.py:190} INFO - [2025-05-06T14:48:21.213+0000] {dag.py:4180} INFO - Setting next_dagrun for example_skip_dag to 2025-05-05 00:00:00+00:00, run_after=2025-05-06 00:00:00+00:00
[2025-05-06T14:48:21.236+0000] {processor.py:208} INFO - Processing /home/airflow/.local/lib/python3.12/site-packages/airflow/example_dags/example_skip_dag.py took 0.097 seconds
[2025-05-06T14:48:56.618+0000] {processor.py:186} INFO - Started process (PID=14971) to work on /home/airflow/.local/lib/python3.12/site-packages/airflow/example_dags/example_skip_dag.py
[2025-05-06T14:48:56.626+0000] {processor.py:914} INFO - Processing file /home/airflow/.local/lib/python3.12/site-packages/airflow/example_dags/example_skip_dag.py for tasks to queue
[2025-05-06T14:48:56.647+0000] {logging_mixin.py:190} INFO - [2025-05-06T14:48:56.645+0000] {dagbag.py:588} INFO - Filling up the DagBag from /home/airflow/.local/lib/python3.12/site-packages/airflow/example_dags/example_skip_dag.py
[2025-05-06T14:48:56.715+0000] {processor.py:925} INFO - DAG(s) 'example_skip_dag' retrieved from /home/airflow/.local/lib/python3.12/site-packages/airflow/example_dags/example_skip_dag.py
[2025-05-06T14:48:56.917+0000] {logging_mixin.py:190} INFO - [2025-05-06T14:48:56.915+0000] {dag.py:3239} INFO - Sync 1 DAGs
[2025-05-06T14:48:57.127+0000] {logging_mixin.py:190} INFO - [2025-05-06T14:48:57.126+0000] {dag.py:4180} INFO - Setting next_dagrun for example_skip_dag to 2025-05-05 00:00:00+00:00, run_after=2025-05-06 00:00:00+00:00
[2025-05-06T14:48:57.298+0000] {processor.py:208} INFO - Processing /home/airflow/.local/lib/python3.12/site-packages/airflow/example_dags/example_skip_dag.py took 0.728 seconds
[2025-05-06T14:50:25.553+0000] {processor.py:186} INFO - Started process (PID=15075) to work on /home/airflow/.local/lib/python3.12/site-packages/airflow/example_dags/example_skip_dag.py
[2025-05-06T14:50:25.560+0000] {processor.py:914} INFO - Processing file /home/airflow/.local/lib/python3.12/site-packages/airflow/example_dags/example_skip_dag.py for tasks to queue
[2025-05-06T14:50:25.577+0000] {logging_mixin.py:190} INFO - [2025-05-06T14:50:25.575+0000] {dagbag.py:588} INFO - Filling up the DagBag from /home/airflow/.local/lib/python3.12/site-packages/airflow/example_dags/example_skip_dag.py
[2025-05-06T14:50:25.634+0000] {processor.py:925} INFO - DAG(s) 'example_skip_dag' retrieved from /home/airflow/.local/lib/python3.12/site-packages/airflow/example_dags/example_skip_dag.py
[2025-05-06T14:50:25.793+0000] {logging_mixin.py:190} INFO - [2025-05-06T14:50:25.791+0000] {dag.py:3239} INFO - Sync 1 DAGs
[2025-05-06T14:50:26.036+0000] {logging_mixin.py:190} INFO - [2025-05-06T14:50:26.033+0000] {dag.py:4180} INFO - Setting next_dagrun for example_skip_dag to 2025-05-05 00:00:00+00:00, run_after=2025-05-06 00:00:00+00:00
[2025-05-06T14:50:26.204+0000] {processor.py:208} INFO - Processing /home/airflow/.local/lib/python3.12/site-packages/airflow/example_dags/example_skip_dag.py took 0.692 seconds
[2025-05-06T14:50:57.129+0000] {processor.py:186} INFO - Started process (PID=15166) to work on /home/airflow/.local/lib/python3.12/site-packages/airflow/example_dags/example_skip_dag.py
[2025-05-06T14:50:57.131+0000] {processor.py:914} INFO - Processing file /home/airflow/.local/lib/python3.12/site-packages/airflow/example_dags/example_skip_dag.py for tasks to queue
[2025-05-06T14:50:57.135+0000] {logging_mixin.py:190} INFO - [2025-05-06T14:50:57.135+0000] {dagbag.py:588} INFO - Filling up the DagBag from /home/airflow/.local/lib/python3.12/site-packages/airflow/example_dags/example_skip_dag.py
[2025-05-06T14:50:57.149+0000] {processor.py:925} INFO - DAG(s) 'example_skip_dag' retrieved from /home/airflow/.local/lib/python3.12/site-packages/airflow/example_dags/example_skip_dag.py
[2025-05-06T14:50:57.196+0000] {logging_mixin.py:190} INFO - [2025-05-06T14:50:57.194+0000] {dag.py:3239} INFO - Sync 1 DAGs
[2025-05-06T14:50:57.256+0000] {logging_mixin.py:190} INFO - [2025-05-06T14:50:57.256+0000] {dag.py:4180} INFO - Setting next_dagrun for example_skip_dag to 2025-05-05 00:00:00+00:00, run_after=2025-05-06 00:00:00+00:00
[2025-05-06T14:50:57.318+0000] {processor.py:208} INFO - Processing /home/airflow/.local/lib/python3.12/site-packages/airflow/example_dags/example_skip_dag.py took 0.200 seconds
[2025-05-06T14:51:28.571+0000] {processor.py:186} INFO - Started process (PID=15257) to work on /home/airflow/.local/lib/python3.12/site-packages/airflow/example_dags/example_skip_dag.py
[2025-05-06T14:51:28.574+0000] {processor.py:914} INFO - Processing file /home/airflow/.local/lib/python3.12/site-packages/airflow/example_dags/example_skip_dag.py for tasks to queue
[2025-05-06T14:51:28.581+0000] {logging_mixin.py:190} INFO - [2025-05-06T14:51:28.580+0000] {dagbag.py:588} INFO - Filling up the DagBag from /home/airflow/.local/lib/python3.12/site-packages/airflow/example_dags/example_skip_dag.py
[2025-05-06T14:51:28.604+0000] {processor.py:925} INFO - DAG(s) 'example_skip_dag' retrieved from /home/airflow/.local/lib/python3.12/site-packages/airflow/example_dags/example_skip_dag.py
[2025-05-06T14:51:28.662+0000] {logging_mixin.py:190} INFO - [2025-05-06T14:51:28.661+0000] {dag.py:3239} INFO - Sync 1 DAGs
[2025-05-06T14:51:28.728+0000] {logging_mixin.py:190} INFO - [2025-05-06T14:51:28.728+0000] {dag.py:4180} INFO - Setting next_dagrun for example_skip_dag to 2025-05-05 00:00:00+00:00, run_after=2025-05-06 00:00:00+00:00
[2025-05-06T14:51:28.774+0000] {processor.py:208} INFO - Processing /home/airflow/.local/lib/python3.12/site-packages/airflow/example_dags/example_skip_dag.py took 0.219 seconds
[2025-05-06T14:52:00.751+0000] {processor.py:186} INFO - Started process (PID=15348) to work on /home/airflow/.local/lib/python3.12/site-packages/airflow/example_dags/example_skip_dag.py
[2025-05-06T14:52:00.753+0000] {processor.py:914} INFO - Processing file /home/airflow/.local/lib/python3.12/site-packages/airflow/example_dags/example_skip_dag.py for tasks to queue
[2025-05-06T14:52:00.761+0000] {logging_mixin.py:190} INFO - [2025-05-06T14:52:00.760+0000] {dagbag.py:588} INFO - Filling up the DagBag from /home/airflow/.local/lib/python3.12/site-packages/airflow/example_dags/example_skip_dag.py
[2025-05-06T14:52:00.780+0000] {processor.py:925} INFO - DAG(s) 'example_skip_dag' retrieved from /home/airflow/.local/lib/python3.12/site-packages/airflow/example_dags/example_skip_dag.py
[2025-05-06T14:52:00.823+0000] {logging_mixin.py:190} INFO - [2025-05-06T14:52:00.823+0000] {dag.py:3239} INFO - Sync 1 DAGs
[2025-05-06T14:52:00.884+0000] {logging_mixin.py:190} INFO - [2025-05-06T14:52:00.884+0000] {dag.py:4180} INFO - Setting next_dagrun for example_skip_dag to 2025-05-05 00:00:00+00:00, run_after=2025-05-06 00:00:00+00:00
[2025-05-06T14:52:00.928+0000] {processor.py:208} INFO - Processing /home/airflow/.local/lib/python3.12/site-packages/airflow/example_dags/example_skip_dag.py took 0.190 seconds
[2025-05-06T14:52:31.486+0000] {processor.py:186} INFO - Started process (PID=15425) to work on /home/airflow/.local/lib/python3.12/site-packages/airflow/example_dags/example_skip_dag.py
[2025-05-06T14:52:31.488+0000] {processor.py:914} INFO - Processing file /home/airflow/.local/lib/python3.12/site-packages/airflow/example_dags/example_skip_dag.py for tasks to queue
[2025-05-06T14:52:31.494+0000] {logging_mixin.py:190} INFO - [2025-05-06T14:52:31.492+0000] {dagbag.py:588} INFO - Filling up the DagBag from /home/airflow/.local/lib/python3.12/site-packages/airflow/example_dags/example_skip_dag.py
[2025-05-06T14:52:31.509+0000] {processor.py:925} INFO - DAG(s) 'example_skip_dag' retrieved from /home/airflow/.local/lib/python3.12/site-packages/airflow/example_dags/example_skip_dag.py
[2025-05-06T14:52:31.553+0000] {logging_mixin.py:190} INFO - [2025-05-06T14:52:31.552+0000] {dag.py:3239} INFO - Sync 1 DAGs
[2025-05-06T14:52:31.623+0000] {logging_mixin.py:190} INFO - [2025-05-06T14:52:31.622+0000] {dag.py:4180} INFO - Setting next_dagrun for example_skip_dag to 2025-05-05 00:00:00+00:00, run_after=2025-05-06 00:00:00+00:00
[2025-05-06T14:52:31.674+0000] {processor.py:208} INFO - Processing /home/airflow/.local/lib/python3.12/site-packages/airflow/example_dags/example_skip_dag.py took 0.200 seconds
[2025-05-06T14:53:02.596+0000] {processor.py:186} INFO - Started process (PID=15516) to work on /home/airflow/.local/lib/python3.12/site-packages/airflow/example_dags/example_skip_dag.py
[2025-05-06T14:53:02.599+0000] {processor.py:914} INFO - Processing file /home/airflow/.local/lib/python3.12/site-packages/airflow/example_dags/example_skip_dag.py for tasks to queue
[2025-05-06T14:53:02.604+0000] {logging_mixin.py:190} INFO - [2025-05-06T14:53:02.603+0000] {dagbag.py:588} INFO - Filling up the DagBag from /home/airflow/.local/lib/python3.12/site-packages/airflow/example_dags/example_skip_dag.py
[2025-05-06T14:53:02.627+0000] {processor.py:925} INFO - DAG(s) 'example_skip_dag' retrieved from /home/airflow/.local/lib/python3.12/site-packages/airflow/example_dags/example_skip_dag.py
[2025-05-06T14:53:02.679+0000] {logging_mixin.py:190} INFO - [2025-05-06T14:53:02.678+0000] {dag.py:3239} INFO - Sync 1 DAGs
[2025-05-06T14:53:02.737+0000] {logging_mixin.py:190} INFO - [2025-05-06T14:53:02.736+0000] {dag.py:4180} INFO - Setting next_dagrun for example_skip_dag to 2025-05-05 00:00:00+00:00, run_after=2025-05-06 00:00:00+00:00
[2025-05-06T14:53:02.790+0000] {processor.py:208} INFO - Processing /home/airflow/.local/lib/python3.12/site-packages/airflow/example_dags/example_skip_dag.py took 0.206 seconds
[2025-05-06T14:53:33.559+0000] {processor.py:186} INFO - Started process (PID=15606) to work on /home/airflow/.local/lib/python3.12/site-packages/airflow/example_dags/example_skip_dag.py
[2025-05-06T14:53:33.561+0000] {processor.py:914} INFO - Processing file /home/airflow/.local/lib/python3.12/site-packages/airflow/example_dags/example_skip_dag.py for tasks to queue
[2025-05-06T14:53:33.565+0000] {logging_mixin.py:190} INFO - [2025-05-06T14:53:33.564+0000] {dagbag.py:588} INFO - Filling up the DagBag from /home/airflow/.local/lib/python3.12/site-packages/airflow/example_dags/example_skip_dag.py
[2025-05-06T14:53:33.580+0000] {processor.py:925} INFO - DAG(s) 'example_skip_dag' retrieved from /home/airflow/.local/lib/python3.12/site-packages/airflow/example_dags/example_skip_dag.py
[2025-05-06T14:53:33.622+0000] {logging_mixin.py:190} INFO - [2025-05-06T14:53:33.622+0000] {dag.py:3239} INFO - Sync 1 DAGs
[2025-05-06T14:53:33.675+0000] {logging_mixin.py:190} INFO - [2025-05-06T14:53:33.674+0000] {dag.py:4180} INFO - Setting next_dagrun for example_skip_dag to 2025-05-05 00:00:00+00:00, run_after=2025-05-06 00:00:00+00:00
[2025-05-06T14:53:33.728+0000] {processor.py:208} INFO - Processing /home/airflow/.local/lib/python3.12/site-packages/airflow/example_dags/example_skip_dag.py took 0.180 seconds
[2025-05-06T14:54:05.707+0000] {processor.py:186} INFO - Started process (PID=15697) to work on /home/airflow/.local/lib/python3.12/site-packages/airflow/example_dags/example_skip_dag.py
[2025-05-06T14:54:05.709+0000] {processor.py:914} INFO - Processing file /home/airflow/.local/lib/python3.12/site-packages/airflow/example_dags/example_skip_dag.py for tasks to queue
[2025-05-06T14:54:05.713+0000] {logging_mixin.py:190} INFO - [2025-05-06T14:54:05.713+0000] {dagbag.py:588} INFO - Filling up the DagBag from /home/airflow/.local/lib/python3.12/site-packages/airflow/example_dags/example_skip_dag.py
[2025-05-06T14:54:05.728+0000] {processor.py:925} INFO - DAG(s) 'example_skip_dag' retrieved from /home/airflow/.local/lib/python3.12/site-packages/airflow/example_dags/example_skip_dag.py
[2025-05-06T14:54:05.768+0000] {logging_mixin.py:190} INFO - [2025-05-06T14:54:05.767+0000] {dag.py:3239} INFO - Sync 1 DAGs
[2025-05-06T14:54:05.812+0000] {logging_mixin.py:190} INFO - [2025-05-06T14:54:05.811+0000] {dag.py:4180} INFO - Setting next_dagrun for example_skip_dag to 2025-05-05 00:00:00+00:00, run_after=2025-05-06 00:00:00+00:00
[2025-05-06T14:54:05.865+0000] {processor.py:208} INFO - Processing /home/airflow/.local/lib/python3.12/site-packages/airflow/example_dags/example_skip_dag.py took 0.170 seconds
[2025-05-06T14:54:36.618+0000] {processor.py:186} INFO - Started process (PID=15774) to work on /home/airflow/.local/lib/python3.12/site-packages/airflow/example_dags/example_skip_dag.py
[2025-05-06T14:54:36.618+0000] {processor.py:914} INFO - Processing file /home/airflow/.local/lib/python3.12/site-packages/airflow/example_dags/example_skip_dag.py for tasks to queue
[2025-05-06T14:54:36.623+0000] {logging_mixin.py:190} INFO - [2025-05-06T14:54:36.622+0000] {dagbag.py:588} INFO - Filling up the DagBag from /home/airflow/.local/lib/python3.12/site-packages/airflow/example_dags/example_skip_dag.py
[2025-05-06T14:54:36.638+0000] {processor.py:925} INFO - DAG(s) 'example_skip_dag' retrieved from /home/airflow/.local/lib/python3.12/site-packages/airflow/example_dags/example_skip_dag.py
[2025-05-06T14:54:36.684+0000] {logging_mixin.py:190} INFO - [2025-05-06T14:54:36.684+0000] {dag.py:3239} INFO - Sync 1 DAGs
[2025-05-06T14:54:36.737+0000] {logging_mixin.py:190} INFO - [2025-05-06T14:54:36.736+0000] {dag.py:4180} INFO - Setting next_dagrun for example_skip_dag to 2025-05-05 00:00:00+00:00, run_after=2025-05-06 00:00:00+00:00
[2025-05-06T14:54:36.798+0000] {processor.py:208} INFO - Processing /home/airflow/.local/lib/python3.12/site-packages/airflow/example_dags/example_skip_dag.py took 0.193 seconds
[2025-05-06T14:55:07.554+0000] {processor.py:186} INFO - Started process (PID=15864) to work on /home/airflow/.local/lib/python3.12/site-packages/airflow/example_dags/example_skip_dag.py
[2025-05-06T14:55:07.556+0000] {processor.py:914} INFO - Processing file /home/airflow/.local/lib/python3.12/site-packages/airflow/example_dags/example_skip_dag.py for tasks to queue
[2025-05-06T14:55:07.561+0000] {logging_mixin.py:190} INFO - [2025-05-06T14:55:07.560+0000] {dagbag.py:588} INFO - Filling up the DagBag from /home/airflow/.local/lib/python3.12/site-packages/airflow/example_dags/example_skip_dag.py
[2025-05-06T14:55:07.581+0000] {processor.py:925} INFO - DAG(s) 'example_skip_dag' retrieved from /home/airflow/.local/lib/python3.12/site-packages/airflow/example_dags/example_skip_dag.py
[2025-05-06T14:55:07.624+0000] {logging_mixin.py:190} INFO - [2025-05-06T14:55:07.623+0000] {dag.py:3239} INFO - Sync 1 DAGs
[2025-05-06T14:55:07.671+0000] {logging_mixin.py:190} INFO - [2025-05-06T14:55:07.670+0000] {dag.py:4180} INFO - Setting next_dagrun for example_skip_dag to 2025-05-05 00:00:00+00:00, run_after=2025-05-06 00:00:00+00:00
[2025-05-06T14:55:07.727+0000] {processor.py:208} INFO - Processing /home/airflow/.local/lib/python3.12/site-packages/airflow/example_dags/example_skip_dag.py took 0.186 seconds
[2025-05-06T14:55:38.029+0000] {processor.py:186} INFO - Started process (PID=15955) to work on /home/airflow/.local/lib/python3.12/site-packages/airflow/example_dags/example_skip_dag.py
[2025-05-06T14:55:38.031+0000] {processor.py:914} INFO - Processing file /home/airflow/.local/lib/python3.12/site-packages/airflow/example_dags/example_skip_dag.py for tasks to queue
[2025-05-06T14:55:38.036+0000] {logging_mixin.py:190} INFO - [2025-05-06T14:55:38.035+0000] {dagbag.py:588} INFO - Filling up the DagBag from /home/airflow/.local/lib/python3.12/site-packages/airflow/example_dags/example_skip_dag.py
[2025-05-06T14:55:38.051+0000] {processor.py:925} INFO - DAG(s) 'example_skip_dag' retrieved from /home/airflow/.local/lib/python3.12/site-packages/airflow/example_dags/example_skip_dag.py
[2025-05-06T14:55:38.094+0000] {logging_mixin.py:190} INFO - [2025-05-06T14:55:38.093+0000] {dag.py:3239} INFO - Sync 1 DAGs
[2025-05-06T14:55:38.149+0000] {logging_mixin.py:190} INFO - [2025-05-06T14:55:38.148+0000] {dag.py:4180} INFO - Setting next_dagrun for example_skip_dag to 2025-05-05 00:00:00+00:00, run_after=2025-05-06 00:00:00+00:00
[2025-05-06T14:55:38.182+0000] {processor.py:208} INFO - Processing /home/airflow/.local/lib/python3.12/site-packages/airflow/example_dags/example_skip_dag.py took 0.164 seconds
[2025-05-06T14:56:08.950+0000] {processor.py:186} INFO - Started process (PID=16046) to work on /home/airflow/.local/lib/python3.12/site-packages/airflow/example_dags/example_skip_dag.py
[2025-05-06T14:56:08.954+0000] {processor.py:914} INFO - Processing file /home/airflow/.local/lib/python3.12/site-packages/airflow/example_dags/example_skip_dag.py for tasks to queue
[2025-05-06T14:56:08.958+0000] {logging_mixin.py:190} INFO - [2025-05-06T14:56:08.958+0000] {dagbag.py:588} INFO - Filling up the DagBag from /home/airflow/.local/lib/python3.12/site-packages/airflow/example_dags/example_skip_dag.py
[2025-05-06T14:56:08.976+0000] {processor.py:925} INFO - DAG(s) 'example_skip_dag' retrieved from /home/airflow/.local/lib/python3.12/site-packages/airflow/example_dags/example_skip_dag.py
[2025-05-06T14:56:09.017+0000] {logging_mixin.py:190} INFO - [2025-05-06T14:56:09.016+0000] {dag.py:3239} INFO - Sync 1 DAGs
[2025-05-06T14:56:09.065+0000] {logging_mixin.py:190} INFO - [2025-05-06T14:56:09.064+0000] {dag.py:4180} INFO - Setting next_dagrun for example_skip_dag to 2025-05-05 00:00:00+00:00, run_after=2025-05-06 00:00:00+00:00
[2025-05-06T14:56:09.104+0000] {processor.py:208} INFO - Processing /home/airflow/.local/lib/python3.12/site-packages/airflow/example_dags/example_skip_dag.py took 0.165 seconds
[2025-05-06T14:56:39.333+0000] {processor.py:186} INFO - Started process (PID=16137) to work on /home/airflow/.local/lib/python3.12/site-packages/airflow/example_dags/example_skip_dag.py
[2025-05-06T14:56:39.336+0000] {processor.py:914} INFO - Processing file /home/airflow/.local/lib/python3.12/site-packages/airflow/example_dags/example_skip_dag.py for tasks to queue
[2025-05-06T14:56:39.340+0000] {logging_mixin.py:190} INFO - [2025-05-06T14:56:39.339+0000] {dagbag.py:588} INFO - Filling up the DagBag from /home/airflow/.local/lib/python3.12/site-packages/airflow/example_dags/example_skip_dag.py
[2025-05-06T14:56:39.355+0000] {processor.py:925} INFO - DAG(s) 'example_skip_dag' retrieved from /home/airflow/.local/lib/python3.12/site-packages/airflow/example_dags/example_skip_dag.py
[2025-05-06T14:56:39.398+0000] {logging_mixin.py:190} INFO - [2025-05-06T14:56:39.397+0000] {dag.py:3239} INFO - Sync 1 DAGs
[2025-05-06T14:56:39.442+0000] {logging_mixin.py:190} INFO - [2025-05-06T14:56:39.441+0000] {dag.py:4180} INFO - Setting next_dagrun for example_skip_dag to 2025-05-05 00:00:00+00:00, run_after=2025-05-06 00:00:00+00:00
[2025-05-06T14:56:39.474+0000] {processor.py:208} INFO - Processing /home/airflow/.local/lib/python3.12/site-packages/airflow/example_dags/example_skip_dag.py took 0.152 seconds
[2025-05-06T14:57:10.329+0000] {processor.py:186} INFO - Started process (PID=16228) to work on /home/airflow/.local/lib/python3.12/site-packages/airflow/example_dags/example_skip_dag.py
[2025-05-06T14:57:10.331+0000] {processor.py:914} INFO - Processing file /home/airflow/.local/lib/python3.12/site-packages/airflow/example_dags/example_skip_dag.py for tasks to queue
[2025-05-06T14:57:10.336+0000] {logging_mixin.py:190} INFO - [2025-05-06T14:57:10.336+0000] {dagbag.py:588} INFO - Filling up the DagBag from /home/airflow/.local/lib/python3.12/site-packages/airflow/example_dags/example_skip_dag.py
[2025-05-06T14:57:10.352+0000] {processor.py:925} INFO - DAG(s) 'example_skip_dag' retrieved from /home/airflow/.local/lib/python3.12/site-packages/airflow/example_dags/example_skip_dag.py
[2025-05-06T14:57:10.399+0000] {logging_mixin.py:190} INFO - [2025-05-06T14:57:10.398+0000] {dag.py:3239} INFO - Sync 1 DAGs
[2025-05-06T14:57:10.444+0000] {logging_mixin.py:190} INFO - [2025-05-06T14:57:10.443+0000] {dag.py:4180} INFO - Setting next_dagrun for example_skip_dag to 2025-05-05 00:00:00+00:00, run_after=2025-05-06 00:00:00+00:00
[2025-05-06T14:57:10.480+0000] {processor.py:208} INFO - Processing /home/airflow/.local/lib/python3.12/site-packages/airflow/example_dags/example_skip_dag.py took 0.164 seconds
[2025-05-06T14:57:41.339+0000] {processor.py:186} INFO - Started process (PID=16319) to work on /home/airflow/.local/lib/python3.12/site-packages/airflow/example_dags/example_skip_dag.py
[2025-05-06T14:57:41.342+0000] {processor.py:914} INFO - Processing file /home/airflow/.local/lib/python3.12/site-packages/airflow/example_dags/example_skip_dag.py for tasks to queue
[2025-05-06T14:57:41.350+0000] {logging_mixin.py:190} INFO - [2025-05-06T14:57:41.349+0000] {dagbag.py:588} INFO - Filling up the DagBag from /home/airflow/.local/lib/python3.12/site-packages/airflow/example_dags/example_skip_dag.py
[2025-05-06T14:57:41.370+0000] {processor.py:925} INFO - DAG(s) 'example_skip_dag' retrieved from /home/airflow/.local/lib/python3.12/site-packages/airflow/example_dags/example_skip_dag.py
[2025-05-06T14:57:41.409+0000] {logging_mixin.py:190} INFO - [2025-05-06T14:57:41.409+0000] {dag.py:3239} INFO - Sync 1 DAGs
[2025-05-06T14:57:41.459+0000] {logging_mixin.py:190} INFO - [2025-05-06T14:57:41.459+0000] {dag.py:4180} INFO - Setting next_dagrun for example_skip_dag to 2025-05-05 00:00:00+00:00, run_after=2025-05-06 00:00:00+00:00
[2025-05-06T14:57:41.498+0000] {processor.py:208} INFO - Processing /home/airflow/.local/lib/python3.12/site-packages/airflow/example_dags/example_skip_dag.py took 0.172 seconds
[2025-05-06T14:58:13.567+0000] {processor.py:186} INFO - Started process (PID=16410) to work on /home/airflow/.local/lib/python3.12/site-packages/airflow/example_dags/example_skip_dag.py
[2025-05-06T14:58:13.569+0000] {processor.py:914} INFO - Processing file /home/airflow/.local/lib/python3.12/site-packages/airflow/example_dags/example_skip_dag.py for tasks to queue
[2025-05-06T14:58:13.574+0000] {logging_mixin.py:190} INFO - [2025-05-06T14:58:13.573+0000] {dagbag.py:588} INFO - Filling up the DagBag from /home/airflow/.local/lib/python3.12/site-packages/airflow/example_dags/example_skip_dag.py
[2025-05-06T14:58:13.598+0000] {processor.py:925} INFO - DAG(s) 'example_skip_dag' retrieved from /home/airflow/.local/lib/python3.12/site-packages/airflow/example_dags/example_skip_dag.py
[2025-05-06T14:58:13.640+0000] {logging_mixin.py:190} INFO - [2025-05-06T14:58:13.640+0000] {dag.py:3239} INFO - Sync 1 DAGs
[2025-05-06T14:58:13.687+0000] {logging_mixin.py:190} INFO - [2025-05-06T14:58:13.686+0000] {dag.py:4180} INFO - Setting next_dagrun for example_skip_dag to 2025-05-05 00:00:00+00:00, run_after=2025-05-06 00:00:00+00:00
[2025-05-06T14:58:13.726+0000] {processor.py:208} INFO - Processing /home/airflow/.local/lib/python3.12/site-packages/airflow/example_dags/example_skip_dag.py took 0.169 seconds
[2025-05-06T14:58:44.408+0000] {processor.py:186} INFO - Started process (PID=16487) to work on /home/airflow/.local/lib/python3.12/site-packages/airflow/example_dags/example_skip_dag.py
[2025-05-06T14:58:44.410+0000] {processor.py:914} INFO - Processing file /home/airflow/.local/lib/python3.12/site-packages/airflow/example_dags/example_skip_dag.py for tasks to queue
[2025-05-06T14:58:44.415+0000] {logging_mixin.py:190} INFO - [2025-05-06T14:58:44.414+0000] {dagbag.py:588} INFO - Filling up the DagBag from /home/airflow/.local/lib/python3.12/site-packages/airflow/example_dags/example_skip_dag.py
[2025-05-06T14:58:44.429+0000] {processor.py:925} INFO - DAG(s) 'example_skip_dag' retrieved from /home/airflow/.local/lib/python3.12/site-packages/airflow/example_dags/example_skip_dag.py
[2025-05-06T14:58:44.470+0000] {logging_mixin.py:190} INFO - [2025-05-06T14:58:44.470+0000] {dag.py:3239} INFO - Sync 1 DAGs
[2025-05-06T14:58:44.519+0000] {logging_mixin.py:190} INFO - [2025-05-06T14:58:44.518+0000] {dag.py:4180} INFO - Setting next_dagrun for example_skip_dag to 2025-05-05 00:00:00+00:00, run_after=2025-05-06 00:00:00+00:00
[2025-05-06T14:58:44.572+0000] {processor.py:208} INFO - Processing /home/airflow/.local/lib/python3.12/site-packages/airflow/example_dags/example_skip_dag.py took 0.176 seconds
[2025-05-06T14:59:15.235+0000] {processor.py:186} INFO - Started process (PID=16579) to work on /home/airflow/.local/lib/python3.12/site-packages/airflow/example_dags/example_skip_dag.py
[2025-05-06T14:59:15.237+0000] {processor.py:914} INFO - Processing file /home/airflow/.local/lib/python3.12/site-packages/airflow/example_dags/example_skip_dag.py for tasks to queue
[2025-05-06T14:59:15.242+0000] {logging_mixin.py:190} INFO - [2025-05-06T14:59:15.241+0000] {dagbag.py:588} INFO - Filling up the DagBag from /home/airflow/.local/lib/python3.12/site-packages/airflow/example_dags/example_skip_dag.py
[2025-05-06T14:59:15.258+0000] {processor.py:925} INFO - DAG(s) 'example_skip_dag' retrieved from /home/airflow/.local/lib/python3.12/site-packages/airflow/example_dags/example_skip_dag.py
[2025-05-06T14:59:15.295+0000] {logging_mixin.py:190} INFO - [2025-05-06T14:59:15.294+0000] {dag.py:3239} INFO - Sync 1 DAGs
[2025-05-06T14:59:15.338+0000] {logging_mixin.py:190} INFO - [2025-05-06T14:59:15.337+0000] {dag.py:4180} INFO - Setting next_dagrun for example_skip_dag to 2025-05-05 00:00:00+00:00, run_after=2025-05-06 00:00:00+00:00
[2025-05-06T14:59:15.391+0000] {processor.py:208} INFO - Processing /home/airflow/.local/lib/python3.12/site-packages/airflow/example_dags/example_skip_dag.py took 0.168 seconds
[2025-05-06T14:59:45.618+0000] {processor.py:186} INFO - Started process (PID=16669) to work on /home/airflow/.local/lib/python3.12/site-packages/airflow/example_dags/example_skip_dag.py
[2025-05-06T14:59:45.621+0000] {processor.py:914} INFO - Processing file /home/airflow/.local/lib/python3.12/site-packages/airflow/example_dags/example_skip_dag.py for tasks to queue
[2025-05-06T14:59:45.626+0000] {logging_mixin.py:190} INFO - [2025-05-06T14:59:45.626+0000] {dagbag.py:588} INFO - Filling up the DagBag from /home/airflow/.local/lib/python3.12/site-packages/airflow/example_dags/example_skip_dag.py
[2025-05-06T14:59:45.646+0000] {processor.py:925} INFO - DAG(s) 'example_skip_dag' retrieved from /home/airflow/.local/lib/python3.12/site-packages/airflow/example_dags/example_skip_dag.py
[2025-05-06T14:59:45.692+0000] {logging_mixin.py:190} INFO - [2025-05-06T14:59:45.692+0000] {dag.py:3239} INFO - Sync 1 DAGs
[2025-05-06T14:59:45.742+0000] {logging_mixin.py:190} INFO - [2025-05-06T14:59:45.741+0000] {dag.py:4180} INFO - Setting next_dagrun for example_skip_dag to 2025-05-05 00:00:00+00:00, run_after=2025-05-06 00:00:00+00:00
[2025-05-06T14:59:45.778+0000] {processor.py:208} INFO - Processing /home/airflow/.local/lib/python3.12/site-packages/airflow/example_dags/example_skip_dag.py took 0.172 seconds
[2025-05-06T15:00:16.696+0000] {processor.py:186} INFO - Started process (PID=16760) to work on /home/airflow/.local/lib/python3.12/site-packages/airflow/example_dags/example_skip_dag.py
[2025-05-06T15:00:16.699+0000] {processor.py:914} INFO - Processing file /home/airflow/.local/lib/python3.12/site-packages/airflow/example_dags/example_skip_dag.py for tasks to queue
[2025-05-06T15:00:16.705+0000] {logging_mixin.py:190} INFO - [2025-05-06T15:00:16.704+0000] {dagbag.py:588} INFO - Filling up the DagBag from /home/airflow/.local/lib/python3.12/site-packages/airflow/example_dags/example_skip_dag.py
[2025-05-06T15:00:16.721+0000] {processor.py:925} INFO - DAG(s) 'example_skip_dag' retrieved from /home/airflow/.local/lib/python3.12/site-packages/airflow/example_dags/example_skip_dag.py
[2025-05-06T15:00:16.764+0000] {logging_mixin.py:190} INFO - [2025-05-06T15:00:16.763+0000] {dag.py:3239} INFO - Sync 1 DAGs
[2025-05-06T15:00:16.806+0000] {logging_mixin.py:190} INFO - [2025-05-06T15:00:16.805+0000] {dag.py:4180} INFO - Setting next_dagrun for example_skip_dag to 2025-05-05 00:00:00+00:00, run_after=2025-05-06 00:00:00+00:00
[2025-05-06T15:00:16.844+0000] {processor.py:208} INFO - Processing /home/airflow/.local/lib/python3.12/site-packages/airflow/example_dags/example_skip_dag.py took 0.164 seconds
[2025-05-06T15:00:47.036+0000] {processor.py:186} INFO - Started process (PID=16837) to work on /home/airflow/.local/lib/python3.12/site-packages/airflow/example_dags/example_skip_dag.py
[2025-05-06T15:00:47.039+0000] {processor.py:914} INFO - Processing file /home/airflow/.local/lib/python3.12/site-packages/airflow/example_dags/example_skip_dag.py for tasks to queue
[2025-05-06T15:00:47.045+0000] {logging_mixin.py:190} INFO - [2025-05-06T15:00:47.044+0000] {dagbag.py:588} INFO - Filling up the DagBag from /home/airflow/.local/lib/python3.12/site-packages/airflow/example_dags/example_skip_dag.py
[2025-05-06T15:00:47.060+0000] {processor.py:925} INFO - DAG(s) 'example_skip_dag' retrieved from /home/airflow/.local/lib/python3.12/site-packages/airflow/example_dags/example_skip_dag.py
[2025-05-06T15:00:47.111+0000] {logging_mixin.py:190} INFO - [2025-05-06T15:00:47.110+0000] {dag.py:3239} INFO - Sync 1 DAGs
[2025-05-06T15:00:47.157+0000] {logging_mixin.py:190} INFO - [2025-05-06T15:00:47.157+0000] {dag.py:4180} INFO - Setting next_dagrun for example_skip_dag to 2025-05-05 00:00:00+00:00, run_after=2025-05-06 00:00:00+00:00
[2025-05-06T15:00:47.211+0000] {processor.py:208} INFO - Processing /home/airflow/.local/lib/python3.12/site-packages/airflow/example_dags/example_skip_dag.py took 0.187 seconds
[2025-05-06T15:01:17.536+0000] {processor.py:186} INFO - Started process (PID=16928) to work on /home/airflow/.local/lib/python3.12/site-packages/airflow/example_dags/example_skip_dag.py
[2025-05-06T15:01:17.539+0000] {processor.py:914} INFO - Processing file /home/airflow/.local/lib/python3.12/site-packages/airflow/example_dags/example_skip_dag.py for tasks to queue
[2025-05-06T15:01:17.544+0000] {logging_mixin.py:190} INFO - [2025-05-06T15:01:17.543+0000] {dagbag.py:588} INFO - Filling up the DagBag from /home/airflow/.local/lib/python3.12/site-packages/airflow/example_dags/example_skip_dag.py
[2025-05-06T15:01:17.560+0000] {processor.py:925} INFO - DAG(s) 'example_skip_dag' retrieved from /home/airflow/.local/lib/python3.12/site-packages/airflow/example_dags/example_skip_dag.py
[2025-05-06T15:01:17.609+0000] {logging_mixin.py:190} INFO - [2025-05-06T15:01:17.608+0000] {dag.py:3239} INFO - Sync 1 DAGs
[2025-05-06T15:01:17.656+0000] {logging_mixin.py:190} INFO - [2025-05-06T15:01:17.655+0000] {dag.py:4180} INFO - Setting next_dagrun for example_skip_dag to 2025-05-05 00:00:00+00:00, run_after=2025-05-06 00:00:00+00:00
[2025-05-06T15:01:17.689+0000] {processor.py:208} INFO - Processing /home/airflow/.local/lib/python3.12/site-packages/airflow/example_dags/example_skip_dag.py took 0.165 seconds
[2025-05-06T15:01:48.060+0000] {processor.py:186} INFO - Started process (PID=17019) to work on /home/airflow/.local/lib/python3.12/site-packages/airflow/example_dags/example_skip_dag.py
[2025-05-06T15:01:48.063+0000] {processor.py:914} INFO - Processing file /home/airflow/.local/lib/python3.12/site-packages/airflow/example_dags/example_skip_dag.py for tasks to queue
[2025-05-06T15:01:48.067+0000] {logging_mixin.py:190} INFO - [2025-05-06T15:01:48.067+0000] {dagbag.py:588} INFO - Filling up the DagBag from /home/airflow/.local/lib/python3.12/site-packages/airflow/example_dags/example_skip_dag.py
[2025-05-06T15:01:48.082+0000] {processor.py:925} INFO - DAG(s) 'example_skip_dag' retrieved from /home/airflow/.local/lib/python3.12/site-packages/airflow/example_dags/example_skip_dag.py
[2025-05-06T15:01:48.129+0000] {logging_mixin.py:190} INFO - [2025-05-06T15:01:48.129+0000] {dag.py:3239} INFO - Sync 1 DAGs
[2025-05-06T15:01:48.177+0000] {logging_mixin.py:190} INFO - [2025-05-06T15:01:48.177+0000] {dag.py:4180} INFO - Setting next_dagrun for example_skip_dag to 2025-05-05 00:00:00+00:00, run_after=2025-05-06 00:00:00+00:00
[2025-05-06T15:01:48.234+0000] {processor.py:208} INFO - Processing /home/airflow/.local/lib/python3.12/site-packages/airflow/example_dags/example_skip_dag.py took 0.187 seconds
[2025-05-06T15:02:19.175+0000] {processor.py:186} INFO - Started process (PID=17110) to work on /home/airflow/.local/lib/python3.12/site-packages/airflow/example_dags/example_skip_dag.py
[2025-05-06T15:02:19.177+0000] {processor.py:914} INFO - Processing file /home/airflow/.local/lib/python3.12/site-packages/airflow/example_dags/example_skip_dag.py for tasks to queue
[2025-05-06T15:02:19.182+0000] {logging_mixin.py:190} INFO - [2025-05-06T15:02:19.182+0000] {dagbag.py:588} INFO - Filling up the DagBag from /home/airflow/.local/lib/python3.12/site-packages/airflow/example_dags/example_skip_dag.py
[2025-05-06T15:02:19.198+0000] {processor.py:925} INFO - DAG(s) 'example_skip_dag' retrieved from /home/airflow/.local/lib/python3.12/site-packages/airflow/example_dags/example_skip_dag.py
[2025-05-06T15:02:19.242+0000] {logging_mixin.py:190} INFO - [2025-05-06T15:02:19.242+0000] {dag.py:3239} INFO - Sync 1 DAGs
[2025-05-06T15:02:19.287+0000] {logging_mixin.py:190} INFO - [2025-05-06T15:02:19.287+0000] {dag.py:4180} INFO - Setting next_dagrun for example_skip_dag to 2025-05-05 00:00:00+00:00, run_after=2025-05-06 00:00:00+00:00
[2025-05-06T15:02:19.322+0000] {processor.py:208} INFO - Processing /home/airflow/.local/lib/python3.12/site-packages/airflow/example_dags/example_skip_dag.py took 0.159 seconds
[2025-05-06T15:02:49.998+0000] {processor.py:186} INFO - Started process (PID=17201) to work on /home/airflow/.local/lib/python3.12/site-packages/airflow/example_dags/example_skip_dag.py
[2025-05-06T15:02:50.002+0000] {processor.py:914} INFO - Processing file /home/airflow/.local/lib/python3.12/site-packages/airflow/example_dags/example_skip_dag.py for tasks to queue
[2025-05-06T15:02:50.010+0000] {logging_mixin.py:190} INFO - [2025-05-06T15:02:50.009+0000] {dagbag.py:588} INFO - Filling up the DagBag from /home/airflow/.local/lib/python3.12/site-packages/airflow/example_dags/example_skip_dag.py
[2025-05-06T15:02:50.028+0000] {processor.py:925} INFO - DAG(s) 'example_skip_dag' retrieved from /home/airflow/.local/lib/python3.12/site-packages/airflow/example_dags/example_skip_dag.py
[2025-05-06T15:02:50.071+0000] {logging_mixin.py:190} INFO - [2025-05-06T15:02:50.071+0000] {dag.py:3239} INFO - Sync 1 DAGs
[2025-05-06T15:02:50.118+0000] {logging_mixin.py:190} INFO - [2025-05-06T15:02:50.117+0000] {dag.py:4180} INFO - Setting next_dagrun for example_skip_dag to 2025-05-05 00:00:00+00:00, run_after=2025-05-06 00:00:00+00:00
[2025-05-06T15:02:50.170+0000] {processor.py:208} INFO - Processing /home/airflow/.local/lib/python3.12/site-packages/airflow/example_dags/example_skip_dag.py took 0.183 seconds
[2025-05-06T15:03:20.621+0000] {processor.py:186} INFO - Started process (PID=17291) to work on /home/airflow/.local/lib/python3.12/site-packages/airflow/example_dags/example_skip_dag.py
[2025-05-06T15:03:20.623+0000] {processor.py:914} INFO - Processing file /home/airflow/.local/lib/python3.12/site-packages/airflow/example_dags/example_skip_dag.py for tasks to queue
[2025-05-06T15:03:20.628+0000] {logging_mixin.py:190} INFO - [2025-05-06T15:03:20.627+0000] {dagbag.py:588} INFO - Filling up the DagBag from /home/airflow/.local/lib/python3.12/site-packages/airflow/example_dags/example_skip_dag.py
[2025-05-06T15:03:20.645+0000] {processor.py:925} INFO - DAG(s) 'example_skip_dag' retrieved from /home/airflow/.local/lib/python3.12/site-packages/airflow/example_dags/example_skip_dag.py
[2025-05-06T15:03:20.685+0000] {logging_mixin.py:190} INFO - [2025-05-06T15:03:20.684+0000] {dag.py:3239} INFO - Sync 1 DAGs
[2025-05-06T15:03:20.726+0000] {logging_mixin.py:190} INFO - [2025-05-06T15:03:20.726+0000] {dag.py:4180} INFO - Setting next_dagrun for example_skip_dag to 2025-05-05 00:00:00+00:00, run_after=2025-05-06 00:00:00+00:00
[2025-05-06T15:03:20.762+0000] {processor.py:208} INFO - Processing /home/airflow/.local/lib/python3.12/site-packages/airflow/example_dags/example_skip_dag.py took 0.152 seconds
[2025-05-06T15:03:51.254+0000] {processor.py:186} INFO - Started process (PID=17382) to work on /home/airflow/.local/lib/python3.12/site-packages/airflow/example_dags/example_skip_dag.py
[2025-05-06T15:03:51.256+0000] {processor.py:914} INFO - Processing file /home/airflow/.local/lib/python3.12/site-packages/airflow/example_dags/example_skip_dag.py for tasks to queue
[2025-05-06T15:03:51.260+0000] {logging_mixin.py:190} INFO - [2025-05-06T15:03:51.259+0000] {dagbag.py:588} INFO - Filling up the DagBag from /home/airflow/.local/lib/python3.12/site-packages/airflow/example_dags/example_skip_dag.py
[2025-05-06T15:03:51.273+0000] {processor.py:925} INFO - DAG(s) 'example_skip_dag' retrieved from /home/airflow/.local/lib/python3.12/site-packages/airflow/example_dags/example_skip_dag.py
[2025-05-06T15:03:51.314+0000] {logging_mixin.py:190} INFO - [2025-05-06T15:03:51.313+0000] {dag.py:3239} INFO - Sync 1 DAGs
[2025-05-06T15:03:51.360+0000] {logging_mixin.py:190} INFO - [2025-05-06T15:03:51.360+0000] {dag.py:4180} INFO - Setting next_dagrun for example_skip_dag to 2025-05-05 00:00:00+00:00, run_after=2025-05-06 00:00:00+00:00
[2025-05-06T15:03:51.420+0000] {processor.py:208} INFO - Processing /home/airflow/.local/lib/python3.12/site-packages/airflow/example_dags/example_skip_dag.py took 0.177 seconds
[2025-05-06T15:04:21.700+0000] {processor.py:186} INFO - Started process (PID=17472) to work on /home/airflow/.local/lib/python3.12/site-packages/airflow/example_dags/example_skip_dag.py
[2025-05-06T15:04:21.703+0000] {processor.py:914} INFO - Processing file /home/airflow/.local/lib/python3.12/site-packages/airflow/example_dags/example_skip_dag.py for tasks to queue
[2025-05-06T15:04:21.709+0000] {logging_mixin.py:190} INFO - [2025-05-06T15:04:21.708+0000] {dagbag.py:588} INFO - Filling up the DagBag from /home/airflow/.local/lib/python3.12/site-packages/airflow/example_dags/example_skip_dag.py
[2025-05-06T15:04:21.726+0000] {processor.py:925} INFO - DAG(s) 'example_skip_dag' retrieved from /home/airflow/.local/lib/python3.12/site-packages/airflow/example_dags/example_skip_dag.py
[2025-05-06T15:04:21.778+0000] {logging_mixin.py:190} INFO - [2025-05-06T15:04:21.777+0000] {dag.py:3239} INFO - Sync 1 DAGs
[2025-05-06T15:04:21.837+0000] {logging_mixin.py:190} INFO - [2025-05-06T15:04:21.836+0000] {dag.py:4180} INFO - Setting next_dagrun for example_skip_dag to 2025-05-05 00:00:00+00:00, run_after=2025-05-06 00:00:00+00:00
[2025-05-06T15:04:21.902+0000] {processor.py:208} INFO - Processing /home/airflow/.local/lib/python3.12/site-packages/airflow/example_dags/example_skip_dag.py took 0.216 seconds
[2025-05-06T15:04:52.177+0000] {processor.py:186} INFO - Started process (PID=17549) to work on /home/airflow/.local/lib/python3.12/site-packages/airflow/example_dags/example_skip_dag.py
[2025-05-06T15:04:52.181+0000] {processor.py:914} INFO - Processing file /home/airflow/.local/lib/python3.12/site-packages/airflow/example_dags/example_skip_dag.py for tasks to queue
[2025-05-06T15:04:52.187+0000] {logging_mixin.py:190} INFO - [2025-05-06T15:04:52.187+0000] {dagbag.py:588} INFO - Filling up the DagBag from /home/airflow/.local/lib/python3.12/site-packages/airflow/example_dags/example_skip_dag.py
[2025-05-06T15:04:52.205+0000] {processor.py:925} INFO - DAG(s) 'example_skip_dag' retrieved from /home/airflow/.local/lib/python3.12/site-packages/airflow/example_dags/example_skip_dag.py
[2025-05-06T15:04:52.249+0000] {logging_mixin.py:190} INFO - [2025-05-06T15:04:52.248+0000] {dag.py:3239} INFO - Sync 1 DAGs
[2025-05-06T15:04:52.294+0000] {logging_mixin.py:190} INFO - [2025-05-06T15:04:52.294+0000] {dag.py:4180} INFO - Setting next_dagrun for example_skip_dag to 2025-05-05 00:00:00+00:00, run_after=2025-05-06 00:00:00+00:00
[2025-05-06T15:04:52.333+0000] {processor.py:208} INFO - Processing /home/airflow/.local/lib/python3.12/site-packages/airflow/example_dags/example_skip_dag.py took 0.172 seconds
[2025-05-06T15:05:22.486+0000] {processor.py:186} INFO - Started process (PID=17640) to work on /home/airflow/.local/lib/python3.12/site-packages/airflow/example_dags/example_skip_dag.py
[2025-05-06T15:05:22.489+0000] {processor.py:914} INFO - Processing file /home/airflow/.local/lib/python3.12/site-packages/airflow/example_dags/example_skip_dag.py for tasks to queue
[2025-05-06T15:05:22.495+0000] {logging_mixin.py:190} INFO - [2025-05-06T15:05:22.494+0000] {dagbag.py:588} INFO - Filling up the DagBag from /home/airflow/.local/lib/python3.12/site-packages/airflow/example_dags/example_skip_dag.py
[2025-05-06T15:05:22.509+0000] {processor.py:925} INFO - DAG(s) 'example_skip_dag' retrieved from /home/airflow/.local/lib/python3.12/site-packages/airflow/example_dags/example_skip_dag.py
[2025-05-06T15:05:22.546+0000] {logging_mixin.py:190} INFO - [2025-05-06T15:05:22.546+0000] {dag.py:3239} INFO - Sync 1 DAGs
[2025-05-06T15:05:22.592+0000] {logging_mixin.py:190} INFO - [2025-05-06T15:05:22.592+0000] {dag.py:4180} INFO - Setting next_dagrun for example_skip_dag to 2025-05-05 00:00:00+00:00, run_after=2025-05-06 00:00:00+00:00
[2025-05-06T15:05:22.647+0000] {processor.py:208} INFO - Processing /home/airflow/.local/lib/python3.12/site-packages/airflow/example_dags/example_skip_dag.py took 0.173 seconds
[2025-05-06T15:05:53.574+0000] {processor.py:186} INFO - Started process (PID=17731) to work on /home/airflow/.local/lib/python3.12/site-packages/airflow/example_dags/example_skip_dag.py
[2025-05-06T15:05:53.577+0000] {processor.py:914} INFO - Processing file /home/airflow/.local/lib/python3.12/site-packages/airflow/example_dags/example_skip_dag.py for tasks to queue
[2025-05-06T15:05:53.582+0000] {logging_mixin.py:190} INFO - [2025-05-06T15:05:53.581+0000] {dagbag.py:588} INFO - Filling up the DagBag from /home/airflow/.local/lib/python3.12/site-packages/airflow/example_dags/example_skip_dag.py
[2025-05-06T15:05:53.597+0000] {processor.py:925} INFO - DAG(s) 'example_skip_dag' retrieved from /home/airflow/.local/lib/python3.12/site-packages/airflow/example_dags/example_skip_dag.py
[2025-05-06T15:05:53.646+0000] {logging_mixin.py:190} INFO - [2025-05-06T15:05:53.646+0000] {dag.py:3239} INFO - Sync 1 DAGs
[2025-05-06T15:05:53.699+0000] {logging_mixin.py:190} INFO - [2025-05-06T15:05:53.698+0000] {dag.py:4180} INFO - Setting next_dagrun for example_skip_dag to 2025-05-05 00:00:00+00:00, run_after=2025-05-06 00:00:00+00:00
[2025-05-06T15:05:53.753+0000] {processor.py:208} INFO - Processing /home/airflow/.local/lib/python3.12/site-packages/airflow/example_dags/example_skip_dag.py took 0.193 seconds
[2025-05-06T15:06:24.289+0000] {processor.py:186} INFO - Started process (PID=17822) to work on /home/airflow/.local/lib/python3.12/site-packages/airflow/example_dags/example_skip_dag.py
[2025-05-06T15:06:24.291+0000] {processor.py:914} INFO - Processing file /home/airflow/.local/lib/python3.12/site-packages/airflow/example_dags/example_skip_dag.py for tasks to queue
[2025-05-06T15:06:24.296+0000] {logging_mixin.py:190} INFO - [2025-05-06T15:06:24.296+0000] {dagbag.py:588} INFO - Filling up the DagBag from /home/airflow/.local/lib/python3.12/site-packages/airflow/example_dags/example_skip_dag.py
[2025-05-06T15:06:24.314+0000] {processor.py:925} INFO - DAG(s) 'example_skip_dag' retrieved from /home/airflow/.local/lib/python3.12/site-packages/airflow/example_dags/example_skip_dag.py
[2025-05-06T15:06:24.357+0000] {logging_mixin.py:190} INFO - [2025-05-06T15:06:24.356+0000] {dag.py:3239} INFO - Sync 1 DAGs
[2025-05-06T15:06:24.410+0000] {logging_mixin.py:190} INFO - [2025-05-06T15:06:24.409+0000] {dag.py:4180} INFO - Setting next_dagrun for example_skip_dag to 2025-05-05 00:00:00+00:00, run_after=2025-05-06 00:00:00+00:00
[2025-05-06T15:06:24.451+0000] {processor.py:208} INFO - Processing /home/airflow/.local/lib/python3.12/site-packages/airflow/example_dags/example_skip_dag.py took 0.172 seconds
[2025-05-06T15:06:54.685+0000] {processor.py:186} INFO - Started process (PID=17899) to work on /home/airflow/.local/lib/python3.12/site-packages/airflow/example_dags/example_skip_dag.py
[2025-05-06T15:06:54.687+0000] {processor.py:914} INFO - Processing file /home/airflow/.local/lib/python3.12/site-packages/airflow/example_dags/example_skip_dag.py for tasks to queue
[2025-05-06T15:06:54.693+0000] {logging_mixin.py:190} INFO - [2025-05-06T15:06:54.692+0000] {dagbag.py:588} INFO - Filling up the DagBag from /home/airflow/.local/lib/python3.12/site-packages/airflow/example_dags/example_skip_dag.py
[2025-05-06T15:06:54.709+0000] {processor.py:925} INFO - DAG(s) 'example_skip_dag' retrieved from /home/airflow/.local/lib/python3.12/site-packages/airflow/example_dags/example_skip_dag.py
[2025-05-06T15:06:54.755+0000] {logging_mixin.py:190} INFO - [2025-05-06T15:06:54.754+0000] {dag.py:3239} INFO - Sync 1 DAGs
[2025-05-06T15:06:54.800+0000] {logging_mixin.py:190} INFO - [2025-05-06T15:06:54.800+0000] {dag.py:4180} INFO - Setting next_dagrun for example_skip_dag to 2025-05-05 00:00:00+00:00, run_after=2025-05-06 00:00:00+00:00
[2025-05-06T15:06:54.857+0000] {processor.py:208} INFO - Processing /home/airflow/.local/lib/python3.12/site-packages/airflow/example_dags/example_skip_dag.py took 0.185 seconds
[2025-05-06T15:07:25.298+0000] {processor.py:186} INFO - Started process (PID=17990) to work on /home/airflow/.local/lib/python3.12/site-packages/airflow/example_dags/example_skip_dag.py
[2025-05-06T15:07:25.302+0000] {processor.py:914} INFO - Processing file /home/airflow/.local/lib/python3.12/site-packages/airflow/example_dags/example_skip_dag.py for tasks to queue
[2025-05-06T15:07:25.307+0000] {logging_mixin.py:190} INFO - [2025-05-06T15:07:25.306+0000] {dagbag.py:588} INFO - Filling up the DagBag from /home/airflow/.local/lib/python3.12/site-packages/airflow/example_dags/example_skip_dag.py
[2025-05-06T15:07:25.322+0000] {processor.py:925} INFO - DAG(s) 'example_skip_dag' retrieved from /home/airflow/.local/lib/python3.12/site-packages/airflow/example_dags/example_skip_dag.py
[2025-05-06T15:07:25.369+0000] {logging_mixin.py:190} INFO - [2025-05-06T15:07:25.368+0000] {dag.py:3239} INFO - Sync 1 DAGs
[2025-05-06T15:07:25.416+0000] {logging_mixin.py:190} INFO - [2025-05-06T15:07:25.416+0000] {dag.py:4180} INFO - Setting next_dagrun for example_skip_dag to 2025-05-05 00:00:00+00:00, run_after=2025-05-06 00:00:00+00:00
[2025-05-06T15:07:25.476+0000] {processor.py:208} INFO - Processing /home/airflow/.local/lib/python3.12/site-packages/airflow/example_dags/example_skip_dag.py took 0.189 seconds
[2025-05-06T15:07:56.094+0000] {processor.py:186} INFO - Started process (PID=18081) to work on /home/airflow/.local/lib/python3.12/site-packages/airflow/example_dags/example_skip_dag.py
[2025-05-06T15:07:56.096+0000] {processor.py:914} INFO - Processing file /home/airflow/.local/lib/python3.12/site-packages/airflow/example_dags/example_skip_dag.py for tasks to queue
[2025-05-06T15:07:56.100+0000] {logging_mixin.py:190} INFO - [2025-05-06T15:07:56.100+0000] {dagbag.py:588} INFO - Filling up the DagBag from /home/airflow/.local/lib/python3.12/site-packages/airflow/example_dags/example_skip_dag.py
[2025-05-06T15:07:56.118+0000] {processor.py:925} INFO - DAG(s) 'example_skip_dag' retrieved from /home/airflow/.local/lib/python3.12/site-packages/airflow/example_dags/example_skip_dag.py
[2025-05-06T15:07:56.162+0000] {logging_mixin.py:190} INFO - [2025-05-06T15:07:56.161+0000] {dag.py:3239} INFO - Sync 1 DAGs
[2025-05-06T15:07:56.208+0000] {logging_mixin.py:190} INFO - [2025-05-06T15:07:56.207+0000] {dag.py:4180} INFO - Setting next_dagrun for example_skip_dag to 2025-05-05 00:00:00+00:00, run_after=2025-05-06 00:00:00+00:00
[2025-05-06T15:07:56.260+0000] {processor.py:208} INFO - Processing /home/airflow/.local/lib/python3.12/site-packages/airflow/example_dags/example_skip_dag.py took 0.177 seconds
[2025-05-06T15:08:26.798+0000] {processor.py:186} INFO - Started process (PID=18172) to work on /home/airflow/.local/lib/python3.12/site-packages/airflow/example_dags/example_skip_dag.py
[2025-05-06T15:08:26.800+0000] {processor.py:914} INFO - Processing file /home/airflow/.local/lib/python3.12/site-packages/airflow/example_dags/example_skip_dag.py for tasks to queue
[2025-05-06T15:08:26.805+0000] {logging_mixin.py:190} INFO - [2025-05-06T15:08:26.804+0000] {dagbag.py:588} INFO - Filling up the DagBag from /home/airflow/.local/lib/python3.12/site-packages/airflow/example_dags/example_skip_dag.py
[2025-05-06T15:08:26.822+0000] {processor.py:925} INFO - DAG(s) 'example_skip_dag' retrieved from /home/airflow/.local/lib/python3.12/site-packages/airflow/example_dags/example_skip_dag.py
[2025-05-06T15:08:26.864+0000] {logging_mixin.py:190} INFO - [2025-05-06T15:08:26.863+0000] {dag.py:3239} INFO - Sync 1 DAGs
[2025-05-06T15:08:26.908+0000] {logging_mixin.py:190} INFO - [2025-05-06T15:08:26.907+0000] {dag.py:4180} INFO - Setting next_dagrun for example_skip_dag to 2025-05-05 00:00:00+00:00, run_after=2025-05-06 00:00:00+00:00
[2025-05-06T15:08:26.952+0000] {processor.py:208} INFO - Processing /home/airflow/.local/lib/python3.12/site-packages/airflow/example_dags/example_skip_dag.py took 0.166 seconds
[2025-05-06T15:08:57.278+0000] {processor.py:186} INFO - Started process (PID=18263) to work on /home/airflow/.local/lib/python3.12/site-packages/airflow/example_dags/example_skip_dag.py
[2025-05-06T15:08:57.281+0000] {processor.py:914} INFO - Processing file /home/airflow/.local/lib/python3.12/site-packages/airflow/example_dags/example_skip_dag.py for tasks to queue
[2025-05-06T15:08:57.288+0000] {logging_mixin.py:190} INFO - [2025-05-06T15:08:57.287+0000] {dagbag.py:588} INFO - Filling up the DagBag from /home/airflow/.local/lib/python3.12/site-packages/airflow/example_dags/example_skip_dag.py
[2025-05-06T15:08:57.308+0000] {processor.py:925} INFO - DAG(s) 'example_skip_dag' retrieved from /home/airflow/.local/lib/python3.12/site-packages/airflow/example_dags/example_skip_dag.py
[2025-05-06T15:08:57.350+0000] {logging_mixin.py:190} INFO - [2025-05-06T15:08:57.350+0000] {dag.py:3239} INFO - Sync 1 DAGs
[2025-05-06T15:08:57.402+0000] {logging_mixin.py:190} INFO - [2025-05-06T15:08:57.402+0000] {dag.py:4180} INFO - Setting next_dagrun for example_skip_dag to 2025-05-05 00:00:00+00:00, run_after=2025-05-06 00:00:00+00:00
[2025-05-06T15:08:57.463+0000] {processor.py:208} INFO - Processing /home/airflow/.local/lib/python3.12/site-packages/airflow/example_dags/example_skip_dag.py took 0.200 seconds
[2025-05-06T15:09:27.709+0000] {processor.py:186} INFO - Started process (PID=18353) to work on /home/airflow/.local/lib/python3.12/site-packages/airflow/example_dags/example_skip_dag.py
[2025-05-06T15:09:27.711+0000] {processor.py:914} INFO - Processing file /home/airflow/.local/lib/python3.12/site-packages/airflow/example_dags/example_skip_dag.py for tasks to queue
[2025-05-06T15:09:27.716+0000] {logging_mixin.py:190} INFO - [2025-05-06T15:09:27.715+0000] {dagbag.py:588} INFO - Filling up the DagBag from /home/airflow/.local/lib/python3.12/site-packages/airflow/example_dags/example_skip_dag.py
[2025-05-06T15:09:27.730+0000] {processor.py:925} INFO - DAG(s) 'example_skip_dag' retrieved from /home/airflow/.local/lib/python3.12/site-packages/airflow/example_dags/example_skip_dag.py
[2025-05-06T15:09:27.772+0000] {logging_mixin.py:190} INFO - [2025-05-06T15:09:27.771+0000] {dag.py:3239} INFO - Sync 1 DAGs
[2025-05-06T15:09:27.822+0000] {logging_mixin.py:190} INFO - [2025-05-06T15:09:27.821+0000] {dag.py:4180} INFO - Setting next_dagrun for example_skip_dag to 2025-05-05 00:00:00+00:00, run_after=2025-05-06 00:00:00+00:00
[2025-05-06T15:09:27.880+0000] {processor.py:208} INFO - Processing /home/airflow/.local/lib/python3.12/site-packages/airflow/example_dags/example_skip_dag.py took 0.182 seconds
[2025-05-06T15:09:59.522+0000] {processor.py:186} INFO - Started process (PID=18450) to work on /home/airflow/.local/lib/python3.12/site-packages/airflow/example_dags/example_skip_dag.py
[2025-05-06T15:09:59.524+0000] {processor.py:914} INFO - Processing file /home/airflow/.local/lib/python3.12/site-packages/airflow/example_dags/example_skip_dag.py for tasks to queue
[2025-05-06T15:09:59.531+0000] {logging_mixin.py:190} INFO - [2025-05-06T15:09:59.530+0000] {dagbag.py:588} INFO - Filling up the DagBag from /home/airflow/.local/lib/python3.12/site-packages/airflow/example_dags/example_skip_dag.py
[2025-05-06T15:09:59.550+0000] {processor.py:925} INFO - DAG(s) 'example_skip_dag' retrieved from /home/airflow/.local/lib/python3.12/site-packages/airflow/example_dags/example_skip_dag.py
[2025-05-06T15:09:59.596+0000] {logging_mixin.py:190} INFO - [2025-05-06T15:09:59.596+0000] {dag.py:3239} INFO - Sync 1 DAGs
[2025-05-06T15:09:59.643+0000] {logging_mixin.py:190} INFO - [2025-05-06T15:09:59.643+0000] {dag.py:4180} INFO - Setting next_dagrun for example_skip_dag to 2025-05-05 00:00:00+00:00, run_after=2025-05-06 00:00:00+00:00
[2025-05-06T15:09:59.679+0000] {processor.py:208} INFO - Processing /home/airflow/.local/lib/python3.12/site-packages/airflow/example_dags/example_skip_dag.py took 0.170 seconds
[2025-05-06T15:10:31.728+0000] {processor.py:186} INFO - Started process (PID=18541) to work on /home/airflow/.local/lib/python3.12/site-packages/airflow/example_dags/example_skip_dag.py
[2025-05-06T15:10:31.731+0000] {processor.py:914} INFO - Processing file /home/airflow/.local/lib/python3.12/site-packages/airflow/example_dags/example_skip_dag.py for tasks to queue
[2025-05-06T15:10:31.735+0000] {logging_mixin.py:190} INFO - [2025-05-06T15:10:31.734+0000] {dagbag.py:588} INFO - Filling up the DagBag from /home/airflow/.local/lib/python3.12/site-packages/airflow/example_dags/example_skip_dag.py
[2025-05-06T15:10:31.751+0000] {processor.py:925} INFO - DAG(s) 'example_skip_dag' retrieved from /home/airflow/.local/lib/python3.12/site-packages/airflow/example_dags/example_skip_dag.py
[2025-05-06T15:10:31.794+0000] {logging_mixin.py:190} INFO - [2025-05-06T15:10:31.794+0000] {dag.py:3239} INFO - Sync 1 DAGs
[2025-05-06T15:10:31.848+0000] {logging_mixin.py:190} INFO - [2025-05-06T15:10:31.848+0000] {dag.py:4180} INFO - Setting next_dagrun for example_skip_dag to 2025-05-05 00:00:00+00:00, run_after=2025-05-06 00:00:00+00:00
[2025-05-06T15:10:31.914+0000] {processor.py:208} INFO - Processing /home/airflow/.local/lib/python3.12/site-packages/airflow/example_dags/example_skip_dag.py took 0.197 seconds
[2025-05-06T15:11:02.048+0000] {processor.py:186} INFO - Started process (PID=18618) to work on /home/airflow/.local/lib/python3.12/site-packages/airflow/example_dags/example_skip_dag.py
[2025-05-06T15:11:02.051+0000] {processor.py:914} INFO - Processing file /home/airflow/.local/lib/python3.12/site-packages/airflow/example_dags/example_skip_dag.py for tasks to queue
[2025-05-06T15:11:02.056+0000] {logging_mixin.py:190} INFO - [2025-05-06T15:11:02.055+0000] {dagbag.py:588} INFO - Filling up the DagBag from /home/airflow/.local/lib/python3.12/site-packages/airflow/example_dags/example_skip_dag.py
[2025-05-06T15:11:02.071+0000] {processor.py:925} INFO - DAG(s) 'example_skip_dag' retrieved from /home/airflow/.local/lib/python3.12/site-packages/airflow/example_dags/example_skip_dag.py
[2025-05-06T15:11:02.117+0000] {logging_mixin.py:190} INFO - [2025-05-06T15:11:02.116+0000] {dag.py:3239} INFO - Sync 1 DAGs
[2025-05-06T15:11:02.164+0000] {logging_mixin.py:190} INFO - [2025-05-06T15:11:02.163+0000] {dag.py:4180} INFO - Setting next_dagrun for example_skip_dag to 2025-05-05 00:00:00+00:00, run_after=2025-05-06 00:00:00+00:00
[2025-05-06T15:11:02.224+0000] {processor.py:208} INFO - Processing /home/airflow/.local/lib/python3.12/site-packages/airflow/example_dags/example_skip_dag.py took 0.192 seconds
[2025-05-06T15:11:32.836+0000] {processor.py:186} INFO - Started process (PID=18708) to work on /home/airflow/.local/lib/python3.12/site-packages/airflow/example_dags/example_skip_dag.py
[2025-05-06T15:11:32.839+0000] {processor.py:914} INFO - Processing file /home/airflow/.local/lib/python3.12/site-packages/airflow/example_dags/example_skip_dag.py for tasks to queue
[2025-05-06T15:11:32.844+0000] {logging_mixin.py:190} INFO - [2025-05-06T15:11:32.843+0000] {dagbag.py:588} INFO - Filling up the DagBag from /home/airflow/.local/lib/python3.12/site-packages/airflow/example_dags/example_skip_dag.py
[2025-05-06T15:11:32.859+0000] {processor.py:925} INFO - DAG(s) 'example_skip_dag' retrieved from /home/airflow/.local/lib/python3.12/site-packages/airflow/example_dags/example_skip_dag.py
[2025-05-06T15:11:32.918+0000] {logging_mixin.py:190} INFO - [2025-05-06T15:11:32.917+0000] {dag.py:3239} INFO - Sync 1 DAGs
[2025-05-06T15:11:32.983+0000] {logging_mixin.py:190} INFO - [2025-05-06T15:11:32.982+0000] {dag.py:4180} INFO - Setting next_dagrun for example_skip_dag to 2025-05-05 00:00:00+00:00, run_after=2025-05-06 00:00:00+00:00
[2025-05-06T15:11:33.048+0000] {processor.py:208} INFO - Processing /home/airflow/.local/lib/python3.12/site-packages/airflow/example_dags/example_skip_dag.py took 0.224 seconds
[2025-05-06T15:12:03.717+0000] {processor.py:186} INFO - Started process (PID=18798) to work on /home/airflow/.local/lib/python3.12/site-packages/airflow/example_dags/example_skip_dag.py
[2025-05-06T15:12:03.719+0000] {processor.py:914} INFO - Processing file /home/airflow/.local/lib/python3.12/site-packages/airflow/example_dags/example_skip_dag.py for tasks to queue
[2025-05-06T15:12:03.726+0000] {logging_mixin.py:190} INFO - [2025-05-06T15:12:03.725+0000] {dagbag.py:588} INFO - Filling up the DagBag from /home/airflow/.local/lib/python3.12/site-packages/airflow/example_dags/example_skip_dag.py
[2025-05-06T15:12:03.743+0000] {processor.py:925} INFO - DAG(s) 'example_skip_dag' retrieved from /home/airflow/.local/lib/python3.12/site-packages/airflow/example_dags/example_skip_dag.py
[2025-05-06T15:12:03.792+0000] {logging_mixin.py:190} INFO - [2025-05-06T15:12:03.792+0000] {dag.py:3239} INFO - Sync 1 DAGs
[2025-05-06T15:12:03.838+0000] {logging_mixin.py:190} INFO - [2025-05-06T15:12:03.837+0000] {dag.py:4180} INFO - Setting next_dagrun for example_skip_dag to 2025-05-05 00:00:00+00:00, run_after=2025-05-06 00:00:00+00:00
[2025-05-06T15:12:03.891+0000] {processor.py:208} INFO - Processing /home/airflow/.local/lib/python3.12/site-packages/airflow/example_dags/example_skip_dag.py took 0.190 seconds
[2025-05-06T15:12:34.203+0000] {processor.py:186} INFO - Started process (PID=18889) to work on /home/airflow/.local/lib/python3.12/site-packages/airflow/example_dags/example_skip_dag.py
[2025-05-06T15:12:34.205+0000] {processor.py:914} INFO - Processing file /home/airflow/.local/lib/python3.12/site-packages/airflow/example_dags/example_skip_dag.py for tasks to queue
[2025-05-06T15:12:34.210+0000] {logging_mixin.py:190} INFO - [2025-05-06T15:12:34.209+0000] {dagbag.py:588} INFO - Filling up the DagBag from /home/airflow/.local/lib/python3.12/site-packages/airflow/example_dags/example_skip_dag.py
[2025-05-06T15:12:34.225+0000] {processor.py:925} INFO - DAG(s) 'example_skip_dag' retrieved from /home/airflow/.local/lib/python3.12/site-packages/airflow/example_dags/example_skip_dag.py
[2025-05-06T15:12:34.267+0000] {logging_mixin.py:190} INFO - [2025-05-06T15:12:34.266+0000] {dag.py:3239} INFO - Sync 1 DAGs
[2025-05-06T15:12:34.312+0000] {logging_mixin.py:190} INFO - [2025-05-06T15:12:34.311+0000] {dag.py:4180} INFO - Setting next_dagrun for example_skip_dag to 2025-05-05 00:00:00+00:00, run_after=2025-05-06 00:00:00+00:00
[2025-05-06T15:12:34.373+0000] {processor.py:208} INFO - Processing /home/airflow/.local/lib/python3.12/site-packages/airflow/example_dags/example_skip_dag.py took 0.181 seconds
[2025-05-06T15:13:04.936+0000] {processor.py:186} INFO - Started process (PID=18980) to work on /home/airflow/.local/lib/python3.12/site-packages/airflow/example_dags/example_skip_dag.py
[2025-05-06T15:13:04.940+0000] {processor.py:914} INFO - Processing file /home/airflow/.local/lib/python3.12/site-packages/airflow/example_dags/example_skip_dag.py for tasks to queue
[2025-05-06T15:13:04.945+0000] {logging_mixin.py:190} INFO - [2025-05-06T15:13:04.944+0000] {dagbag.py:588} INFO - Filling up the DagBag from /home/airflow/.local/lib/python3.12/site-packages/airflow/example_dags/example_skip_dag.py
[2025-05-06T15:13:04.963+0000] {processor.py:925} INFO - DAG(s) 'example_skip_dag' retrieved from /home/airflow/.local/lib/python3.12/site-packages/airflow/example_dags/example_skip_dag.py
[2025-05-06T15:13:05.009+0000] {logging_mixin.py:190} INFO - [2025-05-06T15:13:05.008+0000] {dag.py:3239} INFO - Sync 1 DAGs
[2025-05-06T15:13:05.053+0000] {logging_mixin.py:190} INFO - [2025-05-06T15:13:05.053+0000] {dag.py:4180} INFO - Setting next_dagrun for example_skip_dag to 2025-05-05 00:00:00+00:00, run_after=2025-05-06 00:00:00+00:00
[2025-05-06T15:13:05.088+0000] {processor.py:208} INFO - Processing /home/airflow/.local/lib/python3.12/site-packages/airflow/example_dags/example_skip_dag.py took 0.166 seconds
[2025-05-06T15:13:35.227+0000] {processor.py:186} INFO - Started process (PID=19057) to work on /home/airflow/.local/lib/python3.12/site-packages/airflow/example_dags/example_skip_dag.py
[2025-05-06T15:13:35.232+0000] {processor.py:914} INFO - Processing file /home/airflow/.local/lib/python3.12/site-packages/airflow/example_dags/example_skip_dag.py for tasks to queue
[2025-05-06T15:13:35.238+0000] {logging_mixin.py:190} INFO - [2025-05-06T15:13:35.237+0000] {dagbag.py:588} INFO - Filling up the DagBag from /home/airflow/.local/lib/python3.12/site-packages/airflow/example_dags/example_skip_dag.py
[2025-05-06T15:13:35.255+0000] {processor.py:925} INFO - DAG(s) 'example_skip_dag' retrieved from /home/airflow/.local/lib/python3.12/site-packages/airflow/example_dags/example_skip_dag.py
[2025-05-06T15:13:35.297+0000] {logging_mixin.py:190} INFO - [2025-05-06T15:13:35.297+0000] {dag.py:3239} INFO - Sync 1 DAGs
[2025-05-06T15:13:35.341+0000] {logging_mixin.py:190} INFO - [2025-05-06T15:13:35.340+0000] {dag.py:4180} INFO - Setting next_dagrun for example_skip_dag to 2025-05-05 00:00:00+00:00, run_after=2025-05-06 00:00:00+00:00
[2025-05-06T15:13:35.373+0000] {processor.py:208} INFO - Processing /home/airflow/.local/lib/python3.12/site-packages/airflow/example_dags/example_skip_dag.py took 0.157 seconds
[2025-05-06T15:14:05.526+0000] {processor.py:186} INFO - Started process (PID=19148) to work on /home/airflow/.local/lib/python3.12/site-packages/airflow/example_dags/example_skip_dag.py
[2025-05-06T15:14:05.528+0000] {processor.py:914} INFO - Processing file /home/airflow/.local/lib/python3.12/site-packages/airflow/example_dags/example_skip_dag.py for tasks to queue
[2025-05-06T15:14:05.532+0000] {logging_mixin.py:190} INFO - [2025-05-06T15:14:05.531+0000] {dagbag.py:588} INFO - Filling up the DagBag from /home/airflow/.local/lib/python3.12/site-packages/airflow/example_dags/example_skip_dag.py
[2025-05-06T15:14:05.547+0000] {processor.py:925} INFO - DAG(s) 'example_skip_dag' retrieved from /home/airflow/.local/lib/python3.12/site-packages/airflow/example_dags/example_skip_dag.py
[2025-05-06T15:14:05.598+0000] {logging_mixin.py:190} INFO - [2025-05-06T15:14:05.598+0000] {dag.py:3239} INFO - Sync 1 DAGs
[2025-05-06T15:14:05.649+0000] {logging_mixin.py:190} INFO - [2025-05-06T15:14:05.648+0000] {dag.py:4180} INFO - Setting next_dagrun for example_skip_dag to 2025-05-05 00:00:00+00:00, run_after=2025-05-06 00:00:00+00:00
[2025-05-06T15:14:05.708+0000] {processor.py:208} INFO - Processing /home/airflow/.local/lib/python3.12/site-packages/airflow/example_dags/example_skip_dag.py took 0.194 seconds
[2025-05-06T15:14:36.079+0000] {processor.py:186} INFO - Started process (PID=19239) to work on /home/airflow/.local/lib/python3.12/site-packages/airflow/example_dags/example_skip_dag.py
[2025-05-06T15:14:36.081+0000] {processor.py:914} INFO - Processing file /home/airflow/.local/lib/python3.12/site-packages/airflow/example_dags/example_skip_dag.py for tasks to queue
[2025-05-06T15:14:36.086+0000] {logging_mixin.py:190} INFO - [2025-05-06T15:14:36.085+0000] {dagbag.py:588} INFO - Filling up the DagBag from /home/airflow/.local/lib/python3.12/site-packages/airflow/example_dags/example_skip_dag.py
[2025-05-06T15:14:36.103+0000] {processor.py:925} INFO - DAG(s) 'example_skip_dag' retrieved from /home/airflow/.local/lib/python3.12/site-packages/airflow/example_dags/example_skip_dag.py
[2025-05-06T15:14:36.149+0000] {logging_mixin.py:190} INFO - [2025-05-06T15:14:36.148+0000] {dag.py:3239} INFO - Sync 1 DAGs
[2025-05-06T15:14:36.209+0000] {logging_mixin.py:190} INFO - [2025-05-06T15:14:36.209+0000] {dag.py:4180} INFO - Setting next_dagrun for example_skip_dag to 2025-05-05 00:00:00+00:00, run_after=2025-05-06 00:00:00+00:00
[2025-05-06T15:14:36.255+0000] {processor.py:208} INFO - Processing /home/airflow/.local/lib/python3.12/site-packages/airflow/example_dags/example_skip_dag.py took 0.187 seconds
[2025-05-06T15:15:09.121+0000] {processor.py:186} INFO - Started process (PID=19330) to work on /home/airflow/.local/lib/python3.12/site-packages/airflow/example_dags/example_skip_dag.py
[2025-05-06T15:15:09.124+0000] {processor.py:914} INFO - Processing file /home/airflow/.local/lib/python3.12/site-packages/airflow/example_dags/example_skip_dag.py for tasks to queue
[2025-05-06T15:15:09.129+0000] {logging_mixin.py:190} INFO - [2025-05-06T15:15:09.129+0000] {dagbag.py:588} INFO - Filling up the DagBag from /home/airflow/.local/lib/python3.12/site-packages/airflow/example_dags/example_skip_dag.py
[2025-05-06T15:15:09.145+0000] {processor.py:925} INFO - DAG(s) 'example_skip_dag' retrieved from /home/airflow/.local/lib/python3.12/site-packages/airflow/example_dags/example_skip_dag.py
[2025-05-06T15:15:09.194+0000] {logging_mixin.py:190} INFO - [2025-05-06T15:15:09.194+0000] {dag.py:3239} INFO - Sync 1 DAGs
[2025-05-06T15:15:09.243+0000] {logging_mixin.py:190} INFO - [2025-05-06T15:15:09.243+0000] {dag.py:4180} INFO - Setting next_dagrun for example_skip_dag to 2025-05-05 00:00:00+00:00, run_after=2025-05-06 00:00:00+00:00
[2025-05-06T15:15:09.303+0000] {processor.py:208} INFO - Processing /home/airflow/.local/lib/python3.12/site-packages/airflow/example_dags/example_skip_dag.py took 0.196 seconds
[2025-05-06T15:15:40.122+0000] {processor.py:186} INFO - Started process (PID=19412) to work on /home/airflow/.local/lib/python3.12/site-packages/airflow/example_dags/example_skip_dag.py
[2025-05-06T15:15:40.125+0000] {processor.py:914} INFO - Processing file /home/airflow/.local/lib/python3.12/site-packages/airflow/example_dags/example_skip_dag.py for tasks to queue
[2025-05-06T15:15:40.129+0000] {logging_mixin.py:190} INFO - [2025-05-06T15:15:40.128+0000] {dagbag.py:588} INFO - Filling up the DagBag from /home/airflow/.local/lib/python3.12/site-packages/airflow/example_dags/example_skip_dag.py
[2025-05-06T15:15:40.146+0000] {processor.py:925} INFO - DAG(s) 'example_skip_dag' retrieved from /home/airflow/.local/lib/python3.12/site-packages/airflow/example_dags/example_skip_dag.py
[2025-05-06T15:15:40.187+0000] {logging_mixin.py:190} INFO - [2025-05-06T15:15:40.186+0000] {dag.py:3239} INFO - Sync 1 DAGs
[2025-05-06T15:15:40.503+0000] {logging_mixin.py:190} INFO - [2025-05-06T15:15:40.503+0000] {dag.py:4180} INFO - Setting next_dagrun for example_skip_dag to 2025-05-05 00:00:00+00:00, run_after=2025-05-06 00:00:00+00:00
[2025-05-06T15:15:40.565+0000] {processor.py:208} INFO - Processing /home/airflow/.local/lib/python3.12/site-packages/airflow/example_dags/example_skip_dag.py took 0.455 seconds
[2025-05-06T15:16:13.326+0000] {processor.py:186} INFO - Started process (PID=19503) to work on /home/airflow/.local/lib/python3.12/site-packages/airflow/example_dags/example_skip_dag.py
[2025-05-06T15:16:13.328+0000] {processor.py:914} INFO - Processing file /home/airflow/.local/lib/python3.12/site-packages/airflow/example_dags/example_skip_dag.py for tasks to queue
[2025-05-06T15:16:13.332+0000] {logging_mixin.py:190} INFO - [2025-05-06T15:16:13.332+0000] {dagbag.py:588} INFO - Filling up the DagBag from /home/airflow/.local/lib/python3.12/site-packages/airflow/example_dags/example_skip_dag.py
[2025-05-06T15:16:13.347+0000] {processor.py:925} INFO - DAG(s) 'example_skip_dag' retrieved from /home/airflow/.local/lib/python3.12/site-packages/airflow/example_dags/example_skip_dag.py
[2025-05-06T15:16:13.406+0000] {logging_mixin.py:190} INFO - [2025-05-06T15:16:13.406+0000] {dag.py:3239} INFO - Sync 1 DAGs
[2025-05-06T15:16:13.750+0000] {logging_mixin.py:190} INFO - [2025-05-06T15:16:13.749+0000] {dag.py:4180} INFO - Setting next_dagrun for example_skip_dag to 2025-05-05 00:00:00+00:00, run_after=2025-05-06 00:00:00+00:00
[2025-05-06T15:16:13.790+0000] {processor.py:208} INFO - Processing /home/airflow/.local/lib/python3.12/site-packages/airflow/example_dags/example_skip_dag.py took 0.476 seconds
[2025-05-06T15:16:45.572+0000] {processor.py:186} INFO - Started process (PID=19595) to work on /home/airflow/.local/lib/python3.12/site-packages/airflow/example_dags/example_skip_dag.py
[2025-05-06T15:16:45.574+0000] {processor.py:914} INFO - Processing file /home/airflow/.local/lib/python3.12/site-packages/airflow/example_dags/example_skip_dag.py for tasks to queue
[2025-05-06T15:16:45.582+0000] {logging_mixin.py:190} INFO - [2025-05-06T15:16:45.581+0000] {dagbag.py:588} INFO - Filling up the DagBag from /home/airflow/.local/lib/python3.12/site-packages/airflow/example_dags/example_skip_dag.py
[2025-05-06T15:16:45.597+0000] {processor.py:925} INFO - DAG(s) 'example_skip_dag' retrieved from /home/airflow/.local/lib/python3.12/site-packages/airflow/example_dags/example_skip_dag.py
[2025-05-06T15:16:45.645+0000] {logging_mixin.py:190} INFO - [2025-05-06T15:16:45.645+0000] {dag.py:3239} INFO - Sync 1 DAGs
[2025-05-06T15:16:45.696+0000] {logging_mixin.py:190} INFO - [2025-05-06T15:16:45.695+0000] {dag.py:4180} INFO - Setting next_dagrun for example_skip_dag to 2025-05-05 00:00:00+00:00, run_after=2025-05-06 00:00:00+00:00
[2025-05-06T15:16:45.738+0000] {processor.py:208} INFO - Processing /home/airflow/.local/lib/python3.12/site-packages/airflow/example_dags/example_skip_dag.py took 0.178 seconds
[2025-05-06T15:17:15.958+0000] {processor.py:186} INFO - Started process (PID=19673) to work on /home/airflow/.local/lib/python3.12/site-packages/airflow/example_dags/example_skip_dag.py
[2025-05-06T15:17:15.963+0000] {processor.py:914} INFO - Processing file /home/airflow/.local/lib/python3.12/site-packages/airflow/example_dags/example_skip_dag.py for tasks to queue
[2025-05-06T15:17:15.968+0000] {logging_mixin.py:190} INFO - [2025-05-06T15:17:15.967+0000] {dagbag.py:588} INFO - Filling up the DagBag from /home/airflow/.local/lib/python3.12/site-packages/airflow/example_dags/example_skip_dag.py
[2025-05-06T15:17:15.982+0000] {processor.py:925} INFO - DAG(s) 'example_skip_dag' retrieved from /home/airflow/.local/lib/python3.12/site-packages/airflow/example_dags/example_skip_dag.py
[2025-05-06T15:17:16.019+0000] {logging_mixin.py:190} INFO - [2025-05-06T15:17:16.019+0000] {dag.py:3239} INFO - Sync 1 DAGs
[2025-05-06T15:17:16.063+0000] {logging_mixin.py:190} INFO - [2025-05-06T15:17:16.063+0000] {dag.py:4180} INFO - Setting next_dagrun for example_skip_dag to 2025-05-05 00:00:00+00:00, run_after=2025-05-06 00:00:00+00:00
[2025-05-06T15:17:16.102+0000] {processor.py:208} INFO - Processing /home/airflow/.local/lib/python3.12/site-packages/airflow/example_dags/example_skip_dag.py took 0.157 seconds
[2025-05-06T15:17:46.364+0000] {processor.py:186} INFO - Started process (PID=19764) to work on /home/airflow/.local/lib/python3.12/site-packages/airflow/example_dags/example_skip_dag.py
[2025-05-06T15:17:46.367+0000] {processor.py:914} INFO - Processing file /home/airflow/.local/lib/python3.12/site-packages/airflow/example_dags/example_skip_dag.py for tasks to queue
[2025-05-06T15:17:46.372+0000] {logging_mixin.py:190} INFO - [2025-05-06T15:17:46.372+0000] {dagbag.py:588} INFO - Filling up the DagBag from /home/airflow/.local/lib/python3.12/site-packages/airflow/example_dags/example_skip_dag.py
[2025-05-06T15:17:46.386+0000] {processor.py:925} INFO - DAG(s) 'example_skip_dag' retrieved from /home/airflow/.local/lib/python3.12/site-packages/airflow/example_dags/example_skip_dag.py
[2025-05-06T15:17:46.443+0000] {logging_mixin.py:190} INFO - [2025-05-06T15:17:46.443+0000] {dag.py:3239} INFO - Sync 1 DAGs
[2025-05-06T15:17:46.492+0000] {logging_mixin.py:190} INFO - [2025-05-06T15:17:46.491+0000] {dag.py:4180} INFO - Setting next_dagrun for example_skip_dag to 2025-05-05 00:00:00+00:00, run_after=2025-05-06 00:00:00+00:00
[2025-05-06T15:17:46.554+0000] {processor.py:208} INFO - Processing /home/airflow/.local/lib/python3.12/site-packages/airflow/example_dags/example_skip_dag.py took 0.204 seconds
[2025-05-06T15:18:17.103+0000] {processor.py:186} INFO - Started process (PID=19855) to work on /home/airflow/.local/lib/python3.12/site-packages/airflow/example_dags/example_skip_dag.py
[2025-05-06T15:18:17.105+0000] {processor.py:914} INFO - Processing file /home/airflow/.local/lib/python3.12/site-packages/airflow/example_dags/example_skip_dag.py for tasks to queue
[2025-05-06T15:18:17.110+0000] {logging_mixin.py:190} INFO - [2025-05-06T15:18:17.109+0000] {dagbag.py:588} INFO - Filling up the DagBag from /home/airflow/.local/lib/python3.12/site-packages/airflow/example_dags/example_skip_dag.py
[2025-05-06T15:18:17.125+0000] {processor.py:925} INFO - DAG(s) 'example_skip_dag' retrieved from /home/airflow/.local/lib/python3.12/site-packages/airflow/example_dags/example_skip_dag.py
[2025-05-06T15:18:17.173+0000] {logging_mixin.py:190} INFO - [2025-05-06T15:18:17.172+0000] {dag.py:3239} INFO - Sync 1 DAGs
[2025-05-06T15:18:17.221+0000] {logging_mixin.py:190} INFO - [2025-05-06T15:18:17.221+0000] {dag.py:4180} INFO - Setting next_dagrun for example_skip_dag to 2025-05-05 00:00:00+00:00, run_after=2025-05-06 00:00:00+00:00
[2025-05-06T15:18:17.271+0000] {processor.py:208} INFO - Processing /home/airflow/.local/lib/python3.12/site-packages/airflow/example_dags/example_skip_dag.py took 0.185 seconds
