[2025-05-06T14:48:22.149+0000] {processor.py:186} INFO - Started process (PID=14884) to work on /home/airflow/.local/lib/python3.12/site-packages/airflow/example_dags/example_setup_teardown_taskflow.py
[2025-05-06T14:48:22.152+0000] {processor.py:914} INFO - Processing file /home/airflow/.local/lib/python3.12/site-packages/airflow/example_dags/example_setup_teardown_taskflow.py for tasks to queue
[2025-05-06T14:48:22.155+0000] {logging_mixin.py:190} INFO - [2025-05-06T14:48:22.155+0000] {dagbag.py:588} INFO - Filling up the DagBag from /home/airflow/.local/lib/python3.12/site-packages/airflow/example_dags/example_setup_teardown_taskflow.py
[2025-05-06T14:48:22.166+0000] {processor.py:925} INFO - DAG(s) 'example_setup_teardown_taskflow' retrieved from /home/airflow/.local/lib/python3.12/site-packages/airflow/example_dags/example_setup_teardown_taskflow.py
[2025-05-06T14:48:22.194+0000] {logging_mixin.py:190} INFO - [2025-05-06T14:48:22.194+0000] {dag.py:3239} INFO - Sync 1 DAGs
[2025-05-06T14:48:22.211+0000] {logging_mixin.py:190} INFO - [2025-05-06T14:48:22.211+0000] {dag.py:4180} INFO - Setting next_dagrun for example_setup_teardown_taskflow to None, run_after=None
[2025-05-06T14:48:22.249+0000] {processor.py:208} INFO - Processing /home/airflow/.local/lib/python3.12/site-packages/airflow/example_dags/example_setup_teardown_taskflow.py took 0.105 seconds
[2025-05-06T14:49:06.280+0000] {processor.py:186} INFO - Started process (PID=14981) to work on /home/airflow/.local/lib/python3.12/site-packages/airflow/example_dags/example_setup_teardown_taskflow.py
[2025-05-06T14:49:06.289+0000] {processor.py:914} INFO - Processing file /home/airflow/.local/lib/python3.12/site-packages/airflow/example_dags/example_setup_teardown_taskflow.py for tasks to queue
[2025-05-06T14:49:06.310+0000] {logging_mixin.py:190} INFO - [2025-05-06T14:49:06.307+0000] {dagbag.py:588} INFO - Filling up the DagBag from /home/airflow/.local/lib/python3.12/site-packages/airflow/example_dags/example_setup_teardown_taskflow.py
[2025-05-06T14:49:06.414+0000] {processor.py:925} INFO - DAG(s) 'example_setup_teardown_taskflow' retrieved from /home/airflow/.local/lib/python3.12/site-packages/airflow/example_dags/example_setup_teardown_taskflow.py
[2025-05-06T14:49:06.601+0000] {logging_mixin.py:190} INFO - [2025-05-06T14:49:06.598+0000] {dag.py:3239} INFO - Sync 1 DAGs
[2025-05-06T14:49:06.739+0000] {logging_mixin.py:190} INFO - [2025-05-06T14:49:06.737+0000] {dag.py:4180} INFO - Setting next_dagrun for example_setup_teardown_taskflow to None, run_after=None
[2025-05-06T14:49:06.917+0000] {processor.py:208} INFO - Processing /home/airflow/.local/lib/python3.12/site-packages/airflow/example_dags/example_setup_teardown_taskflow.py took 0.706 seconds
[2025-05-06T14:50:30.330+0000] {processor.py:186} INFO - Started process (PID=15085) to work on /home/airflow/.local/lib/python3.12/site-packages/airflow/example_dags/example_setup_teardown_taskflow.py
[2025-05-06T14:50:30.339+0000] {processor.py:914} INFO - Processing file /home/airflow/.local/lib/python3.12/site-packages/airflow/example_dags/example_setup_teardown_taskflow.py for tasks to queue
[2025-05-06T14:50:30.362+0000] {logging_mixin.py:190} INFO - [2025-05-06T14:50:30.359+0000] {dagbag.py:588} INFO - Filling up the DagBag from /home/airflow/.local/lib/python3.12/site-packages/airflow/example_dags/example_setup_teardown_taskflow.py
[2025-05-06T14:50:30.478+0000] {processor.py:925} INFO - DAG(s) 'example_setup_teardown_taskflow' retrieved from /home/airflow/.local/lib/python3.12/site-packages/airflow/example_dags/example_setup_teardown_taskflow.py
[2025-05-06T14:50:30.645+0000] {logging_mixin.py:190} INFO - [2025-05-06T14:50:30.644+0000] {dag.py:3239} INFO - Sync 1 DAGs
[2025-05-06T14:50:30.762+0000] {logging_mixin.py:190} INFO - [2025-05-06T14:50:30.761+0000] {dag.py:4180} INFO - Setting next_dagrun for example_setup_teardown_taskflow to None, run_after=None
[2025-05-06T14:50:30.949+0000] {processor.py:208} INFO - Processing /home/airflow/.local/lib/python3.12/site-packages/airflow/example_dags/example_setup_teardown_taskflow.py took 0.707 seconds
[2025-05-06T14:51:01.847+0000] {processor.py:186} INFO - Started process (PID=15176) to work on /home/airflow/.local/lib/python3.12/site-packages/airflow/example_dags/example_setup_teardown_taskflow.py
[2025-05-06T14:51:01.849+0000] {processor.py:914} INFO - Processing file /home/airflow/.local/lib/python3.12/site-packages/airflow/example_dags/example_setup_teardown_taskflow.py for tasks to queue
[2025-05-06T14:51:01.854+0000] {logging_mixin.py:190} INFO - [2025-05-06T14:51:01.854+0000] {dagbag.py:588} INFO - Filling up the DagBag from /home/airflow/.local/lib/python3.12/site-packages/airflow/example_dags/example_setup_teardown_taskflow.py
[2025-05-06T14:51:01.875+0000] {processor.py:925} INFO - DAG(s) 'example_setup_teardown_taskflow' retrieved from /home/airflow/.local/lib/python3.12/site-packages/airflow/example_dags/example_setup_teardown_taskflow.py
[2025-05-06T14:51:01.927+0000] {logging_mixin.py:190} INFO - [2025-05-06T14:51:01.926+0000] {dag.py:3239} INFO - Sync 1 DAGs
[2025-05-06T14:51:01.956+0000] {logging_mixin.py:190} INFO - [2025-05-06T14:51:01.955+0000] {dag.py:4180} INFO - Setting next_dagrun for example_setup_teardown_taskflow to None, run_after=None
[2025-05-06T14:51:01.998+0000] {processor.py:208} INFO - Processing /home/airflow/.local/lib/python3.12/site-packages/airflow/example_dags/example_setup_teardown_taskflow.py took 0.166 seconds
[2025-05-06T14:51:32.714+0000] {processor.py:186} INFO - Started process (PID=15267) to work on /home/airflow/.local/lib/python3.12/site-packages/airflow/example_dags/example_setup_teardown_taskflow.py
[2025-05-06T14:51:32.716+0000] {processor.py:914} INFO - Processing file /home/airflow/.local/lib/python3.12/site-packages/airflow/example_dags/example_setup_teardown_taskflow.py for tasks to queue
[2025-05-06T14:51:32.721+0000] {logging_mixin.py:190} INFO - [2025-05-06T14:51:32.720+0000] {dagbag.py:588} INFO - Filling up the DagBag from /home/airflow/.local/lib/python3.12/site-packages/airflow/example_dags/example_setup_teardown_taskflow.py
[2025-05-06T14:51:32.740+0000] {processor.py:925} INFO - DAG(s) 'example_setup_teardown_taskflow' retrieved from /home/airflow/.local/lib/python3.12/site-packages/airflow/example_dags/example_setup_teardown_taskflow.py
[2025-05-06T14:51:32.780+0000] {logging_mixin.py:190} INFO - [2025-05-06T14:51:32.779+0000] {dag.py:3239} INFO - Sync 1 DAGs
[2025-05-06T14:51:32.805+0000] {logging_mixin.py:190} INFO - [2025-05-06T14:51:32.805+0000] {dag.py:4180} INFO - Setting next_dagrun for example_setup_teardown_taskflow to None, run_after=None
[2025-05-06T14:51:32.852+0000] {processor.py:208} INFO - Processing /home/airflow/.local/lib/python3.12/site-packages/airflow/example_dags/example_setup_teardown_taskflow.py took 0.149 seconds
[2025-05-06T14:52:03.755+0000] {processor.py:186} INFO - Started process (PID=15358) to work on /home/airflow/.local/lib/python3.12/site-packages/airflow/example_dags/example_setup_teardown_taskflow.py
[2025-05-06T14:52:03.757+0000] {processor.py:914} INFO - Processing file /home/airflow/.local/lib/python3.12/site-packages/airflow/example_dags/example_setup_teardown_taskflow.py for tasks to queue
[2025-05-06T14:52:03.765+0000] {logging_mixin.py:190} INFO - [2025-05-06T14:52:03.765+0000] {dagbag.py:588} INFO - Filling up the DagBag from /home/airflow/.local/lib/python3.12/site-packages/airflow/example_dags/example_setup_teardown_taskflow.py
[2025-05-06T14:52:03.787+0000] {processor.py:925} INFO - DAG(s) 'example_setup_teardown_taskflow' retrieved from /home/airflow/.local/lib/python3.12/site-packages/airflow/example_dags/example_setup_teardown_taskflow.py
[2025-05-06T14:52:03.829+0000] {logging_mixin.py:190} INFO - [2025-05-06T14:52:03.828+0000] {dag.py:3239} INFO - Sync 1 DAGs
[2025-05-06T14:52:03.858+0000] {logging_mixin.py:190} INFO - [2025-05-06T14:52:03.857+0000] {dag.py:4180} INFO - Setting next_dagrun for example_setup_teardown_taskflow to None, run_after=None
[2025-05-06T14:52:03.923+0000] {processor.py:208} INFO - Processing /home/airflow/.local/lib/python3.12/site-packages/airflow/example_dags/example_setup_teardown_taskflow.py took 0.179 seconds
[2025-05-06T14:52:34.766+0000] {processor.py:186} INFO - Started process (PID=15449) to work on /home/airflow/.local/lib/python3.12/site-packages/airflow/example_dags/example_setup_teardown_taskflow.py
[2025-05-06T14:52:34.768+0000] {processor.py:914} INFO - Processing file /home/airflow/.local/lib/python3.12/site-packages/airflow/example_dags/example_setup_teardown_taskflow.py for tasks to queue
[2025-05-06T14:52:34.773+0000] {logging_mixin.py:190} INFO - [2025-05-06T14:52:34.772+0000] {dagbag.py:588} INFO - Filling up the DagBag from /home/airflow/.local/lib/python3.12/site-packages/airflow/example_dags/example_setup_teardown_taskflow.py
[2025-05-06T14:52:34.799+0000] {processor.py:925} INFO - DAG(s) 'example_setup_teardown_taskflow' retrieved from /home/airflow/.local/lib/python3.12/site-packages/airflow/example_dags/example_setup_teardown_taskflow.py
[2025-05-06T14:52:34.846+0000] {logging_mixin.py:190} INFO - [2025-05-06T14:52:34.846+0000] {dag.py:3239} INFO - Sync 1 DAGs
[2025-05-06T14:52:34.874+0000] {logging_mixin.py:190} INFO - [2025-05-06T14:52:34.874+0000] {dag.py:4180} INFO - Setting next_dagrun for example_setup_teardown_taskflow to None, run_after=None
[2025-05-06T14:52:34.913+0000] {processor.py:208} INFO - Processing /home/airflow/.local/lib/python3.12/site-packages/airflow/example_dags/example_setup_teardown_taskflow.py took 0.162 seconds
[2025-05-06T14:53:05.019+0000] {processor.py:186} INFO - Started process (PID=15527) to work on /home/airflow/.local/lib/python3.12/site-packages/airflow/example_dags/example_setup_teardown_taskflow.py
[2025-05-06T14:53:05.021+0000] {processor.py:914} INFO - Processing file /home/airflow/.local/lib/python3.12/site-packages/airflow/example_dags/example_setup_teardown_taskflow.py for tasks to queue
[2025-05-06T14:53:05.027+0000] {logging_mixin.py:190} INFO - [2025-05-06T14:53:05.026+0000] {dagbag.py:588} INFO - Filling up the DagBag from /home/airflow/.local/lib/python3.12/site-packages/airflow/example_dags/example_setup_teardown_taskflow.py
[2025-05-06T14:53:05.051+0000] {processor.py:925} INFO - DAG(s) 'example_setup_teardown_taskflow' retrieved from /home/airflow/.local/lib/python3.12/site-packages/airflow/example_dags/example_setup_teardown_taskflow.py
[2025-05-06T14:53:05.100+0000] {logging_mixin.py:190} INFO - [2025-05-06T14:53:05.099+0000] {dag.py:3239} INFO - Sync 1 DAGs
[2025-05-06T14:53:05.131+0000] {logging_mixin.py:190} INFO - [2025-05-06T14:53:05.130+0000] {dag.py:4180} INFO - Setting next_dagrun for example_setup_teardown_taskflow to None, run_after=None
[2025-05-06T14:53:05.257+0000] {processor.py:208} INFO - Processing /home/airflow/.local/lib/python3.12/site-packages/airflow/example_dags/example_setup_teardown_taskflow.py took 0.249 seconds
[2025-05-06T14:53:35.876+0000] {processor.py:186} INFO - Started process (PID=15617) to work on /home/airflow/.local/lib/python3.12/site-packages/airflow/example_dags/example_setup_teardown_taskflow.py
[2025-05-06T14:53:35.877+0000] {processor.py:914} INFO - Processing file /home/airflow/.local/lib/python3.12/site-packages/airflow/example_dags/example_setup_teardown_taskflow.py for tasks to queue
[2025-05-06T14:53:35.881+0000] {logging_mixin.py:190} INFO - [2025-05-06T14:53:35.881+0000] {dagbag.py:588} INFO - Filling up the DagBag from /home/airflow/.local/lib/python3.12/site-packages/airflow/example_dags/example_setup_teardown_taskflow.py
[2025-05-06T14:53:35.899+0000] {processor.py:925} INFO - DAG(s) 'example_setup_teardown_taskflow' retrieved from /home/airflow/.local/lib/python3.12/site-packages/airflow/example_dags/example_setup_teardown_taskflow.py
[2025-05-06T14:53:35.938+0000] {logging_mixin.py:190} INFO - [2025-05-06T14:53:35.937+0000] {dag.py:3239} INFO - Sync 1 DAGs
[2025-05-06T14:53:35.966+0000] {logging_mixin.py:190} INFO - [2025-05-06T14:53:35.965+0000] {dag.py:4180} INFO - Setting next_dagrun for example_setup_teardown_taskflow to None, run_after=None
[2025-05-06T14:53:36.001+0000] {processor.py:208} INFO - Processing /home/airflow/.local/lib/python3.12/site-packages/airflow/example_dags/example_setup_teardown_taskflow.py took 0.137 seconds
[2025-05-06T14:54:08.174+0000] {processor.py:186} INFO - Started process (PID=15708) to work on /home/airflow/.local/lib/python3.12/site-packages/airflow/example_dags/example_setup_teardown_taskflow.py
[2025-05-06T14:54:08.176+0000] {processor.py:914} INFO - Processing file /home/airflow/.local/lib/python3.12/site-packages/airflow/example_dags/example_setup_teardown_taskflow.py for tasks to queue
[2025-05-06T14:54:08.182+0000] {logging_mixin.py:190} INFO - [2025-05-06T14:54:08.182+0000] {dagbag.py:588} INFO - Filling up the DagBag from /home/airflow/.local/lib/python3.12/site-packages/airflow/example_dags/example_setup_teardown_taskflow.py
[2025-05-06T14:54:08.202+0000] {processor.py:925} INFO - DAG(s) 'example_setup_teardown_taskflow' retrieved from /home/airflow/.local/lib/python3.12/site-packages/airflow/example_dags/example_setup_teardown_taskflow.py
[2025-05-06T14:54:08.251+0000] {logging_mixin.py:190} INFO - [2025-05-06T14:54:08.250+0000] {dag.py:3239} INFO - Sync 1 DAGs
[2025-05-06T14:54:08.285+0000] {logging_mixin.py:190} INFO - [2025-05-06T14:54:08.284+0000] {dag.py:4180} INFO - Setting next_dagrun for example_setup_teardown_taskflow to None, run_after=None
[2025-05-06T14:54:08.325+0000] {processor.py:208} INFO - Processing /home/airflow/.local/lib/python3.12/site-packages/airflow/example_dags/example_setup_teardown_taskflow.py took 0.162 seconds
[2025-05-06T14:54:40.942+0000] {processor.py:186} INFO - Started process (PID=15799) to work on /home/airflow/.local/lib/python3.12/site-packages/airflow/example_dags/example_setup_teardown_taskflow.py
[2025-05-06T14:54:40.944+0000] {processor.py:914} INFO - Processing file /home/airflow/.local/lib/python3.12/site-packages/airflow/example_dags/example_setup_teardown_taskflow.py for tasks to queue
[2025-05-06T14:54:40.949+0000] {logging_mixin.py:190} INFO - [2025-05-06T14:54:40.948+0000] {dagbag.py:588} INFO - Filling up the DagBag from /home/airflow/.local/lib/python3.12/site-packages/airflow/example_dags/example_setup_teardown_taskflow.py
[2025-05-06T14:54:40.968+0000] {processor.py:925} INFO - DAG(s) 'example_setup_teardown_taskflow' retrieved from /home/airflow/.local/lib/python3.12/site-packages/airflow/example_dags/example_setup_teardown_taskflow.py
[2025-05-06T14:54:41.010+0000] {logging_mixin.py:190} INFO - [2025-05-06T14:54:41.010+0000] {dag.py:3239} INFO - Sync 1 DAGs
[2025-05-06T14:54:41.039+0000] {logging_mixin.py:190} INFO - [2025-05-06T14:54:41.039+0000] {dag.py:4180} INFO - Setting next_dagrun for example_setup_teardown_taskflow to None, run_after=None
[2025-05-06T14:54:41.076+0000] {processor.py:208} INFO - Processing /home/airflow/.local/lib/python3.12/site-packages/airflow/example_dags/example_setup_teardown_taskflow.py took 0.147 seconds
[2025-05-06T14:55:12.910+0000] {processor.py:186} INFO - Started process (PID=15890) to work on /home/airflow/.local/lib/python3.12/site-packages/airflow/example_dags/example_setup_teardown_taskflow.py
[2025-05-06T14:55:12.912+0000] {processor.py:914} INFO - Processing file /home/airflow/.local/lib/python3.12/site-packages/airflow/example_dags/example_setup_teardown_taskflow.py for tasks to queue
[2025-05-06T14:55:12.917+0000] {logging_mixin.py:190} INFO - [2025-05-06T14:55:12.916+0000] {dagbag.py:588} INFO - Filling up the DagBag from /home/airflow/.local/lib/python3.12/site-packages/airflow/example_dags/example_setup_teardown_taskflow.py
[2025-05-06T14:55:12.939+0000] {processor.py:925} INFO - DAG(s) 'example_setup_teardown_taskflow' retrieved from /home/airflow/.local/lib/python3.12/site-packages/airflow/example_dags/example_setup_teardown_taskflow.py
[2025-05-06T14:55:12.988+0000] {logging_mixin.py:190} INFO - [2025-05-06T14:55:12.987+0000] {dag.py:3239} INFO - Sync 1 DAGs
[2025-05-06T14:55:13.016+0000] {logging_mixin.py:190} INFO - [2025-05-06T14:55:13.016+0000] {dag.py:4180} INFO - Setting next_dagrun for example_setup_teardown_taskflow to None, run_after=None
[2025-05-06T14:55:13.063+0000] {processor.py:208} INFO - Processing /home/airflow/.local/lib/python3.12/site-packages/airflow/example_dags/example_setup_teardown_taskflow.py took 0.167 seconds
[2025-05-06T14:55:43.501+0000] {processor.py:186} INFO - Started process (PID=15967) to work on /home/airflow/.local/lib/python3.12/site-packages/airflow/example_dags/example_setup_teardown_taskflow.py
[2025-05-06T14:55:43.504+0000] {processor.py:914} INFO - Processing file /home/airflow/.local/lib/python3.12/site-packages/airflow/example_dags/example_setup_teardown_taskflow.py for tasks to queue
[2025-05-06T14:55:43.507+0000] {logging_mixin.py:190} INFO - [2025-05-06T14:55:43.507+0000] {dagbag.py:588} INFO - Filling up the DagBag from /home/airflow/.local/lib/python3.12/site-packages/airflow/example_dags/example_setup_teardown_taskflow.py
[2025-05-06T14:55:43.527+0000] {processor.py:925} INFO - DAG(s) 'example_setup_teardown_taskflow' retrieved from /home/airflow/.local/lib/python3.12/site-packages/airflow/example_dags/example_setup_teardown_taskflow.py
[2025-05-06T14:55:43.569+0000] {logging_mixin.py:190} INFO - [2025-05-06T14:55:43.568+0000] {dag.py:3239} INFO - Sync 1 DAGs
[2025-05-06T14:55:43.598+0000] {logging_mixin.py:190} INFO - [2025-05-06T14:55:43.598+0000] {dag.py:4180} INFO - Setting next_dagrun for example_setup_teardown_taskflow to None, run_after=None
[2025-05-06T14:55:43.638+0000] {processor.py:208} INFO - Processing /home/airflow/.local/lib/python3.12/site-packages/airflow/example_dags/example_setup_teardown_taskflow.py took 0.150 seconds
[2025-05-06T14:56:14.564+0000] {processor.py:186} INFO - Started process (PID=16058) to work on /home/airflow/.local/lib/python3.12/site-packages/airflow/example_dags/example_setup_teardown_taskflow.py
[2025-05-06T14:56:14.566+0000] {processor.py:914} INFO - Processing file /home/airflow/.local/lib/python3.12/site-packages/airflow/example_dags/example_setup_teardown_taskflow.py for tasks to queue
[2025-05-06T14:56:14.572+0000] {logging_mixin.py:190} INFO - [2025-05-06T14:56:14.571+0000] {dagbag.py:588} INFO - Filling up the DagBag from /home/airflow/.local/lib/python3.12/site-packages/airflow/example_dags/example_setup_teardown_taskflow.py
[2025-05-06T14:56:14.595+0000] {processor.py:925} INFO - DAG(s) 'example_setup_teardown_taskflow' retrieved from /home/airflow/.local/lib/python3.12/site-packages/airflow/example_dags/example_setup_teardown_taskflow.py
[2025-05-06T14:56:14.643+0000] {logging_mixin.py:190} INFO - [2025-05-06T14:56:14.643+0000] {dag.py:3239} INFO - Sync 1 DAGs
[2025-05-06T14:56:14.674+0000] {logging_mixin.py:190} INFO - [2025-05-06T14:56:14.673+0000] {dag.py:4180} INFO - Setting next_dagrun for example_setup_teardown_taskflow to None, run_after=None
[2025-05-06T14:56:14.711+0000] {processor.py:208} INFO - Processing /home/airflow/.local/lib/python3.12/site-packages/airflow/example_dags/example_setup_teardown_taskflow.py took 0.159 seconds
[2025-05-06T14:56:45.186+0000] {processor.py:186} INFO - Started process (PID=16148) to work on /home/airflow/.local/lib/python3.12/site-packages/airflow/example_dags/example_setup_teardown_taskflow.py
[2025-05-06T14:56:45.188+0000] {processor.py:914} INFO - Processing file /home/airflow/.local/lib/python3.12/site-packages/airflow/example_dags/example_setup_teardown_taskflow.py for tasks to queue
[2025-05-06T14:56:45.193+0000] {logging_mixin.py:190} INFO - [2025-05-06T14:56:45.192+0000] {dagbag.py:588} INFO - Filling up the DagBag from /home/airflow/.local/lib/python3.12/site-packages/airflow/example_dags/example_setup_teardown_taskflow.py
[2025-05-06T14:56:45.213+0000] {processor.py:925} INFO - DAG(s) 'example_setup_teardown_taskflow' retrieved from /home/airflow/.local/lib/python3.12/site-packages/airflow/example_dags/example_setup_teardown_taskflow.py
[2025-05-06T14:56:45.267+0000] {logging_mixin.py:190} INFO - [2025-05-06T14:56:45.266+0000] {dag.py:3239} INFO - Sync 1 DAGs
[2025-05-06T14:56:45.304+0000] {logging_mixin.py:190} INFO - [2025-05-06T14:56:45.303+0000] {dag.py:4180} INFO - Setting next_dagrun for example_setup_teardown_taskflow to None, run_after=None
[2025-05-06T14:56:45.345+0000] {processor.py:208} INFO - Processing /home/airflow/.local/lib/python3.12/site-packages/airflow/example_dags/example_setup_teardown_taskflow.py took 0.173 seconds
[2025-05-06T14:57:16.072+0000] {processor.py:186} INFO - Started process (PID=16239) to work on /home/airflow/.local/lib/python3.12/site-packages/airflow/example_dags/example_setup_teardown_taskflow.py
[2025-05-06T14:57:16.075+0000] {processor.py:914} INFO - Processing file /home/airflow/.local/lib/python3.12/site-packages/airflow/example_dags/example_setup_teardown_taskflow.py for tasks to queue
[2025-05-06T14:57:16.080+0000] {logging_mixin.py:190} INFO - [2025-05-06T14:57:16.079+0000] {dagbag.py:588} INFO - Filling up the DagBag from /home/airflow/.local/lib/python3.12/site-packages/airflow/example_dags/example_setup_teardown_taskflow.py
[2025-05-06T14:57:16.105+0000] {processor.py:925} INFO - DAG(s) 'example_setup_teardown_taskflow' retrieved from /home/airflow/.local/lib/python3.12/site-packages/airflow/example_dags/example_setup_teardown_taskflow.py
[2025-05-06T14:57:16.155+0000] {logging_mixin.py:190} INFO - [2025-05-06T14:57:16.154+0000] {dag.py:3239} INFO - Sync 1 DAGs
[2025-05-06T14:57:16.182+0000] {logging_mixin.py:190} INFO - [2025-05-06T14:57:16.182+0000] {dag.py:4180} INFO - Setting next_dagrun for example_setup_teardown_taskflow to None, run_after=None
[2025-05-06T14:57:16.239+0000] {processor.py:208} INFO - Processing /home/airflow/.local/lib/python3.12/site-packages/airflow/example_dags/example_setup_teardown_taskflow.py took 0.178 seconds
[2025-05-06T14:57:46.873+0000] {processor.py:186} INFO - Started process (PID=16330) to work on /home/airflow/.local/lib/python3.12/site-packages/airflow/example_dags/example_setup_teardown_taskflow.py
[2025-05-06T14:57:46.875+0000] {processor.py:914} INFO - Processing file /home/airflow/.local/lib/python3.12/site-packages/airflow/example_dags/example_setup_teardown_taskflow.py for tasks to queue
[2025-05-06T14:57:46.881+0000] {logging_mixin.py:190} INFO - [2025-05-06T14:57:46.880+0000] {dagbag.py:588} INFO - Filling up the DagBag from /home/airflow/.local/lib/python3.12/site-packages/airflow/example_dags/example_setup_teardown_taskflow.py
[2025-05-06T14:57:46.904+0000] {processor.py:925} INFO - DAG(s) 'example_setup_teardown_taskflow' retrieved from /home/airflow/.local/lib/python3.12/site-packages/airflow/example_dags/example_setup_teardown_taskflow.py
[2025-05-06T14:57:46.946+0000] {logging_mixin.py:190} INFO - [2025-05-06T14:57:46.945+0000] {dag.py:3239} INFO - Sync 1 DAGs
[2025-05-06T14:57:46.974+0000] {logging_mixin.py:190} INFO - [2025-05-06T14:57:46.973+0000] {dag.py:4180} INFO - Setting next_dagrun for example_setup_teardown_taskflow to None, run_after=None
[2025-05-06T14:57:47.029+0000] {processor.py:208} INFO - Processing /home/airflow/.local/lib/python3.12/site-packages/airflow/example_dags/example_setup_teardown_taskflow.py took 0.168 seconds
[2025-05-06T14:58:17.698+0000] {processor.py:186} INFO - Started process (PID=16421) to work on /home/airflow/.local/lib/python3.12/site-packages/airflow/example_dags/example_setup_teardown_taskflow.py
[2025-05-06T14:58:17.701+0000] {processor.py:914} INFO - Processing file /home/airflow/.local/lib/python3.12/site-packages/airflow/example_dags/example_setup_teardown_taskflow.py for tasks to queue
[2025-05-06T14:58:17.706+0000] {logging_mixin.py:190} INFO - [2025-05-06T14:58:17.705+0000] {dagbag.py:588} INFO - Filling up the DagBag from /home/airflow/.local/lib/python3.12/site-packages/airflow/example_dags/example_setup_teardown_taskflow.py
[2025-05-06T14:58:17.729+0000] {processor.py:925} INFO - DAG(s) 'example_setup_teardown_taskflow' retrieved from /home/airflow/.local/lib/python3.12/site-packages/airflow/example_dags/example_setup_teardown_taskflow.py
[2025-05-06T14:58:17.779+0000] {logging_mixin.py:190} INFO - [2025-05-06T14:58:17.778+0000] {dag.py:3239} INFO - Sync 1 DAGs
[2025-05-06T14:58:17.808+0000] {logging_mixin.py:190} INFO - [2025-05-06T14:58:17.807+0000] {dag.py:4180} INFO - Setting next_dagrun for example_setup_teardown_taskflow to None, run_after=None
[2025-05-06T14:58:17.851+0000] {processor.py:208} INFO - Processing /home/airflow/.local/lib/python3.12/site-packages/airflow/example_dags/example_setup_teardown_taskflow.py took 0.164 seconds
[2025-05-06T14:58:48.642+0000] {processor.py:186} INFO - Started process (PID=16511) to work on /home/airflow/.local/lib/python3.12/site-packages/airflow/example_dags/example_setup_teardown_taskflow.py
[2025-05-06T14:58:48.643+0000] {processor.py:914} INFO - Processing file /home/airflow/.local/lib/python3.12/site-packages/airflow/example_dags/example_setup_teardown_taskflow.py for tasks to queue
[2025-05-06T14:58:48.648+0000] {logging_mixin.py:190} INFO - [2025-05-06T14:58:48.647+0000] {dagbag.py:588} INFO - Filling up the DagBag from /home/airflow/.local/lib/python3.12/site-packages/airflow/example_dags/example_setup_teardown_taskflow.py
[2025-05-06T14:58:48.669+0000] {processor.py:925} INFO - DAG(s) 'example_setup_teardown_taskflow' retrieved from /home/airflow/.local/lib/python3.12/site-packages/airflow/example_dags/example_setup_teardown_taskflow.py
[2025-05-06T14:58:48.727+0000] {logging_mixin.py:190} INFO - [2025-05-06T14:58:48.726+0000] {dag.py:3239} INFO - Sync 1 DAGs
[2025-05-06T14:58:48.775+0000] {logging_mixin.py:190} INFO - [2025-05-06T14:58:48.775+0000] {dag.py:4180} INFO - Setting next_dagrun for example_setup_teardown_taskflow to None, run_after=None
[2025-05-06T14:58:48.832+0000] {processor.py:208} INFO - Processing /home/airflow/.local/lib/python3.12/site-packages/airflow/example_dags/example_setup_teardown_taskflow.py took 0.201 seconds
[2025-05-06T14:59:20.037+0000] {processor.py:186} INFO - Started process (PID=16603) to work on /home/airflow/.local/lib/python3.12/site-packages/airflow/example_dags/example_setup_teardown_taskflow.py
[2025-05-06T14:59:20.040+0000] {processor.py:914} INFO - Processing file /home/airflow/.local/lib/python3.12/site-packages/airflow/example_dags/example_setup_teardown_taskflow.py for tasks to queue
[2025-05-06T14:59:20.044+0000] {logging_mixin.py:190} INFO - [2025-05-06T14:59:20.043+0000] {dagbag.py:588} INFO - Filling up the DagBag from /home/airflow/.local/lib/python3.12/site-packages/airflow/example_dags/example_setup_teardown_taskflow.py
[2025-05-06T14:59:20.064+0000] {processor.py:925} INFO - DAG(s) 'example_setup_teardown_taskflow' retrieved from /home/airflow/.local/lib/python3.12/site-packages/airflow/example_dags/example_setup_teardown_taskflow.py
[2025-05-06T14:59:20.109+0000] {logging_mixin.py:190} INFO - [2025-05-06T14:59:20.109+0000] {dag.py:3239} INFO - Sync 1 DAGs
[2025-05-06T14:59:20.142+0000] {logging_mixin.py:190} INFO - [2025-05-06T14:59:20.141+0000] {dag.py:4180} INFO - Setting next_dagrun for example_setup_teardown_taskflow to None, run_after=None
[2025-05-06T14:59:20.180+0000] {processor.py:208} INFO - Processing /home/airflow/.local/lib/python3.12/site-packages/airflow/example_dags/example_setup_teardown_taskflow.py took 0.154 seconds
[2025-05-06T14:59:50.316+0000] {processor.py:186} INFO - Started process (PID=16680) to work on /home/airflow/.local/lib/python3.12/site-packages/airflow/example_dags/example_setup_teardown_taskflow.py
[2025-05-06T14:59:50.321+0000] {processor.py:914} INFO - Processing file /home/airflow/.local/lib/python3.12/site-packages/airflow/example_dags/example_setup_teardown_taskflow.py for tasks to queue
[2025-05-06T14:59:50.328+0000] {logging_mixin.py:190} INFO - [2025-05-06T14:59:50.327+0000] {dagbag.py:588} INFO - Filling up the DagBag from /home/airflow/.local/lib/python3.12/site-packages/airflow/example_dags/example_setup_teardown_taskflow.py
[2025-05-06T14:59:50.354+0000] {processor.py:925} INFO - DAG(s) 'example_setup_teardown_taskflow' retrieved from /home/airflow/.local/lib/python3.12/site-packages/airflow/example_dags/example_setup_teardown_taskflow.py
[2025-05-06T14:59:50.398+0000] {logging_mixin.py:190} INFO - [2025-05-06T14:59:50.398+0000] {dag.py:3239} INFO - Sync 1 DAGs
[2025-05-06T14:59:50.426+0000] {logging_mixin.py:190} INFO - [2025-05-06T14:59:50.426+0000] {dag.py:4180} INFO - Setting next_dagrun for example_setup_teardown_taskflow to None, run_after=None
[2025-05-06T14:59:50.458+0000] {processor.py:208} INFO - Processing /home/airflow/.local/lib/python3.12/site-packages/airflow/example_dags/example_setup_teardown_taskflow.py took 0.161 seconds
[2025-05-06T15:00:20.715+0000] {processor.py:186} INFO - Started process (PID=16771) to work on /home/airflow/.local/lib/python3.12/site-packages/airflow/example_dags/example_setup_teardown_taskflow.py
[2025-05-06T15:00:20.719+0000] {processor.py:914} INFO - Processing file /home/airflow/.local/lib/python3.12/site-packages/airflow/example_dags/example_setup_teardown_taskflow.py for tasks to queue
[2025-05-06T15:00:20.724+0000] {logging_mixin.py:190} INFO - [2025-05-06T15:00:20.723+0000] {dagbag.py:588} INFO - Filling up the DagBag from /home/airflow/.local/lib/python3.12/site-packages/airflow/example_dags/example_setup_teardown_taskflow.py
[2025-05-06T15:00:20.747+0000] {processor.py:925} INFO - DAG(s) 'example_setup_teardown_taskflow' retrieved from /home/airflow/.local/lib/python3.12/site-packages/airflow/example_dags/example_setup_teardown_taskflow.py
[2025-05-06T15:00:20.796+0000] {logging_mixin.py:190} INFO - [2025-05-06T15:00:20.796+0000] {dag.py:3239} INFO - Sync 1 DAGs
[2025-05-06T15:00:20.828+0000] {logging_mixin.py:190} INFO - [2025-05-06T15:00:20.827+0000] {dag.py:4180} INFO - Setting next_dagrun for example_setup_teardown_taskflow to None, run_after=None
[2025-05-06T15:00:20.870+0000] {processor.py:208} INFO - Processing /home/airflow/.local/lib/python3.12/site-packages/airflow/example_dags/example_setup_teardown_taskflow.py took 0.169 seconds
[2025-05-06T15:00:51.874+0000] {processor.py:186} INFO - Started process (PID=16862) to work on /home/airflow/.local/lib/python3.12/site-packages/airflow/example_dags/example_setup_teardown_taskflow.py
[2025-05-06T15:00:51.876+0000] {processor.py:914} INFO - Processing file /home/airflow/.local/lib/python3.12/site-packages/airflow/example_dags/example_setup_teardown_taskflow.py for tasks to queue
[2025-05-06T15:00:51.881+0000] {logging_mixin.py:190} INFO - [2025-05-06T15:00:51.881+0000] {dagbag.py:588} INFO - Filling up the DagBag from /home/airflow/.local/lib/python3.12/site-packages/airflow/example_dags/example_setup_teardown_taskflow.py
[2025-05-06T15:00:51.903+0000] {processor.py:925} INFO - DAG(s) 'example_setup_teardown_taskflow' retrieved from /home/airflow/.local/lib/python3.12/site-packages/airflow/example_dags/example_setup_teardown_taskflow.py
[2025-05-06T15:00:51.944+0000] {logging_mixin.py:190} INFO - [2025-05-06T15:00:51.944+0000] {dag.py:3239} INFO - Sync 1 DAGs
[2025-05-06T15:00:51.975+0000] {logging_mixin.py:190} INFO - [2025-05-06T15:00:51.974+0000] {dag.py:4180} INFO - Setting next_dagrun for example_setup_teardown_taskflow to None, run_after=None
[2025-05-06T15:00:52.011+0000] {processor.py:208} INFO - Processing /home/airflow/.local/lib/python3.12/site-packages/airflow/example_dags/example_setup_teardown_taskflow.py took 0.148 seconds
[2025-05-06T15:01:23.988+0000] {processor.py:186} INFO - Started process (PID=16953) to work on /home/airflow/.local/lib/python3.12/site-packages/airflow/example_dags/example_setup_teardown_taskflow.py
[2025-05-06T15:01:23.990+0000] {processor.py:914} INFO - Processing file /home/airflow/.local/lib/python3.12/site-packages/airflow/example_dags/example_setup_teardown_taskflow.py for tasks to queue
[2025-05-06T15:01:23.994+0000] {logging_mixin.py:190} INFO - [2025-05-06T15:01:23.994+0000] {dagbag.py:588} INFO - Filling up the DagBag from /home/airflow/.local/lib/python3.12/site-packages/airflow/example_dags/example_setup_teardown_taskflow.py
[2025-05-06T15:01:24.017+0000] {processor.py:925} INFO - DAG(s) 'example_setup_teardown_taskflow' retrieved from /home/airflow/.local/lib/python3.12/site-packages/airflow/example_dags/example_setup_teardown_taskflow.py
[2025-05-06T15:01:24.059+0000] {logging_mixin.py:190} INFO - [2025-05-06T15:01:24.059+0000] {dag.py:3239} INFO - Sync 1 DAGs
[2025-05-06T15:01:24.085+0000] {logging_mixin.py:190} INFO - [2025-05-06T15:01:24.085+0000] {dag.py:4180} INFO - Setting next_dagrun for example_setup_teardown_taskflow to None, run_after=None
[2025-05-06T15:01:24.124+0000] {processor.py:208} INFO - Processing /home/airflow/.local/lib/python3.12/site-packages/airflow/example_dags/example_setup_teardown_taskflow.py took 0.148 seconds
[2025-05-06T15:01:54.662+0000] {processor.py:186} INFO - Started process (PID=17030) to work on /home/airflow/.local/lib/python3.12/site-packages/airflow/example_dags/example_setup_teardown_taskflow.py
[2025-05-06T15:01:54.664+0000] {processor.py:914} INFO - Processing file /home/airflow/.local/lib/python3.12/site-packages/airflow/example_dags/example_setup_teardown_taskflow.py for tasks to queue
[2025-05-06T15:01:54.669+0000] {logging_mixin.py:190} INFO - [2025-05-06T15:01:54.668+0000] {dagbag.py:588} INFO - Filling up the DagBag from /home/airflow/.local/lib/python3.12/site-packages/airflow/example_dags/example_setup_teardown_taskflow.py
[2025-05-06T15:01:54.686+0000] {processor.py:925} INFO - DAG(s) 'example_setup_teardown_taskflow' retrieved from /home/airflow/.local/lib/python3.12/site-packages/airflow/example_dags/example_setup_teardown_taskflow.py
[2025-05-06T15:01:54.734+0000] {logging_mixin.py:190} INFO - [2025-05-06T15:01:54.734+0000] {dag.py:3239} INFO - Sync 1 DAGs
[2025-05-06T15:01:54.772+0000] {logging_mixin.py:190} INFO - [2025-05-06T15:01:54.771+0000] {dag.py:4180} INFO - Setting next_dagrun for example_setup_teardown_taskflow to None, run_after=None
[2025-05-06T15:01:54.810+0000] {processor.py:208} INFO - Processing /home/airflow/.local/lib/python3.12/site-packages/airflow/example_dags/example_setup_teardown_taskflow.py took 0.159 seconds
[2025-05-06T15:02:26.119+0000] {processor.py:186} INFO - Started process (PID=17121) to work on /home/airflow/.local/lib/python3.12/site-packages/airflow/example_dags/example_setup_teardown_taskflow.py
[2025-05-06T15:02:26.121+0000] {processor.py:914} INFO - Processing file /home/airflow/.local/lib/python3.12/site-packages/airflow/example_dags/example_setup_teardown_taskflow.py for tasks to queue
[2025-05-06T15:02:26.126+0000] {logging_mixin.py:190} INFO - [2025-05-06T15:02:26.126+0000] {dagbag.py:588} INFO - Filling up the DagBag from /home/airflow/.local/lib/python3.12/site-packages/airflow/example_dags/example_setup_teardown_taskflow.py
[2025-05-06T15:02:26.154+0000] {processor.py:925} INFO - DAG(s) 'example_setup_teardown_taskflow' retrieved from /home/airflow/.local/lib/python3.12/site-packages/airflow/example_dags/example_setup_teardown_taskflow.py
[2025-05-06T15:02:26.199+0000] {logging_mixin.py:190} INFO - [2025-05-06T15:02:26.198+0000] {dag.py:3239} INFO - Sync 1 DAGs
[2025-05-06T15:02:26.229+0000] {logging_mixin.py:190} INFO - [2025-05-06T15:02:26.229+0000] {dag.py:4180} INFO - Setting next_dagrun for example_setup_teardown_taskflow to None, run_after=None
[2025-05-06T15:02:26.285+0000] {processor.py:208} INFO - Processing /home/airflow/.local/lib/python3.12/site-packages/airflow/example_dags/example_setup_teardown_taskflow.py took 0.180 seconds
[2025-05-06T15:02:57.850+0000] {processor.py:186} INFO - Started process (PID=17221) to work on /home/airflow/.local/lib/python3.12/site-packages/airflow/example_dags/example_setup_teardown_taskflow.py
[2025-05-06T15:02:57.854+0000] {processor.py:914} INFO - Processing file /home/airflow/.local/lib/python3.12/site-packages/airflow/example_dags/example_setup_teardown_taskflow.py for tasks to queue
[2025-05-06T15:02:57.860+0000] {logging_mixin.py:190} INFO - [2025-05-06T15:02:57.859+0000] {dagbag.py:588} INFO - Filling up the DagBag from /home/airflow/.local/lib/python3.12/site-packages/airflow/example_dags/example_setup_teardown_taskflow.py
[2025-05-06T15:02:57.883+0000] {processor.py:925} INFO - DAG(s) 'example_setup_teardown_taskflow' retrieved from /home/airflow/.local/lib/python3.12/site-packages/airflow/example_dags/example_setup_teardown_taskflow.py
[2025-05-06T15:02:57.937+0000] {logging_mixin.py:190} INFO - [2025-05-06T15:02:57.936+0000] {dag.py:3239} INFO - Sync 1 DAGs
[2025-05-06T15:02:57.980+0000] {logging_mixin.py:190} INFO - [2025-05-06T15:02:57.980+0000] {dag.py:4180} INFO - Setting next_dagrun for example_setup_teardown_taskflow to None, run_after=None
[2025-05-06T15:02:58.023+0000] {processor.py:208} INFO - Processing /home/airflow/.local/lib/python3.12/site-packages/airflow/example_dags/example_setup_teardown_taskflow.py took 0.189 seconds
[2025-05-06T15:03:29.164+0000] {processor.py:186} INFO - Started process (PID=17312) to work on /home/airflow/.local/lib/python3.12/site-packages/airflow/example_dags/example_setup_teardown_taskflow.py
[2025-05-06T15:03:29.166+0000] {processor.py:914} INFO - Processing file /home/airflow/.local/lib/python3.12/site-packages/airflow/example_dags/example_setup_teardown_taskflow.py for tasks to queue
[2025-05-06T15:03:29.171+0000] {logging_mixin.py:190} INFO - [2025-05-06T15:03:29.170+0000] {dagbag.py:588} INFO - Filling up the DagBag from /home/airflow/.local/lib/python3.12/site-packages/airflow/example_dags/example_setup_teardown_taskflow.py
[2025-05-06T15:03:29.189+0000] {processor.py:925} INFO - DAG(s) 'example_setup_teardown_taskflow' retrieved from /home/airflow/.local/lib/python3.12/site-packages/airflow/example_dags/example_setup_teardown_taskflow.py
[2025-05-06T15:03:29.230+0000] {logging_mixin.py:190} INFO - [2025-05-06T15:03:29.229+0000] {dag.py:3239} INFO - Sync 1 DAGs
[2025-05-06T15:03:29.258+0000] {logging_mixin.py:190} INFO - [2025-05-06T15:03:29.256+0000] {dag.py:4180} INFO - Setting next_dagrun for example_setup_teardown_taskflow to None, run_after=None
[2025-05-06T15:03:29.294+0000] {processor.py:208} INFO - Processing /home/airflow/.local/lib/python3.12/site-packages/airflow/example_dags/example_setup_teardown_taskflow.py took 0.141 seconds
[2025-05-06T15:04:00.310+0000] {processor.py:186} INFO - Started process (PID=17403) to work on /home/airflow/.local/lib/python3.12/site-packages/airflow/example_dags/example_setup_teardown_taskflow.py
[2025-05-06T15:04:00.312+0000] {processor.py:914} INFO - Processing file /home/airflow/.local/lib/python3.12/site-packages/airflow/example_dags/example_setup_teardown_taskflow.py for tasks to queue
[2025-05-06T15:04:00.316+0000] {logging_mixin.py:190} INFO - [2025-05-06T15:04:00.315+0000] {dagbag.py:588} INFO - Filling up the DagBag from /home/airflow/.local/lib/python3.12/site-packages/airflow/example_dags/example_setup_teardown_taskflow.py
[2025-05-06T15:04:00.336+0000] {processor.py:925} INFO - DAG(s) 'example_setup_teardown_taskflow' retrieved from /home/airflow/.local/lib/python3.12/site-packages/airflow/example_dags/example_setup_teardown_taskflow.py
[2025-05-06T15:04:00.376+0000] {logging_mixin.py:190} INFO - [2025-05-06T15:04:00.375+0000] {dag.py:3239} INFO - Sync 1 DAGs
[2025-05-06T15:04:00.403+0000] {logging_mixin.py:190} INFO - [2025-05-06T15:04:00.402+0000] {dag.py:4180} INFO - Setting next_dagrun for example_setup_teardown_taskflow to None, run_after=None
[2025-05-06T15:04:00.441+0000] {processor.py:208} INFO - Processing /home/airflow/.local/lib/python3.12/site-packages/airflow/example_dags/example_setup_teardown_taskflow.py took 0.142 seconds
[2025-05-06T15:04:32.166+0000] {processor.py:186} INFO - Started process (PID=17496) to work on /home/airflow/.local/lib/python3.12/site-packages/airflow/example_dags/example_setup_teardown_taskflow.py
[2025-05-06T15:04:32.167+0000] {processor.py:914} INFO - Processing file /home/airflow/.local/lib/python3.12/site-packages/airflow/example_dags/example_setup_teardown_taskflow.py for tasks to queue
[2025-05-06T15:04:32.172+0000] {logging_mixin.py:190} INFO - [2025-05-06T15:04:32.171+0000] {dagbag.py:588} INFO - Filling up the DagBag from /home/airflow/.local/lib/python3.12/site-packages/airflow/example_dags/example_setup_teardown_taskflow.py
[2025-05-06T15:04:32.191+0000] {processor.py:925} INFO - DAG(s) 'example_setup_teardown_taskflow' retrieved from /home/airflow/.local/lib/python3.12/site-packages/airflow/example_dags/example_setup_teardown_taskflow.py
[2025-05-06T15:04:32.232+0000] {logging_mixin.py:190} INFO - [2025-05-06T15:04:32.231+0000] {dag.py:3239} INFO - Sync 1 DAGs
[2025-05-06T15:04:32.260+0000] {logging_mixin.py:190} INFO - [2025-05-06T15:04:32.260+0000] {dag.py:4180} INFO - Setting next_dagrun for example_setup_teardown_taskflow to None, run_after=None
[2025-05-06T15:04:32.295+0000] {processor.py:208} INFO - Processing /home/airflow/.local/lib/python3.12/site-packages/airflow/example_dags/example_setup_teardown_taskflow.py took 0.140 seconds
[2025-05-06T15:05:02.951+0000] {processor.py:186} INFO - Started process (PID=17587) to work on /home/airflow/.local/lib/python3.12/site-packages/airflow/example_dags/example_setup_teardown_taskflow.py
[2025-05-06T15:05:02.955+0000] {processor.py:914} INFO - Processing file /home/airflow/.local/lib/python3.12/site-packages/airflow/example_dags/example_setup_teardown_taskflow.py for tasks to queue
[2025-05-06T15:05:02.961+0000] {logging_mixin.py:190} INFO - [2025-05-06T15:05:02.960+0000] {dagbag.py:588} INFO - Filling up the DagBag from /home/airflow/.local/lib/python3.12/site-packages/airflow/example_dags/example_setup_teardown_taskflow.py
[2025-05-06T15:05:02.979+0000] {processor.py:925} INFO - DAG(s) 'example_setup_teardown_taskflow' retrieved from /home/airflow/.local/lib/python3.12/site-packages/airflow/example_dags/example_setup_teardown_taskflow.py
[2025-05-06T15:05:03.024+0000] {logging_mixin.py:190} INFO - [2025-05-06T15:05:03.024+0000] {dag.py:3239} INFO - Sync 1 DAGs
[2025-05-06T15:05:03.056+0000] {logging_mixin.py:190} INFO - [2025-05-06T15:05:03.056+0000] {dag.py:4180} INFO - Setting next_dagrun for example_setup_teardown_taskflow to None, run_after=None
[2025-05-06T15:05:03.119+0000] {processor.py:208} INFO - Processing /home/airflow/.local/lib/python3.12/site-packages/airflow/example_dags/example_setup_teardown_taskflow.py took 0.184 seconds
[2025-05-06T15:05:33.537+0000] {processor.py:186} INFO - Started process (PID=17677) to work on /home/airflow/.local/lib/python3.12/site-packages/airflow/example_dags/example_setup_teardown_taskflow.py
[2025-05-06T15:05:33.540+0000] {processor.py:914} INFO - Processing file /home/airflow/.local/lib/python3.12/site-packages/airflow/example_dags/example_setup_teardown_taskflow.py for tasks to queue
[2025-05-06T15:05:33.545+0000] {logging_mixin.py:190} INFO - [2025-05-06T15:05:33.545+0000] {dagbag.py:588} INFO - Filling up the DagBag from /home/airflow/.local/lib/python3.12/site-packages/airflow/example_dags/example_setup_teardown_taskflow.py
[2025-05-06T15:05:33.565+0000] {processor.py:925} INFO - DAG(s) 'example_setup_teardown_taskflow' retrieved from /home/airflow/.local/lib/python3.12/site-packages/airflow/example_dags/example_setup_teardown_taskflow.py
[2025-05-06T15:05:33.606+0000] {logging_mixin.py:190} INFO - [2025-05-06T15:05:33.605+0000] {dag.py:3239} INFO - Sync 1 DAGs
[2025-05-06T15:05:33.635+0000] {logging_mixin.py:190} INFO - [2025-05-06T15:05:33.635+0000] {dag.py:4180} INFO - Setting next_dagrun for example_setup_teardown_taskflow to None, run_after=None
[2025-05-06T15:05:33.694+0000] {processor.py:208} INFO - Processing /home/airflow/.local/lib/python3.12/site-packages/airflow/example_dags/example_setup_teardown_taskflow.py took 0.168 seconds
[2025-05-06T15:06:04.152+0000] {processor.py:186} INFO - Started process (PID=17768) to work on /home/airflow/.local/lib/python3.12/site-packages/airflow/example_dags/example_setup_teardown_taskflow.py
[2025-05-06T15:06:04.154+0000] {processor.py:914} INFO - Processing file /home/airflow/.local/lib/python3.12/site-packages/airflow/example_dags/example_setup_teardown_taskflow.py for tasks to queue
[2025-05-06T15:06:04.159+0000] {logging_mixin.py:190} INFO - [2025-05-06T15:06:04.158+0000] {dagbag.py:588} INFO - Filling up the DagBag from /home/airflow/.local/lib/python3.12/site-packages/airflow/example_dags/example_setup_teardown_taskflow.py
[2025-05-06T15:06:04.179+0000] {processor.py:925} INFO - DAG(s) 'example_setup_teardown_taskflow' retrieved from /home/airflow/.local/lib/python3.12/site-packages/airflow/example_dags/example_setup_teardown_taskflow.py
[2025-05-06T15:06:04.219+0000] {logging_mixin.py:190} INFO - [2025-05-06T15:06:04.218+0000] {dag.py:3239} INFO - Sync 1 DAGs
[2025-05-06T15:06:04.248+0000] {logging_mixin.py:190} INFO - [2025-05-06T15:06:04.247+0000] {dag.py:4180} INFO - Setting next_dagrun for example_setup_teardown_taskflow to None, run_after=None
[2025-05-06T15:06:04.286+0000] {processor.py:208} INFO - Processing /home/airflow/.local/lib/python3.12/site-packages/airflow/example_dags/example_setup_teardown_taskflow.py took 0.145 seconds
[2025-05-06T15:06:35.701+0000] {processor.py:186} INFO - Started process (PID=17859) to work on /home/airflow/.local/lib/python3.12/site-packages/airflow/example_dags/example_setup_teardown_taskflow.py
[2025-05-06T15:06:35.708+0000] {processor.py:914} INFO - Processing file /home/airflow/.local/lib/python3.12/site-packages/airflow/example_dags/example_setup_teardown_taskflow.py for tasks to queue
[2025-05-06T15:06:35.716+0000] {logging_mixin.py:190} INFO - [2025-05-06T15:06:35.715+0000] {dagbag.py:588} INFO - Filling up the DagBag from /home/airflow/.local/lib/python3.12/site-packages/airflow/example_dags/example_setup_teardown_taskflow.py
[2025-05-06T15:06:35.738+0000] {processor.py:925} INFO - DAG(s) 'example_setup_teardown_taskflow' retrieved from /home/airflow/.local/lib/python3.12/site-packages/airflow/example_dags/example_setup_teardown_taskflow.py
[2025-05-06T15:06:35.782+0000] {logging_mixin.py:190} INFO - [2025-05-06T15:06:35.782+0000] {dag.py:3239} INFO - Sync 1 DAGs
[2025-05-06T15:06:35.822+0000] {logging_mixin.py:190} INFO - [2025-05-06T15:06:35.821+0000] {dag.py:4180} INFO - Setting next_dagrun for example_setup_teardown_taskflow to None, run_after=None
[2025-05-06T15:06:35.857+0000] {processor.py:208} INFO - Processing /home/airflow/.local/lib/python3.12/site-packages/airflow/example_dags/example_setup_teardown_taskflow.py took 0.169 seconds
[2025-05-06T15:07:05.948+0000] {processor.py:186} INFO - Started process (PID=17936) to work on /home/airflow/.local/lib/python3.12/site-packages/airflow/example_dags/example_setup_teardown_taskflow.py
[2025-05-06T15:07:05.951+0000] {processor.py:914} INFO - Processing file /home/airflow/.local/lib/python3.12/site-packages/airflow/example_dags/example_setup_teardown_taskflow.py for tasks to queue
[2025-05-06T15:07:05.956+0000] {logging_mixin.py:190} INFO - [2025-05-06T15:07:05.955+0000] {dagbag.py:588} INFO - Filling up the DagBag from /home/airflow/.local/lib/python3.12/site-packages/airflow/example_dags/example_setup_teardown_taskflow.py
[2025-05-06T15:07:05.978+0000] {processor.py:925} INFO - DAG(s) 'example_setup_teardown_taskflow' retrieved from /home/airflow/.local/lib/python3.12/site-packages/airflow/example_dags/example_setup_teardown_taskflow.py
[2025-05-06T15:07:06.022+0000] {logging_mixin.py:190} INFO - [2025-05-06T15:07:06.022+0000] {dag.py:3239} INFO - Sync 1 DAGs
[2025-05-06T15:07:06.049+0000] {logging_mixin.py:190} INFO - [2025-05-06T15:07:06.049+0000] {dag.py:4180} INFO - Setting next_dagrun for example_setup_teardown_taskflow to None, run_after=None
[2025-05-06T15:07:06.103+0000] {processor.py:208} INFO - Processing /home/airflow/.local/lib/python3.12/site-packages/airflow/example_dags/example_setup_teardown_taskflow.py took 0.168 seconds
[2025-05-06T15:07:36.427+0000] {processor.py:186} INFO - Started process (PID=18027) to work on /home/airflow/.local/lib/python3.12/site-packages/airflow/example_dags/example_setup_teardown_taskflow.py
[2025-05-06T15:07:36.429+0000] {processor.py:914} INFO - Processing file /home/airflow/.local/lib/python3.12/site-packages/airflow/example_dags/example_setup_teardown_taskflow.py for tasks to queue
[2025-05-06T15:07:36.433+0000] {logging_mixin.py:190} INFO - [2025-05-06T15:07:36.432+0000] {dagbag.py:588} INFO - Filling up the DagBag from /home/airflow/.local/lib/python3.12/site-packages/airflow/example_dags/example_setup_teardown_taskflow.py
[2025-05-06T15:07:36.452+0000] {processor.py:925} INFO - DAG(s) 'example_setup_teardown_taskflow' retrieved from /home/airflow/.local/lib/python3.12/site-packages/airflow/example_dags/example_setup_teardown_taskflow.py
[2025-05-06T15:07:36.494+0000] {logging_mixin.py:190} INFO - [2025-05-06T15:07:36.493+0000] {dag.py:3239} INFO - Sync 1 DAGs
[2025-05-06T15:07:36.523+0000] {logging_mixin.py:190} INFO - [2025-05-06T15:07:36.522+0000] {dag.py:4180} INFO - Setting next_dagrun for example_setup_teardown_taskflow to None, run_after=None
[2025-05-06T15:07:36.585+0000] {processor.py:208} INFO - Processing /home/airflow/.local/lib/python3.12/site-packages/airflow/example_dags/example_setup_teardown_taskflow.py took 0.169 seconds
[2025-05-06T15:08:07.855+0000] {processor.py:186} INFO - Started process (PID=18118) to work on /home/airflow/.local/lib/python3.12/site-packages/airflow/example_dags/example_setup_teardown_taskflow.py
[2025-05-06T15:08:07.857+0000] {processor.py:914} INFO - Processing file /home/airflow/.local/lib/python3.12/site-packages/airflow/example_dags/example_setup_teardown_taskflow.py for tasks to queue
[2025-05-06T15:08:07.862+0000] {logging_mixin.py:190} INFO - [2025-05-06T15:08:07.861+0000] {dagbag.py:588} INFO - Filling up the DagBag from /home/airflow/.local/lib/python3.12/site-packages/airflow/example_dags/example_setup_teardown_taskflow.py
[2025-05-06T15:08:07.880+0000] {processor.py:925} INFO - DAG(s) 'example_setup_teardown_taskflow' retrieved from /home/airflow/.local/lib/python3.12/site-packages/airflow/example_dags/example_setup_teardown_taskflow.py
[2025-05-06T15:08:07.923+0000] {logging_mixin.py:190} INFO - [2025-05-06T15:08:07.922+0000] {dag.py:3239} INFO - Sync 1 DAGs
[2025-05-06T15:08:07.949+0000] {logging_mixin.py:190} INFO - [2025-05-06T15:08:07.949+0000] {dag.py:4180} INFO - Setting next_dagrun for example_setup_teardown_taskflow to None, run_after=None
[2025-05-06T15:08:08.000+0000] {processor.py:208} INFO - Processing /home/airflow/.local/lib/python3.12/site-packages/airflow/example_dags/example_setup_teardown_taskflow.py took 0.155 seconds
[2025-05-06T15:08:40.763+0000] {processor.py:186} INFO - Started process (PID=18209) to work on /home/airflow/.local/lib/python3.12/site-packages/airflow/example_dags/example_setup_teardown_taskflow.py
[2025-05-06T15:08:40.765+0000] {processor.py:914} INFO - Processing file /home/airflow/.local/lib/python3.12/site-packages/airflow/example_dags/example_setup_teardown_taskflow.py for tasks to queue
[2025-05-06T15:08:40.770+0000] {logging_mixin.py:190} INFO - [2025-05-06T15:08:40.769+0000] {dagbag.py:588} INFO - Filling up the DagBag from /home/airflow/.local/lib/python3.12/site-packages/airflow/example_dags/example_setup_teardown_taskflow.py
[2025-05-06T15:08:40.790+0000] {processor.py:925} INFO - DAG(s) 'example_setup_teardown_taskflow' retrieved from /home/airflow/.local/lib/python3.12/site-packages/airflow/example_dags/example_setup_teardown_taskflow.py
[2025-05-06T15:08:40.834+0000] {logging_mixin.py:190} INFO - [2025-05-06T15:08:40.833+0000] {dag.py:3239} INFO - Sync 1 DAGs
[2025-05-06T15:08:40.859+0000] {logging_mixin.py:190} INFO - [2025-05-06T15:08:40.859+0000] {dag.py:4180} INFO - Setting next_dagrun for example_setup_teardown_taskflow to None, run_after=None
[2025-05-06T15:08:40.916+0000] {processor.py:208} INFO - Processing /home/airflow/.local/lib/python3.12/site-packages/airflow/example_dags/example_setup_teardown_taskflow.py took 0.164 seconds
[2025-05-06T15:09:14.123+0000] {processor.py:186} INFO - Started process (PID=18304) to work on /home/airflow/.local/lib/python3.12/site-packages/airflow/example_dags/example_setup_teardown_taskflow.py
[2025-05-06T15:09:14.126+0000] {processor.py:914} INFO - Processing file /home/airflow/.local/lib/python3.12/site-packages/airflow/example_dags/example_setup_teardown_taskflow.py for tasks to queue
[2025-05-06T15:09:14.130+0000] {logging_mixin.py:190} INFO - [2025-05-06T15:09:14.130+0000] {dagbag.py:588} INFO - Filling up the DagBag from /home/airflow/.local/lib/python3.12/site-packages/airflow/example_dags/example_setup_teardown_taskflow.py
[2025-05-06T15:09:14.158+0000] {processor.py:925} INFO - DAG(s) 'example_setup_teardown_taskflow' retrieved from /home/airflow/.local/lib/python3.12/site-packages/airflow/example_dags/example_setup_teardown_taskflow.py
[2025-05-06T15:09:14.205+0000] {logging_mixin.py:190} INFO - [2025-05-06T15:09:14.205+0000] {dag.py:3239} INFO - Sync 1 DAGs
[2025-05-06T15:09:14.237+0000] {logging_mixin.py:190} INFO - [2025-05-06T15:09:14.236+0000] {dag.py:4180} INFO - Setting next_dagrun for example_setup_teardown_taskflow to None, run_after=None
[2025-05-06T15:09:14.277+0000] {processor.py:208} INFO - Processing /home/airflow/.local/lib/python3.12/site-packages/airflow/example_dags/example_setup_teardown_taskflow.py took 0.167 seconds
[2025-05-06T15:09:45.881+0000] {processor.py:186} INFO - Started process (PID=18395) to work on /home/airflow/.local/lib/python3.12/site-packages/airflow/example_dags/example_setup_teardown_taskflow.py
[2025-05-06T15:09:45.883+0000] {processor.py:914} INFO - Processing file /home/airflow/.local/lib/python3.12/site-packages/airflow/example_dags/example_setup_teardown_taskflow.py for tasks to queue
[2025-05-06T15:09:45.889+0000] {logging_mixin.py:190} INFO - [2025-05-06T15:09:45.888+0000] {dagbag.py:588} INFO - Filling up the DagBag from /home/airflow/.local/lib/python3.12/site-packages/airflow/example_dags/example_setup_teardown_taskflow.py
[2025-05-06T15:09:45.915+0000] {processor.py:925} INFO - DAG(s) 'example_setup_teardown_taskflow' retrieved from /home/airflow/.local/lib/python3.12/site-packages/airflow/example_dags/example_setup_teardown_taskflow.py
[2025-05-06T15:09:45.962+0000] {logging_mixin.py:190} INFO - [2025-05-06T15:09:45.961+0000] {dag.py:3239} INFO - Sync 1 DAGs
[2025-05-06T15:09:45.993+0000] {logging_mixin.py:190} INFO - [2025-05-06T15:09:45.992+0000] {dag.py:4180} INFO - Setting next_dagrun for example_setup_teardown_taskflow to None, run_after=None
[2025-05-06T15:09:46.029+0000] {processor.py:208} INFO - Processing /home/airflow/.local/lib/python3.12/site-packages/airflow/example_dags/example_setup_teardown_taskflow.py took 0.163 seconds
[2025-05-06T15:10:16.223+0000] {processor.py:186} INFO - Started process (PID=18472) to work on /home/airflow/.local/lib/python3.12/site-packages/airflow/example_dags/example_setup_teardown_taskflow.py
[2025-05-06T15:10:16.226+0000] {processor.py:914} INFO - Processing file /home/airflow/.local/lib/python3.12/site-packages/airflow/example_dags/example_setup_teardown_taskflow.py for tasks to queue
[2025-05-06T15:10:16.231+0000] {logging_mixin.py:190} INFO - [2025-05-06T15:10:16.231+0000] {dagbag.py:588} INFO - Filling up the DagBag from /home/airflow/.local/lib/python3.12/site-packages/airflow/example_dags/example_setup_teardown_taskflow.py
[2025-05-06T15:10:16.252+0000] {processor.py:925} INFO - DAG(s) 'example_setup_teardown_taskflow' retrieved from /home/airflow/.local/lib/python3.12/site-packages/airflow/example_dags/example_setup_teardown_taskflow.py
[2025-05-06T15:10:16.302+0000] {logging_mixin.py:190} INFO - [2025-05-06T15:10:16.301+0000] {dag.py:3239} INFO - Sync 1 DAGs
[2025-05-06T15:10:16.333+0000] {logging_mixin.py:190} INFO - [2025-05-06T15:10:16.332+0000] {dag.py:4180} INFO - Setting next_dagrun for example_setup_teardown_taskflow to None, run_after=None
[2025-05-06T15:10:16.374+0000] {processor.py:208} INFO - Processing /home/airflow/.local/lib/python3.12/site-packages/airflow/example_dags/example_setup_teardown_taskflow.py took 0.166 seconds
[2025-05-06T15:10:46.995+0000] {processor.py:186} INFO - Started process (PID=18563) to work on /home/airflow/.local/lib/python3.12/site-packages/airflow/example_dags/example_setup_teardown_taskflow.py
[2025-05-06T15:10:46.998+0000] {processor.py:914} INFO - Processing file /home/airflow/.local/lib/python3.12/site-packages/airflow/example_dags/example_setup_teardown_taskflow.py for tasks to queue
[2025-05-06T15:10:47.004+0000] {logging_mixin.py:190} INFO - [2025-05-06T15:10:47.003+0000] {dagbag.py:588} INFO - Filling up the DagBag from /home/airflow/.local/lib/python3.12/site-packages/airflow/example_dags/example_setup_teardown_taskflow.py
[2025-05-06T15:10:47.029+0000] {processor.py:925} INFO - DAG(s) 'example_setup_teardown_taskflow' retrieved from /home/airflow/.local/lib/python3.12/site-packages/airflow/example_dags/example_setup_teardown_taskflow.py
[2025-05-06T15:10:47.087+0000] {logging_mixin.py:190} INFO - [2025-05-06T15:10:47.087+0000] {dag.py:3239} INFO - Sync 1 DAGs
[2025-05-06T15:10:47.120+0000] {logging_mixin.py:190} INFO - [2025-05-06T15:10:47.119+0000] {dag.py:4180} INFO - Setting next_dagrun for example_setup_teardown_taskflow to None, run_after=None
[2025-05-06T15:10:47.186+0000] {processor.py:208} INFO - Processing /home/airflow/.local/lib/python3.12/site-packages/airflow/example_dags/example_setup_teardown_taskflow.py took 0.204 seconds
[2025-05-06T15:11:18.024+0000] {processor.py:186} INFO - Started process (PID=18654) to work on /home/airflow/.local/lib/python3.12/site-packages/airflow/example_dags/example_setup_teardown_taskflow.py
[2025-05-06T15:11:18.026+0000] {processor.py:914} INFO - Processing file /home/airflow/.local/lib/python3.12/site-packages/airflow/example_dags/example_setup_teardown_taskflow.py for tasks to queue
[2025-05-06T15:11:18.030+0000] {logging_mixin.py:190} INFO - [2025-05-06T15:11:18.030+0000] {dagbag.py:588} INFO - Filling up the DagBag from /home/airflow/.local/lib/python3.12/site-packages/airflow/example_dags/example_setup_teardown_taskflow.py
[2025-05-06T15:11:18.052+0000] {processor.py:925} INFO - DAG(s) 'example_setup_teardown_taskflow' retrieved from /home/airflow/.local/lib/python3.12/site-packages/airflow/example_dags/example_setup_teardown_taskflow.py
[2025-05-06T15:11:18.099+0000] {logging_mixin.py:190} INFO - [2025-05-06T15:11:18.099+0000] {dag.py:3239} INFO - Sync 1 DAGs
[2025-05-06T15:11:18.125+0000] {logging_mixin.py:190} INFO - [2025-05-06T15:11:18.124+0000] {dag.py:4180} INFO - Setting next_dagrun for example_setup_teardown_taskflow to None, run_after=None
[2025-05-06T15:11:18.176+0000] {processor.py:208} INFO - Processing /home/airflow/.local/lib/python3.12/site-packages/airflow/example_dags/example_setup_teardown_taskflow.py took 0.165 seconds
[2025-05-06T15:11:48.785+0000] {processor.py:186} INFO - Started process (PID=18744) to work on /home/airflow/.local/lib/python3.12/site-packages/airflow/example_dags/example_setup_teardown_taskflow.py
[2025-05-06T15:11:48.787+0000] {processor.py:914} INFO - Processing file /home/airflow/.local/lib/python3.12/site-packages/airflow/example_dags/example_setup_teardown_taskflow.py for tasks to queue
[2025-05-06T15:11:48.793+0000] {logging_mixin.py:190} INFO - [2025-05-06T15:11:48.792+0000] {dagbag.py:588} INFO - Filling up the DagBag from /home/airflow/.local/lib/python3.12/site-packages/airflow/example_dags/example_setup_teardown_taskflow.py
[2025-05-06T15:11:48.814+0000] {processor.py:925} INFO - DAG(s) 'example_setup_teardown_taskflow' retrieved from /home/airflow/.local/lib/python3.12/site-packages/airflow/example_dags/example_setup_teardown_taskflow.py
[2025-05-06T15:11:48.860+0000] {logging_mixin.py:190} INFO - [2025-05-06T15:11:48.859+0000] {dag.py:3239} INFO - Sync 1 DAGs
[2025-05-06T15:11:48.888+0000] {logging_mixin.py:190} INFO - [2025-05-06T15:11:48.887+0000] {dag.py:4180} INFO - Setting next_dagrun for example_setup_teardown_taskflow to None, run_after=None
[2025-05-06T15:11:48.931+0000] {processor.py:208} INFO - Processing /home/airflow/.local/lib/python3.12/site-packages/airflow/example_dags/example_setup_teardown_taskflow.py took 0.156 seconds
[2025-05-06T15:12:19.546+0000] {processor.py:186} INFO - Started process (PID=18834) to work on /home/airflow/.local/lib/python3.12/site-packages/airflow/example_dags/example_setup_teardown_taskflow.py
[2025-05-06T15:12:19.549+0000] {processor.py:914} INFO - Processing file /home/airflow/.local/lib/python3.12/site-packages/airflow/example_dags/example_setup_teardown_taskflow.py for tasks to queue
[2025-05-06T15:12:19.556+0000] {logging_mixin.py:190} INFO - [2025-05-06T15:12:19.555+0000] {dagbag.py:588} INFO - Filling up the DagBag from /home/airflow/.local/lib/python3.12/site-packages/airflow/example_dags/example_setup_teardown_taskflow.py
[2025-05-06T15:12:19.576+0000] {processor.py:925} INFO - DAG(s) 'example_setup_teardown_taskflow' retrieved from /home/airflow/.local/lib/python3.12/site-packages/airflow/example_dags/example_setup_teardown_taskflow.py
[2025-05-06T15:12:19.615+0000] {logging_mixin.py:190} INFO - [2025-05-06T15:12:19.614+0000] {dag.py:3239} INFO - Sync 1 DAGs
[2025-05-06T15:12:19.644+0000] {logging_mixin.py:190} INFO - [2025-05-06T15:12:19.644+0000] {dag.py:4180} INFO - Setting next_dagrun for example_setup_teardown_taskflow to None, run_after=None
[2025-05-06T15:12:19.679+0000] {processor.py:208} INFO - Processing /home/airflow/.local/lib/python3.12/site-packages/airflow/example_dags/example_setup_teardown_taskflow.py took 0.145 seconds
[2025-05-06T15:12:50.269+0000] {processor.py:186} INFO - Started process (PID=18925) to work on /home/airflow/.local/lib/python3.12/site-packages/airflow/example_dags/example_setup_teardown_taskflow.py
[2025-05-06T15:12:50.271+0000] {processor.py:914} INFO - Processing file /home/airflow/.local/lib/python3.12/site-packages/airflow/example_dags/example_setup_teardown_taskflow.py for tasks to queue
[2025-05-06T15:12:50.279+0000] {logging_mixin.py:190} INFO - [2025-05-06T15:12:50.277+0000] {dagbag.py:588} INFO - Filling up the DagBag from /home/airflow/.local/lib/python3.12/site-packages/airflow/example_dags/example_setup_teardown_taskflow.py
[2025-05-06T15:12:50.308+0000] {processor.py:925} INFO - DAG(s) 'example_setup_teardown_taskflow' retrieved from /home/airflow/.local/lib/python3.12/site-packages/airflow/example_dags/example_setup_teardown_taskflow.py
[2025-05-06T15:12:50.358+0000] {logging_mixin.py:190} INFO - [2025-05-06T15:12:50.357+0000] {dag.py:3239} INFO - Sync 1 DAGs
[2025-05-06T15:12:50.396+0000] {logging_mixin.py:190} INFO - [2025-05-06T15:12:50.396+0000] {dag.py:4180} INFO - Setting next_dagrun for example_setup_teardown_taskflow to None, run_after=None
[2025-05-06T15:12:50.450+0000] {processor.py:208} INFO - Processing /home/airflow/.local/lib/python3.12/site-packages/airflow/example_dags/example_setup_teardown_taskflow.py took 0.193 seconds
[2025-05-06T15:13:21.357+0000] {processor.py:186} INFO - Started process (PID=19017) to work on /home/airflow/.local/lib/python3.12/site-packages/airflow/example_dags/example_setup_teardown_taskflow.py
[2025-05-06T15:13:21.359+0000] {processor.py:914} INFO - Processing file /home/airflow/.local/lib/python3.12/site-packages/airflow/example_dags/example_setup_teardown_taskflow.py for tasks to queue
[2025-05-06T15:13:21.367+0000] {logging_mixin.py:190} INFO - [2025-05-06T15:13:21.367+0000] {dagbag.py:588} INFO - Filling up the DagBag from /home/airflow/.local/lib/python3.12/site-packages/airflow/example_dags/example_setup_teardown_taskflow.py
[2025-05-06T15:13:21.387+0000] {processor.py:925} INFO - DAG(s) 'example_setup_teardown_taskflow' retrieved from /home/airflow/.local/lib/python3.12/site-packages/airflow/example_dags/example_setup_teardown_taskflow.py
[2025-05-06T15:13:21.445+0000] {logging_mixin.py:190} INFO - [2025-05-06T15:13:21.445+0000] {dag.py:3239} INFO - Sync 1 DAGs
[2025-05-06T15:13:21.471+0000] {logging_mixin.py:190} INFO - [2025-05-06T15:13:21.471+0000] {dag.py:4180} INFO - Setting next_dagrun for example_setup_teardown_taskflow to None, run_after=None
[2025-05-06T15:13:21.508+0000] {processor.py:208} INFO - Processing /home/airflow/.local/lib/python3.12/site-packages/airflow/example_dags/example_setup_teardown_taskflow.py took 0.164 seconds
[2025-05-06T15:13:55.940+0000] {processor.py:186} INFO - Started process (PID=19111) to work on /home/airflow/.local/lib/python3.12/site-packages/airflow/example_dags/example_setup_teardown_taskflow.py
[2025-05-06T15:13:55.942+0000] {processor.py:914} INFO - Processing file /home/airflow/.local/lib/python3.12/site-packages/airflow/example_dags/example_setup_teardown_taskflow.py for tasks to queue
[2025-05-06T15:13:55.949+0000] {logging_mixin.py:190} INFO - [2025-05-06T15:13:55.949+0000] {dagbag.py:588} INFO - Filling up the DagBag from /home/airflow/.local/lib/python3.12/site-packages/airflow/example_dags/example_setup_teardown_taskflow.py
[2025-05-06T15:13:55.970+0000] {processor.py:925} INFO - DAG(s) 'example_setup_teardown_taskflow' retrieved from /home/airflow/.local/lib/python3.12/site-packages/airflow/example_dags/example_setup_teardown_taskflow.py
[2025-05-06T15:13:56.014+0000] {logging_mixin.py:190} INFO - [2025-05-06T15:13:56.014+0000] {dag.py:3239} INFO - Sync 1 DAGs
[2025-05-06T15:13:56.044+0000] {logging_mixin.py:190} INFO - [2025-05-06T15:13:56.043+0000] {dag.py:4180} INFO - Setting next_dagrun for example_setup_teardown_taskflow to None, run_after=None
[2025-05-06T15:13:56.363+0000] {processor.py:208} INFO - Processing /home/airflow/.local/lib/python3.12/site-packages/airflow/example_dags/example_setup_teardown_taskflow.py took 0.434 seconds
[2025-05-06T15:14:26.502+0000] {processor.py:186} INFO - Started process (PID=19188) to work on /home/airflow/.local/lib/python3.12/site-packages/airflow/example_dags/example_setup_teardown_taskflow.py
[2025-05-06T15:14:26.506+0000] {processor.py:914} INFO - Processing file /home/airflow/.local/lib/python3.12/site-packages/airflow/example_dags/example_setup_teardown_taskflow.py for tasks to queue
[2025-05-06T15:14:26.510+0000] {logging_mixin.py:190} INFO - [2025-05-06T15:14:26.510+0000] {dagbag.py:588} INFO - Filling up the DagBag from /home/airflow/.local/lib/python3.12/site-packages/airflow/example_dags/example_setup_teardown_taskflow.py
[2025-05-06T15:14:26.533+0000] {processor.py:925} INFO - DAG(s) 'example_setup_teardown_taskflow' retrieved from /home/airflow/.local/lib/python3.12/site-packages/airflow/example_dags/example_setup_teardown_taskflow.py
[2025-05-06T15:14:26.576+0000] {logging_mixin.py:190} INFO - [2025-05-06T15:14:26.575+0000] {dag.py:3239} INFO - Sync 1 DAGs
[2025-05-06T15:14:26.608+0000] {logging_mixin.py:190} INFO - [2025-05-06T15:14:26.607+0000] {dag.py:4180} INFO - Setting next_dagrun for example_setup_teardown_taskflow to None, run_after=None
[2025-05-06T15:14:26.962+0000] {processor.py:208} INFO - Processing /home/airflow/.local/lib/python3.12/site-packages/airflow/example_dags/example_setup_teardown_taskflow.py took 0.472 seconds
[2025-05-06T15:14:57.104+0000] {processor.py:186} INFO - Started process (PID=19279) to work on /home/airflow/.local/lib/python3.12/site-packages/airflow/example_dags/example_setup_teardown_taskflow.py
[2025-05-06T15:14:57.107+0000] {processor.py:914} INFO - Processing file /home/airflow/.local/lib/python3.12/site-packages/airflow/example_dags/example_setup_teardown_taskflow.py for tasks to queue
[2025-05-06T15:14:57.113+0000] {logging_mixin.py:190} INFO - [2025-05-06T15:14:57.112+0000] {dagbag.py:588} INFO - Filling up the DagBag from /home/airflow/.local/lib/python3.12/site-packages/airflow/example_dags/example_setup_teardown_taskflow.py
[2025-05-06T15:14:57.144+0000] {processor.py:925} INFO - DAG(s) 'example_setup_teardown_taskflow' retrieved from /home/airflow/.local/lib/python3.12/site-packages/airflow/example_dags/example_setup_teardown_taskflow.py
[2025-05-06T15:14:57.196+0000] {logging_mixin.py:190} INFO - [2025-05-06T15:14:57.196+0000] {dag.py:3239} INFO - Sync 1 DAGs
[2025-05-06T15:14:57.224+0000] {logging_mixin.py:190} INFO - [2025-05-06T15:14:57.224+0000] {dag.py:4180} INFO - Setting next_dagrun for example_setup_teardown_taskflow to None, run_after=None
[2025-05-06T15:14:57.268+0000] {processor.py:208} INFO - Processing /home/airflow/.local/lib/python3.12/site-packages/airflow/example_dags/example_setup_teardown_taskflow.py took 0.175 seconds
[2025-05-06T15:15:27.779+0000] {processor.py:186} INFO - Started process (PID=19370) to work on /home/airflow/.local/lib/python3.12/site-packages/airflow/example_dags/example_setup_teardown_taskflow.py
[2025-05-06T15:15:27.781+0000] {processor.py:914} INFO - Processing file /home/airflow/.local/lib/python3.12/site-packages/airflow/example_dags/example_setup_teardown_taskflow.py for tasks to queue
[2025-05-06T15:15:27.786+0000] {logging_mixin.py:190} INFO - [2025-05-06T15:15:27.786+0000] {dagbag.py:588} INFO - Filling up the DagBag from /home/airflow/.local/lib/python3.12/site-packages/airflow/example_dags/example_setup_teardown_taskflow.py
[2025-05-06T15:15:27.811+0000] {processor.py:925} INFO - DAG(s) 'example_setup_teardown_taskflow' retrieved from /home/airflow/.local/lib/python3.12/site-packages/airflow/example_dags/example_setup_teardown_taskflow.py
[2025-05-06T15:15:27.856+0000] {logging_mixin.py:190} INFO - [2025-05-06T15:15:27.856+0000] {dag.py:3239} INFO - Sync 1 DAGs
[2025-05-06T15:15:27.888+0000] {logging_mixin.py:190} INFO - [2025-05-06T15:15:27.888+0000] {dag.py:4180} INFO - Setting next_dagrun for example_setup_teardown_taskflow to None, run_after=None
[2025-05-06T15:15:27.932+0000] {processor.py:208} INFO - Processing /home/airflow/.local/lib/python3.12/site-packages/airflow/example_dags/example_setup_teardown_taskflow.py took 0.163 seconds
[2025-05-06T15:15:58.821+0000] {processor.py:186} INFO - Started process (PID=19467) to work on /home/airflow/.local/lib/python3.12/site-packages/airflow/example_dags/example_setup_teardown_taskflow.py
[2025-05-06T15:15:58.823+0000] {processor.py:914} INFO - Processing file /home/airflow/.local/lib/python3.12/site-packages/airflow/example_dags/example_setup_teardown_taskflow.py for tasks to queue
[2025-05-06T15:15:58.828+0000] {logging_mixin.py:190} INFO - [2025-05-06T15:15:58.827+0000] {dagbag.py:588} INFO - Filling up the DagBag from /home/airflow/.local/lib/python3.12/site-packages/airflow/example_dags/example_setup_teardown_taskflow.py
[2025-05-06T15:15:58.852+0000] {processor.py:925} INFO - DAG(s) 'example_setup_teardown_taskflow' retrieved from /home/airflow/.local/lib/python3.12/site-packages/airflow/example_dags/example_setup_teardown_taskflow.py
[2025-05-06T15:15:58.900+0000] {logging_mixin.py:190} INFO - [2025-05-06T15:15:58.899+0000] {dag.py:3239} INFO - Sync 1 DAGs
[2025-05-06T15:15:58.933+0000] {logging_mixin.py:190} INFO - [2025-05-06T15:15:58.933+0000] {dag.py:4180} INFO - Setting next_dagrun for example_setup_teardown_taskflow to None, run_after=None
[2025-05-06T15:15:58.990+0000] {processor.py:208} INFO - Processing /home/airflow/.local/lib/python3.12/site-packages/airflow/example_dags/example_setup_teardown_taskflow.py took 0.182 seconds
[2025-05-06T15:16:29.353+0000] {processor.py:186} INFO - Started process (PID=19558) to work on /home/airflow/.local/lib/python3.12/site-packages/airflow/example_dags/example_setup_teardown_taskflow.py
[2025-05-06T15:16:29.355+0000] {processor.py:914} INFO - Processing file /home/airflow/.local/lib/python3.12/site-packages/airflow/example_dags/example_setup_teardown_taskflow.py for tasks to queue
[2025-05-06T15:16:29.359+0000] {logging_mixin.py:190} INFO - [2025-05-06T15:16:29.358+0000] {dagbag.py:588} INFO - Filling up the DagBag from /home/airflow/.local/lib/python3.12/site-packages/airflow/example_dags/example_setup_teardown_taskflow.py
[2025-05-06T15:16:29.693+0000] {processor.py:925} INFO - DAG(s) 'example_setup_teardown_taskflow' retrieved from /home/airflow/.local/lib/python3.12/site-packages/airflow/example_dags/example_setup_teardown_taskflow.py
[2025-05-06T15:16:29.734+0000] {logging_mixin.py:190} INFO - [2025-05-06T15:16:29.733+0000] {dag.py:3239} INFO - Sync 1 DAGs
[2025-05-06T15:16:29.762+0000] {logging_mixin.py:190} INFO - [2025-05-06T15:16:29.761+0000] {dag.py:4180} INFO - Setting next_dagrun for example_setup_teardown_taskflow to None, run_after=None
[2025-05-06T15:16:29.816+0000] {processor.py:208} INFO - Processing /home/airflow/.local/lib/python3.12/site-packages/airflow/example_dags/example_setup_teardown_taskflow.py took 0.475 seconds
[2025-05-06T15:17:00.820+0000] {processor.py:186} INFO - Started process (PID=19650) to work on /home/airflow/.local/lib/python3.12/site-packages/airflow/example_dags/example_setup_teardown_taskflow.py
[2025-05-06T15:17:00.823+0000] {processor.py:914} INFO - Processing file /home/airflow/.local/lib/python3.12/site-packages/airflow/example_dags/example_setup_teardown_taskflow.py for tasks to queue
[2025-05-06T15:17:00.829+0000] {logging_mixin.py:190} INFO - [2025-05-06T15:17:00.829+0000] {dagbag.py:588} INFO - Filling up the DagBag from /home/airflow/.local/lib/python3.12/site-packages/airflow/example_dags/example_setup_teardown_taskflow.py
[2025-05-06T15:17:00.848+0000] {processor.py:925} INFO - DAG(s) 'example_setup_teardown_taskflow' retrieved from /home/airflow/.local/lib/python3.12/site-packages/airflow/example_dags/example_setup_teardown_taskflow.py
[2025-05-06T15:17:00.898+0000] {logging_mixin.py:190} INFO - [2025-05-06T15:17:00.897+0000] {dag.py:3239} INFO - Sync 1 DAGs
[2025-05-06T15:17:00.932+0000] {logging_mixin.py:190} INFO - [2025-05-06T15:17:00.931+0000] {dag.py:4180} INFO - Setting next_dagrun for example_setup_teardown_taskflow to None, run_after=None
[2025-05-06T15:17:00.982+0000] {processor.py:208} INFO - Processing /home/airflow/.local/lib/python3.12/site-packages/airflow/example_dags/example_setup_teardown_taskflow.py took 0.173 seconds
[2025-05-06T15:17:31.162+0000] {processor.py:186} INFO - Started process (PID=19727) to work on /home/airflow/.local/lib/python3.12/site-packages/airflow/example_dags/example_setup_teardown_taskflow.py
[2025-05-06T15:17:31.167+0000] {processor.py:914} INFO - Processing file /home/airflow/.local/lib/python3.12/site-packages/airflow/example_dags/example_setup_teardown_taskflow.py for tasks to queue
[2025-05-06T15:17:31.173+0000] {logging_mixin.py:190} INFO - [2025-05-06T15:17:31.172+0000] {dagbag.py:588} INFO - Filling up the DagBag from /home/airflow/.local/lib/python3.12/site-packages/airflow/example_dags/example_setup_teardown_taskflow.py
[2025-05-06T15:17:31.195+0000] {processor.py:925} INFO - DAG(s) 'example_setup_teardown_taskflow' retrieved from /home/airflow/.local/lib/python3.12/site-packages/airflow/example_dags/example_setup_teardown_taskflow.py
[2025-05-06T15:17:31.247+0000] {logging_mixin.py:190} INFO - [2025-05-06T15:17:31.247+0000] {dag.py:3239} INFO - Sync 1 DAGs
[2025-05-06T15:17:31.281+0000] {logging_mixin.py:190} INFO - [2025-05-06T15:17:31.280+0000] {dag.py:4180} INFO - Setting next_dagrun for example_setup_teardown_taskflow to None, run_after=None
[2025-05-06T15:17:31.345+0000] {processor.py:208} INFO - Processing /home/airflow/.local/lib/python3.12/site-packages/airflow/example_dags/example_setup_teardown_taskflow.py took 0.200 seconds
[2025-05-06T15:18:01.469+0000] {processor.py:186} INFO - Started process (PID=19818) to work on /home/airflow/.local/lib/python3.12/site-packages/airflow/example_dags/example_setup_teardown_taskflow.py
[2025-05-06T15:18:01.471+0000] {processor.py:914} INFO - Processing file /home/airflow/.local/lib/python3.12/site-packages/airflow/example_dags/example_setup_teardown_taskflow.py for tasks to queue
[2025-05-06T15:18:01.476+0000] {logging_mixin.py:190} INFO - [2025-05-06T15:18:01.476+0000] {dagbag.py:588} INFO - Filling up the DagBag from /home/airflow/.local/lib/python3.12/site-packages/airflow/example_dags/example_setup_teardown_taskflow.py
[2025-05-06T15:18:01.502+0000] {processor.py:925} INFO - DAG(s) 'example_setup_teardown_taskflow' retrieved from /home/airflow/.local/lib/python3.12/site-packages/airflow/example_dags/example_setup_teardown_taskflow.py
[2025-05-06T15:18:01.554+0000] {logging_mixin.py:190} INFO - [2025-05-06T15:18:01.553+0000] {dag.py:3239} INFO - Sync 1 DAGs
[2025-05-06T15:18:01.595+0000] {logging_mixin.py:190} INFO - [2025-05-06T15:18:01.595+0000] {dag.py:4180} INFO - Setting next_dagrun for example_setup_teardown_taskflow to None, run_after=None
[2025-05-06T15:18:01.626+0000] {processor.py:208} INFO - Processing /home/airflow/.local/lib/python3.12/site-packages/airflow/example_dags/example_setup_teardown_taskflow.py took 0.172 seconds
