[2025-05-06T14:48:22.064+0000] {processor.py:186} INFO - Started process (PID=14883) to work on /home/airflow/.local/lib/python3.12/site-packages/airflow/example_dags/example_external_task_marker_dag.py
[2025-05-06T14:48:22.066+0000] {processor.py:914} INFO - Processing file /home/airflow/.local/lib/python3.12/site-packages/airflow/example_dags/example_external_task_marker_dag.py for tasks to queue
[2025-05-06T14:48:22.069+0000] {logging_mixin.py:190} INFO - [2025-05-06T14:48:22.068+0000] {dagbag.py:588} INFO - Filling up the DagBag from /home/airflow/.local/lib/python3.12/site-packages/airflow/example_dags/example_external_task_marker_dag.py
[2025-05-06T14:48:22.078+0000] {processor.py:925} INFO - DAG(s) 'example_external_task_marker_child', 'example_external_task_marker_parent' retrieved from /home/airflow/.local/lib/python3.12/site-packages/airflow/example_dags/example_external_task_marker_dag.py
[2025-05-06T14:48:22.109+0000] {logging_mixin.py:190} INFO - [2025-05-06T14:48:22.109+0000] {dag.py:3239} INFO - Sync 2 DAGs
[2025-05-06T14:48:22.125+0000] {logging_mixin.py:190} INFO - [2025-05-06T14:48:22.125+0000] {dag.py:4180} INFO - Setting next_dagrun for example_external_task_marker_child to None, run_after=None
[2025-05-06T14:48:22.130+0000] {logging_mixin.py:190} INFO - [2025-05-06T14:48:22.129+0000] {dag.py:4180} INFO - Setting next_dagrun for example_external_task_marker_parent to None, run_after=None
[2025-05-06T14:48:22.151+0000] {processor.py:208} INFO - Processing /home/airflow/.local/lib/python3.12/site-packages/airflow/example_dags/example_external_task_marker_dag.py took 0.092 seconds
[2025-05-06T14:49:05.435+0000] {processor.py:186} INFO - Started process (PID=14980) to work on /home/airflow/.local/lib/python3.12/site-packages/airflow/example_dags/example_external_task_marker_dag.py
[2025-05-06T14:49:05.444+0000] {processor.py:914} INFO - Processing file /home/airflow/.local/lib/python3.12/site-packages/airflow/example_dags/example_external_task_marker_dag.py for tasks to queue
[2025-05-06T14:49:05.463+0000] {logging_mixin.py:190} INFO - [2025-05-06T14:49:05.461+0000] {dagbag.py:588} INFO - Filling up the DagBag from /home/airflow/.local/lib/python3.12/site-packages/airflow/example_dags/example_external_task_marker_dag.py
[2025-05-06T14:49:05.532+0000] {processor.py:925} INFO - DAG(s) 'example_external_task_marker_parent', 'example_external_task_marker_child' retrieved from /home/airflow/.local/lib/python3.12/site-packages/airflow/example_dags/example_external_task_marker_dag.py
[2025-05-06T14:49:05.746+0000] {logging_mixin.py:190} INFO - [2025-05-06T14:49:05.743+0000] {dag.py:3239} INFO - Sync 2 DAGs
[2025-05-06T14:49:05.949+0000] {logging_mixin.py:190} INFO - [2025-05-06T14:49:05.946+0000] {dag.py:4180} INFO - Setting next_dagrun for example_external_task_marker_child to None, run_after=None
[2025-05-06T14:49:06.013+0000] {logging_mixin.py:190} INFO - [2025-05-06T14:49:06.011+0000] {dag.py:4180} INFO - Setting next_dagrun for example_external_task_marker_parent to None, run_after=None
[2025-05-06T14:49:06.196+0000] {processor.py:208} INFO - Processing /home/airflow/.local/lib/python3.12/site-packages/airflow/example_dags/example_external_task_marker_dag.py took 0.811 seconds
[2025-05-06T14:50:29.488+0000] {processor.py:186} INFO - Started process (PID=15084) to work on /home/airflow/.local/lib/python3.12/site-packages/airflow/example_dags/example_external_task_marker_dag.py
[2025-05-06T14:50:29.496+0000] {processor.py:914} INFO - Processing file /home/airflow/.local/lib/python3.12/site-packages/airflow/example_dags/example_external_task_marker_dag.py for tasks to queue
[2025-05-06T14:50:29.512+0000] {logging_mixin.py:190} INFO - [2025-05-06T14:50:29.508+0000] {dagbag.py:588} INFO - Filling up the DagBag from /home/airflow/.local/lib/python3.12/site-packages/airflow/example_dags/example_external_task_marker_dag.py
[2025-05-06T14:50:29.584+0000] {processor.py:925} INFO - DAG(s) 'example_external_task_marker_child', 'example_external_task_marker_parent' retrieved from /home/airflow/.local/lib/python3.12/site-packages/airflow/example_dags/example_external_task_marker_dag.py
[2025-05-06T14:50:29.789+0000] {logging_mixin.py:190} INFO - [2025-05-06T14:50:29.787+0000] {dag.py:3239} INFO - Sync 2 DAGs
[2025-05-06T14:50:29.905+0000] {logging_mixin.py:190} INFO - [2025-05-06T14:50:29.904+0000] {dag.py:4180} INFO - Setting next_dagrun for example_external_task_marker_child to None, run_after=None
[2025-05-06T14:50:29.949+0000] {logging_mixin.py:190} INFO - [2025-05-06T14:50:29.947+0000] {dag.py:4180} INFO - Setting next_dagrun for example_external_task_marker_parent to None, run_after=None
[2025-05-06T14:50:30.131+0000] {processor.py:208} INFO - Processing /home/airflow/.local/lib/python3.12/site-packages/airflow/example_dags/example_external_task_marker_dag.py took 0.689 seconds
[2025-05-06T14:51:00.615+0000] {processor.py:186} INFO - Started process (PID=15175) to work on /home/airflow/.local/lib/python3.12/site-packages/airflow/example_dags/example_external_task_marker_dag.py
[2025-05-06T14:51:00.617+0000] {processor.py:914} INFO - Processing file /home/airflow/.local/lib/python3.12/site-packages/airflow/example_dags/example_external_task_marker_dag.py for tasks to queue
[2025-05-06T14:51:00.622+0000] {logging_mixin.py:190} INFO - [2025-05-06T14:51:00.621+0000] {dagbag.py:588} INFO - Filling up the DagBag from /home/airflow/.local/lib/python3.12/site-packages/airflow/example_dags/example_external_task_marker_dag.py
[2025-05-06T14:51:00.637+0000] {processor.py:925} INFO - DAG(s) 'example_external_task_marker_child', 'example_external_task_marker_parent' retrieved from /home/airflow/.local/lib/python3.12/site-packages/airflow/example_dags/example_external_task_marker_dag.py
[2025-05-06T14:51:00.681+0000] {logging_mixin.py:190} INFO - [2025-05-06T14:51:00.680+0000] {dag.py:3239} INFO - Sync 2 DAGs
[2025-05-06T14:51:00.713+0000] {logging_mixin.py:190} INFO - [2025-05-06T14:51:00.712+0000] {dag.py:4180} INFO - Setting next_dagrun for example_external_task_marker_child to None, run_after=None
[2025-05-06T14:51:00.720+0000] {logging_mixin.py:190} INFO - [2025-05-06T14:51:00.720+0000] {dag.py:4180} INFO - Setting next_dagrun for example_external_task_marker_parent to None, run_after=None
[2025-05-06T14:51:00.757+0000] {processor.py:208} INFO - Processing /home/airflow/.local/lib/python3.12/site-packages/airflow/example_dags/example_external_task_marker_dag.py took 0.153 seconds
[2025-05-06T14:51:31.455+0000] {processor.py:186} INFO - Started process (PID=15266) to work on /home/airflow/.local/lib/python3.12/site-packages/airflow/example_dags/example_external_task_marker_dag.py
[2025-05-06T14:51:31.457+0000] {processor.py:914} INFO - Processing file /home/airflow/.local/lib/python3.12/site-packages/airflow/example_dags/example_external_task_marker_dag.py for tasks to queue
[2025-05-06T14:51:31.463+0000] {logging_mixin.py:190} INFO - [2025-05-06T14:51:31.462+0000] {dagbag.py:588} INFO - Filling up the DagBag from /home/airflow/.local/lib/python3.12/site-packages/airflow/example_dags/example_external_task_marker_dag.py
[2025-05-06T14:51:31.478+0000] {processor.py:925} INFO - DAG(s) 'example_external_task_marker_child', 'example_external_task_marker_parent' retrieved from /home/airflow/.local/lib/python3.12/site-packages/airflow/example_dags/example_external_task_marker_dag.py
[2025-05-06T14:51:31.522+0000] {logging_mixin.py:190} INFO - [2025-05-06T14:51:31.521+0000] {dag.py:3239} INFO - Sync 2 DAGs
[2025-05-06T14:51:31.551+0000] {logging_mixin.py:190} INFO - [2025-05-06T14:51:31.551+0000] {dag.py:4180} INFO - Setting next_dagrun for example_external_task_marker_child to None, run_after=None
[2025-05-06T14:51:31.560+0000] {logging_mixin.py:190} INFO - [2025-05-06T14:51:31.559+0000] {dag.py:4180} INFO - Setting next_dagrun for example_external_task_marker_parent to None, run_after=None
[2025-05-06T14:51:31.606+0000] {processor.py:208} INFO - Processing /home/airflow/.local/lib/python3.12/site-packages/airflow/example_dags/example_external_task_marker_dag.py took 0.162 seconds
[2025-05-06T14:52:02.584+0000] {processor.py:186} INFO - Started process (PID=15357) to work on /home/airflow/.local/lib/python3.12/site-packages/airflow/example_dags/example_external_task_marker_dag.py
[2025-05-06T14:52:02.586+0000] {processor.py:914} INFO - Processing file /home/airflow/.local/lib/python3.12/site-packages/airflow/example_dags/example_external_task_marker_dag.py for tasks to queue
[2025-05-06T14:52:02.590+0000] {logging_mixin.py:190} INFO - [2025-05-06T14:52:02.590+0000] {dagbag.py:588} INFO - Filling up the DagBag from /home/airflow/.local/lib/python3.12/site-packages/airflow/example_dags/example_external_task_marker_dag.py
[2025-05-06T14:52:02.607+0000] {processor.py:925} INFO - DAG(s) 'example_external_task_marker_parent', 'example_external_task_marker_child' retrieved from /home/airflow/.local/lib/python3.12/site-packages/airflow/example_dags/example_external_task_marker_dag.py
[2025-05-06T14:52:02.659+0000] {logging_mixin.py:190} INFO - [2025-05-06T14:52:02.658+0000] {dag.py:3239} INFO - Sync 2 DAGs
[2025-05-06T14:52:02.688+0000] {logging_mixin.py:190} INFO - [2025-05-06T14:52:02.688+0000] {dag.py:4180} INFO - Setting next_dagrun for example_external_task_marker_child to None, run_after=None
[2025-05-06T14:52:02.698+0000] {logging_mixin.py:190} INFO - [2025-05-06T14:52:02.697+0000] {dag.py:4180} INFO - Setting next_dagrun for example_external_task_marker_parent to None, run_after=None
[2025-05-06T14:52:02.731+0000] {processor.py:208} INFO - Processing /home/airflow/.local/lib/python3.12/site-packages/airflow/example_dags/example_external_task_marker_dag.py took 0.160 seconds
[2025-05-06T14:52:34.490+0000] {processor.py:186} INFO - Started process (PID=15448) to work on /home/airflow/.local/lib/python3.12/site-packages/airflow/example_dags/example_external_task_marker_dag.py
[2025-05-06T14:52:34.492+0000] {processor.py:914} INFO - Processing file /home/airflow/.local/lib/python3.12/site-packages/airflow/example_dags/example_external_task_marker_dag.py for tasks to queue
[2025-05-06T14:52:34.500+0000] {logging_mixin.py:190} INFO - [2025-05-06T14:52:34.499+0000] {dagbag.py:588} INFO - Filling up the DagBag from /home/airflow/.local/lib/python3.12/site-packages/airflow/example_dags/example_external_task_marker_dag.py
[2025-05-06T14:52:34.518+0000] {processor.py:925} INFO - DAG(s) 'example_external_task_marker_parent', 'example_external_task_marker_child' retrieved from /home/airflow/.local/lib/python3.12/site-packages/airflow/example_dags/example_external_task_marker_dag.py
[2025-05-06T14:52:34.569+0000] {logging_mixin.py:190} INFO - [2025-05-06T14:52:34.568+0000] {dag.py:3239} INFO - Sync 2 DAGs
[2025-05-06T14:52:34.601+0000] {logging_mixin.py:190} INFO - [2025-05-06T14:52:34.600+0000] {dag.py:4180} INFO - Setting next_dagrun for example_external_task_marker_child to None, run_after=None
[2025-05-06T14:52:34.611+0000] {logging_mixin.py:190} INFO - [2025-05-06T14:52:34.610+0000] {dag.py:4180} INFO - Setting next_dagrun for example_external_task_marker_parent to None, run_after=None
[2025-05-06T14:52:34.670+0000] {processor.py:208} INFO - Processing /home/airflow/.local/lib/python3.12/site-packages/airflow/example_dags/example_external_task_marker_dag.py took 0.192 seconds
[2025-05-06T14:53:04.755+0000] {processor.py:186} INFO - Started process (PID=15525) to work on /home/airflow/.local/lib/python3.12/site-packages/airflow/example_dags/example_external_task_marker_dag.py
[2025-05-06T14:53:04.757+0000] {processor.py:914} INFO - Processing file /home/airflow/.local/lib/python3.12/site-packages/airflow/example_dags/example_external_task_marker_dag.py for tasks to queue
[2025-05-06T14:53:04.763+0000] {logging_mixin.py:190} INFO - [2025-05-06T14:53:04.762+0000] {dagbag.py:588} INFO - Filling up the DagBag from /home/airflow/.local/lib/python3.12/site-packages/airflow/example_dags/example_external_task_marker_dag.py
[2025-05-06T14:53:04.777+0000] {processor.py:925} INFO - DAG(s) 'example_external_task_marker_child', 'example_external_task_marker_parent' retrieved from /home/airflow/.local/lib/python3.12/site-packages/airflow/example_dags/example_external_task_marker_dag.py
[2025-05-06T14:53:04.824+0000] {logging_mixin.py:190} INFO - [2025-05-06T14:53:04.824+0000] {dag.py:3239} INFO - Sync 2 DAGs
[2025-05-06T14:53:04.856+0000] {logging_mixin.py:190} INFO - [2025-05-06T14:53:04.855+0000] {dag.py:4180} INFO - Setting next_dagrun for example_external_task_marker_child to None, run_after=None
[2025-05-06T14:53:04.866+0000] {logging_mixin.py:190} INFO - [2025-05-06T14:53:04.865+0000] {dag.py:4180} INFO - Setting next_dagrun for example_external_task_marker_parent to None, run_after=None
[2025-05-06T14:53:04.910+0000] {processor.py:208} INFO - Processing /home/airflow/.local/lib/python3.12/site-packages/airflow/example_dags/example_external_task_marker_dag.py took 0.169 seconds
[2025-05-06T14:53:35.779+0000] {processor.py:186} INFO - Started process (PID=15616) to work on /home/airflow/.local/lib/python3.12/site-packages/airflow/example_dags/example_external_task_marker_dag.py
[2025-05-06T14:53:35.780+0000] {processor.py:914} INFO - Processing file /home/airflow/.local/lib/python3.12/site-packages/airflow/example_dags/example_external_task_marker_dag.py for tasks to queue
[2025-05-06T14:53:35.784+0000] {logging_mixin.py:190} INFO - [2025-05-06T14:53:35.783+0000] {dagbag.py:588} INFO - Filling up the DagBag from /home/airflow/.local/lib/python3.12/site-packages/airflow/example_dags/example_external_task_marker_dag.py
[2025-05-06T14:53:35.799+0000] {processor.py:925} INFO - DAG(s) 'example_external_task_marker_parent', 'example_external_task_marker_child' retrieved from /home/airflow/.local/lib/python3.12/site-packages/airflow/example_dags/example_external_task_marker_dag.py
[2025-05-06T14:53:35.836+0000] {logging_mixin.py:190} INFO - [2025-05-06T14:53:35.836+0000] {dag.py:3239} INFO - Sync 2 DAGs
[2025-05-06T14:53:35.863+0000] {logging_mixin.py:190} INFO - [2025-05-06T14:53:35.863+0000] {dag.py:4180} INFO - Setting next_dagrun for example_external_task_marker_child to None, run_after=None
[2025-05-06T14:53:35.871+0000] {logging_mixin.py:190} INFO - [2025-05-06T14:53:35.870+0000] {dag.py:4180} INFO - Setting next_dagrun for example_external_task_marker_parent to None, run_after=None
[2025-05-06T14:53:35.901+0000] {processor.py:208} INFO - Processing /home/airflow/.local/lib/python3.12/site-packages/airflow/example_dags/example_external_task_marker_dag.py took 0.134 seconds
[2025-05-06T14:54:08.164+0000] {processor.py:186} INFO - Started process (PID=15707) to work on /home/airflow/.local/lib/python3.12/site-packages/airflow/example_dags/example_external_task_marker_dag.py
[2025-05-06T14:54:08.166+0000] {processor.py:914} INFO - Processing file /home/airflow/.local/lib/python3.12/site-packages/airflow/example_dags/example_external_task_marker_dag.py for tasks to queue
[2025-05-06T14:54:08.171+0000] {logging_mixin.py:190} INFO - [2025-05-06T14:54:08.170+0000] {dagbag.py:588} INFO - Filling up the DagBag from /home/airflow/.local/lib/python3.12/site-packages/airflow/example_dags/example_external_task_marker_dag.py
[2025-05-06T14:54:08.187+0000] {processor.py:925} INFO - DAG(s) 'example_external_task_marker_child', 'example_external_task_marker_parent' retrieved from /home/airflow/.local/lib/python3.12/site-packages/airflow/example_dags/example_external_task_marker_dag.py
[2025-05-06T14:54:08.244+0000] {logging_mixin.py:190} INFO - [2025-05-06T14:54:08.243+0000] {dag.py:3239} INFO - Sync 2 DAGs
[2025-05-06T14:54:08.278+0000] {logging_mixin.py:190} INFO - [2025-05-06T14:54:08.277+0000] {dag.py:4180} INFO - Setting next_dagrun for example_external_task_marker_child to None, run_after=None
[2025-05-06T14:54:08.286+0000] {logging_mixin.py:190} INFO - [2025-05-06T14:54:08.286+0000] {dag.py:4180} INFO - Setting next_dagrun for example_external_task_marker_parent to None, run_after=None
[2025-05-06T14:54:08.323+0000] {processor.py:208} INFO - Processing /home/airflow/.local/lib/python3.12/site-packages/airflow/example_dags/example_external_task_marker_dag.py took 0.172 seconds
[2025-05-06T14:54:40.790+0000] {processor.py:186} INFO - Started process (PID=15798) to work on /home/airflow/.local/lib/python3.12/site-packages/airflow/example_dags/example_external_task_marker_dag.py
[2025-05-06T14:54:40.794+0000] {processor.py:914} INFO - Processing file /home/airflow/.local/lib/python3.12/site-packages/airflow/example_dags/example_external_task_marker_dag.py for tasks to queue
[2025-05-06T14:54:40.799+0000] {logging_mixin.py:190} INFO - [2025-05-06T14:54:40.799+0000] {dagbag.py:588} INFO - Filling up the DagBag from /home/airflow/.local/lib/python3.12/site-packages/airflow/example_dags/example_external_task_marker_dag.py
[2025-05-06T14:54:40.814+0000] {processor.py:925} INFO - DAG(s) 'example_external_task_marker_child', 'example_external_task_marker_parent' retrieved from /home/airflow/.local/lib/python3.12/site-packages/airflow/example_dags/example_external_task_marker_dag.py
[2025-05-06T14:54:40.853+0000] {logging_mixin.py:190} INFO - [2025-05-06T14:54:40.853+0000] {dag.py:3239} INFO - Sync 2 DAGs
[2025-05-06T14:54:40.883+0000] {logging_mixin.py:190} INFO - [2025-05-06T14:54:40.882+0000] {dag.py:4180} INFO - Setting next_dagrun for example_external_task_marker_child to None, run_after=None
[2025-05-06T14:54:40.895+0000] {logging_mixin.py:190} INFO - [2025-05-06T14:54:40.894+0000] {dag.py:4180} INFO - Setting next_dagrun for example_external_task_marker_parent to None, run_after=None
[2025-05-06T14:54:40.924+0000] {processor.py:208} INFO - Processing /home/airflow/.local/lib/python3.12/site-packages/airflow/example_dags/example_external_task_marker_dag.py took 0.145 seconds
[2025-05-06T14:55:12.656+0000] {processor.py:186} INFO - Started process (PID=15889) to work on /home/airflow/.local/lib/python3.12/site-packages/airflow/example_dags/example_external_task_marker_dag.py
[2025-05-06T14:55:12.658+0000] {processor.py:914} INFO - Processing file /home/airflow/.local/lib/python3.12/site-packages/airflow/example_dags/example_external_task_marker_dag.py for tasks to queue
[2025-05-06T14:55:12.663+0000] {logging_mixin.py:190} INFO - [2025-05-06T14:55:12.662+0000] {dagbag.py:588} INFO - Filling up the DagBag from /home/airflow/.local/lib/python3.12/site-packages/airflow/example_dags/example_external_task_marker_dag.py
[2025-05-06T14:55:12.680+0000] {processor.py:925} INFO - DAG(s) 'example_external_task_marker_child', 'example_external_task_marker_parent' retrieved from /home/airflow/.local/lib/python3.12/site-packages/airflow/example_dags/example_external_task_marker_dag.py
[2025-05-06T14:55:12.726+0000] {logging_mixin.py:190} INFO - [2025-05-06T14:55:12.726+0000] {dag.py:3239} INFO - Sync 2 DAGs
[2025-05-06T14:55:12.760+0000] {logging_mixin.py:190} INFO - [2025-05-06T14:55:12.760+0000] {dag.py:4180} INFO - Setting next_dagrun for example_external_task_marker_child to None, run_after=None
[2025-05-06T14:55:12.769+0000] {logging_mixin.py:190} INFO - [2025-05-06T14:55:12.768+0000] {dag.py:4180} INFO - Setting next_dagrun for example_external_task_marker_parent to None, run_after=None
[2025-05-06T14:55:12.822+0000] {processor.py:208} INFO - Processing /home/airflow/.local/lib/python3.12/site-packages/airflow/example_dags/example_external_task_marker_dag.py took 0.178 seconds
[2025-05-06T14:55:43.250+0000] {processor.py:186} INFO - Started process (PID=15966) to work on /home/airflow/.local/lib/python3.12/site-packages/airflow/example_dags/example_external_task_marker_dag.py
[2025-05-06T14:55:43.253+0000] {processor.py:914} INFO - Processing file /home/airflow/.local/lib/python3.12/site-packages/airflow/example_dags/example_external_task_marker_dag.py for tasks to queue
[2025-05-06T14:55:43.257+0000] {logging_mixin.py:190} INFO - [2025-05-06T14:55:43.257+0000] {dagbag.py:588} INFO - Filling up the DagBag from /home/airflow/.local/lib/python3.12/site-packages/airflow/example_dags/example_external_task_marker_dag.py
[2025-05-06T14:55:43.273+0000] {processor.py:925} INFO - DAG(s) 'example_external_task_marker_parent', 'example_external_task_marker_child' retrieved from /home/airflow/.local/lib/python3.12/site-packages/airflow/example_dags/example_external_task_marker_dag.py
[2025-05-06T14:55:43.321+0000] {logging_mixin.py:190} INFO - [2025-05-06T14:55:43.320+0000] {dag.py:3239} INFO - Sync 2 DAGs
[2025-05-06T14:55:43.350+0000] {logging_mixin.py:190} INFO - [2025-05-06T14:55:43.350+0000] {dag.py:4180} INFO - Setting next_dagrun for example_external_task_marker_child to None, run_after=None
[2025-05-06T14:55:43.359+0000] {logging_mixin.py:190} INFO - [2025-05-06T14:55:43.359+0000] {dag.py:4180} INFO - Setting next_dagrun for example_external_task_marker_parent to None, run_after=None
[2025-05-06T14:55:43.413+0000] {processor.py:208} INFO - Processing /home/airflow/.local/lib/python3.12/site-packages/airflow/example_dags/example_external_task_marker_dag.py took 0.178 seconds
[2025-05-06T14:56:13.538+0000] {processor.py:186} INFO - Started process (PID=16056) to work on /home/airflow/.local/lib/python3.12/site-packages/airflow/example_dags/example_external_task_marker_dag.py
[2025-05-06T14:56:13.540+0000] {processor.py:914} INFO - Processing file /home/airflow/.local/lib/python3.12/site-packages/airflow/example_dags/example_external_task_marker_dag.py for tasks to queue
[2025-05-06T14:56:13.545+0000] {logging_mixin.py:190} INFO - [2025-05-06T14:56:13.544+0000] {dagbag.py:588} INFO - Filling up the DagBag from /home/airflow/.local/lib/python3.12/site-packages/airflow/example_dags/example_external_task_marker_dag.py
[2025-05-06T14:56:13.561+0000] {processor.py:925} INFO - DAG(s) 'example_external_task_marker_parent', 'example_external_task_marker_child' retrieved from /home/airflow/.local/lib/python3.12/site-packages/airflow/example_dags/example_external_task_marker_dag.py
[2025-05-06T14:56:13.609+0000] {logging_mixin.py:190} INFO - [2025-05-06T14:56:13.609+0000] {dag.py:3239} INFO - Sync 2 DAGs
[2025-05-06T14:56:13.640+0000] {logging_mixin.py:190} INFO - [2025-05-06T14:56:13.639+0000] {dag.py:4180} INFO - Setting next_dagrun for example_external_task_marker_child to None, run_after=None
[2025-05-06T14:56:13.648+0000] {logging_mixin.py:190} INFO - [2025-05-06T14:56:13.647+0000] {dag.py:4180} INFO - Setting next_dagrun for example_external_task_marker_parent to None, run_after=None
[2025-05-06T14:56:13.679+0000] {processor.py:208} INFO - Processing /home/airflow/.local/lib/python3.12/site-packages/airflow/example_dags/example_external_task_marker_dag.py took 0.154 seconds
[2025-05-06T14:56:44.049+0000] {processor.py:186} INFO - Started process (PID=16147) to work on /home/airflow/.local/lib/python3.12/site-packages/airflow/example_dags/example_external_task_marker_dag.py
[2025-05-06T14:56:44.051+0000] {processor.py:914} INFO - Processing file /home/airflow/.local/lib/python3.12/site-packages/airflow/example_dags/example_external_task_marker_dag.py for tasks to queue
[2025-05-06T14:56:44.056+0000] {logging_mixin.py:190} INFO - [2025-05-06T14:56:44.055+0000] {dagbag.py:588} INFO - Filling up the DagBag from /home/airflow/.local/lib/python3.12/site-packages/airflow/example_dags/example_external_task_marker_dag.py
[2025-05-06T14:56:44.073+0000] {processor.py:925} INFO - DAG(s) 'example_external_task_marker_parent', 'example_external_task_marker_child' retrieved from /home/airflow/.local/lib/python3.12/site-packages/airflow/example_dags/example_external_task_marker_dag.py
[2025-05-06T14:56:44.116+0000] {logging_mixin.py:190} INFO - [2025-05-06T14:56:44.115+0000] {dag.py:3239} INFO - Sync 2 DAGs
[2025-05-06T14:56:44.148+0000] {logging_mixin.py:190} INFO - [2025-05-06T14:56:44.148+0000] {dag.py:4180} INFO - Setting next_dagrun for example_external_task_marker_child to None, run_after=None
[2025-05-06T14:56:44.158+0000] {logging_mixin.py:190} INFO - [2025-05-06T14:56:44.157+0000] {dag.py:4180} INFO - Setting next_dagrun for example_external_task_marker_parent to None, run_after=None
[2025-05-06T14:56:44.190+0000] {processor.py:208} INFO - Processing /home/airflow/.local/lib/python3.12/site-packages/airflow/example_dags/example_external_task_marker_dag.py took 0.153 seconds
[2025-05-06T14:57:14.834+0000] {processor.py:186} INFO - Started process (PID=16238) to work on /home/airflow/.local/lib/python3.12/site-packages/airflow/example_dags/example_external_task_marker_dag.py
[2025-05-06T14:57:14.836+0000] {processor.py:914} INFO - Processing file /home/airflow/.local/lib/python3.12/site-packages/airflow/example_dags/example_external_task_marker_dag.py for tasks to queue
[2025-05-06T14:57:14.840+0000] {logging_mixin.py:190} INFO - [2025-05-06T14:57:14.839+0000] {dagbag.py:588} INFO - Filling up the DagBag from /home/airflow/.local/lib/python3.12/site-packages/airflow/example_dags/example_external_task_marker_dag.py
[2025-05-06T14:57:14.851+0000] {processor.py:925} INFO - DAG(s) 'example_external_task_marker_parent', 'example_external_task_marker_child' retrieved from /home/airflow/.local/lib/python3.12/site-packages/airflow/example_dags/example_external_task_marker_dag.py
[2025-05-06T14:57:14.888+0000] {logging_mixin.py:190} INFO - [2025-05-06T14:57:14.888+0000] {dag.py:3239} INFO - Sync 2 DAGs
[2025-05-06T14:57:14.911+0000] {logging_mixin.py:190} INFO - [2025-05-06T14:57:14.910+0000] {dag.py:4180} INFO - Setting next_dagrun for example_external_task_marker_child to None, run_after=None
[2025-05-06T14:57:14.919+0000] {logging_mixin.py:190} INFO - [2025-05-06T14:57:14.918+0000] {dag.py:4180} INFO - Setting next_dagrun for example_external_task_marker_parent to None, run_after=None
[2025-05-06T14:57:14.968+0000] {processor.py:208} INFO - Processing /home/airflow/.local/lib/python3.12/site-packages/airflow/example_dags/example_external_task_marker_dag.py took 0.143 seconds
[2025-05-06T14:57:46.634+0000] {processor.py:186} INFO - Started process (PID=16329) to work on /home/airflow/.local/lib/python3.12/site-packages/airflow/example_dags/example_external_task_marker_dag.py
[2025-05-06T14:57:46.636+0000] {processor.py:914} INFO - Processing file /home/airflow/.local/lib/python3.12/site-packages/airflow/example_dags/example_external_task_marker_dag.py for tasks to queue
[2025-05-06T14:57:46.642+0000] {logging_mixin.py:190} INFO - [2025-05-06T14:57:46.641+0000] {dagbag.py:588} INFO - Filling up the DagBag from /home/airflow/.local/lib/python3.12/site-packages/airflow/example_dags/example_external_task_marker_dag.py
[2025-05-06T14:57:46.663+0000] {processor.py:925} INFO - DAG(s) 'example_external_task_marker_child', 'example_external_task_marker_parent' retrieved from /home/airflow/.local/lib/python3.12/site-packages/airflow/example_dags/example_external_task_marker_dag.py
[2025-05-06T14:57:46.714+0000] {logging_mixin.py:190} INFO - [2025-05-06T14:57:46.713+0000] {dag.py:3239} INFO - Sync 2 DAGs
[2025-05-06T14:57:46.745+0000] {logging_mixin.py:190} INFO - [2025-05-06T14:57:46.744+0000] {dag.py:4180} INFO - Setting next_dagrun for example_external_task_marker_child to None, run_after=None
[2025-05-06T14:57:46.755+0000] {logging_mixin.py:190} INFO - [2025-05-06T14:57:46.754+0000] {dag.py:4180} INFO - Setting next_dagrun for example_external_task_marker_parent to None, run_after=None
[2025-05-06T14:57:46.796+0000] {processor.py:208} INFO - Processing /home/airflow/.local/lib/python3.12/site-packages/airflow/example_dags/example_external_task_marker_dag.py took 0.173 seconds
[2025-05-06T14:58:17.464+0000] {processor.py:186} INFO - Started process (PID=16420) to work on /home/airflow/.local/lib/python3.12/site-packages/airflow/example_dags/example_external_task_marker_dag.py
[2025-05-06T14:58:17.467+0000] {processor.py:914} INFO - Processing file /home/airflow/.local/lib/python3.12/site-packages/airflow/example_dags/example_external_task_marker_dag.py for tasks to queue
[2025-05-06T14:58:17.471+0000] {logging_mixin.py:190} INFO - [2025-05-06T14:58:17.470+0000] {dagbag.py:588} INFO - Filling up the DagBag from /home/airflow/.local/lib/python3.12/site-packages/airflow/example_dags/example_external_task_marker_dag.py
[2025-05-06T14:58:17.491+0000] {processor.py:925} INFO - DAG(s) 'example_external_task_marker_child', 'example_external_task_marker_parent' retrieved from /home/airflow/.local/lib/python3.12/site-packages/airflow/example_dags/example_external_task_marker_dag.py
[2025-05-06T14:58:17.543+0000] {logging_mixin.py:190} INFO - [2025-05-06T14:58:17.542+0000] {dag.py:3239} INFO - Sync 2 DAGs
[2025-05-06T14:58:17.575+0000] {logging_mixin.py:190} INFO - [2025-05-06T14:58:17.574+0000] {dag.py:4180} INFO - Setting next_dagrun for example_external_task_marker_child to None, run_after=None
[2025-05-06T14:58:17.584+0000] {logging_mixin.py:190} INFO - [2025-05-06T14:58:17.583+0000] {dag.py:4180} INFO - Setting next_dagrun for example_external_task_marker_parent to None, run_after=None
[2025-05-06T14:58:17.628+0000] {processor.py:208} INFO - Processing /home/airflow/.local/lib/python3.12/site-packages/airflow/example_dags/example_external_task_marker_dag.py took 0.175 seconds
[2025-05-06T14:58:48.526+0000] {processor.py:186} INFO - Started process (PID=16510) to work on /home/airflow/.local/lib/python3.12/site-packages/airflow/example_dags/example_external_task_marker_dag.py
[2025-05-06T14:58:48.529+0000] {processor.py:914} INFO - Processing file /home/airflow/.local/lib/python3.12/site-packages/airflow/example_dags/example_external_task_marker_dag.py for tasks to queue
[2025-05-06T14:58:48.535+0000] {logging_mixin.py:190} INFO - [2025-05-06T14:58:48.534+0000] {dagbag.py:588} INFO - Filling up the DagBag from /home/airflow/.local/lib/python3.12/site-packages/airflow/example_dags/example_external_task_marker_dag.py
[2025-05-06T14:58:48.557+0000] {processor.py:925} INFO - DAG(s) 'example_external_task_marker_parent', 'example_external_task_marker_child' retrieved from /home/airflow/.local/lib/python3.12/site-packages/airflow/example_dags/example_external_task_marker_dag.py
[2025-05-06T14:58:48.607+0000] {logging_mixin.py:190} INFO - [2025-05-06T14:58:48.606+0000] {dag.py:3239} INFO - Sync 2 DAGs
[2025-05-06T14:58:48.641+0000] {logging_mixin.py:190} INFO - [2025-05-06T14:58:48.641+0000] {dag.py:4180} INFO - Setting next_dagrun for example_external_task_marker_child to None, run_after=None
[2025-05-06T14:58:48.648+0000] {logging_mixin.py:190} INFO - [2025-05-06T14:58:48.648+0000] {dag.py:4180} INFO - Setting next_dagrun for example_external_task_marker_parent to None, run_after=None
[2025-05-06T14:58:48.704+0000] {processor.py:208} INFO - Processing /home/airflow/.local/lib/python3.12/site-packages/airflow/example_dags/example_external_task_marker_dag.py took 0.192 seconds
[2025-05-06T14:59:19.792+0000] {processor.py:186} INFO - Started process (PID=16602) to work on /home/airflow/.local/lib/python3.12/site-packages/airflow/example_dags/example_external_task_marker_dag.py
[2025-05-06T14:59:19.794+0000] {processor.py:914} INFO - Processing file /home/airflow/.local/lib/python3.12/site-packages/airflow/example_dags/example_external_task_marker_dag.py for tasks to queue
[2025-05-06T14:59:19.798+0000] {logging_mixin.py:190} INFO - [2025-05-06T14:59:19.798+0000] {dagbag.py:588} INFO - Filling up the DagBag from /home/airflow/.local/lib/python3.12/site-packages/airflow/example_dags/example_external_task_marker_dag.py
[2025-05-06T14:59:19.825+0000] {processor.py:925} INFO - DAG(s) 'example_external_task_marker_parent', 'example_external_task_marker_child' retrieved from /home/airflow/.local/lib/python3.12/site-packages/airflow/example_dags/example_external_task_marker_dag.py
[2025-05-06T14:59:19.872+0000] {logging_mixin.py:190} INFO - [2025-05-06T14:59:19.872+0000] {dag.py:3239} INFO - Sync 2 DAGs
[2025-05-06T14:59:19.903+0000] {logging_mixin.py:190} INFO - [2025-05-06T14:59:19.902+0000] {dag.py:4180} INFO - Setting next_dagrun for example_external_task_marker_child to None, run_after=None
[2025-05-06T14:59:19.911+0000] {logging_mixin.py:190} INFO - [2025-05-06T14:59:19.911+0000] {dag.py:4180} INFO - Setting next_dagrun for example_external_task_marker_parent to None, run_after=None
[2025-05-06T14:59:19.961+0000] {processor.py:208} INFO - Processing /home/airflow/.local/lib/python3.12/site-packages/airflow/example_dags/example_external_task_marker_dag.py took 0.180 seconds
[2025-05-06T14:59:50.099+0000] {processor.py:186} INFO - Started process (PID=16679) to work on /home/airflow/.local/lib/python3.12/site-packages/airflow/example_dags/example_external_task_marker_dag.py
[2025-05-06T14:59:50.102+0000] {processor.py:914} INFO - Processing file /home/airflow/.local/lib/python3.12/site-packages/airflow/example_dags/example_external_task_marker_dag.py for tasks to queue
[2025-05-06T14:59:50.107+0000] {logging_mixin.py:190} INFO - [2025-05-06T14:59:50.106+0000] {dagbag.py:588} INFO - Filling up the DagBag from /home/airflow/.local/lib/python3.12/site-packages/airflow/example_dags/example_external_task_marker_dag.py
[2025-05-06T14:59:50.122+0000] {processor.py:925} INFO - DAG(s) 'example_external_task_marker_child', 'example_external_task_marker_parent' retrieved from /home/airflow/.local/lib/python3.12/site-packages/airflow/example_dags/example_external_task_marker_dag.py
[2025-05-06T14:59:50.168+0000] {logging_mixin.py:190} INFO - [2025-05-06T14:59:50.167+0000] {dag.py:3239} INFO - Sync 2 DAGs
[2025-05-06T14:59:50.194+0000] {logging_mixin.py:190} INFO - [2025-05-06T14:59:50.193+0000] {dag.py:4180} INFO - Setting next_dagrun for example_external_task_marker_child to None, run_after=None
[2025-05-06T14:59:50.201+0000] {logging_mixin.py:190} INFO - [2025-05-06T14:59:50.201+0000] {dag.py:4180} INFO - Setting next_dagrun for example_external_task_marker_parent to None, run_after=None
[2025-05-06T14:59:50.232+0000] {processor.py:208} INFO - Processing /home/airflow/.local/lib/python3.12/site-packages/airflow/example_dags/example_external_task_marker_dag.py took 0.145 seconds
[2025-05-06T15:00:20.480+0000] {processor.py:186} INFO - Started process (PID=16770) to work on /home/airflow/.local/lib/python3.12/site-packages/airflow/example_dags/example_external_task_marker_dag.py
[2025-05-06T15:00:20.483+0000] {processor.py:914} INFO - Processing file /home/airflow/.local/lib/python3.12/site-packages/airflow/example_dags/example_external_task_marker_dag.py for tasks to queue
[2025-05-06T15:00:20.487+0000] {logging_mixin.py:190} INFO - [2025-05-06T15:00:20.487+0000] {dagbag.py:588} INFO - Filling up the DagBag from /home/airflow/.local/lib/python3.12/site-packages/airflow/example_dags/example_external_task_marker_dag.py
[2025-05-06T15:00:20.501+0000] {processor.py:925} INFO - DAG(s) 'example_external_task_marker_child', 'example_external_task_marker_parent' retrieved from /home/airflow/.local/lib/python3.12/site-packages/airflow/example_dags/example_external_task_marker_dag.py
[2025-05-06T15:00:20.545+0000] {logging_mixin.py:190} INFO - [2025-05-06T15:00:20.545+0000] {dag.py:3239} INFO - Sync 2 DAGs
[2025-05-06T15:00:20.573+0000] {logging_mixin.py:190} INFO - [2025-05-06T15:00:20.573+0000] {dag.py:4180} INFO - Setting next_dagrun for example_external_task_marker_child to None, run_after=None
[2025-05-06T15:00:20.582+0000] {logging_mixin.py:190} INFO - [2025-05-06T15:00:20.581+0000] {dag.py:4180} INFO - Setting next_dagrun for example_external_task_marker_parent to None, run_after=None
[2025-05-06T15:00:20.629+0000] {processor.py:208} INFO - Processing /home/airflow/.local/lib/python3.12/site-packages/airflow/example_dags/example_external_task_marker_dag.py took 0.160 seconds
[2025-05-06T15:00:51.663+0000] {processor.py:186} INFO - Started process (PID=16861) to work on /home/airflow/.local/lib/python3.12/site-packages/airflow/example_dags/example_external_task_marker_dag.py
[2025-05-06T15:00:51.665+0000] {processor.py:914} INFO - Processing file /home/airflow/.local/lib/python3.12/site-packages/airflow/example_dags/example_external_task_marker_dag.py for tasks to queue
[2025-05-06T15:00:51.671+0000] {logging_mixin.py:190} INFO - [2025-05-06T15:00:51.670+0000] {dagbag.py:588} INFO - Filling up the DagBag from /home/airflow/.local/lib/python3.12/site-packages/airflow/example_dags/example_external_task_marker_dag.py
[2025-05-06T15:00:51.687+0000] {processor.py:925} INFO - DAG(s) 'example_external_task_marker_parent', 'example_external_task_marker_child' retrieved from /home/airflow/.local/lib/python3.12/site-packages/airflow/example_dags/example_external_task_marker_dag.py
[2025-05-06T15:00:51.732+0000] {logging_mixin.py:190} INFO - [2025-05-06T15:00:51.732+0000] {dag.py:3239} INFO - Sync 2 DAGs
[2025-05-06T15:00:51.764+0000] {logging_mixin.py:190} INFO - [2025-05-06T15:00:51.764+0000] {dag.py:4180} INFO - Setting next_dagrun for example_external_task_marker_child to None, run_after=None
[2025-05-06T15:00:51.773+0000] {logging_mixin.py:190} INFO - [2025-05-06T15:00:51.772+0000] {dag.py:4180} INFO - Setting next_dagrun for example_external_task_marker_parent to None, run_after=None
[2025-05-06T15:00:51.805+0000] {processor.py:208} INFO - Processing /home/airflow/.local/lib/python3.12/site-packages/airflow/example_dags/example_external_task_marker_dag.py took 0.152 seconds
[2025-05-06T15:01:23.794+0000] {processor.py:186} INFO - Started process (PID=16952) to work on /home/airflow/.local/lib/python3.12/site-packages/airflow/example_dags/example_external_task_marker_dag.py
[2025-05-06T15:01:23.796+0000] {processor.py:914} INFO - Processing file /home/airflow/.local/lib/python3.12/site-packages/airflow/example_dags/example_external_task_marker_dag.py for tasks to queue
[2025-05-06T15:01:23.801+0000] {logging_mixin.py:190} INFO - [2025-05-06T15:01:23.800+0000] {dagbag.py:588} INFO - Filling up the DagBag from /home/airflow/.local/lib/python3.12/site-packages/airflow/example_dags/example_external_task_marker_dag.py
[2025-05-06T15:01:23.816+0000] {processor.py:925} INFO - DAG(s) 'example_external_task_marker_child', 'example_external_task_marker_parent' retrieved from /home/airflow/.local/lib/python3.12/site-packages/airflow/example_dags/example_external_task_marker_dag.py
[2025-05-06T15:01:23.859+0000] {logging_mixin.py:190} INFO - [2025-05-06T15:01:23.858+0000] {dag.py:3239} INFO - Sync 2 DAGs
[2025-05-06T15:01:23.887+0000] {logging_mixin.py:190} INFO - [2025-05-06T15:01:23.887+0000] {dag.py:4180} INFO - Setting next_dagrun for example_external_task_marker_child to None, run_after=None
[2025-05-06T15:01:23.896+0000] {logging_mixin.py:190} INFO - [2025-05-06T15:01:23.895+0000] {dag.py:4180} INFO - Setting next_dagrun for example_external_task_marker_parent to None, run_after=None
[2025-05-06T15:01:23.928+0000] {processor.py:208} INFO - Processing /home/airflow/.local/lib/python3.12/site-packages/airflow/example_dags/example_external_task_marker_dag.py took 0.146 seconds
[2025-05-06T15:01:54.614+0000] {processor.py:186} INFO - Started process (PID=17029) to work on /home/airflow/.local/lib/python3.12/site-packages/airflow/example_dags/example_external_task_marker_dag.py
[2025-05-06T15:01:54.616+0000] {processor.py:914} INFO - Processing file /home/airflow/.local/lib/python3.12/site-packages/airflow/example_dags/example_external_task_marker_dag.py for tasks to queue
[2025-05-06T15:01:54.620+0000] {logging_mixin.py:190} INFO - [2025-05-06T15:01:54.620+0000] {dagbag.py:588} INFO - Filling up the DagBag from /home/airflow/.local/lib/python3.12/site-packages/airflow/example_dags/example_external_task_marker_dag.py
[2025-05-06T15:01:54.635+0000] {processor.py:925} INFO - DAG(s) 'example_external_task_marker_child', 'example_external_task_marker_parent' retrieved from /home/airflow/.local/lib/python3.12/site-packages/airflow/example_dags/example_external_task_marker_dag.py
[2025-05-06T15:01:54.674+0000] {logging_mixin.py:190} INFO - [2025-05-06T15:01:54.674+0000] {dag.py:3239} INFO - Sync 2 DAGs
[2025-05-06T15:01:54.702+0000] {logging_mixin.py:190} INFO - [2025-05-06T15:01:54.702+0000] {dag.py:4180} INFO - Setting next_dagrun for example_external_task_marker_child to None, run_after=None
[2025-05-06T15:01:54.710+0000] {logging_mixin.py:190} INFO - [2025-05-06T15:01:54.709+0000] {dag.py:4180} INFO - Setting next_dagrun for example_external_task_marker_parent to None, run_after=None
[2025-05-06T15:01:54.743+0000] {processor.py:208} INFO - Processing /home/airflow/.local/lib/python3.12/site-packages/airflow/example_dags/example_external_task_marker_dag.py took 0.139 seconds
[2025-05-06T15:02:26.119+0000] {processor.py:186} INFO - Started process (PID=17120) to work on /home/airflow/.local/lib/python3.12/site-packages/airflow/example_dags/example_external_task_marker_dag.py
[2025-05-06T15:02:26.121+0000] {processor.py:914} INFO - Processing file /home/airflow/.local/lib/python3.12/site-packages/airflow/example_dags/example_external_task_marker_dag.py for tasks to queue
[2025-05-06T15:02:26.125+0000] {logging_mixin.py:190} INFO - [2025-05-06T15:02:26.125+0000] {dagbag.py:588} INFO - Filling up the DagBag from /home/airflow/.local/lib/python3.12/site-packages/airflow/example_dags/example_external_task_marker_dag.py
[2025-05-06T15:02:26.143+0000] {processor.py:925} INFO - DAG(s) 'example_external_task_marker_child', 'example_external_task_marker_parent' retrieved from /home/airflow/.local/lib/python3.12/site-packages/airflow/example_dags/example_external_task_marker_dag.py
[2025-05-06T15:02:26.193+0000] {logging_mixin.py:190} INFO - [2025-05-06T15:02:26.193+0000] {dag.py:3239} INFO - Sync 2 DAGs
[2025-05-06T15:02:26.224+0000] {logging_mixin.py:190} INFO - [2025-05-06T15:02:26.224+0000] {dag.py:4180} INFO - Setting next_dagrun for example_external_task_marker_child to None, run_after=None
[2025-05-06T15:02:26.234+0000] {logging_mixin.py:190} INFO - [2025-05-06T15:02:26.234+0000] {dag.py:4180} INFO - Setting next_dagrun for example_external_task_marker_parent to None, run_after=None
[2025-05-06T15:02:26.288+0000] {processor.py:208} INFO - Processing /home/airflow/.local/lib/python3.12/site-packages/airflow/example_dags/example_external_task_marker_dag.py took 0.182 seconds
[2025-05-06T15:02:57.825+0000] {processor.py:186} INFO - Started process (PID=17220) to work on /home/airflow/.local/lib/python3.12/site-packages/airflow/example_dags/example_external_task_marker_dag.py
[2025-05-06T15:02:57.829+0000] {processor.py:914} INFO - Processing file /home/airflow/.local/lib/python3.12/site-packages/airflow/example_dags/example_external_task_marker_dag.py for tasks to queue
[2025-05-06T15:02:57.833+0000] {logging_mixin.py:190} INFO - [2025-05-06T15:02:57.833+0000] {dagbag.py:588} INFO - Filling up the DagBag from /home/airflow/.local/lib/python3.12/site-packages/airflow/example_dags/example_external_task_marker_dag.py
[2025-05-06T15:02:57.849+0000] {processor.py:925} INFO - DAG(s) 'example_external_task_marker_child', 'example_external_task_marker_parent' retrieved from /home/airflow/.local/lib/python3.12/site-packages/airflow/example_dags/example_external_task_marker_dag.py
[2025-05-06T15:02:57.893+0000] {logging_mixin.py:190} INFO - [2025-05-06T15:02:57.893+0000] {dag.py:3239} INFO - Sync 2 DAGs
[2025-05-06T15:02:57.935+0000] {logging_mixin.py:190} INFO - [2025-05-06T15:02:57.934+0000] {dag.py:4180} INFO - Setting next_dagrun for example_external_task_marker_child to None, run_after=None
[2025-05-06T15:02:57.949+0000] {logging_mixin.py:190} INFO - [2025-05-06T15:02:57.948+0000] {dag.py:4180} INFO - Setting next_dagrun for example_external_task_marker_parent to None, run_after=None
[2025-05-06T15:02:57.989+0000] {processor.py:208} INFO - Processing /home/airflow/.local/lib/python3.12/site-packages/airflow/example_dags/example_external_task_marker_dag.py took 0.175 seconds
[2025-05-06T15:03:29.149+0000] {processor.py:186} INFO - Started process (PID=17311) to work on /home/airflow/.local/lib/python3.12/site-packages/airflow/example_dags/example_external_task_marker_dag.py
[2025-05-06T15:03:29.151+0000] {processor.py:914} INFO - Processing file /home/airflow/.local/lib/python3.12/site-packages/airflow/example_dags/example_external_task_marker_dag.py for tasks to queue
[2025-05-06T15:03:29.155+0000] {logging_mixin.py:190} INFO - [2025-05-06T15:03:29.154+0000] {dagbag.py:588} INFO - Filling up the DagBag from /home/airflow/.local/lib/python3.12/site-packages/airflow/example_dags/example_external_task_marker_dag.py
[2025-05-06T15:03:29.170+0000] {processor.py:925} INFO - DAG(s) 'example_external_task_marker_parent', 'example_external_task_marker_child' retrieved from /home/airflow/.local/lib/python3.12/site-packages/airflow/example_dags/example_external_task_marker_dag.py
[2025-05-06T15:03:29.211+0000] {logging_mixin.py:190} INFO - [2025-05-06T15:03:29.211+0000] {dag.py:3239} INFO - Sync 2 DAGs
[2025-05-06T15:03:29.239+0000] {logging_mixin.py:190} INFO - [2025-05-06T15:03:29.238+0000] {dag.py:4180} INFO - Setting next_dagrun for example_external_task_marker_child to None, run_after=None
[2025-05-06T15:03:29.247+0000] {logging_mixin.py:190} INFO - [2025-05-06T15:03:29.246+0000] {dag.py:4180} INFO - Setting next_dagrun for example_external_task_marker_parent to None, run_after=None
[2025-05-06T15:03:29.292+0000] {processor.py:208} INFO - Processing /home/airflow/.local/lib/python3.12/site-packages/airflow/example_dags/example_external_task_marker_dag.py took 0.153 seconds
[2025-05-06T15:04:00.217+0000] {processor.py:186} INFO - Started process (PID=17402) to work on /home/airflow/.local/lib/python3.12/site-packages/airflow/example_dags/example_external_task_marker_dag.py
[2025-05-06T15:04:00.218+0000] {processor.py:914} INFO - Processing file /home/airflow/.local/lib/python3.12/site-packages/airflow/example_dags/example_external_task_marker_dag.py for tasks to queue
[2025-05-06T15:04:00.222+0000] {logging_mixin.py:190} INFO - [2025-05-06T15:04:00.222+0000] {dagbag.py:588} INFO - Filling up the DagBag from /home/airflow/.local/lib/python3.12/site-packages/airflow/example_dags/example_external_task_marker_dag.py
[2025-05-06T15:04:00.236+0000] {processor.py:925} INFO - DAG(s) 'example_external_task_marker_child', 'example_external_task_marker_parent' retrieved from /home/airflow/.local/lib/python3.12/site-packages/airflow/example_dags/example_external_task_marker_dag.py
[2025-05-06T15:04:00.280+0000] {logging_mixin.py:190} INFO - [2025-05-06T15:04:00.279+0000] {dag.py:3239} INFO - Sync 2 DAGs
[2025-05-06T15:04:00.308+0000] {logging_mixin.py:190} INFO - [2025-05-06T15:04:00.308+0000] {dag.py:4180} INFO - Setting next_dagrun for example_external_task_marker_child to None, run_after=None
[2025-05-06T15:04:00.316+0000] {logging_mixin.py:190} INFO - [2025-05-06T15:04:00.316+0000] {dag.py:4180} INFO - Setting next_dagrun for example_external_task_marker_parent to None, run_after=None
[2025-05-06T15:04:00.344+0000] {processor.py:208} INFO - Processing /home/airflow/.local/lib/python3.12/site-packages/airflow/example_dags/example_external_task_marker_dag.py took 0.138 seconds
[2025-05-06T15:04:31.911+0000] {processor.py:186} INFO - Started process (PID=17493) to work on /home/airflow/.local/lib/python3.12/site-packages/airflow/example_dags/example_external_task_marker_dag.py
[2025-05-06T15:04:31.913+0000] {processor.py:914} INFO - Processing file /home/airflow/.local/lib/python3.12/site-packages/airflow/example_dags/example_external_task_marker_dag.py for tasks to queue
[2025-05-06T15:04:31.918+0000] {logging_mixin.py:190} INFO - [2025-05-06T15:04:31.917+0000] {dagbag.py:588} INFO - Filling up the DagBag from /home/airflow/.local/lib/python3.12/site-packages/airflow/example_dags/example_external_task_marker_dag.py
[2025-05-06T15:04:31.936+0000] {processor.py:925} INFO - DAG(s) 'example_external_task_marker_parent', 'example_external_task_marker_child' retrieved from /home/airflow/.local/lib/python3.12/site-packages/airflow/example_dags/example_external_task_marker_dag.py
[2025-05-06T15:04:31.978+0000] {logging_mixin.py:190} INFO - [2025-05-06T15:04:31.978+0000] {dag.py:3239} INFO - Sync 2 DAGs
[2025-05-06T15:04:32.010+0000] {logging_mixin.py:190} INFO - [2025-05-06T15:04:32.010+0000] {dag.py:4180} INFO - Setting next_dagrun for example_external_task_marker_child to None, run_after=None
[2025-05-06T15:04:32.022+0000] {logging_mixin.py:190} INFO - [2025-05-06T15:04:32.022+0000] {dag.py:4180} INFO - Setting next_dagrun for example_external_task_marker_parent to None, run_after=None
[2025-05-06T15:04:32.075+0000] {processor.py:208} INFO - Processing /home/airflow/.local/lib/python3.12/site-packages/airflow/example_dags/example_external_task_marker_dag.py took 0.175 seconds
[2025-05-06T15:05:02.432+0000] {processor.py:186} INFO - Started process (PID=17585) to work on /home/airflow/.local/lib/python3.12/site-packages/airflow/example_dags/example_external_task_marker_dag.py
[2025-05-06T15:05:02.435+0000] {processor.py:914} INFO - Processing file /home/airflow/.local/lib/python3.12/site-packages/airflow/example_dags/example_external_task_marker_dag.py for tasks to queue
[2025-05-06T15:05:02.440+0000] {logging_mixin.py:190} INFO - [2025-05-06T15:05:02.439+0000] {dagbag.py:588} INFO - Filling up the DagBag from /home/airflow/.local/lib/python3.12/site-packages/airflow/example_dags/example_external_task_marker_dag.py
[2025-05-06T15:05:02.463+0000] {processor.py:925} INFO - DAG(s) 'example_external_task_marker_parent', 'example_external_task_marker_child' retrieved from /home/airflow/.local/lib/python3.12/site-packages/airflow/example_dags/example_external_task_marker_dag.py
[2025-05-06T15:05:02.512+0000] {logging_mixin.py:190} INFO - [2025-05-06T15:05:02.512+0000] {dag.py:3239} INFO - Sync 2 DAGs
[2025-05-06T15:05:02.557+0000] {logging_mixin.py:190} INFO - [2025-05-06T15:05:02.557+0000] {dag.py:4180} INFO - Setting next_dagrun for example_external_task_marker_child to None, run_after=None
[2025-05-06T15:05:02.569+0000] {logging_mixin.py:190} INFO - [2025-05-06T15:05:02.568+0000] {dag.py:4180} INFO - Setting next_dagrun for example_external_task_marker_parent to None, run_after=None
[2025-05-06T15:05:02.611+0000] {processor.py:208} INFO - Processing /home/airflow/.local/lib/python3.12/site-packages/airflow/example_dags/example_external_task_marker_dag.py took 0.194 seconds
[2025-05-06T15:05:33.291+0000] {processor.py:186} INFO - Started process (PID=17676) to work on /home/airflow/.local/lib/python3.12/site-packages/airflow/example_dags/example_external_task_marker_dag.py
[2025-05-06T15:05:33.293+0000] {processor.py:914} INFO - Processing file /home/airflow/.local/lib/python3.12/site-packages/airflow/example_dags/example_external_task_marker_dag.py for tasks to queue
[2025-05-06T15:05:33.298+0000] {logging_mixin.py:190} INFO - [2025-05-06T15:05:33.297+0000] {dagbag.py:588} INFO - Filling up the DagBag from /home/airflow/.local/lib/python3.12/site-packages/airflow/example_dags/example_external_task_marker_dag.py
[2025-05-06T15:05:33.312+0000] {processor.py:925} INFO - DAG(s) 'example_external_task_marker_child', 'example_external_task_marker_parent' retrieved from /home/airflow/.local/lib/python3.12/site-packages/airflow/example_dags/example_external_task_marker_dag.py
[2025-05-06T15:05:33.360+0000] {logging_mixin.py:190} INFO - [2025-05-06T15:05:33.359+0000] {dag.py:3239} INFO - Sync 2 DAGs
[2025-05-06T15:05:33.390+0000] {logging_mixin.py:190} INFO - [2025-05-06T15:05:33.390+0000] {dag.py:4180} INFO - Setting next_dagrun for example_external_task_marker_child to None, run_after=None
[2025-05-06T15:05:33.400+0000] {logging_mixin.py:190} INFO - [2025-05-06T15:05:33.400+0000] {dag.py:4180} INFO - Setting next_dagrun for example_external_task_marker_parent to None, run_after=None
[2025-05-06T15:05:33.454+0000] {processor.py:208} INFO - Processing /home/airflow/.local/lib/python3.12/site-packages/airflow/example_dags/example_external_task_marker_dag.py took 0.175 seconds
[2025-05-06T15:06:03.999+0000] {processor.py:186} INFO - Started process (PID=17767) to work on /home/airflow/.local/lib/python3.12/site-packages/airflow/example_dags/example_external_task_marker_dag.py
[2025-05-06T15:06:04.001+0000] {processor.py:914} INFO - Processing file /home/airflow/.local/lib/python3.12/site-packages/airflow/example_dags/example_external_task_marker_dag.py for tasks to queue
[2025-05-06T15:06:04.004+0000] {logging_mixin.py:190} INFO - [2025-05-06T15:06:04.004+0000] {dagbag.py:588} INFO - Filling up the DagBag from /home/airflow/.local/lib/python3.12/site-packages/airflow/example_dags/example_external_task_marker_dag.py
[2025-05-06T15:06:04.018+0000] {processor.py:925} INFO - DAG(s) 'example_external_task_marker_child', 'example_external_task_marker_parent' retrieved from /home/airflow/.local/lib/python3.12/site-packages/airflow/example_dags/example_external_task_marker_dag.py
[2025-05-06T15:06:04.057+0000] {logging_mixin.py:190} INFO - [2025-05-06T15:06:04.056+0000] {dag.py:3239} INFO - Sync 2 DAGs
[2025-05-06T15:06:04.086+0000] {logging_mixin.py:190} INFO - [2025-05-06T15:06:04.086+0000] {dag.py:4180} INFO - Setting next_dagrun for example_external_task_marker_child to None, run_after=None
[2025-05-06T15:06:04.095+0000] {logging_mixin.py:190} INFO - [2025-05-06T15:06:04.095+0000] {dag.py:4180} INFO - Setting next_dagrun for example_external_task_marker_parent to None, run_after=None
[2025-05-06T15:06:04.130+0000] {processor.py:208} INFO - Processing /home/airflow/.local/lib/python3.12/site-packages/airflow/example_dags/example_external_task_marker_dag.py took 0.143 seconds
[2025-05-06T15:06:35.450+0000] {processor.py:186} INFO - Started process (PID=17858) to work on /home/airflow/.local/lib/python3.12/site-packages/airflow/example_dags/example_external_task_marker_dag.py
[2025-05-06T15:06:35.452+0000] {processor.py:914} INFO - Processing file /home/airflow/.local/lib/python3.12/site-packages/airflow/example_dags/example_external_task_marker_dag.py for tasks to queue
[2025-05-06T15:06:35.456+0000] {logging_mixin.py:190} INFO - [2025-05-06T15:06:35.455+0000] {dagbag.py:588} INFO - Filling up the DagBag from /home/airflow/.local/lib/python3.12/site-packages/airflow/example_dags/example_external_task_marker_dag.py
[2025-05-06T15:06:35.478+0000] {processor.py:925} INFO - DAG(s) 'example_external_task_marker_child', 'example_external_task_marker_parent' retrieved from /home/airflow/.local/lib/python3.12/site-packages/airflow/example_dags/example_external_task_marker_dag.py
[2025-05-06T15:06:35.529+0000] {logging_mixin.py:190} INFO - [2025-05-06T15:06:35.529+0000] {dag.py:3239} INFO - Sync 2 DAGs
[2025-05-06T15:06:35.559+0000] {logging_mixin.py:190} INFO - [2025-05-06T15:06:35.558+0000] {dag.py:4180} INFO - Setting next_dagrun for example_external_task_marker_child to None, run_after=None
[2025-05-06T15:06:35.570+0000] {logging_mixin.py:190} INFO - [2025-05-06T15:06:35.570+0000] {dag.py:4180} INFO - Setting next_dagrun for example_external_task_marker_parent to None, run_after=None
[2025-05-06T15:06:35.607+0000] {processor.py:208} INFO - Processing /home/airflow/.local/lib/python3.12/site-packages/airflow/example_dags/example_external_task_marker_dag.py took 0.169 seconds
[2025-05-06T15:07:05.712+0000] {processor.py:186} INFO - Started process (PID=17935) to work on /home/airflow/.local/lib/python3.12/site-packages/airflow/example_dags/example_external_task_marker_dag.py
[2025-05-06T15:07:05.715+0000] {processor.py:914} INFO - Processing file /home/airflow/.local/lib/python3.12/site-packages/airflow/example_dags/example_external_task_marker_dag.py for tasks to queue
[2025-05-06T15:07:05.720+0000] {logging_mixin.py:190} INFO - [2025-05-06T15:07:05.720+0000] {dagbag.py:588} INFO - Filling up the DagBag from /home/airflow/.local/lib/python3.12/site-packages/airflow/example_dags/example_external_task_marker_dag.py
[2025-05-06T15:07:05.737+0000] {processor.py:925} INFO - DAG(s) 'example_external_task_marker_parent', 'example_external_task_marker_child' retrieved from /home/airflow/.local/lib/python3.12/site-packages/airflow/example_dags/example_external_task_marker_dag.py
[2025-05-06T15:07:05.788+0000] {logging_mixin.py:190} INFO - [2025-05-06T15:07:05.787+0000] {dag.py:3239} INFO - Sync 2 DAGs
[2025-05-06T15:07:05.816+0000] {logging_mixin.py:190} INFO - [2025-05-06T15:07:05.816+0000] {dag.py:4180} INFO - Setting next_dagrun for example_external_task_marker_child to None, run_after=None
[2025-05-06T15:07:05.828+0000] {logging_mixin.py:190} INFO - [2025-05-06T15:07:05.828+0000] {dag.py:4180} INFO - Setting next_dagrun for example_external_task_marker_parent to None, run_after=None
[2025-05-06T15:07:05.861+0000] {processor.py:208} INFO - Processing /home/airflow/.local/lib/python3.12/site-packages/airflow/example_dags/example_external_task_marker_dag.py took 0.161 seconds
[2025-05-06T15:07:36.253+0000] {processor.py:186} INFO - Started process (PID=18026) to work on /home/airflow/.local/lib/python3.12/site-packages/airflow/example_dags/example_external_task_marker_dag.py
[2025-05-06T15:07:36.255+0000] {processor.py:914} INFO - Processing file /home/airflow/.local/lib/python3.12/site-packages/airflow/example_dags/example_external_task_marker_dag.py for tasks to queue
[2025-05-06T15:07:36.260+0000] {logging_mixin.py:190} INFO - [2025-05-06T15:07:36.259+0000] {dagbag.py:588} INFO - Filling up the DagBag from /home/airflow/.local/lib/python3.12/site-packages/airflow/example_dags/example_external_task_marker_dag.py
[2025-05-06T15:07:36.276+0000] {processor.py:925} INFO - DAG(s) 'example_external_task_marker_child', 'example_external_task_marker_parent' retrieved from /home/airflow/.local/lib/python3.12/site-packages/airflow/example_dags/example_external_task_marker_dag.py
[2025-05-06T15:07:36.321+0000] {logging_mixin.py:190} INFO - [2025-05-06T15:07:36.320+0000] {dag.py:3239} INFO - Sync 2 DAGs
[2025-05-06T15:07:36.348+0000] {logging_mixin.py:190} INFO - [2025-05-06T15:07:36.347+0000] {dag.py:4180} INFO - Setting next_dagrun for example_external_task_marker_child to None, run_after=None
[2025-05-06T15:07:36.356+0000] {logging_mixin.py:190} INFO - [2025-05-06T15:07:36.356+0000] {dag.py:4180} INFO - Setting next_dagrun for example_external_task_marker_parent to None, run_after=None
[2025-05-06T15:07:36.385+0000] {processor.py:208} INFO - Processing /home/airflow/.local/lib/python3.12/site-packages/airflow/example_dags/example_external_task_marker_dag.py took 0.143 seconds
[2025-05-06T15:08:07.852+0000] {processor.py:186} INFO - Started process (PID=18117) to work on /home/airflow/.local/lib/python3.12/site-packages/airflow/example_dags/example_external_task_marker_dag.py
[2025-05-06T15:08:07.854+0000] {processor.py:914} INFO - Processing file /home/airflow/.local/lib/python3.12/site-packages/airflow/example_dags/example_external_task_marker_dag.py for tasks to queue
[2025-05-06T15:08:07.859+0000] {logging_mixin.py:190} INFO - [2025-05-06T15:08:07.858+0000] {dagbag.py:588} INFO - Filling up the DagBag from /home/airflow/.local/lib/python3.12/site-packages/airflow/example_dags/example_external_task_marker_dag.py
[2025-05-06T15:08:07.875+0000] {processor.py:925} INFO - DAG(s) 'example_external_task_marker_child', 'example_external_task_marker_parent' retrieved from /home/airflow/.local/lib/python3.12/site-packages/airflow/example_dags/example_external_task_marker_dag.py
[2025-05-06T15:08:07.923+0000] {logging_mixin.py:190} INFO - [2025-05-06T15:08:07.923+0000] {dag.py:3239} INFO - Sync 2 DAGs
[2025-05-06T15:08:07.952+0000] {logging_mixin.py:190} INFO - [2025-05-06T15:08:07.951+0000] {dag.py:4180} INFO - Setting next_dagrun for example_external_task_marker_child to None, run_after=None
[2025-05-06T15:08:07.958+0000] {logging_mixin.py:190} INFO - [2025-05-06T15:08:07.958+0000] {dag.py:4180} INFO - Setting next_dagrun for example_external_task_marker_parent to None, run_after=None
[2025-05-06T15:08:08.002+0000] {processor.py:208} INFO - Processing /home/airflow/.local/lib/python3.12/site-packages/airflow/example_dags/example_external_task_marker_dag.py took 0.162 seconds
[2025-05-06T15:08:40.589+0000] {processor.py:186} INFO - Started process (PID=18208) to work on /home/airflow/.local/lib/python3.12/site-packages/airflow/example_dags/example_external_task_marker_dag.py
[2025-05-06T15:08:40.591+0000] {processor.py:914} INFO - Processing file /home/airflow/.local/lib/python3.12/site-packages/airflow/example_dags/example_external_task_marker_dag.py for tasks to queue
[2025-05-06T15:08:40.596+0000] {logging_mixin.py:190} INFO - [2025-05-06T15:08:40.596+0000] {dagbag.py:588} INFO - Filling up the DagBag from /home/airflow/.local/lib/python3.12/site-packages/airflow/example_dags/example_external_task_marker_dag.py
[2025-05-06T15:08:40.612+0000] {processor.py:925} INFO - DAG(s) 'example_external_task_marker_child', 'example_external_task_marker_parent' retrieved from /home/airflow/.local/lib/python3.12/site-packages/airflow/example_dags/example_external_task_marker_dag.py
[2025-05-06T15:08:40.659+0000] {logging_mixin.py:190} INFO - [2025-05-06T15:08:40.658+0000] {dag.py:3239} INFO - Sync 2 DAGs
[2025-05-06T15:08:40.690+0000] {logging_mixin.py:190} INFO - [2025-05-06T15:08:40.689+0000] {dag.py:4180} INFO - Setting next_dagrun for example_external_task_marker_child to None, run_after=None
[2025-05-06T15:08:40.700+0000] {logging_mixin.py:190} INFO - [2025-05-06T15:08:40.700+0000] {dag.py:4180} INFO - Setting next_dagrun for example_external_task_marker_parent to None, run_after=None
[2025-05-06T15:08:40.740+0000] {processor.py:208} INFO - Processing /home/airflow/.local/lib/python3.12/site-packages/airflow/example_dags/example_external_task_marker_dag.py took 0.163 seconds
[2025-05-06T15:09:14.060+0000] {processor.py:186} INFO - Started process (PID=18303) to work on /home/airflow/.local/lib/python3.12/site-packages/airflow/example_dags/example_external_task_marker_dag.py
[2025-05-06T15:09:14.062+0000] {processor.py:914} INFO - Processing file /home/airflow/.local/lib/python3.12/site-packages/airflow/example_dags/example_external_task_marker_dag.py for tasks to queue
[2025-05-06T15:09:14.067+0000] {logging_mixin.py:190} INFO - [2025-05-06T15:09:14.067+0000] {dagbag.py:588} INFO - Filling up the DagBag from /home/airflow/.local/lib/python3.12/site-packages/airflow/example_dags/example_external_task_marker_dag.py
[2025-05-06T15:09:14.084+0000] {processor.py:925} INFO - DAG(s) 'example_external_task_marker_child', 'example_external_task_marker_parent' retrieved from /home/airflow/.local/lib/python3.12/site-packages/airflow/example_dags/example_external_task_marker_dag.py
[2025-05-06T15:09:14.133+0000] {logging_mixin.py:190} INFO - [2025-05-06T15:09:14.132+0000] {dag.py:3239} INFO - Sync 2 DAGs
[2025-05-06T15:09:14.163+0000] {logging_mixin.py:190} INFO - [2025-05-06T15:09:14.163+0000] {dag.py:4180} INFO - Setting next_dagrun for example_external_task_marker_child to None, run_after=None
[2025-05-06T15:09:14.172+0000] {logging_mixin.py:190} INFO - [2025-05-06T15:09:14.172+0000] {dag.py:4180} INFO - Setting next_dagrun for example_external_task_marker_parent to None, run_after=None
[2025-05-06T15:09:14.225+0000] {processor.py:208} INFO - Processing /home/airflow/.local/lib/python3.12/site-packages/airflow/example_dags/example_external_task_marker_dag.py took 0.176 seconds
[2025-05-06T15:09:45.625+0000] {processor.py:186} INFO - Started process (PID=18394) to work on /home/airflow/.local/lib/python3.12/site-packages/airflow/example_dags/example_external_task_marker_dag.py
[2025-05-06T15:09:45.627+0000] {processor.py:914} INFO - Processing file /home/airflow/.local/lib/python3.12/site-packages/airflow/example_dags/example_external_task_marker_dag.py for tasks to queue
[2025-05-06T15:09:45.631+0000] {logging_mixin.py:190} INFO - [2025-05-06T15:09:45.631+0000] {dagbag.py:588} INFO - Filling up the DagBag from /home/airflow/.local/lib/python3.12/site-packages/airflow/example_dags/example_external_task_marker_dag.py
[2025-05-06T15:09:45.646+0000] {processor.py:925} INFO - DAG(s) 'example_external_task_marker_child', 'example_external_task_marker_parent' retrieved from /home/airflow/.local/lib/python3.12/site-packages/airflow/example_dags/example_external_task_marker_dag.py
[2025-05-06T15:09:45.700+0000] {logging_mixin.py:190} INFO - [2025-05-06T15:09:45.699+0000] {dag.py:3239} INFO - Sync 2 DAGs
[2025-05-06T15:09:45.728+0000] {logging_mixin.py:190} INFO - [2025-05-06T15:09:45.728+0000] {dag.py:4180} INFO - Setting next_dagrun for example_external_task_marker_child to None, run_after=None
[2025-05-06T15:09:45.735+0000] {logging_mixin.py:190} INFO - [2025-05-06T15:09:45.735+0000] {dag.py:4180} INFO - Setting next_dagrun for example_external_task_marker_parent to None, run_after=None
[2025-05-06T15:09:45.795+0000] {processor.py:208} INFO - Processing /home/airflow/.local/lib/python3.12/site-packages/airflow/example_dags/example_external_task_marker_dag.py took 0.184 seconds
[2025-05-06T15:10:15.937+0000] {processor.py:186} INFO - Started process (PID=18471) to work on /home/airflow/.local/lib/python3.12/site-packages/airflow/example_dags/example_external_task_marker_dag.py
[2025-05-06T15:10:15.939+0000] {processor.py:914} INFO - Processing file /home/airflow/.local/lib/python3.12/site-packages/airflow/example_dags/example_external_task_marker_dag.py for tasks to queue
[2025-05-06T15:10:15.945+0000] {logging_mixin.py:190} INFO - [2025-05-06T15:10:15.944+0000] {dagbag.py:588} INFO - Filling up the DagBag from /home/airflow/.local/lib/python3.12/site-packages/airflow/example_dags/example_external_task_marker_dag.py
[2025-05-06T15:10:15.963+0000] {processor.py:925} INFO - DAG(s) 'example_external_task_marker_child', 'example_external_task_marker_parent' retrieved from /home/airflow/.local/lib/python3.12/site-packages/airflow/example_dags/example_external_task_marker_dag.py
[2025-05-06T15:10:16.010+0000] {logging_mixin.py:190} INFO - [2025-05-06T15:10:16.009+0000] {dag.py:3239} INFO - Sync 2 DAGs
[2025-05-06T15:10:16.039+0000] {logging_mixin.py:190} INFO - [2025-05-06T15:10:16.039+0000] {dag.py:4180} INFO - Setting next_dagrun for example_external_task_marker_child to None, run_after=None
[2025-05-06T15:10:16.050+0000] {logging_mixin.py:190} INFO - [2025-05-06T15:10:16.050+0000] {dag.py:4180} INFO - Setting next_dagrun for example_external_task_marker_parent to None, run_after=None
[2025-05-06T15:10:16.107+0000] {processor.py:208} INFO - Processing /home/airflow/.local/lib/python3.12/site-packages/airflow/example_dags/example_external_task_marker_dag.py took 0.186 seconds
[2025-05-06T15:10:46.728+0000] {processor.py:186} INFO - Started process (PID=18562) to work on /home/airflow/.local/lib/python3.12/site-packages/airflow/example_dags/example_external_task_marker_dag.py
[2025-05-06T15:10:46.730+0000] {processor.py:914} INFO - Processing file /home/airflow/.local/lib/python3.12/site-packages/airflow/example_dags/example_external_task_marker_dag.py for tasks to queue
[2025-05-06T15:10:46.735+0000] {logging_mixin.py:190} INFO - [2025-05-06T15:10:46.735+0000] {dagbag.py:588} INFO - Filling up the DagBag from /home/airflow/.local/lib/python3.12/site-packages/airflow/example_dags/example_external_task_marker_dag.py
[2025-05-06T15:10:46.754+0000] {processor.py:925} INFO - DAG(s) 'example_external_task_marker_parent', 'example_external_task_marker_child' retrieved from /home/airflow/.local/lib/python3.12/site-packages/airflow/example_dags/example_external_task_marker_dag.py
[2025-05-06T15:10:46.821+0000] {logging_mixin.py:190} INFO - [2025-05-06T15:10:46.820+0000] {dag.py:3239} INFO - Sync 2 DAGs
[2025-05-06T15:10:46.866+0000] {logging_mixin.py:190} INFO - [2025-05-06T15:10:46.866+0000] {dag.py:4180} INFO - Setting next_dagrun for example_external_task_marker_child to None, run_after=None
[2025-05-06T15:10:46.879+0000] {logging_mixin.py:190} INFO - [2025-05-06T15:10:46.879+0000] {dag.py:4180} INFO - Setting next_dagrun for example_external_task_marker_parent to None, run_after=None
[2025-05-06T15:10:46.924+0000] {processor.py:208} INFO - Processing /home/airflow/.local/lib/python3.12/site-packages/airflow/example_dags/example_external_task_marker_dag.py took 0.208 seconds
[2025-05-06T15:11:17.782+0000] {processor.py:186} INFO - Started process (PID=18653) to work on /home/airflow/.local/lib/python3.12/site-packages/airflow/example_dags/example_external_task_marker_dag.py
[2025-05-06T15:11:17.785+0000] {processor.py:914} INFO - Processing file /home/airflow/.local/lib/python3.12/site-packages/airflow/example_dags/example_external_task_marker_dag.py for tasks to queue
[2025-05-06T15:11:17.791+0000] {logging_mixin.py:190} INFO - [2025-05-06T15:11:17.790+0000] {dagbag.py:588} INFO - Filling up the DagBag from /home/airflow/.local/lib/python3.12/site-packages/airflow/example_dags/example_external_task_marker_dag.py
[2025-05-06T15:11:17.809+0000] {processor.py:925} INFO - DAG(s) 'example_external_task_marker_parent', 'example_external_task_marker_child' retrieved from /home/airflow/.local/lib/python3.12/site-packages/airflow/example_dags/example_external_task_marker_dag.py
[2025-05-06T15:11:17.863+0000] {logging_mixin.py:190} INFO - [2025-05-06T15:11:17.862+0000] {dag.py:3239} INFO - Sync 2 DAGs
[2025-05-06T15:11:17.897+0000] {logging_mixin.py:190} INFO - [2025-05-06T15:11:17.896+0000] {dag.py:4180} INFO - Setting next_dagrun for example_external_task_marker_child to None, run_after=None
[2025-05-06T15:11:17.905+0000] {logging_mixin.py:190} INFO - [2025-05-06T15:11:17.904+0000] {dag.py:4180} INFO - Setting next_dagrun for example_external_task_marker_parent to None, run_after=None
[2025-05-06T15:11:17.961+0000] {processor.py:208} INFO - Processing /home/airflow/.local/lib/python3.12/site-packages/airflow/example_dags/example_external_task_marker_dag.py took 0.190 seconds
[2025-05-06T15:11:48.583+0000] {processor.py:186} INFO - Started process (PID=18743) to work on /home/airflow/.local/lib/python3.12/site-packages/airflow/example_dags/example_external_task_marker_dag.py
[2025-05-06T15:11:48.585+0000] {processor.py:914} INFO - Processing file /home/airflow/.local/lib/python3.12/site-packages/airflow/example_dags/example_external_task_marker_dag.py for tasks to queue
[2025-05-06T15:11:48.591+0000] {logging_mixin.py:190} INFO - [2025-05-06T15:11:48.590+0000] {dagbag.py:588} INFO - Filling up the DagBag from /home/airflow/.local/lib/python3.12/site-packages/airflow/example_dags/example_external_task_marker_dag.py
[2025-05-06T15:11:48.606+0000] {processor.py:925} INFO - DAG(s) 'example_external_task_marker_child', 'example_external_task_marker_parent' retrieved from /home/airflow/.local/lib/python3.12/site-packages/airflow/example_dags/example_external_task_marker_dag.py
[2025-05-06T15:11:48.662+0000] {logging_mixin.py:190} INFO - [2025-05-06T15:11:48.661+0000] {dag.py:3239} INFO - Sync 2 DAGs
[2025-05-06T15:11:48.694+0000] {logging_mixin.py:190} INFO - [2025-05-06T15:11:48.694+0000] {dag.py:4180} INFO - Setting next_dagrun for example_external_task_marker_child to None, run_after=None
[2025-05-06T15:11:48.705+0000] {logging_mixin.py:190} INFO - [2025-05-06T15:11:48.704+0000] {dag.py:4180} INFO - Setting next_dagrun for example_external_task_marker_parent to None, run_after=None
[2025-05-06T15:11:48.749+0000] {processor.py:208} INFO - Processing /home/airflow/.local/lib/python3.12/site-packages/airflow/example_dags/example_external_task_marker_dag.py took 0.179 seconds
[2025-05-06T15:12:19.308+0000] {processor.py:186} INFO - Started process (PID=18833) to work on /home/airflow/.local/lib/python3.12/site-packages/airflow/example_dags/example_external_task_marker_dag.py
[2025-05-06T15:12:19.311+0000] {processor.py:914} INFO - Processing file /home/airflow/.local/lib/python3.12/site-packages/airflow/example_dags/example_external_task_marker_dag.py for tasks to queue
[2025-05-06T15:12:19.315+0000] {logging_mixin.py:190} INFO - [2025-05-06T15:12:19.315+0000] {dagbag.py:588} INFO - Filling up the DagBag from /home/airflow/.local/lib/python3.12/site-packages/airflow/example_dags/example_external_task_marker_dag.py
[2025-05-06T15:12:19.337+0000] {processor.py:925} INFO - DAG(s) 'example_external_task_marker_parent', 'example_external_task_marker_child' retrieved from /home/airflow/.local/lib/python3.12/site-packages/airflow/example_dags/example_external_task_marker_dag.py
[2025-05-06T15:12:19.389+0000] {logging_mixin.py:190} INFO - [2025-05-06T15:12:19.389+0000] {dag.py:3239} INFO - Sync 2 DAGs
[2025-05-06T15:12:19.423+0000] {logging_mixin.py:190} INFO - [2025-05-06T15:12:19.422+0000] {dag.py:4180} INFO - Setting next_dagrun for example_external_task_marker_child to None, run_after=None
[2025-05-06T15:12:19.434+0000] {logging_mixin.py:190} INFO - [2025-05-06T15:12:19.433+0000] {dag.py:4180} INFO - Setting next_dagrun for example_external_task_marker_parent to None, run_after=None
[2025-05-06T15:12:19.489+0000] {processor.py:208} INFO - Processing /home/airflow/.local/lib/python3.12/site-packages/airflow/example_dags/example_external_task_marker_dag.py took 0.193 seconds
[2025-05-06T15:12:50.001+0000] {processor.py:186} INFO - Started process (PID=18924) to work on /home/airflow/.local/lib/python3.12/site-packages/airflow/example_dags/example_external_task_marker_dag.py
[2025-05-06T15:12:50.003+0000] {processor.py:914} INFO - Processing file /home/airflow/.local/lib/python3.12/site-packages/airflow/example_dags/example_external_task_marker_dag.py for tasks to queue
[2025-05-06T15:12:50.009+0000] {logging_mixin.py:190} INFO - [2025-05-06T15:12:50.008+0000] {dagbag.py:588} INFO - Filling up the DagBag from /home/airflow/.local/lib/python3.12/site-packages/airflow/example_dags/example_external_task_marker_dag.py
[2025-05-06T15:12:50.026+0000] {processor.py:925} INFO - DAG(s) 'example_external_task_marker_parent', 'example_external_task_marker_child' retrieved from /home/airflow/.local/lib/python3.12/site-packages/airflow/example_dags/example_external_task_marker_dag.py
[2025-05-06T15:12:50.081+0000] {logging_mixin.py:190} INFO - [2025-05-06T15:12:50.081+0000] {dag.py:3239} INFO - Sync 2 DAGs
[2025-05-06T15:12:50.118+0000] {logging_mixin.py:190} INFO - [2025-05-06T15:12:50.117+0000] {dag.py:4180} INFO - Setting next_dagrun for example_external_task_marker_child to None, run_after=None
[2025-05-06T15:12:50.129+0000] {logging_mixin.py:190} INFO - [2025-05-06T15:12:50.129+0000] {dag.py:4180} INFO - Setting next_dagrun for example_external_task_marker_parent to None, run_after=None
[2025-05-06T15:12:50.187+0000] {processor.py:208} INFO - Processing /home/airflow/.local/lib/python3.12/site-packages/airflow/example_dags/example_external_task_marker_dag.py took 0.197 seconds
[2025-05-06T15:13:21.088+0000] {processor.py:186} INFO - Started process (PID=19016) to work on /home/airflow/.local/lib/python3.12/site-packages/airflow/example_dags/example_external_task_marker_dag.py
[2025-05-06T15:13:21.090+0000] {processor.py:914} INFO - Processing file /home/airflow/.local/lib/python3.12/site-packages/airflow/example_dags/example_external_task_marker_dag.py for tasks to queue
[2025-05-06T15:13:21.094+0000] {logging_mixin.py:190} INFO - [2025-05-06T15:13:21.093+0000] {dagbag.py:588} INFO - Filling up the DagBag from /home/airflow/.local/lib/python3.12/site-packages/airflow/example_dags/example_external_task_marker_dag.py
[2025-05-06T15:13:21.109+0000] {processor.py:925} INFO - DAG(s) 'example_external_task_marker_child', 'example_external_task_marker_parent' retrieved from /home/airflow/.local/lib/python3.12/site-packages/airflow/example_dags/example_external_task_marker_dag.py
[2025-05-06T15:13:21.152+0000] {logging_mixin.py:190} INFO - [2025-05-06T15:13:21.151+0000] {dag.py:3239} INFO - Sync 2 DAGs
[2025-05-06T15:13:21.181+0000] {logging_mixin.py:190} INFO - [2025-05-06T15:13:21.180+0000] {dag.py:4180} INFO - Setting next_dagrun for example_external_task_marker_child to None, run_after=None
[2025-05-06T15:13:21.189+0000] {logging_mixin.py:190} INFO - [2025-05-06T15:13:21.189+0000] {dag.py:4180} INFO - Setting next_dagrun for example_external_task_marker_parent to None, run_after=None
[2025-05-06T15:13:21.244+0000] {processor.py:208} INFO - Processing /home/airflow/.local/lib/python3.12/site-packages/airflow/example_dags/example_external_task_marker_dag.py took 0.170 seconds
[2025-05-06T15:13:55.418+0000] {processor.py:186} INFO - Started process (PID=19110) to work on /home/airflow/.local/lib/python3.12/site-packages/airflow/example_dags/example_external_task_marker_dag.py
[2025-05-06T15:13:55.420+0000] {processor.py:914} INFO - Processing file /home/airflow/.local/lib/python3.12/site-packages/airflow/example_dags/example_external_task_marker_dag.py for tasks to queue
[2025-05-06T15:13:55.425+0000] {logging_mixin.py:190} INFO - [2025-05-06T15:13:55.425+0000] {dagbag.py:588} INFO - Filling up the DagBag from /home/airflow/.local/lib/python3.12/site-packages/airflow/example_dags/example_external_task_marker_dag.py
[2025-05-06T15:13:55.441+0000] {processor.py:925} INFO - DAG(s) 'example_external_task_marker_child', 'example_external_task_marker_parent' retrieved from /home/airflow/.local/lib/python3.12/site-packages/airflow/example_dags/example_external_task_marker_dag.py
[2025-05-06T15:13:55.486+0000] {logging_mixin.py:190} INFO - [2025-05-06T15:13:55.485+0000] {dag.py:3239} INFO - Sync 2 DAGs
[2025-05-06T15:13:55.516+0000] {logging_mixin.py:190} INFO - [2025-05-06T15:13:55.516+0000] {dag.py:4180} INFO - Setting next_dagrun for example_external_task_marker_child to None, run_after=None
[2025-05-06T15:13:55.525+0000] {logging_mixin.py:190} INFO - [2025-05-06T15:13:55.525+0000] {dag.py:4180} INFO - Setting next_dagrun for example_external_task_marker_parent to None, run_after=None
[2025-05-06T15:13:55.870+0000] {processor.py:208} INFO - Processing /home/airflow/.local/lib/python3.12/site-packages/airflow/example_dags/example_external_task_marker_dag.py took 0.466 seconds
[2025-05-06T15:14:26.059+0000] {processor.py:186} INFO - Started process (PID=19187) to work on /home/airflow/.local/lib/python3.12/site-packages/airflow/example_dags/example_external_task_marker_dag.py
[2025-05-06T15:14:26.061+0000] {processor.py:914} INFO - Processing file /home/airflow/.local/lib/python3.12/site-packages/airflow/example_dags/example_external_task_marker_dag.py for tasks to queue
[2025-05-06T15:14:26.067+0000] {logging_mixin.py:190} INFO - [2025-05-06T15:14:26.066+0000] {dagbag.py:588} INFO - Filling up the DagBag from /home/airflow/.local/lib/python3.12/site-packages/airflow/example_dags/example_external_task_marker_dag.py
[2025-05-06T15:14:26.086+0000] {processor.py:925} INFO - DAG(s) 'example_external_task_marker_parent', 'example_external_task_marker_child' retrieved from /home/airflow/.local/lib/python3.12/site-packages/airflow/example_dags/example_external_task_marker_dag.py
[2025-05-06T15:14:26.135+0000] {logging_mixin.py:190} INFO - [2025-05-06T15:14:26.134+0000] {dag.py:3239} INFO - Sync 2 DAGs
[2025-05-06T15:14:26.173+0000] {logging_mixin.py:190} INFO - [2025-05-06T15:14:26.173+0000] {dag.py:4180} INFO - Setting next_dagrun for example_external_task_marker_child to None, run_after=None
[2025-05-06T15:14:26.183+0000] {logging_mixin.py:190} INFO - [2025-05-06T15:14:26.183+0000] {dag.py:4180} INFO - Setting next_dagrun for example_external_task_marker_parent to None, run_after=None
[2025-05-06T15:14:26.509+0000] {processor.py:208} INFO - Processing /home/airflow/.local/lib/python3.12/site-packages/airflow/example_dags/example_external_task_marker_dag.py took 0.464 seconds
[2025-05-06T15:14:57.103+0000] {processor.py:186} INFO - Started process (PID=19278) to work on /home/airflow/.local/lib/python3.12/site-packages/airflow/example_dags/example_external_task_marker_dag.py
[2025-05-06T15:14:57.106+0000] {processor.py:914} INFO - Processing file /home/airflow/.local/lib/python3.12/site-packages/airflow/example_dags/example_external_task_marker_dag.py for tasks to queue
[2025-05-06T15:14:57.110+0000] {logging_mixin.py:190} INFO - [2025-05-06T15:14:57.109+0000] {dagbag.py:588} INFO - Filling up the DagBag from /home/airflow/.local/lib/python3.12/site-packages/airflow/example_dags/example_external_task_marker_dag.py
[2025-05-06T15:14:57.126+0000] {processor.py:925} INFO - DAG(s) 'example_external_task_marker_parent', 'example_external_task_marker_child' retrieved from /home/airflow/.local/lib/python3.12/site-packages/airflow/example_dags/example_external_task_marker_dag.py
[2025-05-06T15:14:57.178+0000] {logging_mixin.py:190} INFO - [2025-05-06T15:14:57.178+0000] {dag.py:3239} INFO - Sync 2 DAGs
[2025-05-06T15:14:57.207+0000] {logging_mixin.py:190} INFO - [2025-05-06T15:14:57.206+0000] {dag.py:4180} INFO - Setting next_dagrun for example_external_task_marker_child to None, run_after=None
[2025-05-06T15:14:57.218+0000] {logging_mixin.py:190} INFO - [2025-05-06T15:14:57.217+0000] {dag.py:4180} INFO - Setting next_dagrun for example_external_task_marker_parent to None, run_after=None
[2025-05-06T15:14:57.256+0000] {processor.py:208} INFO - Processing /home/airflow/.local/lib/python3.12/site-packages/airflow/example_dags/example_external_task_marker_dag.py took 0.164 seconds
[2025-05-06T15:15:27.784+0000] {processor.py:186} INFO - Started process (PID=19369) to work on /home/airflow/.local/lib/python3.12/site-packages/airflow/example_dags/example_external_task_marker_dag.py
[2025-05-06T15:15:27.785+0000] {processor.py:914} INFO - Processing file /home/airflow/.local/lib/python3.12/site-packages/airflow/example_dags/example_external_task_marker_dag.py for tasks to queue
[2025-05-06T15:15:27.790+0000] {logging_mixin.py:190} INFO - [2025-05-06T15:15:27.789+0000] {dagbag.py:588} INFO - Filling up the DagBag from /home/airflow/.local/lib/python3.12/site-packages/airflow/example_dags/example_external_task_marker_dag.py
[2025-05-06T15:15:27.813+0000] {processor.py:925} INFO - DAG(s) 'example_external_task_marker_parent', 'example_external_task_marker_child' retrieved from /home/airflow/.local/lib/python3.12/site-packages/airflow/example_dags/example_external_task_marker_dag.py
[2025-05-06T15:15:27.871+0000] {logging_mixin.py:190} INFO - [2025-05-06T15:15:27.870+0000] {dag.py:3239} INFO - Sync 2 DAGs
[2025-05-06T15:15:27.906+0000] {logging_mixin.py:190} INFO - [2025-05-06T15:15:27.905+0000] {dag.py:4180} INFO - Setting next_dagrun for example_external_task_marker_child to None, run_after=None
[2025-05-06T15:15:27.915+0000] {logging_mixin.py:190} INFO - [2025-05-06T15:15:27.915+0000] {dag.py:4180} INFO - Setting next_dagrun for example_external_task_marker_parent to None, run_after=None
[2025-05-06T15:15:27.949+0000] {processor.py:208} INFO - Processing /home/airflow/.local/lib/python3.12/site-packages/airflow/example_dags/example_external_task_marker_dag.py took 0.179 seconds
[2025-05-06T15:15:58.818+0000] {processor.py:186} INFO - Started process (PID=19466) to work on /home/airflow/.local/lib/python3.12/site-packages/airflow/example_dags/example_external_task_marker_dag.py
[2025-05-06T15:15:58.821+0000] {processor.py:914} INFO - Processing file /home/airflow/.local/lib/python3.12/site-packages/airflow/example_dags/example_external_task_marker_dag.py for tasks to queue
[2025-05-06T15:15:58.826+0000] {logging_mixin.py:190} INFO - [2025-05-06T15:15:58.825+0000] {dagbag.py:588} INFO - Filling up the DagBag from /home/airflow/.local/lib/python3.12/site-packages/airflow/example_dags/example_external_task_marker_dag.py
[2025-05-06T15:15:58.843+0000] {processor.py:925} INFO - DAG(s) 'example_external_task_marker_child', 'example_external_task_marker_parent' retrieved from /home/airflow/.local/lib/python3.12/site-packages/airflow/example_dags/example_external_task_marker_dag.py
[2025-05-06T15:15:58.901+0000] {logging_mixin.py:190} INFO - [2025-05-06T15:15:58.900+0000] {dag.py:3239} INFO - Sync 2 DAGs
[2025-05-06T15:15:58.938+0000] {logging_mixin.py:190} INFO - [2025-05-06T15:15:58.937+0000] {dag.py:4180} INFO - Setting next_dagrun for example_external_task_marker_child to None, run_after=None
[2025-05-06T15:15:58.947+0000] {logging_mixin.py:190} INFO - [2025-05-06T15:15:58.946+0000] {dag.py:4180} INFO - Setting next_dagrun for example_external_task_marker_parent to None, run_after=None
[2025-05-06T15:15:58.991+0000] {processor.py:208} INFO - Processing /home/airflow/.local/lib/python3.12/site-packages/airflow/example_dags/example_external_task_marker_dag.py took 0.184 seconds
[2025-05-06T15:16:29.261+0000] {processor.py:186} INFO - Started process (PID=19557) to work on /home/airflow/.local/lib/python3.12/site-packages/airflow/example_dags/example_external_task_marker_dag.py
[2025-05-06T15:16:29.263+0000] {processor.py:914} INFO - Processing file /home/airflow/.local/lib/python3.12/site-packages/airflow/example_dags/example_external_task_marker_dag.py for tasks to queue
[2025-05-06T15:16:29.268+0000] {logging_mixin.py:190} INFO - [2025-05-06T15:16:29.267+0000] {dagbag.py:588} INFO - Filling up the DagBag from /home/airflow/.local/lib/python3.12/site-packages/airflow/example_dags/example_external_task_marker_dag.py
[2025-05-06T15:16:29.608+0000] {processor.py:925} INFO - DAG(s) 'example_external_task_marker_parent', 'example_external_task_marker_child' retrieved from /home/airflow/.local/lib/python3.12/site-packages/airflow/example_dags/example_external_task_marker_dag.py
[2025-05-06T15:16:29.653+0000] {logging_mixin.py:190} INFO - [2025-05-06T15:16:29.652+0000] {dag.py:3239} INFO - Sync 2 DAGs
[2025-05-06T15:16:29.683+0000] {logging_mixin.py:190} INFO - [2025-05-06T15:16:29.682+0000] {dag.py:4180} INFO - Setting next_dagrun for example_external_task_marker_child to None, run_after=None
[2025-05-06T15:16:29.691+0000] {logging_mixin.py:190} INFO - [2025-05-06T15:16:29.691+0000] {dag.py:4180} INFO - Setting next_dagrun for example_external_task_marker_parent to None, run_after=None
[2025-05-06T15:16:29.748+0000] {processor.py:208} INFO - Processing /home/airflow/.local/lib/python3.12/site-packages/airflow/example_dags/example_external_task_marker_dag.py took 0.498 seconds
[2025-05-06T15:17:00.550+0000] {processor.py:186} INFO - Started process (PID=19649) to work on /home/airflow/.local/lib/python3.12/site-packages/airflow/example_dags/example_external_task_marker_dag.py
[2025-05-06T15:17:00.551+0000] {processor.py:914} INFO - Processing file /home/airflow/.local/lib/python3.12/site-packages/airflow/example_dags/example_external_task_marker_dag.py for tasks to queue
[2025-05-06T15:17:00.556+0000] {logging_mixin.py:190} INFO - [2025-05-06T15:17:00.556+0000] {dagbag.py:588} INFO - Filling up the DagBag from /home/airflow/.local/lib/python3.12/site-packages/airflow/example_dags/example_external_task_marker_dag.py
[2025-05-06T15:17:00.579+0000] {processor.py:925} INFO - DAG(s) 'example_external_task_marker_parent', 'example_external_task_marker_child' retrieved from /home/airflow/.local/lib/python3.12/site-packages/airflow/example_dags/example_external_task_marker_dag.py
[2025-05-06T15:17:00.632+0000] {logging_mixin.py:190} INFO - [2025-05-06T15:17:00.632+0000] {dag.py:3239} INFO - Sync 2 DAGs
[2025-05-06T15:17:00.660+0000] {logging_mixin.py:190} INFO - [2025-05-06T15:17:00.659+0000] {dag.py:4180} INFO - Setting next_dagrun for example_external_task_marker_child to None, run_after=None
[2025-05-06T15:17:00.668+0000] {logging_mixin.py:190} INFO - [2025-05-06T15:17:00.668+0000] {dag.py:4180} INFO - Setting next_dagrun for example_external_task_marker_parent to None, run_after=None
[2025-05-06T15:17:00.724+0000] {processor.py:208} INFO - Processing /home/airflow/.local/lib/python3.12/site-packages/airflow/example_dags/example_external_task_marker_dag.py took 0.187 seconds
[2025-05-06T15:17:30.864+0000] {processor.py:186} INFO - Started process (PID=19726) to work on /home/airflow/.local/lib/python3.12/site-packages/airflow/example_dags/example_external_task_marker_dag.py
[2025-05-06T15:17:30.866+0000] {processor.py:914} INFO - Processing file /home/airflow/.local/lib/python3.12/site-packages/airflow/example_dags/example_external_task_marker_dag.py for tasks to queue
[2025-05-06T15:17:30.870+0000] {logging_mixin.py:190} INFO - [2025-05-06T15:17:30.869+0000] {dagbag.py:588} INFO - Filling up the DagBag from /home/airflow/.local/lib/python3.12/site-packages/airflow/example_dags/example_external_task_marker_dag.py
[2025-05-06T15:17:30.893+0000] {processor.py:925} INFO - DAG(s) 'example_external_task_marker_child', 'example_external_task_marker_parent' retrieved from /home/airflow/.local/lib/python3.12/site-packages/airflow/example_dags/example_external_task_marker_dag.py
[2025-05-06T15:17:30.949+0000] {logging_mixin.py:190} INFO - [2025-05-06T15:17:30.948+0000] {dag.py:3239} INFO - Sync 2 DAGs
[2025-05-06T15:17:30.976+0000] {logging_mixin.py:190} INFO - [2025-05-06T15:17:30.976+0000] {dag.py:4180} INFO - Setting next_dagrun for example_external_task_marker_child to None, run_after=None
[2025-05-06T15:17:30.982+0000] {logging_mixin.py:190} INFO - [2025-05-06T15:17:30.982+0000] {dag.py:4180} INFO - Setting next_dagrun for example_external_task_marker_parent to None, run_after=None
[2025-05-06T15:17:31.033+0000] {processor.py:208} INFO - Processing /home/airflow/.local/lib/python3.12/site-packages/airflow/example_dags/example_external_task_marker_dag.py took 0.184 seconds
[2025-05-06T15:18:01.227+0000] {processor.py:186} INFO - Started process (PID=19817) to work on /home/airflow/.local/lib/python3.12/site-packages/airflow/example_dags/example_external_task_marker_dag.py
[2025-05-06T15:18:01.229+0000] {processor.py:914} INFO - Processing file /home/airflow/.local/lib/python3.12/site-packages/airflow/example_dags/example_external_task_marker_dag.py for tasks to queue
[2025-05-06T15:18:01.235+0000] {logging_mixin.py:190} INFO - [2025-05-06T15:18:01.235+0000] {dagbag.py:588} INFO - Filling up the DagBag from /home/airflow/.local/lib/python3.12/site-packages/airflow/example_dags/example_external_task_marker_dag.py
[2025-05-06T15:18:01.250+0000] {processor.py:925} INFO - DAG(s) 'example_external_task_marker_child', 'example_external_task_marker_parent' retrieved from /home/airflow/.local/lib/python3.12/site-packages/airflow/example_dags/example_external_task_marker_dag.py
[2025-05-06T15:18:01.294+0000] {logging_mixin.py:190} INFO - [2025-05-06T15:18:01.293+0000] {dag.py:3239} INFO - Sync 2 DAGs
[2025-05-06T15:18:01.329+0000] {logging_mixin.py:190} INFO - [2025-05-06T15:18:01.328+0000] {dag.py:4180} INFO - Setting next_dagrun for example_external_task_marker_child to None, run_after=None
[2025-05-06T15:18:01.339+0000] {logging_mixin.py:190} INFO - [2025-05-06T15:18:01.338+0000] {dag.py:4180} INFO - Setting next_dagrun for example_external_task_marker_parent to None, run_after=None
[2025-05-06T15:18:01.392+0000] {processor.py:208} INFO - Processing /home/airflow/.local/lib/python3.12/site-packages/airflow/example_dags/example_external_task_marker_dag.py took 0.175 seconds
