[2025-05-06T14:48:22.881+0000] {processor.py:186} INFO - Started process (PID=14891) to work on /home/airflow/.local/lib/python3.12/site-packages/airflow/example_dags/example_complex.py
[2025-05-06T14:48:22.883+0000] {processor.py:914} INFO - Processing file /home/airflow/.local/lib/python3.12/site-packages/airflow/example_dags/example_complex.py for tasks to queue
[2025-05-06T14:48:22.885+0000] {logging_mixin.py:190} INFO - [2025-05-06T14:48:22.885+0000] {dagbag.py:588} INFO - Filling up the DagBag from /home/airflow/.local/lib/python3.12/site-packages/airflow/example_dags/example_complex.py
[2025-05-06T14:48:22.897+0000] {processor.py:925} INFO - DAG(s) 'example_complex' retrieved from /home/airflow/.local/lib/python3.12/site-packages/airflow/example_dags/example_complex.py
[2025-05-06T14:48:22.961+0000] {logging_mixin.py:190} INFO - [2025-05-06T14:48:22.961+0000] {dag.py:3239} INFO - Sync 1 DAGs
[2025-05-06T14:48:22.987+0000] {logging_mixin.py:190} INFO - [2025-05-06T14:48:22.987+0000] {dag.py:4180} INFO - Setting next_dagrun for example_complex to None, run_after=None
[2025-05-06T14:48:23.010+0000] {processor.py:208} INFO - Processing /home/airflow/.local/lib/python3.12/site-packages/airflow/example_dags/example_complex.py took 0.135 seconds
[2025-05-06T14:49:11.473+0000] {processor.py:186} INFO - Started process (PID=14988) to work on /home/airflow/.local/lib/python3.12/site-packages/airflow/example_dags/example_complex.py
[2025-05-06T14:49:11.483+0000] {processor.py:914} INFO - Processing file /home/airflow/.local/lib/python3.12/site-packages/airflow/example_dags/example_complex.py for tasks to queue
[2025-05-06T14:49:11.511+0000] {logging_mixin.py:190} INFO - [2025-05-06T14:49:11.508+0000] {dagbag.py:588} INFO - Filling up the DagBag from /home/airflow/.local/lib/python3.12/site-packages/airflow/example_dags/example_complex.py
[2025-05-06T14:49:11.611+0000] {processor.py:925} INFO - DAG(s) 'example_complex' retrieved from /home/airflow/.local/lib/python3.12/site-packages/airflow/example_dags/example_complex.py
[2025-05-06T14:49:11.921+0000] {logging_mixin.py:190} INFO - [2025-05-06T14:49:11.920+0000] {dag.py:3239} INFO - Sync 1 DAGs
[2025-05-06T14:49:12.058+0000] {logging_mixin.py:190} INFO - [2025-05-06T14:49:12.057+0000] {dag.py:4180} INFO - Setting next_dagrun for example_complex to None, run_after=None
[2025-05-06T14:49:12.237+0000] {processor.py:208} INFO - Processing /home/airflow/.local/lib/python3.12/site-packages/airflow/example_dags/example_complex.py took 0.800 seconds
[2025-05-06T14:50:34.842+0000] {processor.py:186} INFO - Started process (PID=15092) to work on /home/airflow/.local/lib/python3.12/site-packages/airflow/example_dags/example_complex.py
[2025-05-06T14:50:34.849+0000] {processor.py:914} INFO - Processing file /home/airflow/.local/lib/python3.12/site-packages/airflow/example_dags/example_complex.py for tasks to queue
[2025-05-06T14:50:34.877+0000] {logging_mixin.py:190} INFO - [2025-05-06T14:50:34.874+0000] {dagbag.py:588} INFO - Filling up the DagBag from /home/airflow/.local/lib/python3.12/site-packages/airflow/example_dags/example_complex.py
[2025-05-06T14:50:34.965+0000] {processor.py:925} INFO - DAG(s) 'example_complex' retrieved from /home/airflow/.local/lib/python3.12/site-packages/airflow/example_dags/example_complex.py
[2025-05-06T14:50:35.214+0000] {logging_mixin.py:190} INFO - [2025-05-06T14:50:35.213+0000] {dag.py:3239} INFO - Sync 1 DAGs
[2025-05-06T14:50:35.352+0000] {logging_mixin.py:190} INFO - [2025-05-06T14:50:35.351+0000] {dag.py:4180} INFO - Setting next_dagrun for example_complex to None, run_after=None
[2025-05-06T14:50:35.498+0000] {processor.py:208} INFO - Processing /home/airflow/.local/lib/python3.12/site-packages/airflow/example_dags/example_complex.py took 0.707 seconds
[2025-05-06T14:51:05.696+0000] {processor.py:186} INFO - Started process (PID=15182) to work on /home/airflow/.local/lib/python3.12/site-packages/airflow/example_dags/example_complex.py
[2025-05-06T14:51:05.700+0000] {processor.py:914} INFO - Processing file /home/airflow/.local/lib/python3.12/site-packages/airflow/example_dags/example_complex.py for tasks to queue
[2025-05-06T14:51:05.706+0000] {logging_mixin.py:190} INFO - [2025-05-06T14:51:05.706+0000] {dagbag.py:588} INFO - Filling up the DagBag from /home/airflow/.local/lib/python3.12/site-packages/airflow/example_dags/example_complex.py
[2025-05-06T14:51:05.737+0000] {processor.py:925} INFO - DAG(s) 'example_complex' retrieved from /home/airflow/.local/lib/python3.12/site-packages/airflow/example_dags/example_complex.py
[2025-05-06T14:51:05.812+0000] {logging_mixin.py:190} INFO - [2025-05-06T14:51:05.811+0000] {dag.py:3239} INFO - Sync 1 DAGs
[2025-05-06T14:51:05.848+0000] {logging_mixin.py:190} INFO - [2025-05-06T14:51:05.847+0000] {dag.py:4180} INFO - Setting next_dagrun for example_complex to None, run_after=None
[2025-05-06T14:51:05.892+0000] {processor.py:208} INFO - Processing /home/airflow/.local/lib/python3.12/site-packages/airflow/example_dags/example_complex.py took 0.210 seconds
[2025-05-06T14:51:36.327+0000] {processor.py:186} INFO - Started process (PID=15273) to work on /home/airflow/.local/lib/python3.12/site-packages/airflow/example_dags/example_complex.py
[2025-05-06T14:51:36.330+0000] {processor.py:914} INFO - Processing file /home/airflow/.local/lib/python3.12/site-packages/airflow/example_dags/example_complex.py for tasks to queue
[2025-05-06T14:51:36.334+0000] {logging_mixin.py:190} INFO - [2025-05-06T14:51:36.333+0000] {dagbag.py:588} INFO - Filling up the DagBag from /home/airflow/.local/lib/python3.12/site-packages/airflow/example_dags/example_complex.py
[2025-05-06T14:51:36.353+0000] {processor.py:925} INFO - DAG(s) 'example_complex' retrieved from /home/airflow/.local/lib/python3.12/site-packages/airflow/example_dags/example_complex.py
[2025-05-06T14:51:36.403+0000] {logging_mixin.py:190} INFO - [2025-05-06T14:51:36.402+0000] {dag.py:3239} INFO - Sync 1 DAGs
[2025-05-06T14:51:36.424+0000] {logging_mixin.py:190} INFO - [2025-05-06T14:51:36.423+0000] {dag.py:4180} INFO - Setting next_dagrun for example_complex to None, run_after=None
[2025-05-06T14:51:36.460+0000] {processor.py:208} INFO - Processing /home/airflow/.local/lib/python3.12/site-packages/airflow/example_dags/example_complex.py took 0.141 seconds
[2025-05-06T14:52:06.660+0000] {processor.py:186} INFO - Started process (PID=15364) to work on /home/airflow/.local/lib/python3.12/site-packages/airflow/example_dags/example_complex.py
[2025-05-06T14:52:06.663+0000] {processor.py:914} INFO - Processing file /home/airflow/.local/lib/python3.12/site-packages/airflow/example_dags/example_complex.py for tasks to queue
[2025-05-06T14:52:06.667+0000] {logging_mixin.py:190} INFO - [2025-05-06T14:52:06.667+0000] {dagbag.py:588} INFO - Filling up the DagBag from /home/airflow/.local/lib/python3.12/site-packages/airflow/example_dags/example_complex.py
[2025-05-06T14:52:06.693+0000] {processor.py:925} INFO - DAG(s) 'example_complex' retrieved from /home/airflow/.local/lib/python3.12/site-packages/airflow/example_dags/example_complex.py
[2025-05-06T14:52:06.757+0000] {logging_mixin.py:190} INFO - [2025-05-06T14:52:06.756+0000] {dag.py:3239} INFO - Sync 1 DAGs
[2025-05-06T14:52:06.787+0000] {logging_mixin.py:190} INFO - [2025-05-06T14:52:06.786+0000] {dag.py:4180} INFO - Setting next_dagrun for example_complex to None, run_after=None
[2025-05-06T14:52:06.849+0000] {processor.py:208} INFO - Processing /home/airflow/.local/lib/python3.12/site-packages/airflow/example_dags/example_complex.py took 0.200 seconds
[2025-05-06T14:52:37.480+0000] {processor.py:186} INFO - Started process (PID=15455) to work on /home/airflow/.local/lib/python3.12/site-packages/airflow/example_dags/example_complex.py
[2025-05-06T14:52:37.482+0000] {processor.py:914} INFO - Processing file /home/airflow/.local/lib/python3.12/site-packages/airflow/example_dags/example_complex.py for tasks to queue
[2025-05-06T14:52:37.488+0000] {logging_mixin.py:190} INFO - [2025-05-06T14:52:37.487+0000] {dagbag.py:588} INFO - Filling up the DagBag from /home/airflow/.local/lib/python3.12/site-packages/airflow/example_dags/example_complex.py
[2025-05-06T14:52:37.520+0000] {processor.py:925} INFO - DAG(s) 'example_complex' retrieved from /home/airflow/.local/lib/python3.12/site-packages/airflow/example_dags/example_complex.py
[2025-05-06T14:52:37.602+0000] {logging_mixin.py:190} INFO - [2025-05-06T14:52:37.601+0000] {dag.py:3239} INFO - Sync 1 DAGs
[2025-05-06T14:52:37.641+0000] {logging_mixin.py:190} INFO - [2025-05-06T14:52:37.640+0000] {dag.py:4180} INFO - Setting next_dagrun for example_complex to None, run_after=None
[2025-05-06T14:52:37.681+0000] {processor.py:208} INFO - Processing /home/airflow/.local/lib/python3.12/site-packages/airflow/example_dags/example_complex.py took 0.218 seconds
[2025-05-06T14:53:08.147+0000] {processor.py:186} INFO - Started process (PID=15546) to work on /home/airflow/.local/lib/python3.12/site-packages/airflow/example_dags/example_complex.py
[2025-05-06T14:53:08.149+0000] {processor.py:914} INFO - Processing file /home/airflow/.local/lib/python3.12/site-packages/airflow/example_dags/example_complex.py for tasks to queue
[2025-05-06T14:53:08.154+0000] {logging_mixin.py:190} INFO - [2025-05-06T14:53:08.153+0000] {dagbag.py:588} INFO - Filling up the DagBag from /home/airflow/.local/lib/python3.12/site-packages/airflow/example_dags/example_complex.py
[2025-05-06T14:53:08.181+0000] {processor.py:925} INFO - DAG(s) 'example_complex' retrieved from /home/airflow/.local/lib/python3.12/site-packages/airflow/example_dags/example_complex.py
[2025-05-06T14:53:08.242+0000] {logging_mixin.py:190} INFO - [2025-05-06T14:53:08.241+0000] {dag.py:3239} INFO - Sync 1 DAGs
[2025-05-06T14:53:08.270+0000] {logging_mixin.py:190} INFO - [2025-05-06T14:53:08.270+0000] {dag.py:4180} INFO - Setting next_dagrun for example_complex to None, run_after=None
[2025-05-06T14:53:08.329+0000] {processor.py:208} INFO - Processing /home/airflow/.local/lib/python3.12/site-packages/airflow/example_dags/example_complex.py took 0.194 seconds
[2025-05-06T14:53:38.809+0000] {processor.py:186} INFO - Started process (PID=15637) to work on /home/airflow/.local/lib/python3.12/site-packages/airflow/example_dags/example_complex.py
[2025-05-06T14:53:38.811+0000] {processor.py:914} INFO - Processing file /home/airflow/.local/lib/python3.12/site-packages/airflow/example_dags/example_complex.py for tasks to queue
[2025-05-06T14:53:38.816+0000] {logging_mixin.py:190} INFO - [2025-05-06T14:53:38.816+0000] {dagbag.py:588} INFO - Filling up the DagBag from /home/airflow/.local/lib/python3.12/site-packages/airflow/example_dags/example_complex.py
[2025-05-06T14:53:38.835+0000] {processor.py:925} INFO - DAG(s) 'example_complex' retrieved from /home/airflow/.local/lib/python3.12/site-packages/airflow/example_dags/example_complex.py
[2025-05-06T14:53:38.891+0000] {logging_mixin.py:190} INFO - [2025-05-06T14:53:38.891+0000] {dag.py:3239} INFO - Sync 1 DAGs
[2025-05-06T14:53:38.921+0000] {logging_mixin.py:190} INFO - [2025-05-06T14:53:38.920+0000] {dag.py:4180} INFO - Setting next_dagrun for example_complex to None, run_after=None
[2025-05-06T14:53:38.954+0000] {processor.py:208} INFO - Processing /home/airflow/.local/lib/python3.12/site-packages/airflow/example_dags/example_complex.py took 0.156 seconds
[2025-05-06T14:54:09.229+0000] {processor.py:186} INFO - Started process (PID=15714) to work on /home/airflow/.local/lib/python3.12/site-packages/airflow/example_dags/example_complex.py
[2025-05-06T14:54:09.231+0000] {processor.py:914} INFO - Processing file /home/airflow/.local/lib/python3.12/site-packages/airflow/example_dags/example_complex.py for tasks to queue
[2025-05-06T14:54:09.236+0000] {logging_mixin.py:190} INFO - [2025-05-06T14:54:09.235+0000] {dagbag.py:588} INFO - Filling up the DagBag from /home/airflow/.local/lib/python3.12/site-packages/airflow/example_dags/example_complex.py
[2025-05-06T14:54:09.274+0000] {processor.py:925} INFO - DAG(s) 'example_complex' retrieved from /home/airflow/.local/lib/python3.12/site-packages/airflow/example_dags/example_complex.py
[2025-05-06T14:54:09.344+0000] {logging_mixin.py:190} INFO - [2025-05-06T14:54:09.344+0000] {dag.py:3239} INFO - Sync 1 DAGs
[2025-05-06T14:54:09.375+0000] {logging_mixin.py:190} INFO - [2025-05-06T14:54:09.374+0000] {dag.py:4180} INFO - Setting next_dagrun for example_complex to None, run_after=None
[2025-05-06T14:54:09.415+0000] {processor.py:208} INFO - Processing /home/airflow/.local/lib/python3.12/site-packages/airflow/example_dags/example_complex.py took 0.205 seconds
[2025-05-06T14:54:41.516+0000] {processor.py:186} INFO - Started process (PID=15805) to work on /home/airflow/.local/lib/python3.12/site-packages/airflow/example_dags/example_complex.py
[2025-05-06T14:54:41.518+0000] {processor.py:914} INFO - Processing file /home/airflow/.local/lib/python3.12/site-packages/airflow/example_dags/example_complex.py for tasks to queue
[2025-05-06T14:54:41.523+0000] {logging_mixin.py:190} INFO - [2025-05-06T14:54:41.522+0000] {dagbag.py:588} INFO - Filling up the DagBag from /home/airflow/.local/lib/python3.12/site-packages/airflow/example_dags/example_complex.py
[2025-05-06T14:54:41.544+0000] {processor.py:925} INFO - DAG(s) 'example_complex' retrieved from /home/airflow/.local/lib/python3.12/site-packages/airflow/example_dags/example_complex.py
[2025-05-06T14:54:41.602+0000] {logging_mixin.py:190} INFO - [2025-05-06T14:54:41.601+0000] {dag.py:3239} INFO - Sync 1 DAGs
[2025-05-06T14:54:41.631+0000] {logging_mixin.py:190} INFO - [2025-05-06T14:54:41.631+0000] {dag.py:4180} INFO - Setting next_dagrun for example_complex to None, run_after=None
[2025-05-06T14:54:41.672+0000] {processor.py:208} INFO - Processing /home/airflow/.local/lib/python3.12/site-packages/airflow/example_dags/example_complex.py took 0.169 seconds
[2025-05-06T14:55:14.331+0000] {processor.py:186} INFO - Started process (PID=15896) to work on /home/airflow/.local/lib/python3.12/site-packages/airflow/example_dags/example_complex.py
[2025-05-06T14:55:14.333+0000] {processor.py:914} INFO - Processing file /home/airflow/.local/lib/python3.12/site-packages/airflow/example_dags/example_complex.py for tasks to queue
[2025-05-06T14:55:14.339+0000] {logging_mixin.py:190} INFO - [2025-05-06T14:55:14.338+0000] {dagbag.py:588} INFO - Filling up the DagBag from /home/airflow/.local/lib/python3.12/site-packages/airflow/example_dags/example_complex.py
[2025-05-06T14:55:14.365+0000] {processor.py:925} INFO - DAG(s) 'example_complex' retrieved from /home/airflow/.local/lib/python3.12/site-packages/airflow/example_dags/example_complex.py
[2025-05-06T14:55:14.426+0000] {logging_mixin.py:190} INFO - [2025-05-06T14:55:14.426+0000] {dag.py:3239} INFO - Sync 1 DAGs
[2025-05-06T14:55:14.462+0000] {logging_mixin.py:190} INFO - [2025-05-06T14:55:14.461+0000] {dag.py:4180} INFO - Setting next_dagrun for example_complex to None, run_after=None
[2025-05-06T14:55:14.528+0000] {processor.py:208} INFO - Processing /home/airflow/.local/lib/python3.12/site-packages/airflow/example_dags/example_complex.py took 0.210 seconds
[2025-05-06T14:55:44.673+0000] {processor.py:186} INFO - Started process (PID=15973) to work on /home/airflow/.local/lib/python3.12/site-packages/airflow/example_dags/example_complex.py
[2025-05-06T14:55:44.675+0000] {processor.py:914} INFO - Processing file /home/airflow/.local/lib/python3.12/site-packages/airflow/example_dags/example_complex.py for tasks to queue
[2025-05-06T14:55:44.679+0000] {logging_mixin.py:190} INFO - [2025-05-06T14:55:44.678+0000] {dagbag.py:588} INFO - Filling up the DagBag from /home/airflow/.local/lib/python3.12/site-packages/airflow/example_dags/example_complex.py
[2025-05-06T14:55:44.701+0000] {processor.py:925} INFO - DAG(s) 'example_complex' retrieved from /home/airflow/.local/lib/python3.12/site-packages/airflow/example_dags/example_complex.py
[2025-05-06T14:55:44.758+0000] {logging_mixin.py:190} INFO - [2025-05-06T14:55:44.758+0000] {dag.py:3239} INFO - Sync 1 DAGs
[2025-05-06T14:55:44.786+0000] {logging_mixin.py:190} INFO - [2025-05-06T14:55:44.785+0000] {dag.py:4180} INFO - Setting next_dagrun for example_complex to None, run_after=None
[2025-05-06T14:55:44.839+0000] {processor.py:208} INFO - Processing /home/airflow/.local/lib/python3.12/site-packages/airflow/example_dags/example_complex.py took 0.178 seconds
[2025-05-06T14:56:15.855+0000] {processor.py:186} INFO - Started process (PID=16064) to work on /home/airflow/.local/lib/python3.12/site-packages/airflow/example_dags/example_complex.py
[2025-05-06T14:56:15.857+0000] {processor.py:914} INFO - Processing file /home/airflow/.local/lib/python3.12/site-packages/airflow/example_dags/example_complex.py for tasks to queue
[2025-05-06T14:56:15.863+0000] {logging_mixin.py:190} INFO - [2025-05-06T14:56:15.862+0000] {dagbag.py:588} INFO - Filling up the DagBag from /home/airflow/.local/lib/python3.12/site-packages/airflow/example_dags/example_complex.py
[2025-05-06T14:56:15.893+0000] {processor.py:925} INFO - DAG(s) 'example_complex' retrieved from /home/airflow/.local/lib/python3.12/site-packages/airflow/example_dags/example_complex.py
[2025-05-06T14:56:15.965+0000] {logging_mixin.py:190} INFO - [2025-05-06T14:56:15.965+0000] {dag.py:3239} INFO - Sync 1 DAGs
[2025-05-06T14:56:16.000+0000] {logging_mixin.py:190} INFO - [2025-05-06T14:56:16.000+0000] {dag.py:4180} INFO - Setting next_dagrun for example_complex to None, run_after=None
[2025-05-06T14:56:16.045+0000] {processor.py:208} INFO - Processing /home/airflow/.local/lib/python3.12/site-packages/airflow/example_dags/example_complex.py took 0.202 seconds
[2025-05-06T14:56:46.521+0000] {processor.py:186} INFO - Started process (PID=16155) to work on /home/airflow/.local/lib/python3.12/site-packages/airflow/example_dags/example_complex.py
[2025-05-06T14:56:46.523+0000] {processor.py:914} INFO - Processing file /home/airflow/.local/lib/python3.12/site-packages/airflow/example_dags/example_complex.py for tasks to queue
[2025-05-06T14:56:46.528+0000] {logging_mixin.py:190} INFO - [2025-05-06T14:56:46.528+0000] {dagbag.py:588} INFO - Filling up the DagBag from /home/airflow/.local/lib/python3.12/site-packages/airflow/example_dags/example_complex.py
[2025-05-06T14:56:46.552+0000] {processor.py:925} INFO - DAG(s) 'example_complex' retrieved from /home/airflow/.local/lib/python3.12/site-packages/airflow/example_dags/example_complex.py
[2025-05-06T14:56:46.615+0000] {logging_mixin.py:190} INFO - [2025-05-06T14:56:46.614+0000] {dag.py:3239} INFO - Sync 1 DAGs
[2025-05-06T14:56:46.646+0000] {logging_mixin.py:190} INFO - [2025-05-06T14:56:46.646+0000] {dag.py:4180} INFO - Setting next_dagrun for example_complex to None, run_after=None
[2025-05-06T14:56:46.685+0000] {processor.py:208} INFO - Processing /home/airflow/.local/lib/python3.12/site-packages/airflow/example_dags/example_complex.py took 0.175 seconds
[2025-05-06T14:57:17.668+0000] {processor.py:186} INFO - Started process (PID=16247) to work on /home/airflow/.local/lib/python3.12/site-packages/airflow/example_dags/example_complex.py
[2025-05-06T14:57:17.670+0000] {processor.py:914} INFO - Processing file /home/airflow/.local/lib/python3.12/site-packages/airflow/example_dags/example_complex.py for tasks to queue
[2025-05-06T14:57:17.675+0000] {logging_mixin.py:190} INFO - [2025-05-06T14:57:17.674+0000] {dagbag.py:588} INFO - Filling up the DagBag from /home/airflow/.local/lib/python3.12/site-packages/airflow/example_dags/example_complex.py
[2025-05-06T14:57:17.696+0000] {processor.py:925} INFO - DAG(s) 'example_complex' retrieved from /home/airflow/.local/lib/python3.12/site-packages/airflow/example_dags/example_complex.py
[2025-05-06T14:57:17.751+0000] {logging_mixin.py:190} INFO - [2025-05-06T14:57:17.750+0000] {dag.py:3239} INFO - Sync 1 DAGs
[2025-05-06T14:57:17.776+0000] {logging_mixin.py:190} INFO - [2025-05-06T14:57:17.776+0000] {dag.py:4180} INFO - Setting next_dagrun for example_complex to None, run_after=None
[2025-05-06T14:57:17.826+0000] {processor.py:208} INFO - Processing /home/airflow/.local/lib/python3.12/site-packages/airflow/example_dags/example_complex.py took 0.169 seconds
[2025-05-06T14:57:48.564+0000] {processor.py:186} INFO - Started process (PID=16337) to work on /home/airflow/.local/lib/python3.12/site-packages/airflow/example_dags/example_complex.py
[2025-05-06T14:57:48.569+0000] {processor.py:914} INFO - Processing file /home/airflow/.local/lib/python3.12/site-packages/airflow/example_dags/example_complex.py for tasks to queue
[2025-05-06T14:57:48.574+0000] {logging_mixin.py:190} INFO - [2025-05-06T14:57:48.574+0000] {dagbag.py:588} INFO - Filling up the DagBag from /home/airflow/.local/lib/python3.12/site-packages/airflow/example_dags/example_complex.py
[2025-05-06T14:57:48.601+0000] {processor.py:925} INFO - DAG(s) 'example_complex' retrieved from /home/airflow/.local/lib/python3.12/site-packages/airflow/example_dags/example_complex.py
[2025-05-06T14:57:48.678+0000] {logging_mixin.py:190} INFO - [2025-05-06T14:57:48.677+0000] {dag.py:3239} INFO - Sync 1 DAGs
[2025-05-06T14:57:48.708+0000] {logging_mixin.py:190} INFO - [2025-05-06T14:57:48.708+0000] {dag.py:4180} INFO - Setting next_dagrun for example_complex to None, run_after=None
[2025-05-06T14:57:48.763+0000] {processor.py:208} INFO - Processing /home/airflow/.local/lib/python3.12/site-packages/airflow/example_dags/example_complex.py took 0.210 seconds
[2025-05-06T14:58:18.872+0000] {processor.py:186} INFO - Started process (PID=16427) to work on /home/airflow/.local/lib/python3.12/site-packages/airflow/example_dags/example_complex.py
[2025-05-06T14:58:18.874+0000] {processor.py:914} INFO - Processing file /home/airflow/.local/lib/python3.12/site-packages/airflow/example_dags/example_complex.py for tasks to queue
[2025-05-06T14:58:18.880+0000] {logging_mixin.py:190} INFO - [2025-05-06T14:58:18.879+0000] {dagbag.py:588} INFO - Filling up the DagBag from /home/airflow/.local/lib/python3.12/site-packages/airflow/example_dags/example_complex.py
[2025-05-06T14:58:18.903+0000] {processor.py:925} INFO - DAG(s) 'example_complex' retrieved from /home/airflow/.local/lib/python3.12/site-packages/airflow/example_dags/example_complex.py
[2025-05-06T14:58:18.962+0000] {logging_mixin.py:190} INFO - [2025-05-06T14:58:18.961+0000] {dag.py:3239} INFO - Sync 1 DAGs
[2025-05-06T14:58:18.991+0000] {logging_mixin.py:190} INFO - [2025-05-06T14:58:18.991+0000] {dag.py:4180} INFO - Setting next_dagrun for example_complex to None, run_after=None
[2025-05-06T14:58:19.050+0000] {processor.py:208} INFO - Processing /home/airflow/.local/lib/python3.12/site-packages/airflow/example_dags/example_complex.py took 0.192 seconds
[2025-05-06T14:58:49.882+0000] {processor.py:186} INFO - Started process (PID=16518) to work on /home/airflow/.local/lib/python3.12/site-packages/airflow/example_dags/example_complex.py
[2025-05-06T14:58:49.884+0000] {processor.py:914} INFO - Processing file /home/airflow/.local/lib/python3.12/site-packages/airflow/example_dags/example_complex.py for tasks to queue
[2025-05-06T14:58:49.891+0000] {logging_mixin.py:190} INFO - [2025-05-06T14:58:49.891+0000] {dagbag.py:588} INFO - Filling up the DagBag from /home/airflow/.local/lib/python3.12/site-packages/airflow/example_dags/example_complex.py
[2025-05-06T14:58:49.912+0000] {processor.py:925} INFO - DAG(s) 'example_complex' retrieved from /home/airflow/.local/lib/python3.12/site-packages/airflow/example_dags/example_complex.py
[2025-05-06T14:58:49.970+0000] {logging_mixin.py:190} INFO - [2025-05-06T14:58:49.970+0000] {dag.py:3239} INFO - Sync 1 DAGs
[2025-05-06T14:58:49.997+0000] {logging_mixin.py:190} INFO - [2025-05-06T14:58:49.996+0000] {dag.py:4180} INFO - Setting next_dagrun for example_complex to None, run_after=None
[2025-05-06T14:58:50.035+0000] {processor.py:208} INFO - Processing /home/airflow/.local/lib/python3.12/site-packages/airflow/example_dags/example_complex.py took 0.166 seconds
[2025-05-06T14:59:22.639+0000] {processor.py:186} INFO - Started process (PID=16610) to work on /home/airflow/.local/lib/python3.12/site-packages/airflow/example_dags/example_complex.py
[2025-05-06T14:59:22.641+0000] {processor.py:914} INFO - Processing file /home/airflow/.local/lib/python3.12/site-packages/airflow/example_dags/example_complex.py for tasks to queue
[2025-05-06T14:59:22.646+0000] {logging_mixin.py:190} INFO - [2025-05-06T14:59:22.645+0000] {dagbag.py:588} INFO - Filling up the DagBag from /home/airflow/.local/lib/python3.12/site-packages/airflow/example_dags/example_complex.py
[2025-05-06T14:59:22.670+0000] {processor.py:925} INFO - DAG(s) 'example_complex' retrieved from /home/airflow/.local/lib/python3.12/site-packages/airflow/example_dags/example_complex.py
[2025-05-06T14:59:22.729+0000] {logging_mixin.py:190} INFO - [2025-05-06T14:59:22.729+0000] {dag.py:3239} INFO - Sync 1 DAGs
[2025-05-06T14:59:22.755+0000] {logging_mixin.py:190} INFO - [2025-05-06T14:59:22.755+0000] {dag.py:4180} INFO - Setting next_dagrun for example_complex to None, run_after=None
[2025-05-06T14:59:22.795+0000] {processor.py:208} INFO - Processing /home/airflow/.local/lib/python3.12/site-packages/airflow/example_dags/example_complex.py took 0.175 seconds
[2025-05-06T14:59:55.649+0000] {processor.py:186} INFO - Started process (PID=16705) to work on /home/airflow/.local/lib/python3.12/site-packages/airflow/example_dags/example_complex.py
[2025-05-06T14:59:55.651+0000] {processor.py:914} INFO - Processing file /home/airflow/.local/lib/python3.12/site-packages/airflow/example_dags/example_complex.py for tasks to queue
[2025-05-06T14:59:55.656+0000] {logging_mixin.py:190} INFO - [2025-05-06T14:59:55.655+0000] {dagbag.py:588} INFO - Filling up the DagBag from /home/airflow/.local/lib/python3.12/site-packages/airflow/example_dags/example_complex.py
[2025-05-06T14:59:55.681+0000] {processor.py:925} INFO - DAG(s) 'example_complex' retrieved from /home/airflow/.local/lib/python3.12/site-packages/airflow/example_dags/example_complex.py
[2025-05-06T14:59:55.740+0000] {logging_mixin.py:190} INFO - [2025-05-06T14:59:55.740+0000] {dag.py:3239} INFO - Sync 1 DAGs
[2025-05-06T14:59:55.768+0000] {logging_mixin.py:190} INFO - [2025-05-06T14:59:55.768+0000] {dag.py:4180} INFO - Setting next_dagrun for example_complex to None, run_after=None
[2025-05-06T14:59:55.805+0000] {processor.py:208} INFO - Processing /home/airflow/.local/lib/python3.12/site-packages/airflow/example_dags/example_complex.py took 0.168 seconds
[2025-05-06T15:00:28.587+0000] {processor.py:186} INFO - Started process (PID=16806) to work on /home/airflow/.local/lib/python3.12/site-packages/airflow/example_dags/example_complex.py
[2025-05-06T15:00:28.592+0000] {processor.py:914} INFO - Processing file /home/airflow/.local/lib/python3.12/site-packages/airflow/example_dags/example_complex.py for tasks to queue
[2025-05-06T15:00:28.597+0000] {logging_mixin.py:190} INFO - [2025-05-06T15:00:28.596+0000] {dagbag.py:588} INFO - Filling up the DagBag from /home/airflow/.local/lib/python3.12/site-packages/airflow/example_dags/example_complex.py
[2025-05-06T15:00:28.627+0000] {processor.py:925} INFO - DAG(s) 'example_complex' retrieved from /home/airflow/.local/lib/python3.12/site-packages/airflow/example_dags/example_complex.py
[2025-05-06T15:00:28.688+0000] {logging_mixin.py:190} INFO - [2025-05-06T15:00:28.688+0000] {dag.py:3239} INFO - Sync 1 DAGs
[2025-05-06T15:00:28.718+0000] {logging_mixin.py:190} INFO - [2025-05-06T15:00:28.718+0000] {dag.py:4180} INFO - Setting next_dagrun for example_complex to None, run_after=None
[2025-05-06T15:00:28.759+0000] {processor.py:208} INFO - Processing /home/airflow/.local/lib/python3.12/site-packages/airflow/example_dags/example_complex.py took 0.185 seconds
[2025-05-06T15:00:59.180+0000] {processor.py:186} INFO - Started process (PID=16883) to work on /home/airflow/.local/lib/python3.12/site-packages/airflow/example_dags/example_complex.py
[2025-05-06T15:00:59.182+0000] {processor.py:914} INFO - Processing file /home/airflow/.local/lib/python3.12/site-packages/airflow/example_dags/example_complex.py for tasks to queue
[2025-05-06T15:00:59.186+0000] {logging_mixin.py:190} INFO - [2025-05-06T15:00:59.185+0000] {dagbag.py:588} INFO - Filling up the DagBag from /home/airflow/.local/lib/python3.12/site-packages/airflow/example_dags/example_complex.py
[2025-05-06T15:00:59.207+0000] {processor.py:925} INFO - DAG(s) 'example_complex' retrieved from /home/airflow/.local/lib/python3.12/site-packages/airflow/example_dags/example_complex.py
[2025-05-06T15:00:59.263+0000] {logging_mixin.py:190} INFO - [2025-05-06T15:00:59.263+0000] {dag.py:3239} INFO - Sync 1 DAGs
[2025-05-06T15:00:59.289+0000] {logging_mixin.py:190} INFO - [2025-05-06T15:00:59.288+0000] {dag.py:4180} INFO - Setting next_dagrun for example_complex to None, run_after=None
[2025-05-06T15:00:59.319+0000] {processor.py:208} INFO - Processing /home/airflow/.local/lib/python3.12/site-packages/airflow/example_dags/example_complex.py took 0.149 seconds
[2025-05-06T15:01:30.314+0000] {processor.py:186} INFO - Started process (PID=16974) to work on /home/airflow/.local/lib/python3.12/site-packages/airflow/example_dags/example_complex.py
[2025-05-06T15:01:30.317+0000] {processor.py:914} INFO - Processing file /home/airflow/.local/lib/python3.12/site-packages/airflow/example_dags/example_complex.py for tasks to queue
[2025-05-06T15:01:30.320+0000] {logging_mixin.py:190} INFO - [2025-05-06T15:01:30.320+0000] {dagbag.py:588} INFO - Filling up the DagBag from /home/airflow/.local/lib/python3.12/site-packages/airflow/example_dags/example_complex.py
[2025-05-06T15:01:30.343+0000] {processor.py:925} INFO - DAG(s) 'example_complex' retrieved from /home/airflow/.local/lib/python3.12/site-packages/airflow/example_dags/example_complex.py
[2025-05-06T15:01:30.398+0000] {logging_mixin.py:190} INFO - [2025-05-06T15:01:30.398+0000] {dag.py:3239} INFO - Sync 1 DAGs
[2025-05-06T15:01:30.427+0000] {logging_mixin.py:190} INFO - [2025-05-06T15:01:30.427+0000] {dag.py:4180} INFO - Setting next_dagrun for example_complex to None, run_after=None
[2025-05-06T15:01:30.480+0000] {processor.py:208} INFO - Processing /home/airflow/.local/lib/python3.12/site-packages/airflow/example_dags/example_complex.py took 0.176 seconds
[2025-05-06T15:02:01.099+0000] {processor.py:186} INFO - Started process (PID=17065) to work on /home/airflow/.local/lib/python3.12/site-packages/airflow/example_dags/example_complex.py
[2025-05-06T15:02:01.100+0000] {processor.py:914} INFO - Processing file /home/airflow/.local/lib/python3.12/site-packages/airflow/example_dags/example_complex.py for tasks to queue
[2025-05-06T15:02:01.105+0000] {logging_mixin.py:190} INFO - [2025-05-06T15:02:01.105+0000] {dagbag.py:588} INFO - Filling up the DagBag from /home/airflow/.local/lib/python3.12/site-packages/airflow/example_dags/example_complex.py
[2025-05-06T15:02:01.131+0000] {processor.py:925} INFO - DAG(s) 'example_complex' retrieved from /home/airflow/.local/lib/python3.12/site-packages/airflow/example_dags/example_complex.py
[2025-05-06T15:02:01.194+0000] {logging_mixin.py:190} INFO - [2025-05-06T15:02:01.193+0000] {dag.py:3239} INFO - Sync 1 DAGs
[2025-05-06T15:02:01.231+0000] {logging_mixin.py:190} INFO - [2025-05-06T15:02:01.231+0000] {dag.py:4180} INFO - Setting next_dagrun for example_complex to None, run_after=None
[2025-05-06T15:02:01.294+0000] {processor.py:208} INFO - Processing /home/airflow/.local/lib/python3.12/site-packages/airflow/example_dags/example_complex.py took 0.209 seconds
[2025-05-06T15:02:31.697+0000] {processor.py:186} INFO - Started process (PID=17155) to work on /home/airflow/.local/lib/python3.12/site-packages/airflow/example_dags/example_complex.py
[2025-05-06T15:02:31.700+0000] {processor.py:914} INFO - Processing file /home/airflow/.local/lib/python3.12/site-packages/airflow/example_dags/example_complex.py for tasks to queue
[2025-05-06T15:02:31.704+0000] {logging_mixin.py:190} INFO - [2025-05-06T15:02:31.703+0000] {dagbag.py:588} INFO - Filling up the DagBag from /home/airflow/.local/lib/python3.12/site-packages/airflow/example_dags/example_complex.py
[2025-05-06T15:02:31.726+0000] {processor.py:925} INFO - DAG(s) 'example_complex' retrieved from /home/airflow/.local/lib/python3.12/site-packages/airflow/example_dags/example_complex.py
[2025-05-06T15:02:31.788+0000] {logging_mixin.py:190} INFO - [2025-05-06T15:02:31.788+0000] {dag.py:3239} INFO - Sync 1 DAGs
[2025-05-06T15:02:31.817+0000] {logging_mixin.py:190} INFO - [2025-05-06T15:02:31.816+0000] {dag.py:4180} INFO - Setting next_dagrun for example_complex to None, run_after=None
[2025-05-06T15:02:31.873+0000] {processor.py:208} INFO - Processing /home/airflow/.local/lib/python3.12/site-packages/airflow/example_dags/example_complex.py took 0.188 seconds
[2025-05-06T15:03:02.177+0000] {processor.py:186} INFO - Started process (PID=17232) to work on /home/airflow/.local/lib/python3.12/site-packages/airflow/example_dags/example_complex.py
[2025-05-06T15:03:02.179+0000] {processor.py:914} INFO - Processing file /home/airflow/.local/lib/python3.12/site-packages/airflow/example_dags/example_complex.py for tasks to queue
[2025-05-06T15:03:02.194+0000] {logging_mixin.py:190} INFO - [2025-05-06T15:03:02.193+0000] {dagbag.py:588} INFO - Filling up the DagBag from /home/airflow/.local/lib/python3.12/site-packages/airflow/example_dags/example_complex.py
[2025-05-06T15:03:02.226+0000] {processor.py:925} INFO - DAG(s) 'example_complex' retrieved from /home/airflow/.local/lib/python3.12/site-packages/airflow/example_dags/example_complex.py
[2025-05-06T15:03:02.295+0000] {logging_mixin.py:190} INFO - [2025-05-06T15:03:02.294+0000] {dag.py:3239} INFO - Sync 1 DAGs
[2025-05-06T15:03:02.331+0000] {logging_mixin.py:190} INFO - [2025-05-06T15:03:02.330+0000] {dag.py:4180} INFO - Setting next_dagrun for example_complex to None, run_after=None
[2025-05-06T15:03:02.369+0000] {processor.py:208} INFO - Processing /home/airflow/.local/lib/python3.12/site-packages/airflow/example_dags/example_complex.py took 0.204 seconds
[2025-05-06T15:03:32.581+0000] {processor.py:186} INFO - Started process (PID=17323) to work on /home/airflow/.local/lib/python3.12/site-packages/airflow/example_dags/example_complex.py
[2025-05-06T15:03:32.583+0000] {processor.py:914} INFO - Processing file /home/airflow/.local/lib/python3.12/site-packages/airflow/example_dags/example_complex.py for tasks to queue
[2025-05-06T15:03:32.587+0000] {logging_mixin.py:190} INFO - [2025-05-06T15:03:32.587+0000] {dagbag.py:588} INFO - Filling up the DagBag from /home/airflow/.local/lib/python3.12/site-packages/airflow/example_dags/example_complex.py
[2025-05-06T15:03:32.615+0000] {processor.py:925} INFO - DAG(s) 'example_complex' retrieved from /home/airflow/.local/lib/python3.12/site-packages/airflow/example_dags/example_complex.py
[2025-05-06T15:03:32.680+0000] {logging_mixin.py:190} INFO - [2025-05-06T15:03:32.679+0000] {dag.py:3239} INFO - Sync 1 DAGs
[2025-05-06T15:03:32.718+0000] {logging_mixin.py:190} INFO - [2025-05-06T15:03:32.718+0000] {dag.py:4180} INFO - Setting next_dagrun for example_complex to None, run_after=None
[2025-05-06T15:03:32.772+0000] {processor.py:208} INFO - Processing /home/airflow/.local/lib/python3.12/site-packages/airflow/example_dags/example_complex.py took 0.206 seconds
[2025-05-06T15:04:03.023+0000] {processor.py:186} INFO - Started process (PID=17414) to work on /home/airflow/.local/lib/python3.12/site-packages/airflow/example_dags/example_complex.py
[2025-05-06T15:04:03.026+0000] {processor.py:914} INFO - Processing file /home/airflow/.local/lib/python3.12/site-packages/airflow/example_dags/example_complex.py for tasks to queue
[2025-05-06T15:04:03.031+0000] {logging_mixin.py:190} INFO - [2025-05-06T15:04:03.030+0000] {dagbag.py:588} INFO - Filling up the DagBag from /home/airflow/.local/lib/python3.12/site-packages/airflow/example_dags/example_complex.py
[2025-05-06T15:04:03.054+0000] {processor.py:925} INFO - DAG(s) 'example_complex' retrieved from /home/airflow/.local/lib/python3.12/site-packages/airflow/example_dags/example_complex.py
[2025-05-06T15:04:03.120+0000] {logging_mixin.py:190} INFO - [2025-05-06T15:04:03.120+0000] {dag.py:3239} INFO - Sync 1 DAGs
[2025-05-06T15:04:03.146+0000] {logging_mixin.py:190} INFO - [2025-05-06T15:04:03.146+0000] {dag.py:4180} INFO - Setting next_dagrun for example_complex to None, run_after=None
[2025-05-06T15:04:03.178+0000] {processor.py:208} INFO - Processing /home/airflow/.local/lib/python3.12/site-packages/airflow/example_dags/example_complex.py took 0.168 seconds
[2025-05-06T15:04:33.721+0000] {processor.py:186} INFO - Started process (PID=17505) to work on /home/airflow/.local/lib/python3.12/site-packages/airflow/example_dags/example_complex.py
[2025-05-06T15:04:33.723+0000] {processor.py:914} INFO - Processing file /home/airflow/.local/lib/python3.12/site-packages/airflow/example_dags/example_complex.py for tasks to queue
[2025-05-06T15:04:33.730+0000] {logging_mixin.py:190} INFO - [2025-05-06T15:04:33.729+0000] {dagbag.py:588} INFO - Filling up the DagBag from /home/airflow/.local/lib/python3.12/site-packages/airflow/example_dags/example_complex.py
[2025-05-06T15:04:33.754+0000] {processor.py:925} INFO - DAG(s) 'example_complex' retrieved from /home/airflow/.local/lib/python3.12/site-packages/airflow/example_dags/example_complex.py
[2025-05-06T15:04:33.816+0000] {logging_mixin.py:190} INFO - [2025-05-06T15:04:33.815+0000] {dag.py:3239} INFO - Sync 1 DAGs
[2025-05-06T15:04:33.841+0000] {logging_mixin.py:190} INFO - [2025-05-06T15:04:33.841+0000] {dag.py:4180} INFO - Setting next_dagrun for example_complex to None, run_after=None
[2025-05-06T15:04:33.889+0000] {processor.py:208} INFO - Processing /home/airflow/.local/lib/python3.12/site-packages/airflow/example_dags/example_complex.py took 0.183 seconds
[2025-05-06T15:05:04.682+0000] {processor.py:186} INFO - Started process (PID=17597) to work on /home/airflow/.local/lib/python3.12/site-packages/airflow/example_dags/example_complex.py
[2025-05-06T15:05:04.684+0000] {processor.py:914} INFO - Processing file /home/airflow/.local/lib/python3.12/site-packages/airflow/example_dags/example_complex.py for tasks to queue
[2025-05-06T15:05:04.689+0000] {logging_mixin.py:190} INFO - [2025-05-06T15:05:04.688+0000] {dagbag.py:588} INFO - Filling up the DagBag from /home/airflow/.local/lib/python3.12/site-packages/airflow/example_dags/example_complex.py
[2025-05-06T15:05:04.714+0000] {processor.py:925} INFO - DAG(s) 'example_complex' retrieved from /home/airflow/.local/lib/python3.12/site-packages/airflow/example_dags/example_complex.py
[2025-05-06T15:05:04.776+0000] {logging_mixin.py:190} INFO - [2025-05-06T15:05:04.775+0000] {dag.py:3239} INFO - Sync 1 DAGs
[2025-05-06T15:05:04.804+0000] {logging_mixin.py:190} INFO - [2025-05-06T15:05:04.803+0000] {dag.py:4180} INFO - Setting next_dagrun for example_complex to None, run_after=None
[2025-05-06T15:05:04.861+0000] {processor.py:208} INFO - Processing /home/airflow/.local/lib/python3.12/site-packages/airflow/example_dags/example_complex.py took 0.192 seconds
[2025-05-06T15:05:35.342+0000] {processor.py:186} INFO - Started process (PID=17688) to work on /home/airflow/.local/lib/python3.12/site-packages/airflow/example_dags/example_complex.py
[2025-05-06T15:05:35.344+0000] {processor.py:914} INFO - Processing file /home/airflow/.local/lib/python3.12/site-packages/airflow/example_dags/example_complex.py for tasks to queue
[2025-05-06T15:05:35.348+0000] {logging_mixin.py:190} INFO - [2025-05-06T15:05:35.347+0000] {dagbag.py:588} INFO - Filling up the DagBag from /home/airflow/.local/lib/python3.12/site-packages/airflow/example_dags/example_complex.py
[2025-05-06T15:05:35.370+0000] {processor.py:925} INFO - DAG(s) 'example_complex' retrieved from /home/airflow/.local/lib/python3.12/site-packages/airflow/example_dags/example_complex.py
[2025-05-06T15:05:35.427+0000] {logging_mixin.py:190} INFO - [2025-05-06T15:05:35.427+0000] {dag.py:3239} INFO - Sync 1 DAGs
[2025-05-06T15:05:35.452+0000] {logging_mixin.py:190} INFO - [2025-05-06T15:05:35.451+0000] {dag.py:4180} INFO - Setting next_dagrun for example_complex to None, run_after=None
[2025-05-06T15:05:35.504+0000] {processor.py:208} INFO - Processing /home/airflow/.local/lib/python3.12/site-packages/airflow/example_dags/example_complex.py took 0.173 seconds
[2025-05-06T15:06:06.264+0000] {processor.py:186} INFO - Started process (PID=17779) to work on /home/airflow/.local/lib/python3.12/site-packages/airflow/example_dags/example_complex.py
[2025-05-06T15:06:06.266+0000] {processor.py:914} INFO - Processing file /home/airflow/.local/lib/python3.12/site-packages/airflow/example_dags/example_complex.py for tasks to queue
[2025-05-06T15:06:06.271+0000] {logging_mixin.py:190} INFO - [2025-05-06T15:06:06.270+0000] {dagbag.py:588} INFO - Filling up the DagBag from /home/airflow/.local/lib/python3.12/site-packages/airflow/example_dags/example_complex.py
[2025-05-06T15:06:06.294+0000] {processor.py:925} INFO - DAG(s) 'example_complex' retrieved from /home/airflow/.local/lib/python3.12/site-packages/airflow/example_dags/example_complex.py
[2025-05-06T15:06:06.353+0000] {logging_mixin.py:190} INFO - [2025-05-06T15:06:06.353+0000] {dag.py:3239} INFO - Sync 1 DAGs
[2025-05-06T15:06:06.381+0000] {logging_mixin.py:190} INFO - [2025-05-06T15:06:06.381+0000] {dag.py:4180} INFO - Setting next_dagrun for example_complex to None, run_after=None
[2025-05-06T15:06:06.432+0000] {processor.py:208} INFO - Processing /home/airflow/.local/lib/python3.12/site-packages/airflow/example_dags/example_complex.py took 0.181 seconds
[2025-05-06T15:06:38.082+0000] {processor.py:186} INFO - Started process (PID=17870) to work on /home/airflow/.local/lib/python3.12/site-packages/airflow/example_dags/example_complex.py
[2025-05-06T15:06:38.083+0000] {processor.py:914} INFO - Processing file /home/airflow/.local/lib/python3.12/site-packages/airflow/example_dags/example_complex.py for tasks to queue
[2025-05-06T15:06:38.088+0000] {logging_mixin.py:190} INFO - [2025-05-06T15:06:38.087+0000] {dagbag.py:588} INFO - Filling up the DagBag from /home/airflow/.local/lib/python3.12/site-packages/airflow/example_dags/example_complex.py
[2025-05-06T15:06:38.110+0000] {processor.py:925} INFO - DAG(s) 'example_complex' retrieved from /home/airflow/.local/lib/python3.12/site-packages/airflow/example_dags/example_complex.py
[2025-05-06T15:06:38.183+0000] {logging_mixin.py:190} INFO - [2025-05-06T15:06:38.183+0000] {dag.py:3239} INFO - Sync 1 DAGs
[2025-05-06T15:06:38.211+0000] {logging_mixin.py:190} INFO - [2025-05-06T15:06:38.210+0000] {dag.py:4180} INFO - Setting next_dagrun for example_complex to None, run_after=None
[2025-05-06T15:06:38.269+0000] {processor.py:208} INFO - Processing /home/airflow/.local/lib/python3.12/site-packages/airflow/example_dags/example_complex.py took 0.199 seconds
[2025-05-06T15:07:10.301+0000] {processor.py:186} INFO - Started process (PID=17961) to work on /home/airflow/.local/lib/python3.12/site-packages/airflow/example_dags/example_complex.py
[2025-05-06T15:07:10.303+0000] {processor.py:914} INFO - Processing file /home/airflow/.local/lib/python3.12/site-packages/airflow/example_dags/example_complex.py for tasks to queue
[2025-05-06T15:07:10.307+0000] {logging_mixin.py:190} INFO - [2025-05-06T15:07:10.307+0000] {dagbag.py:588} INFO - Filling up the DagBag from /home/airflow/.local/lib/python3.12/site-packages/airflow/example_dags/example_complex.py
[2025-05-06T15:07:10.328+0000] {processor.py:925} INFO - DAG(s) 'example_complex' retrieved from /home/airflow/.local/lib/python3.12/site-packages/airflow/example_dags/example_complex.py
[2025-05-06T15:07:10.395+0000] {logging_mixin.py:190} INFO - [2025-05-06T15:07:10.395+0000] {dag.py:3239} INFO - Sync 1 DAGs
[2025-05-06T15:07:10.424+0000] {logging_mixin.py:190} INFO - [2025-05-06T15:07:10.423+0000] {dag.py:4180} INFO - Setting next_dagrun for example_complex to None, run_after=None
[2025-05-06T15:07:10.464+0000] {processor.py:208} INFO - Processing /home/airflow/.local/lib/python3.12/site-packages/airflow/example_dags/example_complex.py took 0.175 seconds
[2025-05-06T15:07:40.620+0000] {processor.py:186} INFO - Started process (PID=18038) to work on /home/airflow/.local/lib/python3.12/site-packages/airflow/example_dags/example_complex.py
[2025-05-06T15:07:40.621+0000] {processor.py:914} INFO - Processing file /home/airflow/.local/lib/python3.12/site-packages/airflow/example_dags/example_complex.py for tasks to queue
[2025-05-06T15:07:40.626+0000] {logging_mixin.py:190} INFO - [2025-05-06T15:07:40.625+0000] {dagbag.py:588} INFO - Filling up the DagBag from /home/airflow/.local/lib/python3.12/site-packages/airflow/example_dags/example_complex.py
[2025-05-06T15:07:40.649+0000] {processor.py:925} INFO - DAG(s) 'example_complex' retrieved from /home/airflow/.local/lib/python3.12/site-packages/airflow/example_dags/example_complex.py
[2025-05-06T15:07:40.706+0000] {logging_mixin.py:190} INFO - [2025-05-06T15:07:40.705+0000] {dag.py:3239} INFO - Sync 1 DAGs
[2025-05-06T15:07:40.732+0000] {logging_mixin.py:190} INFO - [2025-05-06T15:07:40.732+0000] {dag.py:4180} INFO - Setting next_dagrun for example_complex to None, run_after=None
[2025-05-06T15:07:40.791+0000] {processor.py:208} INFO - Processing /home/airflow/.local/lib/python3.12/site-packages/airflow/example_dags/example_complex.py took 0.183 seconds
[2025-05-06T15:08:11.287+0000] {processor.py:186} INFO - Started process (PID=18128) to work on /home/airflow/.local/lib/python3.12/site-packages/airflow/example_dags/example_complex.py
[2025-05-06T15:08:11.289+0000] {processor.py:914} INFO - Processing file /home/airflow/.local/lib/python3.12/site-packages/airflow/example_dags/example_complex.py for tasks to queue
[2025-05-06T15:08:11.296+0000] {logging_mixin.py:190} INFO - [2025-05-06T15:08:11.295+0000] {dagbag.py:588} INFO - Filling up the DagBag from /home/airflow/.local/lib/python3.12/site-packages/airflow/example_dags/example_complex.py
[2025-05-06T15:08:11.320+0000] {processor.py:925} INFO - DAG(s) 'example_complex' retrieved from /home/airflow/.local/lib/python3.12/site-packages/airflow/example_dags/example_complex.py
[2025-05-06T15:08:11.380+0000] {logging_mixin.py:190} INFO - [2025-05-06T15:08:11.380+0000] {dag.py:3239} INFO - Sync 1 DAGs
[2025-05-06T15:08:11.413+0000] {logging_mixin.py:190} INFO - [2025-05-06T15:08:11.413+0000] {dag.py:4180} INFO - Setting next_dagrun for example_complex to None, run_after=None
[2025-05-06T15:08:11.472+0000] {processor.py:208} INFO - Processing /home/airflow/.local/lib/python3.12/site-packages/airflow/example_dags/example_complex.py took 0.196 seconds
[2025-05-06T15:08:41.914+0000] {processor.py:186} INFO - Started process (PID=18219) to work on /home/airflow/.local/lib/python3.12/site-packages/airflow/example_dags/example_complex.py
[2025-05-06T15:08:41.916+0000] {processor.py:914} INFO - Processing file /home/airflow/.local/lib/python3.12/site-packages/airflow/example_dags/example_complex.py for tasks to queue
[2025-05-06T15:08:41.921+0000] {logging_mixin.py:190} INFO - [2025-05-06T15:08:41.920+0000] {dagbag.py:588} INFO - Filling up the DagBag from /home/airflow/.local/lib/python3.12/site-packages/airflow/example_dags/example_complex.py
[2025-05-06T15:08:41.948+0000] {processor.py:925} INFO - DAG(s) 'example_complex' retrieved from /home/airflow/.local/lib/python3.12/site-packages/airflow/example_dags/example_complex.py
[2025-05-06T15:08:42.014+0000] {logging_mixin.py:190} INFO - [2025-05-06T15:08:42.013+0000] {dag.py:3239} INFO - Sync 1 DAGs
[2025-05-06T15:08:42.044+0000] {logging_mixin.py:190} INFO - [2025-05-06T15:08:42.043+0000] {dag.py:4180} INFO - Setting next_dagrun for example_complex to None, run_after=None
[2025-05-06T15:08:42.084+0000] {processor.py:208} INFO - Processing /home/airflow/.local/lib/python3.12/site-packages/airflow/example_dags/example_complex.py took 0.183 seconds
[2025-05-06T15:09:15.055+0000] {processor.py:186} INFO - Started process (PID=18310) to work on /home/airflow/.local/lib/python3.12/site-packages/airflow/example_dags/example_complex.py
[2025-05-06T15:09:15.058+0000] {processor.py:914} INFO - Processing file /home/airflow/.local/lib/python3.12/site-packages/airflow/example_dags/example_complex.py for tasks to queue
[2025-05-06T15:09:15.064+0000] {logging_mixin.py:190} INFO - [2025-05-06T15:09:15.063+0000] {dagbag.py:588} INFO - Filling up the DagBag from /home/airflow/.local/lib/python3.12/site-packages/airflow/example_dags/example_complex.py
[2025-05-06T15:09:15.085+0000] {processor.py:925} INFO - DAG(s) 'example_complex' retrieved from /home/airflow/.local/lib/python3.12/site-packages/airflow/example_dags/example_complex.py
[2025-05-06T15:09:15.145+0000] {logging_mixin.py:190} INFO - [2025-05-06T15:09:15.145+0000] {dag.py:3239} INFO - Sync 1 DAGs
[2025-05-06T15:09:15.175+0000] {logging_mixin.py:190} INFO - [2025-05-06T15:09:15.175+0000] {dag.py:4180} INFO - Setting next_dagrun for example_complex to None, run_after=None
[2025-05-06T15:09:15.232+0000] {processor.py:208} INFO - Processing /home/airflow/.local/lib/python3.12/site-packages/airflow/example_dags/example_complex.py took 0.188 seconds
[2025-05-06T15:09:48.222+0000] {processor.py:186} INFO - Started process (PID=18410) to work on /home/airflow/.local/lib/python3.12/site-packages/airflow/example_dags/example_complex.py
[2025-05-06T15:09:48.226+0000] {processor.py:914} INFO - Processing file /home/airflow/.local/lib/python3.12/site-packages/airflow/example_dags/example_complex.py for tasks to queue
[2025-05-06T15:09:48.231+0000] {logging_mixin.py:190} INFO - [2025-05-06T15:09:48.231+0000] {dagbag.py:588} INFO - Filling up the DagBag from /home/airflow/.local/lib/python3.12/site-packages/airflow/example_dags/example_complex.py
[2025-05-06T15:09:48.262+0000] {processor.py:925} INFO - DAG(s) 'example_complex' retrieved from /home/airflow/.local/lib/python3.12/site-packages/airflow/example_dags/example_complex.py
[2025-05-06T15:09:48.334+0000] {logging_mixin.py:190} INFO - [2025-05-06T15:09:48.334+0000] {dag.py:3239} INFO - Sync 1 DAGs
[2025-05-06T15:09:48.365+0000] {logging_mixin.py:190} INFO - [2025-05-06T15:09:48.364+0000] {dag.py:4180} INFO - Setting next_dagrun for example_complex to None, run_after=None
[2025-05-06T15:09:48.428+0000] {processor.py:208} INFO - Processing /home/airflow/.local/lib/python3.12/site-packages/airflow/example_dags/example_complex.py took 0.218 seconds
[2025-05-06T15:10:20.409+0000] {processor.py:186} INFO - Started process (PID=18502) to work on /home/airflow/.local/lib/python3.12/site-packages/airflow/example_dags/example_complex.py
[2025-05-06T15:10:20.411+0000] {processor.py:914} INFO - Processing file /home/airflow/.local/lib/python3.12/site-packages/airflow/example_dags/example_complex.py for tasks to queue
[2025-05-06T15:10:20.415+0000] {logging_mixin.py:190} INFO - [2025-05-06T15:10:20.414+0000] {dagbag.py:588} INFO - Filling up the DagBag from /home/airflow/.local/lib/python3.12/site-packages/airflow/example_dags/example_complex.py
[2025-05-06T15:10:20.438+0000] {processor.py:925} INFO - DAG(s) 'example_complex' retrieved from /home/airflow/.local/lib/python3.12/site-packages/airflow/example_dags/example_complex.py
[2025-05-06T15:10:20.498+0000] {logging_mixin.py:190} INFO - [2025-05-06T15:10:20.497+0000] {dag.py:3239} INFO - Sync 1 DAGs
[2025-05-06T15:10:20.526+0000] {logging_mixin.py:190} INFO - [2025-05-06T15:10:20.525+0000] {dag.py:4180} INFO - Setting next_dagrun for example_complex to None, run_after=None
[2025-05-06T15:10:20.581+0000] {processor.py:208} INFO - Processing /home/airflow/.local/lib/python3.12/site-packages/airflow/example_dags/example_complex.py took 0.183 seconds
[2025-05-06T15:10:52.016+0000] {processor.py:186} INFO - Started process (PID=18596) to work on /home/airflow/.local/lib/python3.12/site-packages/airflow/example_dags/example_complex.py
[2025-05-06T15:10:52.018+0000] {processor.py:914} INFO - Processing file /home/airflow/.local/lib/python3.12/site-packages/airflow/example_dags/example_complex.py for tasks to queue
[2025-05-06T15:10:52.023+0000] {logging_mixin.py:190} INFO - [2025-05-06T15:10:52.022+0000] {dagbag.py:588} INFO - Filling up the DagBag from /home/airflow/.local/lib/python3.12/site-packages/airflow/example_dags/example_complex.py
[2025-05-06T15:10:52.051+0000] {processor.py:925} INFO - DAG(s) 'example_complex' retrieved from /home/airflow/.local/lib/python3.12/site-packages/airflow/example_dags/example_complex.py
[2025-05-06T15:10:52.128+0000] {logging_mixin.py:190} INFO - [2025-05-06T15:10:52.127+0000] {dag.py:3239} INFO - Sync 1 DAGs
[2025-05-06T15:10:52.159+0000] {logging_mixin.py:190} INFO - [2025-05-06T15:10:52.158+0000] {dag.py:4180} INFO - Setting next_dagrun for example_complex to None, run_after=None
[2025-05-06T15:10:52.216+0000] {processor.py:208} INFO - Processing /home/airflow/.local/lib/python3.12/site-packages/airflow/example_dags/example_complex.py took 0.215 seconds
[2025-05-06T15:11:23.140+0000] {processor.py:186} INFO - Started process (PID=18673) to work on /home/airflow/.local/lib/python3.12/site-packages/airflow/example_dags/example_complex.py
[2025-05-06T15:11:23.143+0000] {processor.py:914} INFO - Processing file /home/airflow/.local/lib/python3.12/site-packages/airflow/example_dags/example_complex.py for tasks to queue
[2025-05-06T15:11:23.148+0000] {logging_mixin.py:190} INFO - [2025-05-06T15:11:23.147+0000] {dagbag.py:588} INFO - Filling up the DagBag from /home/airflow/.local/lib/python3.12/site-packages/airflow/example_dags/example_complex.py
[2025-05-06T15:11:23.177+0000] {processor.py:925} INFO - DAG(s) 'example_complex' retrieved from /home/airflow/.local/lib/python3.12/site-packages/airflow/example_dags/example_complex.py
[2025-05-06T15:11:23.245+0000] {logging_mixin.py:190} INFO - [2025-05-06T15:11:23.245+0000] {dag.py:3239} INFO - Sync 1 DAGs
[2025-05-06T15:11:23.276+0000] {logging_mixin.py:190} INFO - [2025-05-06T15:11:23.275+0000] {dag.py:4180} INFO - Setting next_dagrun for example_complex to None, run_after=None
[2025-05-06T15:11:23.334+0000] {processor.py:208} INFO - Processing /home/airflow/.local/lib/python3.12/site-packages/airflow/example_dags/example_complex.py took 0.205 seconds
[2025-05-06T15:11:53.443+0000] {processor.py:186} INFO - Started process (PID=18764) to work on /home/airflow/.local/lib/python3.12/site-packages/airflow/example_dags/example_complex.py
[2025-05-06T15:11:53.445+0000] {processor.py:914} INFO - Processing file /home/airflow/.local/lib/python3.12/site-packages/airflow/example_dags/example_complex.py for tasks to queue
[2025-05-06T15:11:53.450+0000] {logging_mixin.py:190} INFO - [2025-05-06T15:11:53.449+0000] {dagbag.py:588} INFO - Filling up the DagBag from /home/airflow/.local/lib/python3.12/site-packages/airflow/example_dags/example_complex.py
[2025-05-06T15:11:53.475+0000] {processor.py:925} INFO - DAG(s) 'example_complex' retrieved from /home/airflow/.local/lib/python3.12/site-packages/airflow/example_dags/example_complex.py
[2025-05-06T15:11:53.541+0000] {logging_mixin.py:190} INFO - [2025-05-06T15:11:53.541+0000] {dag.py:3239} INFO - Sync 1 DAGs
[2025-05-06T15:11:53.569+0000] {logging_mixin.py:190} INFO - [2025-05-06T15:11:53.569+0000] {dag.py:4180} INFO - Setting next_dagrun for example_complex to None, run_after=None
[2025-05-06T15:11:53.624+0000] {processor.py:208} INFO - Processing /home/airflow/.local/lib/python3.12/site-packages/airflow/example_dags/example_complex.py took 0.194 seconds
[2025-05-06T15:12:23.824+0000] {processor.py:186} INFO - Started process (PID=18855) to work on /home/airflow/.local/lib/python3.12/site-packages/airflow/example_dags/example_complex.py
[2025-05-06T15:12:23.827+0000] {processor.py:914} INFO - Processing file /home/airflow/.local/lib/python3.12/site-packages/airflow/example_dags/example_complex.py for tasks to queue
[2025-05-06T15:12:23.832+0000] {logging_mixin.py:190} INFO - [2025-05-06T15:12:23.831+0000] {dagbag.py:588} INFO - Filling up the DagBag from /home/airflow/.local/lib/python3.12/site-packages/airflow/example_dags/example_complex.py
[2025-05-06T15:12:23.860+0000] {processor.py:925} INFO - DAG(s) 'example_complex' retrieved from /home/airflow/.local/lib/python3.12/site-packages/airflow/example_dags/example_complex.py
[2025-05-06T15:12:23.923+0000] {logging_mixin.py:190} INFO - [2025-05-06T15:12:23.923+0000] {dag.py:3239} INFO - Sync 1 DAGs
[2025-05-06T15:12:23.951+0000] {logging_mixin.py:190} INFO - [2025-05-06T15:12:23.950+0000] {dag.py:4180} INFO - Setting next_dagrun for example_complex to None, run_after=None
[2025-05-06T15:12:23.987+0000] {processor.py:208} INFO - Processing /home/airflow/.local/lib/python3.12/site-packages/airflow/example_dags/example_complex.py took 0.176 seconds
[2025-05-06T15:12:54.891+0000] {processor.py:186} INFO - Started process (PID=18946) to work on /home/airflow/.local/lib/python3.12/site-packages/airflow/example_dags/example_complex.py
[2025-05-06T15:12:54.893+0000] {processor.py:914} INFO - Processing file /home/airflow/.local/lib/python3.12/site-packages/airflow/example_dags/example_complex.py for tasks to queue
[2025-05-06T15:12:54.898+0000] {logging_mixin.py:190} INFO - [2025-05-06T15:12:54.897+0000] {dagbag.py:588} INFO - Filling up the DagBag from /home/airflow/.local/lib/python3.12/site-packages/airflow/example_dags/example_complex.py
[2025-05-06T15:12:54.920+0000] {processor.py:925} INFO - DAG(s) 'example_complex' retrieved from /home/airflow/.local/lib/python3.12/site-packages/airflow/example_dags/example_complex.py
[2025-05-06T15:12:54.980+0000] {logging_mixin.py:190} INFO - [2025-05-06T15:12:54.980+0000] {dag.py:3239} INFO - Sync 1 DAGs
[2025-05-06T15:12:55.007+0000] {logging_mixin.py:190} INFO - [2025-05-06T15:12:55.006+0000] {dag.py:4180} INFO - Setting next_dagrun for example_complex to None, run_after=None
[2025-05-06T15:12:55.060+0000] {processor.py:208} INFO - Processing /home/airflow/.local/lib/python3.12/site-packages/airflow/example_dags/example_complex.py took 0.181 seconds
[2025-05-06T15:13:25.404+0000] {processor.py:186} INFO - Started process (PID=19036) to work on /home/airflow/.local/lib/python3.12/site-packages/airflow/example_dags/example_complex.py
[2025-05-06T15:13:25.405+0000] {processor.py:914} INFO - Processing file /home/airflow/.local/lib/python3.12/site-packages/airflow/example_dags/example_complex.py for tasks to queue
[2025-05-06T15:13:25.409+0000] {logging_mixin.py:190} INFO - [2025-05-06T15:13:25.409+0000] {dagbag.py:588} INFO - Filling up the DagBag from /home/airflow/.local/lib/python3.12/site-packages/airflow/example_dags/example_complex.py
[2025-05-06T15:13:25.431+0000] {processor.py:925} INFO - DAG(s) 'example_complex' retrieved from /home/airflow/.local/lib/python3.12/site-packages/airflow/example_dags/example_complex.py
[2025-05-06T15:13:25.490+0000] {logging_mixin.py:190} INFO - [2025-05-06T15:13:25.489+0000] {dag.py:3239} INFO - Sync 1 DAGs
[2025-05-06T15:13:25.518+0000] {logging_mixin.py:190} INFO - [2025-05-06T15:13:25.518+0000] {dag.py:4180} INFO - Setting next_dagrun for example_complex to None, run_after=None
[2025-05-06T15:13:25.556+0000] {processor.py:208} INFO - Processing /home/airflow/.local/lib/python3.12/site-packages/airflow/example_dags/example_complex.py took 0.163 seconds
[2025-05-06T15:13:59.479+0000] {processor.py:186} INFO - Started process (PID=19132) to work on /home/airflow/.local/lib/python3.12/site-packages/airflow/example_dags/example_complex.py
[2025-05-06T15:13:59.482+0000] {processor.py:914} INFO - Processing file /home/airflow/.local/lib/python3.12/site-packages/airflow/example_dags/example_complex.py for tasks to queue
[2025-05-06T15:13:59.488+0000] {logging_mixin.py:190} INFO - [2025-05-06T15:13:59.487+0000] {dagbag.py:588} INFO - Filling up the DagBag from /home/airflow/.local/lib/python3.12/site-packages/airflow/example_dags/example_complex.py
[2025-05-06T15:13:59.513+0000] {processor.py:925} INFO - DAG(s) 'example_complex' retrieved from /home/airflow/.local/lib/python3.12/site-packages/airflow/example_dags/example_complex.py
[2025-05-06T15:13:59.579+0000] {logging_mixin.py:190} INFO - [2025-05-06T15:13:59.579+0000] {dag.py:3239} INFO - Sync 1 DAGs
[2025-05-06T15:13:59.607+0000] {logging_mixin.py:190} INFO - [2025-05-06T15:13:59.607+0000] {dag.py:4180} INFO - Setting next_dagrun for example_complex to None, run_after=None
[2025-05-06T15:13:59.649+0000] {processor.py:208} INFO - Processing /home/airflow/.local/lib/python3.12/site-packages/airflow/example_dags/example_complex.py took 0.184 seconds
[2025-05-06T15:14:33.166+0000] {processor.py:186} INFO - Started process (PID=19228) to work on /home/airflow/.local/lib/python3.12/site-packages/airflow/example_dags/example_complex.py
[2025-05-06T15:14:33.168+0000] {processor.py:914} INFO - Processing file /home/airflow/.local/lib/python3.12/site-packages/airflow/example_dags/example_complex.py for tasks to queue
[2025-05-06T15:14:33.172+0000] {logging_mixin.py:190} INFO - [2025-05-06T15:14:33.172+0000] {dagbag.py:588} INFO - Filling up the DagBag from /home/airflow/.local/lib/python3.12/site-packages/airflow/example_dags/example_complex.py
[2025-05-06T15:14:33.202+0000] {processor.py:925} INFO - DAG(s) 'example_complex' retrieved from /home/airflow/.local/lib/python3.12/site-packages/airflow/example_dags/example_complex.py
[2025-05-06T15:14:33.276+0000] {logging_mixin.py:190} INFO - [2025-05-06T15:14:33.275+0000] {dag.py:3239} INFO - Sync 1 DAGs
[2025-05-06T15:14:33.310+0000] {logging_mixin.py:190} INFO - [2025-05-06T15:14:33.309+0000] {dag.py:4180} INFO - Setting next_dagrun for example_complex to None, run_after=None
[2025-05-06T15:14:33.349+0000] {processor.py:208} INFO - Processing /home/airflow/.local/lib/python3.12/site-packages/airflow/example_dags/example_complex.py took 0.194 seconds
[2025-05-06T15:15:07.606+0000] {processor.py:186} INFO - Started process (PID=19321) to work on /home/airflow/.local/lib/python3.12/site-packages/airflow/example_dags/example_complex.py
[2025-05-06T15:15:07.608+0000] {processor.py:914} INFO - Processing file /home/airflow/.local/lib/python3.12/site-packages/airflow/example_dags/example_complex.py for tasks to queue
[2025-05-06T15:15:07.615+0000] {logging_mixin.py:190} INFO - [2025-05-06T15:15:07.614+0000] {dagbag.py:588} INFO - Filling up the DagBag from /home/airflow/.local/lib/python3.12/site-packages/airflow/example_dags/example_complex.py
[2025-05-06T15:15:07.641+0000] {processor.py:925} INFO - DAG(s) 'example_complex' retrieved from /home/airflow/.local/lib/python3.12/site-packages/airflow/example_dags/example_complex.py
[2025-05-06T15:15:07.709+0000] {logging_mixin.py:190} INFO - [2025-05-06T15:15:07.708+0000] {dag.py:3239} INFO - Sync 1 DAGs
[2025-05-06T15:15:08.007+0000] {logging_mixin.py:190} INFO - [2025-05-06T15:15:08.006+0000] {dag.py:4180} INFO - Setting next_dagrun for example_complex to None, run_after=None
[2025-05-06T15:15:08.044+0000] {processor.py:208} INFO - Processing /home/airflow/.local/lib/python3.12/site-packages/airflow/example_dags/example_complex.py took 0.450 seconds
[2025-05-06T15:15:41.125+0000] {processor.py:186} INFO - Started process (PID=19415) to work on /home/airflow/.local/lib/python3.12/site-packages/airflow/example_dags/example_complex.py
[2025-05-06T15:15:41.129+0000] {processor.py:914} INFO - Processing file /home/airflow/.local/lib/python3.12/site-packages/airflow/example_dags/example_complex.py for tasks to queue
[2025-05-06T15:15:41.134+0000] {logging_mixin.py:190} INFO - [2025-05-06T15:15:41.133+0000] {dagbag.py:588} INFO - Filling up the DagBag from /home/airflow/.local/lib/python3.12/site-packages/airflow/example_dags/example_complex.py
[2025-05-06T15:15:41.158+0000] {processor.py:925} INFO - DAG(s) 'example_complex' retrieved from /home/airflow/.local/lib/python3.12/site-packages/airflow/example_dags/example_complex.py
[2025-05-06T15:15:41.226+0000] {logging_mixin.py:190} INFO - [2025-05-06T15:15:41.225+0000] {dag.py:3239} INFO - Sync 1 DAGs
[2025-05-06T15:15:41.537+0000] {logging_mixin.py:190} INFO - [2025-05-06T15:15:41.536+0000] {dag.py:4180} INFO - Setting next_dagrun for example_complex to None, run_after=None
[2025-05-06T15:15:41.571+0000] {processor.py:208} INFO - Processing /home/airflow/.local/lib/python3.12/site-packages/airflow/example_dags/example_complex.py took 0.456 seconds
[2025-05-06T15:16:15.929+0000] {processor.py:186} INFO - Started process (PID=19510) to work on /home/airflow/.local/lib/python3.12/site-packages/airflow/example_dags/example_complex.py
[2025-05-06T15:16:15.932+0000] {processor.py:914} INFO - Processing file /home/airflow/.local/lib/python3.12/site-packages/airflow/example_dags/example_complex.py for tasks to queue
[2025-05-06T15:16:15.937+0000] {logging_mixin.py:190} INFO - [2025-05-06T15:16:15.936+0000] {dagbag.py:588} INFO - Filling up the DagBag from /home/airflow/.local/lib/python3.12/site-packages/airflow/example_dags/example_complex.py
[2025-05-06T15:16:15.959+0000] {processor.py:925} INFO - DAG(s) 'example_complex' retrieved from /home/airflow/.local/lib/python3.12/site-packages/airflow/example_dags/example_complex.py
[2025-05-06T15:16:16.026+0000] {logging_mixin.py:190} INFO - [2025-05-06T15:16:16.026+0000] {dag.py:3239} INFO - Sync 1 DAGs
[2025-05-06T15:16:16.306+0000] {logging_mixin.py:190} INFO - [2025-05-06T15:16:16.306+0000] {dag.py:4180} INFO - Setting next_dagrun for example_complex to None, run_after=None
[2025-05-06T15:16:16.360+0000] {processor.py:208} INFO - Processing /home/airflow/.local/lib/python3.12/site-packages/airflow/example_dags/example_complex.py took 0.443 seconds
[2025-05-06T15:16:47.152+0000] {processor.py:186} INFO - Started process (PID=19601) to work on /home/airflow/.local/lib/python3.12/site-packages/airflow/example_dags/example_complex.py
[2025-05-06T15:16:47.155+0000] {processor.py:914} INFO - Processing file /home/airflow/.local/lib/python3.12/site-packages/airflow/example_dags/example_complex.py for tasks to queue
[2025-05-06T15:16:47.162+0000] {logging_mixin.py:190} INFO - [2025-05-06T15:16:47.161+0000] {dagbag.py:588} INFO - Filling up the DagBag from /home/airflow/.local/lib/python3.12/site-packages/airflow/example_dags/example_complex.py
[2025-05-06T15:16:47.189+0000] {processor.py:925} INFO - DAG(s) 'example_complex' retrieved from /home/airflow/.local/lib/python3.12/site-packages/airflow/example_dags/example_complex.py
[2025-05-06T15:16:47.265+0000] {logging_mixin.py:190} INFO - [2025-05-06T15:16:47.264+0000] {dag.py:3239} INFO - Sync 1 DAGs
[2025-05-06T15:16:47.295+0000] {logging_mixin.py:190} INFO - [2025-05-06T15:16:47.294+0000] {dag.py:4180} INFO - Setting next_dagrun for example_complex to None, run_after=None
[2025-05-06T15:16:47.340+0000] {processor.py:208} INFO - Processing /home/airflow/.local/lib/python3.12/site-packages/airflow/example_dags/example_complex.py took 0.199 seconds
[2025-05-06T15:17:19.721+0000] {processor.py:186} INFO - Started process (PID=19696) to work on /home/airflow/.local/lib/python3.12/site-packages/airflow/example_dags/example_complex.py
[2025-05-06T15:17:19.724+0000] {processor.py:914} INFO - Processing file /home/airflow/.local/lib/python3.12/site-packages/airflow/example_dags/example_complex.py for tasks to queue
[2025-05-06T15:17:19.731+0000] {logging_mixin.py:190} INFO - [2025-05-06T15:17:19.729+0000] {dagbag.py:588} INFO - Filling up the DagBag from /home/airflow/.local/lib/python3.12/site-packages/airflow/example_dags/example_complex.py
[2025-05-06T15:17:19.761+0000] {processor.py:925} INFO - DAG(s) 'example_complex' retrieved from /home/airflow/.local/lib/python3.12/site-packages/airflow/example_dags/example_complex.py
[2025-05-06T15:17:19.843+0000] {logging_mixin.py:190} INFO - [2025-05-06T15:17:19.842+0000] {dag.py:3239} INFO - Sync 1 DAGs
[2025-05-06T15:17:19.874+0000] {logging_mixin.py:190} INFO - [2025-05-06T15:17:19.874+0000] {dag.py:4180} INFO - Setting next_dagrun for example_complex to None, run_after=None
[2025-05-06T15:17:19.917+0000] {processor.py:208} INFO - Processing /home/airflow/.local/lib/python3.12/site-packages/airflow/example_dags/example_complex.py took 0.207 seconds
[2025-05-06T15:17:52.212+0000] {processor.py:186} INFO - Started process (PID=19788) to work on /home/airflow/.local/lib/python3.12/site-packages/airflow/example_dags/example_complex.py
[2025-05-06T15:17:52.215+0000] {processor.py:914} INFO - Processing file /home/airflow/.local/lib/python3.12/site-packages/airflow/example_dags/example_complex.py for tasks to queue
[2025-05-06T15:17:52.219+0000] {logging_mixin.py:190} INFO - [2025-05-06T15:17:52.219+0000] {dagbag.py:588} INFO - Filling up the DagBag from /home/airflow/.local/lib/python3.12/site-packages/airflow/example_dags/example_complex.py
[2025-05-06T15:17:52.242+0000] {processor.py:925} INFO - DAG(s) 'example_complex' retrieved from /home/airflow/.local/lib/python3.12/site-packages/airflow/example_dags/example_complex.py
[2025-05-06T15:17:52.313+0000] {logging_mixin.py:190} INFO - [2025-05-06T15:17:52.313+0000] {dag.py:3239} INFO - Sync 1 DAGs
[2025-05-06T15:17:52.341+0000] {logging_mixin.py:190} INFO - [2025-05-06T15:17:52.341+0000] {dag.py:4180} INFO - Setting next_dagrun for example_complex to None, run_after=None
[2025-05-06T15:17:52.404+0000] {processor.py:208} INFO - Processing /home/airflow/.local/lib/python3.12/site-packages/airflow/example_dags/example_complex.py took 0.206 seconds
[2025-05-06T15:18:22.707+0000] {processor.py:186} INFO - Started process (PID=19865) to work on /home/airflow/.local/lib/python3.12/site-packages/airflow/example_dags/example_complex.py
[2025-05-06T15:18:22.709+0000] {processor.py:914} INFO - Processing file /home/airflow/.local/lib/python3.12/site-packages/airflow/example_dags/example_complex.py for tasks to queue
[2025-05-06T15:18:22.714+0000] {logging_mixin.py:190} INFO - [2025-05-06T15:18:22.713+0000] {dagbag.py:588} INFO - Filling up the DagBag from /home/airflow/.local/lib/python3.12/site-packages/airflow/example_dags/example_complex.py
[2025-05-06T15:18:22.745+0000] {processor.py:925} INFO - DAG(s) 'example_complex' retrieved from /home/airflow/.local/lib/python3.12/site-packages/airflow/example_dags/example_complex.py
[2025-05-06T15:18:22.810+0000] {logging_mixin.py:190} INFO - [2025-05-06T15:18:22.810+0000] {dag.py:3239} INFO - Sync 1 DAGs
[2025-05-06T15:18:22.847+0000] {logging_mixin.py:190} INFO - [2025-05-06T15:18:22.847+0000] {dag.py:4180} INFO - Setting next_dagrun for example_complex to None, run_after=None
[2025-05-06T15:18:22.891+0000] {processor.py:208} INFO - Processing /home/airflow/.local/lib/python3.12/site-packages/airflow/example_dags/example_complex.py took 0.197 seconds
