[2025-05-06T14:48:20.973+0000] {processor.py:186} INFO - Started process (PID=14872) to work on /home/airflow/.local/lib/python3.12/site-packages/airflow/example_dags/example_short_circuit_decorator.py
[2025-05-06T14:48:20.974+0000] {processor.py:914} INFO - Processing file /home/airflow/.local/lib/python3.12/site-packages/airflow/example_dags/example_short_circuit_decorator.py for tasks to queue
[2025-05-06T14:48:20.979+0000] {logging_mixin.py:190} INFO - [2025-05-06T14:48:20.979+0000] {dagbag.py:588} INFO - Filling up the DagBag from /home/airflow/.local/lib/python3.12/site-packages/airflow/example_dags/example_short_circuit_decorator.py
[2025-05-06T14:48:20.997+0000] {processor.py:925} INFO - DAG(s) 'example_short_circuit_decorator' retrieved from /home/airflow/.local/lib/python3.12/site-packages/airflow/example_dags/example_short_circuit_decorator.py
[2025-05-06T14:48:21.030+0000] {logging_mixin.py:190} INFO - [2025-05-06T14:48:21.030+0000] {dag.py:3239} INFO - Sync 1 DAGs
[2025-05-06T14:48:21.047+0000] {logging_mixin.py:190} INFO - [2025-05-06T14:48:21.046+0000] {dag.py:4180} INFO - Setting next_dagrun for example_short_circuit_decorator to None, run_after=None
[2025-05-06T14:48:21.073+0000] {processor.py:208} INFO - Processing /home/airflow/.local/lib/python3.12/site-packages/airflow/example_dags/example_short_circuit_decorator.py took 0.108 seconds
[2025-05-06T14:48:55.758+0000] {processor.py:186} INFO - Started process (PID=14969) to work on /home/airflow/.local/lib/python3.12/site-packages/airflow/example_dags/example_short_circuit_decorator.py
[2025-05-06T14:48:55.766+0000] {processor.py:914} INFO - Processing file /home/airflow/.local/lib/python3.12/site-packages/airflow/example_dags/example_short_circuit_decorator.py for tasks to queue
[2025-05-06T14:48:55.791+0000] {logging_mixin.py:190} INFO - [2025-05-06T14:48:55.789+0000] {dagbag.py:588} INFO - Filling up the DagBag from /home/airflow/.local/lib/python3.12/site-packages/airflow/example_dags/example_short_circuit_decorator.py
[2025-05-06T14:48:55.884+0000] {processor.py:925} INFO - DAG(s) 'example_short_circuit_decorator' retrieved from /home/airflow/.local/lib/python3.12/site-packages/airflow/example_dags/example_short_circuit_decorator.py
[2025-05-06T14:48:56.105+0000] {logging_mixin.py:190} INFO - [2025-05-06T14:48:56.103+0000] {dag.py:3239} INFO - Sync 1 DAGs
[2025-05-06T14:48:56.228+0000] {logging_mixin.py:190} INFO - [2025-05-06T14:48:56.226+0000] {dag.py:4180} INFO - Setting next_dagrun for example_short_circuit_decorator to None, run_after=None
[2025-05-06T14:48:56.373+0000] {processor.py:208} INFO - Processing /home/airflow/.local/lib/python3.12/site-packages/airflow/example_dags/example_short_circuit_decorator.py took 0.672 seconds
[2025-05-06T14:50:24.511+0000] {processor.py:186} INFO - Started process (PID=15066) to work on /home/airflow/.local/lib/python3.12/site-packages/airflow/example_dags/example_short_circuit_decorator.py
[2025-05-06T14:50:24.518+0000] {processor.py:914} INFO - Processing file /home/airflow/.local/lib/python3.12/site-packages/airflow/example_dags/example_short_circuit_decorator.py for tasks to queue
[2025-05-06T14:50:24.543+0000] {logging_mixin.py:190} INFO - [2025-05-06T14:50:24.539+0000] {dagbag.py:588} INFO - Filling up the DagBag from /home/airflow/.local/lib/python3.12/site-packages/airflow/example_dags/example_short_circuit_decorator.py
[2025-05-06T14:50:24.668+0000] {processor.py:925} INFO - DAG(s) 'example_short_circuit_decorator' retrieved from /home/airflow/.local/lib/python3.12/site-packages/airflow/example_dags/example_short_circuit_decorator.py
[2025-05-06T14:50:24.979+0000] {logging_mixin.py:190} INFO - [2025-05-06T14:50:24.976+0000] {dag.py:3239} INFO - Sync 1 DAGs
[2025-05-06T14:50:25.140+0000] {logging_mixin.py:190} INFO - [2025-05-06T14:50:25.138+0000] {dag.py:4180} INFO - Setting next_dagrun for example_short_circuit_decorator to None, run_after=None
[2025-05-06T14:50:25.326+0000] {processor.py:208} INFO - Processing /home/airflow/.local/lib/python3.12/site-packages/airflow/example_dags/example_short_circuit_decorator.py took 0.860 seconds
[2025-05-06T14:50:55.915+0000] {processor.py:186} INFO - Started process (PID=15164) to work on /home/airflow/.local/lib/python3.12/site-packages/airflow/example_dags/example_short_circuit_decorator.py
[2025-05-06T14:50:55.918+0000] {processor.py:914} INFO - Processing file /home/airflow/.local/lib/python3.12/site-packages/airflow/example_dags/example_short_circuit_decorator.py for tasks to queue
[2025-05-06T14:50:55.924+0000] {logging_mixin.py:190} INFO - [2025-05-06T14:50:55.923+0000] {dagbag.py:588} INFO - Filling up the DagBag from /home/airflow/.local/lib/python3.12/site-packages/airflow/example_dags/example_short_circuit_decorator.py
[2025-05-06T14:50:55.942+0000] {processor.py:925} INFO - DAG(s) 'example_short_circuit_decorator' retrieved from /home/airflow/.local/lib/python3.12/site-packages/airflow/example_dags/example_short_circuit_decorator.py
[2025-05-06T14:50:55.987+0000] {logging_mixin.py:190} INFO - [2025-05-06T14:50:55.986+0000] {dag.py:3239} INFO - Sync 1 DAGs
[2025-05-06T14:50:56.014+0000] {logging_mixin.py:190} INFO - [2025-05-06T14:50:56.014+0000] {dag.py:4180} INFO - Setting next_dagrun for example_short_circuit_decorator to None, run_after=None
[2025-05-06T14:50:56.067+0000] {processor.py:208} INFO - Processing /home/airflow/.local/lib/python3.12/site-packages/airflow/example_dags/example_short_circuit_decorator.py took 0.165 seconds
[2025-05-06T14:51:28.221+0000] {processor.py:186} INFO - Started process (PID=15255) to work on /home/airflow/.local/lib/python3.12/site-packages/airflow/example_dags/example_short_circuit_decorator.py
[2025-05-06T14:51:28.224+0000] {processor.py:914} INFO - Processing file /home/airflow/.local/lib/python3.12/site-packages/airflow/example_dags/example_short_circuit_decorator.py for tasks to queue
[2025-05-06T14:51:28.232+0000] {logging_mixin.py:190} INFO - [2025-05-06T14:51:28.231+0000] {dagbag.py:588} INFO - Filling up the DagBag from /home/airflow/.local/lib/python3.12/site-packages/airflow/example_dags/example_short_circuit_decorator.py
[2025-05-06T14:51:28.262+0000] {processor.py:925} INFO - DAG(s) 'example_short_circuit_decorator' retrieved from /home/airflow/.local/lib/python3.12/site-packages/airflow/example_dags/example_short_circuit_decorator.py
[2025-05-06T14:51:28.330+0000] {logging_mixin.py:190} INFO - [2025-05-06T14:51:28.329+0000] {dag.py:3239} INFO - Sync 1 DAGs
[2025-05-06T14:51:28.374+0000] {logging_mixin.py:190} INFO - [2025-05-06T14:51:28.373+0000] {dag.py:4180} INFO - Setting next_dagrun for example_short_circuit_decorator to None, run_after=None
[2025-05-06T14:51:28.443+0000] {processor.py:208} INFO - Processing /home/airflow/.local/lib/python3.12/site-packages/airflow/example_dags/example_short_circuit_decorator.py took 0.245 seconds
[2025-05-06T14:52:00.283+0000] {processor.py:186} INFO - Started process (PID=15346) to work on /home/airflow/.local/lib/python3.12/site-packages/airflow/example_dags/example_short_circuit_decorator.py
[2025-05-06T14:52:00.285+0000] {processor.py:914} INFO - Processing file /home/airflow/.local/lib/python3.12/site-packages/airflow/example_dags/example_short_circuit_decorator.py for tasks to queue
[2025-05-06T14:52:00.291+0000] {logging_mixin.py:190} INFO - [2025-05-06T14:52:00.290+0000] {dagbag.py:588} INFO - Filling up the DagBag from /home/airflow/.local/lib/python3.12/site-packages/airflow/example_dags/example_short_circuit_decorator.py
[2025-05-06T14:52:00.314+0000] {processor.py:925} INFO - DAG(s) 'example_short_circuit_decorator' retrieved from /home/airflow/.local/lib/python3.12/site-packages/airflow/example_dags/example_short_circuit_decorator.py
[2025-05-06T14:52:00.366+0000] {logging_mixin.py:190} INFO - [2025-05-06T14:52:00.366+0000] {dag.py:3239} INFO - Sync 1 DAGs
[2025-05-06T14:52:00.398+0000] {logging_mixin.py:190} INFO - [2025-05-06T14:52:00.398+0000] {dag.py:4180} INFO - Setting next_dagrun for example_short_circuit_decorator to None, run_after=None
[2025-05-06T14:52:00.438+0000] {processor.py:208} INFO - Processing /home/airflow/.local/lib/python3.12/site-packages/airflow/example_dags/example_short_circuit_decorator.py took 0.169 seconds
[2025-05-06T14:52:31.001+0000] {processor.py:186} INFO - Started process (PID=15423) to work on /home/airflow/.local/lib/python3.12/site-packages/airflow/example_dags/example_short_circuit_decorator.py
[2025-05-06T14:52:31.004+0000] {processor.py:914} INFO - Processing file /home/airflow/.local/lib/python3.12/site-packages/airflow/example_dags/example_short_circuit_decorator.py for tasks to queue
[2025-05-06T14:52:31.008+0000] {logging_mixin.py:190} INFO - [2025-05-06T14:52:31.007+0000] {dagbag.py:588} INFO - Filling up the DagBag from /home/airflow/.local/lib/python3.12/site-packages/airflow/example_dags/example_short_circuit_decorator.py
[2025-05-06T14:52:31.033+0000] {processor.py:925} INFO - DAG(s) 'example_short_circuit_decorator' retrieved from /home/airflow/.local/lib/python3.12/site-packages/airflow/example_dags/example_short_circuit_decorator.py
[2025-05-06T14:52:31.087+0000] {logging_mixin.py:190} INFO - [2025-05-06T14:52:31.086+0000] {dag.py:3239} INFO - Sync 1 DAGs
[2025-05-06T14:52:31.128+0000] {logging_mixin.py:190} INFO - [2025-05-06T14:52:31.128+0000] {dag.py:4180} INFO - Setting next_dagrun for example_short_circuit_decorator to None, run_after=None
[2025-05-06T14:52:31.175+0000] {processor.py:208} INFO - Processing /home/airflow/.local/lib/python3.12/site-packages/airflow/example_dags/example_short_circuit_decorator.py took 0.186 seconds
[2025-05-06T14:53:01.348+0000] {processor.py:186} INFO - Started process (PID=15513) to work on /home/airflow/.local/lib/python3.12/site-packages/airflow/example_dags/example_short_circuit_decorator.py
[2025-05-06T14:53:01.350+0000] {processor.py:914} INFO - Processing file /home/airflow/.local/lib/python3.12/site-packages/airflow/example_dags/example_short_circuit_decorator.py for tasks to queue
[2025-05-06T14:53:01.355+0000] {logging_mixin.py:190} INFO - [2025-05-06T14:53:01.354+0000] {dagbag.py:588} INFO - Filling up the DagBag from /home/airflow/.local/lib/python3.12/site-packages/airflow/example_dags/example_short_circuit_decorator.py
[2025-05-06T14:53:01.377+0000] {processor.py:925} INFO - DAG(s) 'example_short_circuit_decorator' retrieved from /home/airflow/.local/lib/python3.12/site-packages/airflow/example_dags/example_short_circuit_decorator.py
[2025-05-06T14:53:01.424+0000] {logging_mixin.py:190} INFO - [2025-05-06T14:53:01.423+0000] {dag.py:3239} INFO - Sync 1 DAGs
[2025-05-06T14:53:01.454+0000] {logging_mixin.py:190} INFO - [2025-05-06T14:53:01.454+0000] {dag.py:4180} INFO - Setting next_dagrun for example_short_circuit_decorator to None, run_after=None
[2025-05-06T14:53:01.488+0000] {processor.py:208} INFO - Processing /home/airflow/.local/lib/python3.12/site-packages/airflow/example_dags/example_short_circuit_decorator.py took 0.150 seconds
[2025-05-06T14:53:33.358+0000] {processor.py:186} INFO - Started process (PID=15604) to work on /home/airflow/.local/lib/python3.12/site-packages/airflow/example_dags/example_short_circuit_decorator.py
[2025-05-06T14:53:33.361+0000] {processor.py:914} INFO - Processing file /home/airflow/.local/lib/python3.12/site-packages/airflow/example_dags/example_short_circuit_decorator.py for tasks to queue
[2025-05-06T14:53:33.366+0000] {logging_mixin.py:190} INFO - [2025-05-06T14:53:33.365+0000] {dagbag.py:588} INFO - Filling up the DagBag from /home/airflow/.local/lib/python3.12/site-packages/airflow/example_dags/example_short_circuit_decorator.py
[2025-05-06T14:53:33.393+0000] {processor.py:925} INFO - DAG(s) 'example_short_circuit_decorator' retrieved from /home/airflow/.local/lib/python3.12/site-packages/airflow/example_dags/example_short_circuit_decorator.py
[2025-05-06T14:53:33.433+0000] {logging_mixin.py:190} INFO - [2025-05-06T14:53:33.432+0000] {dag.py:3239} INFO - Sync 1 DAGs
[2025-05-06T14:53:33.459+0000] {logging_mixin.py:190} INFO - [2025-05-06T14:53:33.459+0000] {dag.py:4180} INFO - Setting next_dagrun for example_short_circuit_decorator to None, run_after=None
[2025-05-06T14:53:33.493+0000] {processor.py:208} INFO - Processing /home/airflow/.local/lib/python3.12/site-packages/airflow/example_dags/example_short_circuit_decorator.py took 0.146 seconds
[2025-05-06T14:54:05.313+0000] {processor.py:186} INFO - Started process (PID=15695) to work on /home/airflow/.local/lib/python3.12/site-packages/airflow/example_dags/example_short_circuit_decorator.py
[2025-05-06T14:54:05.316+0000] {processor.py:914} INFO - Processing file /home/airflow/.local/lib/python3.12/site-packages/airflow/example_dags/example_short_circuit_decorator.py for tasks to queue
[2025-05-06T14:54:05.322+0000] {logging_mixin.py:190} INFO - [2025-05-06T14:54:05.321+0000] {dagbag.py:588} INFO - Filling up the DagBag from /home/airflow/.local/lib/python3.12/site-packages/airflow/example_dags/example_short_circuit_decorator.py
[2025-05-06T14:54:05.342+0000] {processor.py:925} INFO - DAG(s) 'example_short_circuit_decorator' retrieved from /home/airflow/.local/lib/python3.12/site-packages/airflow/example_dags/example_short_circuit_decorator.py
[2025-05-06T14:54:05.385+0000] {logging_mixin.py:190} INFO - [2025-05-06T14:54:05.384+0000] {dag.py:3239} INFO - Sync 1 DAGs
[2025-05-06T14:54:05.411+0000] {logging_mixin.py:190} INFO - [2025-05-06T14:54:05.411+0000] {dag.py:4180} INFO - Setting next_dagrun for example_short_circuit_decorator to None, run_after=None
[2025-05-06T14:54:05.448+0000] {processor.py:208} INFO - Processing /home/airflow/.local/lib/python3.12/site-packages/airflow/example_dags/example_short_circuit_decorator.py took 0.145 seconds
[2025-05-06T14:54:36.185+0000] {processor.py:186} INFO - Started process (PID=15772) to work on /home/airflow/.local/lib/python3.12/site-packages/airflow/example_dags/example_short_circuit_decorator.py
[2025-05-06T14:54:36.186+0000] {processor.py:914} INFO - Processing file /home/airflow/.local/lib/python3.12/site-packages/airflow/example_dags/example_short_circuit_decorator.py for tasks to queue
[2025-05-06T14:54:36.191+0000] {logging_mixin.py:190} INFO - [2025-05-06T14:54:36.190+0000] {dagbag.py:588} INFO - Filling up the DagBag from /home/airflow/.local/lib/python3.12/site-packages/airflow/example_dags/example_short_circuit_decorator.py
[2025-05-06T14:54:36.210+0000] {processor.py:925} INFO - DAG(s) 'example_short_circuit_decorator' retrieved from /home/airflow/.local/lib/python3.12/site-packages/airflow/example_dags/example_short_circuit_decorator.py
[2025-05-06T14:54:36.259+0000] {logging_mixin.py:190} INFO - [2025-05-06T14:54:36.258+0000] {dag.py:3239} INFO - Sync 1 DAGs
[2025-05-06T14:54:36.286+0000] {logging_mixin.py:190} INFO - [2025-05-06T14:54:36.286+0000] {dag.py:4180} INFO - Setting next_dagrun for example_short_circuit_decorator to None, run_after=None
[2025-05-06T14:54:36.345+0000] {processor.py:208} INFO - Processing /home/airflow/.local/lib/python3.12/site-packages/airflow/example_dags/example_short_circuit_decorator.py took 0.174 seconds
[2025-05-06T14:55:07.326+0000] {processor.py:186} INFO - Started process (PID=15862) to work on /home/airflow/.local/lib/python3.12/site-packages/airflow/example_dags/example_short_circuit_decorator.py
[2025-05-06T14:55:07.329+0000] {processor.py:914} INFO - Processing file /home/airflow/.local/lib/python3.12/site-packages/airflow/example_dags/example_short_circuit_decorator.py for tasks to queue
[2025-05-06T14:55:07.339+0000] {logging_mixin.py:190} INFO - [2025-05-06T14:55:07.337+0000] {dagbag.py:588} INFO - Filling up the DagBag from /home/airflow/.local/lib/python3.12/site-packages/airflow/example_dags/example_short_circuit_decorator.py
[2025-05-06T14:55:07.365+0000] {processor.py:925} INFO - DAG(s) 'example_short_circuit_decorator' retrieved from /home/airflow/.local/lib/python3.12/site-packages/airflow/example_dags/example_short_circuit_decorator.py
[2025-05-06T14:55:07.422+0000] {logging_mixin.py:190} INFO - [2025-05-06T14:55:07.421+0000] {dag.py:3239} INFO - Sync 1 DAGs
[2025-05-06T14:55:07.452+0000] {logging_mixin.py:190} INFO - [2025-05-06T14:55:07.452+0000] {dag.py:4180} INFO - Setting next_dagrun for example_short_circuit_decorator to None, run_after=None
[2025-05-06T14:55:07.488+0000] {processor.py:208} INFO - Processing /home/airflow/.local/lib/python3.12/site-packages/airflow/example_dags/example_short_circuit_decorator.py took 0.175 seconds
[2025-05-06T14:55:37.789+0000] {processor.py:186} INFO - Started process (PID=15953) to work on /home/airflow/.local/lib/python3.12/site-packages/airflow/example_dags/example_short_circuit_decorator.py
[2025-05-06T14:55:37.792+0000] {processor.py:914} INFO - Processing file /home/airflow/.local/lib/python3.12/site-packages/airflow/example_dags/example_short_circuit_decorator.py for tasks to queue
[2025-05-06T14:55:37.798+0000] {logging_mixin.py:190} INFO - [2025-05-06T14:55:37.797+0000] {dagbag.py:588} INFO - Filling up the DagBag from /home/airflow/.local/lib/python3.12/site-packages/airflow/example_dags/example_short_circuit_decorator.py
[2025-05-06T14:55:37.819+0000] {processor.py:925} INFO - DAG(s) 'example_short_circuit_decorator' retrieved from /home/airflow/.local/lib/python3.12/site-packages/airflow/example_dags/example_short_circuit_decorator.py
[2025-05-06T14:55:37.867+0000] {logging_mixin.py:190} INFO - [2025-05-06T14:55:37.866+0000] {dag.py:3239} INFO - Sync 1 DAGs
[2025-05-06T14:55:37.898+0000] {logging_mixin.py:190} INFO - [2025-05-06T14:55:37.898+0000] {dag.py:4180} INFO - Setting next_dagrun for example_short_circuit_decorator to None, run_after=None
[2025-05-06T14:55:37.964+0000] {processor.py:208} INFO - Processing /home/airflow/.local/lib/python3.12/site-packages/airflow/example_dags/example_short_circuit_decorator.py took 0.188 seconds
[2025-05-06T14:56:08.657+0000] {processor.py:186} INFO - Started process (PID=16044) to work on /home/airflow/.local/lib/python3.12/site-packages/airflow/example_dags/example_short_circuit_decorator.py
[2025-05-06T14:56:08.661+0000] {processor.py:914} INFO - Processing file /home/airflow/.local/lib/python3.12/site-packages/airflow/example_dags/example_short_circuit_decorator.py for tasks to queue
[2025-05-06T14:56:08.671+0000] {logging_mixin.py:190} INFO - [2025-05-06T14:56:08.670+0000] {dagbag.py:588} INFO - Filling up the DagBag from /home/airflow/.local/lib/python3.12/site-packages/airflow/example_dags/example_short_circuit_decorator.py
[2025-05-06T14:56:08.709+0000] {processor.py:925} INFO - DAG(s) 'example_short_circuit_decorator' retrieved from /home/airflow/.local/lib/python3.12/site-packages/airflow/example_dags/example_short_circuit_decorator.py
[2025-05-06T14:56:08.770+0000] {logging_mixin.py:190} INFO - [2025-05-06T14:56:08.769+0000] {dag.py:3239} INFO - Sync 1 DAGs
[2025-05-06T14:56:08.800+0000] {logging_mixin.py:190} INFO - [2025-05-06T14:56:08.799+0000] {dag.py:4180} INFO - Setting next_dagrun for example_short_circuit_decorator to None, run_after=None
[2025-05-06T14:56:08.863+0000] {processor.py:208} INFO - Processing /home/airflow/.local/lib/python3.12/site-packages/airflow/example_dags/example_short_circuit_decorator.py took 0.218 seconds
[2025-05-06T14:56:39.109+0000] {processor.py:186} INFO - Started process (PID=16135) to work on /home/airflow/.local/lib/python3.12/site-packages/airflow/example_dags/example_short_circuit_decorator.py
[2025-05-06T14:56:39.112+0000] {processor.py:914} INFO - Processing file /home/airflow/.local/lib/python3.12/site-packages/airflow/example_dags/example_short_circuit_decorator.py for tasks to queue
[2025-05-06T14:56:39.116+0000] {logging_mixin.py:190} INFO - [2025-05-06T14:56:39.115+0000] {dagbag.py:588} INFO - Filling up the DagBag from /home/airflow/.local/lib/python3.12/site-packages/airflow/example_dags/example_short_circuit_decorator.py
[2025-05-06T14:56:39.137+0000] {processor.py:925} INFO - DAG(s) 'example_short_circuit_decorator' retrieved from /home/airflow/.local/lib/python3.12/site-packages/airflow/example_dags/example_short_circuit_decorator.py
[2025-05-06T14:56:39.187+0000] {logging_mixin.py:190} INFO - [2025-05-06T14:56:39.186+0000] {dag.py:3239} INFO - Sync 1 DAGs
[2025-05-06T14:56:39.218+0000] {logging_mixin.py:190} INFO - [2025-05-06T14:56:39.217+0000] {dag.py:4180} INFO - Setting next_dagrun for example_short_circuit_decorator to None, run_after=None
[2025-05-06T14:56:39.260+0000] {processor.py:208} INFO - Processing /home/airflow/.local/lib/python3.12/site-packages/airflow/example_dags/example_short_circuit_decorator.py took 0.163 seconds
[2025-05-06T14:57:09.833+0000] {processor.py:186} INFO - Started process (PID=16226) to work on /home/airflow/.local/lib/python3.12/site-packages/airflow/example_dags/example_short_circuit_decorator.py
[2025-05-06T14:57:09.836+0000] {processor.py:914} INFO - Processing file /home/airflow/.local/lib/python3.12/site-packages/airflow/example_dags/example_short_circuit_decorator.py for tasks to queue
[2025-05-06T14:57:09.841+0000] {logging_mixin.py:190} INFO - [2025-05-06T14:57:09.840+0000] {dagbag.py:588} INFO - Filling up the DagBag from /home/airflow/.local/lib/python3.12/site-packages/airflow/example_dags/example_short_circuit_decorator.py
[2025-05-06T14:57:09.861+0000] {processor.py:925} INFO - DAG(s) 'example_short_circuit_decorator' retrieved from /home/airflow/.local/lib/python3.12/site-packages/airflow/example_dags/example_short_circuit_decorator.py
[2025-05-06T14:57:09.906+0000] {logging_mixin.py:190} INFO - [2025-05-06T14:57:09.906+0000] {dag.py:3239} INFO - Sync 1 DAGs
[2025-05-06T14:57:09.932+0000] {logging_mixin.py:190} INFO - [2025-05-06T14:57:09.931+0000] {dag.py:4180} INFO - Setting next_dagrun for example_short_circuit_decorator to None, run_after=None
[2025-05-06T14:57:09.986+0000] {processor.py:208} INFO - Processing /home/airflow/.local/lib/python3.12/site-packages/airflow/example_dags/example_short_circuit_decorator.py took 0.162 seconds
[2025-05-06T14:57:41.031+0000] {processor.py:186} INFO - Started process (PID=16317) to work on /home/airflow/.local/lib/python3.12/site-packages/airflow/example_dags/example_short_circuit_decorator.py
[2025-05-06T14:57:41.035+0000] {processor.py:914} INFO - Processing file /home/airflow/.local/lib/python3.12/site-packages/airflow/example_dags/example_short_circuit_decorator.py for tasks to queue
[2025-05-06T14:57:41.040+0000] {logging_mixin.py:190} INFO - [2025-05-06T14:57:41.039+0000] {dagbag.py:588} INFO - Filling up the DagBag from /home/airflow/.local/lib/python3.12/site-packages/airflow/example_dags/example_short_circuit_decorator.py
[2025-05-06T14:57:41.058+0000] {processor.py:925} INFO - DAG(s) 'example_short_circuit_decorator' retrieved from /home/airflow/.local/lib/python3.12/site-packages/airflow/example_dags/example_short_circuit_decorator.py
[2025-05-06T14:57:41.104+0000] {logging_mixin.py:190} INFO - [2025-05-06T14:57:41.104+0000] {dag.py:3239} INFO - Sync 1 DAGs
[2025-05-06T14:57:41.132+0000] {logging_mixin.py:190} INFO - [2025-05-06T14:57:41.132+0000] {dag.py:4180} INFO - Setting next_dagrun for example_short_circuit_decorator to None, run_after=None
[2025-05-06T14:57:41.182+0000] {processor.py:208} INFO - Processing /home/airflow/.local/lib/python3.12/site-packages/airflow/example_dags/example_short_circuit_decorator.py took 0.167 seconds
[2025-05-06T14:58:13.071+0000] {processor.py:186} INFO - Started process (PID=16408) to work on /home/airflow/.local/lib/python3.12/site-packages/airflow/example_dags/example_short_circuit_decorator.py
[2025-05-06T14:58:13.074+0000] {processor.py:914} INFO - Processing file /home/airflow/.local/lib/python3.12/site-packages/airflow/example_dags/example_short_circuit_decorator.py for tasks to queue
[2025-05-06T14:58:13.079+0000] {logging_mixin.py:190} INFO - [2025-05-06T14:58:13.078+0000] {dagbag.py:588} INFO - Filling up the DagBag from /home/airflow/.local/lib/python3.12/site-packages/airflow/example_dags/example_short_circuit_decorator.py
[2025-05-06T14:58:13.098+0000] {processor.py:925} INFO - DAG(s) 'example_short_circuit_decorator' retrieved from /home/airflow/.local/lib/python3.12/site-packages/airflow/example_dags/example_short_circuit_decorator.py
[2025-05-06T14:58:13.155+0000] {logging_mixin.py:190} INFO - [2025-05-06T14:58:13.154+0000] {dag.py:3239} INFO - Sync 1 DAGs
[2025-05-06T14:58:13.191+0000] {logging_mixin.py:190} INFO - [2025-05-06T14:58:13.191+0000] {dag.py:4180} INFO - Setting next_dagrun for example_short_circuit_decorator to None, run_after=None
[2025-05-06T14:58:13.245+0000] {processor.py:208} INFO - Processing /home/airflow/.local/lib/python3.12/site-packages/airflow/example_dags/example_short_circuit_decorator.py took 0.185 seconds
[2025-05-06T14:58:43.947+0000] {processor.py:186} INFO - Started process (PID=16485) to work on /home/airflow/.local/lib/python3.12/site-packages/airflow/example_dags/example_short_circuit_decorator.py
[2025-05-06T14:58:43.951+0000] {processor.py:914} INFO - Processing file /home/airflow/.local/lib/python3.12/site-packages/airflow/example_dags/example_short_circuit_decorator.py for tasks to queue
[2025-05-06T14:58:43.956+0000] {logging_mixin.py:190} INFO - [2025-05-06T14:58:43.955+0000] {dagbag.py:588} INFO - Filling up the DagBag from /home/airflow/.local/lib/python3.12/site-packages/airflow/example_dags/example_short_circuit_decorator.py
[2025-05-06T14:58:43.977+0000] {processor.py:925} INFO - DAG(s) 'example_short_circuit_decorator' retrieved from /home/airflow/.local/lib/python3.12/site-packages/airflow/example_dags/example_short_circuit_decorator.py
[2025-05-06T14:58:44.030+0000] {logging_mixin.py:190} INFO - [2025-05-06T14:58:44.030+0000] {dag.py:3239} INFO - Sync 1 DAGs
[2025-05-06T14:58:44.063+0000] {logging_mixin.py:190} INFO - [2025-05-06T14:58:44.063+0000] {dag.py:4180} INFO - Setting next_dagrun for example_short_circuit_decorator to None, run_after=None
[2025-05-06T14:58:44.126+0000] {processor.py:208} INFO - Processing /home/airflow/.local/lib/python3.12/site-packages/airflow/example_dags/example_short_circuit_decorator.py took 0.191 seconds
[2025-05-06T14:59:14.782+0000] {processor.py:186} INFO - Started process (PID=16577) to work on /home/airflow/.local/lib/python3.12/site-packages/airflow/example_dags/example_short_circuit_decorator.py
[2025-05-06T14:59:14.784+0000] {processor.py:914} INFO - Processing file /home/airflow/.local/lib/python3.12/site-packages/airflow/example_dags/example_short_circuit_decorator.py for tasks to queue
[2025-05-06T14:59:14.790+0000] {logging_mixin.py:190} INFO - [2025-05-06T14:59:14.789+0000] {dagbag.py:588} INFO - Filling up the DagBag from /home/airflow/.local/lib/python3.12/site-packages/airflow/example_dags/example_short_circuit_decorator.py
[2025-05-06T14:59:14.810+0000] {processor.py:925} INFO - DAG(s) 'example_short_circuit_decorator' retrieved from /home/airflow/.local/lib/python3.12/site-packages/airflow/example_dags/example_short_circuit_decorator.py
[2025-05-06T14:59:14.854+0000] {logging_mixin.py:190} INFO - [2025-05-06T14:59:14.854+0000] {dag.py:3239} INFO - Sync 1 DAGs
[2025-05-06T14:59:14.881+0000] {logging_mixin.py:190} INFO - [2025-05-06T14:59:14.880+0000] {dag.py:4180} INFO - Setting next_dagrun for example_short_circuit_decorator to None, run_after=None
[2025-05-06T14:59:14.936+0000] {processor.py:208} INFO - Processing /home/airflow/.local/lib/python3.12/site-packages/airflow/example_dags/example_short_circuit_decorator.py took 0.166 seconds
[2025-05-06T14:59:45.393+0000] {processor.py:186} INFO - Started process (PID=16667) to work on /home/airflow/.local/lib/python3.12/site-packages/airflow/example_dags/example_short_circuit_decorator.py
[2025-05-06T14:59:45.395+0000] {processor.py:914} INFO - Processing file /home/airflow/.local/lib/python3.12/site-packages/airflow/example_dags/example_short_circuit_decorator.py for tasks to queue
[2025-05-06T14:59:45.400+0000] {logging_mixin.py:190} INFO - [2025-05-06T14:59:45.399+0000] {dagbag.py:588} INFO - Filling up the DagBag from /home/airflow/.local/lib/python3.12/site-packages/airflow/example_dags/example_short_circuit_decorator.py
[2025-05-06T14:59:45.417+0000] {processor.py:925} INFO - DAG(s) 'example_short_circuit_decorator' retrieved from /home/airflow/.local/lib/python3.12/site-packages/airflow/example_dags/example_short_circuit_decorator.py
[2025-05-06T14:59:45.463+0000] {logging_mixin.py:190} INFO - [2025-05-06T14:59:45.463+0000] {dag.py:3239} INFO - Sync 1 DAGs
[2025-05-06T14:59:45.491+0000] {logging_mixin.py:190} INFO - [2025-05-06T14:59:45.491+0000] {dag.py:4180} INFO - Setting next_dagrun for example_short_circuit_decorator to None, run_after=None
[2025-05-06T14:59:45.544+0000] {processor.py:208} INFO - Processing /home/airflow/.local/lib/python3.12/site-packages/airflow/example_dags/example_short_circuit_decorator.py took 0.164 seconds
[2025-05-06T15:00:16.207+0000] {processor.py:186} INFO - Started process (PID=16758) to work on /home/airflow/.local/lib/python3.12/site-packages/airflow/example_dags/example_short_circuit_decorator.py
[2025-05-06T15:00:16.209+0000] {processor.py:914} INFO - Processing file /home/airflow/.local/lib/python3.12/site-packages/airflow/example_dags/example_short_circuit_decorator.py for tasks to queue
[2025-05-06T15:00:16.215+0000] {logging_mixin.py:190} INFO - [2025-05-06T15:00:16.214+0000] {dagbag.py:588} INFO - Filling up the DagBag from /home/airflow/.local/lib/python3.12/site-packages/airflow/example_dags/example_short_circuit_decorator.py
[2025-05-06T15:00:16.235+0000] {processor.py:925} INFO - DAG(s) 'example_short_circuit_decorator' retrieved from /home/airflow/.local/lib/python3.12/site-packages/airflow/example_dags/example_short_circuit_decorator.py
[2025-05-06T15:00:16.277+0000] {logging_mixin.py:190} INFO - [2025-05-06T15:00:16.277+0000] {dag.py:3239} INFO - Sync 1 DAGs
[2025-05-06T15:00:16.308+0000] {logging_mixin.py:190} INFO - [2025-05-06T15:00:16.307+0000] {dag.py:4180} INFO - Setting next_dagrun for example_short_circuit_decorator to None, run_after=None
[2025-05-06T15:00:16.370+0000] {processor.py:208} INFO - Processing /home/airflow/.local/lib/python3.12/site-packages/airflow/example_dags/example_short_circuit_decorator.py took 0.174 seconds
[2025-05-06T15:00:46.757+0000] {processor.py:186} INFO - Started process (PID=16835) to work on /home/airflow/.local/lib/python3.12/site-packages/airflow/example_dags/example_short_circuit_decorator.py
[2025-05-06T15:00:46.760+0000] {processor.py:914} INFO - Processing file /home/airflow/.local/lib/python3.12/site-packages/airflow/example_dags/example_short_circuit_decorator.py for tasks to queue
[2025-05-06T15:00:46.766+0000] {logging_mixin.py:190} INFO - [2025-05-06T15:00:46.766+0000] {dagbag.py:588} INFO - Filling up the DagBag from /home/airflow/.local/lib/python3.12/site-packages/airflow/example_dags/example_short_circuit_decorator.py
[2025-05-06T15:00:46.785+0000] {processor.py:925} INFO - DAG(s) 'example_short_circuit_decorator' retrieved from /home/airflow/.local/lib/python3.12/site-packages/airflow/example_dags/example_short_circuit_decorator.py
[2025-05-06T15:00:46.832+0000] {logging_mixin.py:190} INFO - [2025-05-06T15:00:46.832+0000] {dag.py:3239} INFO - Sync 1 DAGs
[2025-05-06T15:00:46.878+0000] {logging_mixin.py:190} INFO - [2025-05-06T15:00:46.877+0000] {dag.py:4180} INFO - Setting next_dagrun for example_short_circuit_decorator to None, run_after=None
[2025-05-06T15:00:46.940+0000] {processor.py:208} INFO - Processing /home/airflow/.local/lib/python3.12/site-packages/airflow/example_dags/example_short_circuit_decorator.py took 0.196 seconds
[2025-05-06T15:01:17.319+0000] {processor.py:186} INFO - Started process (PID=16926) to work on /home/airflow/.local/lib/python3.12/site-packages/airflow/example_dags/example_short_circuit_decorator.py
[2025-05-06T15:01:17.321+0000] {processor.py:914} INFO - Processing file /home/airflow/.local/lib/python3.12/site-packages/airflow/example_dags/example_short_circuit_decorator.py for tasks to queue
[2025-05-06T15:01:17.325+0000] {logging_mixin.py:190} INFO - [2025-05-06T15:01:17.324+0000] {dagbag.py:588} INFO - Filling up the DagBag from /home/airflow/.local/lib/python3.12/site-packages/airflow/example_dags/example_short_circuit_decorator.py
[2025-05-06T15:01:17.343+0000] {processor.py:925} INFO - DAG(s) 'example_short_circuit_decorator' retrieved from /home/airflow/.local/lib/python3.12/site-packages/airflow/example_dags/example_short_circuit_decorator.py
[2025-05-06T15:01:17.387+0000] {logging_mixin.py:190} INFO - [2025-05-06T15:01:17.386+0000] {dag.py:3239} INFO - Sync 1 DAGs
[2025-05-06T15:01:17.417+0000] {logging_mixin.py:190} INFO - [2025-05-06T15:01:17.417+0000] {dag.py:4180} INFO - Setting next_dagrun for example_short_circuit_decorator to None, run_after=None
[2025-05-06T15:01:17.462+0000] {processor.py:208} INFO - Processing /home/airflow/.local/lib/python3.12/site-packages/airflow/example_dags/example_short_circuit_decorator.py took 0.155 seconds
[2025-05-06T15:01:47.811+0000] {processor.py:186} INFO - Started process (PID=17017) to work on /home/airflow/.local/lib/python3.12/site-packages/airflow/example_dags/example_short_circuit_decorator.py
[2025-05-06T15:01:47.813+0000] {processor.py:914} INFO - Processing file /home/airflow/.local/lib/python3.12/site-packages/airflow/example_dags/example_short_circuit_decorator.py for tasks to queue
[2025-05-06T15:01:47.817+0000] {logging_mixin.py:190} INFO - [2025-05-06T15:01:47.817+0000] {dagbag.py:588} INFO - Filling up the DagBag from /home/airflow/.local/lib/python3.12/site-packages/airflow/example_dags/example_short_circuit_decorator.py
[2025-05-06T15:01:47.836+0000] {processor.py:925} INFO - DAG(s) 'example_short_circuit_decorator' retrieved from /home/airflow/.local/lib/python3.12/site-packages/airflow/example_dags/example_short_circuit_decorator.py
[2025-05-06T15:01:47.887+0000] {logging_mixin.py:190} INFO - [2025-05-06T15:01:47.886+0000] {dag.py:3239} INFO - Sync 1 DAGs
[2025-05-06T15:01:47.921+0000] {logging_mixin.py:190} INFO - [2025-05-06T15:01:47.921+0000] {dag.py:4180} INFO - Setting next_dagrun for example_short_circuit_decorator to None, run_after=None
[2025-05-06T15:01:47.960+0000] {processor.py:208} INFO - Processing /home/airflow/.local/lib/python3.12/site-packages/airflow/example_dags/example_short_circuit_decorator.py took 0.162 seconds
[2025-05-06T15:02:18.693+0000] {processor.py:186} INFO - Started process (PID=17108) to work on /home/airflow/.local/lib/python3.12/site-packages/airflow/example_dags/example_short_circuit_decorator.py
[2025-05-06T15:02:18.696+0000] {processor.py:914} INFO - Processing file /home/airflow/.local/lib/python3.12/site-packages/airflow/example_dags/example_short_circuit_decorator.py for tasks to queue
[2025-05-06T15:02:18.701+0000] {logging_mixin.py:190} INFO - [2025-05-06T15:02:18.701+0000] {dagbag.py:588} INFO - Filling up the DagBag from /home/airflow/.local/lib/python3.12/site-packages/airflow/example_dags/example_short_circuit_decorator.py
[2025-05-06T15:02:18.723+0000] {processor.py:925} INFO - DAG(s) 'example_short_circuit_decorator' retrieved from /home/airflow/.local/lib/python3.12/site-packages/airflow/example_dags/example_short_circuit_decorator.py
[2025-05-06T15:02:18.774+0000] {logging_mixin.py:190} INFO - [2025-05-06T15:02:18.773+0000] {dag.py:3239} INFO - Sync 1 DAGs
[2025-05-06T15:02:18.804+0000] {logging_mixin.py:190} INFO - [2025-05-06T15:02:18.804+0000] {dag.py:4180} INFO - Setting next_dagrun for example_short_circuit_decorator to None, run_after=None
[2025-05-06T15:02:18.862+0000] {processor.py:208} INFO - Processing /home/airflow/.local/lib/python3.12/site-packages/airflow/example_dags/example_short_circuit_decorator.py took 0.184 seconds
[2025-05-06T15:02:49.544+0000] {processor.py:186} INFO - Started process (PID=17199) to work on /home/airflow/.local/lib/python3.12/site-packages/airflow/example_dags/example_short_circuit_decorator.py
[2025-05-06T15:02:49.546+0000] {processor.py:914} INFO - Processing file /home/airflow/.local/lib/python3.12/site-packages/airflow/example_dags/example_short_circuit_decorator.py for tasks to queue
[2025-05-06T15:02:49.550+0000] {logging_mixin.py:190} INFO - [2025-05-06T15:02:49.549+0000] {dagbag.py:588} INFO - Filling up the DagBag from /home/airflow/.local/lib/python3.12/site-packages/airflow/example_dags/example_short_circuit_decorator.py
[2025-05-06T15:02:49.575+0000] {processor.py:925} INFO - DAG(s) 'example_short_circuit_decorator' retrieved from /home/airflow/.local/lib/python3.12/site-packages/airflow/example_dags/example_short_circuit_decorator.py
[2025-05-06T15:02:49.622+0000] {logging_mixin.py:190} INFO - [2025-05-06T15:02:49.622+0000] {dag.py:3239} INFO - Sync 1 DAGs
[2025-05-06T15:02:49.653+0000] {logging_mixin.py:190} INFO - [2025-05-06T15:02:49.653+0000] {dag.py:4180} INFO - Setting next_dagrun for example_short_circuit_decorator to None, run_after=None
[2025-05-06T15:02:49.692+0000] {processor.py:208} INFO - Processing /home/airflow/.local/lib/python3.12/site-packages/airflow/example_dags/example_short_circuit_decorator.py took 0.160 seconds
[2025-05-06T15:03:20.345+0000] {processor.py:186} INFO - Started process (PID=17289) to work on /home/airflow/.local/lib/python3.12/site-packages/airflow/example_dags/example_short_circuit_decorator.py
[2025-05-06T15:03:20.346+0000] {processor.py:914} INFO - Processing file /home/airflow/.local/lib/python3.12/site-packages/airflow/example_dags/example_short_circuit_decorator.py for tasks to queue
[2025-05-06T15:03:20.352+0000] {logging_mixin.py:190} INFO - [2025-05-06T15:03:20.352+0000] {dagbag.py:588} INFO - Filling up the DagBag from /home/airflow/.local/lib/python3.12/site-packages/airflow/example_dags/example_short_circuit_decorator.py
[2025-05-06T15:03:20.371+0000] {processor.py:925} INFO - DAG(s) 'example_short_circuit_decorator' retrieved from /home/airflow/.local/lib/python3.12/site-packages/airflow/example_dags/example_short_circuit_decorator.py
[2025-05-06T15:03:20.413+0000] {logging_mixin.py:190} INFO - [2025-05-06T15:03:20.413+0000] {dag.py:3239} INFO - Sync 1 DAGs
[2025-05-06T15:03:20.442+0000] {logging_mixin.py:190} INFO - [2025-05-06T15:03:20.441+0000] {dag.py:4180} INFO - Setting next_dagrun for example_short_circuit_decorator to None, run_after=None
[2025-05-06T15:03:20.495+0000] {processor.py:208} INFO - Processing /home/airflow/.local/lib/python3.12/site-packages/airflow/example_dags/example_short_circuit_decorator.py took 0.162 seconds
[2025-05-06T15:03:50.776+0000] {processor.py:186} INFO - Started process (PID=17379) to work on /home/airflow/.local/lib/python3.12/site-packages/airflow/example_dags/example_short_circuit_decorator.py
[2025-05-06T15:03:50.778+0000] {processor.py:914} INFO - Processing file /home/airflow/.local/lib/python3.12/site-packages/airflow/example_dags/example_short_circuit_decorator.py for tasks to queue
[2025-05-06T15:03:50.783+0000] {logging_mixin.py:190} INFO - [2025-05-06T15:03:50.782+0000] {dagbag.py:588} INFO - Filling up the DagBag from /home/airflow/.local/lib/python3.12/site-packages/airflow/example_dags/example_short_circuit_decorator.py
[2025-05-06T15:03:50.804+0000] {processor.py:925} INFO - DAG(s) 'example_short_circuit_decorator' retrieved from /home/airflow/.local/lib/python3.12/site-packages/airflow/example_dags/example_short_circuit_decorator.py
[2025-05-06T15:03:50.848+0000] {logging_mixin.py:190} INFO - [2025-05-06T15:03:50.848+0000] {dag.py:3239} INFO - Sync 1 DAGs
[2025-05-06T15:03:50.885+0000] {logging_mixin.py:190} INFO - [2025-05-06T15:03:50.885+0000] {dag.py:4180} INFO - Setting next_dagrun for example_short_circuit_decorator to None, run_after=None
[2025-05-06T15:03:50.925+0000] {processor.py:208} INFO - Processing /home/airflow/.local/lib/python3.12/site-packages/airflow/example_dags/example_short_circuit_decorator.py took 0.161 seconds
[2025-05-06T15:04:21.176+0000] {processor.py:186} INFO - Started process (PID=17470) to work on /home/airflow/.local/lib/python3.12/site-packages/airflow/example_dags/example_short_circuit_decorator.py
[2025-05-06T15:04:21.178+0000] {processor.py:914} INFO - Processing file /home/airflow/.local/lib/python3.12/site-packages/airflow/example_dags/example_short_circuit_decorator.py for tasks to queue
[2025-05-06T15:04:21.186+0000] {logging_mixin.py:190} INFO - [2025-05-06T15:04:21.185+0000] {dagbag.py:588} INFO - Filling up the DagBag from /home/airflow/.local/lib/python3.12/site-packages/airflow/example_dags/example_short_circuit_decorator.py
[2025-05-06T15:04:21.214+0000] {processor.py:925} INFO - DAG(s) 'example_short_circuit_decorator' retrieved from /home/airflow/.local/lib/python3.12/site-packages/airflow/example_dags/example_short_circuit_decorator.py
[2025-05-06T15:04:21.261+0000] {logging_mixin.py:190} INFO - [2025-05-06T15:04:21.260+0000] {dag.py:3239} INFO - Sync 1 DAGs
[2025-05-06T15:04:21.293+0000] {logging_mixin.py:190} INFO - [2025-05-06T15:04:21.292+0000] {dag.py:4180} INFO - Setting next_dagrun for example_short_circuit_decorator to None, run_after=None
[2025-05-06T15:04:21.350+0000] {processor.py:208} INFO - Processing /home/airflow/.local/lib/python3.12/site-packages/airflow/example_dags/example_short_circuit_decorator.py took 0.186 seconds
[2025-05-06T15:04:51.662+0000] {processor.py:186} INFO - Started process (PID=17547) to work on /home/airflow/.local/lib/python3.12/site-packages/airflow/example_dags/example_short_circuit_decorator.py
[2025-05-06T15:04:51.666+0000] {processor.py:914} INFO - Processing file /home/airflow/.local/lib/python3.12/site-packages/airflow/example_dags/example_short_circuit_decorator.py for tasks to queue
[2025-05-06T15:04:51.671+0000] {logging_mixin.py:190} INFO - [2025-05-06T15:04:51.671+0000] {dagbag.py:588} INFO - Filling up the DagBag from /home/airflow/.local/lib/python3.12/site-packages/airflow/example_dags/example_short_circuit_decorator.py
[2025-05-06T15:04:51.690+0000] {processor.py:925} INFO - DAG(s) 'example_short_circuit_decorator' retrieved from /home/airflow/.local/lib/python3.12/site-packages/airflow/example_dags/example_short_circuit_decorator.py
[2025-05-06T15:04:51.742+0000] {logging_mixin.py:190} INFO - [2025-05-06T15:04:51.742+0000] {dag.py:3239} INFO - Sync 1 DAGs
[2025-05-06T15:04:51.770+0000] {logging_mixin.py:190} INFO - [2025-05-06T15:04:51.769+0000] {dag.py:4180} INFO - Setting next_dagrun for example_short_circuit_decorator to None, run_after=None
[2025-05-06T15:04:51.829+0000] {processor.py:208} INFO - Processing /home/airflow/.local/lib/python3.12/site-packages/airflow/example_dags/example_short_circuit_decorator.py took 0.183 seconds
[2025-05-06T15:05:22.228+0000] {processor.py:186} INFO - Started process (PID=17638) to work on /home/airflow/.local/lib/python3.12/site-packages/airflow/example_dags/example_short_circuit_decorator.py
[2025-05-06T15:05:22.231+0000] {processor.py:914} INFO - Processing file /home/airflow/.local/lib/python3.12/site-packages/airflow/example_dags/example_short_circuit_decorator.py for tasks to queue
[2025-05-06T15:05:22.237+0000] {logging_mixin.py:190} INFO - [2025-05-06T15:05:22.236+0000] {dagbag.py:588} INFO - Filling up the DagBag from /home/airflow/.local/lib/python3.12/site-packages/airflow/example_dags/example_short_circuit_decorator.py
[2025-05-06T15:05:22.257+0000] {processor.py:925} INFO - DAG(s) 'example_short_circuit_decorator' retrieved from /home/airflow/.local/lib/python3.12/site-packages/airflow/example_dags/example_short_circuit_decorator.py
[2025-05-06T15:05:22.305+0000] {logging_mixin.py:190} INFO - [2025-05-06T15:05:22.304+0000] {dag.py:3239} INFO - Sync 1 DAGs
[2025-05-06T15:05:22.344+0000] {logging_mixin.py:190} INFO - [2025-05-06T15:05:22.343+0000] {dag.py:4180} INFO - Setting next_dagrun for example_short_circuit_decorator to None, run_after=None
[2025-05-06T15:05:22.409+0000] {processor.py:208} INFO - Processing /home/airflow/.local/lib/python3.12/site-packages/airflow/example_dags/example_short_circuit_decorator.py took 0.194 seconds
[2025-05-06T15:05:53.359+0000] {processor.py:186} INFO - Started process (PID=17729) to work on /home/airflow/.local/lib/python3.12/site-packages/airflow/example_dags/example_short_circuit_decorator.py
[2025-05-06T15:05:53.362+0000] {processor.py:914} INFO - Processing file /home/airflow/.local/lib/python3.12/site-packages/airflow/example_dags/example_short_circuit_decorator.py for tasks to queue
[2025-05-06T15:05:53.366+0000] {logging_mixin.py:190} INFO - [2025-05-06T15:05:53.366+0000] {dagbag.py:588} INFO - Filling up the DagBag from /home/airflow/.local/lib/python3.12/site-packages/airflow/example_dags/example_short_circuit_decorator.py
[2025-05-06T15:05:53.385+0000] {processor.py:925} INFO - DAG(s) 'example_short_circuit_decorator' retrieved from /home/airflow/.local/lib/python3.12/site-packages/airflow/example_dags/example_short_circuit_decorator.py
[2025-05-06T15:05:53.433+0000] {logging_mixin.py:190} INFO - [2025-05-06T15:05:53.433+0000] {dag.py:3239} INFO - Sync 1 DAGs
[2025-05-06T15:05:53.464+0000] {logging_mixin.py:190} INFO - [2025-05-06T15:05:53.464+0000] {dag.py:4180} INFO - Setting next_dagrun for example_short_circuit_decorator to None, run_after=None
[2025-05-06T15:05:53.497+0000] {processor.py:208} INFO - Processing /home/airflow/.local/lib/python3.12/site-packages/airflow/example_dags/example_short_circuit_decorator.py took 0.148 seconds
[2025-05-06T15:06:23.802+0000] {processor.py:186} INFO - Started process (PID=17820) to work on /home/airflow/.local/lib/python3.12/site-packages/airflow/example_dags/example_short_circuit_decorator.py
[2025-05-06T15:06:23.804+0000] {processor.py:914} INFO - Processing file /home/airflow/.local/lib/python3.12/site-packages/airflow/example_dags/example_short_circuit_decorator.py for tasks to queue
[2025-05-06T15:06:23.808+0000] {logging_mixin.py:190} INFO - [2025-05-06T15:06:23.808+0000] {dagbag.py:588} INFO - Filling up the DagBag from /home/airflow/.local/lib/python3.12/site-packages/airflow/example_dags/example_short_circuit_decorator.py
[2025-05-06T15:06:23.828+0000] {processor.py:925} INFO - DAG(s) 'example_short_circuit_decorator' retrieved from /home/airflow/.local/lib/python3.12/site-packages/airflow/example_dags/example_short_circuit_decorator.py
[2025-05-06T15:06:23.872+0000] {logging_mixin.py:190} INFO - [2025-05-06T15:06:23.872+0000] {dag.py:3239} INFO - Sync 1 DAGs
[2025-05-06T15:06:23.901+0000] {logging_mixin.py:190} INFO - [2025-05-06T15:06:23.900+0000] {dag.py:4180} INFO - Setting next_dagrun for example_short_circuit_decorator to None, run_after=None
[2025-05-06T15:06:23.970+0000] {processor.py:208} INFO - Processing /home/airflow/.local/lib/python3.12/site-packages/airflow/example_dags/example_short_circuit_decorator.py took 0.180 seconds
[2025-05-06T15:06:54.198+0000] {processor.py:186} INFO - Started process (PID=17897) to work on /home/airflow/.local/lib/python3.12/site-packages/airflow/example_dags/example_short_circuit_decorator.py
[2025-05-06T15:06:54.200+0000] {processor.py:914} INFO - Processing file /home/airflow/.local/lib/python3.12/site-packages/airflow/example_dags/example_short_circuit_decorator.py for tasks to queue
[2025-05-06T15:06:54.207+0000] {logging_mixin.py:190} INFO - [2025-05-06T15:06:54.206+0000] {dagbag.py:588} INFO - Filling up the DagBag from /home/airflow/.local/lib/python3.12/site-packages/airflow/example_dags/example_short_circuit_decorator.py
[2025-05-06T15:06:54.227+0000] {processor.py:925} INFO - DAG(s) 'example_short_circuit_decorator' retrieved from /home/airflow/.local/lib/python3.12/site-packages/airflow/example_dags/example_short_circuit_decorator.py
[2025-05-06T15:06:54.276+0000] {logging_mixin.py:190} INFO - [2025-05-06T15:06:54.276+0000] {dag.py:3239} INFO - Sync 1 DAGs
[2025-05-06T15:06:54.303+0000] {logging_mixin.py:190} INFO - [2025-05-06T15:06:54.303+0000] {dag.py:4180} INFO - Setting next_dagrun for example_short_circuit_decorator to None, run_after=None
[2025-05-06T15:06:54.340+0000] {processor.py:208} INFO - Processing /home/airflow/.local/lib/python3.12/site-packages/airflow/example_dags/example_short_circuit_decorator.py took 0.156 seconds
[2025-05-06T15:07:25.059+0000] {processor.py:186} INFO - Started process (PID=17988) to work on /home/airflow/.local/lib/python3.12/site-packages/airflow/example_dags/example_short_circuit_decorator.py
[2025-05-06T15:07:25.063+0000] {processor.py:914} INFO - Processing file /home/airflow/.local/lib/python3.12/site-packages/airflow/example_dags/example_short_circuit_decorator.py for tasks to queue
[2025-05-06T15:07:25.070+0000] {logging_mixin.py:190} INFO - [2025-05-06T15:07:25.069+0000] {dagbag.py:588} INFO - Filling up the DagBag from /home/airflow/.local/lib/python3.12/site-packages/airflow/example_dags/example_short_circuit_decorator.py
[2025-05-06T15:07:25.087+0000] {processor.py:925} INFO - DAG(s) 'example_short_circuit_decorator' retrieved from /home/airflow/.local/lib/python3.12/site-packages/airflow/example_dags/example_short_circuit_decorator.py
[2025-05-06T15:07:25.135+0000] {logging_mixin.py:190} INFO - [2025-05-06T15:07:25.135+0000] {dag.py:3239} INFO - Sync 1 DAGs
[2025-05-06T15:07:25.165+0000] {logging_mixin.py:190} INFO - [2025-05-06T15:07:25.165+0000] {dag.py:4180} INFO - Setting next_dagrun for example_short_circuit_decorator to None, run_after=None
[2025-05-06T15:07:25.223+0000] {processor.py:208} INFO - Processing /home/airflow/.local/lib/python3.12/site-packages/airflow/example_dags/example_short_circuit_decorator.py took 0.176 seconds
[2025-05-06T15:07:55.862+0000] {processor.py:186} INFO - Started process (PID=18079) to work on /home/airflow/.local/lib/python3.12/site-packages/airflow/example_dags/example_short_circuit_decorator.py
[2025-05-06T15:07:55.864+0000] {processor.py:914} INFO - Processing file /home/airflow/.local/lib/python3.12/site-packages/airflow/example_dags/example_short_circuit_decorator.py for tasks to queue
[2025-05-06T15:07:55.870+0000] {logging_mixin.py:190} INFO - [2025-05-06T15:07:55.870+0000] {dagbag.py:588} INFO - Filling up the DagBag from /home/airflow/.local/lib/python3.12/site-packages/airflow/example_dags/example_short_circuit_decorator.py
[2025-05-06T15:07:55.894+0000] {processor.py:925} INFO - DAG(s) 'example_short_circuit_decorator' retrieved from /home/airflow/.local/lib/python3.12/site-packages/airflow/example_dags/example_short_circuit_decorator.py
[2025-05-06T15:07:55.946+0000] {logging_mixin.py:190} INFO - [2025-05-06T15:07:55.946+0000] {dag.py:3239} INFO - Sync 1 DAGs
[2025-05-06T15:07:55.973+0000] {logging_mixin.py:190} INFO - [2025-05-06T15:07:55.972+0000] {dag.py:4180} INFO - Setting next_dagrun for example_short_circuit_decorator to None, run_after=None
[2025-05-06T15:07:56.009+0000] {processor.py:208} INFO - Processing /home/airflow/.local/lib/python3.12/site-packages/airflow/example_dags/example_short_circuit_decorator.py took 0.160 seconds
[2025-05-06T15:08:26.268+0000] {processor.py:186} INFO - Started process (PID=18170) to work on /home/airflow/.local/lib/python3.12/site-packages/airflow/example_dags/example_short_circuit_decorator.py
[2025-05-06T15:08:26.272+0000] {processor.py:914} INFO - Processing file /home/airflow/.local/lib/python3.12/site-packages/airflow/example_dags/example_short_circuit_decorator.py for tasks to queue
[2025-05-06T15:08:26.278+0000] {logging_mixin.py:190} INFO - [2025-05-06T15:08:26.277+0000] {dagbag.py:588} INFO - Filling up the DagBag from /home/airflow/.local/lib/python3.12/site-packages/airflow/example_dags/example_short_circuit_decorator.py
[2025-05-06T15:08:26.300+0000] {processor.py:925} INFO - DAG(s) 'example_short_circuit_decorator' retrieved from /home/airflow/.local/lib/python3.12/site-packages/airflow/example_dags/example_short_circuit_decorator.py
[2025-05-06T15:08:26.343+0000] {logging_mixin.py:190} INFO - [2025-05-06T15:08:26.343+0000] {dag.py:3239} INFO - Sync 1 DAGs
[2025-05-06T15:08:26.372+0000] {logging_mixin.py:190} INFO - [2025-05-06T15:08:26.371+0000] {dag.py:4180} INFO - Setting next_dagrun for example_short_circuit_decorator to None, run_after=None
[2025-05-06T15:08:26.420+0000] {processor.py:208} INFO - Processing /home/airflow/.local/lib/python3.12/site-packages/airflow/example_dags/example_short_circuit_decorator.py took 0.163 seconds
[2025-05-06T15:08:56.773+0000] {processor.py:186} INFO - Started process (PID=18261) to work on /home/airflow/.local/lib/python3.12/site-packages/airflow/example_dags/example_short_circuit_decorator.py
[2025-05-06T15:08:56.775+0000] {processor.py:914} INFO - Processing file /home/airflow/.local/lib/python3.12/site-packages/airflow/example_dags/example_short_circuit_decorator.py for tasks to queue
[2025-05-06T15:08:56.782+0000] {logging_mixin.py:190} INFO - [2025-05-06T15:08:56.781+0000] {dagbag.py:588} INFO - Filling up the DagBag from /home/airflow/.local/lib/python3.12/site-packages/airflow/example_dags/example_short_circuit_decorator.py
[2025-05-06T15:08:56.809+0000] {processor.py:925} INFO - DAG(s) 'example_short_circuit_decorator' retrieved from /home/airflow/.local/lib/python3.12/site-packages/airflow/example_dags/example_short_circuit_decorator.py
[2025-05-06T15:08:56.866+0000] {logging_mixin.py:190} INFO - [2025-05-06T15:08:56.865+0000] {dag.py:3239} INFO - Sync 1 DAGs
[2025-05-06T15:08:56.904+0000] {logging_mixin.py:190} INFO - [2025-05-06T15:08:56.904+0000] {dag.py:4180} INFO - Setting next_dagrun for example_short_circuit_decorator to None, run_after=None
[2025-05-06T15:08:56.944+0000] {processor.py:208} INFO - Processing /home/airflow/.local/lib/python3.12/site-packages/airflow/example_dags/example_short_circuit_decorator.py took 0.188 seconds
[2025-05-06T15:09:27.301+0000] {processor.py:186} INFO - Started process (PID=18351) to work on /home/airflow/.local/lib/python3.12/site-packages/airflow/example_dags/example_short_circuit_decorator.py
[2025-05-06T15:09:27.303+0000] {processor.py:914} INFO - Processing file /home/airflow/.local/lib/python3.12/site-packages/airflow/example_dags/example_short_circuit_decorator.py for tasks to queue
[2025-05-06T15:09:27.309+0000] {logging_mixin.py:190} INFO - [2025-05-06T15:09:27.308+0000] {dagbag.py:588} INFO - Filling up the DagBag from /home/airflow/.local/lib/python3.12/site-packages/airflow/example_dags/example_short_circuit_decorator.py
[2025-05-06T15:09:27.328+0000] {processor.py:925} INFO - DAG(s) 'example_short_circuit_decorator' retrieved from /home/airflow/.local/lib/python3.12/site-packages/airflow/example_dags/example_short_circuit_decorator.py
[2025-05-06T15:09:27.374+0000] {logging_mixin.py:190} INFO - [2025-05-06T15:09:27.373+0000] {dag.py:3239} INFO - Sync 1 DAGs
[2025-05-06T15:09:27.404+0000] {logging_mixin.py:190} INFO - [2025-05-06T15:09:27.403+0000] {dag.py:4180} INFO - Setting next_dagrun for example_short_circuit_decorator to None, run_after=None
[2025-05-06T15:09:27.440+0000] {processor.py:208} INFO - Processing /home/airflow/.local/lib/python3.12/site-packages/airflow/example_dags/example_short_circuit_decorator.py took 0.149 seconds
[2025-05-06T15:09:59.264+0000] {processor.py:186} INFO - Started process (PID=18448) to work on /home/airflow/.local/lib/python3.12/site-packages/airflow/example_dags/example_short_circuit_decorator.py
[2025-05-06T15:09:59.276+0000] {processor.py:914} INFO - Processing file /home/airflow/.local/lib/python3.12/site-packages/airflow/example_dags/example_short_circuit_decorator.py for tasks to queue
[2025-05-06T15:09:59.283+0000] {logging_mixin.py:190} INFO - [2025-05-06T15:09:59.282+0000] {dagbag.py:588} INFO - Filling up the DagBag from /home/airflow/.local/lib/python3.12/site-packages/airflow/example_dags/example_short_circuit_decorator.py
[2025-05-06T15:09:59.313+0000] {processor.py:925} INFO - DAG(s) 'example_short_circuit_decorator' retrieved from /home/airflow/.local/lib/python3.12/site-packages/airflow/example_dags/example_short_circuit_decorator.py
[2025-05-06T15:09:59.362+0000] {logging_mixin.py:190} INFO - [2025-05-06T15:09:59.362+0000] {dag.py:3239} INFO - Sync 1 DAGs
[2025-05-06T15:09:59.391+0000] {logging_mixin.py:190} INFO - [2025-05-06T15:09:59.391+0000] {dag.py:4180} INFO - Setting next_dagrun for example_short_circuit_decorator to None, run_after=None
[2025-05-06T15:09:59.443+0000] {processor.py:208} INFO - Processing /home/airflow/.local/lib/python3.12/site-packages/airflow/example_dags/example_short_circuit_decorator.py took 0.192 seconds
[2025-05-06T15:10:31.253+0000] {processor.py:186} INFO - Started process (PID=18539) to work on /home/airflow/.local/lib/python3.12/site-packages/airflow/example_dags/example_short_circuit_decorator.py
[2025-05-06T15:10:31.255+0000] {processor.py:914} INFO - Processing file /home/airflow/.local/lib/python3.12/site-packages/airflow/example_dags/example_short_circuit_decorator.py for tasks to queue
[2025-05-06T15:10:31.259+0000] {logging_mixin.py:190} INFO - [2025-05-06T15:10:31.258+0000] {dagbag.py:588} INFO - Filling up the DagBag from /home/airflow/.local/lib/python3.12/site-packages/airflow/example_dags/example_short_circuit_decorator.py
[2025-05-06T15:10:31.278+0000] {processor.py:925} INFO - DAG(s) 'example_short_circuit_decorator' retrieved from /home/airflow/.local/lib/python3.12/site-packages/airflow/example_dags/example_short_circuit_decorator.py
[2025-05-06T15:10:31.322+0000] {logging_mixin.py:190} INFO - [2025-05-06T15:10:31.321+0000] {dag.py:3239} INFO - Sync 1 DAGs
[2025-05-06T15:10:31.358+0000] {logging_mixin.py:190} INFO - [2025-05-06T15:10:31.357+0000] {dag.py:4180} INFO - Setting next_dagrun for example_short_circuit_decorator to None, run_after=None
[2025-05-06T15:10:31.404+0000] {processor.py:208} INFO - Processing /home/airflow/.local/lib/python3.12/site-packages/airflow/example_dags/example_short_circuit_decorator.py took 0.163 seconds
[2025-05-06T15:11:01.534+0000] {processor.py:186} INFO - Started process (PID=18616) to work on /home/airflow/.local/lib/python3.12/site-packages/airflow/example_dags/example_short_circuit_decorator.py
[2025-05-06T15:11:01.537+0000] {processor.py:914} INFO - Processing file /home/airflow/.local/lib/python3.12/site-packages/airflow/example_dags/example_short_circuit_decorator.py for tasks to queue
[2025-05-06T15:11:01.545+0000] {logging_mixin.py:190} INFO - [2025-05-06T15:11:01.544+0000] {dagbag.py:588} INFO - Filling up the DagBag from /home/airflow/.local/lib/python3.12/site-packages/airflow/example_dags/example_short_circuit_decorator.py
[2025-05-06T15:11:01.564+0000] {processor.py:925} INFO - DAG(s) 'example_short_circuit_decorator' retrieved from /home/airflow/.local/lib/python3.12/site-packages/airflow/example_dags/example_short_circuit_decorator.py
[2025-05-06T15:11:01.613+0000] {logging_mixin.py:190} INFO - [2025-05-06T15:11:01.613+0000] {dag.py:3239} INFO - Sync 1 DAGs
[2025-05-06T15:11:01.642+0000] {logging_mixin.py:190} INFO - [2025-05-06T15:11:01.642+0000] {dag.py:4180} INFO - Setting next_dagrun for example_short_circuit_decorator to None, run_after=None
[2025-05-06T15:11:01.710+0000] {processor.py:208} INFO - Processing /home/airflow/.local/lib/python3.12/site-packages/airflow/example_dags/example_short_circuit_decorator.py took 0.190 seconds
[2025-05-06T15:11:32.592+0000] {processor.py:186} INFO - Started process (PID=18706) to work on /home/airflow/.local/lib/python3.12/site-packages/airflow/example_dags/example_short_circuit_decorator.py
[2025-05-06T15:11:32.594+0000] {processor.py:914} INFO - Processing file /home/airflow/.local/lib/python3.12/site-packages/airflow/example_dags/example_short_circuit_decorator.py for tasks to queue
[2025-05-06T15:11:32.598+0000] {logging_mixin.py:190} INFO - [2025-05-06T15:11:32.598+0000] {dagbag.py:588} INFO - Filling up the DagBag from /home/airflow/.local/lib/python3.12/site-packages/airflow/example_dags/example_short_circuit_decorator.py
[2025-05-06T15:11:32.624+0000] {processor.py:925} INFO - DAG(s) 'example_short_circuit_decorator' retrieved from /home/airflow/.local/lib/python3.12/site-packages/airflow/example_dags/example_short_circuit_decorator.py
[2025-05-06T15:11:32.675+0000] {logging_mixin.py:190} INFO - [2025-05-06T15:11:32.675+0000] {dag.py:3239} INFO - Sync 1 DAGs
[2025-05-06T15:11:32.707+0000] {logging_mixin.py:190} INFO - [2025-05-06T15:11:32.707+0000] {dag.py:4180} INFO - Setting next_dagrun for example_short_circuit_decorator to None, run_after=None
[2025-05-06T15:11:32.756+0000] {processor.py:208} INFO - Processing /home/airflow/.local/lib/python3.12/site-packages/airflow/example_dags/example_short_circuit_decorator.py took 0.180 seconds
[2025-05-06T15:12:03.444+0000] {processor.py:186} INFO - Started process (PID=18796) to work on /home/airflow/.local/lib/python3.12/site-packages/airflow/example_dags/example_short_circuit_decorator.py
[2025-05-06T15:12:03.451+0000] {processor.py:914} INFO - Processing file /home/airflow/.local/lib/python3.12/site-packages/airflow/example_dags/example_short_circuit_decorator.py for tasks to queue
[2025-05-06T15:12:03.457+0000] {logging_mixin.py:190} INFO - [2025-05-06T15:12:03.457+0000] {dagbag.py:588} INFO - Filling up the DagBag from /home/airflow/.local/lib/python3.12/site-packages/airflow/example_dags/example_short_circuit_decorator.py
[2025-05-06T15:12:03.480+0000] {processor.py:925} INFO - DAG(s) 'example_short_circuit_decorator' retrieved from /home/airflow/.local/lib/python3.12/site-packages/airflow/example_dags/example_short_circuit_decorator.py
[2025-05-06T15:12:03.529+0000] {logging_mixin.py:190} INFO - [2025-05-06T15:12:03.528+0000] {dag.py:3239} INFO - Sync 1 DAGs
[2025-05-06T15:12:03.560+0000] {logging_mixin.py:190} INFO - [2025-05-06T15:12:03.560+0000] {dag.py:4180} INFO - Setting next_dagrun for example_short_circuit_decorator to None, run_after=None
[2025-05-06T15:12:03.620+0000] {processor.py:208} INFO - Processing /home/airflow/.local/lib/python3.12/site-packages/airflow/example_dags/example_short_circuit_decorator.py took 0.188 seconds
[2025-05-06T15:12:33.948+0000] {processor.py:186} INFO - Started process (PID=18887) to work on /home/airflow/.local/lib/python3.12/site-packages/airflow/example_dags/example_short_circuit_decorator.py
[2025-05-06T15:12:33.950+0000] {processor.py:914} INFO - Processing file /home/airflow/.local/lib/python3.12/site-packages/airflow/example_dags/example_short_circuit_decorator.py for tasks to queue
[2025-05-06T15:12:33.957+0000] {logging_mixin.py:190} INFO - [2025-05-06T15:12:33.956+0000] {dagbag.py:588} INFO - Filling up the DagBag from /home/airflow/.local/lib/python3.12/site-packages/airflow/example_dags/example_short_circuit_decorator.py
[2025-05-06T15:12:33.979+0000] {processor.py:925} INFO - DAG(s) 'example_short_circuit_decorator' retrieved from /home/airflow/.local/lib/python3.12/site-packages/airflow/example_dags/example_short_circuit_decorator.py
[2025-05-06T15:12:34.023+0000] {logging_mixin.py:190} INFO - [2025-05-06T15:12:34.023+0000] {dag.py:3239} INFO - Sync 1 DAGs
[2025-05-06T15:12:34.055+0000] {logging_mixin.py:190} INFO - [2025-05-06T15:12:34.054+0000] {dag.py:4180} INFO - Setting next_dagrun for example_short_circuit_decorator to None, run_after=None
[2025-05-06T15:12:34.124+0000] {processor.py:208} INFO - Processing /home/airflow/.local/lib/python3.12/site-packages/airflow/example_dags/example_short_circuit_decorator.py took 0.188 seconds
[2025-05-06T15:13:04.462+0000] {processor.py:186} INFO - Started process (PID=18978) to work on /home/airflow/.local/lib/python3.12/site-packages/airflow/example_dags/example_short_circuit_decorator.py
[2025-05-06T15:13:04.464+0000] {processor.py:914} INFO - Processing file /home/airflow/.local/lib/python3.12/site-packages/airflow/example_dags/example_short_circuit_decorator.py for tasks to queue
[2025-05-06T15:13:04.469+0000] {logging_mixin.py:190} INFO - [2025-05-06T15:13:04.469+0000] {dagbag.py:588} INFO - Filling up the DagBag from /home/airflow/.local/lib/python3.12/site-packages/airflow/example_dags/example_short_circuit_decorator.py
[2025-05-06T15:13:04.495+0000] {processor.py:925} INFO - DAG(s) 'example_short_circuit_decorator' retrieved from /home/airflow/.local/lib/python3.12/site-packages/airflow/example_dags/example_short_circuit_decorator.py
[2025-05-06T15:13:04.549+0000] {logging_mixin.py:190} INFO - [2025-05-06T15:13:04.548+0000] {dag.py:3239} INFO - Sync 1 DAGs
[2025-05-06T15:13:04.584+0000] {logging_mixin.py:190} INFO - [2025-05-06T15:13:04.583+0000] {dag.py:4180} INFO - Setting next_dagrun for example_short_circuit_decorator to None, run_after=None
[2025-05-06T15:13:04.623+0000] {processor.py:208} INFO - Processing /home/airflow/.local/lib/python3.12/site-packages/airflow/example_dags/example_short_circuit_decorator.py took 0.174 seconds
[2025-05-06T15:13:34.960+0000] {processor.py:186} INFO - Started process (PID=19055) to work on /home/airflow/.local/lib/python3.12/site-packages/airflow/example_dags/example_short_circuit_decorator.py
[2025-05-06T15:13:34.962+0000] {processor.py:914} INFO - Processing file /home/airflow/.local/lib/python3.12/site-packages/airflow/example_dags/example_short_circuit_decorator.py for tasks to queue
[2025-05-06T15:13:34.966+0000] {logging_mixin.py:190} INFO - [2025-05-06T15:13:34.966+0000] {dagbag.py:588} INFO - Filling up the DagBag from /home/airflow/.local/lib/python3.12/site-packages/airflow/example_dags/example_short_circuit_decorator.py
[2025-05-06T15:13:34.985+0000] {processor.py:925} INFO - DAG(s) 'example_short_circuit_decorator' retrieved from /home/airflow/.local/lib/python3.12/site-packages/airflow/example_dags/example_short_circuit_decorator.py
[2025-05-06T15:13:35.029+0000] {logging_mixin.py:190} INFO - [2025-05-06T15:13:35.028+0000] {dag.py:3239} INFO - Sync 1 DAGs
[2025-05-06T15:13:35.056+0000] {logging_mixin.py:190} INFO - [2025-05-06T15:13:35.056+0000] {dag.py:4180} INFO - Setting next_dagrun for example_short_circuit_decorator to None, run_after=None
[2025-05-06T15:13:35.111+0000] {processor.py:208} INFO - Processing /home/airflow/.local/lib/python3.12/site-packages/airflow/example_dags/example_short_circuit_decorator.py took 0.167 seconds
[2025-05-06T15:14:05.301+0000] {processor.py:186} INFO - Started process (PID=19146) to work on /home/airflow/.local/lib/python3.12/site-packages/airflow/example_dags/example_short_circuit_decorator.py
[2025-05-06T15:14:05.303+0000] {processor.py:914} INFO - Processing file /home/airflow/.local/lib/python3.12/site-packages/airflow/example_dags/example_short_circuit_decorator.py for tasks to queue
[2025-05-06T15:14:05.310+0000] {logging_mixin.py:190} INFO - [2025-05-06T15:14:05.309+0000] {dagbag.py:588} INFO - Filling up the DagBag from /home/airflow/.local/lib/python3.12/site-packages/airflow/example_dags/example_short_circuit_decorator.py
[2025-05-06T15:14:05.333+0000] {processor.py:925} INFO - DAG(s) 'example_short_circuit_decorator' retrieved from /home/airflow/.local/lib/python3.12/site-packages/airflow/example_dags/example_short_circuit_decorator.py
[2025-05-06T15:14:05.377+0000] {logging_mixin.py:190} INFO - [2025-05-06T15:14:05.376+0000] {dag.py:3239} INFO - Sync 1 DAGs
[2025-05-06T15:14:05.405+0000] {logging_mixin.py:190} INFO - [2025-05-06T15:14:05.405+0000] {dag.py:4180} INFO - Setting next_dagrun for example_short_circuit_decorator to None, run_after=None
[2025-05-06T15:14:05.443+0000] {processor.py:208} INFO - Processing /home/airflow/.local/lib/python3.12/site-packages/airflow/example_dags/example_short_circuit_decorator.py took 0.155 seconds
[2025-05-06T15:14:35.821+0000] {processor.py:186} INFO - Started process (PID=19237) to work on /home/airflow/.local/lib/python3.12/site-packages/airflow/example_dags/example_short_circuit_decorator.py
[2025-05-06T15:14:35.823+0000] {processor.py:914} INFO - Processing file /home/airflow/.local/lib/python3.12/site-packages/airflow/example_dags/example_short_circuit_decorator.py for tasks to queue
[2025-05-06T15:14:35.829+0000] {logging_mixin.py:190} INFO - [2025-05-06T15:14:35.828+0000] {dagbag.py:588} INFO - Filling up the DagBag from /home/airflow/.local/lib/python3.12/site-packages/airflow/example_dags/example_short_circuit_decorator.py
[2025-05-06T15:14:35.851+0000] {processor.py:925} INFO - DAG(s) 'example_short_circuit_decorator' retrieved from /home/airflow/.local/lib/python3.12/site-packages/airflow/example_dags/example_short_circuit_decorator.py
[2025-05-06T15:14:35.902+0000] {logging_mixin.py:190} INFO - [2025-05-06T15:14:35.901+0000] {dag.py:3239} INFO - Sync 1 DAGs
[2025-05-06T15:14:35.933+0000] {logging_mixin.py:190} INFO - [2025-05-06T15:14:35.933+0000] {dag.py:4180} INFO - Setting next_dagrun for example_short_circuit_decorator to None, run_after=None
[2025-05-06T15:14:35.997+0000] {processor.py:208} INFO - Processing /home/airflow/.local/lib/python3.12/site-packages/airflow/example_dags/example_short_circuit_decorator.py took 0.186 seconds
[2025-05-06T15:15:08.609+0000] {processor.py:186} INFO - Started process (PID=19328) to work on /home/airflow/.local/lib/python3.12/site-packages/airflow/example_dags/example_short_circuit_decorator.py
[2025-05-06T15:15:08.611+0000] {processor.py:914} INFO - Processing file /home/airflow/.local/lib/python3.12/site-packages/airflow/example_dags/example_short_circuit_decorator.py for tasks to queue
[2025-05-06T15:15:08.616+0000] {logging_mixin.py:190} INFO - [2025-05-06T15:15:08.615+0000] {dagbag.py:588} INFO - Filling up the DagBag from /home/airflow/.local/lib/python3.12/site-packages/airflow/example_dags/example_short_circuit_decorator.py
[2025-05-06T15:15:08.634+0000] {processor.py:925} INFO - DAG(s) 'example_short_circuit_decorator' retrieved from /home/airflow/.local/lib/python3.12/site-packages/airflow/example_dags/example_short_circuit_decorator.py
[2025-05-06T15:15:08.689+0000] {logging_mixin.py:190} INFO - [2025-05-06T15:15:08.689+0000] {dag.py:3239} INFO - Sync 1 DAGs
[2025-05-06T15:15:08.720+0000] {logging_mixin.py:190} INFO - [2025-05-06T15:15:08.720+0000] {dag.py:4180} INFO - Setting next_dagrun for example_short_circuit_decorator to None, run_after=None
[2025-05-06T15:15:08.782+0000] {processor.py:208} INFO - Processing /home/airflow/.local/lib/python3.12/site-packages/airflow/example_dags/example_short_circuit_decorator.py took 0.185 seconds
[2025-05-06T15:15:39.623+0000] {processor.py:186} INFO - Started process (PID=19410) to work on /home/airflow/.local/lib/python3.12/site-packages/airflow/example_dags/example_short_circuit_decorator.py
[2025-05-06T15:15:39.625+0000] {processor.py:914} INFO - Processing file /home/airflow/.local/lib/python3.12/site-packages/airflow/example_dags/example_short_circuit_decorator.py for tasks to queue
[2025-05-06T15:15:39.635+0000] {logging_mixin.py:190} INFO - [2025-05-06T15:15:39.634+0000] {dagbag.py:588} INFO - Filling up the DagBag from /home/airflow/.local/lib/python3.12/site-packages/airflow/example_dags/example_short_circuit_decorator.py
[2025-05-06T15:15:39.663+0000] {processor.py:925} INFO - DAG(s) 'example_short_circuit_decorator' retrieved from /home/airflow/.local/lib/python3.12/site-packages/airflow/example_dags/example_short_circuit_decorator.py
[2025-05-06T15:15:39.720+0000] {logging_mixin.py:190} INFO - [2025-05-06T15:15:39.719+0000] {dag.py:3239} INFO - Sync 1 DAGs
[2025-05-06T15:15:39.752+0000] {logging_mixin.py:190} INFO - [2025-05-06T15:15:39.752+0000] {dag.py:4180} INFO - Setting next_dagrun for example_short_circuit_decorator to None, run_after=None
[2025-05-06T15:15:40.048+0000] {processor.py:208} INFO - Processing /home/airflow/.local/lib/python3.12/site-packages/airflow/example_dags/example_short_circuit_decorator.py took 0.437 seconds
[2025-05-06T15:16:12.756+0000] {processor.py:186} INFO - Started process (PID=19501) to work on /home/airflow/.local/lib/python3.12/site-packages/airflow/example_dags/example_short_circuit_decorator.py
[2025-05-06T15:16:12.759+0000] {processor.py:914} INFO - Processing file /home/airflow/.local/lib/python3.12/site-packages/airflow/example_dags/example_short_circuit_decorator.py for tasks to queue
[2025-05-06T15:16:12.764+0000] {logging_mixin.py:190} INFO - [2025-05-06T15:16:12.764+0000] {dagbag.py:588} INFO - Filling up the DagBag from /home/airflow/.local/lib/python3.12/site-packages/airflow/example_dags/example_short_circuit_decorator.py
[2025-05-06T15:16:12.786+0000] {processor.py:925} INFO - DAG(s) 'example_short_circuit_decorator' retrieved from /home/airflow/.local/lib/python3.12/site-packages/airflow/example_dags/example_short_circuit_decorator.py
[2025-05-06T15:16:12.830+0000] {logging_mixin.py:190} INFO - [2025-05-06T15:16:12.830+0000] {dag.py:3239} INFO - Sync 1 DAGs
[2025-05-06T15:16:12.859+0000] {logging_mixin.py:190} INFO - [2025-05-06T15:16:12.858+0000] {dag.py:4180} INFO - Setting next_dagrun for example_short_circuit_decorator to None, run_after=None
[2025-05-06T15:16:13.178+0000] {processor.py:208} INFO - Processing /home/airflow/.local/lib/python3.12/site-packages/airflow/example_dags/example_short_circuit_decorator.py took 0.434 seconds
[2025-05-06T15:16:44.808+0000] {processor.py:186} INFO - Started process (PID=19592) to work on /home/airflow/.local/lib/python3.12/site-packages/airflow/example_dags/example_short_circuit_decorator.py
[2025-05-06T15:16:44.810+0000] {processor.py:914} INFO - Processing file /home/airflow/.local/lib/python3.12/site-packages/airflow/example_dags/example_short_circuit_decorator.py for tasks to queue
[2025-05-06T15:16:44.818+0000] {logging_mixin.py:190} INFO - [2025-05-06T15:16:44.817+0000] {dagbag.py:588} INFO - Filling up the DagBag from /home/airflow/.local/lib/python3.12/site-packages/airflow/example_dags/example_short_circuit_decorator.py
[2025-05-06T15:16:44.840+0000] {processor.py:925} INFO - DAG(s) 'example_short_circuit_decorator' retrieved from /home/airflow/.local/lib/python3.12/site-packages/airflow/example_dags/example_short_circuit_decorator.py
[2025-05-06T15:16:44.890+0000] {logging_mixin.py:190} INFO - [2025-05-06T15:16:44.889+0000] {dag.py:3239} INFO - Sync 1 DAGs
[2025-05-06T15:16:44.919+0000] {logging_mixin.py:190} INFO - [2025-05-06T15:16:44.919+0000] {dag.py:4180} INFO - Setting next_dagrun for example_short_circuit_decorator to None, run_after=None
[2025-05-06T15:16:44.960+0000] {processor.py:208} INFO - Processing /home/airflow/.local/lib/python3.12/site-packages/airflow/example_dags/example_short_circuit_decorator.py took 0.164 seconds
[2025-05-06T15:17:15.409+0000] {processor.py:186} INFO - Started process (PID=19671) to work on /home/airflow/.local/lib/python3.12/site-packages/airflow/example_dags/example_short_circuit_decorator.py
[2025-05-06T15:17:15.412+0000] {processor.py:914} INFO - Processing file /home/airflow/.local/lib/python3.12/site-packages/airflow/example_dags/example_short_circuit_decorator.py for tasks to queue
[2025-05-06T15:17:15.418+0000] {logging_mixin.py:190} INFO - [2025-05-06T15:17:15.417+0000] {dagbag.py:588} INFO - Filling up the DagBag from /home/airflow/.local/lib/python3.12/site-packages/airflow/example_dags/example_short_circuit_decorator.py
[2025-05-06T15:17:15.445+0000] {processor.py:925} INFO - DAG(s) 'example_short_circuit_decorator' retrieved from /home/airflow/.local/lib/python3.12/site-packages/airflow/example_dags/example_short_circuit_decorator.py
[2025-05-06T15:17:15.508+0000] {logging_mixin.py:190} INFO - [2025-05-06T15:17:15.508+0000] {dag.py:3239} INFO - Sync 1 DAGs
[2025-05-06T15:17:15.545+0000] {logging_mixin.py:190} INFO - [2025-05-06T15:17:15.544+0000] {dag.py:4180} INFO - Setting next_dagrun for example_short_circuit_decorator to None, run_after=None
[2025-05-06T15:17:15.586+0000] {processor.py:208} INFO - Processing /home/airflow/.local/lib/python3.12/site-packages/airflow/example_dags/example_short_circuit_decorator.py took 0.193 seconds
[2025-05-06T15:17:45.773+0000] {processor.py:186} INFO - Started process (PID=19762) to work on /home/airflow/.local/lib/python3.12/site-packages/airflow/example_dags/example_short_circuit_decorator.py
[2025-05-06T15:17:45.776+0000] {processor.py:914} INFO - Processing file /home/airflow/.local/lib/python3.12/site-packages/airflow/example_dags/example_short_circuit_decorator.py for tasks to queue
[2025-05-06T15:17:45.782+0000] {logging_mixin.py:190} INFO - [2025-05-06T15:17:45.781+0000] {dagbag.py:588} INFO - Filling up the DagBag from /home/airflow/.local/lib/python3.12/site-packages/airflow/example_dags/example_short_circuit_decorator.py
[2025-05-06T15:17:45.800+0000] {processor.py:925} INFO - DAG(s) 'example_short_circuit_decorator' retrieved from /home/airflow/.local/lib/python3.12/site-packages/airflow/example_dags/example_short_circuit_decorator.py
[2025-05-06T15:17:45.843+0000] {logging_mixin.py:190} INFO - [2025-05-06T15:17:45.842+0000] {dag.py:3239} INFO - Sync 1 DAGs
[2025-05-06T15:17:45.878+0000] {logging_mixin.py:190} INFO - [2025-05-06T15:17:45.878+0000] {dag.py:4180} INFO - Setting next_dagrun for example_short_circuit_decorator to None, run_after=None
[2025-05-06T15:17:45.927+0000] {processor.py:208} INFO - Processing /home/airflow/.local/lib/python3.12/site-packages/airflow/example_dags/example_short_circuit_decorator.py took 0.166 seconds
[2025-05-06T15:18:16.058+0000] {processor.py:186} INFO - Started process (PID=19853) to work on /home/airflow/.local/lib/python3.12/site-packages/airflow/example_dags/example_short_circuit_decorator.py
[2025-05-06T15:18:16.061+0000] {processor.py:914} INFO - Processing file /home/airflow/.local/lib/python3.12/site-packages/airflow/example_dags/example_short_circuit_decorator.py for tasks to queue
[2025-05-06T15:18:16.068+0000] {logging_mixin.py:190} INFO - [2025-05-06T15:18:16.067+0000] {dagbag.py:588} INFO - Filling up the DagBag from /home/airflow/.local/lib/python3.12/site-packages/airflow/example_dags/example_short_circuit_decorator.py
[2025-05-06T15:18:16.095+0000] {processor.py:925} INFO - DAG(s) 'example_short_circuit_decorator' retrieved from /home/airflow/.local/lib/python3.12/site-packages/airflow/example_dags/example_short_circuit_decorator.py
[2025-05-06T15:18:16.145+0000] {logging_mixin.py:190} INFO - [2025-05-06T15:18:16.145+0000] {dag.py:3239} INFO - Sync 1 DAGs
[2025-05-06T15:18:16.178+0000] {logging_mixin.py:190} INFO - [2025-05-06T15:18:16.177+0000] {dag.py:4180} INFO - Setting next_dagrun for example_short_circuit_decorator to None, run_after=None
[2025-05-06T15:18:16.211+0000] {processor.py:208} INFO - Processing /home/airflow/.local/lib/python3.12/site-packages/airflow/example_dags/example_short_circuit_decorator.py took 0.168 seconds
