[2025-05-06T14:48:16.374+0000] {processor.py:186} INFO - Started process (PID=14844) to work on /home/airflow/.local/lib/python3.12/site-packages/airflow/example_dags/example_sensors.py
[2025-05-06T14:48:16.376+0000] {processor.py:914} INFO - Processing file /home/airflow/.local/lib/python3.12/site-packages/airflow/example_dags/example_sensors.py for tasks to queue
[2025-05-06T14:48:16.381+0000] {logging_mixin.py:190} INFO - [2025-05-06T14:48:16.381+0000] {dagbag.py:588} INFO - Filling up the DagBag from /home/airflow/.local/lib/python3.12/site-packages/airflow/example_dags/example_sensors.py
[2025-05-06T14:48:16.393+0000] {processor.py:925} INFO - DAG(s) 'example_sensors' retrieved from /home/airflow/.local/lib/python3.12/site-packages/airflow/example_dags/example_sensors.py
[2025-05-06T14:48:16.420+0000] {logging_mixin.py:190} INFO - [2025-05-06T14:48:16.419+0000] {dag.py:3239} INFO - Sync 1 DAGs
[2025-05-06T14:48:16.434+0000] {logging_mixin.py:190} INFO - [2025-05-06T14:48:16.434+0000] {dag.py:4180} INFO - Setting next_dagrun for example_sensors to None, run_after=None
[2025-05-06T14:48:16.464+0000] {processor.py:208} INFO - Processing /home/airflow/.local/lib/python3.12/site-packages/airflow/example_dags/example_sensors.py took 0.098 seconds
[2025-05-06T14:48:47.092+0000] {processor.py:186} INFO - Started process (PID=14921) to work on /home/airflow/.local/lib/python3.12/site-packages/airflow/example_dags/example_sensors.py
[2025-05-06T14:48:47.094+0000] {processor.py:914} INFO - Processing file /home/airflow/.local/lib/python3.12/site-packages/airflow/example_dags/example_sensors.py for tasks to queue
[2025-05-06T14:48:47.099+0000] {logging_mixin.py:190} INFO - [2025-05-06T14:48:47.099+0000] {dagbag.py:588} INFO - Filling up the DagBag from /home/airflow/.local/lib/python3.12/site-packages/airflow/example_dags/example_sensors.py
[2025-05-06T14:48:47.118+0000] {processor.py:925} INFO - DAG(s) 'example_sensors' retrieved from /home/airflow/.local/lib/python3.12/site-packages/airflow/example_dags/example_sensors.py
[2025-05-06T14:48:47.150+0000] {logging_mixin.py:190} INFO - [2025-05-06T14:48:47.149+0000] {dag.py:3239} INFO - Sync 1 DAGs
[2025-05-06T14:48:47.167+0000] {logging_mixin.py:190} INFO - [2025-05-06T14:48:47.167+0000] {dag.py:4180} INFO - Setting next_dagrun for example_sensors to None, run_after=None
[2025-05-06T14:48:47.202+0000] {processor.py:208} INFO - Processing /home/airflow/.local/lib/python3.12/site-packages/airflow/example_dags/example_sensors.py took 0.118 seconds
[2025-05-06T14:49:32.132+0000] {processor.py:186} INFO - Started process (PID=15018) to work on /home/airflow/.local/lib/python3.12/site-packages/airflow/example_dags/example_sensors.py
[2025-05-06T14:49:32.143+0000] {processor.py:914} INFO - Processing file /home/airflow/.local/lib/python3.12/site-packages/airflow/example_dags/example_sensors.py for tasks to queue
[2025-05-06T14:49:32.183+0000] {logging_mixin.py:190} INFO - [2025-05-06T14:49:32.179+0000] {dagbag.py:588} INFO - Filling up the DagBag from /home/airflow/.local/lib/python3.12/site-packages/airflow/example_dags/example_sensors.py
[2025-05-06T14:49:32.310+0000] {processor.py:925} INFO - DAG(s) 'example_sensors' retrieved from /home/airflow/.local/lib/python3.12/site-packages/airflow/example_dags/example_sensors.py
[2025-05-06T14:49:32.917+0000] {logging_mixin.py:190} INFO - [2025-05-06T14:49:32.915+0000] {dag.py:3239} INFO - Sync 1 DAGs
[2025-05-06T14:49:34.238+0000] {logging_mixin.py:190} INFO - [2025-05-06T14:49:34.224+0000] {dag.py:4180} INFO - Setting next_dagrun for example_sensors to None, run_after=None
[2025-05-06T14:49:34.622+0000] {processor.py:208} INFO - Processing /home/airflow/.local/lib/python3.12/site-packages/airflow/example_dags/example_sensors.py took 2.591 seconds
[2025-05-06T14:50:43.074+0000] {processor.py:186} INFO - Started process (PID=15116) to work on /home/airflow/.local/lib/python3.12/site-packages/airflow/example_dags/example_sensors.py
[2025-05-06T14:50:43.077+0000] {processor.py:914} INFO - Processing file /home/airflow/.local/lib/python3.12/site-packages/airflow/example_dags/example_sensors.py for tasks to queue
[2025-05-06T14:50:43.085+0000] {logging_mixin.py:190} INFO - [2025-05-06T14:50:43.084+0000] {dagbag.py:588} INFO - Filling up the DagBag from /home/airflow/.local/lib/python3.12/site-packages/airflow/example_dags/example_sensors.py
[2025-05-06T14:50:43.128+0000] {processor.py:925} INFO - DAG(s) 'example_sensors' retrieved from /home/airflow/.local/lib/python3.12/site-packages/airflow/example_dags/example_sensors.py
[2025-05-06T14:50:43.228+0000] {logging_mixin.py:190} INFO - [2025-05-06T14:50:43.226+0000] {dag.py:3239} INFO - Sync 1 DAGs
[2025-05-06T14:50:43.286+0000] {logging_mixin.py:190} INFO - [2025-05-06T14:50:43.284+0000] {dag.py:4180} INFO - Setting next_dagrun for example_sensors to None, run_after=None
[2025-05-06T14:50:43.409+0000] {processor.py:208} INFO - Processing /home/airflow/.local/lib/python3.12/site-packages/airflow/example_dags/example_sensors.py took 0.356 seconds
[2025-05-06T14:51:13.863+0000] {processor.py:186} INFO - Started process (PID=15193) to work on /home/airflow/.local/lib/python3.12/site-packages/airflow/example_dags/example_sensors.py
[2025-05-06T14:51:13.865+0000] {processor.py:914} INFO - Processing file /home/airflow/.local/lib/python3.12/site-packages/airflow/example_dags/example_sensors.py for tasks to queue
[2025-05-06T14:51:13.871+0000] {logging_mixin.py:190} INFO - [2025-05-06T14:51:13.870+0000] {dagbag.py:588} INFO - Filling up the DagBag from /home/airflow/.local/lib/python3.12/site-packages/airflow/example_dags/example_sensors.py
[2025-05-06T14:51:13.891+0000] {processor.py:925} INFO - DAG(s) 'example_sensors' retrieved from /home/airflow/.local/lib/python3.12/site-packages/airflow/example_dags/example_sensors.py
[2025-05-06T14:51:13.945+0000] {logging_mixin.py:190} INFO - [2025-05-06T14:51:13.945+0000] {dag.py:3239} INFO - Sync 1 DAGs
[2025-05-06T14:51:13.977+0000] {logging_mixin.py:190} INFO - [2025-05-06T14:51:13.977+0000] {dag.py:4180} INFO - Setting next_dagrun for example_sensors to None, run_after=None
[2025-05-06T14:51:14.023+0000] {processor.py:208} INFO - Processing /home/airflow/.local/lib/python3.12/site-packages/airflow/example_dags/example_sensors.py took 0.174 seconds
[2025-05-06T14:51:44.429+0000] {processor.py:186} INFO - Started process (PID=15284) to work on /home/airflow/.local/lib/python3.12/site-packages/airflow/example_dags/example_sensors.py
[2025-05-06T14:51:44.433+0000] {processor.py:914} INFO - Processing file /home/airflow/.local/lib/python3.12/site-packages/airflow/example_dags/example_sensors.py for tasks to queue
[2025-05-06T14:51:44.438+0000] {logging_mixin.py:190} INFO - [2025-05-06T14:51:44.438+0000] {dagbag.py:588} INFO - Filling up the DagBag from /home/airflow/.local/lib/python3.12/site-packages/airflow/example_dags/example_sensors.py
[2025-05-06T14:51:44.464+0000] {processor.py:925} INFO - DAG(s) 'example_sensors' retrieved from /home/airflow/.local/lib/python3.12/site-packages/airflow/example_dags/example_sensors.py
[2025-05-06T14:51:44.520+0000] {logging_mixin.py:190} INFO - [2025-05-06T14:51:44.520+0000] {dag.py:3239} INFO - Sync 1 DAGs
[2025-05-06T14:51:44.552+0000] {logging_mixin.py:190} INFO - [2025-05-06T14:51:44.551+0000] {dag.py:4180} INFO - Setting next_dagrun for example_sensors to None, run_after=None
[2025-05-06T14:51:44.592+0000] {processor.py:208} INFO - Processing /home/airflow/.local/lib/python3.12/site-packages/airflow/example_dags/example_sensors.py took 0.175 seconds
[2025-05-06T14:52:14.897+0000] {processor.py:186} INFO - Started process (PID=15374) to work on /home/airflow/.local/lib/python3.12/site-packages/airflow/example_dags/example_sensors.py
[2025-05-06T14:52:14.899+0000] {processor.py:914} INFO - Processing file /home/airflow/.local/lib/python3.12/site-packages/airflow/example_dags/example_sensors.py for tasks to queue
[2025-05-06T14:52:14.903+0000] {logging_mixin.py:190} INFO - [2025-05-06T14:52:14.903+0000] {dagbag.py:588} INFO - Filling up the DagBag from /home/airflow/.local/lib/python3.12/site-packages/airflow/example_dags/example_sensors.py
[2025-05-06T14:52:14.924+0000] {processor.py:925} INFO - DAG(s) 'example_sensors' retrieved from /home/airflow/.local/lib/python3.12/site-packages/airflow/example_dags/example_sensors.py
[2025-05-06T14:52:14.972+0000] {logging_mixin.py:190} INFO - [2025-05-06T14:52:14.972+0000] {dag.py:3239} INFO - Sync 1 DAGs
[2025-05-06T14:52:14.999+0000] {logging_mixin.py:190} INFO - [2025-05-06T14:52:14.999+0000] {dag.py:4180} INFO - Setting next_dagrun for example_sensors to None, run_after=None
[2025-05-06T14:52:15.058+0000] {processor.py:208} INFO - Processing /home/airflow/.local/lib/python3.12/site-packages/airflow/example_dags/example_sensors.py took 0.172 seconds
[2025-05-06T14:52:45.151+0000] {processor.py:186} INFO - Started process (PID=15465) to work on /home/airflow/.local/lib/python3.12/site-packages/airflow/example_dags/example_sensors.py
[2025-05-06T14:52:45.153+0000] {processor.py:914} INFO - Processing file /home/airflow/.local/lib/python3.12/site-packages/airflow/example_dags/example_sensors.py for tasks to queue
[2025-05-06T14:52:45.159+0000] {logging_mixin.py:190} INFO - [2025-05-06T14:52:45.157+0000] {dagbag.py:588} INFO - Filling up the DagBag from /home/airflow/.local/lib/python3.12/site-packages/airflow/example_dags/example_sensors.py
[2025-05-06T14:52:45.184+0000] {processor.py:925} INFO - DAG(s) 'example_sensors' retrieved from /home/airflow/.local/lib/python3.12/site-packages/airflow/example_dags/example_sensors.py
[2025-05-06T14:52:45.239+0000] {logging_mixin.py:190} INFO - [2025-05-06T14:52:45.239+0000] {dag.py:3239} INFO - Sync 1 DAGs
[2025-05-06T14:52:45.270+0000] {logging_mixin.py:190} INFO - [2025-05-06T14:52:45.269+0000] {dag.py:4180} INFO - Setting next_dagrun for example_sensors to None, run_after=None
[2025-05-06T14:52:45.332+0000] {processor.py:208} INFO - Processing /home/airflow/.local/lib/python3.12/site-packages/airflow/example_dags/example_sensors.py took 0.193 seconds
[2025-05-06T14:53:15.725+0000] {processor.py:186} INFO - Started process (PID=15556) to work on /home/airflow/.local/lib/python3.12/site-packages/airflow/example_dags/example_sensors.py
[2025-05-06T14:53:15.727+0000] {processor.py:914} INFO - Processing file /home/airflow/.local/lib/python3.12/site-packages/airflow/example_dags/example_sensors.py for tasks to queue
[2025-05-06T14:53:15.732+0000] {logging_mixin.py:190} INFO - [2025-05-06T14:53:15.731+0000] {dagbag.py:588} INFO - Filling up the DagBag from /home/airflow/.local/lib/python3.12/site-packages/airflow/example_dags/example_sensors.py
[2025-05-06T14:53:15.754+0000] {processor.py:925} INFO - DAG(s) 'example_sensors' retrieved from /home/airflow/.local/lib/python3.12/site-packages/airflow/example_dags/example_sensors.py
[2025-05-06T14:53:15.802+0000] {logging_mixin.py:190} INFO - [2025-05-06T14:53:15.802+0000] {dag.py:3239} INFO - Sync 1 DAGs
[2025-05-06T14:53:15.831+0000] {logging_mixin.py:190} INFO - [2025-05-06T14:53:15.830+0000] {dag.py:4180} INFO - Setting next_dagrun for example_sensors to None, run_after=None
[2025-05-06T14:53:15.870+0000] {processor.py:208} INFO - Processing /home/airflow/.local/lib/python3.12/site-packages/airflow/example_dags/example_sensors.py took 0.156 seconds
[2025-05-06T14:53:46.166+0000] {processor.py:186} INFO - Started process (PID=15647) to work on /home/airflow/.local/lib/python3.12/site-packages/airflow/example_dags/example_sensors.py
[2025-05-06T14:53:46.169+0000] {processor.py:914} INFO - Processing file /home/airflow/.local/lib/python3.12/site-packages/airflow/example_dags/example_sensors.py for tasks to queue
[2025-05-06T14:53:46.175+0000] {logging_mixin.py:190} INFO - [2025-05-06T14:53:46.174+0000] {dagbag.py:588} INFO - Filling up the DagBag from /home/airflow/.local/lib/python3.12/site-packages/airflow/example_dags/example_sensors.py
[2025-05-06T14:53:46.198+0000] {processor.py:925} INFO - DAG(s) 'example_sensors' retrieved from /home/airflow/.local/lib/python3.12/site-packages/airflow/example_dags/example_sensors.py
[2025-05-06T14:53:46.243+0000] {logging_mixin.py:190} INFO - [2025-05-06T14:53:46.242+0000] {dag.py:3239} INFO - Sync 1 DAGs
[2025-05-06T14:53:46.274+0000] {logging_mixin.py:190} INFO - [2025-05-06T14:53:46.273+0000] {dag.py:4180} INFO - Setting next_dagrun for example_sensors to None, run_after=None
[2025-05-06T14:53:46.327+0000] {processor.py:208} INFO - Processing /home/airflow/.local/lib/python3.12/site-packages/airflow/example_dags/example_sensors.py took 0.179 seconds
[2025-05-06T14:54:16.450+0000] {processor.py:186} INFO - Started process (PID=15737) to work on /home/airflow/.local/lib/python3.12/site-packages/airflow/example_dags/example_sensors.py
[2025-05-06T14:54:16.455+0000] {processor.py:914} INFO - Processing file /home/airflow/.local/lib/python3.12/site-packages/airflow/example_dags/example_sensors.py for tasks to queue
[2025-05-06T14:54:16.460+0000] {logging_mixin.py:190} INFO - [2025-05-06T14:54:16.459+0000] {dagbag.py:588} INFO - Filling up the DagBag from /home/airflow/.local/lib/python3.12/site-packages/airflow/example_dags/example_sensors.py
[2025-05-06T14:54:16.486+0000] {processor.py:925} INFO - DAG(s) 'example_sensors' retrieved from /home/airflow/.local/lib/python3.12/site-packages/airflow/example_dags/example_sensors.py
[2025-05-06T14:54:16.540+0000] {logging_mixin.py:190} INFO - [2025-05-06T14:54:16.540+0000] {dag.py:3239} INFO - Sync 1 DAGs
[2025-05-06T14:54:16.565+0000] {logging_mixin.py:190} INFO - [2025-05-06T14:54:16.565+0000] {dag.py:4180} INFO - Setting next_dagrun for example_sensors to None, run_after=None
[2025-05-06T14:54:16.598+0000] {processor.py:208} INFO - Processing /home/airflow/.local/lib/python3.12/site-packages/airflow/example_dags/example_sensors.py took 0.161 seconds
[2025-05-06T14:54:46.791+0000] {processor.py:186} INFO - Started process (PID=15828) to work on /home/airflow/.local/lib/python3.12/site-packages/airflow/example_dags/example_sensors.py
[2025-05-06T14:54:46.793+0000] {processor.py:914} INFO - Processing file /home/airflow/.local/lib/python3.12/site-packages/airflow/example_dags/example_sensors.py for tasks to queue
[2025-05-06T14:54:46.798+0000] {logging_mixin.py:190} INFO - [2025-05-06T14:54:46.797+0000] {dagbag.py:588} INFO - Filling up the DagBag from /home/airflow/.local/lib/python3.12/site-packages/airflow/example_dags/example_sensors.py
[2025-05-06T14:54:46.818+0000] {processor.py:925} INFO - DAG(s) 'example_sensors' retrieved from /home/airflow/.local/lib/python3.12/site-packages/airflow/example_dags/example_sensors.py
[2025-05-06T14:54:46.874+0000] {logging_mixin.py:190} INFO - [2025-05-06T14:54:46.873+0000] {dag.py:3239} INFO - Sync 1 DAGs
[2025-05-06T14:54:46.905+0000] {logging_mixin.py:190} INFO - [2025-05-06T14:54:46.905+0000] {dag.py:4180} INFO - Setting next_dagrun for example_sensors to None, run_after=None
[2025-05-06T14:54:46.964+0000] {processor.py:208} INFO - Processing /home/airflow/.local/lib/python3.12/site-packages/airflow/example_dags/example_sensors.py took 0.185 seconds
[2025-05-06T14:55:17.728+0000] {processor.py:186} INFO - Started process (PID=15905) to work on /home/airflow/.local/lib/python3.12/site-packages/airflow/example_dags/example_sensors.py
[2025-05-06T14:55:17.732+0000] {processor.py:914} INFO - Processing file /home/airflow/.local/lib/python3.12/site-packages/airflow/example_dags/example_sensors.py for tasks to queue
[2025-05-06T14:55:17.737+0000] {logging_mixin.py:190} INFO - [2025-05-06T14:55:17.736+0000] {dagbag.py:588} INFO - Filling up the DagBag from /home/airflow/.local/lib/python3.12/site-packages/airflow/example_dags/example_sensors.py
[2025-05-06T14:55:17.765+0000] {processor.py:925} INFO - DAG(s) 'example_sensors' retrieved from /home/airflow/.local/lib/python3.12/site-packages/airflow/example_dags/example_sensors.py
[2025-05-06T14:55:17.826+0000] {logging_mixin.py:190} INFO - [2025-05-06T14:55:17.825+0000] {dag.py:3239} INFO - Sync 1 DAGs
[2025-05-06T14:55:17.859+0000] {logging_mixin.py:190} INFO - [2025-05-06T14:55:17.858+0000] {dag.py:4180} INFO - Setting next_dagrun for example_sensors to None, run_after=None
[2025-05-06T14:55:17.903+0000] {processor.py:208} INFO - Processing /home/airflow/.local/lib/python3.12/site-packages/airflow/example_dags/example_sensors.py took 0.192 seconds
[2025-05-06T14:55:48.193+0000] {processor.py:186} INFO - Started process (PID=15996) to work on /home/airflow/.local/lib/python3.12/site-packages/airflow/example_dags/example_sensors.py
[2025-05-06T14:55:48.196+0000] {processor.py:914} INFO - Processing file /home/airflow/.local/lib/python3.12/site-packages/airflow/example_dags/example_sensors.py for tasks to queue
[2025-05-06T14:55:48.201+0000] {logging_mixin.py:190} INFO - [2025-05-06T14:55:48.200+0000] {dagbag.py:588} INFO - Filling up the DagBag from /home/airflow/.local/lib/python3.12/site-packages/airflow/example_dags/example_sensors.py
[2025-05-06T14:55:48.223+0000] {processor.py:925} INFO - DAG(s) 'example_sensors' retrieved from /home/airflow/.local/lib/python3.12/site-packages/airflow/example_dags/example_sensors.py
[2025-05-06T14:55:48.273+0000] {logging_mixin.py:190} INFO - [2025-05-06T14:55:48.272+0000] {dag.py:3239} INFO - Sync 1 DAGs
[2025-05-06T14:55:48.302+0000] {logging_mixin.py:190} INFO - [2025-05-06T14:55:48.302+0000] {dag.py:4180} INFO - Setting next_dagrun for example_sensors to None, run_after=None
[2025-05-06T14:55:48.357+0000] {processor.py:208} INFO - Processing /home/airflow/.local/lib/python3.12/site-packages/airflow/example_dags/example_sensors.py took 0.176 seconds
[2025-05-06T14:56:18.842+0000] {processor.py:186} INFO - Started process (PID=16073) to work on /home/airflow/.local/lib/python3.12/site-packages/airflow/example_dags/example_sensors.py
[2025-05-06T14:56:18.844+0000] {processor.py:914} INFO - Processing file /home/airflow/.local/lib/python3.12/site-packages/airflow/example_dags/example_sensors.py for tasks to queue
[2025-05-06T14:56:18.848+0000] {logging_mixin.py:190} INFO - [2025-05-06T14:56:18.848+0000] {dagbag.py:588} INFO - Filling up the DagBag from /home/airflow/.local/lib/python3.12/site-packages/airflow/example_dags/example_sensors.py
[2025-05-06T14:56:18.874+0000] {processor.py:925} INFO - DAG(s) 'example_sensors' retrieved from /home/airflow/.local/lib/python3.12/site-packages/airflow/example_dags/example_sensors.py
[2025-05-06T14:56:18.927+0000] {logging_mixin.py:190} INFO - [2025-05-06T14:56:18.926+0000] {dag.py:3239} INFO - Sync 1 DAGs
[2025-05-06T14:56:18.956+0000] {logging_mixin.py:190} INFO - [2025-05-06T14:56:18.955+0000] {dag.py:4180} INFO - Setting next_dagrun for example_sensors to None, run_after=None
[2025-05-06T14:56:19.015+0000] {processor.py:208} INFO - Processing /home/airflow/.local/lib/python3.12/site-packages/airflow/example_dags/example_sensors.py took 0.185 seconds
[2025-05-06T14:56:49.366+0000] {processor.py:186} INFO - Started process (PID=16164) to work on /home/airflow/.local/lib/python3.12/site-packages/airflow/example_dags/example_sensors.py
[2025-05-06T14:56:49.368+0000] {processor.py:914} INFO - Processing file /home/airflow/.local/lib/python3.12/site-packages/airflow/example_dags/example_sensors.py for tasks to queue
[2025-05-06T14:56:49.374+0000] {logging_mixin.py:190} INFO - [2025-05-06T14:56:49.373+0000] {dagbag.py:588} INFO - Filling up the DagBag from /home/airflow/.local/lib/python3.12/site-packages/airflow/example_dags/example_sensors.py
[2025-05-06T14:56:49.399+0000] {processor.py:925} INFO - DAG(s) 'example_sensors' retrieved from /home/airflow/.local/lib/python3.12/site-packages/airflow/example_dags/example_sensors.py
[2025-05-06T14:56:49.450+0000] {logging_mixin.py:190} INFO - [2025-05-06T14:56:49.449+0000] {dag.py:3239} INFO - Sync 1 DAGs
[2025-05-06T14:56:49.480+0000] {logging_mixin.py:190} INFO - [2025-05-06T14:56:49.479+0000] {dag.py:4180} INFO - Setting next_dagrun for example_sensors to None, run_after=None
[2025-05-06T14:56:49.524+0000] {processor.py:208} INFO - Processing /home/airflow/.local/lib/python3.12/site-packages/airflow/example_dags/example_sensors.py took 0.172 seconds
[2025-05-06T14:57:20.636+0000] {processor.py:186} INFO - Started process (PID=16255) to work on /home/airflow/.local/lib/python3.12/site-packages/airflow/example_dags/example_sensors.py
[2025-05-06T14:57:20.638+0000] {processor.py:914} INFO - Processing file /home/airflow/.local/lib/python3.12/site-packages/airflow/example_dags/example_sensors.py for tasks to queue
[2025-05-06T14:57:20.642+0000] {logging_mixin.py:190} INFO - [2025-05-06T14:57:20.642+0000] {dagbag.py:588} INFO - Filling up the DagBag from /home/airflow/.local/lib/python3.12/site-packages/airflow/example_dags/example_sensors.py
[2025-05-06T14:57:20.666+0000] {processor.py:925} INFO - DAG(s) 'example_sensors' retrieved from /home/airflow/.local/lib/python3.12/site-packages/airflow/example_dags/example_sensors.py
[2025-05-06T14:57:20.719+0000] {logging_mixin.py:190} INFO - [2025-05-06T14:57:20.719+0000] {dag.py:3239} INFO - Sync 1 DAGs
[2025-05-06T14:57:20.751+0000] {logging_mixin.py:190} INFO - [2025-05-06T14:57:20.751+0000] {dag.py:4180} INFO - Setting next_dagrun for example_sensors to None, run_after=None
[2025-05-06T14:57:20.800+0000] {processor.py:208} INFO - Processing /home/airflow/.local/lib/python3.12/site-packages/airflow/example_dags/example_sensors.py took 0.177 seconds
[2025-05-06T14:57:51.017+0000] {processor.py:186} INFO - Started process (PID=16346) to work on /home/airflow/.local/lib/python3.12/site-packages/airflow/example_dags/example_sensors.py
[2025-05-06T14:57:51.018+0000] {processor.py:914} INFO - Processing file /home/airflow/.local/lib/python3.12/site-packages/airflow/example_dags/example_sensors.py for tasks to queue
[2025-05-06T14:57:51.022+0000] {logging_mixin.py:190} INFO - [2025-05-06T14:57:51.022+0000] {dagbag.py:588} INFO - Filling up the DagBag from /home/airflow/.local/lib/python3.12/site-packages/airflow/example_dags/example_sensors.py
[2025-05-06T14:57:51.040+0000] {processor.py:925} INFO - DAG(s) 'example_sensors' retrieved from /home/airflow/.local/lib/python3.12/site-packages/airflow/example_dags/example_sensors.py
[2025-05-06T14:57:51.087+0000] {logging_mixin.py:190} INFO - [2025-05-06T14:57:51.087+0000] {dag.py:3239} INFO - Sync 1 DAGs
[2025-05-06T14:57:51.111+0000] {logging_mixin.py:190} INFO - [2025-05-06T14:57:51.111+0000] {dag.py:4180} INFO - Setting next_dagrun for example_sensors to None, run_after=None
[2025-05-06T14:57:51.147+0000] {processor.py:208} INFO - Processing /home/airflow/.local/lib/python3.12/site-packages/airflow/example_dags/example_sensors.py took 0.141 seconds
[2025-05-06T14:58:22.046+0000] {processor.py:186} INFO - Started process (PID=16437) to work on /home/airflow/.local/lib/python3.12/site-packages/airflow/example_dags/example_sensors.py
[2025-05-06T14:58:22.048+0000] {processor.py:914} INFO - Processing file /home/airflow/.local/lib/python3.12/site-packages/airflow/example_dags/example_sensors.py for tasks to queue
[2025-05-06T14:58:22.056+0000] {logging_mixin.py:190} INFO - [2025-05-06T14:58:22.055+0000] {dagbag.py:588} INFO - Filling up the DagBag from /home/airflow/.local/lib/python3.12/site-packages/airflow/example_dags/example_sensors.py
[2025-05-06T14:58:22.081+0000] {processor.py:925} INFO - DAG(s) 'example_sensors' retrieved from /home/airflow/.local/lib/python3.12/site-packages/airflow/example_dags/example_sensors.py
[2025-05-06T14:58:22.136+0000] {logging_mixin.py:190} INFO - [2025-05-06T14:58:22.135+0000] {dag.py:3239} INFO - Sync 1 DAGs
[2025-05-06T14:58:22.163+0000] {logging_mixin.py:190} INFO - [2025-05-06T14:58:22.163+0000] {dag.py:4180} INFO - Setting next_dagrun for example_sensors to None, run_after=None
[2025-05-06T14:58:22.198+0000] {processor.py:208} INFO - Processing /home/airflow/.local/lib/python3.12/site-packages/airflow/example_dags/example_sensors.py took 0.165 seconds
[2025-05-06T14:58:53.024+0000] {processor.py:186} INFO - Started process (PID=16527) to work on /home/airflow/.local/lib/python3.12/site-packages/airflow/example_dags/example_sensors.py
[2025-05-06T14:58:53.027+0000] {processor.py:914} INFO - Processing file /home/airflow/.local/lib/python3.12/site-packages/airflow/example_dags/example_sensors.py for tasks to queue
[2025-05-06T14:58:53.033+0000] {logging_mixin.py:190} INFO - [2025-05-06T14:58:53.032+0000] {dagbag.py:588} INFO - Filling up the DagBag from /home/airflow/.local/lib/python3.12/site-packages/airflow/example_dags/example_sensors.py
[2025-05-06T14:58:53.054+0000] {processor.py:925} INFO - DAG(s) 'example_sensors' retrieved from /home/airflow/.local/lib/python3.12/site-packages/airflow/example_dags/example_sensors.py
[2025-05-06T14:58:53.109+0000] {logging_mixin.py:190} INFO - [2025-05-06T14:58:53.109+0000] {dag.py:3239} INFO - Sync 1 DAGs
[2025-05-06T14:58:53.137+0000] {logging_mixin.py:190} INFO - [2025-05-06T14:58:53.137+0000] {dag.py:4180} INFO - Setting next_dagrun for example_sensors to None, run_after=None
[2025-05-06T14:58:53.202+0000] {processor.py:208} INFO - Processing /home/airflow/.local/lib/python3.12/site-packages/airflow/example_dags/example_sensors.py took 0.189 seconds
[2025-05-06T14:59:23.837+0000] {processor.py:186} INFO - Started process (PID=16619) to work on /home/airflow/.local/lib/python3.12/site-packages/airflow/example_dags/example_sensors.py
[2025-05-06T14:59:23.840+0000] {processor.py:914} INFO - Processing file /home/airflow/.local/lib/python3.12/site-packages/airflow/example_dags/example_sensors.py for tasks to queue
[2025-05-06T14:59:23.844+0000] {logging_mixin.py:190} INFO - [2025-05-06T14:59:23.843+0000] {dagbag.py:588} INFO - Filling up the DagBag from /home/airflow/.local/lib/python3.12/site-packages/airflow/example_dags/example_sensors.py
[2025-05-06T14:59:23.865+0000] {processor.py:925} INFO - DAG(s) 'example_sensors' retrieved from /home/airflow/.local/lib/python3.12/site-packages/airflow/example_dags/example_sensors.py
[2025-05-06T14:59:23.916+0000] {logging_mixin.py:190} INFO - [2025-05-06T14:59:23.915+0000] {dag.py:3239} INFO - Sync 1 DAGs
[2025-05-06T14:59:23.944+0000] {logging_mixin.py:190} INFO - [2025-05-06T14:59:23.944+0000] {dag.py:4180} INFO - Setting next_dagrun for example_sensors to None, run_after=None
[2025-05-06T14:59:24.002+0000] {processor.py:208} INFO - Processing /home/airflow/.local/lib/python3.12/site-packages/airflow/example_dags/example_sensors.py took 0.176 seconds
[2025-05-06T14:59:54.951+0000] {processor.py:186} INFO - Started process (PID=16702) to work on /home/airflow/.local/lib/python3.12/site-packages/airflow/example_dags/example_sensors.py
[2025-05-06T14:59:54.954+0000] {processor.py:914} INFO - Processing file /home/airflow/.local/lib/python3.12/site-packages/airflow/example_dags/example_sensors.py for tasks to queue
[2025-05-06T14:59:54.958+0000] {logging_mixin.py:190} INFO - [2025-05-06T14:59:54.958+0000] {dagbag.py:588} INFO - Filling up the DagBag from /home/airflow/.local/lib/python3.12/site-packages/airflow/example_dags/example_sensors.py
[2025-05-06T14:59:54.981+0000] {processor.py:925} INFO - DAG(s) 'example_sensors' retrieved from /home/airflow/.local/lib/python3.12/site-packages/airflow/example_dags/example_sensors.py
[2025-05-06T14:59:55.029+0000] {logging_mixin.py:190} INFO - [2025-05-06T14:59:55.029+0000] {dag.py:3239} INFO - Sync 1 DAGs
[2025-05-06T14:59:55.058+0000] {logging_mixin.py:190} INFO - [2025-05-06T14:59:55.058+0000] {dag.py:4180} INFO - Setting next_dagrun for example_sensors to None, run_after=None
[2025-05-06T14:59:55.095+0000] {processor.py:208} INFO - Processing /home/airflow/.local/lib/python3.12/site-packages/airflow/example_dags/example_sensors.py took 0.155 seconds
[2025-05-06T15:00:26.951+0000] {processor.py:186} INFO - Started process (PID=16799) to work on /home/airflow/.local/lib/python3.12/site-packages/airflow/example_dags/example_sensors.py
[2025-05-06T15:00:26.954+0000] {processor.py:914} INFO - Processing file /home/airflow/.local/lib/python3.12/site-packages/airflow/example_dags/example_sensors.py for tasks to queue
[2025-05-06T15:00:26.959+0000] {logging_mixin.py:190} INFO - [2025-05-06T15:00:26.958+0000] {dagbag.py:588} INFO - Filling up the DagBag from /home/airflow/.local/lib/python3.12/site-packages/airflow/example_dags/example_sensors.py
[2025-05-06T15:00:26.981+0000] {processor.py:925} INFO - DAG(s) 'example_sensors' retrieved from /home/airflow/.local/lib/python3.12/site-packages/airflow/example_dags/example_sensors.py
[2025-05-06T15:00:27.032+0000] {logging_mixin.py:190} INFO - [2025-05-06T15:00:27.032+0000] {dag.py:3239} INFO - Sync 1 DAGs
[2025-05-06T15:00:27.059+0000] {logging_mixin.py:190} INFO - [2025-05-06T15:00:27.059+0000] {dag.py:4180} INFO - Setting next_dagrun for example_sensors to None, run_after=None
[2025-05-06T15:00:27.111+0000] {processor.py:208} INFO - Processing /home/airflow/.local/lib/python3.12/site-packages/airflow/example_dags/example_sensors.py took 0.172 seconds
[2025-05-06T15:00:57.915+0000] {processor.py:186} INFO - Started process (PID=16876) to work on /home/airflow/.local/lib/python3.12/site-packages/airflow/example_dags/example_sensors.py
[2025-05-06T15:00:57.917+0000] {processor.py:914} INFO - Processing file /home/airflow/.local/lib/python3.12/site-packages/airflow/example_dags/example_sensors.py for tasks to queue
[2025-05-06T15:00:57.923+0000] {logging_mixin.py:190} INFO - [2025-05-06T15:00:57.922+0000] {dagbag.py:588} INFO - Filling up the DagBag from /home/airflow/.local/lib/python3.12/site-packages/airflow/example_dags/example_sensors.py
[2025-05-06T15:00:57.943+0000] {processor.py:925} INFO - DAG(s) 'example_sensors' retrieved from /home/airflow/.local/lib/python3.12/site-packages/airflow/example_dags/example_sensors.py
[2025-05-06T15:00:57.993+0000] {logging_mixin.py:190} INFO - [2025-05-06T15:00:57.992+0000] {dag.py:3239} INFO - Sync 1 DAGs
[2025-05-06T15:00:58.019+0000] {logging_mixin.py:190} INFO - [2025-05-06T15:00:58.018+0000] {dag.py:4180} INFO - Setting next_dagrun for example_sensors to None, run_after=None
[2025-05-06T15:00:58.074+0000] {processor.py:208} INFO - Processing /home/airflow/.local/lib/python3.12/site-packages/airflow/example_dags/example_sensors.py took 0.171 seconds
[2025-05-06T15:01:28.201+0000] {processor.py:186} INFO - Started process (PID=16966) to work on /home/airflow/.local/lib/python3.12/site-packages/airflow/example_dags/example_sensors.py
[2025-05-06T15:01:28.203+0000] {processor.py:914} INFO - Processing file /home/airflow/.local/lib/python3.12/site-packages/airflow/example_dags/example_sensors.py for tasks to queue
[2025-05-06T15:01:28.209+0000] {logging_mixin.py:190} INFO - [2025-05-06T15:01:28.208+0000] {dagbag.py:588} INFO - Filling up the DagBag from /home/airflow/.local/lib/python3.12/site-packages/airflow/example_dags/example_sensors.py
[2025-05-06T15:01:28.231+0000] {processor.py:925} INFO - DAG(s) 'example_sensors' retrieved from /home/airflow/.local/lib/python3.12/site-packages/airflow/example_dags/example_sensors.py
[2025-05-06T15:01:28.282+0000] {logging_mixin.py:190} INFO - [2025-05-06T15:01:28.281+0000] {dag.py:3239} INFO - Sync 1 DAGs
[2025-05-06T15:01:28.308+0000] {logging_mixin.py:190} INFO - [2025-05-06T15:01:28.307+0000] {dag.py:4180} INFO - Setting next_dagrun for example_sensors to None, run_after=None
[2025-05-06T15:01:28.344+0000] {processor.py:208} INFO - Processing /home/airflow/.local/lib/python3.12/site-packages/airflow/example_dags/example_sensors.py took 0.156 seconds
[2025-05-06T15:01:58.733+0000] {processor.py:186} INFO - Started process (PID=17057) to work on /home/airflow/.local/lib/python3.12/site-packages/airflow/example_dags/example_sensors.py
[2025-05-06T15:01:58.736+0000] {processor.py:914} INFO - Processing file /home/airflow/.local/lib/python3.12/site-packages/airflow/example_dags/example_sensors.py for tasks to queue
[2025-05-06T15:01:58.741+0000] {logging_mixin.py:190} INFO - [2025-05-06T15:01:58.740+0000] {dagbag.py:588} INFO - Filling up the DagBag from /home/airflow/.local/lib/python3.12/site-packages/airflow/example_dags/example_sensors.py
[2025-05-06T15:01:58.777+0000] {processor.py:925} INFO - DAG(s) 'example_sensors' retrieved from /home/airflow/.local/lib/python3.12/site-packages/airflow/example_dags/example_sensors.py
[2025-05-06T15:01:58.844+0000] {logging_mixin.py:190} INFO - [2025-05-06T15:01:58.843+0000] {dag.py:3239} INFO - Sync 1 DAGs
[2025-05-06T15:01:58.883+0000] {logging_mixin.py:190} INFO - [2025-05-06T15:01:58.883+0000] {dag.py:4180} INFO - Setting next_dagrun for example_sensors to None, run_after=None
[2025-05-06T15:01:58.941+0000] {processor.py:208} INFO - Processing /home/airflow/.local/lib/python3.12/site-packages/airflow/example_dags/example_sensors.py took 0.222 seconds
[2025-05-06T15:02:29.084+0000] {processor.py:186} INFO - Started process (PID=17134) to work on /home/airflow/.local/lib/python3.12/site-packages/airflow/example_dags/example_sensors.py
[2025-05-06T15:02:29.086+0000] {processor.py:914} INFO - Processing file /home/airflow/.local/lib/python3.12/site-packages/airflow/example_dags/example_sensors.py for tasks to queue
[2025-05-06T15:02:29.090+0000] {logging_mixin.py:190} INFO - [2025-05-06T15:02:29.089+0000] {dagbag.py:588} INFO - Filling up the DagBag from /home/airflow/.local/lib/python3.12/site-packages/airflow/example_dags/example_sensors.py
[2025-05-06T15:02:29.112+0000] {processor.py:925} INFO - DAG(s) 'example_sensors' retrieved from /home/airflow/.local/lib/python3.12/site-packages/airflow/example_dags/example_sensors.py
[2025-05-06T15:02:29.156+0000] {logging_mixin.py:190} INFO - [2025-05-06T15:02:29.155+0000] {dag.py:3239} INFO - Sync 1 DAGs
[2025-05-06T15:02:29.183+0000] {logging_mixin.py:190} INFO - [2025-05-06T15:02:29.182+0000] {dag.py:4180} INFO - Setting next_dagrun for example_sensors to None, run_after=None
[2025-05-06T15:02:29.245+0000] {processor.py:208} INFO - Processing /home/airflow/.local/lib/python3.12/site-packages/airflow/example_dags/example_sensors.py took 0.178 seconds
[2025-05-06T15:02:59.361+0000] {processor.py:186} INFO - Started process (PID=17225) to work on /home/airflow/.local/lib/python3.12/site-packages/airflow/example_dags/example_sensors.py
[2025-05-06T15:02:59.364+0000] {processor.py:914} INFO - Processing file /home/airflow/.local/lib/python3.12/site-packages/airflow/example_dags/example_sensors.py for tasks to queue
[2025-05-06T15:02:59.369+0000] {logging_mixin.py:190} INFO - [2025-05-06T15:02:59.369+0000] {dagbag.py:588} INFO - Filling up the DagBag from /home/airflow/.local/lib/python3.12/site-packages/airflow/example_dags/example_sensors.py
[2025-05-06T15:02:59.388+0000] {processor.py:925} INFO - DAG(s) 'example_sensors' retrieved from /home/airflow/.local/lib/python3.12/site-packages/airflow/example_dags/example_sensors.py
[2025-05-06T15:02:59.431+0000] {logging_mixin.py:190} INFO - [2025-05-06T15:02:59.430+0000] {dag.py:3239} INFO - Sync 1 DAGs
[2025-05-06T15:02:59.459+0000] {logging_mixin.py:190} INFO - [2025-05-06T15:02:59.458+0000] {dag.py:4180} INFO - Setting next_dagrun for example_sensors to None, run_after=None
[2025-05-06T15:02:59.498+0000] {processor.py:208} INFO - Processing /home/airflow/.local/lib/python3.12/site-packages/airflow/example_dags/example_sensors.py took 0.147 seconds
[2025-05-06T15:03:29.673+0000] {processor.py:186} INFO - Started process (PID=17316) to work on /home/airflow/.local/lib/python3.12/site-packages/airflow/example_dags/example_sensors.py
[2025-05-06T15:03:29.675+0000] {processor.py:914} INFO - Processing file /home/airflow/.local/lib/python3.12/site-packages/airflow/example_dags/example_sensors.py for tasks to queue
[2025-05-06T15:03:29.686+0000] {logging_mixin.py:190} INFO - [2025-05-06T15:03:29.685+0000] {dagbag.py:588} INFO - Filling up the DagBag from /home/airflow/.local/lib/python3.12/site-packages/airflow/example_dags/example_sensors.py
[2025-05-06T15:03:29.705+0000] {processor.py:925} INFO - DAG(s) 'example_sensors' retrieved from /home/airflow/.local/lib/python3.12/site-packages/airflow/example_dags/example_sensors.py
[2025-05-06T15:03:29.751+0000] {logging_mixin.py:190} INFO - [2025-05-06T15:03:29.750+0000] {dag.py:3239} INFO - Sync 1 DAGs
[2025-05-06T15:03:29.776+0000] {logging_mixin.py:190} INFO - [2025-05-06T15:03:29.776+0000] {dag.py:4180} INFO - Setting next_dagrun for example_sensors to None, run_after=None
[2025-05-06T15:03:29.810+0000] {processor.py:208} INFO - Processing /home/airflow/.local/lib/python3.12/site-packages/airflow/example_dags/example_sensors.py took 0.147 seconds
[2025-05-06T15:04:00.694+0000] {processor.py:186} INFO - Started process (PID=17406) to work on /home/airflow/.local/lib/python3.12/site-packages/airflow/example_dags/example_sensors.py
[2025-05-06T15:04:00.699+0000] {processor.py:914} INFO - Processing file /home/airflow/.local/lib/python3.12/site-packages/airflow/example_dags/example_sensors.py for tasks to queue
[2025-05-06T15:04:00.702+0000] {logging_mixin.py:190} INFO - [2025-05-06T15:04:00.702+0000] {dagbag.py:588} INFO - Filling up the DagBag from /home/airflow/.local/lib/python3.12/site-packages/airflow/example_dags/example_sensors.py
[2025-05-06T15:04:00.722+0000] {processor.py:925} INFO - DAG(s) 'example_sensors' retrieved from /home/airflow/.local/lib/python3.12/site-packages/airflow/example_dags/example_sensors.py
[2025-05-06T15:04:00.766+0000] {logging_mixin.py:190} INFO - [2025-05-06T15:04:00.765+0000] {dag.py:3239} INFO - Sync 1 DAGs
[2025-05-06T15:04:00.797+0000] {logging_mixin.py:190} INFO - [2025-05-06T15:04:00.797+0000] {dag.py:4180} INFO - Setting next_dagrun for example_sensors to None, run_after=None
[2025-05-06T15:04:00.856+0000] {processor.py:208} INFO - Processing /home/airflow/.local/lib/python3.12/site-packages/airflow/example_dags/example_sensors.py took 0.175 seconds
[2025-05-06T15:04:31.966+0000] {processor.py:186} INFO - Started process (PID=17494) to work on /home/airflow/.local/lib/python3.12/site-packages/airflow/example_dags/example_sensors.py
[2025-05-06T15:04:31.968+0000] {processor.py:914} INFO - Processing file /home/airflow/.local/lib/python3.12/site-packages/airflow/example_dags/example_sensors.py for tasks to queue
[2025-05-06T15:04:31.973+0000] {logging_mixin.py:190} INFO - [2025-05-06T15:04:31.972+0000] {dagbag.py:588} INFO - Filling up the DagBag from /home/airflow/.local/lib/python3.12/site-packages/airflow/example_dags/example_sensors.py
[2025-05-06T15:04:31.993+0000] {processor.py:925} INFO - DAG(s) 'example_sensors' retrieved from /home/airflow/.local/lib/python3.12/site-packages/airflow/example_dags/example_sensors.py
[2025-05-06T15:04:32.043+0000] {logging_mixin.py:190} INFO - [2025-05-06T15:04:32.043+0000] {dag.py:3239} INFO - Sync 1 DAGs
[2025-05-06T15:04:32.070+0000] {logging_mixin.py:190} INFO - [2025-05-06T15:04:32.070+0000] {dag.py:4180} INFO - Setting next_dagrun for example_sensors to None, run_after=None
[2025-05-06T15:04:32.107+0000] {processor.py:208} INFO - Processing /home/airflow/.local/lib/python3.12/site-packages/airflow/example_dags/example_sensors.py took 0.151 seconds
[2025-05-06T15:05:02.192+0000] {processor.py:186} INFO - Started process (PID=17583) to work on /home/airflow/.local/lib/python3.12/site-packages/airflow/example_dags/example_sensors.py
[2025-05-06T15:05:02.194+0000] {processor.py:914} INFO - Processing file /home/airflow/.local/lib/python3.12/site-packages/airflow/example_dags/example_sensors.py for tasks to queue
[2025-05-06T15:05:02.199+0000] {logging_mixin.py:190} INFO - [2025-05-06T15:05:02.199+0000] {dagbag.py:588} INFO - Filling up the DagBag from /home/airflow/.local/lib/python3.12/site-packages/airflow/example_dags/example_sensors.py
[2025-05-06T15:05:02.219+0000] {processor.py:925} INFO - DAG(s) 'example_sensors' retrieved from /home/airflow/.local/lib/python3.12/site-packages/airflow/example_dags/example_sensors.py
[2025-05-06T15:05:02.281+0000] {logging_mixin.py:190} INFO - [2025-05-06T15:05:02.280+0000] {dag.py:3239} INFO - Sync 1 DAGs
[2025-05-06T15:05:02.316+0000] {logging_mixin.py:190} INFO - [2025-05-06T15:05:02.316+0000] {dag.py:4180} INFO - Setting next_dagrun for example_sensors to None, run_after=None
[2025-05-06T15:05:02.358+0000] {processor.py:208} INFO - Processing /home/airflow/.local/lib/python3.12/site-packages/airflow/example_dags/example_sensors.py took 0.177 seconds
[2025-05-06T15:05:32.782+0000] {processor.py:186} INFO - Started process (PID=17672) to work on /home/airflow/.local/lib/python3.12/site-packages/airflow/example_dags/example_sensors.py
[2025-05-06T15:05:32.784+0000] {processor.py:914} INFO - Processing file /home/airflow/.local/lib/python3.12/site-packages/airflow/example_dags/example_sensors.py for tasks to queue
[2025-05-06T15:05:32.790+0000] {logging_mixin.py:190} INFO - [2025-05-06T15:05:32.789+0000] {dagbag.py:588} INFO - Filling up the DagBag from /home/airflow/.local/lib/python3.12/site-packages/airflow/example_dags/example_sensors.py
[2025-05-06T15:05:32.812+0000] {processor.py:925} INFO - DAG(s) 'example_sensors' retrieved from /home/airflow/.local/lib/python3.12/site-packages/airflow/example_dags/example_sensors.py
[2025-05-06T15:05:32.869+0000] {logging_mixin.py:190} INFO - [2025-05-06T15:05:32.869+0000] {dag.py:3239} INFO - Sync 1 DAGs
[2025-05-06T15:05:32.903+0000] {logging_mixin.py:190} INFO - [2025-05-06T15:05:32.902+0000] {dag.py:4180} INFO - Setting next_dagrun for example_sensors to None, run_after=None
[2025-05-06T15:05:32.950+0000] {processor.py:208} INFO - Processing /home/airflow/.local/lib/python3.12/site-packages/airflow/example_dags/example_sensors.py took 0.179 seconds
[2025-05-06T15:06:03.566+0000] {processor.py:186} INFO - Started process (PID=17763) to work on /home/airflow/.local/lib/python3.12/site-packages/airflow/example_dags/example_sensors.py
[2025-05-06T15:06:03.568+0000] {processor.py:914} INFO - Processing file /home/airflow/.local/lib/python3.12/site-packages/airflow/example_dags/example_sensors.py for tasks to queue
[2025-05-06T15:06:03.573+0000] {logging_mixin.py:190} INFO - [2025-05-06T15:06:03.573+0000] {dagbag.py:588} INFO - Filling up the DagBag from /home/airflow/.local/lib/python3.12/site-packages/airflow/example_dags/example_sensors.py
[2025-05-06T15:06:03.594+0000] {processor.py:925} INFO - DAG(s) 'example_sensors' retrieved from /home/airflow/.local/lib/python3.12/site-packages/airflow/example_dags/example_sensors.py
[2025-05-06T15:06:03.645+0000] {logging_mixin.py:190} INFO - [2025-05-06T15:06:03.645+0000] {dag.py:3239} INFO - Sync 1 DAGs
[2025-05-06T15:06:03.673+0000] {logging_mixin.py:190} INFO - [2025-05-06T15:06:03.673+0000] {dag.py:4180} INFO - Setting next_dagrun for example_sensors to None, run_after=None
[2025-05-06T15:06:03.709+0000] {processor.py:208} INFO - Processing /home/airflow/.local/lib/python3.12/site-packages/airflow/example_dags/example_sensors.py took 0.155 seconds
[2025-05-06T15:06:34.441+0000] {processor.py:186} INFO - Started process (PID=17854) to work on /home/airflow/.local/lib/python3.12/site-packages/airflow/example_dags/example_sensors.py
[2025-05-06T15:06:34.443+0000] {processor.py:914} INFO - Processing file /home/airflow/.local/lib/python3.12/site-packages/airflow/example_dags/example_sensors.py for tasks to queue
[2025-05-06T15:06:34.451+0000] {logging_mixin.py:190} INFO - [2025-05-06T15:06:34.450+0000] {dagbag.py:588} INFO - Filling up the DagBag from /home/airflow/.local/lib/python3.12/site-packages/airflow/example_dags/example_sensors.py
[2025-05-06T15:06:34.475+0000] {processor.py:925} INFO - DAG(s) 'example_sensors' retrieved from /home/airflow/.local/lib/python3.12/site-packages/airflow/example_dags/example_sensors.py
[2025-05-06T15:06:34.527+0000] {logging_mixin.py:190} INFO - [2025-05-06T15:06:34.526+0000] {dag.py:3239} INFO - Sync 1 DAGs
[2025-05-06T15:06:34.556+0000] {logging_mixin.py:190} INFO - [2025-05-06T15:06:34.555+0000] {dag.py:4180} INFO - Setting next_dagrun for example_sensors to None, run_after=None
[2025-05-06T15:06:34.602+0000] {processor.py:208} INFO - Processing /home/airflow/.local/lib/python3.12/site-packages/airflow/example_dags/example_sensors.py took 0.173 seconds
[2025-05-06T15:07:04.897+0000] {processor.py:186} INFO - Started process (PID=17931) to work on /home/airflow/.local/lib/python3.12/site-packages/airflow/example_dags/example_sensors.py
[2025-05-06T15:07:04.900+0000] {processor.py:914} INFO - Processing file /home/airflow/.local/lib/python3.12/site-packages/airflow/example_dags/example_sensors.py for tasks to queue
[2025-05-06T15:07:04.910+0000] {logging_mixin.py:190} INFO - [2025-05-06T15:07:04.909+0000] {dagbag.py:588} INFO - Filling up the DagBag from /home/airflow/.local/lib/python3.12/site-packages/airflow/example_dags/example_sensors.py
[2025-05-06T15:07:04.932+0000] {processor.py:925} INFO - DAG(s) 'example_sensors' retrieved from /home/airflow/.local/lib/python3.12/site-packages/airflow/example_dags/example_sensors.py
[2025-05-06T15:07:04.987+0000] {logging_mixin.py:190} INFO - [2025-05-06T15:07:04.986+0000] {dag.py:3239} INFO - Sync 1 DAGs
[2025-05-06T15:07:05.018+0000] {logging_mixin.py:190} INFO - [2025-05-06T15:07:05.018+0000] {dag.py:4180} INFO - Setting next_dagrun for example_sensors to None, run_after=None
[2025-05-06T15:07:05.087+0000] {processor.py:208} INFO - Processing /home/airflow/.local/lib/python3.12/site-packages/airflow/example_dags/example_sensors.py took 0.203 seconds
[2025-05-06T15:07:35.850+0000] {processor.py:186} INFO - Started process (PID=18022) to work on /home/airflow/.local/lib/python3.12/site-packages/airflow/example_dags/example_sensors.py
[2025-05-06T15:07:35.852+0000] {processor.py:914} INFO - Processing file /home/airflow/.local/lib/python3.12/site-packages/airflow/example_dags/example_sensors.py for tasks to queue
[2025-05-06T15:07:35.858+0000] {logging_mixin.py:190} INFO - [2025-05-06T15:07:35.857+0000] {dagbag.py:588} INFO - Filling up the DagBag from /home/airflow/.local/lib/python3.12/site-packages/airflow/example_dags/example_sensors.py
[2025-05-06T15:07:35.888+0000] {processor.py:925} INFO - DAG(s) 'example_sensors' retrieved from /home/airflow/.local/lib/python3.12/site-packages/airflow/example_dags/example_sensors.py
[2025-05-06T15:07:35.935+0000] {logging_mixin.py:190} INFO - [2025-05-06T15:07:35.934+0000] {dag.py:3239} INFO - Sync 1 DAGs
[2025-05-06T15:07:35.965+0000] {logging_mixin.py:190} INFO - [2025-05-06T15:07:35.965+0000] {dag.py:4180} INFO - Setting next_dagrun for example_sensors to None, run_after=None
[2025-05-06T15:07:36.000+0000] {processor.py:208} INFO - Processing /home/airflow/.local/lib/python3.12/site-packages/airflow/example_dags/example_sensors.py took 0.162 seconds
[2025-05-06T15:08:06.902+0000] {processor.py:186} INFO - Started process (PID=18113) to work on /home/airflow/.local/lib/python3.12/site-packages/airflow/example_dags/example_sensors.py
[2025-05-06T15:08:06.904+0000] {processor.py:914} INFO - Processing file /home/airflow/.local/lib/python3.12/site-packages/airflow/example_dags/example_sensors.py for tasks to queue
[2025-05-06T15:08:06.910+0000] {logging_mixin.py:190} INFO - [2025-05-06T15:08:06.910+0000] {dagbag.py:588} INFO - Filling up the DagBag from /home/airflow/.local/lib/python3.12/site-packages/airflow/example_dags/example_sensors.py
[2025-05-06T15:08:06.931+0000] {processor.py:925} INFO - DAG(s) 'example_sensors' retrieved from /home/airflow/.local/lib/python3.12/site-packages/airflow/example_dags/example_sensors.py
[2025-05-06T15:08:06.984+0000] {logging_mixin.py:190} INFO - [2025-05-06T15:08:06.983+0000] {dag.py:3239} INFO - Sync 1 DAGs
[2025-05-06T15:08:07.011+0000] {logging_mixin.py:190} INFO - [2025-05-06T15:08:07.011+0000] {dag.py:4180} INFO - Setting next_dagrun for example_sensors to None, run_after=None
[2025-05-06T15:08:07.052+0000] {processor.py:208} INFO - Processing /home/airflow/.local/lib/python3.12/site-packages/airflow/example_dags/example_sensors.py took 0.162 seconds
[2025-05-06T15:08:39.748+0000] {processor.py:186} INFO - Started process (PID=18203) to work on /home/airflow/.local/lib/python3.12/site-packages/airflow/example_dags/example_sensors.py
[2025-05-06T15:08:39.750+0000] {processor.py:914} INFO - Processing file /home/airflow/.local/lib/python3.12/site-packages/airflow/example_dags/example_sensors.py for tasks to queue
[2025-05-06T15:08:39.756+0000] {logging_mixin.py:190} INFO - [2025-05-06T15:08:39.755+0000] {dagbag.py:588} INFO - Filling up the DagBag from /home/airflow/.local/lib/python3.12/site-packages/airflow/example_dags/example_sensors.py
[2025-05-06T15:08:39.782+0000] {processor.py:925} INFO - DAG(s) 'example_sensors' retrieved from /home/airflow/.local/lib/python3.12/site-packages/airflow/example_dags/example_sensors.py
[2025-05-06T15:08:39.840+0000] {logging_mixin.py:190} INFO - [2025-05-06T15:08:39.839+0000] {dag.py:3239} INFO - Sync 1 DAGs
[2025-05-06T15:08:39.868+0000] {logging_mixin.py:190} INFO - [2025-05-06T15:08:39.868+0000] {dag.py:4180} INFO - Setting next_dagrun for example_sensors to None, run_after=None
[2025-05-06T15:08:39.925+0000] {processor.py:208} INFO - Processing /home/airflow/.local/lib/python3.12/site-packages/airflow/example_dags/example_sensors.py took 0.191 seconds
[2025-05-06T15:09:12.188+0000] {processor.py:186} INFO - Started process (PID=18294) to work on /home/airflow/.local/lib/python3.12/site-packages/airflow/example_dags/example_sensors.py
[2025-05-06T15:09:12.190+0000] {processor.py:914} INFO - Processing file /home/airflow/.local/lib/python3.12/site-packages/airflow/example_dags/example_sensors.py for tasks to queue
[2025-05-06T15:09:12.194+0000] {logging_mixin.py:190} INFO - [2025-05-06T15:09:12.193+0000] {dagbag.py:588} INFO - Filling up the DagBag from /home/airflow/.local/lib/python3.12/site-packages/airflow/example_dags/example_sensors.py
[2025-05-06T15:09:12.218+0000] {processor.py:925} INFO - DAG(s) 'example_sensors' retrieved from /home/airflow/.local/lib/python3.12/site-packages/airflow/example_dags/example_sensors.py
[2025-05-06T15:09:12.274+0000] {logging_mixin.py:190} INFO - [2025-05-06T15:09:12.273+0000] {dag.py:3239} INFO - Sync 1 DAGs
[2025-05-06T15:09:12.302+0000] {logging_mixin.py:190} INFO - [2025-05-06T15:09:12.302+0000] {dag.py:4180} INFO - Setting next_dagrun for example_sensors to None, run_after=None
[2025-05-06T15:09:12.339+0000] {processor.py:208} INFO - Processing /home/airflow/.local/lib/python3.12/site-packages/airflow/example_dags/example_sensors.py took 0.162 seconds
[2025-05-06T15:09:42.718+0000] {processor.py:186} INFO - Started process (PID=18371) to work on /home/airflow/.local/lib/python3.12/site-packages/airflow/example_dags/example_sensors.py
[2025-05-06T15:09:42.720+0000] {processor.py:914} INFO - Processing file /home/airflow/.local/lib/python3.12/site-packages/airflow/example_dags/example_sensors.py for tasks to queue
[2025-05-06T15:09:42.725+0000] {logging_mixin.py:190} INFO - [2025-05-06T15:09:42.724+0000] {dagbag.py:588} INFO - Filling up the DagBag from /home/airflow/.local/lib/python3.12/site-packages/airflow/example_dags/example_sensors.py
[2025-05-06T15:09:42.752+0000] {processor.py:925} INFO - DAG(s) 'example_sensors' retrieved from /home/airflow/.local/lib/python3.12/site-packages/airflow/example_dags/example_sensors.py
[2025-05-06T15:09:42.803+0000] {logging_mixin.py:190} INFO - [2025-05-06T15:09:42.803+0000] {dag.py:3239} INFO - Sync 1 DAGs
[2025-05-06T15:09:42.829+0000] {logging_mixin.py:190} INFO - [2025-05-06T15:09:42.829+0000] {dag.py:4180} INFO - Setting next_dagrun for example_sensors to None, run_after=None
[2025-05-06T15:09:42.884+0000] {processor.py:208} INFO - Processing /home/airflow/.local/lib/python3.12/site-packages/airflow/example_dags/example_sensors.py took 0.177 seconds
[2025-05-06T15:10:13.167+0000] {processor.py:186} INFO - Started process (PID=18461) to work on /home/airflow/.local/lib/python3.12/site-packages/airflow/example_dags/example_sensors.py
[2025-05-06T15:10:13.169+0000] {processor.py:914} INFO - Processing file /home/airflow/.local/lib/python3.12/site-packages/airflow/example_dags/example_sensors.py for tasks to queue
[2025-05-06T15:10:13.173+0000] {logging_mixin.py:190} INFO - [2025-05-06T15:10:13.172+0000] {dagbag.py:588} INFO - Filling up the DagBag from /home/airflow/.local/lib/python3.12/site-packages/airflow/example_dags/example_sensors.py
[2025-05-06T15:10:13.194+0000] {processor.py:925} INFO - DAG(s) 'example_sensors' retrieved from /home/airflow/.local/lib/python3.12/site-packages/airflow/example_dags/example_sensors.py
[2025-05-06T15:10:13.244+0000] {logging_mixin.py:190} INFO - [2025-05-06T15:10:13.243+0000] {dag.py:3239} INFO - Sync 1 DAGs
[2025-05-06T15:10:13.271+0000] {logging_mixin.py:190} INFO - [2025-05-06T15:10:13.270+0000] {dag.py:4180} INFO - Setting next_dagrun for example_sensors to None, run_after=None
[2025-05-06T15:10:13.325+0000] {processor.py:208} INFO - Processing /home/airflow/.local/lib/python3.12/site-packages/airflow/example_dags/example_sensors.py took 0.169 seconds
[2025-05-06T15:10:43.926+0000] {processor.py:186} INFO - Started process (PID=18552) to work on /home/airflow/.local/lib/python3.12/site-packages/airflow/example_dags/example_sensors.py
[2025-05-06T15:10:43.929+0000] {processor.py:914} INFO - Processing file /home/airflow/.local/lib/python3.12/site-packages/airflow/example_dags/example_sensors.py for tasks to queue
[2025-05-06T15:10:43.935+0000] {logging_mixin.py:190} INFO - [2025-05-06T15:10:43.934+0000] {dagbag.py:588} INFO - Filling up the DagBag from /home/airflow/.local/lib/python3.12/site-packages/airflow/example_dags/example_sensors.py
[2025-05-06T15:10:43.956+0000] {processor.py:925} INFO - DAG(s) 'example_sensors' retrieved from /home/airflow/.local/lib/python3.12/site-packages/airflow/example_dags/example_sensors.py
[2025-05-06T15:10:44.004+0000] {logging_mixin.py:190} INFO - [2025-05-06T15:10:44.004+0000] {dag.py:3239} INFO - Sync 1 DAGs
[2025-05-06T15:10:44.031+0000] {logging_mixin.py:190} INFO - [2025-05-06T15:10:44.031+0000] {dag.py:4180} INFO - Setting next_dagrun for example_sensors to None, run_after=None
[2025-05-06T15:10:44.086+0000] {processor.py:208} INFO - Processing /home/airflow/.local/lib/python3.12/site-packages/airflow/example_dags/example_sensors.py took 0.171 seconds
[2025-05-06T15:11:14.573+0000] {processor.py:186} INFO - Started process (PID=18642) to work on /home/airflow/.local/lib/python3.12/site-packages/airflow/example_dags/example_sensors.py
[2025-05-06T15:11:14.575+0000] {processor.py:914} INFO - Processing file /home/airflow/.local/lib/python3.12/site-packages/airflow/example_dags/example_sensors.py for tasks to queue
[2025-05-06T15:11:14.581+0000] {logging_mixin.py:190} INFO - [2025-05-06T15:11:14.580+0000] {dagbag.py:588} INFO - Filling up the DagBag from /home/airflow/.local/lib/python3.12/site-packages/airflow/example_dags/example_sensors.py
[2025-05-06T15:11:14.605+0000] {processor.py:925} INFO - DAG(s) 'example_sensors' retrieved from /home/airflow/.local/lib/python3.12/site-packages/airflow/example_dags/example_sensors.py
[2025-05-06T15:11:14.662+0000] {logging_mixin.py:190} INFO - [2025-05-06T15:11:14.662+0000] {dag.py:3239} INFO - Sync 1 DAGs
[2025-05-06T15:11:14.698+0000] {logging_mixin.py:190} INFO - [2025-05-06T15:11:14.698+0000] {dag.py:4180} INFO - Setting next_dagrun for example_sensors to None, run_after=None
[2025-05-06T15:11:14.754+0000] {processor.py:208} INFO - Processing /home/airflow/.local/lib/python3.12/site-packages/airflow/example_dags/example_sensors.py took 0.196 seconds
[2025-05-06T15:11:45.548+0000] {processor.py:186} INFO - Started process (PID=18733) to work on /home/airflow/.local/lib/python3.12/site-packages/airflow/example_dags/example_sensors.py
[2025-05-06T15:11:45.550+0000] {processor.py:914} INFO - Processing file /home/airflow/.local/lib/python3.12/site-packages/airflow/example_dags/example_sensors.py for tasks to queue
[2025-05-06T15:11:45.556+0000] {logging_mixin.py:190} INFO - [2025-05-06T15:11:45.555+0000] {dagbag.py:588} INFO - Filling up the DagBag from /home/airflow/.local/lib/python3.12/site-packages/airflow/example_dags/example_sensors.py
[2025-05-06T15:11:45.576+0000] {processor.py:925} INFO - DAG(s) 'example_sensors' retrieved from /home/airflow/.local/lib/python3.12/site-packages/airflow/example_dags/example_sensors.py
[2025-05-06T15:11:45.640+0000] {logging_mixin.py:190} INFO - [2025-05-06T15:11:45.639+0000] {dag.py:3239} INFO - Sync 1 DAGs
[2025-05-06T15:11:45.676+0000] {logging_mixin.py:190} INFO - [2025-05-06T15:11:45.675+0000] {dag.py:4180} INFO - Setting next_dagrun for example_sensors to None, run_after=None
[2025-05-06T15:11:45.715+0000] {processor.py:208} INFO - Processing /home/airflow/.local/lib/python3.12/site-packages/airflow/example_dags/example_sensors.py took 0.182 seconds
[2025-05-06T15:12:15.970+0000] {processor.py:186} INFO - Started process (PID=18822) to work on /home/airflow/.local/lib/python3.12/site-packages/airflow/example_dags/example_sensors.py
[2025-05-06T15:12:15.973+0000] {processor.py:914} INFO - Processing file /home/airflow/.local/lib/python3.12/site-packages/airflow/example_dags/example_sensors.py for tasks to queue
[2025-05-06T15:12:15.977+0000] {logging_mixin.py:190} INFO - [2025-05-06T15:12:15.976+0000] {dagbag.py:588} INFO - Filling up the DagBag from /home/airflow/.local/lib/python3.12/site-packages/airflow/example_dags/example_sensors.py
[2025-05-06T15:12:16.005+0000] {processor.py:925} INFO - DAG(s) 'example_sensors' retrieved from /home/airflow/.local/lib/python3.12/site-packages/airflow/example_dags/example_sensors.py
[2025-05-06T15:12:16.065+0000] {logging_mixin.py:190} INFO - [2025-05-06T15:12:16.064+0000] {dag.py:3239} INFO - Sync 1 DAGs
[2025-05-06T15:12:16.100+0000] {logging_mixin.py:190} INFO - [2025-05-06T15:12:16.099+0000] {dag.py:4180} INFO - Setting next_dagrun for example_sensors to None, run_after=None
[2025-05-06T15:12:16.146+0000] {processor.py:208} INFO - Processing /home/airflow/.local/lib/python3.12/site-packages/airflow/example_dags/example_sensors.py took 0.190 seconds
[2025-05-06T15:12:46.320+0000] {processor.py:186} INFO - Started process (PID=18913) to work on /home/airflow/.local/lib/python3.12/site-packages/airflow/example_dags/example_sensors.py
[2025-05-06T15:12:46.323+0000] {processor.py:914} INFO - Processing file /home/airflow/.local/lib/python3.12/site-packages/airflow/example_dags/example_sensors.py for tasks to queue
[2025-05-06T15:12:46.331+0000] {logging_mixin.py:190} INFO - [2025-05-06T15:12:46.330+0000] {dagbag.py:588} INFO - Filling up the DagBag from /home/airflow/.local/lib/python3.12/site-packages/airflow/example_dags/example_sensors.py
[2025-05-06T15:12:46.356+0000] {processor.py:925} INFO - DAG(s) 'example_sensors' retrieved from /home/airflow/.local/lib/python3.12/site-packages/airflow/example_dags/example_sensors.py
[2025-05-06T15:12:46.416+0000] {logging_mixin.py:190} INFO - [2025-05-06T15:12:46.415+0000] {dag.py:3239} INFO - Sync 1 DAGs
[2025-05-06T15:12:46.450+0000] {logging_mixin.py:190} INFO - [2025-05-06T15:12:46.450+0000] {dag.py:4180} INFO - Setting next_dagrun for example_sensors to None, run_after=None
[2025-05-06T15:12:46.516+0000] {processor.py:208} INFO - Processing /home/airflow/.local/lib/python3.12/site-packages/airflow/example_dags/example_sensors.py took 0.209 seconds
[2025-05-06T15:13:16.652+0000] {processor.py:186} INFO - Started process (PID=18991) to work on /home/airflow/.local/lib/python3.12/site-packages/airflow/example_dags/example_sensors.py
[2025-05-06T15:13:16.654+0000] {processor.py:914} INFO - Processing file /home/airflow/.local/lib/python3.12/site-packages/airflow/example_dags/example_sensors.py for tasks to queue
[2025-05-06T15:13:16.658+0000] {logging_mixin.py:190} INFO - [2025-05-06T15:13:16.658+0000] {dagbag.py:588} INFO - Filling up the DagBag from /home/airflow/.local/lib/python3.12/site-packages/airflow/example_dags/example_sensors.py
[2025-05-06T15:13:16.680+0000] {processor.py:925} INFO - DAG(s) 'example_sensors' retrieved from /home/airflow/.local/lib/python3.12/site-packages/airflow/example_dags/example_sensors.py
[2025-05-06T15:13:16.727+0000] {logging_mixin.py:190} INFO - [2025-05-06T15:13:16.726+0000] {dag.py:3239} INFO - Sync 1 DAGs
[2025-05-06T15:13:16.754+0000] {logging_mixin.py:190} INFO - [2025-05-06T15:13:16.754+0000] {dag.py:4180} INFO - Setting next_dagrun for example_sensors to None, run_after=None
[2025-05-06T15:13:17.112+0000] {processor.py:208} INFO - Processing /home/airflow/.local/lib/python3.12/site-packages/airflow/example_dags/example_sensors.py took 0.471 seconds
[2025-05-06T15:13:47.252+0000] {processor.py:186} INFO - Started process (PID=19081) to work on /home/airflow/.local/lib/python3.12/site-packages/airflow/example_dags/example_sensors.py
[2025-05-06T15:13:47.253+0000] {processor.py:914} INFO - Processing file /home/airflow/.local/lib/python3.12/site-packages/airflow/example_dags/example_sensors.py for tasks to queue
[2025-05-06T15:13:47.260+0000] {logging_mixin.py:190} INFO - [2025-05-06T15:13:47.259+0000] {dagbag.py:588} INFO - Filling up the DagBag from /home/airflow/.local/lib/python3.12/site-packages/airflow/example_dags/example_sensors.py
[2025-05-06T15:13:47.282+0000] {processor.py:925} INFO - DAG(s) 'example_sensors' retrieved from /home/airflow/.local/lib/python3.12/site-packages/airflow/example_dags/example_sensors.py
[2025-05-06T15:13:47.336+0000] {logging_mixin.py:190} INFO - [2025-05-06T15:13:47.335+0000] {dag.py:3239} INFO - Sync 1 DAGs
[2025-05-06T15:13:47.367+0000] {logging_mixin.py:190} INFO - [2025-05-06T15:13:47.366+0000] {dag.py:4180} INFO - Setting next_dagrun for example_sensors to None, run_after=None
[2025-05-06T15:13:47.412+0000] {processor.py:208} INFO - Processing /home/airflow/.local/lib/python3.12/site-packages/airflow/example_dags/example_sensors.py took 0.173 seconds
[2025-05-06T15:14:17.812+0000] {processor.py:186} INFO - Started process (PID=19172) to work on /home/airflow/.local/lib/python3.12/site-packages/airflow/example_dags/example_sensors.py
[2025-05-06T15:14:17.815+0000] {processor.py:914} INFO - Processing file /home/airflow/.local/lib/python3.12/site-packages/airflow/example_dags/example_sensors.py for tasks to queue
[2025-05-06T15:14:17.820+0000] {logging_mixin.py:190} INFO - [2025-05-06T15:14:17.820+0000] {dagbag.py:588} INFO - Filling up the DagBag from /home/airflow/.local/lib/python3.12/site-packages/airflow/example_dags/example_sensors.py
[2025-05-06T15:14:17.845+0000] {processor.py:925} INFO - DAG(s) 'example_sensors' retrieved from /home/airflow/.local/lib/python3.12/site-packages/airflow/example_dags/example_sensors.py
[2025-05-06T15:14:17.901+0000] {logging_mixin.py:190} INFO - [2025-05-06T15:14:17.900+0000] {dag.py:3239} INFO - Sync 1 DAGs
[2025-05-06T15:14:17.930+0000] {logging_mixin.py:190} INFO - [2025-05-06T15:14:17.930+0000] {dag.py:4180} INFO - Setting next_dagrun for example_sensors to None, run_after=None
[2025-05-06T15:14:17.989+0000] {processor.py:208} INFO - Processing /home/airflow/.local/lib/python3.12/site-packages/airflow/example_dags/example_sensors.py took 0.190 seconds
[2025-05-06T15:14:48.219+0000] {processor.py:186} INFO - Started process (PID=19263) to work on /home/airflow/.local/lib/python3.12/site-packages/airflow/example_dags/example_sensors.py
[2025-05-06T15:14:48.222+0000] {processor.py:914} INFO - Processing file /home/airflow/.local/lib/python3.12/site-packages/airflow/example_dags/example_sensors.py for tasks to queue
[2025-05-06T15:14:48.229+0000] {logging_mixin.py:190} INFO - [2025-05-06T15:14:48.228+0000] {dagbag.py:588} INFO - Filling up the DagBag from /home/airflow/.local/lib/python3.12/site-packages/airflow/example_dags/example_sensors.py
[2025-05-06T15:14:48.254+0000] {processor.py:925} INFO - DAG(s) 'example_sensors' retrieved from /home/airflow/.local/lib/python3.12/site-packages/airflow/example_dags/example_sensors.py
[2025-05-06T15:14:48.316+0000] {logging_mixin.py:190} INFO - [2025-05-06T15:14:48.315+0000] {dag.py:3239} INFO - Sync 1 DAGs
[2025-05-06T15:14:48.353+0000] {logging_mixin.py:190} INFO - [2025-05-06T15:14:48.353+0000] {dag.py:4180} INFO - Setting next_dagrun for example_sensors to None, run_after=None
[2025-05-06T15:14:48.403+0000] {processor.py:208} INFO - Processing /home/airflow/.local/lib/python3.12/site-packages/airflow/example_dags/example_sensors.py took 0.195 seconds
[2025-05-06T15:15:18.947+0000] {processor.py:186} INFO - Started process (PID=19341) to work on /home/airflow/.local/lib/python3.12/site-packages/airflow/example_dags/example_sensors.py
[2025-05-06T15:15:18.948+0000] {processor.py:914} INFO - Processing file /home/airflow/.local/lib/python3.12/site-packages/airflow/example_dags/example_sensors.py for tasks to queue
[2025-05-06T15:15:18.953+0000] {logging_mixin.py:190} INFO - [2025-05-06T15:15:18.952+0000] {dagbag.py:588} INFO - Filling up the DagBag from /home/airflow/.local/lib/python3.12/site-packages/airflow/example_dags/example_sensors.py
[2025-05-06T15:15:18.973+0000] {processor.py:925} INFO - DAG(s) 'example_sensors' retrieved from /home/airflow/.local/lib/python3.12/site-packages/airflow/example_dags/example_sensors.py
[2025-05-06T15:15:19.028+0000] {logging_mixin.py:190} INFO - [2025-05-06T15:15:19.028+0000] {dag.py:3239} INFO - Sync 1 DAGs
[2025-05-06T15:15:19.069+0000] {logging_mixin.py:190} INFO - [2025-05-06T15:15:19.069+0000] {dag.py:4180} INFO - Setting next_dagrun for example_sensors to None, run_after=None
[2025-05-06T15:15:19.172+0000] {processor.py:208} INFO - Processing /home/airflow/.local/lib/python3.12/site-packages/airflow/example_dags/example_sensors.py took 0.239 seconds
[2025-05-06T15:15:49.333+0000] {processor.py:186} INFO - Started process (PID=19431) to work on /home/airflow/.local/lib/python3.12/site-packages/airflow/example_dags/example_sensors.py
[2025-05-06T15:15:49.337+0000] {processor.py:914} INFO - Processing file /home/airflow/.local/lib/python3.12/site-packages/airflow/example_dags/example_sensors.py for tasks to queue
[2025-05-06T15:15:49.345+0000] {logging_mixin.py:190} INFO - [2025-05-06T15:15:49.342+0000] {dagbag.py:588} INFO - Filling up the DagBag from /home/airflow/.local/lib/python3.12/site-packages/airflow/example_dags/example_sensors.py
[2025-05-06T15:15:49.371+0000] {processor.py:925} INFO - DAG(s) 'example_sensors' retrieved from /home/airflow/.local/lib/python3.12/site-packages/airflow/example_dags/example_sensors.py
[2025-05-06T15:15:49.436+0000] {logging_mixin.py:190} INFO - [2025-05-06T15:15:49.435+0000] {dag.py:3239} INFO - Sync 1 DAGs
[2025-05-06T15:15:49.477+0000] {logging_mixin.py:190} INFO - [2025-05-06T15:15:49.476+0000] {dag.py:4180} INFO - Setting next_dagrun for example_sensors to None, run_after=None
[2025-05-06T15:15:49.536+0000] {processor.py:208} INFO - Processing /home/airflow/.local/lib/python3.12/site-packages/airflow/example_dags/example_sensors.py took 0.221 seconds
[2025-05-06T15:16:19.824+0000] {processor.py:186} INFO - Started process (PID=19521) to work on /home/airflow/.local/lib/python3.12/site-packages/airflow/example_dags/example_sensors.py
[2025-05-06T15:16:19.829+0000] {processor.py:914} INFO - Processing file /home/airflow/.local/lib/python3.12/site-packages/airflow/example_dags/example_sensors.py for tasks to queue
[2025-05-06T15:16:19.835+0000] {logging_mixin.py:190} INFO - [2025-05-06T15:16:19.834+0000] {dagbag.py:588} INFO - Filling up the DagBag from /home/airflow/.local/lib/python3.12/site-packages/airflow/example_dags/example_sensors.py
[2025-05-06T15:16:19.857+0000] {processor.py:925} INFO - DAG(s) 'example_sensors' retrieved from /home/airflow/.local/lib/python3.12/site-packages/airflow/example_dags/example_sensors.py
[2025-05-06T15:16:20.175+0000] {logging_mixin.py:190} INFO - [2025-05-06T15:16:20.175+0000] {dag.py:3239} INFO - Sync 1 DAGs
[2025-05-06T15:16:20.207+0000] {logging_mixin.py:190} INFO - [2025-05-06T15:16:20.207+0000] {dag.py:4180} INFO - Setting next_dagrun for example_sensors to None, run_after=None
[2025-05-06T15:16:20.243+0000] {processor.py:208} INFO - Processing /home/airflow/.local/lib/python3.12/site-packages/airflow/example_dags/example_sensors.py took 0.432 seconds
[2025-05-06T15:16:50.502+0000] {processor.py:186} INFO - Started process (PID=19612) to work on /home/airflow/.local/lib/python3.12/site-packages/airflow/example_dags/example_sensors.py
[2025-05-06T15:16:50.504+0000] {processor.py:914} INFO - Processing file /home/airflow/.local/lib/python3.12/site-packages/airflow/example_dags/example_sensors.py for tasks to queue
[2025-05-06T15:16:50.510+0000] {logging_mixin.py:190} INFO - [2025-05-06T15:16:50.509+0000] {dagbag.py:588} INFO - Filling up the DagBag from /home/airflow/.local/lib/python3.12/site-packages/airflow/example_dags/example_sensors.py
[2025-05-06T15:16:50.531+0000] {processor.py:925} INFO - DAG(s) 'example_sensors' retrieved from /home/airflow/.local/lib/python3.12/site-packages/airflow/example_dags/example_sensors.py
[2025-05-06T15:16:50.593+0000] {logging_mixin.py:190} INFO - [2025-05-06T15:16:50.592+0000] {dag.py:3239} INFO - Sync 1 DAGs
[2025-05-06T15:16:50.630+0000] {logging_mixin.py:190} INFO - [2025-05-06T15:16:50.629+0000] {dag.py:4180} INFO - Setting next_dagrun for example_sensors to None, run_after=None
[2025-05-06T15:16:50.695+0000] {processor.py:208} INFO - Processing /home/airflow/.local/lib/python3.12/site-packages/airflow/example_dags/example_sensors.py took 0.208 seconds
[2025-05-06T15:17:20.795+0000] {processor.py:186} INFO - Started process (PID=19703) to work on /home/airflow/.local/lib/python3.12/site-packages/airflow/example_dags/example_sensors.py
[2025-05-06T15:17:20.797+0000] {processor.py:914} INFO - Processing file /home/airflow/.local/lib/python3.12/site-packages/airflow/example_dags/example_sensors.py for tasks to queue
[2025-05-06T15:17:20.801+0000] {logging_mixin.py:190} INFO - [2025-05-06T15:17:20.800+0000] {dagbag.py:588} INFO - Filling up the DagBag from /home/airflow/.local/lib/python3.12/site-packages/airflow/example_dags/example_sensors.py
[2025-05-06T15:17:20.821+0000] {processor.py:925} INFO - DAG(s) 'example_sensors' retrieved from /home/airflow/.local/lib/python3.12/site-packages/airflow/example_dags/example_sensors.py
[2025-05-06T15:17:20.873+0000] {logging_mixin.py:190} INFO - [2025-05-06T15:17:20.872+0000] {dag.py:3239} INFO - Sync 1 DAGs
[2025-05-06T15:17:20.899+0000] {logging_mixin.py:190} INFO - [2025-05-06T15:17:20.899+0000] {dag.py:4180} INFO - Setting next_dagrun for example_sensors to None, run_after=None
[2025-05-06T15:17:20.957+0000] {processor.py:208} INFO - Processing /home/airflow/.local/lib/python3.12/site-packages/airflow/example_dags/example_sensors.py took 0.175 seconds
[2025-05-06T15:17:53.078+0000] {processor.py:186} INFO - Started process (PID=19794) to work on /home/airflow/.local/lib/python3.12/site-packages/airflow/example_dags/example_sensors.py
[2025-05-06T15:17:53.081+0000] {processor.py:914} INFO - Processing file /home/airflow/.local/lib/python3.12/site-packages/airflow/example_dags/example_sensors.py for tasks to queue
[2025-05-06T15:17:53.086+0000] {logging_mixin.py:190} INFO - [2025-05-06T15:17:53.086+0000] {dagbag.py:588} INFO - Filling up the DagBag from /home/airflow/.local/lib/python3.12/site-packages/airflow/example_dags/example_sensors.py
[2025-05-06T15:17:53.107+0000] {processor.py:925} INFO - DAG(s) 'example_sensors' retrieved from /home/airflow/.local/lib/python3.12/site-packages/airflow/example_dags/example_sensors.py
[2025-05-06T15:17:53.160+0000] {logging_mixin.py:190} INFO - [2025-05-06T15:17:53.160+0000] {dag.py:3239} INFO - Sync 1 DAGs
[2025-05-06T15:17:53.188+0000] {logging_mixin.py:190} INFO - [2025-05-06T15:17:53.188+0000] {dag.py:4180} INFO - Setting next_dagrun for example_sensors to None, run_after=None
[2025-05-06T15:17:53.245+0000] {processor.py:208} INFO - Processing /home/airflow/.local/lib/python3.12/site-packages/airflow/example_dags/example_sensors.py took 0.182 seconds
[2025-05-06T15:18:23.600+0000] {processor.py:186} INFO - Started process (PID=19871) to work on /home/airflow/.local/lib/python3.12/site-packages/airflow/example_dags/example_sensors.py
[2025-05-06T15:18:23.602+0000] {processor.py:914} INFO - Processing file /home/airflow/.local/lib/python3.12/site-packages/airflow/example_dags/example_sensors.py for tasks to queue
[2025-05-06T15:18:23.607+0000] {logging_mixin.py:190} INFO - [2025-05-06T15:18:23.607+0000] {dagbag.py:588} INFO - Filling up the DagBag from /home/airflow/.local/lib/python3.12/site-packages/airflow/example_dags/example_sensors.py
[2025-05-06T15:18:23.627+0000] {processor.py:925} INFO - DAG(s) 'example_sensors' retrieved from /home/airflow/.local/lib/python3.12/site-packages/airflow/example_dags/example_sensors.py
[2025-05-06T15:18:23.678+0000] {logging_mixin.py:190} INFO - [2025-05-06T15:18:23.677+0000] {dag.py:3239} INFO - Sync 1 DAGs
[2025-05-06T15:18:23.706+0000] {logging_mixin.py:190} INFO - [2025-05-06T15:18:23.705+0000] {dag.py:4180} INFO - Setting next_dagrun for example_sensors to None, run_after=None
[2025-05-06T15:18:23.763+0000] {processor.py:208} INFO - Processing /home/airflow/.local/lib/python3.12/site-packages/airflow/example_dags/example_sensors.py took 0.174 seconds
