[2025-05-06T14:48:21.795+0000] {processor.py:186} INFO - Started process (PID=14879) to work on /home/airflow/.local/lib/python3.12/site-packages/airflow/example_dags/example_setup_teardown.py
[2025-05-06T14:48:21.796+0000] {processor.py:914} INFO - Processing file /home/airflow/.local/lib/python3.12/site-packages/airflow/example_dags/example_setup_teardown.py for tasks to queue
[2025-05-06T14:48:21.801+0000] {logging_mixin.py:190} INFO - [2025-05-06T14:48:21.800+0000] {dagbag.py:588} INFO - Filling up the DagBag from /home/airflow/.local/lib/python3.12/site-packages/airflow/example_dags/example_setup_teardown.py
[2025-05-06T14:48:21.810+0000] {processor.py:925} INFO - DAG(s) 'example_setup_teardown' retrieved from /home/airflow/.local/lib/python3.12/site-packages/airflow/example_dags/example_setup_teardown.py
[2025-05-06T14:48:21.830+0000] {logging_mixin.py:190} INFO - [2025-05-06T14:48:21.830+0000] {dag.py:3239} INFO - Sync 1 DAGs
[2025-05-06T14:48:21.847+0000] {logging_mixin.py:190} INFO - [2025-05-06T14:48:21.847+0000] {dag.py:4180} INFO - Setting next_dagrun for example_setup_teardown to None, run_after=None
[2025-05-06T14:48:21.871+0000] {processor.py:208} INFO - Processing /home/airflow/.local/lib/python3.12/site-packages/airflow/example_dags/example_setup_teardown.py took 0.080 seconds
[2025-05-06T14:49:01.794+0000] {processor.py:186} INFO - Started process (PID=14976) to work on /home/airflow/.local/lib/python3.12/site-packages/airflow/example_dags/example_setup_teardown.py
[2025-05-06T14:49:01.932+0000] {processor.py:914} INFO - Processing file /home/airflow/.local/lib/python3.12/site-packages/airflow/example_dags/example_setup_teardown.py for tasks to queue
[2025-05-06T14:49:02.063+0000] {logging_mixin.py:190} INFO - [2025-05-06T14:49:02.046+0000] {dagbag.py:588} INFO - Filling up the DagBag from /home/airflow/.local/lib/python3.12/site-packages/airflow/example_dags/example_setup_teardown.py
[2025-05-06T14:49:02.831+0000] {processor.py:925} INFO - DAG(s) 'example_setup_teardown' retrieved from /home/airflow/.local/lib/python3.12/site-packages/airflow/example_dags/example_setup_teardown.py
[2025-05-06T14:49:03.420+0000] {logging_mixin.py:190} INFO - [2025-05-06T14:49:03.418+0000] {dag.py:3239} INFO - Sync 1 DAGs
[2025-05-06T14:49:03.619+0000] {logging_mixin.py:190} INFO - [2025-05-06T14:49:03.616+0000] {dag.py:4180} INFO - Setting next_dagrun for example_setup_teardown to None, run_after=None
[2025-05-06T14:49:03.863+0000] {processor.py:208} INFO - Processing /home/airflow/.local/lib/python3.12/site-packages/airflow/example_dags/example_setup_teardown.py took 2.468 seconds
[2025-05-06T14:50:27.770+0000] {processor.py:186} INFO - Started process (PID=15080) to work on /home/airflow/.local/lib/python3.12/site-packages/airflow/example_dags/example_setup_teardown.py
[2025-05-06T14:50:27.776+0000] {processor.py:914} INFO - Processing file /home/airflow/.local/lib/python3.12/site-packages/airflow/example_dags/example_setup_teardown.py for tasks to queue
[2025-05-06T14:50:27.791+0000] {logging_mixin.py:190} INFO - [2025-05-06T14:50:27.789+0000] {dagbag.py:588} INFO - Filling up the DagBag from /home/airflow/.local/lib/python3.12/site-packages/airflow/example_dags/example_setup_teardown.py
[2025-05-06T14:50:27.839+0000] {processor.py:925} INFO - DAG(s) 'example_setup_teardown' retrieved from /home/airflow/.local/lib/python3.12/site-packages/airflow/example_dags/example_setup_teardown.py
[2025-05-06T14:50:27.958+0000] {logging_mixin.py:190} INFO - [2025-05-06T14:50:27.956+0000] {dag.py:3239} INFO - Sync 1 DAGs
[2025-05-06T14:50:28.030+0000] {logging_mixin.py:190} INFO - [2025-05-06T14:50:28.029+0000] {dag.py:4180} INFO - Setting next_dagrun for example_setup_teardown to None, run_after=None
[2025-05-06T14:50:28.138+0000] {processor.py:208} INFO - Processing /home/airflow/.local/lib/python3.12/site-packages/airflow/example_dags/example_setup_teardown.py took 0.401 seconds
[2025-05-06T14:50:58.483+0000] {processor.py:186} INFO - Started process (PID=15170) to work on /home/airflow/.local/lib/python3.12/site-packages/airflow/example_dags/example_setup_teardown.py
[2025-05-06T14:50:58.486+0000] {processor.py:914} INFO - Processing file /home/airflow/.local/lib/python3.12/site-packages/airflow/example_dags/example_setup_teardown.py for tasks to queue
[2025-05-06T14:50:58.492+0000] {logging_mixin.py:190} INFO - [2025-05-06T14:50:58.491+0000] {dagbag.py:588} INFO - Filling up the DagBag from /home/airflow/.local/lib/python3.12/site-packages/airflow/example_dags/example_setup_teardown.py
[2025-05-06T14:50:58.512+0000] {processor.py:925} INFO - DAG(s) 'example_setup_teardown' retrieved from /home/airflow/.local/lib/python3.12/site-packages/airflow/example_dags/example_setup_teardown.py
[2025-05-06T14:50:58.552+0000] {logging_mixin.py:190} INFO - [2025-05-06T14:50:58.551+0000] {dag.py:3239} INFO - Sync 1 DAGs
[2025-05-06T14:50:58.579+0000] {logging_mixin.py:190} INFO - [2025-05-06T14:50:58.578+0000] {dag.py:4180} INFO - Setting next_dagrun for example_setup_teardown to None, run_after=None
[2025-05-06T14:50:58.637+0000] {processor.py:208} INFO - Processing /home/airflow/.local/lib/python3.12/site-packages/airflow/example_dags/example_setup_teardown.py took 0.168 seconds
[2025-05-06T14:51:29.464+0000] {processor.py:186} INFO - Started process (PID=15261) to work on /home/airflow/.local/lib/python3.12/site-packages/airflow/example_dags/example_setup_teardown.py
[2025-05-06T14:51:29.466+0000] {processor.py:914} INFO - Processing file /home/airflow/.local/lib/python3.12/site-packages/airflow/example_dags/example_setup_teardown.py for tasks to queue
[2025-05-06T14:51:29.473+0000] {logging_mixin.py:190} INFO - [2025-05-06T14:51:29.472+0000] {dagbag.py:588} INFO - Filling up the DagBag from /home/airflow/.local/lib/python3.12/site-packages/airflow/example_dags/example_setup_teardown.py
[2025-05-06T14:51:29.496+0000] {processor.py:925} INFO - DAG(s) 'example_setup_teardown' retrieved from /home/airflow/.local/lib/python3.12/site-packages/airflow/example_dags/example_setup_teardown.py
[2025-05-06T14:51:29.556+0000] {logging_mixin.py:190} INFO - [2025-05-06T14:51:29.555+0000] {dag.py:3239} INFO - Sync 1 DAGs
[2025-05-06T14:51:29.592+0000] {logging_mixin.py:190} INFO - [2025-05-06T14:51:29.592+0000] {dag.py:4180} INFO - Setting next_dagrun for example_setup_teardown to None, run_after=None
[2025-05-06T14:51:29.649+0000] {processor.py:208} INFO - Processing /home/airflow/.local/lib/python3.12/site-packages/airflow/example_dags/example_setup_teardown.py took 0.204 seconds
[2025-05-06T14:52:01.538+0000] {processor.py:186} INFO - Started process (PID=15352) to work on /home/airflow/.local/lib/python3.12/site-packages/airflow/example_dags/example_setup_teardown.py
[2025-05-06T14:52:01.540+0000] {processor.py:914} INFO - Processing file /home/airflow/.local/lib/python3.12/site-packages/airflow/example_dags/example_setup_teardown.py for tasks to queue
[2025-05-06T14:52:01.545+0000] {logging_mixin.py:190} INFO - [2025-05-06T14:52:01.544+0000] {dagbag.py:588} INFO - Filling up the DagBag from /home/airflow/.local/lib/python3.12/site-packages/airflow/example_dags/example_setup_teardown.py
[2025-05-06T14:52:01.565+0000] {processor.py:925} INFO - DAG(s) 'example_setup_teardown' retrieved from /home/airflow/.local/lib/python3.12/site-packages/airflow/example_dags/example_setup_teardown.py
[2025-05-06T14:52:01.606+0000] {logging_mixin.py:190} INFO - [2025-05-06T14:52:01.606+0000] {dag.py:3239} INFO - Sync 1 DAGs
[2025-05-06T14:52:01.639+0000] {logging_mixin.py:190} INFO - [2025-05-06T14:52:01.638+0000] {dag.py:4180} INFO - Setting next_dagrun for example_setup_teardown to None, run_after=None
[2025-05-06T14:52:01.698+0000] {processor.py:208} INFO - Processing /home/airflow/.local/lib/python3.12/site-packages/airflow/example_dags/example_setup_teardown.py took 0.173 seconds
[2025-05-06T14:52:33.457+0000] {processor.py:186} INFO - Started process (PID=15444) to work on /home/airflow/.local/lib/python3.12/site-packages/airflow/example_dags/example_setup_teardown.py
[2025-05-06T14:52:33.459+0000] {processor.py:914} INFO - Processing file /home/airflow/.local/lib/python3.12/site-packages/airflow/example_dags/example_setup_teardown.py for tasks to queue
[2025-05-06T14:52:33.466+0000] {logging_mixin.py:190} INFO - [2025-05-06T14:52:33.466+0000] {dagbag.py:588} INFO - Filling up the DagBag from /home/airflow/.local/lib/python3.12/site-packages/airflow/example_dags/example_setup_teardown.py
[2025-05-06T14:52:33.483+0000] {processor.py:925} INFO - DAG(s) 'example_setup_teardown' retrieved from /home/airflow/.local/lib/python3.12/site-packages/airflow/example_dags/example_setup_teardown.py
[2025-05-06T14:52:33.522+0000] {logging_mixin.py:190} INFO - [2025-05-06T14:52:33.522+0000] {dag.py:3239} INFO - Sync 1 DAGs
[2025-05-06T14:52:33.549+0000] {logging_mixin.py:190} INFO - [2025-05-06T14:52:33.548+0000] {dag.py:4180} INFO - Setting next_dagrun for example_setup_teardown to None, run_after=None
[2025-05-06T14:52:33.590+0000] {processor.py:208} INFO - Processing /home/airflow/.local/lib/python3.12/site-packages/airflow/example_dags/example_setup_teardown.py took 0.144 seconds
[2025-05-06T14:53:03.984+0000] {processor.py:186} INFO - Started process (PID=15521) to work on /home/airflow/.local/lib/python3.12/site-packages/airflow/example_dags/example_setup_teardown.py
[2025-05-06T14:53:03.986+0000] {processor.py:914} INFO - Processing file /home/airflow/.local/lib/python3.12/site-packages/airflow/example_dags/example_setup_teardown.py for tasks to queue
[2025-05-06T14:53:03.991+0000] {logging_mixin.py:190} INFO - [2025-05-06T14:53:03.990+0000] {dagbag.py:588} INFO - Filling up the DagBag from /home/airflow/.local/lib/python3.12/site-packages/airflow/example_dags/example_setup_teardown.py
[2025-05-06T14:53:04.008+0000] {processor.py:925} INFO - DAG(s) 'example_setup_teardown' retrieved from /home/airflow/.local/lib/python3.12/site-packages/airflow/example_dags/example_setup_teardown.py
[2025-05-06T14:53:04.047+0000] {logging_mixin.py:190} INFO - [2025-05-06T14:53:04.046+0000] {dag.py:3239} INFO - Sync 1 DAGs
[2025-05-06T14:53:04.080+0000] {logging_mixin.py:190} INFO - [2025-05-06T14:53:04.079+0000] {dag.py:4180} INFO - Setting next_dagrun for example_setup_teardown to None, run_after=None
[2025-05-06T14:53:04.120+0000] {processor.py:208} INFO - Processing /home/airflow/.local/lib/python3.12/site-packages/airflow/example_dags/example_setup_teardown.py took 0.147 seconds
[2025-05-06T14:53:35.221+0000] {processor.py:186} INFO - Started process (PID=15612) to work on /home/airflow/.local/lib/python3.12/site-packages/airflow/example_dags/example_setup_teardown.py
[2025-05-06T14:53:35.223+0000] {processor.py:914} INFO - Processing file /home/airflow/.local/lib/python3.12/site-packages/airflow/example_dags/example_setup_teardown.py for tasks to queue
[2025-05-06T14:53:35.228+0000] {logging_mixin.py:190} INFO - [2025-05-06T14:53:35.228+0000] {dagbag.py:588} INFO - Filling up the DagBag from /home/airflow/.local/lib/python3.12/site-packages/airflow/example_dags/example_setup_teardown.py
[2025-05-06T14:53:35.245+0000] {processor.py:925} INFO - DAG(s) 'example_setup_teardown' retrieved from /home/airflow/.local/lib/python3.12/site-packages/airflow/example_dags/example_setup_teardown.py
[2025-05-06T14:53:35.281+0000] {logging_mixin.py:190} INFO - [2025-05-06T14:53:35.280+0000] {dag.py:3239} INFO - Sync 1 DAGs
[2025-05-06T14:53:35.308+0000] {logging_mixin.py:190} INFO - [2025-05-06T14:53:35.307+0000] {dag.py:4180} INFO - Setting next_dagrun for example_setup_teardown to None, run_after=None
[2025-05-06T14:53:35.368+0000] {processor.py:208} INFO - Processing /home/airflow/.local/lib/python3.12/site-packages/airflow/example_dags/example_setup_teardown.py took 0.159 seconds
[2025-05-06T14:54:07.511+0000] {processor.py:186} INFO - Started process (PID=15703) to work on /home/airflow/.local/lib/python3.12/site-packages/airflow/example_dags/example_setup_teardown.py
[2025-05-06T14:54:07.514+0000] {processor.py:914} INFO - Processing file /home/airflow/.local/lib/python3.12/site-packages/airflow/example_dags/example_setup_teardown.py for tasks to queue
[2025-05-06T14:54:07.519+0000] {logging_mixin.py:190} INFO - [2025-05-06T14:54:07.518+0000] {dagbag.py:588} INFO - Filling up the DagBag from /home/airflow/.local/lib/python3.12/site-packages/airflow/example_dags/example_setup_teardown.py
[2025-05-06T14:54:07.540+0000] {processor.py:925} INFO - DAG(s) 'example_setup_teardown' retrieved from /home/airflow/.local/lib/python3.12/site-packages/airflow/example_dags/example_setup_teardown.py
[2025-05-06T14:54:07.578+0000] {logging_mixin.py:190} INFO - [2025-05-06T14:54:07.578+0000] {dag.py:3239} INFO - Sync 1 DAGs
[2025-05-06T14:54:07.605+0000] {logging_mixin.py:190} INFO - [2025-05-06T14:54:07.605+0000] {dag.py:4180} INFO - Setting next_dagrun for example_setup_teardown to None, run_after=None
[2025-05-06T14:54:07.645+0000] {processor.py:208} INFO - Processing /home/airflow/.local/lib/python3.12/site-packages/airflow/example_dags/example_setup_teardown.py took 0.146 seconds
[2025-05-06T14:54:40.199+0000] {processor.py:186} INFO - Started process (PID=15794) to work on /home/airflow/.local/lib/python3.12/site-packages/airflow/example_dags/example_setup_teardown.py
[2025-05-06T14:54:40.201+0000] {processor.py:914} INFO - Processing file /home/airflow/.local/lib/python3.12/site-packages/airflow/example_dags/example_setup_teardown.py for tasks to queue
[2025-05-06T14:54:40.206+0000] {logging_mixin.py:190} INFO - [2025-05-06T14:54:40.206+0000] {dagbag.py:588} INFO - Filling up the DagBag from /home/airflow/.local/lib/python3.12/site-packages/airflow/example_dags/example_setup_teardown.py
[2025-05-06T14:54:40.225+0000] {processor.py:925} INFO - DAG(s) 'example_setup_teardown' retrieved from /home/airflow/.local/lib/python3.12/site-packages/airflow/example_dags/example_setup_teardown.py
[2025-05-06T14:54:40.269+0000] {logging_mixin.py:190} INFO - [2025-05-06T14:54:40.269+0000] {dag.py:3239} INFO - Sync 1 DAGs
[2025-05-06T14:54:40.301+0000] {logging_mixin.py:190} INFO - [2025-05-06T14:54:40.300+0000] {dag.py:4180} INFO - Setting next_dagrun for example_setup_teardown to None, run_after=None
[2025-05-06T14:54:40.343+0000] {processor.py:208} INFO - Processing /home/airflow/.local/lib/python3.12/site-packages/airflow/example_dags/example_setup_teardown.py took 0.159 seconds
[2025-05-06T14:55:11.671+0000] {processor.py:186} INFO - Started process (PID=15885) to work on /home/airflow/.local/lib/python3.12/site-packages/airflow/example_dags/example_setup_teardown.py
[2025-05-06T14:55:11.673+0000] {processor.py:914} INFO - Processing file /home/airflow/.local/lib/python3.12/site-packages/airflow/example_dags/example_setup_teardown.py for tasks to queue
[2025-05-06T14:55:11.677+0000] {logging_mixin.py:190} INFO - [2025-05-06T14:55:11.677+0000] {dagbag.py:588} INFO - Filling up the DagBag from /home/airflow/.local/lib/python3.12/site-packages/airflow/example_dags/example_setup_teardown.py
[2025-05-06T14:55:11.699+0000] {processor.py:925} INFO - DAG(s) 'example_setup_teardown' retrieved from /home/airflow/.local/lib/python3.12/site-packages/airflow/example_dags/example_setup_teardown.py
[2025-05-06T14:55:11.749+0000] {logging_mixin.py:190} INFO - [2025-05-06T14:55:11.749+0000] {dag.py:3239} INFO - Sync 1 DAGs
[2025-05-06T14:55:11.782+0000] {logging_mixin.py:190} INFO - [2025-05-06T14:55:11.781+0000] {dag.py:4180} INFO - Setting next_dagrun for example_setup_teardown to None, run_after=None
[2025-05-06T14:55:11.821+0000] {processor.py:208} INFO - Processing /home/airflow/.local/lib/python3.12/site-packages/airflow/example_dags/example_setup_teardown.py took 0.164 seconds
[2025-05-06T14:55:42.267+0000] {processor.py:186} INFO - Started process (PID=15962) to work on /home/airflow/.local/lib/python3.12/site-packages/airflow/example_dags/example_setup_teardown.py
[2025-05-06T14:55:42.269+0000] {processor.py:914} INFO - Processing file /home/airflow/.local/lib/python3.12/site-packages/airflow/example_dags/example_setup_teardown.py for tasks to queue
[2025-05-06T14:55:42.274+0000] {logging_mixin.py:190} INFO - [2025-05-06T14:55:42.273+0000] {dagbag.py:588} INFO - Filling up the DagBag from /home/airflow/.local/lib/python3.12/site-packages/airflow/example_dags/example_setup_teardown.py
[2025-05-06T14:55:42.293+0000] {processor.py:925} INFO - DAG(s) 'example_setup_teardown' retrieved from /home/airflow/.local/lib/python3.12/site-packages/airflow/example_dags/example_setup_teardown.py
[2025-05-06T14:55:42.339+0000] {logging_mixin.py:190} INFO - [2025-05-06T14:55:42.339+0000] {dag.py:3239} INFO - Sync 1 DAGs
[2025-05-06T14:55:42.373+0000] {logging_mixin.py:190} INFO - [2025-05-06T14:55:42.373+0000] {dag.py:4180} INFO - Setting next_dagrun for example_setup_teardown to None, run_after=None
[2025-05-06T14:55:42.417+0000] {processor.py:208} INFO - Processing /home/airflow/.local/lib/python3.12/site-packages/airflow/example_dags/example_setup_teardown.py took 0.161 seconds
[2025-05-06T14:56:12.647+0000] {processor.py:186} INFO - Started process (PID=16052) to work on /home/airflow/.local/lib/python3.12/site-packages/airflow/example_dags/example_setup_teardown.py
[2025-05-06T14:56:12.650+0000] {processor.py:914} INFO - Processing file /home/airflow/.local/lib/python3.12/site-packages/airflow/example_dags/example_setup_teardown.py for tasks to queue
[2025-05-06T14:56:12.656+0000] {logging_mixin.py:190} INFO - [2025-05-06T14:56:12.655+0000] {dagbag.py:588} INFO - Filling up the DagBag from /home/airflow/.local/lib/python3.12/site-packages/airflow/example_dags/example_setup_teardown.py
[2025-05-06T14:56:12.673+0000] {processor.py:925} INFO - DAG(s) 'example_setup_teardown' retrieved from /home/airflow/.local/lib/python3.12/site-packages/airflow/example_dags/example_setup_teardown.py
[2025-05-06T14:56:12.717+0000] {logging_mixin.py:190} INFO - [2025-05-06T14:56:12.716+0000] {dag.py:3239} INFO - Sync 1 DAGs
[2025-05-06T14:56:12.753+0000] {logging_mixin.py:190} INFO - [2025-05-06T14:56:12.753+0000] {dag.py:4180} INFO - Setting next_dagrun for example_setup_teardown to None, run_after=None
[2025-05-06T14:56:12.798+0000] {processor.py:208} INFO - Processing /home/airflow/.local/lib/python3.12/site-packages/airflow/example_dags/example_setup_teardown.py took 0.168 seconds
[2025-05-06T14:56:43.242+0000] {processor.py:186} INFO - Started process (PID=16143) to work on /home/airflow/.local/lib/python3.12/site-packages/airflow/example_dags/example_setup_teardown.py
[2025-05-06T14:56:43.244+0000] {processor.py:914} INFO - Processing file /home/airflow/.local/lib/python3.12/site-packages/airflow/example_dags/example_setup_teardown.py for tasks to queue
[2025-05-06T14:56:43.248+0000] {logging_mixin.py:190} INFO - [2025-05-06T14:56:43.247+0000] {dagbag.py:588} INFO - Filling up the DagBag from /home/airflow/.local/lib/python3.12/site-packages/airflow/example_dags/example_setup_teardown.py
[2025-05-06T14:56:43.264+0000] {processor.py:925} INFO - DAG(s) 'example_setup_teardown' retrieved from /home/airflow/.local/lib/python3.12/site-packages/airflow/example_dags/example_setup_teardown.py
[2025-05-06T14:56:43.305+0000] {logging_mixin.py:190} INFO - [2025-05-06T14:56:43.305+0000] {dag.py:3239} INFO - Sync 1 DAGs
[2025-05-06T14:56:43.332+0000] {logging_mixin.py:190} INFO - [2025-05-06T14:56:43.331+0000] {dag.py:4180} INFO - Setting next_dagrun for example_setup_teardown to None, run_after=None
[2025-05-06T14:56:43.364+0000] {processor.py:208} INFO - Processing /home/airflow/.local/lib/python3.12/site-packages/airflow/example_dags/example_setup_teardown.py took 0.133 seconds
[2025-05-06T14:57:13.887+0000] {processor.py:186} INFO - Started process (PID=16233) to work on /home/airflow/.local/lib/python3.12/site-packages/airflow/example_dags/example_setup_teardown.py
[2025-05-06T14:57:13.891+0000] {processor.py:914} INFO - Processing file /home/airflow/.local/lib/python3.12/site-packages/airflow/example_dags/example_setup_teardown.py for tasks to queue
[2025-05-06T14:57:13.898+0000] {logging_mixin.py:190} INFO - [2025-05-06T14:57:13.897+0000] {dagbag.py:588} INFO - Filling up the DagBag from /home/airflow/.local/lib/python3.12/site-packages/airflow/example_dags/example_setup_teardown.py
[2025-05-06T14:57:13.914+0000] {processor.py:925} INFO - DAG(s) 'example_setup_teardown' retrieved from /home/airflow/.local/lib/python3.12/site-packages/airflow/example_dags/example_setup_teardown.py
[2025-05-06T14:57:13.968+0000] {logging_mixin.py:190} INFO - [2025-05-06T14:57:13.967+0000] {dag.py:3239} INFO - Sync 1 DAGs
[2025-05-06T14:57:14.005+0000] {logging_mixin.py:190} INFO - [2025-05-06T14:57:14.004+0000] {dag.py:4180} INFO - Setting next_dagrun for example_setup_teardown to None, run_after=None
[2025-05-06T14:57:14.061+0000] {processor.py:208} INFO - Processing /home/airflow/.local/lib/python3.12/site-packages/airflow/example_dags/example_setup_teardown.py took 0.191 seconds
[2025-05-06T14:57:45.093+0000] {processor.py:186} INFO - Started process (PID=16324) to work on /home/airflow/.local/lib/python3.12/site-packages/airflow/example_dags/example_setup_teardown.py
[2025-05-06T14:57:45.095+0000] {processor.py:914} INFO - Processing file /home/airflow/.local/lib/python3.12/site-packages/airflow/example_dags/example_setup_teardown.py for tasks to queue
[2025-05-06T14:57:45.100+0000] {logging_mixin.py:190} INFO - [2025-05-06T14:57:45.099+0000] {dagbag.py:588} INFO - Filling up the DagBag from /home/airflow/.local/lib/python3.12/site-packages/airflow/example_dags/example_setup_teardown.py
[2025-05-06T14:57:45.116+0000] {processor.py:925} INFO - DAG(s) 'example_setup_teardown' retrieved from /home/airflow/.local/lib/python3.12/site-packages/airflow/example_dags/example_setup_teardown.py
[2025-05-06T14:57:45.160+0000] {logging_mixin.py:190} INFO - [2025-05-06T14:57:45.159+0000] {dag.py:3239} INFO - Sync 1 DAGs
[2025-05-06T14:57:45.186+0000] {logging_mixin.py:190} INFO - [2025-05-06T14:57:45.185+0000] {dag.py:4180} INFO - Setting next_dagrun for example_setup_teardown to None, run_after=None
[2025-05-06T14:57:45.240+0000] {processor.py:208} INFO - Processing /home/airflow/.local/lib/python3.12/site-packages/airflow/example_dags/example_setup_teardown.py took 0.158 seconds
[2025-05-06T14:58:15.645+0000] {processor.py:186} INFO - Started process (PID=16415) to work on /home/airflow/.local/lib/python3.12/site-packages/airflow/example_dags/example_setup_teardown.py
[2025-05-06T14:58:15.647+0000] {processor.py:914} INFO - Processing file /home/airflow/.local/lib/python3.12/site-packages/airflow/example_dags/example_setup_teardown.py for tasks to queue
[2025-05-06T14:58:15.653+0000] {logging_mixin.py:190} INFO - [2025-05-06T14:58:15.653+0000] {dagbag.py:588} INFO - Filling up the DagBag from /home/airflow/.local/lib/python3.12/site-packages/airflow/example_dags/example_setup_teardown.py
[2025-05-06T14:58:15.671+0000] {processor.py:925} INFO - DAG(s) 'example_setup_teardown' retrieved from /home/airflow/.local/lib/python3.12/site-packages/airflow/example_dags/example_setup_teardown.py
[2025-05-06T14:58:15.713+0000] {logging_mixin.py:190} INFO - [2025-05-06T14:58:15.712+0000] {dag.py:3239} INFO - Sync 1 DAGs
[2025-05-06T14:58:15.745+0000] {logging_mixin.py:190} INFO - [2025-05-06T14:58:15.745+0000] {dag.py:4180} INFO - Setting next_dagrun for example_setup_teardown to None, run_after=None
[2025-05-06T14:58:15.786+0000] {processor.py:208} INFO - Processing /home/airflow/.local/lib/python3.12/site-packages/airflow/example_dags/example_setup_teardown.py took 0.152 seconds
[2025-05-06T14:58:46.141+0000] {processor.py:186} INFO - Started process (PID=16505) to work on /home/airflow/.local/lib/python3.12/site-packages/airflow/example_dags/example_setup_teardown.py
[2025-05-06T14:58:46.144+0000] {processor.py:914} INFO - Processing file /home/airflow/.local/lib/python3.12/site-packages/airflow/example_dags/example_setup_teardown.py for tasks to queue
[2025-05-06T14:58:46.151+0000] {logging_mixin.py:190} INFO - [2025-05-06T14:58:46.151+0000] {dagbag.py:588} INFO - Filling up the DagBag from /home/airflow/.local/lib/python3.12/site-packages/airflow/example_dags/example_setup_teardown.py
[2025-05-06T14:58:46.172+0000] {processor.py:925} INFO - DAG(s) 'example_setup_teardown' retrieved from /home/airflow/.local/lib/python3.12/site-packages/airflow/example_dags/example_setup_teardown.py
[2025-05-06T14:58:46.210+0000] {logging_mixin.py:190} INFO - [2025-05-06T14:58:46.210+0000] {dag.py:3239} INFO - Sync 1 DAGs
[2025-05-06T14:58:46.239+0000] {logging_mixin.py:190} INFO - [2025-05-06T14:58:46.238+0000] {dag.py:4180} INFO - Setting next_dagrun for example_setup_teardown to None, run_after=None
[2025-05-06T14:58:46.283+0000] {processor.py:208} INFO - Processing /home/airflow/.local/lib/python3.12/site-packages/airflow/example_dags/example_setup_teardown.py took 0.153 seconds
[2025-05-06T14:59:16.787+0000] {processor.py:186} INFO - Started process (PID=16583) to work on /home/airflow/.local/lib/python3.12/site-packages/airflow/example_dags/example_setup_teardown.py
[2025-05-06T14:59:16.789+0000] {processor.py:914} INFO - Processing file /home/airflow/.local/lib/python3.12/site-packages/airflow/example_dags/example_setup_teardown.py for tasks to queue
[2025-05-06T14:59:16.793+0000] {logging_mixin.py:190} INFO - [2025-05-06T14:59:16.792+0000] {dagbag.py:588} INFO - Filling up the DagBag from /home/airflow/.local/lib/python3.12/site-packages/airflow/example_dags/example_setup_teardown.py
[2025-05-06T14:59:16.808+0000] {processor.py:925} INFO - DAG(s) 'example_setup_teardown' retrieved from /home/airflow/.local/lib/python3.12/site-packages/airflow/example_dags/example_setup_teardown.py
[2025-05-06T14:59:16.843+0000] {logging_mixin.py:190} INFO - [2025-05-06T14:59:16.843+0000] {dag.py:3239} INFO - Sync 1 DAGs
[2025-05-06T14:59:16.871+0000] {logging_mixin.py:190} INFO - [2025-05-06T14:59:16.869+0000] {dag.py:4180} INFO - Setting next_dagrun for example_setup_teardown to None, run_after=None
[2025-05-06T14:59:16.928+0000] {processor.py:208} INFO - Processing /home/airflow/.local/lib/python3.12/site-packages/airflow/example_dags/example_setup_teardown.py took 0.154 seconds
[2025-05-06T14:59:47.380+0000] {processor.py:186} INFO - Started process (PID=16674) to work on /home/airflow/.local/lib/python3.12/site-packages/airflow/example_dags/example_setup_teardown.py
[2025-05-06T14:59:47.381+0000] {processor.py:914} INFO - Processing file /home/airflow/.local/lib/python3.12/site-packages/airflow/example_dags/example_setup_teardown.py for tasks to queue
[2025-05-06T14:59:47.386+0000] {logging_mixin.py:190} INFO - [2025-05-06T14:59:47.385+0000] {dagbag.py:588} INFO - Filling up the DagBag from /home/airflow/.local/lib/python3.12/site-packages/airflow/example_dags/example_setup_teardown.py
[2025-05-06T14:59:47.401+0000] {processor.py:925} INFO - DAG(s) 'example_setup_teardown' retrieved from /home/airflow/.local/lib/python3.12/site-packages/airflow/example_dags/example_setup_teardown.py
[2025-05-06T14:59:47.439+0000] {logging_mixin.py:190} INFO - [2025-05-06T14:59:47.438+0000] {dag.py:3239} INFO - Sync 1 DAGs
[2025-05-06T14:59:47.469+0000] {logging_mixin.py:190} INFO - [2025-05-06T14:59:47.468+0000] {dag.py:4180} INFO - Setting next_dagrun for example_setup_teardown to None, run_after=None
[2025-05-06T14:59:47.526+0000] {processor.py:208} INFO - Processing /home/airflow/.local/lib/python3.12/site-packages/airflow/example_dags/example_setup_teardown.py took 0.158 seconds
[2025-05-06T15:00:17.943+0000] {processor.py:186} INFO - Started process (PID=16765) to work on /home/airflow/.local/lib/python3.12/site-packages/airflow/example_dags/example_setup_teardown.py
[2025-05-06T15:00:17.945+0000] {processor.py:914} INFO - Processing file /home/airflow/.local/lib/python3.12/site-packages/airflow/example_dags/example_setup_teardown.py for tasks to queue
[2025-05-06T15:00:17.953+0000] {logging_mixin.py:190} INFO - [2025-05-06T15:00:17.952+0000] {dagbag.py:588} INFO - Filling up the DagBag from /home/airflow/.local/lib/python3.12/site-packages/airflow/example_dags/example_setup_teardown.py
[2025-05-06T15:00:17.971+0000] {processor.py:925} INFO - DAG(s) 'example_setup_teardown' retrieved from /home/airflow/.local/lib/python3.12/site-packages/airflow/example_dags/example_setup_teardown.py
[2025-05-06T15:00:18.013+0000] {logging_mixin.py:190} INFO - [2025-05-06T15:00:18.012+0000] {dag.py:3239} INFO - Sync 1 DAGs
[2025-05-06T15:00:18.040+0000] {logging_mixin.py:190} INFO - [2025-05-06T15:00:18.040+0000] {dag.py:4180} INFO - Setting next_dagrun for example_setup_teardown to None, run_after=None
[2025-05-06T15:00:18.083+0000] {processor.py:208} INFO - Processing /home/airflow/.local/lib/python3.12/site-packages/airflow/example_dags/example_setup_teardown.py took 0.151 seconds
[2025-05-06T15:00:48.840+0000] {processor.py:186} INFO - Started process (PID=16855) to work on /home/airflow/.local/lib/python3.12/site-packages/airflow/example_dags/example_setup_teardown.py
[2025-05-06T15:00:48.844+0000] {processor.py:914} INFO - Processing file /home/airflow/.local/lib/python3.12/site-packages/airflow/example_dags/example_setup_teardown.py for tasks to queue
[2025-05-06T15:00:48.851+0000] {logging_mixin.py:190} INFO - [2025-05-06T15:00:48.850+0000] {dagbag.py:588} INFO - Filling up the DagBag from /home/airflow/.local/lib/python3.12/site-packages/airflow/example_dags/example_setup_teardown.py
[2025-05-06T15:00:48.873+0000] {processor.py:925} INFO - DAG(s) 'example_setup_teardown' retrieved from /home/airflow/.local/lib/python3.12/site-packages/airflow/example_dags/example_setup_teardown.py
[2025-05-06T15:00:48.921+0000] {logging_mixin.py:190} INFO - [2025-05-06T15:00:48.920+0000] {dag.py:3239} INFO - Sync 1 DAGs
[2025-05-06T15:00:48.950+0000] {logging_mixin.py:190} INFO - [2025-05-06T15:00:48.950+0000] {dag.py:4180} INFO - Setting next_dagrun for example_setup_teardown to None, run_after=None
[2025-05-06T15:00:49.014+0000] {processor.py:208} INFO - Processing /home/airflow/.local/lib/python3.12/site-packages/airflow/example_dags/example_setup_teardown.py took 0.187 seconds
[2025-05-06T15:01:19.305+0000] {processor.py:186} INFO - Started process (PID=16932) to work on /home/airflow/.local/lib/python3.12/site-packages/airflow/example_dags/example_setup_teardown.py
[2025-05-06T15:01:19.307+0000] {processor.py:914} INFO - Processing file /home/airflow/.local/lib/python3.12/site-packages/airflow/example_dags/example_setup_teardown.py for tasks to queue
[2025-05-06T15:01:19.311+0000] {logging_mixin.py:190} INFO - [2025-05-06T15:01:19.310+0000] {dagbag.py:588} INFO - Filling up the DagBag from /home/airflow/.local/lib/python3.12/site-packages/airflow/example_dags/example_setup_teardown.py
[2025-05-06T15:01:19.326+0000] {processor.py:925} INFO - DAG(s) 'example_setup_teardown' retrieved from /home/airflow/.local/lib/python3.12/site-packages/airflow/example_dags/example_setup_teardown.py
[2025-05-06T15:01:19.364+0000] {logging_mixin.py:190} INFO - [2025-05-06T15:01:19.364+0000] {dag.py:3239} INFO - Sync 1 DAGs
[2025-05-06T15:01:19.393+0000] {logging_mixin.py:190} INFO - [2025-05-06T15:01:19.393+0000] {dag.py:4180} INFO - Setting next_dagrun for example_setup_teardown to None, run_after=None
[2025-05-06T15:01:19.424+0000] {processor.py:208} INFO - Processing /home/airflow/.local/lib/python3.12/site-packages/airflow/example_dags/example_setup_teardown.py took 0.130 seconds
[2025-05-06T15:01:49.629+0000] {processor.py:186} INFO - Started process (PID=17023) to work on /home/airflow/.local/lib/python3.12/site-packages/airflow/example_dags/example_setup_teardown.py
[2025-05-06T15:01:49.631+0000] {processor.py:914} INFO - Processing file /home/airflow/.local/lib/python3.12/site-packages/airflow/example_dags/example_setup_teardown.py for tasks to queue
[2025-05-06T15:01:49.636+0000] {logging_mixin.py:190} INFO - [2025-05-06T15:01:49.635+0000] {dagbag.py:588} INFO - Filling up the DagBag from /home/airflow/.local/lib/python3.12/site-packages/airflow/example_dags/example_setup_teardown.py
[2025-05-06T15:01:49.651+0000] {processor.py:925} INFO - DAG(s) 'example_setup_teardown' retrieved from /home/airflow/.local/lib/python3.12/site-packages/airflow/example_dags/example_setup_teardown.py
[2025-05-06T15:01:49.692+0000] {logging_mixin.py:190} INFO - [2025-05-06T15:01:49.691+0000] {dag.py:3239} INFO - Sync 1 DAGs
[2025-05-06T15:01:49.719+0000] {logging_mixin.py:190} INFO - [2025-05-06T15:01:49.719+0000] {dag.py:4180} INFO - Setting next_dagrun for example_setup_teardown to None, run_after=None
[2025-05-06T15:01:49.772+0000] {processor.py:208} INFO - Processing /home/airflow/.local/lib/python3.12/site-packages/airflow/example_dags/example_setup_teardown.py took 0.153 seconds
[2025-05-06T15:02:19.886+0000] {processor.py:186} INFO - Started process (PID=17114) to work on /home/airflow/.local/lib/python3.12/site-packages/airflow/example_dags/example_setup_teardown.py
[2025-05-06T15:02:19.888+0000] {processor.py:914} INFO - Processing file /home/airflow/.local/lib/python3.12/site-packages/airflow/example_dags/example_setup_teardown.py for tasks to queue
[2025-05-06T15:02:19.893+0000] {logging_mixin.py:190} INFO - [2025-05-06T15:02:19.893+0000] {dagbag.py:588} INFO - Filling up the DagBag from /home/airflow/.local/lib/python3.12/site-packages/airflow/example_dags/example_setup_teardown.py
[2025-05-06T15:02:19.911+0000] {processor.py:925} INFO - DAG(s) 'example_setup_teardown' retrieved from /home/airflow/.local/lib/python3.12/site-packages/airflow/example_dags/example_setup_teardown.py
[2025-05-06T15:02:19.950+0000] {logging_mixin.py:190} INFO - [2025-05-06T15:02:19.950+0000] {dag.py:3239} INFO - Sync 1 DAGs
[2025-05-06T15:02:19.978+0000] {logging_mixin.py:190} INFO - [2025-05-06T15:02:19.978+0000] {dag.py:4180} INFO - Setting next_dagrun for example_setup_teardown to None, run_after=None
[2025-05-06T15:02:20.030+0000] {processor.py:208} INFO - Processing /home/airflow/.local/lib/python3.12/site-packages/airflow/example_dags/example_setup_teardown.py took 0.155 seconds
[2025-05-06T15:02:50.889+0000] {processor.py:186} INFO - Started process (PID=17205) to work on /home/airflow/.local/lib/python3.12/site-packages/airflow/example_dags/example_setup_teardown.py
[2025-05-06T15:02:50.896+0000] {processor.py:914} INFO - Processing file /home/airflow/.local/lib/python3.12/site-packages/airflow/example_dags/example_setup_teardown.py for tasks to queue
[2025-05-06T15:02:50.902+0000] {logging_mixin.py:190} INFO - [2025-05-06T15:02:50.902+0000] {dagbag.py:588} INFO - Filling up the DagBag from /home/airflow/.local/lib/python3.12/site-packages/airflow/example_dags/example_setup_teardown.py
[2025-05-06T15:02:50.924+0000] {processor.py:925} INFO - DAG(s) 'example_setup_teardown' retrieved from /home/airflow/.local/lib/python3.12/site-packages/airflow/example_dags/example_setup_teardown.py
[2025-05-06T15:02:50.959+0000] {logging_mixin.py:190} INFO - [2025-05-06T15:02:50.959+0000] {dag.py:3239} INFO - Sync 1 DAGs
[2025-05-06T15:02:50.990+0000] {logging_mixin.py:190} INFO - [2025-05-06T15:02:50.989+0000] {dag.py:4180} INFO - Setting next_dagrun for example_setup_teardown to None, run_after=None
[2025-05-06T15:02:51.045+0000] {processor.py:208} INFO - Processing /home/airflow/.local/lib/python3.12/site-packages/airflow/example_dags/example_setup_teardown.py took 0.167 seconds
[2025-05-06T15:03:22.077+0000] {processor.py:186} INFO - Started process (PID=17296) to work on /home/airflow/.local/lib/python3.12/site-packages/airflow/example_dags/example_setup_teardown.py
[2025-05-06T15:03:22.079+0000] {processor.py:914} INFO - Processing file /home/airflow/.local/lib/python3.12/site-packages/airflow/example_dags/example_setup_teardown.py for tasks to queue
[2025-05-06T15:03:22.084+0000] {logging_mixin.py:190} INFO - [2025-05-06T15:03:22.083+0000] {dagbag.py:588} INFO - Filling up the DagBag from /home/airflow/.local/lib/python3.12/site-packages/airflow/example_dags/example_setup_teardown.py
[2025-05-06T15:03:22.100+0000] {processor.py:925} INFO - DAG(s) 'example_setup_teardown' retrieved from /home/airflow/.local/lib/python3.12/site-packages/airflow/example_dags/example_setup_teardown.py
[2025-05-06T15:03:22.146+0000] {logging_mixin.py:190} INFO - [2025-05-06T15:03:22.146+0000] {dag.py:3239} INFO - Sync 1 DAGs
[2025-05-06T15:03:22.178+0000] {logging_mixin.py:190} INFO - [2025-05-06T15:03:22.177+0000] {dag.py:4180} INFO - Setting next_dagrun for example_setup_teardown to None, run_after=None
[2025-05-06T15:03:22.231+0000] {processor.py:208} INFO - Processing /home/airflow/.local/lib/python3.12/site-packages/airflow/example_dags/example_setup_teardown.py took 0.165 seconds
[2025-05-06T15:03:53.206+0000] {processor.py:186} INFO - Started process (PID=17387) to work on /home/airflow/.local/lib/python3.12/site-packages/airflow/example_dags/example_setup_teardown.py
[2025-05-06T15:03:53.209+0000] {processor.py:914} INFO - Processing file /home/airflow/.local/lib/python3.12/site-packages/airflow/example_dags/example_setup_teardown.py for tasks to queue
[2025-05-06T15:03:53.214+0000] {logging_mixin.py:190} INFO - [2025-05-06T15:03:53.214+0000] {dagbag.py:588} INFO - Filling up the DagBag from /home/airflow/.local/lib/python3.12/site-packages/airflow/example_dags/example_setup_teardown.py
[2025-05-06T15:03:53.230+0000] {processor.py:925} INFO - DAG(s) 'example_setup_teardown' retrieved from /home/airflow/.local/lib/python3.12/site-packages/airflow/example_dags/example_setup_teardown.py
[2025-05-06T15:03:53.266+0000] {logging_mixin.py:190} INFO - [2025-05-06T15:03:53.265+0000] {dag.py:3239} INFO - Sync 1 DAGs
[2025-05-06T15:03:53.295+0000] {logging_mixin.py:190} INFO - [2025-05-06T15:03:53.294+0000] {dag.py:4180} INFO - Setting next_dagrun for example_setup_teardown to None, run_after=None
[2025-05-06T15:03:53.345+0000] {processor.py:208} INFO - Processing /home/airflow/.local/lib/python3.12/site-packages/airflow/example_dags/example_setup_teardown.py took 0.149 seconds
[2025-05-06T15:04:23.828+0000] {processor.py:186} INFO - Started process (PID=17477) to work on /home/airflow/.local/lib/python3.12/site-packages/airflow/example_dags/example_setup_teardown.py
[2025-05-06T15:04:23.830+0000] {processor.py:914} INFO - Processing file /home/airflow/.local/lib/python3.12/site-packages/airflow/example_dags/example_setup_teardown.py for tasks to queue
[2025-05-06T15:04:23.835+0000] {logging_mixin.py:190} INFO - [2025-05-06T15:04:23.834+0000] {dagbag.py:588} INFO - Filling up the DagBag from /home/airflow/.local/lib/python3.12/site-packages/airflow/example_dags/example_setup_teardown.py
[2025-05-06T15:04:23.851+0000] {processor.py:925} INFO - DAG(s) 'example_setup_teardown' retrieved from /home/airflow/.local/lib/python3.12/site-packages/airflow/example_dags/example_setup_teardown.py
[2025-05-06T15:04:23.894+0000] {logging_mixin.py:190} INFO - [2025-05-06T15:04:23.894+0000] {dag.py:3239} INFO - Sync 1 DAGs
[2025-05-06T15:04:23.926+0000] {logging_mixin.py:190} INFO - [2025-05-06T15:04:23.925+0000] {dag.py:4180} INFO - Setting next_dagrun for example_setup_teardown to None, run_after=None
[2025-05-06T15:04:23.963+0000] {processor.py:208} INFO - Processing /home/airflow/.local/lib/python3.12/site-packages/airflow/example_dags/example_setup_teardown.py took 0.145 seconds
[2025-05-06T15:04:55.569+0000] {processor.py:186} INFO - Started process (PID=17568) to work on /home/airflow/.local/lib/python3.12/site-packages/airflow/example_dags/example_setup_teardown.py
[2025-05-06T15:04:55.572+0000] {processor.py:914} INFO - Processing file /home/airflow/.local/lib/python3.12/site-packages/airflow/example_dags/example_setup_teardown.py for tasks to queue
[2025-05-06T15:04:55.578+0000] {logging_mixin.py:190} INFO - [2025-05-06T15:04:55.577+0000] {dagbag.py:588} INFO - Filling up the DagBag from /home/airflow/.local/lib/python3.12/site-packages/airflow/example_dags/example_setup_teardown.py
[2025-05-06T15:04:55.594+0000] {processor.py:925} INFO - DAG(s) 'example_setup_teardown' retrieved from /home/airflow/.local/lib/python3.12/site-packages/airflow/example_dags/example_setup_teardown.py
[2025-05-06T15:04:55.632+0000] {logging_mixin.py:190} INFO - [2025-05-06T15:04:55.631+0000] {dag.py:3239} INFO - Sync 1 DAGs
[2025-05-06T15:04:55.660+0000] {logging_mixin.py:190} INFO - [2025-05-06T15:04:55.659+0000] {dag.py:4180} INFO - Setting next_dagrun for example_setup_teardown to None, run_after=None
[2025-05-06T15:04:55.696+0000] {processor.py:208} INFO - Processing /home/airflow/.local/lib/python3.12/site-packages/airflow/example_dags/example_setup_teardown.py took 0.141 seconds
[2025-05-06T15:05:26.359+0000] {processor.py:186} INFO - Started process (PID=17645) to work on /home/airflow/.local/lib/python3.12/site-packages/airflow/example_dags/example_setup_teardown.py
[2025-05-06T15:05:26.362+0000] {processor.py:914} INFO - Processing file /home/airflow/.local/lib/python3.12/site-packages/airflow/example_dags/example_setup_teardown.py for tasks to queue
[2025-05-06T15:05:26.366+0000] {logging_mixin.py:190} INFO - [2025-05-06T15:05:26.365+0000] {dagbag.py:588} INFO - Filling up the DagBag from /home/airflow/.local/lib/python3.12/site-packages/airflow/example_dags/example_setup_teardown.py
[2025-05-06T15:05:26.382+0000] {processor.py:925} INFO - DAG(s) 'example_setup_teardown' retrieved from /home/airflow/.local/lib/python3.12/site-packages/airflow/example_dags/example_setup_teardown.py
[2025-05-06T15:05:26.421+0000] {logging_mixin.py:190} INFO - [2025-05-06T15:05:26.420+0000] {dag.py:3239} INFO - Sync 1 DAGs
[2025-05-06T15:05:26.447+0000] {logging_mixin.py:190} INFO - [2025-05-06T15:05:26.447+0000] {dag.py:4180} INFO - Setting next_dagrun for example_setup_teardown to None, run_after=None
[2025-05-06T15:05:26.502+0000] {processor.py:208} INFO - Processing /home/airflow/.local/lib/python3.12/site-packages/airflow/example_dags/example_setup_teardown.py took 0.156 seconds
[2025-05-06T15:05:57.205+0000] {processor.py:186} INFO - Started process (PID=17735) to work on /home/airflow/.local/lib/python3.12/site-packages/airflow/example_dags/example_setup_teardown.py
[2025-05-06T15:05:57.208+0000] {processor.py:914} INFO - Processing file /home/airflow/.local/lib/python3.12/site-packages/airflow/example_dags/example_setup_teardown.py for tasks to queue
[2025-05-06T15:05:57.214+0000] {logging_mixin.py:190} INFO - [2025-05-06T15:05:57.213+0000] {dagbag.py:588} INFO - Filling up the DagBag from /home/airflow/.local/lib/python3.12/site-packages/airflow/example_dags/example_setup_teardown.py
[2025-05-06T15:05:57.230+0000] {processor.py:925} INFO - DAG(s) 'example_setup_teardown' retrieved from /home/airflow/.local/lib/python3.12/site-packages/airflow/example_dags/example_setup_teardown.py
[2025-05-06T15:05:57.277+0000] {logging_mixin.py:190} INFO - [2025-05-06T15:05:57.276+0000] {dag.py:3239} INFO - Sync 1 DAGs
[2025-05-06T15:05:57.309+0000] {logging_mixin.py:190} INFO - [2025-05-06T15:05:57.307+0000] {dag.py:4180} INFO - Setting next_dagrun for example_setup_teardown to None, run_after=None
[2025-05-06T15:05:57.359+0000] {processor.py:208} INFO - Processing /home/airflow/.local/lib/python3.12/site-packages/airflow/example_dags/example_setup_teardown.py took 0.165 seconds
[2025-05-06T15:06:28.098+0000] {processor.py:186} INFO - Started process (PID=17832) to work on /home/airflow/.local/lib/python3.12/site-packages/airflow/example_dags/example_setup_teardown.py
[2025-05-06T15:06:28.101+0000] {processor.py:914} INFO - Processing file /home/airflow/.local/lib/python3.12/site-packages/airflow/example_dags/example_setup_teardown.py for tasks to queue
[2025-05-06T15:06:28.107+0000] {logging_mixin.py:190} INFO - [2025-05-06T15:06:28.106+0000] {dagbag.py:588} INFO - Filling up the DagBag from /home/airflow/.local/lib/python3.12/site-packages/airflow/example_dags/example_setup_teardown.py
[2025-05-06T15:06:28.125+0000] {processor.py:925} INFO - DAG(s) 'example_setup_teardown' retrieved from /home/airflow/.local/lib/python3.12/site-packages/airflow/example_dags/example_setup_teardown.py
[2025-05-06T15:06:28.164+0000] {logging_mixin.py:190} INFO - [2025-05-06T15:06:28.163+0000] {dag.py:3239} INFO - Sync 1 DAGs
[2025-05-06T15:06:28.190+0000] {logging_mixin.py:190} INFO - [2025-05-06T15:06:28.189+0000] {dag.py:4180} INFO - Setting next_dagrun for example_setup_teardown to None, run_after=None
[2025-05-06T15:06:28.252+0000] {processor.py:208} INFO - Processing /home/airflow/.local/lib/python3.12/site-packages/airflow/example_dags/example_setup_teardown.py took 0.165 seconds
[2025-05-06T15:06:58.673+0000] {processor.py:186} INFO - Started process (PID=17923) to work on /home/airflow/.local/lib/python3.12/site-packages/airflow/example_dags/example_setup_teardown.py
[2025-05-06T15:06:58.677+0000] {processor.py:914} INFO - Processing file /home/airflow/.local/lib/python3.12/site-packages/airflow/example_dags/example_setup_teardown.py for tasks to queue
[2025-05-06T15:06:58.683+0000] {logging_mixin.py:190} INFO - [2025-05-06T15:06:58.682+0000] {dagbag.py:588} INFO - Filling up the DagBag from /home/airflow/.local/lib/python3.12/site-packages/airflow/example_dags/example_setup_teardown.py
[2025-05-06T15:06:58.705+0000] {processor.py:925} INFO - DAG(s) 'example_setup_teardown' retrieved from /home/airflow/.local/lib/python3.12/site-packages/airflow/example_dags/example_setup_teardown.py
[2025-05-06T15:06:58.749+0000] {logging_mixin.py:190} INFO - [2025-05-06T15:06:58.749+0000] {dag.py:3239} INFO - Sync 1 DAGs
[2025-05-06T15:06:58.778+0000] {logging_mixin.py:190} INFO - [2025-05-06T15:06:58.777+0000] {dag.py:4180} INFO - Setting next_dagrun for example_setup_teardown to None, run_after=None
[2025-05-06T15:06:58.846+0000] {processor.py:208} INFO - Processing /home/airflow/.local/lib/python3.12/site-packages/airflow/example_dags/example_setup_teardown.py took 0.187 seconds
[2025-05-06T15:07:29.213+0000] {processor.py:186} INFO - Started process (PID=18014) to work on /home/airflow/.local/lib/python3.12/site-packages/airflow/example_dags/example_setup_teardown.py
[2025-05-06T15:07:29.217+0000] {processor.py:914} INFO - Processing file /home/airflow/.local/lib/python3.12/site-packages/airflow/example_dags/example_setup_teardown.py for tasks to queue
[2025-05-06T15:07:29.222+0000] {logging_mixin.py:190} INFO - [2025-05-06T15:07:29.222+0000] {dagbag.py:588} INFO - Filling up the DagBag from /home/airflow/.local/lib/python3.12/site-packages/airflow/example_dags/example_setup_teardown.py
[2025-05-06T15:07:29.239+0000] {processor.py:925} INFO - DAG(s) 'example_setup_teardown' retrieved from /home/airflow/.local/lib/python3.12/site-packages/airflow/example_dags/example_setup_teardown.py
[2025-05-06T15:07:29.274+0000] {logging_mixin.py:190} INFO - [2025-05-06T15:07:29.274+0000] {dag.py:3239} INFO - Sync 1 DAGs
[2025-05-06T15:07:29.298+0000] {logging_mixin.py:190} INFO - [2025-05-06T15:07:29.298+0000] {dag.py:4180} INFO - Setting next_dagrun for example_setup_teardown to None, run_after=None
[2025-05-06T15:07:29.355+0000] {processor.py:208} INFO - Processing /home/airflow/.local/lib/python3.12/site-packages/airflow/example_dags/example_setup_teardown.py took 0.160 seconds
[2025-05-06T15:07:59.711+0000] {processor.py:186} INFO - Started process (PID=18091) to work on /home/airflow/.local/lib/python3.12/site-packages/airflow/example_dags/example_setup_teardown.py
[2025-05-06T15:07:59.712+0000] {processor.py:914} INFO - Processing file /home/airflow/.local/lib/python3.12/site-packages/airflow/example_dags/example_setup_teardown.py for tasks to queue
[2025-05-06T15:07:59.717+0000] {logging_mixin.py:190} INFO - [2025-05-06T15:07:59.716+0000] {dagbag.py:588} INFO - Filling up the DagBag from /home/airflow/.local/lib/python3.12/site-packages/airflow/example_dags/example_setup_teardown.py
[2025-05-06T15:07:59.733+0000] {processor.py:925} INFO - DAG(s) 'example_setup_teardown' retrieved from /home/airflow/.local/lib/python3.12/site-packages/airflow/example_dags/example_setup_teardown.py
[2025-05-06T15:07:59.772+0000] {logging_mixin.py:190} INFO - [2025-05-06T15:07:59.772+0000] {dag.py:3239} INFO - Sync 1 DAGs
[2025-05-06T15:07:59.798+0000] {logging_mixin.py:190} INFO - [2025-05-06T15:07:59.797+0000] {dag.py:4180} INFO - Setting next_dagrun for example_setup_teardown to None, run_after=None
[2025-05-06T15:07:59.848+0000] {processor.py:208} INFO - Processing /home/airflow/.local/lib/python3.12/site-packages/airflow/example_dags/example_setup_teardown.py took 0.149 seconds
[2025-05-06T15:08:30.313+0000] {processor.py:186} INFO - Started process (PID=18182) to work on /home/airflow/.local/lib/python3.12/site-packages/airflow/example_dags/example_setup_teardown.py
[2025-05-06T15:08:30.315+0000] {processor.py:914} INFO - Processing file /home/airflow/.local/lib/python3.12/site-packages/airflow/example_dags/example_setup_teardown.py for tasks to queue
[2025-05-06T15:08:30.321+0000] {logging_mixin.py:190} INFO - [2025-05-06T15:08:30.320+0000] {dagbag.py:588} INFO - Filling up the DagBag from /home/airflow/.local/lib/python3.12/site-packages/airflow/example_dags/example_setup_teardown.py
[2025-05-06T15:08:30.338+0000] {processor.py:925} INFO - DAG(s) 'example_setup_teardown' retrieved from /home/airflow/.local/lib/python3.12/site-packages/airflow/example_dags/example_setup_teardown.py
[2025-05-06T15:08:30.381+0000] {logging_mixin.py:190} INFO - [2025-05-06T15:08:30.380+0000] {dag.py:3239} INFO - Sync 1 DAGs
[2025-05-06T15:08:30.409+0000] {logging_mixin.py:190} INFO - [2025-05-06T15:08:30.408+0000] {dag.py:4180} INFO - Setting next_dagrun for example_setup_teardown to None, run_after=None
[2025-05-06T15:08:30.454+0000] {processor.py:208} INFO - Processing /home/airflow/.local/lib/python3.12/site-packages/airflow/example_dags/example_setup_teardown.py took 0.156 seconds
[2025-05-06T15:09:01.205+0000] {processor.py:186} INFO - Started process (PID=18273) to work on /home/airflow/.local/lib/python3.12/site-packages/airflow/example_dags/example_setup_teardown.py
[2025-05-06T15:09:01.207+0000] {processor.py:914} INFO - Processing file /home/airflow/.local/lib/python3.12/site-packages/airflow/example_dags/example_setup_teardown.py for tasks to queue
[2025-05-06T15:09:01.211+0000] {logging_mixin.py:190} INFO - [2025-05-06T15:09:01.211+0000] {dagbag.py:588} INFO - Filling up the DagBag from /home/airflow/.local/lib/python3.12/site-packages/airflow/example_dags/example_setup_teardown.py
[2025-05-06T15:09:01.231+0000] {processor.py:925} INFO - DAG(s) 'example_setup_teardown' retrieved from /home/airflow/.local/lib/python3.12/site-packages/airflow/example_dags/example_setup_teardown.py
[2025-05-06T15:09:01.268+0000] {logging_mixin.py:190} INFO - [2025-05-06T15:09:01.268+0000] {dag.py:3239} INFO - Sync 1 DAGs
[2025-05-06T15:09:01.298+0000] {logging_mixin.py:190} INFO - [2025-05-06T15:09:01.297+0000] {dag.py:4180} INFO - Setting next_dagrun for example_setup_teardown to None, run_after=None
[2025-05-06T15:09:01.358+0000] {processor.py:208} INFO - Processing /home/airflow/.local/lib/python3.12/site-packages/airflow/example_dags/example_setup_teardown.py took 0.165 seconds
[2025-05-06T15:09:31.638+0000] {processor.py:186} INFO - Started process (PID=18364) to work on /home/airflow/.local/lib/python3.12/site-packages/airflow/example_dags/example_setup_teardown.py
[2025-05-06T15:09:31.640+0000] {processor.py:914} INFO - Processing file /home/airflow/.local/lib/python3.12/site-packages/airflow/example_dags/example_setup_teardown.py for tasks to queue
[2025-05-06T15:09:31.645+0000] {logging_mixin.py:190} INFO - [2025-05-06T15:09:31.644+0000] {dagbag.py:588} INFO - Filling up the DagBag from /home/airflow/.local/lib/python3.12/site-packages/airflow/example_dags/example_setup_teardown.py
[2025-05-06T15:09:31.663+0000] {processor.py:925} INFO - DAG(s) 'example_setup_teardown' retrieved from /home/airflow/.local/lib/python3.12/site-packages/airflow/example_dags/example_setup_teardown.py
[2025-05-06T15:09:31.705+0000] {logging_mixin.py:190} INFO - [2025-05-06T15:09:31.704+0000] {dag.py:3239} INFO - Sync 1 DAGs
[2025-05-06T15:09:31.735+0000] {logging_mixin.py:190} INFO - [2025-05-06T15:09:31.735+0000] {dag.py:4180} INFO - Setting next_dagrun for example_setup_teardown to None, run_after=None
[2025-05-06T15:09:31.792+0000] {processor.py:208} INFO - Processing /home/airflow/.local/lib/python3.12/site-packages/airflow/example_dags/example_setup_teardown.py took 0.168 seconds
[2025-05-06T15:10:02.194+0000] {processor.py:186} INFO - Started process (PID=18455) to work on /home/airflow/.local/lib/python3.12/site-packages/airflow/example_dags/example_setup_teardown.py
[2025-05-06T15:10:02.197+0000] {processor.py:914} INFO - Processing file /home/airflow/.local/lib/python3.12/site-packages/airflow/example_dags/example_setup_teardown.py for tasks to queue
[2025-05-06T15:10:02.201+0000] {logging_mixin.py:190} INFO - [2025-05-06T15:10:02.201+0000] {dagbag.py:588} INFO - Filling up the DagBag from /home/airflow/.local/lib/python3.12/site-packages/airflow/example_dags/example_setup_teardown.py
[2025-05-06T15:10:02.218+0000] {processor.py:925} INFO - DAG(s) 'example_setup_teardown' retrieved from /home/airflow/.local/lib/python3.12/site-packages/airflow/example_dags/example_setup_teardown.py
[2025-05-06T15:10:02.257+0000] {logging_mixin.py:190} INFO - [2025-05-06T15:10:02.257+0000] {dag.py:3239} INFO - Sync 1 DAGs
[2025-05-06T15:10:02.286+0000] {logging_mixin.py:190} INFO - [2025-05-06T15:10:02.285+0000] {dag.py:4180} INFO - Setting next_dagrun for example_setup_teardown to None, run_after=None
[2025-05-06T15:10:02.320+0000] {processor.py:208} INFO - Processing /home/airflow/.local/lib/python3.12/site-packages/airflow/example_dags/example_setup_teardown.py took 0.138 seconds
[2025-05-06T15:10:33.496+0000] {processor.py:186} INFO - Started process (PID=18546) to work on /home/airflow/.local/lib/python3.12/site-packages/airflow/example_dags/example_setup_teardown.py
[2025-05-06T15:10:33.499+0000] {processor.py:914} INFO - Processing file /home/airflow/.local/lib/python3.12/site-packages/airflow/example_dags/example_setup_teardown.py for tasks to queue
[2025-05-06T15:10:33.504+0000] {logging_mixin.py:190} INFO - [2025-05-06T15:10:33.504+0000] {dagbag.py:588} INFO - Filling up the DagBag from /home/airflow/.local/lib/python3.12/site-packages/airflow/example_dags/example_setup_teardown.py
[2025-05-06T15:10:33.520+0000] {processor.py:925} INFO - DAG(s) 'example_setup_teardown' retrieved from /home/airflow/.local/lib/python3.12/site-packages/airflow/example_dags/example_setup_teardown.py
[2025-05-06T15:10:33.560+0000] {logging_mixin.py:190} INFO - [2025-05-06T15:10:33.559+0000] {dag.py:3239} INFO - Sync 1 DAGs
[2025-05-06T15:10:33.590+0000] {logging_mixin.py:190} INFO - [2025-05-06T15:10:33.589+0000] {dag.py:4180} INFO - Setting next_dagrun for example_setup_teardown to None, run_after=None
[2025-05-06T15:10:33.647+0000] {processor.py:208} INFO - Processing /home/airflow/.local/lib/python3.12/site-packages/airflow/example_dags/example_setup_teardown.py took 0.161 seconds
[2025-05-06T15:11:05.387+0000] {processor.py:186} INFO - Started process (PID=18637) to work on /home/airflow/.local/lib/python3.12/site-packages/airflow/example_dags/example_setup_teardown.py
[2025-05-06T15:11:05.389+0000] {processor.py:914} INFO - Processing file /home/airflow/.local/lib/python3.12/site-packages/airflow/example_dags/example_setup_teardown.py for tasks to queue
[2025-05-06T15:11:05.394+0000] {logging_mixin.py:190} INFO - [2025-05-06T15:11:05.393+0000] {dagbag.py:588} INFO - Filling up the DagBag from /home/airflow/.local/lib/python3.12/site-packages/airflow/example_dags/example_setup_teardown.py
[2025-05-06T15:11:05.409+0000] {processor.py:925} INFO - DAG(s) 'example_setup_teardown' retrieved from /home/airflow/.local/lib/python3.12/site-packages/airflow/example_dags/example_setup_teardown.py
[2025-05-06T15:11:05.448+0000] {logging_mixin.py:190} INFO - [2025-05-06T15:11:05.448+0000] {dag.py:3239} INFO - Sync 1 DAGs
[2025-05-06T15:11:05.475+0000] {logging_mixin.py:190} INFO - [2025-05-06T15:11:05.474+0000] {dag.py:4180} INFO - Setting next_dagrun for example_setup_teardown to None, run_after=None
[2025-05-06T15:11:05.529+0000] {processor.py:208} INFO - Processing /home/airflow/.local/lib/python3.12/site-packages/airflow/example_dags/example_setup_teardown.py took 0.154 seconds
[2025-05-06T15:11:35.979+0000] {processor.py:186} INFO - Started process (PID=18714) to work on /home/airflow/.local/lib/python3.12/site-packages/airflow/example_dags/example_setup_teardown.py
[2025-05-06T15:11:35.981+0000] {processor.py:914} INFO - Processing file /home/airflow/.local/lib/python3.12/site-packages/airflow/example_dags/example_setup_teardown.py for tasks to queue
[2025-05-06T15:11:35.988+0000] {logging_mixin.py:190} INFO - [2025-05-06T15:11:35.987+0000] {dagbag.py:588} INFO - Filling up the DagBag from /home/airflow/.local/lib/python3.12/site-packages/airflow/example_dags/example_setup_teardown.py
[2025-05-06T15:11:36.003+0000] {processor.py:925} INFO - DAG(s) 'example_setup_teardown' retrieved from /home/airflow/.local/lib/python3.12/site-packages/airflow/example_dags/example_setup_teardown.py
[2025-05-06T15:11:36.038+0000] {logging_mixin.py:190} INFO - [2025-05-06T15:11:36.038+0000] {dag.py:3239} INFO - Sync 1 DAGs
[2025-05-06T15:11:36.066+0000] {logging_mixin.py:190} INFO - [2025-05-06T15:11:36.066+0000] {dag.py:4180} INFO - Setting next_dagrun for example_setup_teardown to None, run_after=None
[2025-05-06T15:11:36.106+0000] {processor.py:208} INFO - Processing /home/airflow/.local/lib/python3.12/site-packages/airflow/example_dags/example_setup_teardown.py took 0.145 seconds
[2025-05-06T15:12:06.257+0000] {processor.py:186} INFO - Started process (PID=18803) to work on /home/airflow/.local/lib/python3.12/site-packages/airflow/example_dags/example_setup_teardown.py
[2025-05-06T15:12:06.259+0000] {processor.py:914} INFO - Processing file /home/airflow/.local/lib/python3.12/site-packages/airflow/example_dags/example_setup_teardown.py for tasks to queue
[2025-05-06T15:12:06.264+0000] {logging_mixin.py:190} INFO - [2025-05-06T15:12:06.264+0000] {dagbag.py:588} INFO - Filling up the DagBag from /home/airflow/.local/lib/python3.12/site-packages/airflow/example_dags/example_setup_teardown.py
[2025-05-06T15:12:06.285+0000] {processor.py:925} INFO - DAG(s) 'example_setup_teardown' retrieved from /home/airflow/.local/lib/python3.12/site-packages/airflow/example_dags/example_setup_teardown.py
[2025-05-06T15:12:06.328+0000] {logging_mixin.py:190} INFO - [2025-05-06T15:12:06.328+0000] {dag.py:3239} INFO - Sync 1 DAGs
[2025-05-06T15:12:06.354+0000] {logging_mixin.py:190} INFO - [2025-05-06T15:12:06.353+0000] {dag.py:4180} INFO - Setting next_dagrun for example_setup_teardown to None, run_after=None
[2025-05-06T15:12:06.411+0000] {processor.py:208} INFO - Processing /home/airflow/.local/lib/python3.12/site-packages/airflow/example_dags/example_setup_teardown.py took 0.165 seconds
[2025-05-06T15:12:37.411+0000] {processor.py:186} INFO - Started process (PID=18894) to work on /home/airflow/.local/lib/python3.12/site-packages/airflow/example_dags/example_setup_teardown.py
[2025-05-06T15:12:37.414+0000] {processor.py:914} INFO - Processing file /home/airflow/.local/lib/python3.12/site-packages/airflow/example_dags/example_setup_teardown.py for tasks to queue
[2025-05-06T15:12:37.418+0000] {logging_mixin.py:190} INFO - [2025-05-06T15:12:37.418+0000] {dagbag.py:588} INFO - Filling up the DagBag from /home/airflow/.local/lib/python3.12/site-packages/airflow/example_dags/example_setup_teardown.py
[2025-05-06T15:12:37.435+0000] {processor.py:925} INFO - DAG(s) 'example_setup_teardown' retrieved from /home/airflow/.local/lib/python3.12/site-packages/airflow/example_dags/example_setup_teardown.py
[2025-05-06T15:12:37.476+0000] {logging_mixin.py:190} INFO - [2025-05-06T15:12:37.475+0000] {dag.py:3239} INFO - Sync 1 DAGs
[2025-05-06T15:12:37.508+0000] {logging_mixin.py:190} INFO - [2025-05-06T15:12:37.508+0000] {dag.py:4180} INFO - Setting next_dagrun for example_setup_teardown to None, run_after=None
[2025-05-06T15:12:37.554+0000] {processor.py:208} INFO - Processing /home/airflow/.local/lib/python3.12/site-packages/airflow/example_dags/example_setup_teardown.py took 0.155 seconds
[2025-05-06T15:13:07.787+0000] {processor.py:186} INFO - Started process (PID=18985) to work on /home/airflow/.local/lib/python3.12/site-packages/airflow/example_dags/example_setup_teardown.py
[2025-05-06T15:13:07.790+0000] {processor.py:914} INFO - Processing file /home/airflow/.local/lib/python3.12/site-packages/airflow/example_dags/example_setup_teardown.py for tasks to queue
[2025-05-06T15:13:07.794+0000] {logging_mixin.py:190} INFO - [2025-05-06T15:13:07.793+0000] {dagbag.py:588} INFO - Filling up the DagBag from /home/airflow/.local/lib/python3.12/site-packages/airflow/example_dags/example_setup_teardown.py
[2025-05-06T15:13:07.807+0000] {processor.py:925} INFO - DAG(s) 'example_setup_teardown' retrieved from /home/airflow/.local/lib/python3.12/site-packages/airflow/example_dags/example_setup_teardown.py
[2025-05-06T15:13:07.847+0000] {logging_mixin.py:190} INFO - [2025-05-06T15:13:07.846+0000] {dag.py:3239} INFO - Sync 1 DAGs
[2025-05-06T15:13:07.880+0000] {logging_mixin.py:190} INFO - [2025-05-06T15:13:07.880+0000] {dag.py:4180} INFO - Setting next_dagrun for example_setup_teardown to None, run_after=None
[2025-05-06T15:13:07.918+0000] {processor.py:208} INFO - Processing /home/airflow/.local/lib/python3.12/site-packages/airflow/example_dags/example_setup_teardown.py took 0.141 seconds
[2025-05-06T15:13:38.368+0000] {processor.py:186} INFO - Started process (PID=19075) to work on /home/airflow/.local/lib/python3.12/site-packages/airflow/example_dags/example_setup_teardown.py
[2025-05-06T15:13:38.371+0000] {processor.py:914} INFO - Processing file /home/airflow/.local/lib/python3.12/site-packages/airflow/example_dags/example_setup_teardown.py for tasks to queue
[2025-05-06T15:13:38.376+0000] {logging_mixin.py:190} INFO - [2025-05-06T15:13:38.375+0000] {dagbag.py:588} INFO - Filling up the DagBag from /home/airflow/.local/lib/python3.12/site-packages/airflow/example_dags/example_setup_teardown.py
[2025-05-06T15:13:38.391+0000] {processor.py:925} INFO - DAG(s) 'example_setup_teardown' retrieved from /home/airflow/.local/lib/python3.12/site-packages/airflow/example_dags/example_setup_teardown.py
[2025-05-06T15:13:38.431+0000] {logging_mixin.py:190} INFO - [2025-05-06T15:13:38.431+0000] {dag.py:3239} INFO - Sync 1 DAGs
[2025-05-06T15:13:38.460+0000] {logging_mixin.py:190} INFO - [2025-05-06T15:13:38.459+0000] {dag.py:4180} INFO - Setting next_dagrun for example_setup_teardown to None, run_after=None
[2025-05-06T15:13:38.513+0000] {processor.py:208} INFO - Processing /home/airflow/.local/lib/python3.12/site-packages/airflow/example_dags/example_setup_teardown.py took 0.157 seconds
[2025-05-06T15:14:08.874+0000] {processor.py:186} INFO - Started process (PID=19152) to work on /home/airflow/.local/lib/python3.12/site-packages/airflow/example_dags/example_setup_teardown.py
[2025-05-06T15:14:08.876+0000] {processor.py:914} INFO - Processing file /home/airflow/.local/lib/python3.12/site-packages/airflow/example_dags/example_setup_teardown.py for tasks to queue
[2025-05-06T15:14:08.881+0000] {logging_mixin.py:190} INFO - [2025-05-06T15:14:08.880+0000] {dagbag.py:588} INFO - Filling up the DagBag from /home/airflow/.local/lib/python3.12/site-packages/airflow/example_dags/example_setup_teardown.py
[2025-05-06T15:14:08.897+0000] {processor.py:925} INFO - DAG(s) 'example_setup_teardown' retrieved from /home/airflow/.local/lib/python3.12/site-packages/airflow/example_dags/example_setup_teardown.py
[2025-05-06T15:14:08.943+0000] {logging_mixin.py:190} INFO - [2025-05-06T15:14:08.942+0000] {dag.py:3239} INFO - Sync 1 DAGs
[2025-05-06T15:14:08.971+0000] {logging_mixin.py:190} INFO - [2025-05-06T15:14:08.971+0000] {dag.py:4180} INFO - Setting next_dagrun for example_setup_teardown to None, run_after=None
[2025-05-06T15:14:09.009+0000] {processor.py:208} INFO - Processing /home/airflow/.local/lib/python3.12/site-packages/airflow/example_dags/example_setup_teardown.py took 0.146 seconds
[2025-05-06T15:14:39.449+0000] {processor.py:186} INFO - Started process (PID=19243) to work on /home/airflow/.local/lib/python3.12/site-packages/airflow/example_dags/example_setup_teardown.py
[2025-05-06T15:14:39.451+0000] {processor.py:914} INFO - Processing file /home/airflow/.local/lib/python3.12/site-packages/airflow/example_dags/example_setup_teardown.py for tasks to queue
[2025-05-06T15:14:39.455+0000] {logging_mixin.py:190} INFO - [2025-05-06T15:14:39.455+0000] {dagbag.py:588} INFO - Filling up the DagBag from /home/airflow/.local/lib/python3.12/site-packages/airflow/example_dags/example_setup_teardown.py
[2025-05-06T15:14:39.474+0000] {processor.py:925} INFO - DAG(s) 'example_setup_teardown' retrieved from /home/airflow/.local/lib/python3.12/site-packages/airflow/example_dags/example_setup_teardown.py
[2025-05-06T15:14:39.514+0000] {logging_mixin.py:190} INFO - [2025-05-06T15:14:39.513+0000] {dag.py:3239} INFO - Sync 1 DAGs
[2025-05-06T15:14:39.543+0000] {logging_mixin.py:190} INFO - [2025-05-06T15:14:39.542+0000] {dag.py:4180} INFO - Setting next_dagrun for example_setup_teardown to None, run_after=None
[2025-05-06T15:14:39.602+0000] {processor.py:208} INFO - Processing /home/airflow/.local/lib/python3.12/site-packages/airflow/example_dags/example_setup_teardown.py took 0.169 seconds
[2025-05-06T15:15:10.194+0000] {processor.py:186} INFO - Started process (PID=19334) to work on /home/airflow/.local/lib/python3.12/site-packages/airflow/example_dags/example_setup_teardown.py
[2025-05-06T15:15:10.196+0000] {processor.py:914} INFO - Processing file /home/airflow/.local/lib/python3.12/site-packages/airflow/example_dags/example_setup_teardown.py for tasks to queue
[2025-05-06T15:15:10.201+0000] {logging_mixin.py:190} INFO - [2025-05-06T15:15:10.200+0000] {dagbag.py:588} INFO - Filling up the DagBag from /home/airflow/.local/lib/python3.12/site-packages/airflow/example_dags/example_setup_teardown.py
[2025-05-06T15:15:10.216+0000] {processor.py:925} INFO - DAG(s) 'example_setup_teardown' retrieved from /home/airflow/.local/lib/python3.12/site-packages/airflow/example_dags/example_setup_teardown.py
[2025-05-06T15:15:10.253+0000] {logging_mixin.py:190} INFO - [2025-05-06T15:15:10.253+0000] {dag.py:3239} INFO - Sync 1 DAGs
[2025-05-06T15:15:10.283+0000] {logging_mixin.py:190} INFO - [2025-05-06T15:15:10.283+0000] {dag.py:4180} INFO - Setting next_dagrun for example_setup_teardown to None, run_after=None
[2025-05-06T15:15:10.321+0000] {processor.py:208} INFO - Processing /home/airflow/.local/lib/python3.12/site-packages/airflow/example_dags/example_setup_teardown.py took 0.139 seconds
[2025-05-06T15:15:43.716+0000] {processor.py:186} INFO - Started process (PID=19426) to work on /home/airflow/.local/lib/python3.12/site-packages/airflow/example_dags/example_setup_teardown.py
[2025-05-06T15:15:43.718+0000] {processor.py:914} INFO - Processing file /home/airflow/.local/lib/python3.12/site-packages/airflow/example_dags/example_setup_teardown.py for tasks to queue
[2025-05-06T15:15:43.724+0000] {logging_mixin.py:190} INFO - [2025-05-06T15:15:43.723+0000] {dagbag.py:588} INFO - Filling up the DagBag from /home/airflow/.local/lib/python3.12/site-packages/airflow/example_dags/example_setup_teardown.py
[2025-05-06T15:15:43.742+0000] {processor.py:925} INFO - DAG(s) 'example_setup_teardown' retrieved from /home/airflow/.local/lib/python3.12/site-packages/airflow/example_dags/example_setup_teardown.py
[2025-05-06T15:15:44.063+0000] {logging_mixin.py:190} INFO - [2025-05-06T15:15:44.062+0000] {dag.py:3239} INFO - Sync 1 DAGs
[2025-05-06T15:15:44.095+0000] {logging_mixin.py:190} INFO - [2025-05-06T15:15:44.094+0000] {dag.py:4180} INFO - Setting next_dagrun for example_setup_teardown to None, run_after=None
[2025-05-06T15:15:44.150+0000] {processor.py:208} INFO - Processing /home/airflow/.local/lib/python3.12/site-packages/airflow/example_dags/example_setup_teardown.py took 0.445 seconds
[2025-05-06T15:16:17.274+0000] {processor.py:186} INFO - Started process (PID=19519) to work on /home/airflow/.local/lib/python3.12/site-packages/airflow/example_dags/example_setup_teardown.py
[2025-05-06T15:16:17.276+0000] {processor.py:914} INFO - Processing file /home/airflow/.local/lib/python3.12/site-packages/airflow/example_dags/example_setup_teardown.py for tasks to queue
[2025-05-06T15:16:17.280+0000] {logging_mixin.py:190} INFO - [2025-05-06T15:16:17.280+0000] {dagbag.py:588} INFO - Filling up the DagBag from /home/airflow/.local/lib/python3.12/site-packages/airflow/example_dags/example_setup_teardown.py
[2025-05-06T15:16:17.299+0000] {processor.py:925} INFO - DAG(s) 'example_setup_teardown' retrieved from /home/airflow/.local/lib/python3.12/site-packages/airflow/example_dags/example_setup_teardown.py
[2025-05-06T15:16:17.344+0000] {logging_mixin.py:190} INFO - [2025-05-06T15:16:17.343+0000] {dag.py:3239} INFO - Sync 1 DAGs
[2025-05-06T15:16:17.631+0000] {logging_mixin.py:190} INFO - [2025-05-06T15:16:17.630+0000] {dag.py:4180} INFO - Setting next_dagrun for example_setup_teardown to None, run_after=None
[2025-05-06T15:16:17.675+0000] {processor.py:208} INFO - Processing /home/airflow/.local/lib/python3.12/site-packages/airflow/example_dags/example_setup_teardown.py took 0.414 seconds
[2025-05-06T15:16:48.475+0000] {processor.py:186} INFO - Started process (PID=19610) to work on /home/airflow/.local/lib/python3.12/site-packages/airflow/example_dags/example_setup_teardown.py
[2025-05-06T15:16:48.477+0000] {processor.py:914} INFO - Processing file /home/airflow/.local/lib/python3.12/site-packages/airflow/example_dags/example_setup_teardown.py for tasks to queue
[2025-05-06T15:16:48.484+0000] {logging_mixin.py:190} INFO - [2025-05-06T15:16:48.483+0000] {dagbag.py:588} INFO - Filling up the DagBag from /home/airflow/.local/lib/python3.12/site-packages/airflow/example_dags/example_setup_teardown.py
[2025-05-06T15:16:48.506+0000] {processor.py:925} INFO - DAG(s) 'example_setup_teardown' retrieved from /home/airflow/.local/lib/python3.12/site-packages/airflow/example_dags/example_setup_teardown.py
[2025-05-06T15:16:48.571+0000] {logging_mixin.py:190} INFO - [2025-05-06T15:16:48.571+0000] {dag.py:3239} INFO - Sync 1 DAGs
[2025-05-06T15:16:48.608+0000] {logging_mixin.py:190} INFO - [2025-05-06T15:16:48.608+0000] {dag.py:4180} INFO - Setting next_dagrun for example_setup_teardown to None, run_after=None
[2025-05-06T15:16:48.678+0000] {processor.py:208} INFO - Processing /home/airflow/.local/lib/python3.12/site-packages/airflow/example_dags/example_setup_teardown.py took 0.219 seconds
[2025-05-06T15:17:20.566+0000] {processor.py:186} INFO - Started process (PID=19702) to work on /home/airflow/.local/lib/python3.12/site-packages/airflow/example_dags/example_setup_teardown.py
[2025-05-06T15:17:20.569+0000] {processor.py:914} INFO - Processing file /home/airflow/.local/lib/python3.12/site-packages/airflow/example_dags/example_setup_teardown.py for tasks to queue
[2025-05-06T15:17:20.575+0000] {logging_mixin.py:190} INFO - [2025-05-06T15:17:20.575+0000] {dagbag.py:588} INFO - Filling up the DagBag from /home/airflow/.local/lib/python3.12/site-packages/airflow/example_dags/example_setup_teardown.py
[2025-05-06T15:17:20.592+0000] {processor.py:925} INFO - DAG(s) 'example_setup_teardown' retrieved from /home/airflow/.local/lib/python3.12/site-packages/airflow/example_dags/example_setup_teardown.py
[2025-05-06T15:17:20.629+0000] {logging_mixin.py:190} INFO - [2025-05-06T15:17:20.628+0000] {dag.py:3239} INFO - Sync 1 DAGs
[2025-05-06T15:17:20.658+0000] {logging_mixin.py:190} INFO - [2025-05-06T15:17:20.657+0000] {dag.py:4180} INFO - Setting next_dagrun for example_setup_teardown to None, run_after=None
[2025-05-06T15:17:20.692+0000] {processor.py:208} INFO - Processing /home/airflow/.local/lib/python3.12/site-packages/airflow/example_dags/example_setup_teardown.py took 0.147 seconds
[2025-05-06T15:17:50.802+0000] {processor.py:186} INFO - Started process (PID=19786) to work on /home/airflow/.local/lib/python3.12/site-packages/airflow/example_dags/example_setup_teardown.py
[2025-05-06T15:17:50.804+0000] {processor.py:914} INFO - Processing file /home/airflow/.local/lib/python3.12/site-packages/airflow/example_dags/example_setup_teardown.py for tasks to queue
[2025-05-06T15:17:50.811+0000] {logging_mixin.py:190} INFO - [2025-05-06T15:17:50.810+0000] {dagbag.py:588} INFO - Filling up the DagBag from /home/airflow/.local/lib/python3.12/site-packages/airflow/example_dags/example_setup_teardown.py
[2025-05-06T15:17:50.829+0000] {processor.py:925} INFO - DAG(s) 'example_setup_teardown' retrieved from /home/airflow/.local/lib/python3.12/site-packages/airflow/example_dags/example_setup_teardown.py
[2025-05-06T15:17:50.871+0000] {logging_mixin.py:190} INFO - [2025-05-06T15:17:50.871+0000] {dag.py:3239} INFO - Sync 1 DAGs
[2025-05-06T15:17:50.904+0000] {logging_mixin.py:190} INFO - [2025-05-06T15:17:50.904+0000] {dag.py:4180} INFO - Setting next_dagrun for example_setup_teardown to None, run_after=None
[2025-05-06T15:17:50.949+0000] {processor.py:208} INFO - Processing /home/airflow/.local/lib/python3.12/site-packages/airflow/example_dags/example_setup_teardown.py took 0.159 seconds
[2025-05-06T15:18:21.432+0000] {processor.py:186} INFO - Started process (PID=19863) to work on /home/airflow/.local/lib/python3.12/site-packages/airflow/example_dags/example_setup_teardown.py
[2025-05-06T15:18:21.435+0000] {processor.py:914} INFO - Processing file /home/airflow/.local/lib/python3.12/site-packages/airflow/example_dags/example_setup_teardown.py for tasks to queue
[2025-05-06T15:18:21.443+0000] {logging_mixin.py:190} INFO - [2025-05-06T15:18:21.442+0000] {dagbag.py:588} INFO - Filling up the DagBag from /home/airflow/.local/lib/python3.12/site-packages/airflow/example_dags/example_setup_teardown.py
[2025-05-06T15:18:21.465+0000] {processor.py:925} INFO - DAG(s) 'example_setup_teardown' retrieved from /home/airflow/.local/lib/python3.12/site-packages/airflow/example_dags/example_setup_teardown.py
[2025-05-06T15:18:21.524+0000] {logging_mixin.py:190} INFO - [2025-05-06T15:18:21.524+0000] {dag.py:3239} INFO - Sync 1 DAGs
[2025-05-06T15:18:21.557+0000] {logging_mixin.py:190} INFO - [2025-05-06T15:18:21.556+0000] {dag.py:4180} INFO - Setting next_dagrun for example_setup_teardown to None, run_after=None
[2025-05-06T15:18:21.613+0000] {processor.py:208} INFO - Processing /home/airflow/.local/lib/python3.12/site-packages/airflow/example_dags/example_setup_teardown.py took 0.194 seconds
