[2025-05-03T05:44:52.346+0000] {local_task_job_runner.py:123} INFO - ::group::Pre task execution logs
[2025-05-03T05:44:52.408+0000] {taskinstance.py:2614} INFO - Dependencies all met for dep_context=non-requeueable deps ti=<TaskInstance: google_maps_reviews.remove_duplicates scheduled__2025-05-02T00:00:00+00:00 [queued]>
[2025-05-03T05:44:52.433+0000] {taskinstance.py:2614} INFO - Dependencies all met for dep_context=requeueable deps ti=<TaskInstance: google_maps_reviews.remove_duplicates scheduled__2025-05-02T00:00:00+00:00 [queued]>
[2025-05-03T05:44:52.452+0000] {taskinstance.py:2867} INFO - Starting attempt 1 of 2
[2025-05-03T05:44:52.495+0000] {taskinstance.py:2890} INFO - Executing <Task(PythonOperator): remove_duplicates> on 2025-05-02 00:00:00+00:00
[2025-05-03T05:44:52.515+0000] {warnings.py:112} WARNING - /home/***/.local/lib/python3.12/site-packages/***/task/task_runner/standard_task_runner.py:70: DeprecationWarning: This process (pid=121) is multi-threaded, use of fork() may lead to deadlocks in the child.
  pid = os.fork()

[2025-05-03T05:44:52.518+0000] {standard_task_runner.py:72} INFO - Started process 136 to run task
[2025-05-03T05:44:52.521+0000] {standard_task_runner.py:104} INFO - Running: ['***', 'tasks', 'run', 'google_maps_reviews', 'remove_duplicates', 'scheduled__2025-05-02T00:00:00+00:00', '--job-id', '175', '--raw', '--subdir', 'DAGS_FOLDER/***dag.py', '--cfg-path', '/tmp/tmpwbnwp8my']
[2025-05-03T05:44:52.523+0000] {standard_task_runner.py:105} INFO - Job 175: Subtask remove_duplicates
[2025-05-03T05:44:52.616+0000] {task_command.py:467} INFO - Running <TaskInstance: google_maps_reviews.remove_duplicates scheduled__2025-05-02T00:00:00+00:00 [running]> on host 6ca499d7a39a
[2025-05-03T05:44:52.786+0000] {taskinstance.py:3134} INFO - Exporting env vars: AIRFLOW_CTX_DAG_OWNER='***' AIRFLOW_CTX_DAG_ID='google_maps_reviews' AIRFLOW_CTX_TASK_ID='remove_duplicates' AIRFLOW_CTX_EXECUTION_DATE='2025-05-02T00:00:00+00:00' AIRFLOW_CTX_TRY_NUMBER='1' AIRFLOW_CTX_DAG_RUN_ID='scheduled__2025-05-02T00:00:00+00:00'
[2025-05-03T05:44:52.789+0000] {logging_mixin.py:190} INFO - Task instance is in running state
[2025-05-03T05:44:52.790+0000] {logging_mixin.py:190} INFO -  Previous state of the Task instance: queued
[2025-05-03T05:44:52.791+0000] {logging_mixin.py:190} INFO - Current task name:remove_duplicates state:running start_date:2025-05-03 05:44:52.410914+00:00
[2025-05-03T05:44:52.792+0000] {logging_mixin.py:190} INFO - Dag name:google_maps_reviews and current dag run status:running
[2025-05-03T05:44:52.792+0000] {taskinstance.py:732} INFO - ::endgroup::
[2025-05-03T05:44:52.812+0000] {base.py:84} INFO - Retrieving connection 'postgres_defaut'
[2025-05-03T05:44:52.833+0000] {logging_mixin.py:190} INFO - Duplicate reviews removed.
[2025-05-03T05:44:52.836+0000] {python.py:240} INFO - Done. Returned value was: None
[2025-05-03T05:44:52.862+0000] {taskinstance.py:341} INFO - ::group::Post task execution logs
[2025-05-03T05:44:52.864+0000] {taskinstance.py:353} INFO - Marking task as SUCCESS. dag_id=google_maps_reviews, task_id=remove_duplicates, run_id=scheduled__2025-05-02T00:00:00+00:00, execution_date=20250502T000000, start_date=20250503T054452, end_date=20250503T054452
[2025-05-03T05:44:52.904+0000] {logging_mixin.py:190} INFO - Task instance in success state
[2025-05-03T05:44:52.905+0000] {logging_mixin.py:190} INFO -  Previous state of the Task instance: running
[2025-05-03T05:44:52.906+0000] {logging_mixin.py:190} INFO - Dag name:google_maps_reviews queued_at:2025-05-03 05:43:19.013588+00:00
[2025-05-03T05:44:52.906+0000] {logging_mixin.py:190} INFO - Task hostname:6ca499d7a39a operator:PythonOperator
[2025-05-03T05:44:52.937+0000] {local_task_job_runner.py:266} INFO - Task exited with return code 0
[2025-05-03T05:44:52.957+0000] {local_task_job_runner.py:245} INFO - ::endgroup::
