[2025-05-03T06:59:48.642+0000] {local_task_job_runner.py:123} INFO - ::group::Pre task execution logs
[2025-05-03T06:59:48.686+0000] {taskinstance.py:2614} INFO - Dependencies all met for dep_context=non-requeueable deps ti=<TaskInstance: google_maps_reviews.analyze_sentiment manual__2025-05-03T06:58:57.523607+00:00 [queued]>
[2025-05-03T06:59:48.708+0000] {taskinstance.py:2614} INFO - Dependencies all met for dep_context=requeueable deps ti=<TaskInstance: google_maps_reviews.analyze_sentiment manual__2025-05-03T06:58:57.523607+00:00 [queued]>
[2025-05-03T06:59:48.710+0000] {taskinstance.py:2867} INFO - Starting attempt 1 of 2
[2025-05-03T06:59:48.736+0000] {taskinstance.py:2890} INFO - Executing <Task(PythonOperator): analyze_sentiment> on 2025-05-03 06:58:57.523607+00:00
[2025-05-03T06:59:48.752+0000] {warnings.py:112} WARNING - /home/***/.local/lib/python3.12/site-packages/***/task/task_runner/standard_task_runner.py:70: DeprecationWarning: This process (pid=1197) is multi-threaded, use of fork() may lead to deadlocks in the child.
  pid = os.fork()

[2025-05-03T06:59:48.756+0000] {standard_task_runner.py:72} INFO - Started process 1227 to run task
[2025-05-03T06:59:48.757+0000] {standard_task_runner.py:104} INFO - Running: ['***', 'tasks', 'run', 'google_maps_reviews', 'analyze_sentiment', 'manual__2025-05-03T06:58:57.523607+00:00', '--job-id', '225', '--raw', '--subdir', 'DAGS_FOLDER/***dag.py', '--cfg-path', '/tmp/tmprxyubvlb']
[2025-05-03T06:59:48.759+0000] {standard_task_runner.py:105} INFO - Job 225: Subtask analyze_sentiment
[2025-05-03T06:59:48.842+0000] {task_command.py:467} INFO - Running <TaskInstance: google_maps_reviews.analyze_sentiment manual__2025-05-03T06:58:57.523607+00:00 [running]> on host 8280c28b7f0f
[2025-05-03T06:59:49.004+0000] {taskinstance.py:3134} INFO - Exporting env vars: AIRFLOW_CTX_DAG_OWNER='***' AIRFLOW_CTX_DAG_ID='google_maps_reviews' AIRFLOW_CTX_TASK_ID='analyze_sentiment' AIRFLOW_CTX_EXECUTION_DATE='2025-05-03T06:58:57.523607+00:00' AIRFLOW_CTX_TRY_NUMBER='1' AIRFLOW_CTX_DAG_RUN_ID='manual__2025-05-03T06:58:57.523607+00:00'
[2025-05-03T06:59:49.006+0000] {logging_mixin.py:190} INFO - Task instance is in running state
[2025-05-03T06:59:49.007+0000] {logging_mixin.py:190} INFO -  Previous state of the Task instance: queued
[2025-05-03T06:59:49.008+0000] {logging_mixin.py:190} INFO - Current task name:analyze_sentiment state:running start_date:2025-05-03 06:59:48.687668+00:00
[2025-05-03T06:59:49.009+0000] {logging_mixin.py:190} INFO - Dag name:google_maps_reviews and current dag run status:running
[2025-05-03T06:59:49.009+0000] {taskinstance.py:732} INFO - ::endgroup::
[2025-05-03T06:59:49.026+0000] {base.py:84} INFO - Retrieving connection 'postgres_defaut'
[2025-05-03T06:59:49.034+0000] {logging_mixin.py:190} INFO - Sentiment analysis completed.
[2025-05-03T06:59:49.035+0000] {python.py:240} INFO - Done. Returned value was: None
[2025-05-03T06:59:49.053+0000] {taskinstance.py:341} INFO - ::group::Post task execution logs
[2025-05-03T06:59:49.054+0000] {taskinstance.py:353} INFO - Marking task as SUCCESS. dag_id=google_maps_reviews, task_id=analyze_sentiment, run_id=manual__2025-05-03T06:58:57.523607+00:00, execution_date=20250503T065857, start_date=20250503T065948, end_date=20250503T065949
[2025-05-03T06:59:49.097+0000] {logging_mixin.py:190} INFO - Task instance in success state
[2025-05-03T06:59:49.098+0000] {logging_mixin.py:190} INFO -  Previous state of the Task instance: running
[2025-05-03T06:59:49.099+0000] {logging_mixin.py:190} INFO - Dag name:google_maps_reviews queued_at:2025-05-03 06:58:57.549307+00:00
[2025-05-03T06:59:49.100+0000] {logging_mixin.py:190} INFO - Task hostname:8280c28b7f0f operator:PythonOperator
[2025-05-03T06:59:49.135+0000] {local_task_job_runner.py:266} INFO - Task exited with return code 0
[2025-05-03T06:59:49.192+0000] {taskinstance.py:3901} INFO - 1 downstream tasks scheduled from follow-on schedule check
[2025-05-03T06:59:49.197+0000] {local_task_job_runner.py:245} INFO - ::endgroup::
