[2025-05-05T21:34:04.949+0000] {local_task_job_runner.py:123} INFO - ::group::Pre task execution logs
[2025-05-05T21:34:04.988+0000] {taskinstance.py:2614} INFO - Dependencies all met for dep_context=non-requeueable deps ti=<TaskInstance: google_maps_reviews.export_to_csv scheduled__2025-05-04T00:00:00+00:00 [queued]>
[2025-05-05T21:34:05.007+0000] {taskinstance.py:2614} INFO - Dependencies all met for dep_context=requeueable deps ti=<TaskInstance: google_maps_reviews.export_to_csv scheduled__2025-05-04T00:00:00+00:00 [queued]>
[2025-05-05T21:34:05.026+0000] {taskinstance.py:2867} INFO - Starting attempt 11 of 12
[2025-05-05T21:34:05.061+0000] {taskinstance.py:2890} INFO - Executing <Task(PythonOperator): export_to_csv> on 2025-05-04 00:00:00+00:00
[2025-05-05T21:34:05.080+0000] {warnings.py:112} WARNING - /home/***/.local/lib/python3.12/site-packages/***/task/task_runner/standard_task_runner.py:70: DeprecationWarning: This process (pid=1340) is multi-threaded, use of fork() may lead to deadlocks in the child.
  pid = os.fork()

[2025-05-05T21:34:05.084+0000] {standard_task_runner.py:72} INFO - Started process 1355 to run task
[2025-05-05T21:34:05.083+0000] {standard_task_runner.py:104} INFO - Running: ['***', 'tasks', 'run', 'google_maps_reviews', 'export_to_csv', 'scheduled__2025-05-04T00:00:00+00:00', '--job-id', '516', '--raw', '--subdir', 'DAGS_FOLDER/***dag.py', '--cfg-path', '/tmp/tmp_ymf68li']
[2025-05-05T21:34:05.087+0000] {standard_task_runner.py:105} INFO - Job 516: Subtask export_to_csv
[2025-05-05T21:34:05.185+0000] {task_command.py:467} INFO - Running <TaskInstance: google_maps_reviews.export_to_csv scheduled__2025-05-04T00:00:00+00:00 [running]> on host 8280c28b7f0f
[2025-05-05T21:34:05.352+0000] {taskinstance.py:3134} INFO - Exporting env vars: AIRFLOW_CTX_DAG_OWNER='***' AIRFLOW_CTX_DAG_ID='google_maps_reviews' AIRFLOW_CTX_TASK_ID='export_to_csv' AIRFLOW_CTX_EXECUTION_DATE='2025-05-04T00:00:00+00:00' AIRFLOW_CTX_TRY_NUMBER='11' AIRFLOW_CTX_DAG_RUN_ID='scheduled__2025-05-04T00:00:00+00:00'
[2025-05-05T21:34:05.356+0000] {logging_mixin.py:190} INFO - Task instance is in running state
[2025-05-05T21:34:05.357+0000] {logging_mixin.py:190} INFO -  Previous state of the Task instance: queued
[2025-05-05T21:34:05.358+0000] {logging_mixin.py:190} INFO - Current task name:export_to_csv state:running start_date:2025-05-05 21:34:04.989381+00:00
[2025-05-05T21:34:05.359+0000] {logging_mixin.py:190} INFO - Dag name:google_maps_reviews and current dag run status:running
[2025-05-05T21:34:05.361+0000] {taskinstance.py:732} INFO - ::endgroup::
[2025-05-05T21:34:05.376+0000] {base.py:84} INFO - Retrieving connection 'postgres_defaut'
[2025-05-05T21:34:05.395+0000] {warnings.py:112} WARNING - /opt/***/dags/storeData.py:73: UserWarning: pandas only supports SQLAlchemy connectable (engine/connection) or database string URI or sqlite3 DBAPI2 connection. Other DBAPI2 objects are not tested. Please consider using SQLAlchemy.
  df = pd.read_sql_query(query, conn)

[2025-05-05T21:34:05.450+0000] {logging_mixin.py:190} INFO - ✅ Données exportées avec succès vers reviews_export.csv
[2025-05-05T21:34:05.453+0000] {python.py:240} INFO - Done. Returned value was: None
[2025-05-05T21:34:05.471+0000] {taskinstance.py:341} INFO - ::group::Post task execution logs
[2025-05-05T21:34:05.473+0000] {taskinstance.py:353} INFO - Marking task as SUCCESS. dag_id=google_maps_reviews, task_id=export_to_csv, run_id=scheduled__2025-05-04T00:00:00+00:00, execution_date=20250504T000000, start_date=20250505T213404, end_date=20250505T213405
[2025-05-05T21:34:05.536+0000] {logging_mixin.py:190} INFO - Task instance in success state
[2025-05-05T21:34:05.538+0000] {logging_mixin.py:190} INFO -  Previous state of the Task instance: running
[2025-05-05T21:34:05.539+0000] {logging_mixin.py:190} INFO - Dag name:google_maps_reviews queued_at:2025-05-05 21:33:59.059285+00:00
[2025-05-05T21:34:05.540+0000] {logging_mixin.py:190} INFO - Task hostname:8280c28b7f0f operator:PythonOperator
[2025-05-05T21:34:05.590+0000] {local_task_job_runner.py:266} INFO - Task exited with return code 0
[2025-05-05T21:34:05.629+0000] {taskinstance.py:3901} INFO - 0 downstream tasks scheduled from follow-on schedule check
[2025-05-05T21:34:05.635+0000] {local_task_job_runner.py:245} INFO - ::endgroup::
