[2025-05-05T21:40:40.779+0000] {local_task_job_runner.py:123} INFO - ::group::Pre task execution logs
[2025-05-05T21:40:40.823+0000] {taskinstance.py:2614} INFO - Dependencies all met for dep_context=non-requeueable deps ti=<TaskInstance: google_maps_reviews.export_to_csv scheduled__2025-05-04T00:00:00+00:00 [queued]>
[2025-05-05T21:40:40.843+0000] {taskinstance.py:2614} INFO - Dependencies all met for dep_context=requeueable deps ti=<TaskInstance: google_maps_reviews.export_to_csv scheduled__2025-05-04T00:00:00+00:00 [queued]>
[2025-05-05T21:40:40.845+0000] {taskinstance.py:2867} INFO - Starting attempt 13 of 14
[2025-05-05T21:40:40.879+0000] {taskinstance.py:2890} INFO - Executing <Task(PythonOperator): export_to_csv> on 2025-05-04 00:00:00+00:00
[2025-05-05T21:40:40.898+0000] {warnings.py:112} WARNING - /home/***/.local/lib/python3.12/site-packages/***/task/task_runner/standard_task_runner.py:70: DeprecationWarning: This process (pid=1453) is multi-threaded, use of fork() may lead to deadlocks in the child.
  pid = os.fork()

[2025-05-05T21:40:40.901+0000] {standard_task_runner.py:104} INFO - Running: ['***', 'tasks', 'run', 'google_maps_reviews', 'export_to_csv', 'scheduled__2025-05-04T00:00:00+00:00', '--job-id', '518', '--raw', '--subdir', 'DAGS_FOLDER/***dag.py', '--cfg-path', '/tmp/tmp972wkgul']
[2025-05-05T21:40:40.904+0000] {standard_task_runner.py:72} INFO - Started process 1468 to run task
[2025-05-05T21:40:40.904+0000] {standard_task_runner.py:105} INFO - Job 518: Subtask export_to_csv
[2025-05-05T21:40:41.000+0000] {task_command.py:467} INFO - Running <TaskInstance: google_maps_reviews.export_to_csv scheduled__2025-05-04T00:00:00+00:00 [running]> on host 8280c28b7f0f
[2025-05-05T21:40:41.182+0000] {taskinstance.py:3134} INFO - Exporting env vars: AIRFLOW_CTX_DAG_OWNER='***' AIRFLOW_CTX_DAG_ID='google_maps_reviews' AIRFLOW_CTX_TASK_ID='export_to_csv' AIRFLOW_CTX_EXECUTION_DATE='2025-05-04T00:00:00+00:00' AIRFLOW_CTX_TRY_NUMBER='13' AIRFLOW_CTX_DAG_RUN_ID='scheduled__2025-05-04T00:00:00+00:00'
[2025-05-05T21:40:41.185+0000] {logging_mixin.py:190} INFO - Task instance is in running state
[2025-05-05T21:40:41.186+0000] {logging_mixin.py:190} INFO -  Previous state of the Task instance: queued
[2025-05-05T21:40:41.187+0000] {logging_mixin.py:190} INFO - Current task name:export_to_csv state:running start_date:2025-05-05 21:40:40.824720+00:00
[2025-05-05T21:40:41.187+0000] {logging_mixin.py:190} INFO - Dag name:google_maps_reviews and current dag run status:running
[2025-05-05T21:40:41.188+0000] {taskinstance.py:732} INFO - ::endgroup::
[2025-05-05T21:40:41.205+0000] {base.py:84} INFO - Retrieving connection 'postgres_defaut'
[2025-05-05T21:40:41.229+0000] {warnings.py:112} WARNING - /opt/***/dags/storeData.py:78: UserWarning: pandas only supports SQLAlchemy connectable (engine/connection) or database string URI or sqlite3 DBAPI2 connection. Other DBAPI2 objects are not tested. Please consider using SQLAlchemy.
  df = pd.read_sql_query(query, conn)

[2025-05-05T21:40:41.267+0000] {logging_mixin.py:190} INFO - ✅ Données exportées avec succès vers reviews_export.csv
[2025-05-05T21:40:41.269+0000] {python.py:240} INFO - Done. Returned value was: None
[2025-05-05T21:40:41.290+0000] {taskinstance.py:341} INFO - ::group::Post task execution logs
[2025-05-05T21:40:41.292+0000] {taskinstance.py:353} INFO - Marking task as SUCCESS. dag_id=google_maps_reviews, task_id=export_to_csv, run_id=scheduled__2025-05-04T00:00:00+00:00, execution_date=20250504T000000, start_date=20250505T214040, end_date=20250505T214041
[2025-05-05T21:40:41.352+0000] {logging_mixin.py:190} INFO - Task instance in success state
[2025-05-05T21:40:41.353+0000] {logging_mixin.py:190} INFO -  Previous state of the Task instance: running
[2025-05-05T21:40:41.355+0000] {logging_mixin.py:190} INFO - Dag name:google_maps_reviews queued_at:2025-05-05 21:40:34.322311+00:00
[2025-05-05T21:40:41.355+0000] {logging_mixin.py:190} INFO - Task hostname:8280c28b7f0f operator:PythonOperator
[2025-05-05T21:40:41.405+0000] {local_task_job_runner.py:266} INFO - Task exited with return code 0
[2025-05-05T21:40:41.437+0000] {taskinstance.py:3901} INFO - 0 downstream tasks scheduled from follow-on schedule check
[2025-05-05T21:40:41.440+0000] {local_task_job_runner.py:245} INFO - ::endgroup::
