[2025-05-03T15:50:40.402+0000] {local_task_job_runner.py:123} INFO - ::group::Pre task execution logs
[2025-05-03T15:50:40.448+0000] {taskinstance.py:2614} INFO - Dependencies all met for dep_context=non-requeueable deps ti=<TaskInstance: google_maps_reviews.generate_dbt_docs manual__2025-05-03T15:43:14.960585+00:00 [queued]>
[2025-05-03T15:50:40.471+0000] {taskinstance.py:2614} INFO - Dependencies all met for dep_context=requeueable deps ti=<TaskInstance: google_maps_reviews.generate_dbt_docs manual__2025-05-03T15:43:14.960585+00:00 [queued]>
[2025-05-03T15:50:40.490+0000] {taskinstance.py:2867} INFO - Starting attempt 1 of 2
[2025-05-03T15:50:40.523+0000] {taskinstance.py:2890} INFO - Executing <Task(BashOperator): generate_dbt_docs> on 2025-05-03 15:43:14.960585+00:00
[2025-05-03T15:50:40.550+0000] {warnings.py:112} WARNING - /home/***/.local/lib/python3.12/site-packages/***/task/task_runner/standard_task_runner.py:70: DeprecationWarning: This process (pid=6189) is multi-threaded, use of fork() may lead to deadlocks in the child.
  pid = os.fork()

[2025-05-03T15:50:40.555+0000] {standard_task_runner.py:72} INFO - Started process 6204 to run task
[2025-05-03T15:50:40.554+0000] {standard_task_runner.py:104} INFO - Running: ['***', 'tasks', 'run', 'google_maps_reviews', 'generate_dbt_docs', 'manual__2025-05-03T15:43:14.960585+00:00', '--job-id', '354', '--raw', '--subdir', 'DAGS_FOLDER/***dag.py', '--cfg-path', '/tmp/tmpmfuunhoe']
[2025-05-03T15:50:40.558+0000] {standard_task_runner.py:105} INFO - Job 354: Subtask generate_dbt_docs
[2025-05-03T15:50:40.676+0000] {task_command.py:467} INFO - Running <TaskInstance: google_maps_reviews.generate_dbt_docs manual__2025-05-03T15:43:14.960585+00:00 [running]> on host 8280c28b7f0f
[2025-05-03T15:50:40.872+0000] {taskinstance.py:3134} INFO - Exporting env vars: AIRFLOW_CTX_DAG_OWNER='***' AIRFLOW_CTX_DAG_ID='google_maps_reviews' AIRFLOW_CTX_TASK_ID='generate_dbt_docs' AIRFLOW_CTX_EXECUTION_DATE='2025-05-03T15:43:14.960585+00:00' AIRFLOW_CTX_TRY_NUMBER='1' AIRFLOW_CTX_DAG_RUN_ID='manual__2025-05-03T15:43:14.960585+00:00'
[2025-05-03T15:50:40.875+0000] {logging_mixin.py:190} INFO - Task instance is in running state
[2025-05-03T15:50:40.877+0000] {logging_mixin.py:190} INFO -  Previous state of the Task instance: queued
[2025-05-03T15:50:40.878+0000] {logging_mixin.py:190} INFO - Current task name:generate_dbt_docs state:running start_date:2025-05-03 15:50:40.450716+00:00
[2025-05-03T15:50:40.879+0000] {logging_mixin.py:190} INFO - Dag name:google_maps_reviews and current dag run status:running
[2025-05-03T15:50:40.880+0000] {taskinstance.py:732} INFO - ::endgroup::
[2025-05-03T15:50:40.882+0000] {subprocess.py:78} INFO - Tmp dir root location: /tmp
[2025-05-03T15:50:40.885+0000] {subprocess.py:88} INFO - Running command: ['/usr/bin/bash', '-c', 'cd /opt/***/dbt_project/bank_reviews_dbt && dbt docs generate']
[2025-05-03T15:50:40.916+0000] {subprocess.py:99} INFO - Output:
[2025-05-03T15:50:45.886+0000] {subprocess.py:106} INFO - [0m15:50:45  Running with dbt=1.9.4
[2025-05-03T15:50:46.532+0000] {subprocess.py:106} INFO - [0m15:50:46  Registered adapter: postgres=1.9.0
[2025-05-03T15:50:47.516+0000] {subprocess.py:106} INFO - [0m15:50:47  Found 5 models, 12 data tests, 433 macros
[2025-05-03T15:50:47.524+0000] {subprocess.py:106} INFO - [0m15:50:47
[2025-05-03T15:50:47.526+0000] {subprocess.py:106} INFO - [0m15:50:47  Concurrency: 1 threads (target='dev')
[2025-05-03T15:50:47.529+0000] {subprocess.py:106} INFO - [0m15:50:47
[2025-05-03T15:50:48.766+0000] {subprocess.py:106} INFO - [0m15:50:48  Building catalog
[2025-05-03T15:50:48.980+0000] {subprocess.py:106} INFO - [0m15:50:48  Catalog written to /opt/***/dbt_project/bank_reviews_dbt/target/catalog.json
[2025-05-03T15:50:54.066+0000] {subprocess.py:110} INFO - Command exited with return code 0
[2025-05-03T15:50:54.129+0000] {taskinstance.py:341} INFO - ::group::Post task execution logs
[2025-05-03T15:50:54.131+0000] {taskinstance.py:353} INFO - Marking task as SUCCESS. dag_id=google_maps_reviews, task_id=generate_dbt_docs, run_id=manual__2025-05-03T15:43:14.960585+00:00, execution_date=20250503T154314, start_date=20250503T155040, end_date=20250503T155054
[2025-05-03T15:50:54.182+0000] {logging_mixin.py:190} INFO - Task instance in success state
[2025-05-03T15:50:54.184+0000] {logging_mixin.py:190} INFO -  Previous state of the Task instance: running
[2025-05-03T15:50:54.186+0000] {logging_mixin.py:190} INFO - Dag name:google_maps_reviews queued_at:2025-05-03 15:43:15.053289+00:00
[2025-05-03T15:50:54.187+0000] {logging_mixin.py:190} INFO - Task hostname:8280c28b7f0f operator:BashOperator
[2025-05-03T15:50:54.216+0000] {local_task_job_runner.py:266} INFO - Task exited with return code 0
[2025-05-03T15:50:54.260+0000] {taskinstance.py:3901} INFO - 1 downstream tasks scheduled from follow-on schedule check
[2025-05-03T15:50:54.267+0000] {local_task_job_runner.py:245} INFO - ::endgroup::
