[2025-05-13T21:58:11.955+0000] {processor.py:186} INFO - Started process (PID=74) to work on /opt/airflow/dags/storeData.py
[2025-05-13T21:58:11.957+0000] {processor.py:914} INFO - Processing file /opt/airflow/dags/storeData.py for tasks to queue
[2025-05-13T21:58:11.963+0000] {logging_mixin.py:190} INFO - [2025-05-13T21:58:11.963+0000] {dagbag.py:588} INFO - Filling up the DagBag from /opt/airflow/dags/storeData.py
[2025-05-13T21:58:16.470+0000] {logging_mixin.py:190} WARNING - [nltk_data] Downloading package stopwords to
[nltk_data]     /home/airflow/nltk_data...
[2025-05-13T21:58:16.474+0000] {logging_mixin.py:190} WARNING - [nltk_data]   Package stopwords is already up-to-date!
[2025-05-13T21:58:16.475+0000] {logging_mixin.py:190} WARNING - [nltk_data] Downloading package punkt_tab to
[nltk_data]     /home/airflow/nltk_data...
[2025-05-13T21:58:16.495+0000] {logging_mixin.py:190} WARNING - [nltk_data]   Package punkt_tab is already up-to-date!
[2025-05-13T21:58:16.498+0000] {logging_mixin.py:190} INFO - [2025-05-13T21:58:16.497+0000] {client.py:194} INFO - API queries_quota: 60
[2025-05-13T21:58:16.500+0000] {processor.py:927} WARNING - No viable dags retrieved from /opt/airflow/dags/storeData.py
[2025-05-13T21:58:16.528+0000] {processor.py:208} INFO - Processing /opt/airflow/dags/storeData.py took 4.587 seconds
[2025-05-13T21:58:46.927+0000] {processor.py:186} INFO - Started process (PID=175) to work on /opt/airflow/dags/storeData.py
[2025-05-13T21:58:46.929+0000] {processor.py:914} INFO - Processing file /opt/airflow/dags/storeData.py for tasks to queue
[2025-05-13T21:58:46.937+0000] {logging_mixin.py:190} INFO - [2025-05-13T21:58:46.935+0000] {dagbag.py:588} INFO - Filling up the DagBag from /opt/airflow/dags/storeData.py
[2025-05-13T21:58:49.542+0000] {logging_mixin.py:190} WARNING - [nltk_data] Downloading package stopwords to
[nltk_data]     /home/airflow/nltk_data...
[2025-05-13T21:58:49.544+0000] {logging_mixin.py:190} WARNING - [nltk_data]   Package stopwords is already up-to-date!
[2025-05-13T21:58:49.546+0000] {logging_mixin.py:190} WARNING - [nltk_data] Downloading package punkt_tab to
[nltk_data]     /home/airflow/nltk_data...
[2025-05-13T21:58:49.570+0000] {logging_mixin.py:190} WARNING - [nltk_data]   Package punkt_tab is already up-to-date!
[2025-05-13T21:58:49.573+0000] {logging_mixin.py:190} INFO - [2025-05-13T21:58:49.572+0000] {client.py:194} INFO - API queries_quota: 60
[2025-05-13T21:58:49.576+0000] {processor.py:927} WARNING - No viable dags retrieved from /opt/airflow/dags/storeData.py
[2025-05-13T21:58:49.609+0000] {processor.py:208} INFO - Processing /opt/airflow/dags/storeData.py took 2.698 seconds
[2025-05-13T21:59:20.253+0000] {processor.py:186} INFO - Started process (PID=266) to work on /opt/airflow/dags/storeData.py
[2025-05-13T21:59:20.257+0000] {processor.py:914} INFO - Processing file /opt/airflow/dags/storeData.py for tasks to queue
[2025-05-13T21:59:20.265+0000] {logging_mixin.py:190} INFO - [2025-05-13T21:59:20.265+0000] {dagbag.py:588} INFO - Filling up the DagBag from /opt/airflow/dags/storeData.py
[2025-05-13T21:59:23.521+0000] {logging_mixin.py:190} WARNING - [nltk_data] Downloading package stopwords to
[nltk_data]     /home/airflow/nltk_data...
[2025-05-13T21:59:23.523+0000] {logging_mixin.py:190} WARNING - [nltk_data]   Package stopwords is already up-to-date!
[2025-05-13T21:59:23.525+0000] {logging_mixin.py:190} WARNING - [nltk_data] Downloading package punkt_tab to
[nltk_data]     /home/airflow/nltk_data...
[2025-05-13T21:59:23.549+0000] {logging_mixin.py:190} WARNING - [nltk_data]   Package punkt_tab is already up-to-date!
[2025-05-13T21:59:23.554+0000] {logging_mixin.py:190} INFO - [2025-05-13T21:59:23.553+0000] {client.py:194} INFO - API queries_quota: 60
[2025-05-13T21:59:23.555+0000] {processor.py:927} WARNING - No viable dags retrieved from /opt/airflow/dags/storeData.py
[2025-05-13T21:59:23.585+0000] {processor.py:208} INFO - Processing /opt/airflow/dags/storeData.py took 3.349 seconds
[2025-05-13T21:59:53.864+0000] {processor.py:186} INFO - Started process (PID=361) to work on /opt/airflow/dags/storeData.py
[2025-05-13T21:59:53.868+0000] {processor.py:914} INFO - Processing file /opt/airflow/dags/storeData.py for tasks to queue
[2025-05-13T21:59:53.884+0000] {logging_mixin.py:190} INFO - [2025-05-13T21:59:53.883+0000] {dagbag.py:588} INFO - Filling up the DagBag from /opt/airflow/dags/storeData.py
[2025-05-13T21:59:56.792+0000] {logging_mixin.py:190} WARNING - [nltk_data] Downloading package stopwords to
[nltk_data]     /home/airflow/nltk_data...
[2025-05-13T21:59:56.797+0000] {logging_mixin.py:190} WARNING - [nltk_data]   Package stopwords is already up-to-date!
[2025-05-13T21:59:56.798+0000] {logging_mixin.py:190} WARNING - [nltk_data] Downloading package punkt_tab to
[nltk_data]     /home/airflow/nltk_data...
[2025-05-13T21:59:56.820+0000] {logging_mixin.py:190} WARNING - [nltk_data]   Package punkt_tab is already up-to-date!
[2025-05-13T21:59:56.823+0000] {logging_mixin.py:190} INFO - [2025-05-13T21:59:56.822+0000] {client.py:194} INFO - API queries_quota: 60
[2025-05-13T21:59:56.824+0000] {processor.py:927} WARNING - No viable dags retrieved from /opt/airflow/dags/storeData.py
[2025-05-13T21:59:56.866+0000] {processor.py:208} INFO - Processing /opt/airflow/dags/storeData.py took 3.042 seconds
[2025-05-13T22:00:27.788+0000] {processor.py:186} INFO - Started process (PID=452) to work on /opt/airflow/dags/storeData.py
[2025-05-13T22:00:27.793+0000] {processor.py:914} INFO - Processing file /opt/airflow/dags/storeData.py for tasks to queue
[2025-05-13T22:00:27.846+0000] {logging_mixin.py:190} INFO - [2025-05-13T22:00:27.844+0000] {dagbag.py:588} INFO - Filling up the DagBag from /opt/airflow/dags/storeData.py
[2025-05-13T22:00:30.911+0000] {logging_mixin.py:190} WARNING - [nltk_data] Downloading package stopwords to
[nltk_data]     /home/airflow/nltk_data...
[2025-05-13T22:00:30.913+0000] {logging_mixin.py:190} WARNING - [nltk_data]   Package stopwords is already up-to-date!
[2025-05-13T22:00:30.914+0000] {logging_mixin.py:190} WARNING - [nltk_data] Downloading package punkt_tab to
[nltk_data]     /home/airflow/nltk_data...
[2025-05-13T22:00:30.952+0000] {logging_mixin.py:190} WARNING - [nltk_data]   Package punkt_tab is already up-to-date!
[2025-05-13T22:00:30.954+0000] {logging_mixin.py:190} INFO - [2025-05-13T22:00:30.953+0000] {client.py:194} INFO - API queries_quota: 60
[2025-05-13T22:00:30.955+0000] {processor.py:927} WARNING - No viable dags retrieved from /opt/airflow/dags/storeData.py
[2025-05-13T22:00:30.988+0000] {processor.py:208} INFO - Processing /opt/airflow/dags/storeData.py took 3.217 seconds
[2025-05-13T22:01:02.051+0000] {processor.py:186} INFO - Started process (PID=543) to work on /opt/airflow/dags/storeData.py
[2025-05-13T22:01:02.053+0000] {processor.py:914} INFO - Processing file /opt/airflow/dags/storeData.py for tasks to queue
[2025-05-13T22:01:02.059+0000] {logging_mixin.py:190} INFO - [2025-05-13T22:01:02.058+0000] {dagbag.py:588} INFO - Filling up the DagBag from /opt/airflow/dags/storeData.py
[2025-05-13T22:01:04.735+0000] {logging_mixin.py:190} WARNING - [nltk_data] Downloading package stopwords to
[nltk_data]     /home/airflow/nltk_data...
[2025-05-13T22:01:04.737+0000] {logging_mixin.py:190} WARNING - [nltk_data]   Package stopwords is already up-to-date!
[2025-05-13T22:01:04.738+0000] {logging_mixin.py:190} WARNING - [nltk_data] Downloading package punkt_tab to
[nltk_data]     /home/airflow/nltk_data...
[2025-05-13T22:01:04.755+0000] {logging_mixin.py:190} WARNING - [nltk_data]   Package punkt_tab is already up-to-date!
[2025-05-13T22:01:04.759+0000] {logging_mixin.py:190} INFO - [2025-05-13T22:01:04.757+0000] {client.py:194} INFO - API queries_quota: 60
[2025-05-13T22:01:04.761+0000] {processor.py:927} WARNING - No viable dags retrieved from /opt/airflow/dags/storeData.py
[2025-05-13T22:01:04.794+0000] {processor.py:208} INFO - Processing /opt/airflow/dags/storeData.py took 2.755 seconds
[2025-05-13T22:01:35.427+0000] {processor.py:186} INFO - Started process (PID=634) to work on /opt/airflow/dags/storeData.py
[2025-05-13T22:01:35.429+0000] {processor.py:914} INFO - Processing file /opt/airflow/dags/storeData.py for tasks to queue
[2025-05-13T22:01:35.433+0000] {logging_mixin.py:190} INFO - [2025-05-13T22:01:35.433+0000] {dagbag.py:588} INFO - Filling up the DagBag from /opt/airflow/dags/storeData.py
[2025-05-13T22:01:39.055+0000] {logging_mixin.py:190} WARNING - [nltk_data] Downloading package stopwords to
[nltk_data]     /home/airflow/nltk_data...
[2025-05-13T22:01:39.059+0000] {logging_mixin.py:190} WARNING - [nltk_data]   Package stopwords is already up-to-date!
[2025-05-13T22:01:39.061+0000] {logging_mixin.py:190} WARNING - [nltk_data] Downloading package punkt_tab to
[nltk_data]     /home/airflow/nltk_data...
[2025-05-13T22:01:39.087+0000] {logging_mixin.py:190} WARNING - [nltk_data]   Package punkt_tab is already up-to-date!
[2025-05-13T22:01:39.090+0000] {logging_mixin.py:190} INFO - [2025-05-13T22:01:39.089+0000] {client.py:194} INFO - API queries_quota: 60
[2025-05-13T22:01:39.092+0000] {processor.py:927} WARNING - No viable dags retrieved from /opt/airflow/dags/storeData.py
[2025-05-13T22:01:39.137+0000] {processor.py:208} INFO - Processing /opt/airflow/dags/storeData.py took 3.724 seconds
[2025-05-13T22:02:09.278+0000] {processor.py:186} INFO - Started process (PID=725) to work on /opt/airflow/dags/storeData.py
[2025-05-13T22:02:09.279+0000] {processor.py:914} INFO - Processing file /opt/airflow/dags/storeData.py for tasks to queue
[2025-05-13T22:02:09.283+0000] {logging_mixin.py:190} INFO - [2025-05-13T22:02:09.283+0000] {dagbag.py:588} INFO - Filling up the DagBag from /opt/airflow/dags/storeData.py
[2025-05-13T22:02:12.115+0000] {logging_mixin.py:190} WARNING - [nltk_data] Downloading package stopwords to
[nltk_data]     /home/airflow/nltk_data...
[2025-05-13T22:02:12.117+0000] {logging_mixin.py:190} WARNING - [nltk_data]   Package stopwords is already up-to-date!
[2025-05-13T22:02:12.119+0000] {logging_mixin.py:190} WARNING - [nltk_data] Downloading package punkt_tab to
[nltk_data]     /home/airflow/nltk_data...
[2025-05-13T22:02:12.139+0000] {logging_mixin.py:190} WARNING - [nltk_data]   Package punkt_tab is already up-to-date!
[2025-05-13T22:02:12.142+0000] {logging_mixin.py:190} INFO - [2025-05-13T22:02:12.141+0000] {client.py:194} INFO - API queries_quota: 60
[2025-05-13T22:02:12.143+0000] {processor.py:927} WARNING - No viable dags retrieved from /opt/airflow/dags/storeData.py
[2025-05-13T22:02:12.168+0000] {processor.py:208} INFO - Processing /opt/airflow/dags/storeData.py took 2.906 seconds
[2025-05-13T22:02:42.713+0000] {processor.py:186} INFO - Started process (PID=816) to work on /opt/airflow/dags/storeData.py
[2025-05-13T22:02:42.715+0000] {processor.py:914} INFO - Processing file /opt/airflow/dags/storeData.py for tasks to queue
[2025-05-13T22:02:42.719+0000] {logging_mixin.py:190} INFO - [2025-05-13T22:02:42.719+0000] {dagbag.py:588} INFO - Filling up the DagBag from /opt/airflow/dags/storeData.py
[2025-05-13T22:02:46.463+0000] {logging_mixin.py:190} WARNING - [nltk_data] Downloading package stopwords to
[nltk_data]     /home/airflow/nltk_data...
[2025-05-13T22:02:46.466+0000] {logging_mixin.py:190} WARNING - [nltk_data]   Package stopwords is already up-to-date!
[2025-05-13T22:02:46.468+0000] {logging_mixin.py:190} WARNING - [nltk_data] Downloading package punkt_tab to
[nltk_data]     /home/airflow/nltk_data...
[2025-05-13T22:02:46.496+0000] {logging_mixin.py:190} WARNING - [nltk_data]   Package punkt_tab is already up-to-date!
[2025-05-13T22:02:46.499+0000] {logging_mixin.py:190} INFO - [2025-05-13T22:02:46.498+0000] {client.py:194} INFO - API queries_quota: 60
[2025-05-13T22:02:46.501+0000] {processor.py:927} WARNING - No viable dags retrieved from /opt/airflow/dags/storeData.py
[2025-05-13T22:02:46.528+0000] {processor.py:208} INFO - Processing /opt/airflow/dags/storeData.py took 3.827 seconds
[2025-05-13T22:03:17.368+0000] {processor.py:186} INFO - Started process (PID=917) to work on /opt/airflow/dags/storeData.py
[2025-05-13T22:03:17.371+0000] {processor.py:914} INFO - Processing file /opt/airflow/dags/storeData.py for tasks to queue
[2025-05-13T22:03:17.376+0000] {logging_mixin.py:190} INFO - [2025-05-13T22:03:17.375+0000] {dagbag.py:588} INFO - Filling up the DagBag from /opt/airflow/dags/storeData.py
[2025-05-13T22:03:21.835+0000] {logging_mixin.py:190} WARNING - [nltk_data] Downloading package stopwords to
[nltk_data]     /home/airflow/nltk_data...
[2025-05-13T22:03:21.839+0000] {logging_mixin.py:190} WARNING - [nltk_data]   Package stopwords is already up-to-date!
[2025-05-13T22:03:21.840+0000] {logging_mixin.py:190} WARNING - [nltk_data] Downloading package punkt_tab to
[nltk_data]     /home/airflow/nltk_data...
[2025-05-13T22:03:21.860+0000] {logging_mixin.py:190} WARNING - [nltk_data]   Package punkt_tab is already up-to-date!
[2025-05-13T22:03:21.863+0000] {logging_mixin.py:190} INFO - [2025-05-13T22:03:21.862+0000] {client.py:194} INFO - API queries_quota: 60
[2025-05-13T22:03:21.864+0000] {processor.py:927} WARNING - No viable dags retrieved from /opt/airflow/dags/storeData.py
[2025-05-13T22:03:21.886+0000] {processor.py:208} INFO - Processing /opt/airflow/dags/storeData.py took 4.538 seconds
[2025-05-13T22:03:52.770+0000] {processor.py:186} INFO - Started process (PID=1008) to work on /opt/airflow/dags/storeData.py
[2025-05-13T22:03:52.772+0000] {processor.py:914} INFO - Processing file /opt/airflow/dags/storeData.py for tasks to queue
[2025-05-13T22:03:52.776+0000] {logging_mixin.py:190} INFO - [2025-05-13T22:03:52.776+0000] {dagbag.py:588} INFO - Filling up the DagBag from /opt/airflow/dags/storeData.py
[2025-05-13T22:03:56.275+0000] {logging_mixin.py:190} WARNING - [nltk_data] Error loading stopwords: <urlopen error [SSL:
[nltk_data]     UNEXPECTED_EOF_WHILE_READING] EOF occurred in
[nltk_data]     violation of protocol (_ssl.c:1010)>
[2025-05-13T22:03:58.019+0000] {logging_mixin.py:190} WARNING - [nltk_data] Downloading package punkt_tab to
[nltk_data]     /home/airflow/nltk_data...
[2025-05-13T22:03:58.045+0000] {logging_mixin.py:190} WARNING - [nltk_data]   Package punkt_tab is already up-to-date!
[2025-05-13T22:03:58.048+0000] {logging_mixin.py:190} INFO - [2025-05-13T22:03:58.046+0000] {client.py:194} INFO - API queries_quota: 60
[2025-05-13T22:03:58.050+0000] {processor.py:927} WARNING - No viable dags retrieved from /opt/airflow/dags/storeData.py
[2025-05-13T22:03:58.088+0000] {processor.py:208} INFO - Processing /opt/airflow/dags/storeData.py took 5.330 seconds
[2025-05-13T22:04:28.357+0000] {processor.py:186} INFO - Started process (PID=1099) to work on /opt/airflow/dags/storeData.py
[2025-05-13T22:04:28.359+0000] {processor.py:914} INFO - Processing file /opt/airflow/dags/storeData.py for tasks to queue
[2025-05-13T22:04:28.364+0000] {logging_mixin.py:190} INFO - [2025-05-13T22:04:28.363+0000] {dagbag.py:588} INFO - Filling up the DagBag from /opt/airflow/dags/storeData.py
[2025-05-13T22:04:31.335+0000] {logging_mixin.py:190} WARNING - [nltk_data] Downloading package stopwords to
[nltk_data]     /home/airflow/nltk_data...
[2025-05-13T22:04:31.341+0000] {logging_mixin.py:190} WARNING - [nltk_data]   Package stopwords is already up-to-date!
[2025-05-13T22:04:31.341+0000] {logging_mixin.py:190} WARNING - [nltk_data] Downloading package punkt_tab to
[nltk_data]     /home/airflow/nltk_data...
[2025-05-13T22:04:31.361+0000] {logging_mixin.py:190} WARNING - [nltk_data]   Package punkt_tab is already up-to-date!
[2025-05-13T22:04:31.364+0000] {logging_mixin.py:190} INFO - [2025-05-13T22:04:31.363+0000] {client.py:194} INFO - API queries_quota: 60
[2025-05-13T22:04:31.366+0000] {processor.py:927} WARNING - No viable dags retrieved from /opt/airflow/dags/storeData.py
[2025-05-13T22:04:31.396+0000] {processor.py:208} INFO - Processing /opt/airflow/dags/storeData.py took 3.050 seconds
[2025-05-13T22:05:02.080+0000] {processor.py:186} INFO - Started process (PID=1190) to work on /opt/airflow/dags/storeData.py
[2025-05-13T22:05:02.083+0000] {processor.py:914} INFO - Processing file /opt/airflow/dags/storeData.py for tasks to queue
[2025-05-13T22:05:02.089+0000] {logging_mixin.py:190} INFO - [2025-05-13T22:05:02.088+0000] {dagbag.py:588} INFO - Filling up the DagBag from /opt/airflow/dags/storeData.py
[2025-05-13T22:05:04.965+0000] {logging_mixin.py:190} WARNING - [nltk_data] Downloading package stopwords to
[nltk_data]     /home/airflow/nltk_data...
[2025-05-13T22:05:04.969+0000] {logging_mixin.py:190} WARNING - [nltk_data]   Package stopwords is already up-to-date!
[2025-05-13T22:05:04.971+0000] {logging_mixin.py:190} WARNING - [nltk_data] Downloading package punkt_tab to
[nltk_data]     /home/airflow/nltk_data...
[2025-05-13T22:05:04.988+0000] {logging_mixin.py:190} WARNING - [nltk_data]   Package punkt_tab is already up-to-date!
[2025-05-13T22:05:04.992+0000] {logging_mixin.py:190} INFO - [2025-05-13T22:05:04.990+0000] {client.py:194} INFO - API queries_quota: 60
[2025-05-13T22:05:04.997+0000] {processor.py:927} WARNING - No viable dags retrieved from /opt/airflow/dags/storeData.py
[2025-05-13T22:05:05.025+0000] {processor.py:208} INFO - Processing /opt/airflow/dags/storeData.py took 2.966 seconds
[2025-05-13T22:05:35.286+0000] {processor.py:186} INFO - Started process (PID=1281) to work on /opt/airflow/dags/storeData.py
[2025-05-13T22:05:35.289+0000] {processor.py:914} INFO - Processing file /opt/airflow/dags/storeData.py for tasks to queue
[2025-05-13T22:05:35.294+0000] {logging_mixin.py:190} INFO - [2025-05-13T22:05:35.294+0000] {dagbag.py:588} INFO - Filling up the DagBag from /opt/airflow/dags/storeData.py
[2025-05-13T22:05:38.497+0000] {logging_mixin.py:190} WARNING - [nltk_data] Downloading package stopwords to
[nltk_data]     /home/airflow/nltk_data...
[2025-05-13T22:05:38.500+0000] {logging_mixin.py:190} WARNING - [nltk_data]   Package stopwords is already up-to-date!
[2025-05-13T22:05:38.501+0000] {logging_mixin.py:190} WARNING - [nltk_data] Downloading package punkt_tab to
[nltk_data]     /home/airflow/nltk_data...
[2025-05-13T22:05:38.519+0000] {logging_mixin.py:190} WARNING - [nltk_data]   Package punkt_tab is already up-to-date!
[2025-05-13T22:05:38.522+0000] {logging_mixin.py:190} INFO - [2025-05-13T22:05:38.521+0000] {client.py:194} INFO - API queries_quota: 60
[2025-05-13T22:05:38.523+0000] {processor.py:927} WARNING - No viable dags retrieved from /opt/airflow/dags/storeData.py
[2025-05-13T22:05:38.549+0000] {processor.py:208} INFO - Processing /opt/airflow/dags/storeData.py took 3.277 seconds
[2025-05-13T22:06:08.709+0000] {processor.py:186} INFO - Started process (PID=1375) to work on /opt/airflow/dags/storeData.py
[2025-05-13T22:06:08.712+0000] {processor.py:914} INFO - Processing file /opt/airflow/dags/storeData.py for tasks to queue
[2025-05-13T22:06:08.720+0000] {logging_mixin.py:190} INFO - [2025-05-13T22:06:08.720+0000] {dagbag.py:588} INFO - Filling up the DagBag from /opt/airflow/dags/storeData.py
[2025-05-13T22:06:11.779+0000] {logging_mixin.py:190} WARNING - [nltk_data] Downloading package stopwords to
[nltk_data]     /home/airflow/nltk_data...
[2025-05-13T22:06:11.783+0000] {logging_mixin.py:190} WARNING - [nltk_data]   Package stopwords is already up-to-date!
[2025-05-13T22:06:11.785+0000] {logging_mixin.py:190} WARNING - [nltk_data] Downloading package punkt_tab to
[nltk_data]     /home/airflow/nltk_data...
[2025-05-13T22:06:11.804+0000] {logging_mixin.py:190} WARNING - [nltk_data]   Package punkt_tab is already up-to-date!
[2025-05-13T22:06:11.808+0000] {logging_mixin.py:190} INFO - [2025-05-13T22:06:11.807+0000] {client.py:194} INFO - API queries_quota: 60
[2025-05-13T22:06:11.810+0000] {processor.py:927} WARNING - No viable dags retrieved from /opt/airflow/dags/storeData.py
[2025-05-13T22:06:11.843+0000] {processor.py:208} INFO - Processing /opt/airflow/dags/storeData.py took 3.157 seconds
[2025-05-13T22:06:41.999+0000] {processor.py:186} INFO - Started process (PID=1467) to work on /opt/airflow/dags/storeData.py
[2025-05-13T22:06:42.002+0000] {processor.py:914} INFO - Processing file /opt/airflow/dags/storeData.py for tasks to queue
[2025-05-13T22:06:42.006+0000] {logging_mixin.py:190} INFO - [2025-05-13T22:06:42.005+0000] {dagbag.py:588} INFO - Filling up the DagBag from /opt/airflow/dags/storeData.py
[2025-05-13T22:06:45.207+0000] {logging_mixin.py:190} WARNING - [nltk_data] Downloading package stopwords to
[nltk_data]     /home/airflow/nltk_data...
[2025-05-13T22:06:45.209+0000] {logging_mixin.py:190} WARNING - [nltk_data]   Package stopwords is already up-to-date!
[2025-05-13T22:06:45.211+0000] {logging_mixin.py:190} WARNING - [nltk_data] Downloading package punkt_tab to
[nltk_data]     /home/airflow/nltk_data...
[2025-05-13T22:06:45.226+0000] {logging_mixin.py:190} WARNING - [nltk_data]   Package punkt_tab is already up-to-date!
[2025-05-13T22:06:45.229+0000] {logging_mixin.py:190} INFO - [2025-05-13T22:06:45.228+0000] {client.py:194} INFO - API queries_quota: 60
[2025-05-13T22:06:45.230+0000] {processor.py:927} WARNING - No viable dags retrieved from /opt/airflow/dags/storeData.py
[2025-05-13T22:06:45.257+0000] {processor.py:208} INFO - Processing /opt/airflow/dags/storeData.py took 3.268 seconds
