[2025-05-09T13:25:52.633+0000] {local_task_job_runner.py:123} INFO - ::group::Pre task execution logs
[2025-05-09T13:25:52.708+0000] {taskinstance.py:2614} INFO - Dependencies all met for dep_context=non-requeueable deps ti=<TaskInstance: google_maps_reviews.normalize_and_clean_data scheduled__2025-05-08T00:00:00+00:00 [queued]>
[2025-05-09T13:25:52.751+0000] {taskinstance.py:2614} INFO - Dependencies all met for dep_context=requeueable deps ti=<TaskInstance: google_maps_reviews.normalize_and_clean_data scheduled__2025-05-08T00:00:00+00:00 [queued]>
[2025-05-09T13:25:52.781+0000] {taskinstance.py:2867} INFO - Starting attempt 1 of 2
[2025-05-09T13:25:52.939+0000] {taskinstance.py:2890} INFO - Executing <Task(PythonOperator): normalize_and_clean_data> on 2025-05-08 00:00:00+00:00
[2025-05-09T13:25:52.969+0000] {standard_task_runner.py:104} INFO - Running: ['***', 'tasks', 'run', 'google_maps_reviews', 'normalize_and_clean_data', 'scheduled__2025-05-08T00:00:00+00:00', '--job-id', '978', '--raw', '--subdir', 'DAGS_FOLDER/***dag.py', '--cfg-path', '/tmp/tmpxx8qj_os']
[2025-05-09T13:25:52.966+0000] {warnings.py:112} WARNING - /home/***/.local/lib/python3.12/site-packages/***/task/task_runner/standard_task_runner.py:70: DeprecationWarning: This process (pid=410) is multi-threaded, use of fork() may lead to deadlocks in the child.
  pid = os.fork()

[2025-05-09T13:25:52.979+0000] {standard_task_runner.py:105} INFO - Job 978: Subtask normalize_and_clean_data
[2025-05-09T13:25:52.980+0000] {standard_task_runner.py:72} INFO - Started process 425 to run task
[2025-05-09T13:25:53.074+0000] {task_command.py:467} INFO - Running <TaskInstance: google_maps_reviews.normalize_and_clean_data scheduled__2025-05-08T00:00:00+00:00 [running]> on host ff2d23694728
[2025-05-09T13:25:53.226+0000] {taskinstance.py:3134} INFO - Exporting env vars: AIRFLOW_CTX_DAG_EMAIL='elkhalfimaryame@gmail.com' AIRFLOW_CTX_DAG_OWNER='***' AIRFLOW_CTX_DAG_ID='google_maps_reviews' AIRFLOW_CTX_TASK_ID='normalize_and_clean_data' AIRFLOW_CTX_EXECUTION_DATE='2025-05-08T00:00:00+00:00' AIRFLOW_CTX_TRY_NUMBER='1' AIRFLOW_CTX_DAG_RUN_ID='scheduled__2025-05-08T00:00:00+00:00'
[2025-05-09T13:25:53.228+0000] {logging_mixin.py:190} INFO - Task instance is in running state
[2025-05-09T13:25:53.229+0000] {logging_mixin.py:190} INFO -  Previous state of the Task instance: queued
[2025-05-09T13:25:53.230+0000] {logging_mixin.py:190} INFO - Current task name:normalize_and_clean_data state:running start_date:2025-05-09 13:25:52.710575+00:00
[2025-05-09T13:25:53.231+0000] {logging_mixin.py:190} INFO - Dag name:google_maps_reviews and current dag run status:running
[2025-05-09T13:25:53.232+0000] {taskinstance.py:732} INFO - ::endgroup::
[2025-05-09T13:25:53.253+0000] {base.py:84} INFO - Retrieving connection 'postgres_defaut'
[2025-05-09T13:25:53.272+0000] {warnings.py:112} WARNING - /opt/***/dags/storeData.py:328: UserWarning: pandas only supports SQLAlchemy connectable (engine/connection) or database string URI or sqlite3 DBAPI2 connection. Other DBAPI2 objects are not tested. Please consider using SQLAlchemy.
  df = pd.read_sql("SELECT * FROM review.raw_reviews", conn)

[2025-05-09T13:25:56.635+0000] {logging_mixin.py:190} INFO - Data normalized and cleaned successfully.
[2025-05-09T13:25:56.640+0000] {python.py:240} INFO - Done. Returned value was: None
[2025-05-09T13:25:56.655+0000] {taskinstance.py:341} INFO - ::group::Post task execution logs
[2025-05-09T13:25:56.656+0000] {taskinstance.py:353} INFO - Marking task as SUCCESS. dag_id=google_maps_reviews, task_id=normalize_and_clean_data, run_id=scheduled__2025-05-08T00:00:00+00:00, execution_date=20250508T000000, start_date=20250509T132552, end_date=20250509T132556
[2025-05-09T13:25:56.693+0000] {logging_mixin.py:190} INFO - Task instance in success state
[2025-05-09T13:25:56.694+0000] {logging_mixin.py:190} INFO -  Previous state of the Task instance: running
[2025-05-09T13:25:56.695+0000] {logging_mixin.py:190} INFO - Dag name:google_maps_reviews queued_at:2025-05-09 00:00:00.708575+00:00
[2025-05-09T13:25:56.696+0000] {logging_mixin.py:190} INFO - Task hostname:ff2d23694728 operator:PythonOperator
[2025-05-09T13:25:56.737+0000] {local_task_job_runner.py:266} INFO - Task exited with return code 0
[2025-05-09T13:25:56.799+0000] {taskinstance.py:3901} INFO - 1 downstream tasks scheduled from follow-on schedule check
[2025-05-09T13:25:56.803+0000] {local_task_job_runner.py:245} INFO - ::endgroup::
