[2025-04-04T18:43:27.444+0000] {local_task_job_runner.py:123} INFO - ::group::Pre task execution logs
[2025-04-04T18:43:27.482+0000] {taskinstance.py:2614} INFO - Dependencies all met for dep_context=non-requeueable deps ti=<TaskInstance: google_maps_reviews_pipeline.fetch_google_reviews manual__2025-04-04T18:43:20.593923+00:00 [queued]>
[2025-04-04T18:43:27.498+0000] {taskinstance.py:2614} INFO - Dependencies all met for dep_context=requeueable deps ti=<TaskInstance: google_maps_reviews_pipeline.fetch_google_reviews manual__2025-04-04T18:43:20.593923+00:00 [queued]>
[2025-04-04T18:43:27.510+0000] {taskinstance.py:2867} INFO - Starting attempt 1 of 2
[2025-04-04T18:43:27.549+0000] {taskinstance.py:2890} INFO - Executing <Task(PythonOperator): fetch_google_reviews> on 2025-04-04 18:43:20.593923+00:00
[2025-04-04T18:43:27.567+0000] {warnings.py:112} WARNING - /home/***/.local/lib/python3.12/site-packages/***/task/task_runner/standard_task_runner.py:70: DeprecationWarning: This process (pid=182) is multi-threaded, use of fork() may lead to deadlocks in the child.
  pid = os.fork()

[2025-04-04T18:43:27.571+0000] {standard_task_runner.py:72} INFO - Started process 197 to run task
[2025-04-04T18:43:27.572+0000] {standard_task_runner.py:104} INFO - Running: ['***', 'tasks', 'run', 'google_maps_reviews_pipeline', 'fetch_google_reviews', 'manual__2025-04-04T18:43:20.593923+00:00', '--job-id', '12', '--raw', '--subdir', 'DAGS_FOLDER/***dag.py', '--cfg-path', '/tmp/tmpkuclkv_4']
[2025-04-04T18:43:27.575+0000] {standard_task_runner.py:105} INFO - Job 12: Subtask fetch_google_reviews
[2025-04-04T18:43:27.676+0000] {task_command.py:467} INFO - Running <TaskInstance: google_maps_reviews_pipeline.fetch_google_reviews manual__2025-04-04T18:43:20.593923+00:00 [running]> on host c3eecb2684dd
[2025-04-04T18:43:27.869+0000] {taskinstance.py:3134} INFO - Exporting env vars: AIRFLOW_CTX_DAG_OWNER='***' AIRFLOW_CTX_DAG_ID='google_maps_reviews_pipeline' AIRFLOW_CTX_TASK_ID='fetch_google_reviews' AIRFLOW_CTX_EXECUTION_DATE='2025-04-04T18:43:20.593923+00:00' AIRFLOW_CTX_TRY_NUMBER='1' AIRFLOW_CTX_DAG_RUN_ID='manual__2025-04-04T18:43:20.593923+00:00'
[2025-04-04T18:43:27.875+0000] {logging_mixin.py:190} INFO - Task instance is in running state
[2025-04-04T18:43:27.877+0000] {logging_mixin.py:190} INFO -  Previous state of the Task instance: queued
[2025-04-04T18:43:27.880+0000] {logging_mixin.py:190} INFO - Current task name:fetch_google_reviews state:running start_date:2025-04-04 18:43:27.483568+00:00
[2025-04-04T18:43:27.884+0000] {logging_mixin.py:190} INFO - Dag name:google_maps_reviews_pipeline and current dag run status:running
[2025-04-04T18:43:27.886+0000] {taskinstance.py:732} INFO - ::endgroup::
[2025-04-04T18:43:27.896+0000] {client.py:194} INFO - API queries_quota: 60
[2025-04-04T18:43:31.620+0000] {logging_mixin.py:190} INFO - Data successfully saved to /opt/***/dags/input/reviews.csv
[2025-04-04T18:43:31.622+0000] {python.py:240} INFO - Done. Returned value was: None
[2025-04-04T18:43:31.647+0000] {taskinstance.py:341} INFO - ::group::Post task execution logs
[2025-04-04T18:43:31.649+0000] {taskinstance.py:353} INFO - Marking task as SUCCESS. dag_id=google_maps_reviews_pipeline, task_id=fetch_google_reviews, run_id=manual__2025-04-04T18:43:20.593923+00:00, execution_date=20250404T184320, start_date=20250404T184327, end_date=20250404T184331
[2025-04-04T18:43:31.716+0000] {logging_mixin.py:190} INFO - Task instance in success state
[2025-04-04T18:43:31.717+0000] {logging_mixin.py:190} INFO -  Previous state of the Task instance: running
[2025-04-04T18:43:31.718+0000] {logging_mixin.py:190} INFO - Dag name:google_maps_reviews_pipeline queued_at:2025-04-04 18:43:20.618851+00:00
[2025-04-04T18:43:31.719+0000] {logging_mixin.py:190} INFO - Task hostname:c3eecb2684dd operator:PythonOperator
[2025-04-04T18:43:31.749+0000] {local_task_job_runner.py:266} INFO - Task exited with return code 0
[2025-04-04T18:43:31.806+0000] {taskinstance.py:3901} INFO - 1 downstream tasks scheduled from follow-on schedule check
[2025-04-04T18:43:31.810+0000] {local_task_job_runner.py:245} INFO - ::endgroup::
