[2025-05-03T13:15:59.649+0000] {local_task_job_runner.py:123} INFO - ::group::Pre task execution logs
[2025-05-03T13:15:59.692+0000] {taskinstance.py:2614} INFO - Dependencies all met for dep_context=non-requeueable deps ti=<TaskInstance: google_maps_reviews.remove_duplicates manual__2025-05-03T13:15:11.299240+00:00 [queued]>
[2025-05-03T13:15:59.711+0000] {taskinstance.py:2614} INFO - Dependencies all met for dep_context=requeueable deps ti=<TaskInstance: google_maps_reviews.remove_duplicates manual__2025-05-03T13:15:11.299240+00:00 [queued]>
[2025-05-03T13:15:59.713+0000] {taskinstance.py:2867} INFO - Starting attempt 1 of 2
[2025-05-03T13:15:59.740+0000] {taskinstance.py:2890} INFO - Executing <Task(PythonOperator): remove_duplicates> on 2025-05-03 13:15:11.299240+00:00
[2025-05-03T13:15:59.759+0000] {warnings.py:112} WARNING - /home/***/.local/lib/python3.12/site-packages/***/task/task_runner/standard_task_runner.py:70: DeprecationWarning: This process (pid=3160) is multi-threaded, use of fork() may lead to deadlocks in the child.
  pid = os.fork()

[2025-05-03T13:15:59.763+0000] {standard_task_runner.py:72} INFO - Started process 3175 to run task
[2025-05-03T13:15:59.763+0000] {standard_task_runner.py:104} INFO - Running: ['***', 'tasks', 'run', 'google_maps_reviews', 'remove_duplicates', 'manual__2025-05-03T13:15:11.299240+00:00', '--job-id', '272', '--raw', '--subdir', 'DAGS_FOLDER/***dag.py', '--cfg-path', '/tmp/tmp2b9x62ll']
[2025-05-03T13:15:59.766+0000] {standard_task_runner.py:105} INFO - Job 272: Subtask remove_duplicates
[2025-05-03T13:15:59.855+0000] {task_command.py:467} INFO - Running <TaskInstance: google_maps_reviews.remove_duplicates manual__2025-05-03T13:15:11.299240+00:00 [running]> on host 8280c28b7f0f
[2025-05-03T13:16:00.023+0000] {taskinstance.py:3134} INFO - Exporting env vars: AIRFLOW_CTX_DAG_OWNER='***' AIRFLOW_CTX_DAG_ID='google_maps_reviews' AIRFLOW_CTX_TASK_ID='remove_duplicates' AIRFLOW_CTX_EXECUTION_DATE='2025-05-03T13:15:11.299240+00:00' AIRFLOW_CTX_TRY_NUMBER='1' AIRFLOW_CTX_DAG_RUN_ID='manual__2025-05-03T13:15:11.299240+00:00'
[2025-05-03T13:16:00.026+0000] {logging_mixin.py:190} INFO - Task instance is in running state
[2025-05-03T13:16:00.027+0000] {logging_mixin.py:190} INFO -  Previous state of the Task instance: queued
[2025-05-03T13:16:00.028+0000] {logging_mixin.py:190} INFO - Current task name:remove_duplicates state:running start_date:2025-05-03 13:15:59.693665+00:00
[2025-05-03T13:16:00.029+0000] {logging_mixin.py:190} INFO - Dag name:google_maps_reviews and current dag run status:running
[2025-05-03T13:16:00.030+0000] {taskinstance.py:732} INFO - ::endgroup::
[2025-05-03T13:16:00.058+0000] {base.py:84} INFO - Retrieving connection 'postgres_defaut'
[2025-05-03T13:16:00.093+0000] {logging_mixin.py:190} INFO - Duplicate reviews removed.
[2025-05-03T13:16:00.095+0000] {python.py:240} INFO - Done. Returned value was: None
[2025-05-03T13:16:00.117+0000] {taskinstance.py:341} INFO - ::group::Post task execution logs
[2025-05-03T13:16:00.120+0000] {taskinstance.py:353} INFO - Marking task as SUCCESS. dag_id=google_maps_reviews, task_id=remove_duplicates, run_id=manual__2025-05-03T13:15:11.299240+00:00, execution_date=20250503T131511, start_date=20250503T131559, end_date=20250503T131600
[2025-05-03T13:16:00.172+0000] {logging_mixin.py:190} INFO - Task instance in success state
[2025-05-03T13:16:00.174+0000] {logging_mixin.py:190} INFO -  Previous state of the Task instance: running
[2025-05-03T13:16:00.175+0000] {logging_mixin.py:190} INFO - Dag name:google_maps_reviews queued_at:2025-05-03 13:15:11.390014+00:00
[2025-05-03T13:16:00.176+0000] {logging_mixin.py:190} INFO - Task hostname:8280c28b7f0f operator:PythonOperator
[2025-05-03T13:16:00.226+0000] {local_task_job_runner.py:266} INFO - Task exited with return code 0
[2025-05-03T13:16:00.292+0000] {taskinstance.py:3901} INFO - 1 downstream tasks scheduled from follow-on schedule check
[2025-05-03T13:16:00.297+0000] {local_task_job_runner.py:245} INFO - ::endgroup::
