[2025-05-03T06:37:56.092+0000] {local_task_job_runner.py:123} INFO - ::group::Pre task execution logs
[2025-05-03T06:37:56.135+0000] {taskinstance.py:2614} INFO - Dependencies all met for dep_context=non-requeueable deps ti=<TaskInstance: google_maps_reviews.remove_duplicates manual__2025-05-03T06:36:31.925269+00:00 [queued]>
[2025-05-03T06:37:56.157+0000] {taskinstance.py:2614} INFO - Dependencies all met for dep_context=requeueable deps ti=<TaskInstance: google_maps_reviews.remove_duplicates manual__2025-05-03T06:36:31.925269+00:00 [queued]>
[2025-05-03T06:37:56.159+0000] {taskinstance.py:2867} INFO - Starting attempt 1 of 2
[2025-05-03T06:37:56.189+0000] {taskinstance.py:2890} INFO - Executing <Task(PythonOperator): remove_duplicates> on 2025-05-03 06:36:31.925269+00:00
[2025-05-03T06:37:56.210+0000] {warnings.py:112} WARNING - /home/***/.local/lib/python3.12/site-packages/***/task/task_runner/standard_task_runner.py:70: DeprecationWarning: This process (pid=401) is multi-threaded, use of fork() may lead to deadlocks in the child.
  pid = os.fork()

[2025-05-03T06:37:56.214+0000] {standard_task_runner.py:72} INFO - Started process 422 to run task
[2025-05-03T06:37:56.215+0000] {standard_task_runner.py:104} INFO - Running: ['***', 'tasks', 'run', 'google_maps_reviews', 'remove_duplicates', 'manual__2025-05-03T06:36:31.925269+00:00', '--job-id', '195', '--raw', '--subdir', 'DAGS_FOLDER/***dag.py', '--cfg-path', '/tmp/tmp5dzib8k1']
[2025-05-03T06:37:56.220+0000] {standard_task_runner.py:105} INFO - Job 195: Subtask remove_duplicates
[2025-05-03T06:37:56.325+0000] {task_command.py:467} INFO - Running <TaskInstance: google_maps_reviews.remove_duplicates manual__2025-05-03T06:36:31.925269+00:00 [running]> on host 8280c28b7f0f
[2025-05-03T06:37:56.500+0000] {taskinstance.py:3134} INFO - Exporting env vars: AIRFLOW_CTX_DAG_OWNER='***' AIRFLOW_CTX_DAG_ID='google_maps_reviews' AIRFLOW_CTX_TASK_ID='remove_duplicates' AIRFLOW_CTX_EXECUTION_DATE='2025-05-03T06:36:31.925269+00:00' AIRFLOW_CTX_TRY_NUMBER='1' AIRFLOW_CTX_DAG_RUN_ID='manual__2025-05-03T06:36:31.925269+00:00'
[2025-05-03T06:37:56.503+0000] {logging_mixin.py:190} INFO - Task instance is in running state
[2025-05-03T06:37:56.504+0000] {logging_mixin.py:190} INFO -  Previous state of the Task instance: queued
[2025-05-03T06:37:56.505+0000] {logging_mixin.py:190} INFO - Current task name:remove_duplicates state:running start_date:2025-05-03 06:37:56.137235+00:00
[2025-05-03T06:37:56.506+0000] {logging_mixin.py:190} INFO - Dag name:google_maps_reviews and current dag run status:running
[2025-05-03T06:37:56.507+0000] {taskinstance.py:732} INFO - ::endgroup::
[2025-05-03T06:37:56.525+0000] {base.py:84} INFO - Retrieving connection 'postgres_defaut'
[2025-05-03T06:37:56.547+0000] {logging_mixin.py:190} INFO - Duplicate reviews removed.
[2025-05-03T06:37:56.549+0000] {python.py:240} INFO - Done. Returned value was: None
[2025-05-03T06:37:56.567+0000] {taskinstance.py:341} INFO - ::group::Post task execution logs
[2025-05-03T06:37:56.568+0000] {taskinstance.py:353} INFO - Marking task as SUCCESS. dag_id=google_maps_reviews, task_id=remove_duplicates, run_id=manual__2025-05-03T06:36:31.925269+00:00, execution_date=20250503T063631, start_date=20250503T063756, end_date=20250503T063756
[2025-05-03T06:37:56.616+0000] {logging_mixin.py:190} INFO - Task instance in success state
[2025-05-03T06:37:56.617+0000] {logging_mixin.py:190} INFO -  Previous state of the Task instance: running
[2025-05-03T06:37:56.618+0000] {logging_mixin.py:190} INFO - Dag name:google_maps_reviews queued_at:2025-05-03 06:36:32.025832+00:00
[2025-05-03T06:37:56.619+0000] {logging_mixin.py:190} INFO - Task hostname:8280c28b7f0f operator:PythonOperator
[2025-05-03T06:37:56.674+0000] {local_task_job_runner.py:266} INFO - Task exited with return code 0
[2025-05-03T06:37:56.753+0000] {taskinstance.py:3901} INFO - 1 downstream tasks scheduled from follow-on schedule check
[2025-05-03T06:37:56.774+0000] {local_task_job_runner.py:245} INFO - ::endgroup::
