[2025-05-09T13:23:31.597+0000] {local_task_job_runner.py:123} INFO - ::group::Pre task execution logs
[2025-05-09T13:23:31.628+0000] {taskinstance.py:2614} INFO - Dependencies all met for dep_context=non-requeueable deps ti=<TaskInstance: google_maps_reviews.fetch_google_reviews scheduled__2025-05-08T00:00:00+00:00 [queued]>
[2025-05-09T13:23:31.645+0000] {taskinstance.py:2614} INFO - Dependencies all met for dep_context=requeueable deps ti=<TaskInstance: google_maps_reviews.fetch_google_reviews scheduled__2025-05-08T00:00:00+00:00 [queued]>
[2025-05-09T13:23:31.647+0000] {taskinstance.py:2867} INFO - Starting attempt 3 of 4
[2025-05-09T13:23:31.676+0000] {taskinstance.py:2890} INFO - Executing <Task(PythonOperator): fetch_google_reviews> on 2025-05-08 00:00:00+00:00
[2025-05-09T13:23:31.697+0000] {warnings.py:112} WARNING - /home/***/.local/lib/python3.12/site-packages/***/task/task_runner/standard_task_runner.py:70: DeprecationWarning: This process (pid=313) is multi-threaded, use of fork() may lead to deadlocks in the child.
  pid = os.fork()

[2025-05-09T13:23:31.702+0000] {standard_task_runner.py:72} INFO - Started process 328 to run task
[2025-05-09T13:23:31.700+0000] {standard_task_runner.py:104} INFO - Running: ['***', 'tasks', 'run', 'google_maps_reviews', 'fetch_google_reviews', 'scheduled__2025-05-08T00:00:00+00:00', '--job-id', '974', '--raw', '--subdir', 'DAGS_FOLDER/***dag.py', '--cfg-path', '/tmp/tmp3m4iu7gn']
[2025-05-09T13:23:31.704+0000] {standard_task_runner.py:105} INFO - Job 974: Subtask fetch_google_reviews
[2025-05-09T13:23:31.793+0000] {task_command.py:467} INFO - Running <TaskInstance: google_maps_reviews.fetch_google_reviews scheduled__2025-05-08T00:00:00+00:00 [running]> on host ff2d23694728
[2025-05-09T13:23:31.978+0000] {taskinstance.py:3134} INFO - Exporting env vars: AIRFLOW_CTX_DAG_EMAIL='elkhalfimaryame@gmail.com' AIRFLOW_CTX_DAG_OWNER='***' AIRFLOW_CTX_DAG_ID='google_maps_reviews' AIRFLOW_CTX_TASK_ID='fetch_google_reviews' AIRFLOW_CTX_EXECUTION_DATE='2025-05-08T00:00:00+00:00' AIRFLOW_CTX_TRY_NUMBER='3' AIRFLOW_CTX_DAG_RUN_ID='scheduled__2025-05-08T00:00:00+00:00'
[2025-05-09T13:23:31.980+0000] {logging_mixin.py:190} INFO - Task instance is in running state
[2025-05-09T13:23:31.981+0000] {logging_mixin.py:190} INFO -  Previous state of the Task instance: queued
[2025-05-09T13:23:31.982+0000] {logging_mixin.py:190} INFO - Current task name:fetch_google_reviews state:running start_date:2025-05-09 13:23:31.630369+00:00
[2025-05-09T13:23:31.983+0000] {logging_mixin.py:190} INFO - Dag name:google_maps_reviews and current dag run status:running
[2025-05-09T13:23:31.984+0000] {taskinstance.py:732} INFO - ::endgroup::
[2025-05-09T13:25:31.299+0000] {logging_mixin.py:190} INFO - 1895 reviews collected from 441 bank branches.
[2025-05-09T13:25:31.302+0000] {python.py:240} INFO - Done. Returned value was: None
[2025-05-09T13:25:31.324+0000] {taskinstance.py:341} INFO - ::group::Post task execution logs
[2025-05-09T13:25:31.326+0000] {taskinstance.py:353} INFO - Marking task as SUCCESS. dag_id=google_maps_reviews, task_id=fetch_google_reviews, run_id=scheduled__2025-05-08T00:00:00+00:00, execution_date=20250508T000000, start_date=20250509T132331, end_date=20250509T132531
[2025-05-09T13:25:31.374+0000] {logging_mixin.py:190} INFO - Task instance in success state
[2025-05-09T13:25:31.375+0000] {logging_mixin.py:190} INFO -  Previous state of the Task instance: running
[2025-05-09T13:25:31.376+0000] {logging_mixin.py:190} INFO - Dag name:google_maps_reviews queued_at:2025-05-09 00:00:00.708575+00:00
[2025-05-09T13:25:31.377+0000] {logging_mixin.py:190} INFO - Task hostname:ff2d23694728 operator:PythonOperator
[2025-05-09T13:25:31.411+0000] {local_task_job_runner.py:266} INFO - Task exited with return code 0
[2025-05-09T13:25:31.480+0000] {taskinstance.py:3901} INFO - 1 downstream tasks scheduled from follow-on schedule check
[2025-05-09T13:25:31.484+0000] {local_task_job_runner.py:245} INFO - ::endgroup::
