[2025-05-09T13:27:29.833+0000] {local_task_job_runner.py:123} INFO - ::group::Pre task execution logs
[2025-05-09T13:27:29.874+0000] {taskinstance.py:2614} INFO - Dependencies all met for dep_context=non-requeueable deps ti=<TaskInstance: google_maps_reviews.run_dbt_models scheduled__2025-05-08T00:00:00+00:00 [queued]>
[2025-05-09T13:27:29.896+0000] {taskinstance.py:2614} INFO - Dependencies all met for dep_context=requeueable deps ti=<TaskInstance: google_maps_reviews.run_dbt_models scheduled__2025-05-08T00:00:00+00:00 [queued]>
[2025-05-09T13:27:29.898+0000] {taskinstance.py:2867} INFO - Starting attempt 1 of 2
[2025-05-09T13:27:29.922+0000] {taskinstance.py:2890} INFO - Executing <Task(BashOperator): run_dbt_models> on 2025-05-08 00:00:00+00:00
[2025-05-09T13:27:29.939+0000] {warnings.py:112} WARNING - /home/***/.local/lib/python3.12/site-packages/***/task/task_runner/standard_task_runner.py:70: DeprecationWarning: This process (pid=516) is multi-threaded, use of fork() may lead to deadlocks in the child.
  pid = os.fork()

[2025-05-09T13:27:29.944+0000] {standard_task_runner.py:72} INFO - Started process 531 to run task
[2025-05-09T13:27:29.943+0000] {standard_task_runner.py:104} INFO - Running: ['***', 'tasks', 'run', 'google_maps_reviews', 'run_dbt_models', 'scheduled__2025-05-08T00:00:00+00:00', '--job-id', '983', '--raw', '--subdir', 'DAGS_FOLDER/***dag.py', '--cfg-path', '/tmp/tmptos75rx8']
[2025-05-09T13:27:29.946+0000] {standard_task_runner.py:105} INFO - Job 983: Subtask run_dbt_models
[2025-05-09T13:27:30.036+0000] {task_command.py:467} INFO - Running <TaskInstance: google_maps_reviews.run_dbt_models scheduled__2025-05-08T00:00:00+00:00 [running]> on host ff2d23694728
[2025-05-09T13:27:30.222+0000] {taskinstance.py:3134} INFO - Exporting env vars: AIRFLOW_CTX_DAG_EMAIL='elkhalfimaryame@gmail.com' AIRFLOW_CTX_DAG_OWNER='***' AIRFLOW_CTX_DAG_ID='google_maps_reviews' AIRFLOW_CTX_TASK_ID='run_dbt_models' AIRFLOW_CTX_EXECUTION_DATE='2025-05-08T00:00:00+00:00' AIRFLOW_CTX_TRY_NUMBER='1' AIRFLOW_CTX_DAG_RUN_ID='scheduled__2025-05-08T00:00:00+00:00'
[2025-05-09T13:27:30.225+0000] {logging_mixin.py:190} INFO - Task instance is in running state
[2025-05-09T13:27:30.226+0000] {logging_mixin.py:190} INFO -  Previous state of the Task instance: queued
[2025-05-09T13:27:30.227+0000] {logging_mixin.py:190} INFO - Current task name:run_dbt_models state:running start_date:2025-05-09 13:27:29.876024+00:00
[2025-05-09T13:27:30.228+0000] {logging_mixin.py:190} INFO - Dag name:google_maps_reviews and current dag run status:running
[2025-05-09T13:27:30.229+0000] {taskinstance.py:732} INFO - ::endgroup::
[2025-05-09T13:27:30.230+0000] {subprocess.py:78} INFO - Tmp dir root location: /tmp
[2025-05-09T13:27:30.233+0000] {subprocess.py:88} INFO - Running command: ['/usr/bin/bash', '-c', 'cd /opt/***/dbt_project/bank_reviews_dbt && dbt run --profiles-dir .']
[2025-05-09T13:27:30.260+0000] {subprocess.py:99} INFO - Output:
[2025-05-09T13:27:36.329+0000] {subprocess.py:106} INFO - [0m13:27:36  Running with dbt=1.9.4
[2025-05-09T13:27:37.091+0000] {subprocess.py:106} INFO - [0m13:27:37  Registered adapter: postgres=1.9.0
[2025-05-09T13:27:38.515+0000] {subprocess.py:106} INFO - [0m13:27:38  Found 5 models, 12 data tests, 433 macros
[2025-05-09T13:27:38.524+0000] {subprocess.py:106} INFO - [0m13:27:38
[2025-05-09T13:27:38.526+0000] {subprocess.py:106} INFO - [0m13:27:38  Concurrency: 1 threads (target='dev')
[2025-05-09T13:27:38.528+0000] {subprocess.py:106} INFO - [0m13:27:38
[2025-05-09T13:27:38.821+0000] {subprocess.py:106} INFO - [0m13:27:38  1 of 5 START sql table model review.dim_bank ................................... [RUN]
[2025-05-09T13:27:39.201+0000] {subprocess.py:106} INFO - [0m13:27:39  1 of 5 OK created sql table model review.dim_bank .............................. [[32mSELECT 302[0m in 0.37s]
[2025-05-09T13:27:39.208+0000] {subprocess.py:106} INFO - [0m13:27:39  2 of 5 START sql table model review.dim_branch ................................. [RUN]
[2025-05-09T13:27:39.362+0000] {subprocess.py:106} INFO - [0m13:27:39  2 of 5 OK created sql table model review.dim_branch ............................ [[32mSELECT 302[0m in 0.15s]
[2025-05-09T13:27:39.369+0000] {subprocess.py:106} INFO - [0m13:27:39  3 of 5 START sql table model review.dim_location ............................... [RUN]
[2025-05-09T13:27:39.532+0000] {subprocess.py:106} INFO - [0m13:27:39  3 of 5 OK created sql table model review.dim_location .......................... [[32mSELECT 848[0m in 0.16s]
[2025-05-09T13:27:39.537+0000] {subprocess.py:106} INFO - [0m13:27:39  4 of 5 START sql table model review.dim_sentiment .............................. [RUN]
[2025-05-09T13:27:39.679+0000] {subprocess.py:106} INFO - [0m13:27:39  4 of 5 OK created sql table model review.dim_sentiment ......................... [[32mSELECT 3[0m in 0.14s]
[2025-05-09T13:27:39.684+0000] {subprocess.py:106} INFO - [0m13:27:39  5 of 5 START sql table model review.fact_reviews ............................... [RUN]
[2025-05-09T13:27:39.867+0000] {subprocess.py:106} INFO - [0m13:27:39  5 of 5 OK created sql table model review.fact_reviews .......................... [[32mSELECT 5127[0m in 0.18s]
[2025-05-09T13:27:39.899+0000] {subprocess.py:106} INFO - [0m13:27:39
[2025-05-09T13:27:39.900+0000] {subprocess.py:106} INFO - [0m13:27:39  Finished running 5 table models in 0 hours 0 minutes and 1.37 seconds (1.37s).
[2025-05-09T13:27:40.031+0000] {subprocess.py:106} INFO - [0m13:27:40
[2025-05-09T13:27:40.033+0000] {subprocess.py:106} INFO - [0m13:27:40  [32mCompleted successfully[0m
[2025-05-09T13:27:40.035+0000] {subprocess.py:106} INFO - [0m13:27:40
[2025-05-09T13:27:40.038+0000] {subprocess.py:106} INFO - [0m13:27:40  Done. PASS=5 WARN=0 ERROR=0 SKIP=0 TOTAL=5
[2025-05-09T13:27:46.823+0000] {subprocess.py:110} INFO - Command exited with return code 0
[2025-05-09T13:27:46.892+0000] {taskinstance.py:341} INFO - ::group::Post task execution logs
[2025-05-09T13:27:46.893+0000] {taskinstance.py:353} INFO - Marking task as SUCCESS. dag_id=google_maps_reviews, task_id=run_dbt_models, run_id=scheduled__2025-05-08T00:00:00+00:00, execution_date=20250508T000000, start_date=20250509T132729, end_date=20250509T132746
[2025-05-09T13:27:46.943+0000] {logging_mixin.py:190} INFO - Task instance in success state
[2025-05-09T13:27:46.944+0000] {logging_mixin.py:190} INFO -  Previous state of the Task instance: running
[2025-05-09T13:27:46.946+0000] {logging_mixin.py:190} INFO - Dag name:google_maps_reviews queued_at:2025-05-09 00:00:00.708575+00:00
[2025-05-09T13:27:46.947+0000] {logging_mixin.py:190} INFO - Task hostname:ff2d23694728 operator:BashOperator
[2025-05-09T13:27:46.975+0000] {local_task_job_runner.py:266} INFO - Task exited with return code 0
[2025-05-09T13:27:46.992+0000] {local_task_job_runner.py:245} INFO - ::endgroup::
