[2025-05-05T21:28:32.880+0000] {local_task_job_runner.py:123} INFO - ::group::Pre task execution logs
[2025-05-05T21:28:32.918+0000] {taskinstance.py:2614} INFO - Dependencies all met for dep_context=non-requeueable deps ti=<TaskInstance: google_maps_reviews.extract_topics scheduled__2025-05-04T00:00:00+00:00 [queued]>
[2025-05-05T21:28:32.936+0000] {taskinstance.py:2614} INFO - Dependencies all met for dep_context=requeueable deps ti=<TaskInstance: google_maps_reviews.extract_topics scheduled__2025-05-04T00:00:00+00:00 [queued]>
[2025-05-05T21:28:32.938+0000] {taskinstance.py:2867} INFO - Starting attempt 3 of 4
[2025-05-05T21:28:32.962+0000] {taskinstance.py:2890} INFO - Executing <Task(PythonOperator): extract_topics> on 2025-05-04 00:00:00+00:00
[2025-05-05T21:28:32.985+0000] {warnings.py:112} WARNING - /home/***/.local/lib/python3.12/site-packages/***/task/task_runner/standard_task_runner.py:70: DeprecationWarning: This process (pid=1107) is multi-threaded, use of fork() may lead to deadlocks in the child.
  pid = os.fork()

[2025-05-05T21:28:32.990+0000] {standard_task_runner.py:72} INFO - Started process 1130 to run task
[2025-05-05T21:28:32.991+0000] {standard_task_runner.py:104} INFO - Running: ['***', 'tasks', 'run', 'google_maps_reviews', 'extract_topics', 'scheduled__2025-05-04T00:00:00+00:00', '--job-id', '508', '--raw', '--subdir', 'DAGS_FOLDER/***dag.py', '--cfg-path', '/tmp/tmp11sd6bw6']
[2025-05-05T21:28:32.993+0000] {standard_task_runner.py:105} INFO - Job 508: Subtask extract_topics
[2025-05-05T21:28:33.082+0000] {task_command.py:467} INFO - Running <TaskInstance: google_maps_reviews.extract_topics scheduled__2025-05-04T00:00:00+00:00 [running]> on host 8280c28b7f0f
[2025-05-05T21:28:33.241+0000] {taskinstance.py:3134} INFO - Exporting env vars: AIRFLOW_CTX_DAG_OWNER='***' AIRFLOW_CTX_DAG_ID='google_maps_reviews' AIRFLOW_CTX_TASK_ID='extract_topics' AIRFLOW_CTX_EXECUTION_DATE='2025-05-04T00:00:00+00:00' AIRFLOW_CTX_TRY_NUMBER='3' AIRFLOW_CTX_DAG_RUN_ID='scheduled__2025-05-04T00:00:00+00:00'
[2025-05-05T21:28:33.244+0000] {logging_mixin.py:190} INFO - Task instance is in running state
[2025-05-05T21:28:33.245+0000] {logging_mixin.py:190} INFO -  Previous state of the Task instance: queued
[2025-05-05T21:28:33.246+0000] {logging_mixin.py:190} INFO - Current task name:extract_topics state:running start_date:2025-05-05 21:28:32.919591+00:00
[2025-05-05T21:28:33.246+0000] {logging_mixin.py:190} INFO - Dag name:google_maps_reviews and current dag run status:running
[2025-05-05T21:28:33.247+0000] {taskinstance.py:732} INFO - ::endgroup::
[2025-05-05T21:28:33.261+0000] {base.py:84} INFO - Retrieving connection 'postgres_defaut'
[2025-05-05T21:28:33.321+0000] {dictionary.py:201} INFO - adding document #0 to Dictionary<0 unique tokens: []>
[2025-05-05T21:28:33.326+0000] {dictionary.py:206} INFO - built Dictionary<157 unique tokens: ['nan', 'thank', 'you', 'a', 'account']...> from 100 documents (total 1255 corpus positions)
[2025-05-05T21:28:33.327+0000] {utils.py:447} INFO - Dictionary lifecycle event {'msg': "built Dictionary<157 unique tokens: ['nan', 'thank', 'you', 'a', 'account']...> from 100 documents (total 1255 corpus positions)", 'datetime': '2025-05-05T21:28:33.327541', 'gensim': '4.3.3', 'python': '3.12.9 (main, Feb  6 2025, 22:37:05) [GCC 12.2.0]', 'platform': 'Linux-5.15.167.4-microsoft-standard-WSL2-x86_64-with-glibc2.36', 'event': 'created'}
[2025-05-05T21:28:33.330+0000] {ldamodel.py:577} INFO - using symmetric alpha at 0.3333333333333333
[2025-05-05T21:28:33.331+0000] {ldamodel.py:577} INFO - using symmetric eta at 0.3333333333333333
[2025-05-05T21:28:33.332+0000] {ldamodel.py:482} INFO - using serial LDA version on this node
[2025-05-05T21:28:33.333+0000] {ldamodel.py:948} INFO - running online (multi-pass) LDA training, 3 topics, 10 passes over the supplied corpus of 100 documents, updating model once every 100 documents, evaluating perplexity every 100 documents, iterating 50x with a convergence threshold of 0.001000
[2025-05-05T21:28:33.409+0000] {ldamodel.py:848} INFO - -5.767 per-word bound, 54.4 perplexity estimate based on a held-out corpus of 100 documents with 1255 words
[2025-05-05T21:28:33.411+0000] {ldamodel.py:1002} INFO - PROGRESS: pass 0, at document #100/100
[2025-05-05T21:28:33.468+0000] {ldamodel.py:1197} INFO - topic #0 (0.333): 0.040*"and" + 0.039*"the" + 0.035*"to" + 0.022*"service" + 0.021*"i" + 0.020*"agency" + 0.019*"this" + 0.019*"from" + 0.018*"located" + 0.016*"what"
[2025-05-05T21:28:33.470+0000] {ldamodel.py:1197} INFO - topic #1 (0.333): 0.065*"to" + 0.049*"the" + 0.025*"i" + 0.024*"this" + 0.023*"was" + 0.023*"and" + 0.017*"employee" + 0.016*"a" + 0.014*"is" + 0.013*"make"
[2025-05-05T21:28:33.474+0000] {ldamodel.py:1197} INFO - topic #2 (0.333): 0.095*"nan" + 0.049*"the" + 0.043*"no" + 0.027*"service" + 0.018*"is" + 0.017*"with" + 0.017*"bank" + 0.016*"like" + 0.016*"and" + 0.015*"was"
[2025-05-05T21:28:33.475+0000] {ldamodel.py:1075} INFO - topic diff=1.150041, rho=1.000000
[2025-05-05T21:28:33.512+0000] {ldamodel.py:848} INFO - -4.943 per-word bound, 30.8 perplexity estimate based on a held-out corpus of 100 documents with 1255 words
[2025-05-05T21:28:33.514+0000] {ldamodel.py:1002} INFO - PROGRESS: pass 1, at document #100/100
[2025-05-05T21:28:33.541+0000] {ldamodel.py:1197} INFO - topic #0 (0.333): 0.046*"and" + 0.036*"the" + 0.030*"to" + 0.029*"service" + 0.024*"from" + 0.018*"agency" + 0.017*"located" + 0.016*"what" + 0.016*"i" + 0.016*"good"
[2025-05-05T21:28:33.543+0000] {ldamodel.py:1197} INFO - topic #1 (0.333): 0.068*"to" + 0.052*"the" + 0.027*"this" + 0.027*"i" + 0.024*"and" + 0.022*"was" + 0.018*"employee" + 0.018*"a" + 0.017*"is" + 0.014*"you"
[2025-05-05T21:28:33.544+0000] {ldamodel.py:1197} INFO - topic #2 (0.333): 0.116*"nan" + 0.047*"the" + 0.045*"no" + 0.029*"service" + 0.017*"is" + 0.016*"with" + 0.016*"bank" + 0.016*"like" + 0.016*"was" + 0.015*"drivers"
[2025-05-05T21:28:33.545+0000] {ldamodel.py:1075} INFO - topic diff=0.379043, rho=0.577350
[2025-05-05T21:28:33.574+0000] {ldamodel.py:848} INFO - -4.812 per-word bound, 28.1 perplexity estimate based on a held-out corpus of 100 documents with 1255 words
[2025-05-05T21:28:33.576+0000] {ldamodel.py:1002} INFO - PROGRESS: pass 2, at document #100/100
[2025-05-05T21:28:33.594+0000] {ldamodel.py:1197} INFO - topic #0 (0.333): 0.046*"and" + 0.041*"to" + 0.035*"the" + 0.029*"service" + 0.021*"from" + 0.021*"was" + 0.017*"were" + 0.017*"i" + 0.016*"this" + 0.016*"made"
[2025-05-05T21:28:33.596+0000] {ldamodel.py:1197} INFO - topic #1 (0.333): 0.067*"to" + 0.055*"the" + 0.029*"this" + 0.029*"i" + 0.023*"and" + 0.020*"employee" + 0.019*"a" + 0.018*"was" + 0.018*"is" + 0.016*"you"
[2025-05-05T21:28:33.597+0000] {ldamodel.py:1197} INFO - topic #2 (0.333): 0.125*"nan" + 0.046*"the" + 0.045*"no" + 0.030*"service" + 0.016*"is" + 0.016*"with" + 0.016*"bank" + 0.016*"like" + 0.016*"was" + 0.015*"drivers"
[2025-05-05T21:28:33.598+0000] {ldamodel.py:1075} INFO - topic diff=0.373711, rho=0.500000
[2025-05-05T21:28:33.621+0000] {ldamodel.py:848} INFO - -4.680 per-word bound, 25.6 perplexity estimate based on a held-out corpus of 100 documents with 1255 words
[2025-05-05T21:28:33.623+0000] {ldamodel.py:1002} INFO - PROGRESS: pass 3, at document #100/100
[2025-05-05T21:28:33.637+0000] {ldamodel.py:1197} INFO - topic #0 (0.333): 0.047*"to" + 0.045*"and" + 0.036*"the" + 0.028*"service" + 0.024*"was" + 0.020*"from" + 0.018*"were" + 0.017*"i" + 0.017*"this" + 0.017*"made"
[2025-05-05T21:28:33.638+0000] {ldamodel.py:1197} INFO - topic #1 (0.333): 0.064*"to" + 0.057*"the" + 0.029*"this" + 0.029*"i" + 0.022*"and" + 0.020*"employee" + 0.020*"a" + 0.019*"is" + 0.018*"you" + 0.018*"make"
[2025-05-05T21:28:33.639+0000] {ldamodel.py:1197} INFO - topic #2 (0.333): 0.129*"nan" + 0.046*"the" + 0.045*"no" + 0.030*"service" + 0.016*"with" + 0.016*"bank" + 0.016*"is" + 0.016*"like" + 0.016*"was" + 0.016*"drivers"
[2025-05-05T21:28:33.640+0000] {ldamodel.py:1075} INFO - topic diff=0.255299, rho=0.447214
[2025-05-05T21:28:33.662+0000] {ldamodel.py:848} INFO - -4.629 per-word bound, 24.7 perplexity estimate based on a held-out corpus of 100 documents with 1255 words
[2025-05-05T21:28:33.664+0000] {ldamodel.py:1002} INFO - PROGRESS: pass 4, at document #100/100
[2025-05-05T21:28:33.677+0000] {ldamodel.py:1197} INFO - topic #0 (0.333): 0.050*"to" + 0.045*"and" + 0.036*"the" + 0.028*"service" + 0.025*"was" + 0.019*"from" + 0.018*"were" + 0.018*"i" + 0.018*"this" + 0.018*"made"
[2025-05-05T21:28:33.679+0000] {ldamodel.py:1197} INFO - topic #1 (0.333): 0.062*"to" + 0.058*"the" + 0.030*"this" + 0.030*"i" + 0.021*"and" + 0.020*"employee" + 0.020*"a" + 0.020*"is" + 0.019*"you" + 0.019*"make"
[2025-05-05T21:28:33.680+0000] {ldamodel.py:1197} INFO - topic #2 (0.333): 0.131*"nan" + 0.045*"the" + 0.045*"no" + 0.030*"service" + 0.016*"with" + 0.016*"bank" + 0.016*"like" + 0.016*"is" + 0.016*"was" + 0.016*"drivers"
[2025-05-05T21:28:33.681+0000] {ldamodel.py:1075} INFO - topic diff=0.178295, rho=0.408248
[2025-05-05T21:28:33.702+0000] {ldamodel.py:848} INFO - -4.606 per-word bound, 24.4 perplexity estimate based on a held-out corpus of 100 documents with 1255 words
[2025-05-05T21:28:33.703+0000] {ldamodel.py:1002} INFO - PROGRESS: pass 5, at document #100/100
[2025-05-05T21:28:33.717+0000] {ldamodel.py:1197} INFO - topic #0 (0.333): 0.051*"to" + 0.045*"and" + 0.036*"the" + 0.027*"service" + 0.026*"was" + 0.019*"from" + 0.018*"were" + 0.018*"i" + 0.018*"this" + 0.018*"made"
[2025-05-05T21:28:33.719+0000] {ldamodel.py:1197} INFO - topic #1 (0.333): 0.061*"to" + 0.059*"the" + 0.030*"this" + 0.030*"i" + 0.021*"and" + 0.020*"employee" + 0.020*"a" + 0.020*"is" + 0.020*"you" + 0.019*"agency"
[2025-05-05T21:28:33.720+0000] {ldamodel.py:1197} INFO - topic #2 (0.333): 0.132*"nan" + 0.045*"no" + 0.045*"the" + 0.030*"service" + 0.016*"bank" + 0.016*"with" + 0.016*"like" + 0.016*"drivers" + 0.016*"program" + 0.016*"suspended"
[2025-05-05T21:28:33.721+0000] {ldamodel.py:1075} INFO - topic diff=0.128871, rho=0.377964
[2025-05-05T21:28:33.743+0000] {ldamodel.py:848} INFO - -4.595 per-word bound, 24.2 perplexity estimate based on a held-out corpus of 100 documents with 1255 words
[2025-05-05T21:28:33.744+0000] {ldamodel.py:1002} INFO - PROGRESS: pass 6, at document #100/100
[2025-05-05T21:28:33.760+0000] {ldamodel.py:1197} INFO - topic #0 (0.333): 0.052*"to" + 0.045*"and" + 0.036*"the" + 0.027*"service" + 0.026*"was" + 0.019*"from" + 0.018*"were" + 0.018*"i" + 0.018*"made" + 0.018*"very"
[2025-05-05T21:28:33.762+0000] {ldamodel.py:1197} INFO - topic #1 (0.333): 0.061*"to" + 0.059*"the" + 0.030*"this" + 0.030*"i" + 0.021*"and" + 0.020*"employee" + 0.020*"is" + 0.020*"a" + 0.020*"you" + 0.020*"agency"
[2025-05-05T21:28:33.763+0000] {ldamodel.py:1197} INFO - topic #2 (0.333): 0.133*"nan" + 0.045*"no" + 0.045*"the" + 0.030*"service" + 0.016*"bank" + 0.016*"with" + 0.016*"like" + 0.016*"drivers" + 0.016*"program" + 0.016*"suspended"
[2025-05-05T21:28:33.764+0000] {ldamodel.py:1075} INFO - topic diff=0.094044, rho=0.353553
[2025-05-05T21:28:33.788+0000] {ldamodel.py:848} INFO - -4.589 per-word bound, 24.1 perplexity estimate based on a held-out corpus of 100 documents with 1255 words
[2025-05-05T21:28:33.790+0000] {ldamodel.py:1002} INFO - PROGRESS: pass 7, at document #100/100
[2025-05-05T21:28:33.807+0000] {ldamodel.py:1197} INFO - topic #0 (0.333): 0.053*"to" + 0.045*"and" + 0.036*"the" + 0.027*"service" + 0.027*"was" + 0.018*"from" + 0.018*"were" + 0.018*"i" + 0.018*"made" + 0.018*"very"
[2025-05-05T21:28:33.808+0000] {ldamodel.py:1197} INFO - topic #1 (0.333): 0.060*"to" + 0.060*"the" + 0.030*"this" + 0.030*"i" + 0.021*"and" + 0.020*"you" + 0.020*"employee" + 0.020*"is" + 0.020*"a" + 0.020*"agency"
[2025-05-05T21:28:33.810+0000] {ldamodel.py:1197} INFO - topic #2 (0.333): 0.134*"nan" + 0.045*"no" + 0.045*"the" + 0.031*"service" + 0.016*"bank" + 0.016*"with" + 0.016*"like" + 0.016*"drivers" + 0.016*"program" + 0.016*"suspended"
[2025-05-05T21:28:33.811+0000] {ldamodel.py:1075} INFO - topic diff=0.068586, rho=0.333333
[2025-05-05T21:28:33.835+0000] {ldamodel.py:848} INFO - -4.586 per-word bound, 24.0 perplexity estimate based on a held-out corpus of 100 documents with 1255 words
[2025-05-05T21:28:33.836+0000] {ldamodel.py:1002} INFO - PROGRESS: pass 8, at document #100/100
[2025-05-05T21:28:33.852+0000] {ldamodel.py:1197} INFO - topic #0 (0.333): 0.053*"to" + 0.045*"and" + 0.036*"the" + 0.027*"service" + 0.027*"was" + 0.018*"from" + 0.018*"were" + 0.018*"i" + 0.018*"made" + 0.018*"very"
[2025-05-05T21:28:33.853+0000] {ldamodel.py:1197} INFO - topic #1 (0.333): 0.060*"to" + 0.060*"the" + 0.030*"this" + 0.030*"i" + 0.021*"and" + 0.020*"you" + 0.020*"is" + 0.020*"employee" + 0.020*"a" + 0.020*"agency"
[2025-05-05T21:28:33.854+0000] {ldamodel.py:1197} INFO - topic #2 (0.333): 0.134*"nan" + 0.046*"no" + 0.045*"the" + 0.031*"service" + 0.016*"terrible" + 0.016*"bank" + 0.016*"with" + 0.016*"like" + 0.016*"drivers" + 0.016*"program"
[2025-05-05T21:28:33.857+0000] {ldamodel.py:1075} INFO - topic diff=0.049817, rho=0.316228
[2025-05-05T21:28:33.880+0000] {ldamodel.py:848} INFO - -4.585 per-word bound, 24.0 perplexity estimate based on a held-out corpus of 100 documents with 1255 words
[2025-05-05T21:28:33.881+0000] {ldamodel.py:1002} INFO - PROGRESS: pass 9, at document #100/100
[2025-05-05T21:28:33.897+0000] {ldamodel.py:1197} INFO - topic #0 (0.333): 0.053*"to" + 0.045*"and" + 0.036*"the" + 0.027*"service" + 0.027*"was" + 0.018*"from" + 0.018*"were" + 0.018*"i" + 0.018*"made" + 0.018*"very"
[2025-05-05T21:28:33.899+0000] {ldamodel.py:1197} INFO - topic #1 (0.333): 0.060*"to" + 0.060*"the" + 0.030*"this" + 0.030*"i" + 0.021*"you" + 0.020*"and" + 0.020*"is" + 0.020*"employee" + 0.020*"a" + 0.020*"agency"
[2025-05-05T21:28:33.900+0000] {ldamodel.py:1197} INFO - topic #2 (0.333): 0.134*"nan" + 0.046*"no" + 0.045*"the" + 0.031*"service" + 0.016*"terrible" + 0.016*"bank" + 0.016*"drivers" + 0.016*"program" + 0.016*"suspended" + 0.016*"been"
[2025-05-05T21:28:33.902+0000] {ldamodel.py:1075} INFO - topic diff=0.036056, rho=0.301511
[2025-05-05T21:28:33.903+0000] {utils.py:447} INFO - LdaModel lifecycle event {'msg': 'trained LdaModel<num_terms=157, num_topics=3, decay=0.5, chunksize=2000> in 0.57s', 'datetime': '2025-05-05T21:28:33.903875', 'gensim': '4.3.3', 'python': '3.12.9 (main, Feb  6 2025, 22:37:05) [GCC 12.2.0]', 'platform': 'Linux-5.15.167.4-microsoft-standard-WSL2-x86_64-with-glibc2.36', 'event': 'created'}
[2025-05-05T21:28:33.981+0000] {python.py:240} INFO - Done. Returned value was: None
[2025-05-05T21:28:34.004+0000] {taskinstance.py:341} INFO - ::group::Post task execution logs
[2025-05-05T21:28:34.006+0000] {taskinstance.py:353} INFO - Marking task as SUCCESS. dag_id=google_maps_reviews, task_id=extract_topics, run_id=scheduled__2025-05-04T00:00:00+00:00, execution_date=20250504T000000, start_date=20250505T212832, end_date=20250505T212834
[2025-05-05T21:28:34.062+0000] {logging_mixin.py:190} INFO - Task instance in success state
[2025-05-05T21:28:34.064+0000] {logging_mixin.py:190} INFO -  Previous state of the Task instance: running
[2025-05-05T21:28:34.065+0000] {logging_mixin.py:190} INFO - Dag name:google_maps_reviews queued_at:2025-05-05 21:27:37.772433+00:00
[2025-05-05T21:28:34.066+0000] {logging_mixin.py:190} INFO - Task hostname:8280c28b7f0f operator:PythonOperator
[2025-05-05T21:28:34.095+0000] {local_task_job_runner.py:266} INFO - Task exited with return code 0
[2025-05-05T21:28:34.151+0000] {taskinstance.py:3901} INFO - 1 downstream tasks scheduled from follow-on schedule check
[2025-05-05T21:28:34.155+0000] {local_task_job_runner.py:245} INFO - ::endgroup::
