[2025-05-03T07:26:13.808+0000] {local_task_job_runner.py:123} INFO - ::group::Pre task execution logs
[2025-05-03T07:26:13.855+0000] {taskinstance.py:2614} INFO - Dependencies all met for dep_context=non-requeueable deps ti=<TaskInstance: google_maps_reviews.Load_reviews1 manual__2025-05-03T07:25:53.091841+00:00 [queued]>
[2025-05-03T07:26:13.875+0000] {taskinstance.py:2614} INFO - Dependencies all met for dep_context=requeueable deps ti=<TaskInstance: google_maps_reviews.Load_reviews1 manual__2025-05-03T07:25:53.091841+00:00 [queued]>
[2025-05-03T07:26:13.877+0000] {taskinstance.py:2867} INFO - Starting attempt 1 of 2
[2025-05-03T07:26:13.910+0000] {taskinstance.py:2890} INFO - Executing <Task(PythonOperator): Load_reviews1> on 2025-05-03 07:25:53.091841+00:00
[2025-05-03T07:26:13.928+0000] {warnings.py:112} WARNING - /home/***/.local/lib/python3.12/site-packages/***/task/task_runner/standard_task_runner.py:70: DeprecationWarning: This process (pid=1681) is multi-threaded, use of fork() may lead to deadlocks in the child.
  pid = os.fork()

[2025-05-03T07:26:13.933+0000] {standard_task_runner.py:72} INFO - Started process 1696 to run task
[2025-05-03T07:26:13.933+0000] {standard_task_runner.py:104} INFO - Running: ['***', 'tasks', 'run', 'google_maps_reviews', 'Load_reviews1', 'manual__2025-05-03T07:25:53.091841+00:00', '--job-id', '235', '--raw', '--subdir', 'DAGS_FOLDER/***dag.py', '--cfg-path', '/tmp/tmpoft7wmjz']
[2025-05-03T07:26:13.936+0000] {standard_task_runner.py:105} INFO - Job 235: Subtask Load_reviews1
[2025-05-03T07:26:14.032+0000] {task_command.py:467} INFO - Running <TaskInstance: google_maps_reviews.Load_reviews1 manual__2025-05-03T07:25:53.091841+00:00 [running]> on host 8280c28b7f0f
[2025-05-03T07:26:14.215+0000] {taskinstance.py:3134} INFO - Exporting env vars: AIRFLOW_CTX_DAG_OWNER='***' AIRFLOW_CTX_DAG_ID='google_maps_reviews' AIRFLOW_CTX_TASK_ID='Load_reviews1' AIRFLOW_CTX_EXECUTION_DATE='2025-05-03T07:25:53.091841+00:00' AIRFLOW_CTX_TRY_NUMBER='1' AIRFLOW_CTX_DAG_RUN_ID='manual__2025-05-03T07:25:53.091841+00:00'
[2025-05-03T07:26:14.218+0000] {logging_mixin.py:190} INFO - Task instance is in running state
[2025-05-03T07:26:14.219+0000] {logging_mixin.py:190} INFO -  Previous state of the Task instance: queued
[2025-05-03T07:26:14.220+0000] {logging_mixin.py:190} INFO - Current task name:Load_reviews1 state:running start_date:2025-05-03 07:26:13.856845+00:00
[2025-05-03T07:26:14.221+0000] {logging_mixin.py:190} INFO - Dag name:google_maps_reviews and current dag run status:running
[2025-05-03T07:26:14.222+0000] {taskinstance.py:732} INFO - ::endgroup::
[2025-05-03T07:26:14.270+0000] {logging_mixin.py:190} INFO - Current directory: /opt/***/dags
[2025-05-03T07:26:14.271+0000] {logging_mixin.py:190} INFO - Data path: /opt/***/dags/input/reviews.csv
[2025-05-03T07:26:14.306+0000] {base.py:84} INFO - Retrieving connection 'postgres_defaut'
[2025-05-03T07:26:14.473+0000] {logging_mixin.py:190} INFO - Data stored in PostgreSQL.
[2025-05-03T07:26:14.476+0000] {python.py:240} INFO - Done. Returned value was: None
[2025-05-03T07:26:14.497+0000] {taskinstance.py:341} INFO - ::group::Post task execution logs
[2025-05-03T07:26:14.500+0000] {taskinstance.py:353} INFO - Marking task as SUCCESS. dag_id=google_maps_reviews, task_id=Load_reviews1, run_id=manual__2025-05-03T07:25:53.091841+00:00, execution_date=20250503T072553, start_date=20250503T072613, end_date=20250503T072614
[2025-05-03T07:26:14.555+0000] {logging_mixin.py:190} INFO - Task instance in success state
[2025-05-03T07:26:14.556+0000] {logging_mixin.py:190} INFO -  Previous state of the Task instance: running
[2025-05-03T07:26:14.557+0000] {logging_mixin.py:190} INFO - Dag name:google_maps_reviews queued_at:2025-05-03 07:25:53.142198+00:00
[2025-05-03T07:26:14.559+0000] {logging_mixin.py:190} INFO - Task hostname:8280c28b7f0f operator:PythonOperator
[2025-05-03T07:26:14.595+0000] {local_task_job_runner.py:266} INFO - Task exited with return code 0
[2025-05-03T07:26:14.664+0000] {taskinstance.py:3901} INFO - 1 downstream tasks scheduled from follow-on schedule check
[2025-05-03T07:26:14.687+0000] {local_task_job_runner.py:245} INFO - ::endgroup::
