[2025-05-03T05:45:27.092+0000] {local_task_job_runner.py:123} INFO - ::group::Pre task execution logs
[2025-05-03T05:45:27.137+0000] {taskinstance.py:2614} INFO - Dependencies all met for dep_context=non-requeueable deps ti=<TaskInstance: google_maps_reviews.extract_topics scheduled__2025-05-02T00:00:00+00:00 [queued]>
[2025-05-03T05:45:27.157+0000] {taskinstance.py:2614} INFO - Dependencies all met for dep_context=requeueable deps ti=<TaskInstance: google_maps_reviews.extract_topics scheduled__2025-05-02T00:00:00+00:00 [queued]>
[2025-05-03T05:45:27.158+0000] {taskinstance.py:2867} INFO - Starting attempt 1 of 2
[2025-05-03T05:45:27.183+0000] {taskinstance.py:2890} INFO - Executing <Task(PythonOperator): extract_topics> on 2025-05-02 00:00:00+00:00
[2025-05-03T05:45:27.199+0000] {warnings.py:112} WARNING - /home/***/.local/lib/python3.12/site-packages/***/task/task_runner/standard_task_runner.py:70: DeprecationWarning: This process (pid=196) is multi-threaded, use of fork() may lead to deadlocks in the child.
  pid = os.fork()

[2025-05-03T05:45:27.203+0000] {standard_task_runner.py:72} INFO - Started process 211 to run task
[2025-05-03T05:45:27.203+0000] {standard_task_runner.py:104} INFO - Running: ['***', 'tasks', 'run', 'google_maps_reviews', 'extract_topics', 'scheduled__2025-05-02T00:00:00+00:00', '--job-id', '179', '--raw', '--subdir', 'DAGS_FOLDER/***dag.py', '--cfg-path', '/tmp/tmpctf00ds7']
[2025-05-03T05:45:27.205+0000] {standard_task_runner.py:105} INFO - Job 179: Subtask extract_topics
[2025-05-03T05:45:27.291+0000] {task_command.py:467} INFO - Running <TaskInstance: google_maps_reviews.extract_topics scheduled__2025-05-02T00:00:00+00:00 [running]> on host 6ca499d7a39a
[2025-05-03T05:45:27.433+0000] {taskinstance.py:3134} INFO - Exporting env vars: AIRFLOW_CTX_DAG_OWNER='***' AIRFLOW_CTX_DAG_ID='google_maps_reviews' AIRFLOW_CTX_TASK_ID='extract_topics' AIRFLOW_CTX_EXECUTION_DATE='2025-05-02T00:00:00+00:00' AIRFLOW_CTX_TRY_NUMBER='1' AIRFLOW_CTX_DAG_RUN_ID='scheduled__2025-05-02T00:00:00+00:00'
[2025-05-03T05:45:27.437+0000] {logging_mixin.py:190} INFO - Task instance is in running state
[2025-05-03T05:45:27.438+0000] {logging_mixin.py:190} INFO -  Previous state of the Task instance: queued
[2025-05-03T05:45:27.439+0000] {logging_mixin.py:190} INFO - Current task name:extract_topics state:running start_date:2025-05-03 05:45:27.139021+00:00
[2025-05-03T05:45:27.439+0000] {logging_mixin.py:190} INFO - Dag name:google_maps_reviews and current dag run status:running
[2025-05-03T05:45:27.440+0000] {taskinstance.py:732} INFO - ::endgroup::
[2025-05-03T05:45:27.458+0000] {base.py:84} INFO - Retrieving connection 'postgres_defaut'
[2025-05-03T05:45:27.573+0000] {dictionary.py:201} INFO - adding document #0 to Dictionary<0 unique tokens: []>
[2025-05-03T05:45:27.594+0000] {dictionary.py:206} INFO - built Dictionary<339 unique tokens: ['nan', 'agency', 'boulevard', 'broken', 'corner']...> from 392 documents (total 7267 corpus positions)
[2025-05-03T05:45:27.596+0000] {utils.py:447} INFO - Dictionary lifecycle event {'msg': "built Dictionary<339 unique tokens: ['nan', 'agency', 'boulevard', 'broken', 'corner']...> from 392 documents (total 7267 corpus positions)", 'datetime': '2025-05-03T05:45:27.596432', 'gensim': '4.3.3', 'python': '3.12.9 (main, Feb  6 2025, 22:37:05) [GCC 12.2.0]', 'platform': 'Linux-5.15.167.4-microsoft-standard-WSL2-x86_64-with-glibc2.36', 'event': 'created'}
[2025-05-03T05:45:27.609+0000] {ldamodel.py:577} INFO - using symmetric alpha at 0.3333333333333333
[2025-05-03T05:45:27.612+0000] {ldamodel.py:577} INFO - using symmetric eta at 0.3333333333333333
[2025-05-03T05:45:27.613+0000] {ldamodel.py:482} INFO - using serial LDA version on this node
[2025-05-03T05:45:27.616+0000] {ldamodel.py:948} INFO - running online (multi-pass) LDA training, 3 topics, 10 passes over the supplied corpus of 392 documents, updating model once every 392 documents, evaluating perplexity every 392 documents, iterating 50x with a convergence threshold of 0.001000
[2025-05-03T05:45:27.934+0000] {ldamodel.py:848} INFO - -6.422 per-word bound, 85.8 perplexity estimate based on a held-out corpus of 392 documents with 7267 words
[2025-05-03T05:45:27.936+0000] {ldamodel.py:1002} INFO - PROGRESS: pass 0, at document #392/392
[2025-05-03T05:45:28.228+0000] {ldamodel.py:1197} INFO - topic #0 (0.333): 0.074*"to" + 0.043*"the" + 0.023*"a" + 0.021*"is" + 0.020*"i" + 0.017*"and" + 0.015*"for" + 0.014*"it" + 0.013*"agency" + 0.013*"you"
[2025-05-03T05:45:28.230+0000] {ldamodel.py:1197} INFO - topic #1 (0.333): 0.056*"the" + 0.033*"nan" + 0.032*"and" + 0.029*"to" + 0.028*"of" + 0.027*"a" + 0.026*"agency" + 0.020*"i" + 0.017*"professional" + 0.017*"with"
[2025-05-03T05:45:28.231+0000] {ldamodel.py:1197} INFO - topic #2 (0.333): 0.045*"the" + 0.028*"a" + 0.028*"i" + 0.023*"to" + 0.022*"with" + 0.020*"you" + 0.018*"and" + 0.015*"for" + 0.014*"in" + 0.013*"its"
[2025-05-03T05:45:28.232+0000] {ldamodel.py:1075} INFO - topic diff=1.484798, rho=1.000000
[2025-05-03T05:45:28.378+0000] {ldamodel.py:848} INFO - -5.226 per-word bound, 37.4 perplexity estimate based on a held-out corpus of 392 documents with 7267 words
[2025-05-03T05:45:28.382+0000] {ldamodel.py:1002} INFO - PROGRESS: pass 1, at document #392/392
[2025-05-03T05:45:28.495+0000] {ldamodel.py:1197} INFO - topic #0 (0.333): 0.072*"to" + 0.045*"the" + 0.022*"a" + 0.020*"i" + 0.019*"and" + 0.018*"is" + 0.018*"for" + 0.016*"agency" + 0.013*"you" + 0.013*"it"
[2025-05-03T05:45:28.496+0000] {ldamodel.py:1197} INFO - topic #1 (0.333): 0.053*"the" + 0.046*"nan" + 0.035*"of" + 0.034*"and" + 0.028*"agency" + 0.028*"a" + 0.026*"to" + 0.020*"professional" + 0.017*"good" + 0.017*"i"
[2025-05-03T05:45:28.498+0000] {ldamodel.py:1197} INFO - topic #2 (0.333): 0.047*"the" + 0.032*"a" + 0.031*"i" + 0.026*"with" + 0.022*"you" + 0.016*"and" + 0.016*"in" + 0.014*"they" + 0.014*"is" + 0.013*"to"
[2025-05-03T05:45:28.498+0000] {ldamodel.py:1075} INFO - topic diff=0.462552, rho=0.577350
[2025-05-03T05:45:28.641+0000] {ldamodel.py:848} INFO - -5.115 per-word bound, 34.6 perplexity estimate based on a held-out corpus of 392 documents with 7267 words
[2025-05-03T05:45:28.643+0000] {ldamodel.py:1002} INFO - PROGRESS: pass 2, at document #392/392
[2025-05-03T05:45:28.746+0000] {ldamodel.py:1197} INFO - topic #0 (0.333): 0.071*"to" + 0.045*"the" + 0.022*"a" + 0.020*"i" + 0.019*"and" + 0.018*"for" + 0.017*"is" + 0.017*"agency" + 0.013*"you" + 0.013*"its"
[2025-05-03T05:45:28.747+0000] {ldamodel.py:1197} INFO - topic #1 (0.333): 0.052*"nan" + 0.052*"the" + 0.039*"of" + 0.035*"and" + 0.030*"agency" + 0.028*"a" + 0.024*"to" + 0.022*"professional" + 0.019*"good" + 0.016*"treatment"
[2025-05-03T05:45:28.749+0000] {ldamodel.py:1197} INFO - topic #2 (0.333): 0.048*"the" + 0.033*"a" + 0.033*"i" + 0.027*"with" + 0.022*"you" + 0.017*"in" + 0.016*"they" + 0.015*"and" + 0.015*"is" + 0.013*"very"
[2025-05-03T05:45:28.750+0000] {ldamodel.py:1075} INFO - topic diff=0.315530, rho=0.500000
[2025-05-03T05:45:28.862+0000] {ldamodel.py:848} INFO - -5.077 per-word bound, 33.7 perplexity estimate based on a held-out corpus of 392 documents with 7267 words
[2025-05-03T05:45:28.863+0000] {ldamodel.py:1002} INFO - PROGRESS: pass 3, at document #392/392
[2025-05-03T05:45:28.935+0000] {ldamodel.py:1197} INFO - topic #0 (0.333): 0.071*"to" + 0.046*"the" + 0.022*"a" + 0.021*"i" + 0.020*"and" + 0.019*"for" + 0.017*"agency" + 0.016*"is" + 0.014*"you" + 0.013*"its"
[2025-05-03T05:45:28.937+0000] {ldamodel.py:1197} INFO - topic #1 (0.333): 0.056*"nan" + 0.051*"the" + 0.041*"of" + 0.036*"and" + 0.030*"agency" + 0.028*"a" + 0.023*"to" + 0.023*"professional" + 0.020*"good" + 0.017*"treatment"
[2025-05-03T05:45:28.938+0000] {ldamodel.py:1197} INFO - topic #2 (0.333): 0.048*"the" + 0.034*"a" + 0.034*"i" + 0.028*"with" + 0.023*"you" + 0.017*"in" + 0.016*"they" + 0.015*"is" + 0.015*"and" + 0.015*"very"
[2025-05-03T05:45:28.939+0000] {ldamodel.py:1075} INFO - topic diff=0.233744, rho=0.447214
[2025-05-03T05:45:29.051+0000] {ldamodel.py:848} INFO - -5.060 per-word bound, 33.4 perplexity estimate based on a held-out corpus of 392 documents with 7267 words
[2025-05-03T05:45:29.053+0000] {ldamodel.py:1002} INFO - PROGRESS: pass 4, at document #392/392
[2025-05-03T05:45:29.121+0000] {ldamodel.py:1197} INFO - topic #0 (0.333): 0.071*"to" + 0.046*"the" + 0.022*"a" + 0.021*"i" + 0.020*"and" + 0.019*"for" + 0.017*"agency" + 0.016*"is" + 0.014*"you" + 0.013*"its"
[2025-05-03T05:45:29.123+0000] {ldamodel.py:1197} INFO - topic #1 (0.333): 0.058*"nan" + 0.051*"the" + 0.042*"of" + 0.036*"and" + 0.031*"agency" + 0.028*"a" + 0.023*"professional" + 0.023*"to" + 0.021*"good" + 0.017*"treatment"
[2025-05-03T05:45:29.125+0000] {ldamodel.py:1197} INFO - topic #2 (0.333): 0.048*"the" + 0.034*"a" + 0.034*"i" + 0.028*"with" + 0.023*"you" + 0.017*"in" + 0.017*"they" + 0.016*"very" + 0.015*"is" + 0.015*"and"
[2025-05-03T05:45:29.126+0000] {ldamodel.py:1075} INFO - topic diff=0.174808, rho=0.408248
[2025-05-03T05:45:29.254+0000] {ldamodel.py:848} INFO - -5.053 per-word bound, 33.2 perplexity estimate based on a held-out corpus of 392 documents with 7267 words
[2025-05-03T05:45:29.256+0000] {ldamodel.py:1002} INFO - PROGRESS: pass 5, at document #392/392
[2025-05-03T05:45:29.326+0000] {ldamodel.py:1197} INFO - topic #0 (0.333): 0.071*"to" + 0.046*"the" + 0.022*"a" + 0.021*"i" + 0.020*"and" + 0.019*"for" + 0.017*"agency" + 0.016*"is" + 0.014*"you" + 0.013*"its"
[2025-05-03T05:45:29.328+0000] {ldamodel.py:1197} INFO - topic #1 (0.333): 0.059*"nan" + 0.050*"the" + 0.043*"of" + 0.037*"and" + 0.031*"agency" + 0.028*"a" + 0.024*"professional" + 0.023*"to" + 0.021*"good" + 0.017*"treatment"
[2025-05-03T05:45:29.330+0000] {ldamodel.py:1197} INFO - topic #2 (0.333): 0.048*"the" + 0.034*"a" + 0.034*"i" + 0.028*"with" + 0.023*"you" + 0.017*"in" + 0.017*"they" + 0.016*"very" + 0.015*"is" + 0.015*"and"
[2025-05-03T05:45:29.332+0000] {ldamodel.py:1075} INFO - topic diff=0.129396, rho=0.377964
[2025-05-03T05:45:29.441+0000] {ldamodel.py:848} INFO - -5.049 per-word bound, 33.1 perplexity estimate based on a held-out corpus of 392 documents with 7267 words
[2025-05-03T05:45:29.443+0000] {ldamodel.py:1002} INFO - PROGRESS: pass 6, at document #392/392
[2025-05-03T05:45:29.514+0000] {ldamodel.py:1197} INFO - topic #0 (0.333): 0.071*"to" + 0.046*"the" + 0.022*"a" + 0.021*"i" + 0.020*"and" + 0.019*"for" + 0.017*"agency" + 0.016*"is" + 0.014*"you" + 0.013*"its"
[2025-05-03T05:45:29.516+0000] {ldamodel.py:1197} INFO - topic #1 (0.333): 0.060*"nan" + 0.050*"the" + 0.043*"of" + 0.037*"and" + 0.031*"agency" + 0.028*"a" + 0.024*"professional" + 0.022*"to" + 0.021*"good" + 0.018*"treatment"
[2025-05-03T05:45:29.518+0000] {ldamodel.py:1197} INFO - topic #2 (0.333): 0.049*"the" + 0.034*"a" + 0.034*"i" + 0.028*"with" + 0.023*"you" + 0.017*"in" + 0.017*"they" + 0.017*"very" + 0.015*"is" + 0.015*"and"
[2025-05-03T05:45:29.519+0000] {ldamodel.py:1075} INFO - topic diff=0.094484, rho=0.353553
[2025-05-03T05:45:29.634+0000] {ldamodel.py:848} INFO - -5.047 per-word bound, 33.1 perplexity estimate based on a held-out corpus of 392 documents with 7267 words
[2025-05-03T05:45:29.636+0000] {ldamodel.py:1002} INFO - PROGRESS: pass 7, at document #392/392
[2025-05-03T05:45:29.706+0000] {ldamodel.py:1197} INFO - topic #0 (0.333): 0.071*"to" + 0.046*"the" + 0.022*"a" + 0.021*"i" + 0.020*"and" + 0.019*"for" + 0.017*"agency" + 0.016*"is" + 0.014*"you" + 0.013*"its"
[2025-05-03T05:45:29.708+0000] {ldamodel.py:1197} INFO - topic #1 (0.333): 0.060*"nan" + 0.050*"the" + 0.044*"of" + 0.037*"and" + 0.031*"agency" + 0.028*"a" + 0.024*"professional" + 0.022*"to" + 0.021*"good" + 0.018*"treatment"
[2025-05-03T05:45:29.709+0000] {ldamodel.py:1197} INFO - topic #2 (0.333): 0.049*"the" + 0.034*"a" + 0.034*"i" + 0.029*"with" + 0.023*"you" + 0.017*"in" + 0.017*"they" + 0.017*"very" + 0.015*"is" + 0.015*"and"
[2025-05-03T05:45:29.710+0000] {ldamodel.py:1075} INFO - topic diff=0.068257, rho=0.333333
[2025-05-03T05:45:29.829+0000] {ldamodel.py:848} INFO - -5.046 per-word bound, 33.0 perplexity estimate based on a held-out corpus of 392 documents with 7267 words
[2025-05-03T05:45:29.831+0000] {ldamodel.py:1002} INFO - PROGRESS: pass 8, at document #392/392
[2025-05-03T05:45:29.902+0000] {ldamodel.py:1197} INFO - topic #0 (0.333): 0.071*"to" + 0.046*"the" + 0.022*"a" + 0.021*"i" + 0.020*"and" + 0.019*"for" + 0.017*"agency" + 0.016*"is" + 0.014*"you" + 0.013*"its"
[2025-05-03T05:45:29.903+0000] {ldamodel.py:1197} INFO - topic #1 (0.333): 0.060*"nan" + 0.050*"the" + 0.044*"of" + 0.037*"and" + 0.031*"agency" + 0.028*"a" + 0.024*"professional" + 0.022*"to" + 0.022*"good" + 0.018*"treatment"
[2025-05-03T05:45:29.904+0000] {ldamodel.py:1197} INFO - topic #2 (0.333): 0.049*"the" + 0.034*"a" + 0.034*"i" + 0.029*"with" + 0.023*"you" + 0.017*"in" + 0.017*"they" + 0.017*"very" + 0.016*"is" + 0.014*"and"
[2025-05-03T05:45:29.905+0000] {ldamodel.py:1075} INFO - topic diff=0.049025, rho=0.316228
[2025-05-03T05:45:30.017+0000] {ldamodel.py:848} INFO - -5.046 per-word bound, 33.0 perplexity estimate based on a held-out corpus of 392 documents with 7267 words
[2025-05-03T05:45:30.018+0000] {ldamodel.py:1002} INFO - PROGRESS: pass 9, at document #392/392
[2025-05-03T05:45:30.088+0000] {ldamodel.py:1197} INFO - topic #0 (0.333): 0.071*"to" + 0.046*"the" + 0.022*"a" + 0.021*"i" + 0.020*"and" + 0.019*"for" + 0.017*"agency" + 0.016*"is" + 0.014*"you" + 0.013*"its"
[2025-05-03T05:45:30.090+0000] {ldamodel.py:1197} INFO - topic #1 (0.333): 0.060*"nan" + 0.050*"the" + 0.044*"of" + 0.037*"and" + 0.031*"agency" + 0.028*"a" + 0.024*"professional" + 0.022*"to" + 0.022*"good" + 0.018*"treatment"
[2025-05-03T05:45:30.091+0000] {ldamodel.py:1197} INFO - topic #2 (0.333): 0.049*"the" + 0.034*"a" + 0.034*"i" + 0.029*"with" + 0.023*"you" + 0.017*"in" + 0.017*"they" + 0.017*"very" + 0.016*"is" + 0.014*"and"
[2025-05-03T05:45:30.092+0000] {ldamodel.py:1075} INFO - topic diff=0.035194, rho=0.301511
[2025-05-03T05:45:30.093+0000] {utils.py:447} INFO - LdaModel lifecycle event {'msg': 'trained LdaModel<num_terms=339, num_topics=3, decay=0.5, chunksize=2000> in 2.48s', 'datetime': '2025-05-03T05:45:30.093357', 'gensim': '4.3.3', 'python': '3.12.9 (main, Feb  6 2025, 22:37:05) [GCC 12.2.0]', 'platform': 'Linux-5.15.167.4-microsoft-standard-WSL2-x86_64-with-glibc2.36', 'event': 'created'}
[2025-05-03T05:45:30.094+0000] {ldamodel.py:1197} INFO - topic #0 (0.333): 0.071*"to" + 0.046*"the" + 0.022*"a" + 0.021*"i" + 0.020*"and" + 0.019*"for" + 0.017*"agency" + 0.016*"is" + 0.014*"you" + 0.013*"its"
[2025-05-03T05:45:30.095+0000] {ldamodel.py:1197} INFO - topic #1 (0.333): 0.060*"nan" + 0.050*"the" + 0.044*"of" + 0.037*"and" + 0.031*"agency" + 0.028*"a" + 0.024*"professional" + 0.022*"to" + 0.022*"good" + 0.018*"treatment"
[2025-05-03T05:45:30.096+0000] {ldamodel.py:1197} INFO - topic #2 (0.333): 0.049*"the" + 0.034*"a" + 0.034*"i" + 0.029*"with" + 0.023*"you" + 0.017*"in" + 0.017*"they" + 0.017*"very" + 0.016*"is" + 0.014*"and"
[2025-05-03T05:45:30.097+0000] {logging_mixin.py:190} INFO - Extracted topics: [(0, '0.071*"to" + 0.046*"the" + 0.022*"a" + 0.021*"i" + 0.020*"and" + 0.019*"for" + 0.017*"agency" + 0.016*"is" + 0.014*"you" + 0.013*"its"'), (1, '0.060*"nan" + 0.050*"the" + 0.044*"of" + 0.037*"and" + 0.031*"agency" + 0.028*"a" + 0.024*"professional" + 0.022*"to" + 0.022*"good" + 0.018*"treatment"'), (2, '0.049*"the" + 0.034*"a" + 0.034*"i" + 0.029*"with" + 0.023*"you" + 0.017*"in" + 0.017*"they" + 0.017*"very" + 0.016*"is" + 0.014*"and"')]
[2025-05-03T05:45:30.100+0000] {python.py:240} INFO - Done. Returned value was: None
[2025-05-03T05:45:30.117+0000] {taskinstance.py:341} INFO - ::group::Post task execution logs
[2025-05-03T05:45:30.119+0000] {taskinstance.py:353} INFO - Marking task as SUCCESS. dag_id=google_maps_reviews, task_id=extract_topics, run_id=scheduled__2025-05-02T00:00:00+00:00, execution_date=20250502T000000, start_date=20250503T054527, end_date=20250503T054530
[2025-05-03T05:45:30.159+0000] {logging_mixin.py:190} INFO - Task instance in success state
[2025-05-03T05:45:30.159+0000] {logging_mixin.py:190} INFO -  Previous state of the Task instance: running
[2025-05-03T05:45:30.160+0000] {logging_mixin.py:190} INFO - Dag name:google_maps_reviews queued_at:2025-05-03 05:43:19.013588+00:00
[2025-05-03T05:45:30.161+0000] {logging_mixin.py:190} INFO - Task hostname:6ca499d7a39a operator:PythonOperator
[2025-05-03T05:45:30.201+0000] {local_task_job_runner.py:266} INFO - Task exited with return code 0
[2025-05-03T05:45:30.257+0000] {taskinstance.py:3901} INFO - 1 downstream tasks scheduled from follow-on schedule check
[2025-05-03T05:45:30.270+0000] {local_task_job_runner.py:245} INFO - ::endgroup::
