[2025-05-07T12:08:50.592+0000] {local_task_job_runner.py:123} INFO - ::group::Pre task execution logs
[2025-05-07T12:08:50.623+0000] {taskinstance.py:2614} INFO - Dependencies all met for dep_context=non-requeueable deps ti=<TaskInstance: google_maps_reviews.fetch_google_reviews manual__2025-05-07T12:08:42.928678+00:00 [queued]>
[2025-05-07T12:08:50.640+0000] {taskinstance.py:2614} INFO - Dependencies all met for dep_context=requeueable deps ti=<TaskInstance: google_maps_reviews.fetch_google_reviews manual__2025-05-07T12:08:42.928678+00:00 [queued]>
[2025-05-07T12:08:50.642+0000] {taskinstance.py:2867} INFO - Starting attempt 1 of 2
[2025-05-07T12:08:50.676+0000] {taskinstance.py:2890} INFO - Executing <Task(PythonOperator): fetch_google_reviews> on 2025-05-07 12:08:42.928678+00:00
[2025-05-07T12:08:50.694+0000] {warnings.py:112} WARNING - /home/***/.local/lib/python3.12/site-packages/***/task/task_runner/standard_task_runner.py:70: DeprecationWarning: This process (pid=88) is multi-threaded, use of fork() may lead to deadlocks in the child.
  pid = os.fork()

[2025-05-07T12:08:50.699+0000] {standard_task_runner.py:72} INFO - Started process 103 to run task
[2025-05-07T12:08:50.700+0000] {standard_task_runner.py:104} INFO - Running: ['***', 'tasks', 'run', 'google_maps_reviews', 'fetch_google_reviews', 'manual__2025-05-07T12:08:42.928678+00:00', '--job-id', '764', '--raw', '--subdir', 'DAGS_FOLDER/***dag.py', '--cfg-path', '/tmp/tmps0baoscn']
[2025-05-07T12:08:50.703+0000] {standard_task_runner.py:105} INFO - Job 764: Subtask fetch_google_reviews
[2025-05-07T12:08:50.790+0000] {task_command.py:467} INFO - Running <TaskInstance: google_maps_reviews.fetch_google_reviews manual__2025-05-07T12:08:42.928678+00:00 [running]> on host 8280c28b7f0f
[2025-05-07T12:08:50.990+0000] {taskinstance.py:3134} INFO - Exporting env vars: AIRFLOW_CTX_DAG_OWNER='***' AIRFLOW_CTX_DAG_ID='google_maps_reviews' AIRFLOW_CTX_TASK_ID='fetch_google_reviews' AIRFLOW_CTX_EXECUTION_DATE='2025-05-07T12:08:42.928678+00:00' AIRFLOW_CTX_TRY_NUMBER='1' AIRFLOW_CTX_DAG_RUN_ID='manual__2025-05-07T12:08:42.928678+00:00'
[2025-05-07T12:08:50.993+0000] {logging_mixin.py:190} INFO - Task instance is in running state
[2025-05-07T12:08:50.994+0000] {logging_mixin.py:190} INFO -  Previous state of the Task instance: queued
[2025-05-07T12:08:50.995+0000] {logging_mixin.py:190} INFO - Current task name:fetch_google_reviews state:running start_date:2025-05-07 12:08:50.624927+00:00
[2025-05-07T12:08:50.996+0000] {logging_mixin.py:190} INFO - Dag name:google_maps_reviews and current dag run status:running
[2025-05-07T12:08:50.998+0000] {taskinstance.py:732} INFO - ::endgroup::
[2025-05-07T12:10:17.131+0000] {logging_mixin.py:190} INFO - 1838 reviews collected from 426 bank branches.
[2025-05-07T12:10:17.141+0000] {python.py:240} INFO - Done. Returned value was: None
[2025-05-07T12:10:17.176+0000] {taskinstance.py:341} INFO - ::group::Post task execution logs
[2025-05-07T12:10:17.179+0000] {taskinstance.py:353} INFO - Marking task as SUCCESS. dag_id=google_maps_reviews, task_id=fetch_google_reviews, run_id=manual__2025-05-07T12:08:42.928678+00:00, execution_date=20250507T120842, start_date=20250507T120850, end_date=20250507T121017
[2025-05-07T12:10:17.243+0000] {logging_mixin.py:190} INFO - Task instance in success state
[2025-05-07T12:10:17.245+0000] {logging_mixin.py:190} INFO -  Previous state of the Task instance: running
[2025-05-07T12:10:17.246+0000] {logging_mixin.py:190} INFO - Dag name:google_maps_reviews queued_at:2025-05-07 12:08:42.960578+00:00
[2025-05-07T12:10:17.247+0000] {logging_mixin.py:190} INFO - Task hostname:8280c28b7f0f operator:PythonOperator
[2025-05-07T12:10:17.305+0000] {local_task_job_runner.py:266} INFO - Task exited with return code 0
[2025-05-07T12:10:17.389+0000] {taskinstance.py:3901} INFO - 1 downstream tasks scheduled from follow-on schedule check
[2025-05-07T12:10:17.417+0000] {local_task_job_runner.py:245} INFO - ::endgroup::
