[2025-05-03T07:26:27.396+0000] {local_task_job_runner.py:123} INFO - ::group::Pre task execution logs
[2025-05-03T07:26:27.438+0000] {taskinstance.py:2614} INFO - Dependencies all met for dep_context=non-requeueable deps ti=<TaskInstance: google_maps_reviews.normalize_and_clean_data manual__2025-05-03T07:25:53.091841+00:00 [queued]>
[2025-05-03T07:26:27.460+0000] {taskinstance.py:2614} INFO - Dependencies all met for dep_context=requeueable deps ti=<TaskInstance: google_maps_reviews.normalize_and_clean_data manual__2025-05-03T07:25:53.091841+00:00 [queued]>
[2025-05-03T07:26:27.464+0000] {taskinstance.py:2867} INFO - Starting attempt 1 of 2
[2025-05-03T07:26:27.498+0000] {taskinstance.py:2890} INFO - Executing <Task(PythonOperator): normalize_and_clean_data> on 2025-05-03 07:25:53.091841+00:00
[2025-05-03T07:26:27.518+0000] {warnings.py:112} WARNING - /home/***/.local/lib/python3.12/site-packages/***/task/task_runner/standard_task_runner.py:70: DeprecationWarning: This process (pid=1722) is multi-threaded, use of fork() may lead to deadlocks in the child.
  pid = os.fork()

[2025-05-03T07:26:27.522+0000] {standard_task_runner.py:72} INFO - Started process 1737 to run task
[2025-05-03T07:26:27.522+0000] {standard_task_runner.py:104} INFO - Running: ['***', 'tasks', 'run', 'google_maps_reviews', 'normalize_and_clean_data', 'manual__2025-05-03T07:25:53.091841+00:00', '--job-id', '237', '--raw', '--subdir', 'DAGS_FOLDER/***dag.py', '--cfg-path', '/tmp/tmppx_5lcr5']
[2025-05-03T07:26:27.526+0000] {standard_task_runner.py:105} INFO - Job 237: Subtask normalize_and_clean_data
[2025-05-03T07:26:27.618+0000] {task_command.py:467} INFO - Running <TaskInstance: google_maps_reviews.normalize_and_clean_data manual__2025-05-03T07:25:53.091841+00:00 [running]> on host 8280c28b7f0f
[2025-05-03T07:26:27.786+0000] {taskinstance.py:3134} INFO - Exporting env vars: AIRFLOW_CTX_DAG_OWNER='***' AIRFLOW_CTX_DAG_ID='google_maps_reviews' AIRFLOW_CTX_TASK_ID='normalize_and_clean_data' AIRFLOW_CTX_EXECUTION_DATE='2025-05-03T07:25:53.091841+00:00' AIRFLOW_CTX_TRY_NUMBER='1' AIRFLOW_CTX_DAG_RUN_ID='manual__2025-05-03T07:25:53.091841+00:00'
[2025-05-03T07:26:27.789+0000] {logging_mixin.py:190} INFO - Task instance is in running state
[2025-05-03T07:26:27.789+0000] {logging_mixin.py:190} INFO -  Previous state of the Task instance: queued
[2025-05-03T07:26:27.790+0000] {logging_mixin.py:190} INFO - Current task name:normalize_and_clean_data state:running start_date:2025-05-03 07:26:27.439957+00:00
[2025-05-03T07:26:27.791+0000] {logging_mixin.py:190} INFO - Dag name:google_maps_reviews and current dag run status:running
[2025-05-03T07:26:27.792+0000] {taskinstance.py:732} INFO - ::endgroup::
[2025-05-03T07:26:27.808+0000] {base.py:84} INFO - Retrieving connection 'postgres_defaut'
[2025-05-03T07:26:27.821+0000] {warnings.py:112} WARNING - /opt/***/dags/storeData.py:200: UserWarning: pandas only supports SQLAlchemy connectable (engine/connection) or database string URI or sqlite3 DBAPI2 connection. Other DBAPI2 objects are not tested. Please consider using SQLAlchemy.
  df = pd.read_sql("SELECT * FROM review.raw_reviews", conn)

[2025-05-03T07:26:28.318+0000] {logging_mixin.py:190} INFO - Data normalized and cleaned successfully.
[2025-05-03T07:26:28.320+0000] {python.py:240} INFO - Done. Returned value was: None
[2025-05-03T07:26:28.341+0000] {taskinstance.py:341} INFO - ::group::Post task execution logs
[2025-05-03T07:26:28.343+0000] {taskinstance.py:353} INFO - Marking task as SUCCESS. dag_id=google_maps_reviews, task_id=normalize_and_clean_data, run_id=manual__2025-05-03T07:25:53.091841+00:00, execution_date=20250503T072553, start_date=20250503T072627, end_date=20250503T072628
[2025-05-03T07:26:28.384+0000] {logging_mixin.py:190} INFO - Task instance in success state
[2025-05-03T07:26:28.385+0000] {logging_mixin.py:190} INFO -  Previous state of the Task instance: running
[2025-05-03T07:26:28.386+0000] {logging_mixin.py:190} INFO - Dag name:google_maps_reviews queued_at:2025-05-03 07:25:53.142198+00:00
[2025-05-03T07:26:28.386+0000] {logging_mixin.py:190} INFO - Task hostname:8280c28b7f0f operator:PythonOperator
[2025-05-03T07:26:28.424+0000] {local_task_job_runner.py:266} INFO - Task exited with return code 0
[2025-05-03T07:26:28.444+0000] {local_task_job_runner.py:245} INFO - ::endgroup::
