[2025-05-02T19:06:57.825+0000] {local_task_job_runner.py:123} INFO - ::group::Pre task execution logs
[2025-05-02T19:06:57.865+0000] {taskinstance.py:2614} INFO - Dependencies all met for dep_context=non-requeueable deps ti=<TaskInstance: google_maps_reviews.remove_duplicates manual__2025-05-02T18:59:46.705410+00:00 [queued]>
[2025-05-02T19:06:57.885+0000] {taskinstance.py:2614} INFO - Dependencies all met for dep_context=requeueable deps ti=<TaskInstance: google_maps_reviews.remove_duplicates manual__2025-05-02T18:59:46.705410+00:00 [queued]>
[2025-05-02T19:06:57.887+0000] {taskinstance.py:2867} INFO - Starting attempt 1 of 2
[2025-05-02T19:06:57.910+0000] {taskinstance.py:2890} INFO - Executing <Task(PythonOperator): remove_duplicates> on 2025-05-02 18:59:46.705410+00:00
[2025-05-02T19:06:57.930+0000] {warnings.py:112} WARNING - /home/***/.local/lib/python3.12/site-packages/***/task/task_runner/standard_task_runner.py:70: DeprecationWarning: This process (pid=666) is multi-threaded, use of fork() may lead to deadlocks in the child.
  pid = os.fork()

[2025-05-02T19:06:57.934+0000] {standard_task_runner.py:72} INFO - Started process 681 to run task
[2025-05-02T19:06:57.935+0000] {standard_task_runner.py:104} INFO - Running: ['***', 'tasks', 'run', 'google_maps_reviews', 'remove_duplicates', 'manual__2025-05-02T18:59:46.705410+00:00', '--job-id', '141', '--raw', '--subdir', 'DAGS_FOLDER/***dag.py', '--cfg-path', '/tmp/tmpglhqbypy']
[2025-05-02T19:06:57.937+0000] {standard_task_runner.py:105} INFO - Job 141: Subtask remove_duplicates
[2025-05-02T19:06:58.027+0000] {task_command.py:467} INFO - Running <TaskInstance: google_maps_reviews.remove_duplicates manual__2025-05-02T18:59:46.705410+00:00 [running]> on host 6ca499d7a39a
[2025-05-02T19:06:58.168+0000] {taskinstance.py:3134} INFO - Exporting env vars: AIRFLOW_CTX_DAG_OWNER='***' AIRFLOW_CTX_DAG_ID='google_maps_reviews' AIRFLOW_CTX_TASK_ID='remove_duplicates' AIRFLOW_CTX_EXECUTION_DATE='2025-05-02T18:59:46.705410+00:00' AIRFLOW_CTX_TRY_NUMBER='1' AIRFLOW_CTX_DAG_RUN_ID='manual__2025-05-02T18:59:46.705410+00:00'
[2025-05-02T19:06:58.171+0000] {logging_mixin.py:190} INFO - Task instance is in running state
[2025-05-02T19:06:58.172+0000] {logging_mixin.py:190} INFO -  Previous state of the Task instance: queued
[2025-05-02T19:06:58.173+0000] {logging_mixin.py:190} INFO - Current task name:remove_duplicates state:running start_date:2025-05-02 19:06:57.866618+00:00
[2025-05-02T19:06:58.175+0000] {logging_mixin.py:190} INFO - Dag name:google_maps_reviews and current dag run status:running
[2025-05-02T19:06:58.181+0000] {taskinstance.py:732} INFO - ::endgroup::
[2025-05-02T19:06:58.201+0000] {base.py:84} INFO - Retrieving connection 'postgres_defaut'
[2025-05-02T19:06:58.221+0000] {logging_mixin.py:190} INFO - Duplicate reviews removed.
[2025-05-02T19:06:58.223+0000] {python.py:240} INFO - Done. Returned value was: None
[2025-05-02T19:06:58.240+0000] {taskinstance.py:341} INFO - ::group::Post task execution logs
[2025-05-02T19:06:58.242+0000] {taskinstance.py:353} INFO - Marking task as SUCCESS. dag_id=google_maps_reviews, task_id=remove_duplicates, run_id=manual__2025-05-02T18:59:46.705410+00:00, execution_date=20250502T185946, start_date=20250502T190657, end_date=20250502T190658
[2025-05-02T19:06:58.284+0000] {logging_mixin.py:190} INFO - Task instance in success state
[2025-05-02T19:06:58.285+0000] {logging_mixin.py:190} INFO -  Previous state of the Task instance: running
[2025-05-02T19:06:58.286+0000] {logging_mixin.py:190} INFO - Dag name:google_maps_reviews queued_at:2025-05-02 18:59:46.754929+00:00
[2025-05-02T19:06:58.287+0000] {logging_mixin.py:190} INFO - Task hostname:6ca499d7a39a operator:PythonOperator
[2025-05-02T19:06:58.315+0000] {local_task_job_runner.py:266} INFO - Task exited with return code 0
[2025-05-02T19:06:58.370+0000] {taskinstance.py:3901} INFO - 1 downstream tasks scheduled from follow-on schedule check
[2025-05-02T19:06:58.373+0000] {local_task_job_runner.py:245} INFO - ::endgroup::
