[2025-05-03T15:11:41.575+0000] {local_task_job_runner.py:123} INFO - ::group::Pre task execution logs
[2025-05-03T15:11:41.602+0000] {taskinstance.py:2614} INFO - Dependencies all met for dep_context=non-requeueable deps ti=<TaskInstance: google_maps_reviews.run_dbt_models manual__2025-05-03T15:04:48.168882+00:00 [queued]>
[2025-05-03T15:11:41.618+0000] {taskinstance.py:2614} INFO - Dependencies all met for dep_context=requeueable deps ti=<TaskInstance: google_maps_reviews.run_dbt_models manual__2025-05-03T15:04:48.168882+00:00 [queued]>
[2025-05-03T15:11:41.619+0000] {taskinstance.py:2867} INFO - Starting attempt 1 of 2
[2025-05-03T15:11:41.638+0000] {taskinstance.py:2890} INFO - Executing <Task(BashOperator): run_dbt_models> on 2025-05-03 15:04:48.168882+00:00
[2025-05-03T15:11:41.656+0000] {standard_task_runner.py:104} INFO - Running: ['***', 'tasks', 'run', 'google_maps_reviews', 'run_dbt_models', 'manual__2025-05-03T15:04:48.168882+00:00', '--job-id', '339', '--raw', '--subdir', 'DAGS_FOLDER/***dag.py', '--cfg-path', '/tmp/tmpfrguljjl']
[2025-05-03T15:11:41.659+0000] {standard_task_runner.py:105} INFO - Job 339: Subtask run_dbt_models
[2025-05-03T15:11:41.656+0000] {warnings.py:112} WARNING - /home/***/.local/lib/python3.12/site-packages/***/task/task_runner/standard_task_runner.py:70: DeprecationWarning: This process (pid=5419) is multi-threaded, use of fork() may lead to deadlocks in the child.
  pid = os.fork()

[2025-05-03T15:11:41.668+0000] {standard_task_runner.py:72} INFO - Started process 5434 to run task
[2025-05-03T15:11:41.733+0000] {task_command.py:467} INFO - Running <TaskInstance: google_maps_reviews.run_dbt_models manual__2025-05-03T15:04:48.168882+00:00 [running]> on host 8280c28b7f0f
[2025-05-03T15:11:41.809+0000] {taskinstance.py:3134} INFO - Exporting env vars: AIRFLOW_CTX_DAG_OWNER='***' AIRFLOW_CTX_DAG_ID='google_maps_reviews' AIRFLOW_CTX_TASK_ID='run_dbt_models' AIRFLOW_CTX_EXECUTION_DATE='2025-05-03T15:04:48.168882+00:00' AIRFLOW_CTX_TRY_NUMBER='1' AIRFLOW_CTX_DAG_RUN_ID='manual__2025-05-03T15:04:48.168882+00:00'
[2025-05-03T15:11:41.811+0000] {logging_mixin.py:190} INFO - Task instance is in running state
[2025-05-03T15:11:41.811+0000] {logging_mixin.py:190} INFO -  Previous state of the Task instance: queued
[2025-05-03T15:11:41.812+0000] {logging_mixin.py:190} INFO - Current task name:run_dbt_models state:running start_date:2025-05-03 15:11:41.604108+00:00
[2025-05-03T15:11:41.813+0000] {logging_mixin.py:190} INFO - Dag name:google_maps_reviews and current dag run status:running
[2025-05-03T15:11:41.814+0000] {taskinstance.py:732} INFO - ::endgroup::
[2025-05-03T15:11:41.815+0000] {subprocess.py:78} INFO - Tmp dir root location: /tmp
[2025-05-03T15:11:41.817+0000] {subprocess.py:88} INFO - Running command: ['/usr/bin/bash', '-c', 'cd /opt/***/dbt_project/bank_reviews_dbt && dbt run --profiles-dir .']
[2025-05-03T15:11:41.832+0000] {subprocess.py:99} INFO - Output:
[2025-05-03T15:11:43.877+0000] {subprocess.py:106} INFO - [0m15:11:43  Running with dbt=1.9.4
[2025-05-03T15:11:44.168+0000] {subprocess.py:106} INFO - [0m15:11:44  Registered adapter: postgres=1.9.0
[2025-05-03T15:11:44.740+0000] {subprocess.py:106} INFO - [0m15:11:44  Found 5 models, 12 data tests, 433 macros
[2025-05-03T15:11:44.744+0000] {subprocess.py:106} INFO - [0m15:11:44
[2025-05-03T15:11:44.744+0000] {subprocess.py:106} INFO - [0m15:11:44  Concurrency: 1 threads (target='dev')
[2025-05-03T15:11:44.748+0000] {subprocess.py:106} INFO - [0m15:11:44
[2025-05-03T15:11:44.862+0000] {subprocess.py:106} INFO - [0m15:11:44  1 of 5 START sql table model review.dim_bank ................................... [RUN]
[2025-05-03T15:11:45.021+0000] {subprocess.py:106} INFO - [0m15:11:45  1 of 5 OK created sql table model review.dim_bank .............................. [[32mSELECT 20[0m in 0.16s]
[2025-05-03T15:11:45.023+0000] {subprocess.py:106} INFO - [0m15:11:45  2 of 5 START sql table model review.dim_branch ................................. [RUN]
[2025-05-03T15:11:45.089+0000] {subprocess.py:106} INFO - [0m15:11:45  2 of 5 OK created sql table model review.dim_branch ............................ [[32mSELECT 20[0m in 0.06s]
[2025-05-03T15:11:45.092+0000] {subprocess.py:106} INFO - [0m15:11:45  3 of 5 START sql table model review.dim_location ............................... [RUN]
[2025-05-03T15:11:45.189+0000] {subprocess.py:106} INFO - [0m15:11:45  3 of 5 OK created sql table model review.dim_location .......................... [[32mSELECT 20[0m in 0.10s]
[2025-05-03T15:11:45.193+0000] {subprocess.py:106} INFO - [0m15:11:45  4 of 5 START sql table model review.dim_sentiment .............................. [RUN]
[2025-05-03T15:11:45.301+0000] {subprocess.py:106} INFO - [0m15:11:45  4 of 5 OK created sql table model review.dim_sentiment ......................... [[32mSELECT 1[0m in 0.11s]
[2025-05-03T15:11:45.314+0000] {subprocess.py:106} INFO - [0m15:11:45  5 of 5 START sql table model review.fact_reviews ............................... [RUN]
[2025-05-03T15:11:45.409+0000] {subprocess.py:106} INFO - [0m15:11:45  5 of 5 OK created sql table model review.fact_reviews .......................... [[32mSELECT 98[0m in 0.09s]
[2025-05-03T15:11:45.430+0000] {subprocess.py:106} INFO - [0m15:11:45
[2025-05-03T15:11:45.432+0000] {subprocess.py:106} INFO - [0m15:11:45  Finished running 5 table models in 0 hours 0 minutes and 0.68 seconds (0.68s).
[2025-05-03T15:11:45.514+0000] {subprocess.py:106} INFO - [0m15:11:45
[2025-05-03T15:11:45.516+0000] {subprocess.py:106} INFO - [0m15:11:45  [32mCompleted successfully[0m
[2025-05-03T15:11:45.517+0000] {subprocess.py:106} INFO - [0m15:11:45
[2025-05-03T15:11:45.518+0000] {subprocess.py:106} INFO - [0m15:11:45  Done. PASS=5 WARN=0 ERROR=0 SKIP=0 TOTAL=5
[2025-05-03T15:11:47.810+0000] {subprocess.py:110} INFO - Command exited with return code 0
[2025-05-03T15:11:47.870+0000] {taskinstance.py:341} INFO - ::group::Post task execution logs
[2025-05-03T15:11:47.871+0000] {taskinstance.py:353} INFO - Marking task as SUCCESS. dag_id=google_maps_reviews, task_id=run_dbt_models, run_id=manual__2025-05-03T15:04:48.168882+00:00, execution_date=20250503T150448, start_date=20250503T151141, end_date=20250503T151147
[2025-05-03T15:11:47.917+0000] {logging_mixin.py:190} INFO - Task instance in success state
[2025-05-03T15:11:47.919+0000] {logging_mixin.py:190} INFO -  Previous state of the Task instance: running
[2025-05-03T15:11:47.920+0000] {logging_mixin.py:190} INFO - Dag name:google_maps_reviews queued_at:2025-05-03 15:04:48.193059+00:00
[2025-05-03T15:11:47.921+0000] {logging_mixin.py:190} INFO - Task hostname:8280c28b7f0f operator:BashOperator
[2025-05-03T15:11:47.959+0000] {local_task_job_runner.py:266} INFO - Task exited with return code 0
[2025-05-03T15:11:47.992+0000] {taskinstance.py:3901} INFO - 1 downstream tasks scheduled from follow-on schedule check
[2025-05-03T15:11:47.994+0000] {local_task_job_runner.py:245} INFO - ::endgroup::
