[2025-05-06T16:59:20.777+0000] {local_task_job_runner.py:123} INFO - ::group::Pre task execution logs
[2025-05-06T16:59:20.826+0000] {taskinstance.py:2614} INFO - Dependencies all met for dep_context=non-requeueable deps ti=<TaskInstance: google_maps_reviews.Load_reviews1 scheduled__2025-05-05T00:00:00+00:00 [queued]>
[2025-05-06T16:59:20.848+0000] {taskinstance.py:2614} INFO - Dependencies all met for dep_context=requeueable deps ti=<TaskInstance: google_maps_reviews.Load_reviews1 scheduled__2025-05-05T00:00:00+00:00 [queued]>
[2025-05-06T16:59:20.866+0000] {taskinstance.py:2867} INFO - Starting attempt 3 of 4
[2025-05-06T16:59:20.903+0000] {taskinstance.py:2890} INFO - Executing <Task(PythonOperator): Load_reviews1> on 2025-05-05 00:00:00+00:00
[2025-05-06T16:59:20.921+0000] {warnings.py:112} WARNING - /home/***/.local/lib/python3.12/site-packages/***/task/task_runner/standard_task_runner.py:70: DeprecationWarning: This process (pid=4438) is multi-threaded, use of fork() may lead to deadlocks in the child.
  pid = os.fork()

[2025-05-06T16:59:20.925+0000] {standard_task_runner.py:72} INFO - Started process 4460 to run task
[2025-05-06T16:59:20.928+0000] {standard_task_runner.py:104} INFO - Running: ['***', 'tasks', 'run', 'google_maps_reviews', 'Load_reviews1', 'scheduled__2025-05-05T00:00:00+00:00', '--job-id', '570', '--raw', '--subdir', 'DAGS_FOLDER/***dag.py', '--cfg-path', '/tmp/tmpbte2m3_h']
[2025-05-06T16:59:20.931+0000] {standard_task_runner.py:105} INFO - Job 570: Subtask Load_reviews1
[2025-05-06T16:59:21.035+0000] {task_command.py:467} INFO - Running <TaskInstance: google_maps_reviews.Load_reviews1 scheduled__2025-05-05T00:00:00+00:00 [running]> on host 8280c28b7f0f
[2025-05-06T16:59:21.200+0000] {taskinstance.py:3134} INFO - Exporting env vars: AIRFLOW_CTX_DAG_OWNER='***' AIRFLOW_CTX_DAG_ID='google_maps_reviews' AIRFLOW_CTX_TASK_ID='Load_reviews1' AIRFLOW_CTX_EXECUTION_DATE='2025-05-05T00:00:00+00:00' AIRFLOW_CTX_TRY_NUMBER='3' AIRFLOW_CTX_DAG_RUN_ID='scheduled__2025-05-05T00:00:00+00:00'
[2025-05-06T16:59:21.203+0000] {logging_mixin.py:190} INFO - Task instance is in running state
[2025-05-06T16:59:21.204+0000] {logging_mixin.py:190} INFO -  Previous state of the Task instance: queued
[2025-05-06T16:59:21.205+0000] {logging_mixin.py:190} INFO - Current task name:Load_reviews1 state:running start_date:2025-05-06 16:59:20.828060+00:00
[2025-05-06T16:59:21.206+0000] {logging_mixin.py:190} INFO - Dag name:google_maps_reviews and current dag run status:running
[2025-05-06T16:59:21.207+0000] {taskinstance.py:732} INFO - ::endgroup::
[2025-05-06T16:59:21.268+0000] {logging_mixin.py:190} INFO - Current directory: /opt/***/dags
[2025-05-06T16:59:21.270+0000] {logging_mixin.py:190} INFO - Data path: /opt/***/dags/input/reviews.csv
[2025-05-06T16:59:21.314+0000] {base.py:84} INFO - Retrieving connection 'postgres_defaut'
[2025-05-06T16:59:21.478+0000] {logging_mixin.py:190} INFO - Data stored in PostgreSQL.
[2025-05-06T16:59:21.480+0000] {python.py:240} INFO - Done. Returned value was: None
[2025-05-06T16:59:21.498+0000] {taskinstance.py:341} INFO - ::group::Post task execution logs
[2025-05-06T16:59:21.500+0000] {taskinstance.py:353} INFO - Marking task as SUCCESS. dag_id=google_maps_reviews, task_id=Load_reviews1, run_id=scheduled__2025-05-05T00:00:00+00:00, execution_date=20250505T000000, start_date=20250506T165920, end_date=20250506T165921
[2025-05-06T16:59:21.549+0000] {logging_mixin.py:190} INFO - Task instance in success state
[2025-05-06T16:59:21.551+0000] {logging_mixin.py:190} INFO -  Previous state of the Task instance: running
[2025-05-06T16:59:21.552+0000] {logging_mixin.py:190} INFO - Dag name:google_maps_reviews queued_at:2025-05-06 16:57:14.643605+00:00
[2025-05-06T16:59:21.554+0000] {logging_mixin.py:190} INFO - Task hostname:8280c28b7f0f operator:PythonOperator
[2025-05-06T16:59:21.588+0000] {local_task_job_runner.py:266} INFO - Task exited with return code 0
[2025-05-06T16:59:21.651+0000] {taskinstance.py:3901} INFO - 1 downstream tasks scheduled from follow-on schedule check
[2025-05-06T16:59:21.656+0000] {local_task_job_runner.py:245} INFO - ::endgroup::
