[2025-05-03T06:54:00.269+0000] {local_task_job_runner.py:123} INFO - ::group::Pre task execution logs
[2025-05-03T06:54:00.311+0000] {taskinstance.py:2614} INFO - Dependencies all met for dep_context=non-requeueable deps ti=<TaskInstance: google_maps_reviews.remove_duplicates manual__2025-05-03T06:53:22.169245+00:00 [queued]>
[2025-05-03T06:54:00.332+0000] {taskinstance.py:2614} INFO - Dependencies all met for dep_context=requeueable deps ti=<TaskInstance: google_maps_reviews.remove_duplicates manual__2025-05-03T06:53:22.169245+00:00 [queued]>
[2025-05-03T06:54:00.350+0000] {taskinstance.py:2867} INFO - Starting attempt 1 of 2
[2025-05-03T06:54:00.383+0000] {taskinstance.py:2890} INFO - Executing <Task(PythonOperator): remove_duplicates> on 2025-05-03 06:53:22.169245+00:00
[2025-05-03T06:54:00.404+0000] {warnings.py:112} WARNING - /home/***/.local/lib/python3.12/site-packages/***/task/task_runner/standard_task_runner.py:70: DeprecationWarning: This process (pid=938) is multi-threaded, use of fork() may lead to deadlocks in the child.
  pid = os.fork()

[2025-05-03T06:54:00.410+0000] {standard_task_runner.py:72} INFO - Started process 953 to run task
[2025-05-03T06:54:00.411+0000] {standard_task_runner.py:104} INFO - Running: ['***', 'tasks', 'run', 'google_maps_reviews', 'remove_duplicates', 'manual__2025-05-03T06:53:22.169245+00:00', '--job-id', '214', '--raw', '--subdir', 'DAGS_FOLDER/***dag.py', '--cfg-path', '/tmp/tmp4f9kp8ps']
[2025-05-03T06:54:00.414+0000] {standard_task_runner.py:105} INFO - Job 214: Subtask remove_duplicates
[2025-05-03T06:54:00.513+0000] {task_command.py:467} INFO - Running <TaskInstance: google_maps_reviews.remove_duplicates manual__2025-05-03T06:53:22.169245+00:00 [running]> on host 8280c28b7f0f
[2025-05-03T06:54:00.684+0000] {taskinstance.py:3134} INFO - Exporting env vars: AIRFLOW_CTX_DAG_OWNER='***' AIRFLOW_CTX_DAG_ID='google_maps_reviews' AIRFLOW_CTX_TASK_ID='remove_duplicates' AIRFLOW_CTX_EXECUTION_DATE='2025-05-03T06:53:22.169245+00:00' AIRFLOW_CTX_TRY_NUMBER='1' AIRFLOW_CTX_DAG_RUN_ID='manual__2025-05-03T06:53:22.169245+00:00'
[2025-05-03T06:54:00.688+0000] {logging_mixin.py:190} INFO - Task instance is in running state
[2025-05-03T06:54:00.689+0000] {logging_mixin.py:190} INFO -  Previous state of the Task instance: queued
[2025-05-03T06:54:00.690+0000] {logging_mixin.py:190} INFO - Current task name:remove_duplicates state:running start_date:2025-05-03 06:54:00.313183+00:00
[2025-05-03T06:54:00.691+0000] {logging_mixin.py:190} INFO - Dag name:google_maps_reviews and current dag run status:running
[2025-05-03T06:54:00.692+0000] {taskinstance.py:732} INFO - ::endgroup::
[2025-05-03T06:54:00.709+0000] {base.py:84} INFO - Retrieving connection 'postgres_defaut'
[2025-05-03T06:54:00.728+0000] {logging_mixin.py:190} INFO - Duplicate reviews removed.
[2025-05-03T06:54:00.730+0000] {python.py:240} INFO - Done. Returned value was: None
[2025-05-03T06:54:00.745+0000] {taskinstance.py:341} INFO - ::group::Post task execution logs
[2025-05-03T06:54:00.747+0000] {taskinstance.py:353} INFO - Marking task as SUCCESS. dag_id=google_maps_reviews, task_id=remove_duplicates, run_id=manual__2025-05-03T06:53:22.169245+00:00, execution_date=20250503T065322, start_date=20250503T065400, end_date=20250503T065400
[2025-05-03T06:54:00.789+0000] {logging_mixin.py:190} INFO - Task instance in success state
[2025-05-03T06:54:00.792+0000] {logging_mixin.py:190} INFO -  Previous state of the Task instance: running
[2025-05-03T06:54:00.793+0000] {logging_mixin.py:190} INFO - Dag name:google_maps_reviews queued_at:2025-05-03 06:53:22.213155+00:00
[2025-05-03T06:54:00.795+0000] {logging_mixin.py:190} INFO - Task hostname:8280c28b7f0f operator:PythonOperator
[2025-05-03T06:54:00.831+0000] {local_task_job_runner.py:266} INFO - Task exited with return code 0
[2025-05-03T06:54:00.898+0000] {taskinstance.py:3901} INFO - 1 downstream tasks scheduled from follow-on schedule check
[2025-05-03T06:54:00.902+0000] {local_task_job_runner.py:245} INFO - ::endgroup::
