[2025-05-06T20:18:32.120+0000] {local_task_job_runner.py:123} INFO - ::group::Pre task execution logs
[2025-05-06T20:18:32.138+0000] {taskinstance.py:2614} INFO - Dependencies all met for dep_context=non-requeueable deps ti=<TaskInstance: google_maps_reviews.extract_topics manual__2025-05-06T20:00:25.137792+00:00 [queued]>
[2025-05-06T20:18:32.147+0000] {taskinstance.py:2614} INFO - Dependencies all met for dep_context=requeueable deps ti=<TaskInstance: google_maps_reviews.extract_topics manual__2025-05-06T20:00:25.137792+00:00 [queued]>
[2025-05-06T20:18:32.148+0000] {taskinstance.py:2867} INFO - Starting attempt 2 of 3
[2025-05-06T20:18:32.163+0000] {taskinstance.py:2890} INFO - Executing <Task(PythonOperator): extract_topics> on 2025-05-06 20:00:25.137792+00:00
[2025-05-06T20:18:32.176+0000] {warnings.py:112} WARNING - /home/***/.local/lib/python3.12/site-packages/***/task/task_runner/standard_task_runner.py:70: DeprecationWarning: This process (pid=7656) is multi-threaded, use of fork() may lead to deadlocks in the child.
  pid = os.fork()

[2025-05-06T20:18:32.178+0000] {standard_task_runner.py:72} INFO - Started process 7671 to run task
[2025-05-06T20:18:32.178+0000] {standard_task_runner.py:104} INFO - Running: ['***', 'tasks', 'run', 'google_maps_reviews', 'extract_topics', 'manual__2025-05-06T20:00:25.137792+00:00', '--job-id', '618', '--raw', '--subdir', 'DAGS_FOLDER/***dag.py', '--cfg-path', '/tmp/tmp0im97ip7']
[2025-05-06T20:18:32.180+0000] {standard_task_runner.py:105} INFO - Job 618: Subtask extract_topics
[2025-05-06T20:18:32.218+0000] {task_command.py:467} INFO - Running <TaskInstance: google_maps_reviews.extract_topics manual__2025-05-06T20:00:25.137792+00:00 [running]> on host 8280c28b7f0f
[2025-05-06T20:18:32.287+0000] {taskinstance.py:3134} INFO - Exporting env vars: AIRFLOW_CTX_DAG_OWNER='***' AIRFLOW_CTX_DAG_ID='google_maps_reviews' AIRFLOW_CTX_TASK_ID='extract_topics' AIRFLOW_CTX_EXECUTION_DATE='2025-05-06T20:00:25.137792+00:00' AIRFLOW_CTX_TRY_NUMBER='2' AIRFLOW_CTX_DAG_RUN_ID='manual__2025-05-06T20:00:25.137792+00:00'
[2025-05-06T20:18:32.290+0000] {logging_mixin.py:190} INFO - Task instance is in running state
[2025-05-06T20:18:32.291+0000] {logging_mixin.py:190} INFO -  Previous state of the Task instance: queued
[2025-05-06T20:18:32.292+0000] {logging_mixin.py:190} INFO - Current task name:extract_topics state:running start_date:2025-05-06 20:18:32.139900+00:00
[2025-05-06T20:18:32.293+0000] {logging_mixin.py:190} INFO - Dag name:google_maps_reviews and current dag run status:running
[2025-05-06T20:18:32.294+0000] {taskinstance.py:732} INFO - ::endgroup::
[2025-05-06T20:18:32.302+0000] {base.py:84} INFO - Retrieving connection 'postgres_defaut'
[2025-05-06T20:18:32.375+0000] {dictionary.py:201} INFO - adding document #0 to Dictionary<0 unique tokens: []>
[2025-05-06T20:18:32.387+0000] {dictionary.py:206} INFO - built Dictionary<997 unique tokens: ['nan', '10', 'affairs', 'although', 'bank']...> from 1668 documents (total 9781 corpus positions)
[2025-05-06T20:18:32.388+0000] {utils.py:447} INFO - Dictionary lifecycle event {'msg': "built Dictionary<997 unique tokens: ['nan', '10', 'affairs', 'although', 'bank']...> from 1668 documents (total 9781 corpus positions)", 'datetime': '2025-05-06T20:18:32.388136', 'gensim': '4.3.3', 'python': '3.12.9 (main, Feb  6 2025, 22:37:05) [GCC 12.2.0]', 'platform': 'Linux-5.15.167.4-microsoft-standard-WSL2-x86_64-with-glibc2.36', 'event': 'created'}
[2025-05-06T20:18:32.396+0000] {ldamodel.py:577} INFO - using symmetric alpha at 0.3333333333333333
[2025-05-06T20:18:32.397+0000] {ldamodel.py:577} INFO - using symmetric eta at 0.3333333333333333
[2025-05-06T20:18:32.398+0000] {ldamodel.py:482} INFO - using serial LDA version on this node
[2025-05-06T20:18:32.399+0000] {ldamodel.py:948} INFO - running online (multi-pass) LDA training, 3 topics, 10 passes over the supplied corpus of 1668 documents, updating model once every 1668 documents, evaluating perplexity every 1668 documents, iterating 50x with a convergence threshold of 0.001000
[2025-05-06T20:18:32.862+0000] {ldamodel.py:848} INFO - -7.700 per-word bound, 208.0 perplexity estimate based on a held-out corpus of 1668 documents with 9781 words
[2025-05-06T20:18:32.864+0000] {ldamodel.py:1002} INFO - PROGRESS: pass 0, at document #1668/1668
[2025-05-06T20:18:33.275+0000] {ldamodel.py:1197} INFO - topic #0 (0.333): 0.033*"bank" + 0.030*"nan" + 0.021*"agency" + 0.009*"good" + 0.008*"like" + 0.008*"poor" + 0.008*"director" + 0.007*"bad" + 0.007*"service" + 0.007*"well"
[2025-05-06T20:18:33.281+0000] {ldamodel.py:1197} INFO - topic #1 (0.333): 0.159*"nan" + 0.025*"agency" + 0.012*"service" + 0.009*"bank" + 0.009*"wow" + 0.008*"one" + 0.008*"like" + 0.008*"phone" + 0.007*"customers" + 0.007*"services"
[2025-05-06T20:18:33.285+0000] {ldamodel.py:1197} INFO - topic #2 (0.333): 0.054*"service" + 0.022*"nan" + 0.020*"agency" + 0.018*"good" + 0.013*"bank" + 0.011*"customers" + 0.010*"bad" + 0.010*"poor" + 0.010*"staff" + 0.009*"employees"
[2025-05-06T20:18:33.287+0000] {ldamodel.py:1075} INFO - topic diff=1.507061, rho=1.000000
[2025-05-06T20:18:33.476+0000] {ldamodel.py:848} INFO - -6.293 per-word bound, 78.4 perplexity estimate based on a held-out corpus of 1668 documents with 9781 words
[2025-05-06T20:18:33.477+0000] {ldamodel.py:1002} INFO - PROGRESS: pass 1, at document #1668/1668
[2025-05-06T20:18:33.617+0000] {ldamodel.py:1197} INFO - topic #0 (0.333): 0.036*"bank" + 0.021*"agency" + 0.014*"nan" + 0.009*"like" + 0.009*"director" + 0.008*"poor" + 0.008*"good" + 0.008*"banque" + 0.007*"well" + 0.006*"attijariwafa"
[2025-05-06T20:18:33.619+0000] {ldamodel.py:1197} INFO - topic #1 (0.333): 0.188*"nan" + 0.023*"agency" + 0.010*"service" + 0.010*"one" + 0.009*"phone" + 0.009*"wow" + 0.008*"like" + 0.007*"services" + 0.007*"bank" + 0.006*"’"
[2025-05-06T20:18:33.621+0000] {ldamodel.py:1197} INFO - topic #2 (0.333): 0.058*"service" + 0.022*"agency" + 0.018*"good" + 0.012*"bank" + 0.012*"bad" + 0.012*"customers" + 0.011*"poor" + 0.010*"staff" + 0.010*"nan" + 0.010*"employees"
[2025-05-06T20:18:33.623+0000] {ldamodel.py:1075} INFO - topic diff=0.423213, rho=0.577350
[2025-05-06T20:18:33.800+0000] {ldamodel.py:848} INFO - -6.162 per-word bound, 71.6 perplexity estimate based on a held-out corpus of 1668 documents with 9781 words
[2025-05-06T20:18:33.801+0000] {ldamodel.py:1002} INFO - PROGRESS: pass 2, at document #1668/1668
[2025-05-06T20:18:33.920+0000] {ldamodel.py:1197} INFO - topic #0 (0.333): 0.038*"bank" + 0.021*"agency" + 0.009*"like" + 0.009*"director" + 0.008*"poor" + 0.008*"banque" + 0.007*"nan" + 0.007*"well" + 0.007*"good" + 0.006*"populaire"
[2025-05-06T20:18:33.922+0000] {ldamodel.py:1197} INFO - topic #1 (0.333): 0.203*"nan" + 0.023*"agency" + 0.010*"one" + 0.010*"phone" + 0.009*"wow" + 0.008*"service" + 0.008*"like" + 0.007*"services" + 0.007*"atm" + 0.007*"’"
[2025-05-06T20:18:33.924+0000] {ldamodel.py:1197} INFO - topic #2 (0.333): 0.060*"service" + 0.022*"agency" + 0.019*"good" + 0.012*"bad" + 0.012*"customers" + 0.011*"bank" + 0.011*"poor" + 0.010*"staff" + 0.010*"employees" + 0.010*"time"
[2025-05-06T20:18:33.924+0000] {ldamodel.py:1075} INFO - topic diff=0.266878, rho=0.500000
[2025-05-06T20:18:34.079+0000] {ldamodel.py:848} INFO - -6.117 per-word bound, 69.4 perplexity estimate based on a held-out corpus of 1668 documents with 9781 words
[2025-05-06T20:18:34.080+0000] {ldamodel.py:1002} INFO - PROGRESS: pass 3, at document #1668/1668
[2025-05-06T20:18:34.193+0000] {ldamodel.py:1197} INFO - topic #0 (0.333): 0.039*"bank" + 0.021*"agency" + 0.010*"like" + 0.009*"director" + 0.008*"banque" + 0.008*"poor" + 0.007*"well" + 0.007*"populaire" + 0.007*"attijariwafa" + 0.007*"card"
[2025-05-06T20:18:34.194+0000] {ldamodel.py:1197} INFO - topic #1 (0.333): 0.211*"nan" + 0.022*"agency" + 0.011*"one" + 0.010*"phone" + 0.010*"wow" + 0.007*"like" + 0.007*"services" + 0.007*"service" + 0.007*"atm" + 0.007*"’"
[2025-05-06T20:18:34.196+0000] {ldamodel.py:1197} INFO - topic #2 (0.333): 0.061*"service" + 0.023*"agency" + 0.020*"good" + 0.012*"bad" + 0.012*"customers" + 0.011*"poor" + 0.011*"bank" + 0.010*"employees" + 0.010*"staff" + 0.010*"time"
[2025-05-06T20:18:34.197+0000] {ldamodel.py:1075} INFO - topic diff=0.177641, rho=0.447214
[2025-05-06T20:18:34.393+0000] {ldamodel.py:848} INFO - -6.099 per-word bound, 68.5 perplexity estimate based on a held-out corpus of 1668 documents with 9781 words
[2025-05-06T20:18:34.394+0000] {ldamodel.py:1002} INFO - PROGRESS: pass 4, at document #1668/1668
[2025-05-06T20:18:34.597+0000] {ldamodel.py:1197} INFO - topic #0 (0.333): 0.039*"bank" + 0.021*"agency" + 0.010*"like" + 0.009*"banque" + 0.009*"director" + 0.008*"poor" + 0.007*"well" + 0.007*"populaire" + 0.007*"attijariwafa" + 0.007*"card"
[2025-05-06T20:18:34.598+0000] {ldamodel.py:1197} INFO - topic #1 (0.333): 0.215*"nan" + 0.022*"agency" + 0.011*"one" + 0.010*"phone" + 0.010*"wow" + 0.007*"like" + 0.007*"services" + 0.007*"atm" + 0.007*"’" + 0.006*"never"
[2025-05-06T20:18:34.598+0000] {ldamodel.py:1197} INFO - topic #2 (0.333): 0.062*"service" + 0.023*"agency" + 0.020*"good" + 0.013*"bad" + 0.012*"customers" + 0.011*"poor" + 0.011*"bank" + 0.010*"employees" + 0.010*"staff" + 0.010*"time"
[2025-05-06T20:18:34.599+0000] {ldamodel.py:1075} INFO - topic diff=0.120386, rho=0.408248
[2025-05-06T20:18:34.846+0000] {ldamodel.py:848} INFO - -6.090 per-word bound, 68.1 perplexity estimate based on a held-out corpus of 1668 documents with 9781 words
[2025-05-06T20:18:34.847+0000] {ldamodel.py:1002} INFO - PROGRESS: pass 5, at document #1668/1668
[2025-05-06T20:18:35.030+0000] {ldamodel.py:1197} INFO - topic #0 (0.333): 0.040*"bank" + 0.021*"agency" + 0.010*"like" + 0.009*"banque" + 0.008*"poor" + 0.008*"director" + 0.007*"well" + 0.007*"peoples" + 0.007*"populaire" + 0.007*"money"
[2025-05-06T20:18:35.031+0000] {ldamodel.py:1197} INFO - topic #1 (0.333): 0.218*"nan" + 0.022*"agency" + 0.011*"one" + 0.011*"phone" + 0.010*"wow" + 0.007*"like" + 0.007*"atm" + 0.007*"services" + 0.007*"’" + 0.006*"never"
[2025-05-06T20:18:35.032+0000] {ldamodel.py:1197} INFO - topic #2 (0.333): 0.063*"service" + 0.023*"agency" + 0.021*"good" + 0.013*"bad" + 0.012*"customers" + 0.011*"poor" + 0.011*"bank" + 0.010*"employees" + 0.010*"staff" + 0.010*"time"
[2025-05-06T20:18:35.033+0000] {ldamodel.py:1075} INFO - topic diff=0.083319, rho=0.377964
[2025-05-06T20:18:35.363+0000] {ldamodel.py:848} INFO - -6.085 per-word bound, 67.9 perplexity estimate based on a held-out corpus of 1668 documents with 9781 words
[2025-05-06T20:18:35.366+0000] {ldamodel.py:1002} INFO - PROGRESS: pass 6, at document #1668/1668
[2025-05-06T20:18:35.553+0000] {ldamodel.py:1197} INFO - topic #0 (0.333): 0.040*"bank" + 0.021*"agency" + 0.010*"like" + 0.009*"banque" + 0.008*"poor" + 0.008*"director" + 0.007*"peoples" + 0.007*"well" + 0.007*"money" + 0.007*"populaire"
[2025-05-06T20:18:35.554+0000] {ldamodel.py:1197} INFO - topic #1 (0.333): 0.220*"nan" + 0.021*"agency" + 0.011*"one" + 0.011*"phone" + 0.010*"wow" + 0.007*"like" + 0.007*"atm" + 0.007*"services" + 0.007*"’" + 0.006*"never"
[2025-05-06T20:18:35.555+0000] {ldamodel.py:1197} INFO - topic #2 (0.333): 0.063*"service" + 0.023*"agency" + 0.021*"good" + 0.013*"bad" + 0.012*"customers" + 0.011*"poor" + 0.011*"bank" + 0.010*"employees" + 0.010*"time" + 0.010*"staff"
[2025-05-06T20:18:35.556+0000] {ldamodel.py:1075} INFO - topic diff=0.057403, rho=0.353553
[2025-05-06T20:18:35.796+0000] {ldamodel.py:848} INFO - -6.082 per-word bound, 67.7 perplexity estimate based on a held-out corpus of 1668 documents with 9781 words
[2025-05-06T20:18:35.804+0000] {ldamodel.py:1002} INFO - PROGRESS: pass 7, at document #1668/1668
[2025-05-06T20:18:36.008+0000] {ldamodel.py:1197} INFO - topic #0 (0.333): 0.041*"bank" + 0.021*"agency" + 0.010*"like" + 0.009*"banque" + 0.008*"poor" + 0.007*"peoples" + 0.007*"director" + 0.007*"money" + 0.007*"well" + 0.007*"populaire"
[2025-05-06T20:18:36.010+0000] {ldamodel.py:1197} INFO - topic #1 (0.333): 0.221*"nan" + 0.021*"agency" + 0.011*"one" + 0.011*"phone" + 0.010*"wow" + 0.007*"like" + 0.007*"atm" + 0.007*"services" + 0.007*"’" + 0.006*"never"
[2025-05-06T20:18:36.011+0000] {ldamodel.py:1197} INFO - topic #2 (0.333): 0.063*"service" + 0.023*"agency" + 0.021*"good" + 0.013*"bad" + 0.012*"customers" + 0.011*"poor" + 0.011*"bank" + 0.010*"employees" + 0.010*"time" + 0.010*"staff"
[2025-05-06T20:18:36.012+0000] {ldamodel.py:1075} INFO - topic diff=0.040093, rho=0.333333
[2025-05-06T20:18:36.237+0000] {ldamodel.py:848} INFO - -6.080 per-word bound, 67.7 perplexity estimate based on a held-out corpus of 1668 documents with 9781 words
[2025-05-06T20:18:36.238+0000] {ldamodel.py:1002} INFO - PROGRESS: pass 8, at document #1668/1668
[2025-05-06T20:18:36.457+0000] {ldamodel.py:1197} INFO - topic #0 (0.333): 0.041*"bank" + 0.021*"agency" + 0.010*"like" + 0.009*"banque" + 0.008*"poor" + 0.008*"peoples" + 0.007*"money" + 0.007*"director" + 0.007*"populaire" + 0.007*"well"
[2025-05-06T20:18:36.459+0000] {ldamodel.py:1197} INFO - topic #1 (0.333): 0.222*"nan" + 0.021*"agency" + 0.011*"one" + 0.011*"phone" + 0.010*"wow" + 0.007*"like" + 0.007*"atm" + 0.007*"services" + 0.007*"’" + 0.006*"never"
[2025-05-06T20:18:36.460+0000] {ldamodel.py:1197} INFO - topic #2 (0.333): 0.064*"service" + 0.023*"agency" + 0.021*"good" + 0.013*"bad" + 0.012*"customers" + 0.011*"poor" + 0.011*"time" + 0.010*"bank" + 0.010*"employees" + 0.010*"staff"
[2025-05-06T20:18:36.460+0000] {ldamodel.py:1075} INFO - topic diff=0.028434, rho=0.316228
[2025-05-06T20:18:36.730+0000] {ldamodel.py:848} INFO - -6.079 per-word bound, 67.6 perplexity estimate based on a held-out corpus of 1668 documents with 9781 words
[2025-05-06T20:18:36.732+0000] {ldamodel.py:1002} INFO - PROGRESS: pass 9, at document #1668/1668
[2025-05-06T20:18:36.934+0000] {ldamodel.py:1197} INFO - topic #0 (0.333): 0.041*"bank" + 0.021*"agency" + 0.010*"like" + 0.010*"banque" + 0.008*"poor" + 0.008*"peoples" + 0.008*"money" + 0.007*"populaire" + 0.007*"well" + 0.007*"director"
[2025-05-06T20:18:36.935+0000] {ldamodel.py:1197} INFO - topic #1 (0.333): 0.222*"nan" + 0.021*"agency" + 0.011*"one" + 0.011*"phone" + 0.010*"wow" + 0.007*"like" + 0.007*"atm" + 0.007*"services" + 0.007*"’" + 0.006*"never"
[2025-05-06T20:18:36.936+0000] {ldamodel.py:1197} INFO - topic #2 (0.333): 0.064*"service" + 0.023*"agency" + 0.021*"good" + 0.013*"bad" + 0.012*"customers" + 0.011*"poor" + 0.011*"time" + 0.010*"employees" + 0.010*"bank" + 0.010*"staff"
[2025-05-06T20:18:36.939+0000] {ldamodel.py:1075} INFO - topic diff=0.020519, rho=0.301511
[2025-05-06T20:18:36.941+0000] {utils.py:447} INFO - LdaModel lifecycle event {'msg': 'trained LdaModel<num_terms=997, num_topics=3, decay=0.5, chunksize=2000> in 4.54s', 'datetime': '2025-05-06T20:18:36.941463', 'gensim': '4.3.3', 'python': '3.12.9 (main, Feb  6 2025, 22:37:05) [GCC 12.2.0]', 'platform': 'Linux-5.15.167.4-microsoft-standard-WSL2-x86_64-with-glibc2.36', 'event': 'created'}
[2025-05-06T20:18:37.674+0000] {python.py:240} INFO - Done. Returned value was: None
[2025-05-06T20:18:37.699+0000] {taskinstance.py:341} INFO - ::group::Post task execution logs
[2025-05-06T20:18:37.700+0000] {taskinstance.py:353} INFO - Marking task as SUCCESS. dag_id=google_maps_reviews, task_id=extract_topics, run_id=manual__2025-05-06T20:00:25.137792+00:00, execution_date=20250506T200025, start_date=20250506T201832, end_date=20250506T201837
[2025-05-06T20:18:37.762+0000] {logging_mixin.py:190} INFO - Task instance in success state
[2025-05-06T20:18:37.765+0000] {logging_mixin.py:190} INFO -  Previous state of the Task instance: running
[2025-05-06T20:18:37.769+0000] {logging_mixin.py:190} INFO - Dag name:google_maps_reviews queued_at:2025-05-06 20:15:26.289877+00:00
[2025-05-06T20:18:37.769+0000] {logging_mixin.py:190} INFO - Task hostname:8280c28b7f0f operator:PythonOperator
[2025-05-06T20:18:37.797+0000] {local_task_job_runner.py:266} INFO - Task exited with return code 0
[2025-05-06T20:18:37.833+0000] {taskinstance.py:3901} INFO - 1 downstream tasks scheduled from follow-on schedule check
[2025-05-06T20:18:37.836+0000] {local_task_job_runner.py:245} INFO - ::endgroup::
